
----------------------------------------

 DEVSIM

 Version: Beta 0.01

 Copyright 2009-2013 Devsim LLC

----------------------------------------


Adding 540 nodes
Adding 1541 edges with 0 duplicates removed
Adding 1002 triangles  with 0 duplicate removed
Contact Anode in region Silicon with 7 nodes
Contact Cathode in region Silicon with 16 nodes
Creating Node Solution Potential
Region "Silicon" on device "pn2d" has equations 0:539
Device "pn2d" has equations 0:539
number of equations 540
Iteration: 0
  Device: "pn2d"	RelError: 1.00000e+00	AbsError: 3.07958e-01
    Region: "Silicon"	RelError: 1.00000e+00	AbsError: 3.07958e-01
      Equation: "PotentialEquation"	RelError: 1.00000e+00	AbsError: 3.07958e-01
Iteration: 1
  Device: "pn2d"	RelError: 9.48950e+02	AbsError: 2.38478e-01
    Region: "Silicon"	RelError: 9.48950e+02	AbsError: 2.38478e-01
      Equation: "PotentialEquation"	RelError: 9.48950e+02	AbsError: 2.38478e-01
Iteration: 2
  Device: "pn2d"	RelError: 7.41923e+01	AbsError: 2.37034e-01
    Region: "Silicon"	RelError: 7.41923e+01	AbsError: 2.37034e-01
      Equation: "PotentialEquation"	RelError: 7.41923e+01	AbsError: 2.37034e-01
Iteration: 3
  Device: "pn2d"	RelError: 4.06386e+00	AbsError: 2.35686e-01
    Region: "Silicon"	RelError: 4.06386e+00	AbsError: 2.35686e-01
      Equation: "PotentialEquation"	RelError: 4.06386e+00	AbsError: 2.35686e-01
Iteration: 4
  Device: "pn2d"	RelError: 1.45865e+02	AbsError: 1.57887e-01
    Region: "Silicon"	RelError: 1.45865e+02	AbsError: 1.57887e-01
      Equation: "PotentialEquation"	RelError: 1.45865e+02	AbsError: 1.57887e-01
Iteration: 5
  Device: "pn2d"	RelError: 1.35418e+02	AbsError: 1.57914e-01
    Region: "Silicon"	RelError: 1.35418e+02	AbsError: 1.57914e-01
      Equation: "PotentialEquation"	RelError: 1.35418e+02	AbsError: 1.57914e-01
Iteration: 6
  Device: "pn2d"	RelError: 1.72594e+02	AbsError: 1.47982e-01
    Region: "Silicon"	RelError: 1.72594e+02	AbsError: 1.47982e-01
      Equation: "PotentialEquation"	RelError: 1.72594e+02	AbsError: 1.47982e-01
Iteration: 7
  Device: "pn2d"	RelError: 3.44881e+01	AbsError: 1.46441e-01
    Region: "Silicon"	RelError: 3.44881e+01	AbsError: 1.46441e-01
      Equation: "PotentialEquation"	RelError: 3.44881e+01	AbsError: 1.46441e-01
Iteration: 8
  Device: "pn2d"	RelError: 2.79287e+00	AbsError: 1.25505e-01
    Region: "Silicon"	RelError: 2.79287e+00	AbsError: 1.25505e-01
      Equation: "PotentialEquation"	RelError: 2.79287e+00	AbsError: 1.25505e-01
Iteration: 9
  Device: "pn2d"	RelError: 4.87845e+00	AbsError: 8.47244e-02
    Region: "Silicon"	RelError: 4.87845e+00	AbsError: 8.47244e-02
      Equation: "PotentialEquation"	RelError: 4.87845e+00	AbsError: 8.47244e-02
Iteration: 10
  Device: "pn2d"	RelError: 3.20250e+00	AbsError: 7.28688e-02
    Region: "Silicon"	RelError: 3.20250e+00	AbsError: 7.28688e-02
      Equation: "PotentialEquation"	RelError: 3.20250e+00	AbsError: 7.28688e-02
Iteration: 11
  Device: "pn2d"	RelError: 1.16918e+00	AbsError: 6.51325e-02
    Region: "Silicon"	RelError: 1.16918e+00	AbsError: 6.51325e-02
      Equation: "PotentialEquation"	RelError: 1.16918e+00	AbsError: 6.51325e-02
Iteration: 12
  Device: "pn2d"	RelError: 1.51313e+02	AbsError: 5.46855e-02
    Region: "Silicon"	RelError: 1.51313e+02	AbsError: 5.46855e-02
      Equation: "PotentialEquation"	RelError: 1.51313e+02	AbsError: 5.46855e-02
Iteration: 13
  Device: "pn2d"	RelError: 5.74154e+00	AbsError: 4.60583e-02
    Region: "Silicon"	RelError: 5.74154e+00	AbsError: 4.60583e-02
      Equation: "PotentialEquation"	RelError: 5.74154e+00	AbsError: 4.60583e-02
Iteration: 14
  Device: "pn2d"	RelError: 4.25804e+00	AbsError: 3.67857e-02
    Region: "Silicon"	RelError: 4.25804e+00	AbsError: 3.67857e-02
      Equation: "PotentialEquation"	RelError: 4.25804e+00	AbsError: 3.67857e-02
Iteration: 15
  Device: "pn2d"	RelError: 5.49279e+00	AbsError: 2.58566e-02
    Region: "Silicon"	RelError: 5.49279e+00	AbsError: 2.58566e-02
      Equation: "PotentialEquation"	RelError: 5.49279e+00	AbsError: 2.58566e-02
Iteration: 16
  Device: "pn2d"	RelError: 6.84161e-02	AbsError: 1.84034e-02
    Region: "Silicon"	RelError: 6.84161e-02	AbsError: 1.84034e-02
      Equation: "PotentialEquation"	RelError: 6.84161e-02	AbsError: 1.84034e-02
Iteration: 17
  Device: "pn2d"	RelError: 2.10333e-04	AbsError: 5.65658e-05
    Region: "Silicon"	RelError: 2.10333e-04	AbsError: 5.65658e-05
      Equation: "PotentialEquation"	RelError: 2.10333e-04	AbsError: 5.65658e-05
Iteration: 18
  Device: "pn2d"	RelError: 3.14468e-09	AbsError: 8.45714e-10
    Region: "Silicon"	RelError: 3.14468e-09	AbsError: 8.45714e-10
      Equation: "PotentialEquation"	RelError: 3.14468e-09	AbsError: 8.45714e-10
Iteration: 19
  Device: "pn2d"	RelError: 1.07899e-14	AbsError: 1.26719e-16
    Region: "Silicon"	RelError: 1.07899e-14	AbsError: 1.26719e-16
      Equation: "PotentialEquation"	RelError: 1.07899e-14	AbsError: 1.26719e-16
Warning: Replacing equation with equation of the same name.
Region: Silicon, Equation: PotentialEquation, Variable: Potential
Region "Silicon" on device "pn2d" has equations 0:1619
Device "pn2d" has equations 0:1619
number of equations 1620
Iteration: 0
  Device: "pn2d"	RelError: 1.92185e-02	AbsError: 4.22400e+04
    Region: "Silicon"	RelError: 1.92185e-02	AbsError: 4.22400e+04
      Equation: "ElectronContinuityEquation"	RelError: 6.96628e-03	AbsError: 5.37600e+03
      Equation: "HoleContinuityEquation"	RelError: 1.22522e-02	AbsError: 3.68640e+04
      Equation: "PotentialEquation"	RelError: 2.48454e-14	AbsError: 2.59888e-16
Iteration: 1
  Device: "pn2d"	RelError: 2.96165e-02	AbsError: 5.27979e+02
    Region: "Silicon"	RelError: 2.96165e-02	AbsError: 5.27979e+02
      Equation: "ElectronContinuityEquation"	RelError: 1.42921e-02	AbsError: 6.41538e+01
      Equation: "HoleContinuityEquation"	RelError: 1.53245e-02	AbsError: 4.63826e+02
      Equation: "PotentialEquation"	RelError: 1.49514e-14	AbsError: 9.09682e-17
Anode	0.0	-1.65992609195e-20	-2.33697733033e-14	-2.33697899026e-14
Cathode	0.0	-2.22671280384e-14	-7.31366252218e-21	-2.22671353521e-14
Region "Silicon" on device "pn2d" has equations 0:1619
Device "pn2d" has equations 0:1619
number of equations 1620
Iteration: 0
  Device: "pn2d"	RelError: 2.92127e+00	AbsError: 1.28646e+16
    Region: "Silicon"	RelError: 2.92127e+00	AbsError: 1.28646e+16
      Equation: "ElectronContinuityEquation"	RelError: 4.90407e-01	AbsError: 5.71143e+15
      Equation: "HoleContinuityEquation"	RelError: 4.89840e-01	AbsError: 7.15322e+15
      Equation: "PotentialEquation"	RelError: 1.94102e+00	AbsError: 2.50000e-02
Iteration: 1
  Device: "pn2d"	RelError: 5.03567e-01	AbsError: 1.54729e+14
    Region: "Silicon"	RelError: 5.03567e-01	AbsError: 1.54729e+14
      Equation: "ElectronContinuityEquation"	RelError: 2.51292e-01	AbsError: 8.03012e+13
      Equation: "HoleContinuityEquation"	RelError: 2.52030e-01	AbsError: 7.44279e+13
      Equation: "PotentialEquation"	RelError: 2.45869e-04	AbsError: 9.32651e-05
Iteration: 2
  Device: "pn2d"	RelError: 1.05211e-02	AbsError: 2.52504e+10
    Region: "Silicon"	RelError: 1.05211e-02	AbsError: 2.52504e+10
      Equation: "ElectronContinuityEquation"	RelError: 7.28781e-03	AbsError: 4.12434e+09
      Equation: "HoleContinuityEquation"	RelError: 3.23318e-03	AbsError: 2.11260e+10
      Equation: "PotentialEquation"	RelError: 9.29625e-08	AbsError: 2.16501e-08
Iteration: 3
  Device: "pn2d"	RelError: 1.60477e-04	AbsError: 2.85763e+06
    Region: "Silicon"	RelError: 1.60477e-04	AbsError: 2.85763e+06
      Equation: "ElectronContinuityEquation"	RelError: 1.34853e-04	AbsError: 7.54033e+05
      Equation: "HoleContinuityEquation"	RelError: 2.56232e-05	AbsError: 2.10359e+06
      Equation: "PotentialEquation"	RelError: 1.56173e-10	AbsError: 2.92721e-12
Iteration: 4
  Device: "pn2d"	RelError: 2.85153e-06	AbsError: 5.72937e+02
    Region: "Silicon"	RelError: 2.85153e-06	AbsError: 5.72937e+02
      Equation: "ElectronContinuityEquation"	RelError: 1.12323e-06	AbsError: 6.36912e+01
      Equation: "HoleContinuityEquation"	RelError: 1.72831e-06	AbsError: 5.09245e+02
      Equation: "PotentialEquation"	RelError: 2.84306e-14	AbsError: 1.83823e-16
Anode	0.025	1.50117930562e-16	-2.81247258344e-15	-2.66235465287e-15
Cathode	0.0	-2.22671280384e-14	-1.41897679952e-16	-2.24090257184e-14
Region "Silicon" on device "pn2d" has equations 0:1619
Device "pn2d" has equations 0:1619
number of equations 1620
Iteration: 0
  Device: "pn2d"	RelError: 2.90681e+00	AbsError: 1.30712e+16
    Region: "Silicon"	RelError: 2.90681e+00	AbsError: 1.30712e+16
      Equation: "ElectronContinuityEquation"	RelError: 4.90820e-01	AbsError: 5.86843e+15
      Equation: "HoleContinuityEquation"	RelError: 4.90230e-01	AbsError: 7.20278e+15
      Equation: "PotentialEquation"	RelError: 1.92576e+00	AbsError: 2.50000e-02
Iteration: 1
  Device: "pn2d"	RelError: 5.03975e-01	AbsError: 1.54263e+14
    Region: "Silicon"	RelError: 5.03975e-01	AbsError: 1.54263e+14
      Equation: "ElectronContinuityEquation"	RelError: 2.51570e-01	AbsError: 6.96302e+13
      Equation: "HoleContinuityEquation"	RelError: 2.51747e-01	AbsError: 8.46331e+13
      Equation: "PotentialEquation"	RelError: 6.58196e-04	AbsError: 9.11175e-05
Iteration: 2
  Device: "pn2d"	RelError: 4.03965e-03	AbsError: 4.76349e+10
    Region: "Silicon"	RelError: 4.03965e-03	AbsError: 4.76349e+10
      Equation: "ElectronContinuityEquation"	RelError: 9.33228e-04	AbsError: 7.34500e+09
      Equation: "HoleContinuityEquation"	RelError: 3.10626e-03	AbsError: 4.02899e+10
      Equation: "PotentialEquation"	RelError: 1.61932e-07	AbsError: 4.24913e-08
Iteration: 3
  Device: "pn2d"	RelError: 2.39091e-03	AbsError: 7.44378e+06
    Region: "Silicon"	RelError: 2.39091e-03	AbsError: 7.44378e+06
      Equation: "ElectronContinuityEquation"	RelError: 2.33181e-03	AbsError: 4.50124e+06
      Equation: "HoleContinuityEquation"	RelError: 5.90922e-05	AbsError: 2.94253e+06
      Equation: "PotentialEquation"	RelError: 1.96355e-10	AbsError: 1.54381e-12
Iteration: 4
  Device: "pn2d"	RelError: 6.82322e-05	AbsError: 5.56043e+02
    Region: "Silicon"	RelError: 6.82322e-05	AbsError: 5.56043e+02
      Equation: "ElectronContinuityEquation"	RelError: 9.24307e-06	AbsError: 6.39169e+01
      Equation: "HoleContinuityEquation"	RelError: 5.89891e-05	AbsError: 4.92126e+02
      Equation: "PotentialEquation"	RelError: 1.92648e-14	AbsError: 1.23498e-16
Anode	0.05	5.44329418848e-16	6.82382431582e-14	6.87825725771e-14
Cathode	0.0	-7.55578332204e-14	-5.14513518938e-16	-7.60723467393e-14
Region "Silicon" on device "pn2d" has equations 0:1619
Device "pn2d" has equations 0:1619
number of equations 1620
Iteration: 0
  Device: "pn2d"	RelError: 3.06520e+00	AbsError: 1.32455e+16
    Region: "Silicon"	RelError: 3.06520e+00	AbsError: 1.32455e+16
      Equation: "ElectronContinuityEquation"	RelError: 4.91080e-01	AbsError: 6.00424e+15
      Equation: "HoleContinuityEquation"	RelError: 4.90851e-01	AbsError: 7.24130e+15
      Equation: "PotentialEquation"	RelError: 2.08327e+00	AbsError: 2.50000e-02
Iteration: 1
  Device: "pn2d"	RelError: 5.04081e-01	AbsError: 1.72120e+14
    Region: "Silicon"	RelError: 5.04081e-01	AbsError: 1.72120e+14
      Equation: "ElectronContinuityEquation"	RelError: 2.51769e-01	AbsError: 5.93495e+13
      Equation: "HoleContinuityEquation"	RelError: 2.51434e-01	AbsError: 1.12771e+14
      Equation: "PotentialEquation"	RelError: 8.78068e-04	AbsError: 1.22188e-04
Iteration: 2
  Device: "pn2d"	RelError: 9.78388e-04	AbsError: 8.40345e+10
    Region: "Silicon"	RelError: 9.78388e-04	AbsError: 8.40345e+10
      Equation: "ElectronContinuityEquation"	RelError: 5.29908e-04	AbsError: 1.33516e+10
      Equation: "HoleContinuityEquation"	RelError: 4.48163e-04	AbsError: 7.06829e+10
      Equation: "PotentialEquation"	RelError: 3.17159e-07	AbsError: 7.81749e-08
Iteration: 3
  Device: "pn2d"	RelError: 9.77312e-04	AbsError: 9.68908e+06
    Region: "Silicon"	RelError: 9.77312e-04	AbsError: 9.68908e+06
      Equation: "ElectronContinuityEquation"	RelError: 9.43803e-04	AbsError: 3.81544e+05
      Equation: "HoleContinuityEquation"	RelError: 3.35090e-05	AbsError: 9.30753e+06
      Equation: "PotentialEquation"	RelError: 2.87716e-10	AbsError: 1.70115e-12
Iteration: 4
  Device: "pn2d"	RelError: 1.21986e-03	AbsError: 5.82297e+02
    Region: "Silicon"	RelError: 1.21986e-03	AbsError: 5.82297e+02
      Equation: "ElectronContinuityEquation"	RelError: 1.38740e-07	AbsError: 7.51043e+01
      Equation: "HoleContinuityEquation"	RelError: 1.21972e-03	AbsError: 5.07193e+02
      Equation: "PotentialEquation"	RelError: 1.03970e-14	AbsError: 1.74434e-16
Anode	0.075	1.57982343607e-15	1.25455065341e-13	1.27034888777e-13
Cathode	0.0	-1.41654731666e-13	-1.49319536617e-15	-1.43147927032e-13
Region "Silicon" on device "pn2d" has equations 0:1619
Device "pn2d" has equations 0:1619
number of equations 1620
Iteration: 0
  Device: "pn2d"	RelError: 1.65794e+00	AbsError: 1.33867e+16
    Region: "Silicon"	RelError: 1.65794e+00	AbsError: 1.33867e+16
      Equation: "ElectronContinuityEquation"	RelError: 4.91180e-01	AbsError: 6.11956e+15
      Equation: "HoleContinuityEquation"	RelError: 4.91092e-01	AbsError: 7.26712e+15
      Equation: "PotentialEquation"	RelError: 6.75669e-01	AbsError: 2.50000e-02
Iteration: 1
  Device: "pn2d"	RelError: 5.04220e-01	AbsError: 2.12286e+14
    Region: "Silicon"	RelError: 5.04220e-01	AbsError: 2.12286e+14
      Equation: "ElectronContinuityEquation"	RelError: 2.51884e-01	AbsError: 6.70081e+13
      Equation: "HoleContinuityEquation"	RelError: 2.51649e-01	AbsError: 1.45277e+14
      Equation: "PotentialEquation"	RelError: 6.86038e-04	AbsError: 1.57978e-04
Iteration: 2
  Device: "pn2d"	RelError: 1.15435e-03	AbsError: 1.37530e+11
    Region: "Silicon"	RelError: 1.15435e-03	AbsError: 1.37530e+11
      Equation: "ElectronContinuityEquation"	RelError: 6.31516e-04	AbsError: 2.45059e+10
      Equation: "HoleContinuityEquation"	RelError: 5.22294e-04	AbsError: 1.13024e+11
      Equation: "PotentialEquation"	RelError: 5.36005e-07	AbsError: 1.23429e-07
Iteration: 3
  Device: "pn2d"	RelError: 2.32813e-05	AbsError: 3.00415e+06
    Region: "Silicon"	RelError: 2.32813e-05	AbsError: 3.00415e+06
      Equation: "ElectronContinuityEquation"	RelError: 1.74454e-05	AbsError: 2.93376e+05
      Equation: "HoleContinuityEquation"	RelError: 5.83574e-06	AbsError: 2.71078e+06
      Equation: "PotentialEquation"	RelError: 1.31064e-10	AbsError: 2.38846e-12
Iteration: 4
  Device: "pn2d"	RelError: 5.24183e-04	AbsError: 5.83655e+02
    Region: "Silicon"	RelError: 5.24183e-04	AbsError: 5.83655e+02
      Equation: "ElectronContinuityEquation"	RelError: 4.47301e-06	AbsError: 7.43492e+01
      Equation: "HoleContinuityEquation"	RelError: 5.19710e-04	AbsError: 5.09305e+02
      Equation: "PotentialEquation"	RelError: 5.43614e-15	AbsError: 1.80963e-16
Anode	0.1	4.29941655608e-15	2.4824308686e-13	2.52542503416e-13
Cathode	0.0	-2.38771747733e-13	-4.06344100431e-15	-2.42835188737e-13
Region "Silicon" on device "pn2d" has equations 0:1619
Device "pn2d" has equations 0:1619
number of equations 1620
Iteration: 0
  Device: "pn2d"	RelError: 1.86130e+00	AbsError: 1.34926e+16
    Region: "Silicon"	RelError: 1.86130e+00	AbsError: 1.34926e+16
      Equation: "ElectronContinuityEquation"	RelError: 4.91219e-01	AbsError: 6.21451e+15
      Equation: "HoleContinuityEquation"	RelError: 4.91196e-01	AbsError: 7.27812e+15
      Equation: "PotentialEquation"	RelError: 8.78883e-01	AbsError: 2.50000e-02
Iteration: 1
  Device: "pn2d"	RelError: 5.04570e-01	AbsError: 2.69852e+14
    Region: "Silicon"	RelError: 5.04570e-01	AbsError: 2.69852e+14
      Equation: "ElectronContinuityEquation"	RelError: 2.51969e-01	AbsError: 9.02396e+13
      Equation: "HoleContinuityEquation"	RelError: 2.51685e-01	AbsError: 1.79613e+14
      Equation: "PotentialEquation"	RelError: 9.15394e-04	AbsError: 1.95620e-04
Iteration: 2
  Device: "pn2d"	RelError: 1.18741e-03	AbsError: 2.08573e+11
    Region: "Silicon"	RelError: 1.18741e-03	AbsError: 2.08573e+11
      Equation: "ElectronContinuityEquation"	RelError: 7.47648e-04	AbsError: 4.79364e+10
      Equation: "HoleContinuityEquation"	RelError: 4.38934e-04	AbsError: 1.60637e+11
      Equation: "PotentialEquation"	RelError: 8.24919e-07	AbsError: 1.76286e-07
Iteration: 3
  Device: "pn2d"	RelError: 5.29526e-04	AbsError: 1.92405e+06
    Region: "Silicon"	RelError: 5.29526e-04	AbsError: 1.92405e+06
      Equation: "ElectronContinuityEquation"	RelError: 3.10337e-04	AbsError: 5.35877e+05
      Equation: "HoleContinuityEquation"	RelError: 2.19189e-04	AbsError: 1.38817e+06
      Equation: "PotentialEquation"	RelError: 5.08008e-11	AbsError: 9.73068e-13
Iteration: 4
  Device: "pn2d"	RelError: 5.29639e-04	AbsError: 5.69496e+02
    Region: "Silicon"	RelError: 5.29639e-04	AbsError: 5.69496e+02
      Equation: "ElectronContinuityEquation"	RelError: 3.10462e-04	AbsError: 8.41785e+01
      Equation: "HoleContinuityEquation"	RelError: 2.19177e-04	AbsError: 4.85317e+02
      Equation: "PotentialEquation"	RelError: 2.46297e-15	AbsError: 1.22173e-16
Anode	0.125	1.14424566353e-14	4.37095656582e-13	4.48538113217e-13
Cathode	0.0	-4.20598655358e-13	-1.08141362845e-14	-4.31412791642e-13
Region "Silicon" on device "pn2d" has equations 0:1619
Device "pn2d" has equations 0:1619
number of equations 1620
Iteration: 0
  Device: "pn2d"	RelError: 8.18112e+00	AbsError: 1.35607e+16
    Region: "Silicon"	RelError: 8.18112e+00	AbsError: 1.35607e+16
      Equation: "ElectronContinuityEquation"	RelError: 4.91246e-01	AbsError: 6.28879e+15
      Equation: "HoleContinuityEquation"	RelError: 4.91222e-01	AbsError: 7.27187e+15
      Equation: "PotentialEquation"	RelError: 7.19866e+00	AbsError: 2.50000e-02
Iteration: 1
  Device: "pn2d"	RelError: 5.06676e-01	AbsError: 3.29837e+14
    Region: "Silicon"	RelError: 5.06676e-01	AbsError: 3.29837e+14
      Equation: "ElectronContinuityEquation"	RelError: 2.52041e-01	AbsError: 1.18025e+14
      Equation: "HoleContinuityEquation"	RelError: 2.51709e-01	AbsError: 2.11812e+14
      Equation: "PotentialEquation"	RelError: 2.92492e-03	AbsError: 2.30655e-04
Iteration: 2
  Device: "pn2d"	RelError: 1.39431e-03	AbsError: 2.83930e+11
    Region: "Silicon"	RelError: 1.39431e-03	AbsError: 2.83930e+11
      Equation: "ElectronContinuityEquation"	RelError: 8.59578e-04	AbsError: 8.39526e+10
      Equation: "HoleContinuityEquation"	RelError: 5.17539e-04	AbsError: 1.99978e+11
      Equation: "PotentialEquation"	RelError: 1.71892e-05	AbsError: 2.20240e-07
Iteration: 3
  Device: "pn2d"	RelError: 4.54932e-06	AbsError: 3.49329e+07
    Region: "Silicon"	RelError: 4.54932e-06	AbsError: 3.49329e+07
      Equation: "ElectronContinuityEquation"	RelError: 1.09952e-06	AbsError: 1.48757e+07
      Equation: "HoleContinuityEquation"	RelError: 3.44972e-06	AbsError: 2.00572e+07
      Equation: "PotentialEquation"	RelError: 7.91486e-11	AbsError: 9.05028e-13
Iteration: 4
  Device: "pn2d"	RelError: 8.11052e-06	AbsError: 6.10178e+02
    Region: "Silicon"	RelError: 8.11052e-06	AbsError: 6.10178e+02
      Equation: "ElectronContinuityEquation"	RelError: 2.46151e-06	AbsError: 9.88500e+01
      Equation: "HoleContinuityEquation"	RelError: 5.64901e-06	AbsError: 5.11328e+02
      Equation: "PotentialEquation"	RelError: 2.96260e-14	AbsError: 1.37769e-16
Anode	0.15	3.02036806266e-14	7.30275971852e-13	7.60479652479e-13
Cathode	0.0	-7.18820302361e-13	-2.85436803309e-14	-7.47363982692e-13
Region "Silicon" on device "pn2d" has equations 0:1619
Device "pn2d" has equations 0:1619
number of equations 1620
Iteration: 0
  Device: "pn2d"	RelError: 2.14453e+00	AbsError: 1.35882e+16
    Region: "Silicon"	RelError: 2.14453e+00	AbsError: 1.35882e+16
      Equation: "ElectronContinuityEquation"	RelError: 4.91256e-01	AbsError: 6.34198e+15
      Equation: "HoleContinuityEquation"	RelError: 4.91245e-01	AbsError: 7.24621e+15
      Equation: "PotentialEquation"	RelError: 1.16203e+00	AbsError: 2.50000e-02
Iteration: 1
  Device: "pn2d"	RelError: 5.05309e-01	AbsError: 3.86288e+14
    Region: "Silicon"	RelError: 5.05309e-01	AbsError: 3.86288e+14
      Equation: "ElectronContinuityEquation"	RelError: 2.52108e-01	AbsError: 1.48851e+14
      Equation: "HoleContinuityEquation"	RelError: 2.51760e-01	AbsError: 2.37437e+14
      Equation: "PotentialEquation"	RelError: 1.44040e-03	AbsError: 2.58085e-04
Iteration: 2
  Device: "pn2d"	RelError: 1.56184e-03	AbsError: 3.45144e+11
    Region: "Silicon"	RelError: 1.56184e-03	AbsError: 3.45144e+11
      Equation: "ElectronContinuityEquation"	RelError: 9.53066e-04	AbsError: 1.29466e+11
      Equation: "HoleContinuityEquation"	RelError: 6.07311e-04	AbsError: 2.15678e+11
      Equation: "PotentialEquation"	RelError: 1.46755e-06	AbsError: 2.37990e-07
Iteration: 3
  Device: "pn2d"	RelError: 9.04749e-05	AbsError: 1.21500e+07
    Region: "Silicon"	RelError: 9.04749e-05	AbsError: 1.21500e+07
      Equation: "ElectronContinuityEquation"	RelError: 5.15357e-05	AbsError: 4.04448e+06
      Equation: "HoleContinuityEquation"	RelError: 3.89391e-05	AbsError: 8.10553e+06
      Equation: "PotentialEquation"	RelError: 6.62011e-11	AbsError: 1.12286e-12
Iteration: 4
  Device: "pn2d"	RelError: 9.03215e-05	AbsError: 5.25756e+02
    Region: "Silicon"	RelError: 9.03215e-05	AbsError: 5.25756e+02
      Equation: "ElectronContinuityEquation"	RelError: 5.11421e-05	AbsError: 6.39291e+01
      Equation: "HoleContinuityEquation"	RelError: 3.91794e-05	AbsError: 4.61827e+02
      Equation: "PotentialEquation"	RelError: 2.27984e-14	AbsError: 2.43335e-16
Anode	0.175	7.94800584765e-14	1.22540299874e-12	1.30488305722e-12
Cathode	0.0	-1.23124811472e-12	-7.51079666558e-14	-1.30635608138e-12
Region "Silicon" on device "pn2d" has equations 0:1619
Device "pn2d" has equations 0:1619
number of equations 1620
Iteration: 0
  Device: "pn2d"	RelError: 1.51988e+00	AbsError: 1.35741e+16
    Region: "Silicon"	RelError: 1.51988e+00	AbsError: 1.35741e+16
      Equation: "ElectronContinuityEquation"	RelError: 4.91262e-01	AbsError: 6.37407e+15
      Equation: "HoleContinuityEquation"	RelError: 4.91256e-01	AbsError: 7.20004e+15
      Equation: "PotentialEquation"	RelError: 5.37364e-01	AbsError: 2.50000e-02
Iteration: 1
  Device: "pn2d"	RelError: 5.05651e-01	AbsError: 4.32902e+14
    Region: "Silicon"	RelError: 5.05651e-01	AbsError: 4.32902e+14
      Equation: "ElectronContinuityEquation"	RelError: 2.52162e-01	AbsError: 1.79808e+14
      Equation: "HoleContinuityEquation"	RelError: 2.51789e-01	AbsError: 2.53094e+14
      Equation: "PotentialEquation"	RelError: 1.70079e-03	AbsError: 2.74041e-04
Iteration: 2
  Device: "pn2d"	RelError: 1.71250e-03	AbsError: 3.82107e+11
    Region: "Silicon"	RelError: 1.71250e-03	AbsError: 3.82107e+11
      Equation: "ElectronContinuityEquation"	RelError: 1.00950e-03	AbsError: 1.81294e+11
      Equation: "HoleContinuityEquation"	RelError: 7.01540e-04	AbsError: 2.00814e+11
      Equation: "PotentialEquation"	RelError: 1.45603e-06	AbsError: 2.21649e-07
Iteration: 3
  Device: "pn2d"	RelError: 2.10507e-05	AbsError: 2.65528e+06
    Region: "Silicon"	RelError: 2.10507e-05	AbsError: 2.65528e+06
      Equation: "ElectronContinuityEquation"	RelError: 2.01303e-05	AbsError: 1.02566e+06
      Equation: "HoleContinuityEquation"	RelError: 9.20216e-07	AbsError: 1.62962e+06
      Equation: "PotentialEquation"	RelError: 1.48712e-10	AbsError: 3.42988e-12
Iteration: 4
  Device: "pn2d"	RelError: 2.13579e-05	AbsError: 5.70073e+02
    Region: "Silicon"	RelError: 2.13579e-05	AbsError: 5.70073e+02
      Equation: "ElectronContinuityEquation"	RelError: 2.06081e-05	AbsError: 6.38052e+01
      Equation: "HoleContinuityEquation"	RelError: 7.49854e-07	AbsError: 5.06268e+02
      Equation: "PotentialEquation"	RelError: 9.77020e-15	AbsError: 2.25339e-16
Anode	0.2	2.08903802615e-13	2.08709231947e-12	2.29599612208e-12
Cathode	0.0	-2.09905132536e-12	-1.97401862985e-13	-2.29645318835e-12
Region "Silicon" on device "pn2d" has equations 0:1619
Device "pn2d" has equations 0:1619
number of equations 1620
Iteration: 0
  Device: "pn2d"	RelError: 1.33187e+00	AbsError: 1.35201e+16
    Region: "Silicon"	RelError: 1.33187e+00	AbsError: 1.35201e+16
      Equation: "ElectronContinuityEquation"	RelError: 4.91266e-01	AbsError: 6.38595e+15
      Equation: "HoleContinuityEquation"	RelError: 4.91260e-01	AbsError: 7.13411e+15
      Equation: "PotentialEquation"	RelError: 3.49348e-01	AbsError: 2.50000e-02
Iteration: 1
  Device: "pn2d"	RelError: 5.06068e-01	AbsError: 4.64626e+14
    Region: "Silicon"	RelError: 5.06068e-01	AbsError: 4.64626e+14
      Equation: "ElectronContinuityEquation"	RelError: 2.52195e-01	AbsError: 2.06963e+14
      Equation: "HoleContinuityEquation"	RelError: 2.51819e-01	AbsError: 2.57663e+14
      Equation: "PotentialEquation"	RelError: 2.05403e-03	AbsError: 2.77123e-04
Iteration: 2
  Device: "pn2d"	RelError: 1.81376e-03	AbsError: 4.24333e+11
    Region: "Silicon"	RelError: 1.81376e-03	AbsError: 4.24333e+11
      Equation: "ElectronContinuityEquation"	RelError: 1.01849e-03	AbsError: 2.13005e+11
      Equation: "HoleContinuityEquation"	RelError: 7.93296e-04	AbsError: 2.11328e+11
      Equation: "PotentialEquation"	RelError: 1.97170e-06	AbsError: 2.61220e-07
Iteration: 3
  Device: "pn2d"	RelError: 8.06259e-06	AbsError: 5.96719e+06
    Region: "Silicon"	RelError: 8.06259e-06	AbsError: 5.96719e+06
      Equation: "ElectronContinuityEquation"	RelError: 7.64094e-06	AbsError: 1.82511e+06
      Equation: "HoleContinuityEquation"	RelError: 4.21612e-07	AbsError: 4.14208e+06
      Equation: "PotentialEquation"	RelError: 3.55816e-11	AbsError: 1.54748e-12
Iteration: 4
  Device: "pn2d"	RelError: 1.24576e-06	AbsError: 5.38905e+02
    Region: "Silicon"	RelError: 1.24576e-06	AbsError: 5.38905e+02
      Equation: "ElectronContinuityEquation"	RelError: 3.80879e-07	AbsError: 8.84163e+01
      Equation: "HoleContinuityEquation"	RelError: 8.64882e-07	AbsError: 4.50488e+02
      Equation: "PotentialEquation"	RelError: 2.51866e-15	AbsError: 2.07862e-16
Anode	0.225	5.48833678803e-13	3.61789031176e-12	4.16672399057e-12
Cathode	0.0	-3.62594750116e-12	-5.18585933156e-13	-4.14453343432e-12
Region "Silicon" on device "pn2d" has equations 0:1619
Device "pn2d" has equations 0:1619
number of equations 1620
Iteration: 0
  Device: "pn2d"	RelError: 1.24124e+00	AbsError: 1.34314e+16
    Region: "Silicon"	RelError: 1.24124e+00	AbsError: 1.34314e+16
      Equation: "ElectronContinuityEquation"	RelError: 4.91267e-01	AbsError: 6.37988e+15
      Equation: "HoleContinuityEquation"	RelError: 4.91262e-01	AbsError: 7.05154e+15
      Equation: "PotentialEquation"	RelError: 2.58712e-01	AbsError: 2.50000e-02
Iteration: 1
  Device: "pn2d"	RelError: 5.06636e-01	AbsError: 4.82613e+14
    Region: "Silicon"	RelError: 5.06636e-01	AbsError: 4.82613e+14
      Equation: "ElectronContinuityEquation"	RelError: 2.52202e-01	AbsError: 2.26521e+14
      Equation: "HoleContinuityEquation"	RelError: 2.51846e-01	AbsError: 2.56092e+14
      Equation: "PotentialEquation"	RelError: 2.58794e-03	AbsError: 2.81190e-04
Iteration: 2
  Device: "pn2d"	RelError: 1.99513e-03	AbsError: 5.53934e+11
    Region: "Silicon"	RelError: 1.99513e-03	AbsError: 5.53934e+11
      Equation: "ElectronContinuityEquation"	RelError: 1.12814e-03	AbsError: 3.29760e+11
      Equation: "HoleContinuityEquation"	RelError: 8.62093e-04	AbsError: 2.24175e+11
      Equation: "PotentialEquation"	RelError: 4.89117e-06	AbsError: 2.41205e-07
Iteration: 3
  Device: "pn2d"	RelError: 3.92548e-06	AbsError: 1.31486e+08
    Region: "Silicon"	RelError: 3.92548e-06	AbsError: 1.31486e+08
      Equation: "ElectronContinuityEquation"	RelError: 2.34528e-06	AbsError: 1.03866e+07
      Equation: "HoleContinuityEquation"	RelError: 1.57948e-06	AbsError: 1.21099e+08
      Equation: "PotentialEquation"	RelError: 7.10715e-10	AbsError: 7.38841e-11
Iteration: 4
  Device: "pn2d"	RelError: 2.89431e-06	AbsError: 6.11582e+02
    Region: "Silicon"	RelError: 2.89431e-06	AbsError: 6.11582e+02
      Equation: "ElectronContinuityEquation"	RelError: 1.63988e-08	AbsError: 9.99832e+01
      Equation: "HoleContinuityEquation"	RelError: 2.87791e-06	AbsError: 5.11599e+02
      Equation: "PotentialEquation"	RelError: 1.47273e-14	AbsError: 1.34929e-15
Anode	0.25	1.44165206846e-12	6.39772804119e-12	7.83938010966e-12
Cathode	0.0	-6.47388044444e-12	-1.36211674624e-12	-7.83599719068e-12
Region "Silicon" on device "pn2d" has equations 0:1619
Device "pn2d" has equations 0:1619
number of equations 1620
Iteration: 0
  Device: "pn2d"	RelError: 1.18791e+00	AbsError: 1.33169e+16
    Region: "Silicon"	RelError: 1.18791e+00	AbsError: 1.33169e+16
      Equation: "ElectronContinuityEquation"	RelError: 4.91268e-01	AbsError: 6.35942e+15
      Equation: "HoleContinuityEquation"	RelError: 4.91262e-01	AbsError: 6.95747e+15
      Equation: "PotentialEquation"	RelError: 2.05376e-01	AbsError: 2.50000e-02
Iteration: 1
  Device: "pn2d"	RelError: 5.07250e-01	AbsError: 5.16999e+14
    Region: "Silicon"	RelError: 5.07250e-01	AbsError: 5.16999e+14
      Equation: "ElectronContinuityEquation"	RelError: 2.52180e-01	AbsError: 2.35940e+14
      Equation: "HoleContinuityEquation"	RelError: 2.51868e-01	AbsError: 2.81059e+14
      Equation: "PotentialEquation"	RelError: 3.20180e-03	AbsError: 2.89295e-04
Iteration: 2
  Device: "pn2d"	RelError: 2.08904e-03	AbsError: 4.60589e+11
    Region: "Silicon"	RelError: 2.08904e-03	AbsError: 4.60589e+11
      Equation: "ElectronContinuityEquation"	RelError: 1.18520e-03	AbsError: 2.29741e+11
      Equation: "HoleContinuityEquation"	RelError: 9.01257e-04	AbsError: 2.30849e+11
      Equation: "PotentialEquation"	RelError: 2.58453e-06	AbsError: 2.22426e-07
Iteration: 3
  Device: "pn2d"	RelError: 3.08254e-07	AbsError: 7.02505e+07
    Region: "Silicon"	RelError: 3.08254e-07	AbsError: 7.02505e+07
      Equation: "ElectronContinuityEquation"	RelError: 8.88035e-08	AbsError: 1.40255e+07
      Equation: "HoleContinuityEquation"	RelError: 2.19361e-07	AbsError: 5.62249e+07
      Equation: "PotentialEquation"	RelError: 8.93395e-11	AbsError: 1.26071e-11
Iteration: 4
  Device: "pn2d"	RelError: 5.73633e-08	AbsError: 8.53006e+02
    Region: "Silicon"	RelError: 5.73633e-08	AbsError: 8.53006e+02
      Equation: "ElectronContinuityEquation"	RelError: 3.03918e-09	AbsError: 3.42343e+02
      Equation: "HoleContinuityEquation"	RelError: 5.43241e-08	AbsError: 5.10663e+02
      Equation: "PotentialEquation"	RelError: 1.27245e-14	AbsError: 1.31999e-15
Anode	0.275	3.78661548565e-12	1.17664922363e-11	1.5553107722e-11
Cathode	0.0	-1.1972662731e-11	-3.57748105735e-12	-1.55501437883e-11
Region "Silicon" on device "pn2d" has equations 0:1619
Device "pn2d" has equations 0:1619
number of equations 1620
Iteration: 0
  Device: "pn2d"	RelError: 1.24811e+00	AbsError: 1.31870e+16
    Region: "Silicon"	RelError: 1.24811e+00	AbsError: 1.31870e+16
      Equation: "ElectronContinuityEquation"	RelError: 4.91268e-01	AbsError: 6.32894e+15
      Equation: "HoleContinuityEquation"	RelError: 4.91262e-01	AbsError: 6.85804e+15
      Equation: "PotentialEquation"	RelError: 2.65584e-01	AbsError: 2.50000e-02
Iteration: 1
  Device: "pn2d"	RelError: 5.08004e-01	AbsError: 5.33362e+14
    Region: "Silicon"	RelError: 5.08004e-01	AbsError: 5.33362e+14
      Equation: "ElectronContinuityEquation"	RelError: 2.52147e-01	AbsError: 2.34957e+14
      Equation: "HoleContinuityEquation"	RelError: 2.51880e-01	AbsError: 2.98405e+14
      Equation: "PotentialEquation"	RelError: 3.97698e-03	AbsError: 2.84276e-04
Iteration: 2
  Device: "pn2d"	RelError: 2.09539e-03	AbsError: 4.27944e+11
    Region: "Silicon"	RelError: 2.09539e-03	AbsError: 4.27944e+11
      Equation: "ElectronContinuityEquation"	RelError: 1.18623e-03	AbsError: 2.07013e+11
      Equation: "HoleContinuityEquation"	RelError: 9.06450e-04	AbsError: 2.20931e+11
      Equation: "PotentialEquation"	RelError: 2.70892e-06	AbsError: 1.88817e-07
Iteration: 3
  Device: "pn2d"	RelError: 6.75530e-07	AbsError: 6.08153e+07
    Region: "Silicon"	RelError: 6.75530e-07	AbsError: 6.08153e+07
      Equation: "ElectronContinuityEquation"	RelError: 2.34046e-07	AbsError: 4.45939e+07
      Equation: "HoleContinuityEquation"	RelError: 4.40423e-07	AbsError: 1.62213e+07
      Equation: "PotentialEquation"	RelError: 1.06140e-09	AbsError: 1.22929e-10
Iteration: 4
  Device: "pn2d"	RelError: 5.81223e-07	AbsError: 1.39999e+03
    Region: "Silicon"	RelError: 5.81223e-07	AbsError: 1.39999e+03
      Equation: "ElectronContinuityEquation"	RelError: 5.55542e-07	AbsError: 8.93034e+02
      Equation: "HoleContinuityEquation"	RelError: 2.56807e-08	AbsError: 5.06954e+02
      Equation: "PotentialEquation"	RelError: 8.37740e-15	AbsError: 1.21030e-15
Iteration: 5
  Device: "pn2d"	RelError: 7.47359e-08	AbsError: 5.69778e+02
    Region: "Silicon"	RelError: 7.47359e-08	AbsError: 5.69778e+02
      Equation: "ElectronContinuityEquation"	RelError: 4.96778e-08	AbsError: 6.35073e+01
      Equation: "HoleContinuityEquation"	RelError: 2.50580e-08	AbsError: 5.06271e+02
      Equation: "PotentialEquation"	RelError: 8.33857e-16	AbsError: 1.20469e-16
Anode	0.3	9.94558127731e-12	2.26923009227e-11	3.26378822e-11
Cathode	0.0	-2.32478423024e-11	-9.39565338776e-12	-3.26434956902e-11
Region "Silicon" on device "pn2d" has equations 0:1619
Device "pn2d" has equations 0:1619
number of equations 1620
Iteration: 0
  Device: "pn2d"	RelError: 1.36066e+00	AbsError: 1.30519e+16
    Region: "Silicon"	RelError: 1.36066e+00	AbsError: 1.30519e+16
      Equation: "ElectronContinuityEquation"	RelError: 4.91268e-01	AbsError: 6.29289e+15
      Equation: "HoleContinuityEquation"	RelError: 4.91261e-01	AbsError: 6.75904e+15
      Equation: "PotentialEquation"	RelError: 3.78130e-01	AbsError: 2.50000e-02
Iteration: 1
  Device: "pn2d"	RelError: 5.09238e-01	AbsError: 5.79898e+14
    Region: "Silicon"	RelError: 5.09238e-01	AbsError: 5.79898e+14
      Equation: "ElectronContinuityEquation"	RelError: 2.52100e-01	AbsError: 2.73136e+14
      Equation: "HoleContinuityEquation"	RelError: 2.51885e-01	AbsError: 3.06762e+14
      Equation: "PotentialEquation"	RelError: 5.25217e-03	AbsError: 2.68935e-04
Iteration: 2
  Device: "pn2d"	RelError: 2.01955e-03	AbsError: 5.14002e+11
    Region: "Silicon"	RelError: 2.01955e-03	AbsError: 5.14002e+11
      Equation: "ElectronContinuityEquation"	RelError: 1.13488e-03	AbsError: 3.11104e+11
      Equation: "HoleContinuityEquation"	RelError: 8.81950e-04	AbsError: 2.02898e+11
      Equation: "PotentialEquation"	RelError: 2.71896e-06	AbsError: 3.06438e-07
Iteration: 3
  Device: "pn2d"	RelError: 4.47737e-07	AbsError: 3.99582e+07
    Region: "Silicon"	RelError: 4.47737e-07	AbsError: 3.99582e+07
      Equation: "ElectronContinuityEquation"	RelError: 9.49202e-08	AbsError: 2.63360e+07
      Equation: "HoleContinuityEquation"	RelError: 3.51985e-07	AbsError: 1.36221e+07
      Equation: "PotentialEquation"	RelError: 8.31234e-10	AbsError: 1.06285e-10
Iteration: 4
  Device: "pn2d"	RelError: 4.02049e-08	AbsError: 3.15281e+03
    Region: "Silicon"	RelError: 4.02049e-08	AbsError: 3.15281e+03
      Equation: "ElectronContinuityEquation"	RelError: 9.85148e-09	AbsError: 6.10025e+02
      Equation: "HoleContinuityEquation"	RelError: 3.03532e-08	AbsError: 2.54279e+03
      Equation: "PotentialEquation"	RelError: 1.24563e-13	AbsError: 1.05666e-14
Iteration: 5
  Device: "pn2d"	RelError: 4.05423e-08	AbsError: 6.24406e+02
    Region: "Silicon"	RelError: 4.05423e-08	AbsError: 6.24406e+02
      Equation: "ElectronContinuityEquation"	RelError: 1.02047e-08	AbsError: 1.14447e+02
      Equation: "HoleContinuityEquation"	RelError: 3.03376e-08	AbsError: 5.09959e+02
      Equation: "PotentialEquation"	RelError: 1.93541e-15	AbsError: 2.47470e-16
Anode	0.325	2.61218402288e-11	4.63121550168e-11	7.24339952456e-11
Cathode	0.0	-4.77492144279e-11	-2.46757139845e-11	-7.24249284124e-11
Region "Silicon" on device "pn2d" has equations 0:1619
Device "pn2d" has equations 0:1619
number of equations 1620
Iteration: 0
  Device: "pn2d"	RelError: 1.62331e+00	AbsError: 1.29201e+16
    Region: "Silicon"	RelError: 1.62331e+00	AbsError: 1.29201e+16
      Equation: "ElectronContinuityEquation"	RelError: 4.91268e-01	AbsError: 6.25506e+15
      Equation: "HoleContinuityEquation"	RelError: 4.91260e-01	AbsError: 6.66502e+15
      Equation: "PotentialEquation"	RelError: 6.40777e-01	AbsError: 2.50000e-02
Iteration: 1
  Device: "pn2d"	RelError: 5.12235e-01	AbsError: 6.24672e+14
    Region: "Silicon"	RelError: 5.12235e-01	AbsError: 6.24672e+14
      Equation: "ElectronContinuityEquation"	RelError: 2.52040e-01	AbsError: 3.17802e+14
      Equation: "HoleContinuityEquation"	RelError: 2.51968e-01	AbsError: 3.06871e+14
      Equation: "PotentialEquation"	RelError: 8.22767e-03	AbsError: 2.80315e-04
Iteration: 2
  Device: "pn2d"	RelError: 1.99197e-03	AbsError: 6.28988e+11
    Region: "Silicon"	RelError: 1.99197e-03	AbsError: 6.28988e+11
      Equation: "ElectronContinuityEquation"	RelError: 1.04274e-03	AbsError: 3.83675e+11
      Equation: "HoleContinuityEquation"	RelError: 9.46280e-04	AbsError: 2.45313e+11
      Equation: "PotentialEquation"	RelError: 2.94588e-06	AbsError: 3.98609e-07
Iteration: 3
  Device: "pn2d"	RelError: 1.39594e-07	AbsError: 5.54008e+07
    Region: "Silicon"	RelError: 1.39594e-07	AbsError: 5.54008e+07
      Equation: "ElectronContinuityEquation"	RelError: 7.19269e-08	AbsError: 1.90116e+07
      Equation: "HoleContinuityEquation"	RelError: 6.70874e-08	AbsError: 3.63892e+07
      Equation: "PotentialEquation"	RelError: 5.80005e-10	AbsError: 5.63655e-11
Iteration: 4
  Device: "pn2d"	RelError: 8.60439e-08	AbsError: 1.27026e+03
    Region: "Silicon"	RelError: 8.60439e-08	AbsError: 1.27026e+03
      Equation: "ElectronContinuityEquation"	RelError: 1.77262e-09	AbsError: 3.32847e+02
      Equation: "HoleContinuityEquation"	RelError: 8.42712e-08	AbsError: 9.37415e+02
      Equation: "PotentialEquation"	RelError: 3.96463e-14	AbsError: 3.85287e-15
Iteration: 5
  Device: "pn2d"	RelError: 1.20954e-08	AbsError: 5.70794e+02
    Region: "Silicon"	RelError: 1.20954e-08	AbsError: 5.70794e+02
      Equation: "ElectronContinuityEquation"	RelError: 4.84883e-09	AbsError: 6.39079e+01
      Equation: "HoleContinuityEquation"	RelError: 7.24654e-09	AbsError: 5.06886e+02
      Equation: "PotentialEquation"	RelError: 6.30062e-16	AbsError: 9.90747e-17
Anode	0.35	6.8607936476e-11	9.99450647216e-11	1.68553001198e-10
Cathode	0.0	-1.03744843645e-10	-6.48049242547e-11	-1.68549767899e-10
Region "Silicon" on device "pn2d" has equations 0:1619
Device "pn2d" has equations 0:1619
number of equations 1620
Iteration: 0
  Device: "pn2d"	RelError: 2.94385e+00	AbsError: 1.27972e+16
    Region: "Silicon"	RelError: 2.94385e+00	AbsError: 1.27972e+16
      Equation: "ElectronContinuityEquation"	RelError: 4.91268e-01	AbsError: 6.21823e+15
      Equation: "HoleContinuityEquation"	RelError: 4.91261e-01	AbsError: 6.57893e+15
      Equation: "PotentialEquation"	RelError: 1.96132e+00	AbsError: 2.50000e-02
Iteration: 1
  Device: "pn2d"	RelError: 5.30486e-01	AbsError: 1.97354e+15
    Region: "Silicon"	RelError: 5.30486e-01	AbsError: 1.97354e+15
      Equation: "ElectronContinuityEquation"	RelError: 2.54894e-01	AbsError: 7.31789e+14
      Equation: "HoleContinuityEquation"	RelError: 2.52404e-01	AbsError: 1.24175e+15
      Equation: "PotentialEquation"	RelError: 2.31883e-02	AbsError: 3.18301e-03
Iteration: 2
  Device: "pn2d"	RelError: 1.98997e-02	AbsError: 5.41576e+11
    Region: "Silicon"	RelError: 1.98997e-02	AbsError: 5.41576e+11
      Equation: "ElectronContinuityEquation"	RelError: 8.30743e-03	AbsError: 3.88924e+11
      Equation: "HoleContinuityEquation"	RelError: 1.15868e-02	AbsError: 1.52651e+11
      Equation: "PotentialEquation"	RelError: 5.49975e-06	AbsError: 4.14157e-07
Iteration: 3
  Device: "pn2d"	RelError: 6.19430e-08	AbsError: 2.90585e+08
    Region: "Silicon"	RelError: 6.19430e-08	AbsError: 2.90585e+08
      Equation: "ElectronContinuityEquation"	RelError: 3.82812e-08	AbsError: 2.12776e+08
      Equation: "HoleContinuityEquation"	RelError: 2.31109e-08	AbsError: 7.78086e+07
      Equation: "PotentialEquation"	RelError: 5.50963e-10	AbsError: 6.03667e-11
Iteration: 4
  Device: "pn2d"	RelError: 3.79511e-08	AbsError: 4.77787e+04
    Region: "Silicon"	RelError: 3.79511e-08	AbsError: 4.77787e+04
      Equation: "ElectronContinuityEquation"	RelError: 3.74222e-08	AbsError: 4.57965e+04
      Equation: "HoleContinuityEquation"	RelError: 5.28854e-10	AbsError: 1.98216e+03
      Equation: "PotentialEquation"	RelError: 1.09891e-14	AbsError: 3.68542e-15
Iteration: 5
  Device: "pn2d"	RelError: 4.83369e-09	AbsError: 5.74793e+02
    Region: "Silicon"	RelError: 4.83369e-09	AbsError: 5.74793e+02
      Equation: "ElectronContinuityEquation"	RelError: 1.85493e-09	AbsError: 6.38371e+01
      Equation: "HoleContinuityEquation"	RelError: 2.97875e-09	AbsError: 5.10956e+02
      Equation: "PotentialEquation"	RelError: 3.32103e-15	AbsError: 3.63872e-16
Anode	0.375	1.8019497296e-10	2.2731945948e-10	4.0751443244e-10
Cathode	0.0	-2.37319705108e-10	-1.70193411334e-10	-4.07513116442e-10
Region "Silicon" on device "pn2d" has equations 0:1619
Device "pn2d" has equations 0:1619
number of equations 1620
Iteration: 0
  Device: "pn2d"	RelError: 4.02322e+01	AbsError: 1.29479e+16
    Region: "Silicon"	RelError: 4.02322e+01	AbsError: 1.29479e+16
      Equation: "ElectronContinuityEquation"	RelError: 4.91268e-01	AbsError: 6.25347e+15
      Equation: "HoleContinuityEquation"	RelError: 4.91327e-01	AbsError: 6.69438e+15
      Equation: "PotentialEquation"	RelError: 3.92496e+01	AbsError: 2.50000e-02
Iteration: 1
  Device: "pn2d"	RelError: 7.41091e-01	AbsError: 2.03444e+15
    Region: "Silicon"	RelError: 7.41091e-01	AbsError: 2.03444e+15
      Equation: "ElectronContinuityEquation"	RelError: 2.52828e-01	AbsError: 1.48033e+15
      Equation: "HoleContinuityEquation"	RelError: 2.52237e-01	AbsError: 5.54117e+14
      Equation: "PotentialEquation"	RelError: 2.36026e-01	AbsError: 1.43734e-03
Iteration: 2
  Device: "pn2d"	RelError: 7.23671e-03	AbsError: 4.62595e+11
    Region: "Silicon"	RelError: 7.23671e-03	AbsError: 4.62595e+11
      Equation: "ElectronContinuityEquation"	RelError: 2.99032e-03	AbsError: 3.32463e+11
      Equation: "HoleContinuityEquation"	RelError: 4.17014e-03	AbsError: 1.30132e+11
      Equation: "PotentialEquation"	RelError: 7.62560e-05	AbsError: 3.58550e-07
Iteration: 3
  Device: "pn2d"	RelError: 1.29594e-08	AbsError: 6.20604e+07
    Region: "Silicon"	RelError: 1.29594e-08	AbsError: 6.20604e+07
      Equation: "ElectronContinuityEquation"	RelError: 5.46112e-09	AbsError: 4.52126e+07
      Equation: "HoleContinuityEquation"	RelError: 7.14044e-09	AbsError: 1.68478e+07
      Equation: "PotentialEquation"	RelError: 3.57817e-10	AbsError: 4.36596e-11
Iteration: 4
  Device: "pn2d"	RelError: 1.55480e-08	AbsError: 6.33307e+03
    Region: "Silicon"	RelError: 1.55480e-08	AbsError: 6.33307e+03
      Equation: "ElectronContinuityEquation"	RelError: 1.10116e-09	AbsError: 2.42041e+03
      Equation: "HoleContinuityEquation"	RelError: 1.44468e-08	AbsError: 3.91266e+03
      Equation: "PotentialEquation"	RelError: 5.09433e-14	AbsError: 1.42152e-15
Iteration: 5
  Device: "pn2d"	RelError: 1.57409e-08	AbsError: 5.57759e+02
    Region: "Silicon"	RelError: 1.57409e-08	AbsError: 5.57759e+02
      Equation: "ElectronContinuityEquation"	RelError: 1.04485e-09	AbsError: 6.41223e+01
      Equation: "HoleContinuityEquation"	RelError: 1.46960e-08	AbsError: 4.93637e+02
      Equation: "PotentialEquation"	RelError: 2.84009e-14	AbsError: 1.58729e-16
Anode	0.4	4.73269822209e-10	5.39878426388e-10	1.0131482486e-09
Cathode	0.0	-5.66189054955e-10	-4.46965797932e-10	-1.01315485289e-09
Region "Silicon" on device "pn2d" has equations 0:1619
Device "pn2d" has equations 0:1619
number of equations 1620
Iteration: 0
  Device: "pn2d"	RelError: 1.07322e+01	AbsError: 1.30680e+16
    Region: "Silicon"	RelError: 1.07322e+01	AbsError: 1.30680e+16
      Equation: "ElectronContinuityEquation"	RelError: 4.91267e-01	AbsError: 6.10603e+15
      Equation: "HoleContinuityEquation"	RelError: 4.91350e-01	AbsError: 6.96192e+15
      Equation: "PotentialEquation"	RelError: 9.74963e+00	AbsError: 2.50000e-02
Iteration: 1
  Device: "pn2d"	RelError: 5.14909e-01	AbsError: 1.29116e+15
    Region: "Silicon"	RelError: 5.14909e-01	AbsError: 1.29116e+15
      Equation: "ElectronContinuityEquation"	RelError: 2.52703e-01	AbsError: 9.90994e+14
      Equation: "HoleContinuityEquation"	RelError: 2.52906e-01	AbsError: 3.00169e+14
      Equation: "PotentialEquation"	RelError: 9.29938e-03	AbsError: 1.25155e-03
Iteration: 2
  Device: "pn2d"	RelError: 6.52695e-03	AbsError: 1.15842e+13
    Region: "Silicon"	RelError: 6.52695e-03	AbsError: 1.15842e+13
      Equation: "ElectronContinuityEquation"	RelError: 2.76539e-03	AbsError: 9.14730e+12
      Equation: "HoleContinuityEquation"	RelError: 3.73494e-03	AbsError: 2.43687e+12
      Equation: "PotentialEquation"	RelError: 2.66154e-05	AbsError: 1.04251e-05
Iteration: 3
  Device: "pn2d"	RelError: 3.27953e-07	AbsError: 3.05389e+08
    Region: "Silicon"	RelError: 3.27953e-07	AbsError: 3.05389e+08
      Equation: "ElectronContinuityEquation"	RelError: 1.59923e-07	AbsError: 6.49344e+07
      Equation: "HoleContinuityEquation"	RelError: 1.66381e-07	AbsError: 2.40454e+08
      Equation: "PotentialEquation"	RelError: 1.64828e-09	AbsError: 1.25495e-10
Iteration: 4
  Device: "pn2d"	RelError: 3.39661e-09	AbsError: 1.98759e+05
    Region: "Silicon"	RelError: 3.39661e-09	AbsError: 1.98759e+05
      Equation: "ElectronContinuityEquation"	RelError: 2.33129e-09	AbsError: 1.68035e+05
      Equation: "HoleContinuityEquation"	RelError: 1.06518e-09	AbsError: 3.07238e+04
      Equation: "PotentialEquation"	RelError: 1.37222e-13	AbsError: 1.95554e-14
Iteration: 5
  Device: "pn2d"	RelError: 6.46770e-09	AbsError: 5.28152e+02
    Region: "Silicon"	RelError: 6.46770e-09	AbsError: 5.28152e+02
      Equation: "ElectronContinuityEquation"	RelError: 3.27638e-11	AbsError: 7.11309e+01
      Equation: "HoleContinuityEquation"	RelError: 6.43494e-09	AbsError: 4.57021e+02
      Equation: "PotentialEquation"	RelError: 1.92900e-15	AbsError: 2.59611e-16
Anode	0.425	1.24300424135e-09	1.32512961422e-09	2.56813385557e-09
Cathode	0.0	-1.39431071072e-09	-1.17382349089e-09	-2.56813420161e-09
Region "Silicon" on device "pn2d" has equations 0:1619
Device "pn2d" has equations 0:1619
number of equations 1620
Iteration: 0
  Device: "pn2d"	RelError: 3.49235e+01	AbsError: 1.31893e+16
    Region: "Silicon"	RelError: 3.49235e+01	AbsError: 1.31893e+16
      Equation: "ElectronContinuityEquation"	RelError: 4.91309e-01	AbsError: 5.92951e+15
      Equation: "HoleContinuityEquation"	RelError: 4.91359e-01	AbsError: 7.25977e+15
      Equation: "PotentialEquation"	RelError: 3.39408e+01	AbsError: 2.50047e-02
Iteration: 1
  Device: "pn2d"	RelError: 5.73621e-01	AbsError: 1.82647e+15
    Region: "Silicon"	RelError: 5.73621e-01	AbsError: 1.82647e+15
      Equation: "ElectronContinuityEquation"	RelError: 2.53274e-01	AbsError: 1.16802e+15
      Equation: "HoleContinuityEquation"	RelError: 2.52670e-01	AbsError: 6.58456e+14
      Equation: "PotentialEquation"	RelError: 6.76765e-02	AbsError: 1.14908e-03
Iteration: 2
  Device: "pn2d"	RelError: 6.68998e-03	AbsError: 8.31431e+11
    Region: "Silicon"	RelError: 6.68998e-03	AbsError: 8.31431e+11
      Equation: "ElectronContinuityEquation"	RelError: 2.99054e-03	AbsError: 4.75559e+11
      Equation: "HoleContinuityEquation"	RelError: 3.61717e-03	AbsError: 3.55872e+11
      Equation: "PotentialEquation"	RelError: 8.22673e-05	AbsError: 5.13553e-07
Iteration: 3
  Device: "pn2d"	RelError: 5.41859e-09	AbsError: 3.17006e+08
    Region: "Silicon"	RelError: 5.41859e-09	AbsError: 3.17006e+08
      Equation: "ElectronContinuityEquation"	RelError: 2.15322e-09	AbsError: 1.93203e+08
      Equation: "HoleContinuityEquation"	RelError: 2.52655e-09	AbsError: 1.23803e+08
      Equation: "PotentialEquation"	RelError: 7.38822e-10	AbsError: 1.13287e-11
Iteration: 4
  Device: "pn2d"	RelError: 1.33642e-09	AbsError: 2.41589e+04
    Region: "Silicon"	RelError: 1.33642e-09	AbsError: 2.41589e+04
      Equation: "ElectronContinuityEquation"	RelError: 4.05511e-11	AbsError: 4.08446e+03
      Equation: "HoleContinuityEquation"	RelError: 1.29585e-09	AbsError: 2.00744e+04
      Equation: "PotentialEquation"	RelError: 2.61813e-14	AbsError: 2.07994e-15
Iteration: 5
  Device: "pn2d"	RelError: 1.24802e-09	AbsError: 5.84621e+02
    Region: "Silicon"	RelError: 1.24802e-09	AbsError: 5.84621e+02
      Equation: "ElectronContinuityEquation"	RelError: 1.55960e-12	AbsError: 9.15603e+01
      Equation: "HoleContinuityEquation"	RelError: 1.24644e-09	AbsError: 4.93061e+02
      Equation: "PotentialEquation"	RelError: 2.18682e-14	AbsError: 1.81629e-16
Anode	0.45	3.2646283446e-09	3.32951895527e-09	6.59414729987e-09
Cathode	0.0	-3.51147323424e-09	-3.08267909057e-09	-6.59415232481e-09
Region "Silicon" on device "pn2d" has equations 0:1619
Device "pn2d" has equations 0:1619
number of equations 1620
Iteration: 0
  Device: "pn2d"	RelError: 1.35976e+01	AbsError: 1.34878e+16
    Region: "Silicon"	RelError: 1.35976e+01	AbsError: 1.34878e+16
      Equation: "ElectronContinuityEquation"	RelError: 4.91349e-01	AbsError: 5.81405e+15
      Equation: "HoleContinuityEquation"	RelError: 4.91400e-01	AbsError: 7.67371e+15
      Equation: "PotentialEquation"	RelError: 1.26148e+01	AbsError: 2.50099e-02
Iteration: 1
  Device: "pn2d"	RelError: 5.14800e-01	AbsError: 4.06544e+15
    Region: "Silicon"	RelError: 5.14800e-01	AbsError: 4.06544e+15
      Equation: "ElectronContinuityEquation"	RelError: 2.53568e-01	AbsError: 2.42671e+15
      Equation: "HoleContinuityEquation"	RelError: 2.52679e-01	AbsError: 1.63873e+15
      Equation: "PotentialEquation"	RelError: 8.55341e-03	AbsError: 1.98720e-03
Iteration: 2
  Device: "pn2d"	RelError: 1.06700e-02	AbsError: 8.45514e+11
    Region: "Silicon"	RelError: 1.06700e-02	AbsError: 8.45514e+11
      Equation: "ElectronContinuityEquation"	RelError: 4.38817e-03	AbsError: 5.68277e+11
      Equation: "HoleContinuityEquation"	RelError: 6.27880e-03	AbsError: 2.77237e+11
      Equation: "PotentialEquation"	RelError: 3.05314e-06	AbsError: 6.76662e-07
Iteration: 3
  Device: "pn2d"	RelError: 2.74286e-08	AbsError: 4.80588e+08
    Region: "Silicon"	RelError: 2.74286e-08	AbsError: 4.80588e+08
      Equation: "ElectronContinuityEquation"	RelError: 1.61848e-08	AbsError: 8.96357e+07
      Equation: "HoleContinuityEquation"	RelError: 8.32203e-09	AbsError: 3.90952e+08
      Equation: "PotentialEquation"	RelError: 2.92179e-09	AbsError: 5.23877e-11
Iteration: 4
  Device: "pn2d"	RelError: 3.40951e-10	AbsError: 2.29087e+04
    Region: "Silicon"	RelError: 3.40951e-10	AbsError: 2.29087e+04
      Equation: "ElectronContinuityEquation"	RelError: 5.74180e-11	AbsError: 3.49224e+03
      Equation: "HoleContinuityEquation"	RelError: 2.83274e-10	AbsError: 1.94164e+04
      Equation: "PotentialEquation"	RelError: 2.59236e-13	AbsError: 2.24140e-15
Iteration: 5
  Device: "pn2d"	RelError: 2.94712e-10	AbsError: 5.80826e+02
    Region: "Silicon"	RelError: 2.94712e-10	AbsError: 5.80826e+02
      Equation: "ElectronContinuityEquation"	RelError: 2.92054e-11	AbsError: 6.98993e+01
      Equation: "HoleContinuityEquation"	RelError: 2.65505e-10	AbsError: 5.10926e+02
      Equation: "PotentialEquation"	RelError: 1.96008e-15	AbsError: 2.07268e-16
Anode	0.475	8.57416437438e-09	8.49954503853e-09	1.70737094129e-08
Cathode	0.0	-8.97807811024e-09	-8.0956337483e-09	-1.70737118585e-08
Region "Silicon" on device "pn2d" has equations 0:1619
Device "pn2d" has equations 0:1619
number of equations 1620
Iteration: 0
  Device: "pn2d"	RelError: 5.07049e+01	AbsError: 1.41179e+16
    Region: "Silicon"	RelError: 5.07049e+01	AbsError: 1.41179e+16
      Equation: "ElectronContinuityEquation"	RelError: 4.91333e-01	AbsError: 6.22291e+15
      Equation: "HoleContinuityEquation"	RelError: 4.91319e-01	AbsError: 7.89504e+15
      Equation: "PotentialEquation"	RelError: 4.97222e+01	AbsError: 2.50084e-02
Iteration: 1
  Device: "pn2d"	RelError: 5.15395e-01	AbsError: 3.61857e+15
    Region: "Silicon"	RelError: 5.15395e-01	AbsError: 3.61857e+15
      Equation: "ElectronContinuityEquation"	RelError: 2.52172e-01	AbsError: 1.41366e+15
      Equation: "HoleContinuityEquation"	RelError: 2.54329e-01	AbsError: 2.20491e+15
      Equation: "PotentialEquation"	RelError: 8.89298e-03	AbsError: 2.17800e-03
Iteration: 2
  Device: "pn2d"	RelError: 1.21859e-02	AbsError: 1.23355e+12
    Region: "Silicon"	RelError: 1.21859e-02	AbsError: 1.23355e+12
      Equation: "ElectronContinuityEquation"	RelError: 7.34457e-03	AbsError: 3.73367e+11
      Equation: "HoleContinuityEquation"	RelError: 4.83791e-03	AbsError: 8.60186e+11
      Equation: "PotentialEquation"	RelError: 3.42144e-06	AbsError: 8.37957e-07
Iteration: 3
  Device: "pn2d"	RelError: 1.13719e-07	AbsError: 3.65510e+08
    Region: "Silicon"	RelError: 1.13719e-07	AbsError: 3.65510e+08
      Equation: "ElectronContinuityEquation"	RelError: 4.62702e-08	AbsError: 1.28930e+08
      Equation: "HoleContinuityEquation"	RelError: 6.64045e-08	AbsError: 2.36580e+08
      Equation: "PotentialEquation"	RelError: 1.04464e-09	AbsError: 1.81668e-10
Iteration: 4
  Device: "pn2d"	RelError: 5.76628e-10	AbsError: 1.42930e+04
    Region: "Silicon"	RelError: 5.76628e-10	AbsError: 1.42930e+04
      Equation: "ElectronContinuityEquation"	RelError: 2.06941e-10	AbsError: 4.83654e+03
      Equation: "HoleContinuityEquation"	RelError: 3.69669e-10	AbsError: 9.45647e+03
      Equation: "PotentialEquation"	RelError: 1.84979e-14	AbsError: 8.04082e-16
Iteration: 5
  Device: "pn2d"	RelError: 4.91385e-10	AbsError: 5.54917e+02
    Region: "Silicon"	RelError: 4.91385e-10	AbsError: 5.54917e+02
      Equation: "ElectronContinuityEquation"	RelError: 5.48300e-11	AbsError: 7.60440e+01
      Equation: "HoleContinuityEquation"	RelError: 4.36552e-10	AbsError: 4.78873e+02
      Equation: "PotentialEquation"	RelError: 3.02801e-15	AbsError: 1.40936e-16
Anode	0.5	2.25188535918e-08	2.19243509916e-08	4.44432045834e-08
Cathode	0.0	-2.31828600583e-08	-2.12603454261e-08	-4.44432054844e-08
