
----------------------------------------

 DEVSIM

 Version: Beta 0.01

 Copyright 2009-2015 Devsim LLC

----------------------------------------


Region name Silicon has 0 Tetrahedra.
Region name Silicon has 1002 Triangles.
Region name Silicon has 1541 Lines.
Region name Silicon has 540 Points.
Device pn2d has 540 coordinates.
Region Silicon has 540 nodes.
Region Silicon has 541 nodes.
Contact Anode in region Silicon with 7 nodes
Contact Cathode in region Silicon with 16 nodes
magic_number 738
Silicon elec_temperature.unit K
Silicon electron.unit cm^-3
Silicon hole.unit cm^-3
Silicon hole_temperature.unit K
Silicon na.unit cm^-3
Silicon nd.unit cm^-3
Silicon potential.unit V
Silicon temperature.unit K
