
----------------------------------------

 DEVSIM

 Version: Beta 0.01

 Copyright 2009-2013 Devsim LLC

----------------------------------------


mid
bot
 (region: MyRegion)
 (contact: top)
 (contact: bot)
NetDoping
-1.00000e+18
-1.00000e+18
-1.00000e+18
-1.00000e+18
-1.00000e+18
-1.00000e+18
-1.00000e+18
-1.00000e+18
-1.00000e+18
-1.00000e+18
-1.00000e+18
-1.00000e+18
-1.00000e+18
-1.00000e+18
-1.00000e+18
-1.00000e+18
-1.00000e+18
-1.00000e+18
-1.00000e+18
-1.00000e+18
-1.00000e+18
-1.00000e+18
-1.00000e+18
-1.00000e+18
-1.00000e+18
-1.00000e+18
-1.00000e+18
-1.00000e+18
-1.00000e+18
-1.00000e+18
-1.00000e+18
-1.00000e+18
-1.00000e+18
-1.00000e+18
-1.00000e+18
-1.00000e+18
-1.00000e+18
-1.00000e+18
-1.00000e+18
-1.00000e+18
-1.00000e+18
-1.00000e+18
-1.00000e+18
-1.00000e+18
-1.00000e+18
-1.00000e+18
-1.00000e+18
-1.00000e+18
-1.00000e+18
-1.00000e+18
-1.00000e+18
-1.00000e+18
-1.00000e+18
-1.00000e+18
-1.00000e+18
-1.00000e+18
-1.00000e+18
-1.00000e+18
-1.00000e+18
-1.00000e+18
-1.00000e+18
-1.00000e+18
-1.00000e+18
-1.00000e+18
-1.00000e+18
-1.00000e+18
-1.00000e+18
-1.00000e+18
-1.00000e+18
-1.00000e+18
-1.00000e+18
-1.00000e+18
-1.00000e+18
-1.00000e+18
-1.00000e+18
-1.00000e+18
-1.00000e+18
-1.00000e+18
-1.00000e+18
-1.00000e+18
-1.00000e+18
-1.00000e+18
-1.00000e+18
-1.00000e+18
-1.00000e+18
-1.00000e+18
-1.00000e+18
-1.00000e+18
-1.00000e+18
-1.00000e+18
-1.00000e+18
-1.00000e+18
-1.00000e+18
-1.00000e+18
-1.00000e+18
-1.00000e+18
-1.00000e+18
-1.00000e+18
-1.00000e+18
-1.00000e+18
-1.00000e+18
-1.00000e+18
-1.00000e+18
-1.00000e+18
-1.00000e+18
-1.00000e+18
-1.00000e+18
-1.00000e+18
-1.00000e+18
-1.00000e+18
-1.00000e+18
-1.00000e+18
-1.00000e+18
-1.00000e+18
-1.00000e+18
-1.00000e+18
-1.00000e+18
-1.00000e+18
-1.00000e+18
-1.00000e+18
-1.00000e+18
-1.00000e+18
-1.00000e+18
-1.00000e+18
-1.00000e+18
-1.00000e+18
-1.00000e+18
-1.00000e+18
-1.00000e+18
-1.00000e+18
-1.00000e+18
-1.00000e+18
-1.00000e+18
-1.00000e+18
-1.00000e+18
-1.00000e+18
-1.00000e+18
-1.00000e+18
-1.00000e+18
-1.00000e+18
-1.00000e+18
-1.00000e+18
-1.00000e+18
-1.00000e+18
-1.00000e+18
-1.00000e+18
-1.00000e+18
-1.00000e+18
-1.00000e+18
-1.00000e+18
-1.00000e+18
-1.00000e+18
-1.00000e+18
-1.00000e+18
-1.00000e+18
-1.00000e+18
-1.00000e+18
-1.00000e+18
-1.00000e+18
-1.00000e+18
-1.00000e+18
-1.00000e+18
-1.00000e+18
-1.00000e+18
-1.00000e+18
-1.00000e+18
-1.00000e+18
-1.00000e+18
-1.00000e+18
-1.00000e+18
-1.00000e+18
-1.00000e+18
-1.00000e+18
-1.00000e+18
-1.00000e+18
-1.00000e+18
-1.00000e+18
-1.00000e+18
-1.00000e+18
-1.00000e+18
-1.00000e+18
-1.00000e+18
-1.00000e+18
-1.00000e+18
-1.00000e+18
-1.00000e+18
-1.00000e+18
-1.00000e+18
-1.00000e+18
-1.00000e+18
-1.00000e+18
-1.00000e+18
-1.00000e+18
-1.00000e+18
-1.00000e+18
-1.00000e+18
-1.00000e+18
-1.00000e+18
-1.00000e+18
-1.00000e+18
-1.00000e+18
-1.00000e+18
-1.00000e+18
-1.00000e+18
-1.00000e+18
-1.00000e+18
-1.00000e+18
-1.00000e+18
-1.00000e+18
-1.00000e+18
-1.00000e+18
-1.00000e+18
-1.00000e+18
-1.00000e+18
-1.00000e+18
-1.00000e+18
-1.00000e+18
-1.00000e+18
-1.00000e+18
-1.00000e+18
-1.00000e+18
-1.00000e+18
-1.00000e+18
-1.00000e+18
-1.00000e+18
-1.00000e+18
-1.00000e+18
-1.00000e+18
-1.00000e+18
-1.00000e+18
-1.00000e+18
-1.00000e+18
0.00000e+00
1.00000e+18
1.00000e+18
1.00000e+18
1.00000e+18
1.00000e+18
1.00000e+18
1.00000e+18
1.00000e+18
1.00000e+18
1.00000e+18
1.00000e+18
1.00000e+18
1.00000e+18
1.00000e+18
1.00000e+18
1.00000e+18
1.00000e+18
1.00000e+18
1.00000e+18
1.00000e+18
1.00000e+18
1.00000e+18
1.00000e+18
1.00000e+18
1.00000e+18
1.00000e+18
1.00000e+18
1.00000e+18
1.00000e+18
1.00000e+18
1.00000e+18
1.00000e+18
1.00000e+18
1.00000e+18
1.00000e+18
1.00000e+18
1.00000e+18
1.00000e+18
1.00000e+18
1.00000e+18
1.00000e+18
1.00000e+18
1.00000e+18
1.00000e+18
1.00000e+18
1.00000e+18
1.00000e+18
1.00000e+18
1.00000e+18
1.00000e+18
1.00000e+18
1.00000e+18
1.00000e+18
1.00000e+18
1.00000e+18
1.00000e+18
1.00000e+18
1.00000e+18
1.00000e+18
1.00000e+18
1.00000e+18
1.00000e+18
1.00000e+18
1.00000e+18
1.00000e+18
1.00000e+18
1.00000e+18
1.00000e+18
1.00000e+18
1.00000e+18
1.00000e+18
1.00000e+18
1.00000e+18
1.00000e+18
1.00000e+18
1.00000e+18
1.00000e+18
1.00000e+18
1.00000e+18
1.00000e+18
1.00000e+18
1.00000e+18
1.00000e+18
1.00000e+18
1.00000e+18
1.00000e+18
1.00000e+18
1.00000e+18
1.00000e+18
1.00000e+18
1.00000e+18
1.00000e+18
1.00000e+18
1.00000e+18
1.00000e+18
1.00000e+18
1.00000e+18
1.00000e+18
1.00000e+18
1.00000e+18
1.00000e+18
1.00000e+18
1.00000e+18
1.00000e+18
1.00000e+18
1.00000e+18
1.00000e+18
1.00000e+18
1.00000e+18
1.00000e+18
1.00000e+18
1.00000e+18
1.00000e+18
1.00000e+18
1.00000e+18
1.00000e+18
1.00000e+18
1.00000e+18
1.00000e+18
1.00000e+18
1.00000e+18
1.00000e+18
1.00000e+18
1.00000e+18
1.00000e+18
1.00000e+18
1.00000e+18
1.00000e+18
1.00000e+18
1.00000e+18
1.00000e+18
1.00000e+18
1.00000e+18
1.00000e+18
1.00000e+18
1.00000e+18
1.00000e+18
1.00000e+18
1.00000e+18
1.00000e+18
1.00000e+18
1.00000e+18
1.00000e+18
1.00000e+18
1.00000e+18
1.00000e+18
1.00000e+18
1.00000e+18
1.00000e+18
1.00000e+18
1.00000e+18
1.00000e+18
1.00000e+18
1.00000e+18
1.00000e+18
1.00000e+18
1.00000e+18
1.00000e+18
1.00000e+18
1.00000e+18
1.00000e+18
1.00000e+18
1.00000e+18
1.00000e+18
1.00000e+18
1.00000e+18
1.00000e+18
1.00000e+18
1.00000e+18
1.00000e+18
1.00000e+18
1.00000e+18
1.00000e+18
1.00000e+18
1.00000e+18
1.00000e+18
1.00000e+18
1.00000e+18
1.00000e+18
1.00000e+18
1.00000e+18
1.00000e+18
1.00000e+18
1.00000e+18
1.00000e+18
1.00000e+18
1.00000e+18
1.00000e+18
1.00000e+18
1.00000e+18
1.00000e+18
1.00000e+18
1.00000e+18
1.00000e+18
1.00000e+18
1.00000e+18
1.00000e+18
1.00000e+18
1.00000e+18
1.00000e+18
1.00000e+18
1.00000e+18
1.00000e+18
1.00000e+18
1.00000e+18
1.00000e+18
1.00000e+18
1.00000e+18
1.00000e+18
1.00000e+18
1.00000e+18
1.00000e+18
1.00000e+18
1.00000e+18
1.00000e+18
1.00000e+18
1.00000e+18
1.00000e+18
1.00000e+18
1.00000e+18
1.00000e+18
1.00000e+18
1.00000e+18
1.00000e+18
1.00000e+18
1.00000e+18
1.00000e+18
1.00000e+18
1.00000e+18
1.00000e+18
1.00000e+18
1.00000e+18
Region "MyRegion" on device "MyDevice" has equations 0:464
Device "MyDevice" has equations 0:464
number of equations 465
Iteration: 0
  Device: "MyDevice"	RelError: 1.00000e+00	AbsError: 8.88882e-02
    Region: "MyRegion"	RelError: 1.00000e+00	AbsError: 8.88882e-02
      Equation: "PotentialEquation"	RelError: 1.00000e+00	AbsError: 8.88882e-02
Iteration: 1
  Device: "MyDevice"	RelError: 4.91285e-01	AbsError: 8.58427e-02
    Region: "MyRegion"	RelError: 4.91285e-01	AbsError: 8.58427e-02
      Equation: "PotentialEquation"	RelError: 4.91285e-01	AbsError: 8.58427e-02
Iteration: 2
  Device: "MyDevice"	RelError: 3.20761e-01	AbsError: 8.25143e-02
    Region: "MyRegion"	RelError: 3.20761e-01	AbsError: 8.25143e-02
      Equation: "PotentialEquation"	RelError: 3.20761e-01	AbsError: 8.25143e-02
Iteration: 3
  Device: "MyDevice"	RelError: 2.34478e-01	AbsError: 7.87938e-02
    Region: "MyRegion"	RelError: 2.34478e-01	AbsError: 7.87938e-02
      Equation: "PotentialEquation"	RelError: 2.34478e-01	AbsError: 7.87938e-02
Iteration: 4
  Device: "MyDevice"	RelError: 1.94308e-01	AbsError: 7.35513e-02
    Region: "MyRegion"	RelError: 1.94308e-01	AbsError: 7.35513e-02
      Equation: "PotentialEquation"	RelError: 1.94308e-01	AbsError: 7.35513e-02
Iteration: 5
  Device: "MyDevice"	RelError: 2.20512e+00	AbsError: 5.56633e-02
    Region: "MyRegion"	RelError: 2.20512e+00	AbsError: 5.56633e-02
      Equation: "PotentialEquation"	RelError: 2.20512e+00	AbsError: 5.56633e-02
Iteration: 6
  Device: "MyDevice"	RelError: 4.42954e-01	AbsError: 3.95692e-02
    Region: "MyRegion"	RelError: 4.42954e-01	AbsError: 3.95692e-02
      Equation: "PotentialEquation"	RelError: 4.42954e-01	AbsError: 3.95692e-02
Iteration: 7
  Device: "MyDevice"	RelError: 6.44444e-02	AbsError: 2.91367e-02
    Region: "MyRegion"	RelError: 6.44444e-02	AbsError: 2.91367e-02
      Equation: "PotentialEquation"	RelError: 6.44444e-02	AbsError: 2.91367e-02
Iteration: 8
  Device: "MyDevice"	RelError: 5.18778e-02	AbsError: 2.47384e-02
    Region: "MyRegion"	RelError: 5.18778e-02	AbsError: 2.47384e-02
      Equation: "PotentialEquation"	RelError: 5.18778e-02	AbsError: 2.47384e-02
Iteration: 9
  Device: "MyDevice"	RelError: 8.86327e-04	AbsError: 4.22634e-04
    Region: "MyRegion"	RelError: 8.86327e-04	AbsError: 4.22634e-04
      Equation: "PotentialEquation"	RelError: 8.86327e-04	AbsError: 4.22634e-04
Iteration: 10
  Device: "MyDevice"	RelError: 4.57979e-06	AbsError: 9.93520e-07
    Region: "MyRegion"	RelError: 4.57979e-06	AbsError: 9.93520e-07
      Equation: "PotentialEquation"	RelError: 4.57979e-06	AbsError: 9.93520e-07
Iteration: 11
  Device: "MyDevice"	RelError: 9.65698e-11	AbsError: 7.81762e-12
    Region: "MyRegion"	RelError: 9.65698e-11	AbsError: 7.81762e-12
      Equation: "PotentialEquation"	RelError: 9.65698e-11	AbsError: 7.81762e-12
Warning: Replacing equation with equation of the same name.
Region: MyRegion, Equation: PotentialEquation, Variable: Potential
Region "MyRegion" on device "MyDevice" has equations 0:1394
Device "MyDevice" has equations 0:1394
number of equations 1395
Iteration: 0
  Device: "MyDevice"	RelError: 3.94445e-13	AbsError: 1.07520e+04
    Region: "MyRegion"	RelError: 3.94445e-13	AbsError: 1.07520e+04
      Equation: "ElectronContinuityEquation"	RelError: 7.46451e-15	AbsError: 5.37600e+03
      Equation: "HoleContinuityEquation"	RelError: 7.07629e-15	AbsError: 5.37600e+03
      Equation: "PotentialEquation"	RelError: 3.79904e-13	AbsError: 1.02359e-16
Region "MyRegion" on device "MyDevice" has equations 0:1394
Device "MyDevice" has equations 0:1394
number of equations 1395
Iteration: 0
  Device: "MyDevice"	RelError: 1.56814e-13	AbsError: 4.92814e+02
    Region: "MyRegion"	RelError: 1.56814e-13	AbsError: 4.92814e+02
      Equation: "ElectronContinuityEquation"	RelError: 4.00469e-15	AbsError: 2.81721e+02
      Equation: "HoleContinuityEquation"	RelError: 3.10695e-15	AbsError: 2.11093e+02
      Equation: "PotentialEquation"	RelError: 1.49702e-13	AbsError: 7.04925e-17
top	0.0	-3.98114207342e-25	-3.88307896875e-11	-3.88307896875e-11
bot	0.0	1.26365734949e-07	6.21422070319e-24	1.26365734949e-07
Region "MyRegion" on device "MyDevice" has equations 0:1394
Device "MyDevice" has equations 0:1394
number of equations 1395
Iteration: 0
  Device: "MyDevice"	RelError: 8.61397e+01	AbsError: 2.57997e+17
    Region: "MyRegion"	RelError: 8.61397e+01	AbsError: 2.57997e+17
      Equation: "ElectronContinuityEquation"	RelError: 8.76890e-01	AbsError: 1.30449e+17
      Equation: "HoleContinuityEquation"	RelError: 8.10924e-01	AbsError: 1.27547e+17
      Equation: "PotentialEquation"	RelError: 8.44519e+01	AbsError: 4.09542e-02
Iteration: 1
  Device: "MyDevice"	RelError: 1.71003e+02	AbsError: 9.84259e+16
    Region: "MyRegion"	RelError: 1.71003e+02	AbsError: 9.84259e+16
      Equation: "ElectronContinuityEquation"	RelError: 5.64314e-01	AbsError: 3.51368e+16
      Equation: "HoleContinuityEquation"	RelError: 8.16907e-01	AbsError: 6.32890e+16
      Equation: "PotentialEquation"	RelError: 1.69622e+02	AbsError: 3.07634e-02
Iteration: 2
  Device: "MyDevice"	RelError: 1.98947e+01	AbsError: 1.91413e+16
    Region: "MyRegion"	RelError: 1.98947e+01	AbsError: 1.91413e+16
      Equation: "ElectronContinuityEquation"	RelError: 4.33482e-01	AbsError: 5.49728e+15
      Equation: "HoleContinuityEquation"	RelError: 2.20203e-01	AbsError: 1.36441e+16
      Equation: "PotentialEquation"	RelError: 1.92410e+01	AbsError: 2.58300e-02
Iteration: 3
  Device: "MyDevice"	RelError: 5.85107e+03	AbsError: 2.43279e+16
    Region: "MyRegion"	RelError: 5.85107e+03	AbsError: 2.43279e+16
      Equation: "ElectronContinuityEquation"	RelError: 3.72251e-01	AbsError: 6.05563e+15
      Equation: "HoleContinuityEquation"	RelError: 2.46784e-01	AbsError: 1.82723e+16
      Equation: "PotentialEquation"	RelError: 5.85045e+03	AbsError: 9.16533e-03
Iteration: 4
  Device: "MyDevice"	RelError: 1.69037e+00	AbsError: 4.33280e+15
    Region: "MyRegion"	RelError: 1.69037e+00	AbsError: 4.33280e+15
      Equation: "ElectronContinuityEquation"	RelError: 1.00332e-01	AbsError: 1.49936e+15
      Equation: "HoleContinuityEquation"	RelError: 1.96659e-02	AbsError: 2.83343e+15
      Equation: "PotentialEquation"	RelError: 1.57037e+00	AbsError: 1.51961e-03
Iteration: 5
  Device: "MyDevice"	RelError: 1.20612e-02	AbsError: 2.66567e+13
    Region: "MyRegion"	RelError: 1.20612e-02	AbsError: 2.66567e+13
      Equation: "ElectronContinuityEquation"	RelError: 1.78345e-03	AbsError: 1.41850e+13
      Equation: "HoleContinuityEquation"	RelError: 1.05513e-03	AbsError: 1.24718e+13
      Equation: "PotentialEquation"	RelError: 9.22258e-03	AbsError: 1.10450e-05
Iteration: 6
  Device: "MyDevice"	RelError: 3.72498e-05	AbsError: 8.57417e+10
    Region: "MyRegion"	RelError: 3.72498e-05	AbsError: 8.57417e+10
      Equation: "ElectronContinuityEquation"	RelError: 1.99724e-06	AbsError: 3.99787e+10
      Equation: "HoleContinuityEquation"	RelError: 1.55834e-06	AbsError: 4.57631e+10
      Equation: "PotentialEquation"	RelError: 3.36942e-05	AbsError: 3.64257e-08
Iteration: 7
  Device: "MyDevice"	RelError: 1.97587e-08	AbsError: 1.98602e+08
    Region: "MyRegion"	RelError: 1.97587e-08	AbsError: 1.98602e+08
      Equation: "ElectronContinuityEquation"	RelError: 1.06748e-08	AbsError: 2.57101e+07
      Equation: "HoleContinuityEquation"	RelError: 6.24014e-10	AbsError: 1.72892e+08
      Equation: "PotentialEquation"	RelError: 8.45989e-09	AbsError: 1.67042e-11
Iteration: 8
  Device: "MyDevice"	RelError: 9.85163e-10	AbsError: 1.69994e+06
    Region: "MyRegion"	RelError: 9.85163e-10	AbsError: 1.69994e+06
      Equation: "ElectronContinuityEquation"	RelError: 4.96038e-11	AbsError: 1.22587e+06
      Equation: "HoleContinuityEquation"	RelError: 3.92955e-11	AbsError: 4.74068e+05
      Equation: "PotentialEquation"	RelError: 8.96264e-10	AbsError: 1.04747e-12
Iteration: 9
  Device: "MyDevice"	RelError: 9.26419e-13	AbsError: 1.93547e+03
    Region: "MyRegion"	RelError: 9.26419e-13	AbsError: 1.93547e+03
      Equation: "ElectronContinuityEquation"	RelError: 9.12326e-14	AbsError: 1.18195e+03
      Equation: "HoleContinuityEquation"	RelError: 1.12959e-13	AbsError: 7.53526e+02
      Equation: "PotentialEquation"	RelError: 7.22228e-13	AbsError: 9.12233e-16
top	0.1	2.77590536308e-09	1.14205494422e-07	1.16981399785e-07
bot	0.0	-1.17368153275e-07	-1.38812155524e-09	-1.1875627483e-07
Region "MyRegion" on device "MyDevice" has equations 0:1394
Device "MyDevice" has equations 0:1394
number of equations 1395
Iteration: 0
  Device: "MyDevice"	RelError: 3.84936e+01	AbsError: 2.04838e+17
    Region: "MyRegion"	RelError: 3.84936e+01	AbsError: 2.04838e+17
      Equation: "ElectronContinuityEquation"	RelError: 7.90596e-01	AbsError: 9.73726e+16
      Equation: "HoleContinuityEquation"	RelError: 7.68915e-01	AbsError: 1.07466e+17
      Equation: "PotentialEquation"	RelError: 3.69341e+01	AbsError: 4.09542e-02
Iteration: 1
  Device: "MyDevice"	RelError: 5.06857e+01	AbsError: 3.98236e+16
    Region: "MyRegion"	RelError: 5.06857e+01	AbsError: 3.98236e+16
      Equation: "ElectronContinuityEquation"	RelError: 7.00901e-01	AbsError: 2.15400e+16
      Equation: "HoleContinuityEquation"	RelError: 7.19848e-01	AbsError: 1.82836e+16
      Equation: "PotentialEquation"	RelError: 4.92649e+01	AbsError: 3.07632e-02
Iteration: 2
  Device: "MyDevice"	RelError: 1.65281e+01	AbsError: 2.31738e+16
    Region: "MyRegion"	RelError: 1.65281e+01	AbsError: 2.31738e+16
      Equation: "ElectronContinuityEquation"	RelError: 5.37924e-01	AbsError: 5.81479e+15
      Equation: "HoleContinuityEquation"	RelError: 6.10114e-01	AbsError: 1.73591e+16
      Equation: "PotentialEquation"	RelError: 1.53801e+01	AbsError: 2.58723e-02
Iteration: 3
  Device: "MyDevice"	RelError: 7.75410e-01	AbsError: 5.45614e+15
    Region: "MyRegion"	RelError: 7.75410e-01	AbsError: 5.45614e+15
      Equation: "ElectronContinuityEquation"	RelError: 3.15319e-01	AbsError: 2.47487e+14
      Equation: "HoleContinuityEquation"	RelError: 1.05599e-01	AbsError: 5.20865e+15
      Equation: "PotentialEquation"	RelError: 3.54492e-01	AbsError: 9.17766e-03
Iteration: 4
  Device: "MyDevice"	RelError: 2.08297e-01	AbsError: 1.21115e+15
    Region: "MyRegion"	RelError: 2.08297e-01	AbsError: 1.21115e+15
      Equation: "ElectronContinuityEquation"	RelError: 9.85651e-02	AbsError: 1.47672e+14
      Equation: "HoleContinuityEquation"	RelError: 3.57021e-03	AbsError: 1.06348e+15
      Equation: "PotentialEquation"	RelError: 1.06162e-01	AbsError: 1.41669e-04
Iteration: 5
  Device: "MyDevice"	RelError: 2.53985e-04	AbsError: 2.98076e+12
    Region: "MyRegion"	RelError: 2.53985e-04	AbsError: 2.98076e+12
      Equation: "ElectronContinuityEquation"	RelError: 1.71165e-04	AbsError: 6.38832e+10
      Equation: "HoleContinuityEquation"	RelError: 9.66701e-06	AbsError: 2.91688e+12
      Equation: "PotentialEquation"	RelError: 7.31529e-05	AbsError: 7.32460e-08
Iteration: 6
  Device: "MyDevice"	RelError: 9.39565e-07	AbsError: 1.07173e+10
    Region: "MyRegion"	RelError: 9.39565e-07	AbsError: 1.07173e+10
      Equation: "ElectronContinuityEquation"	RelError: 4.91368e-08	AbsError: 1.52579e+09
      Equation: "HoleContinuityEquation"	RelError: 4.93480e-08	AbsError: 9.19156e+09
      Equation: "PotentialEquation"	RelError: 8.41080e-07	AbsError: 1.29608e-09
Iteration: 7
  Device: "MyDevice"	RelError: 1.30669e-09	AbsError: 3.23133e+07
    Region: "MyRegion"	RelError: 1.30669e-09	AbsError: 3.23133e+07
      Equation: "ElectronContinuityEquation"	RelError: 2.58739e-10	AbsError: 2.11139e+06
      Equation: "HoleContinuityEquation"	RelError: 6.37729e-11	AbsError: 3.02019e+07
      Equation: "PotentialEquation"	RelError: 9.84181e-10	AbsError: 1.67577e-12
Iteration: 8
  Device: "MyDevice"	RelError: 4.72300e-12	AbsError: 1.04884e+05
    Region: "MyRegion"	RelError: 4.72300e-12	AbsError: 1.04884e+05
      Equation: "ElectronContinuityEquation"	RelError: 6.11356e-13	AbsError: 7.95613e+03
      Equation: "HoleContinuityEquation"	RelError: 2.41308e-13	AbsError: 9.69279e+04
      Equation: "PotentialEquation"	RelError: 3.87033e-12	AbsError: 6.40940e-15
top	0.2	1.28329442858e-07	1.01012630077e-06	1.13845574362e-06
bot	0.0	-1.03513559393e-06	-6.41720126802e-08	-1.09930760661e-06
Region "MyRegion" on device "MyDevice" has equations 0:1394
Device "MyDevice" has equations 0:1394
number of equations 1395
Iteration: 0
  Device: "MyDevice"	RelError: 4.27570e+01	AbsError: 2.32070e+17
    Region: "MyRegion"	RelError: 4.27570e+01	AbsError: 2.32070e+17
      Equation: "ElectronContinuityEquation"	RelError: 7.94481e-01	AbsError: 1.15771e+17
      Equation: "HoleContinuityEquation"	RelError: 7.88728e-01	AbsError: 1.16300e+17
      Equation: "PotentialEquation"	RelError: 4.11738e+01	AbsError: 4.10042e-02
Iteration: 1
  Device: "MyDevice"	RelError: 2.35912e+01	AbsError: 3.47639e+16
    Region: "MyRegion"	RelError: 2.35912e+01	AbsError: 3.47639e+16
      Equation: "ElectronContinuityEquation"	RelError: 6.81834e-01	AbsError: 1.80276e+16
      Equation: "HoleContinuityEquation"	RelError: 7.69297e-01	AbsError: 1.67363e+16
      Equation: "PotentialEquation"	RelError: 2.21401e+01	AbsError: 3.07632e-02
Iteration: 2
  Device: "MyDevice"	RelError: 1.56532e+01	AbsError: 4.26628e+15
    Region: "MyRegion"	RelError: 1.56532e+01	AbsError: 4.26628e+15
      Equation: "ElectronContinuityEquation"	RelError: 5.12376e-01	AbsError: 1.99170e+15
      Equation: "HoleContinuityEquation"	RelError: 5.17117e-01	AbsError: 2.27459e+15
      Equation: "PotentialEquation"	RelError: 1.46237e+01	AbsError: 2.58585e-02
Iteration: 3
  Device: "MyDevice"	RelError: 5.29642e-01	AbsError: 2.11422e+15
    Region: "MyRegion"	RelError: 5.29642e-01	AbsError: 2.11422e+15
      Equation: "ElectronContinuityEquation"	RelError: 2.92745e-01	AbsError: 1.18565e+15
      Equation: "HoleContinuityEquation"	RelError: 7.68353e-02	AbsError: 9.28570e+14
      Equation: "PotentialEquation"	RelError: 1.60061e-01	AbsError: 9.16792e-03
Iteration: 4
  Device: "MyDevice"	RelError: 1.40756e-01	AbsError: 7.28119e+14
    Region: "MyRegion"	RelError: 1.40756e-01	AbsError: 7.28119e+14
      Equation: "ElectronContinuityEquation"	RelError: 7.79261e-02	AbsError: 1.13833e+14
      Equation: "HoleContinuityEquation"	RelError: 3.00861e-03	AbsError: 6.14286e+14
      Equation: "PotentialEquation"	RelError: 5.98209e-02	AbsError: 7.68308e-05
Iteration: 5
  Device: "MyDevice"	RelError: 1.11178e-04	AbsError: 5.82638e+13
    Region: "MyRegion"	RelError: 1.11178e-04	AbsError: 5.82638e+13
      Equation: "ElectronContinuityEquation"	RelError: 5.73468e-05	AbsError: 5.73363e+13
      Equation: "HoleContinuityEquation"	RelError: 3.74069e-05	AbsError: 9.27527e+11
      Equation: "PotentialEquation"	RelError: 1.64247e-05	AbsError: 1.47765e-06
Iteration: 6
  Device: "MyDevice"	RelError: 6.13529e-08	AbsError: 3.81729e+10
    Region: "MyRegion"	RelError: 6.13529e-08	AbsError: 3.81729e+10
      Equation: "ElectronContinuityEquation"	RelError: 2.53511e-08	AbsError: 2.53464e+10
      Equation: "HoleContinuityEquation"	RelError: 1.42020e-08	AbsError: 1.28265e+10
      Equation: "PotentialEquation"	RelError: 2.17999e-08	AbsError: 6.01274e-10
Iteration: 7
  Device: "MyDevice"	RelError: 2.20075e-09	AbsError: 4.67903e+08
    Region: "MyRegion"	RelError: 2.20075e-09	AbsError: 4.67903e+08
      Equation: "ElectronContinuityEquation"	RelError: 5.32391e-10	AbsError: 4.14585e+06
      Equation: "HoleContinuityEquation"	RelError: 5.00645e-10	AbsError: 4.63757e+08
      Equation: "PotentialEquation"	RelError: 1.16772e-09	AbsError: 1.29603e-11
Iteration: 8
  Device: "MyDevice"	RelError: 2.53438e-11	AbsError: 1.75213e+07
    Region: "MyRegion"	RelError: 2.53438e-11	AbsError: 1.75213e+07
      Equation: "ElectronContinuityEquation"	RelError: 1.06596e-11	AbsError: 1.06577e+07
      Equation: "HoleContinuityEquation"	RelError: 7.40962e-12	AbsError: 6.86368e+06
      Equation: "PotentialEquation"	RelError: 7.27455e-12	AbsError: 2.97015e-13
top	0.3	5.80684829016e-06	1.01224907649e-05	1.59293390551e-05
bot	0.0	-1.30123469788e-05	-2.90373085355e-06	-1.59160778324e-05
Region "MyRegion" on device "MyDevice" has equations 0:1394
Device "MyDevice" has equations 0:1394
number of equations 1395
Iteration: 0
  Device: "MyDevice"	RelError: 2.55461e+02	AbsError: 2.55656e+17
    Region: "MyRegion"	RelError: 2.55461e+02	AbsError: 2.55656e+17
      Equation: "ElectronContinuityEquation"	RelError: 7.91429e-01	AbsError: 1.27133e+17
      Equation: "HoleContinuityEquation"	RelError: 7.93166e-01	AbsError: 1.28523e+17
      Equation: "PotentialEquation"	RelError: 2.53876e+02	AbsError: 4.09542e-02
Iteration: 1
  Device: "MyDevice"	RelError: 2.38073e+02	AbsError: 8.15266e+16
    Region: "MyRegion"	RelError: 2.38073e+02	AbsError: 8.15266e+16
      Equation: "ElectronContinuityEquation"	RelError: 6.87486e-01	AbsError: 5.04451e+16
      Equation: "HoleContinuityEquation"	RelError: 7.80516e-01	AbsError: 3.10814e+16
      Equation: "PotentialEquation"	RelError: 2.36605e+02	AbsError: 3.07632e-02
Iteration: 2
  Device: "MyDevice"	RelError: 1.88038e+01	AbsError: 6.91084e+15
    Region: "MyRegion"	RelError: 1.88038e+01	AbsError: 6.91084e+15
      Equation: "ElectronContinuityEquation"	RelError: 5.08332e-01	AbsError: 4.96428e+15
      Equation: "HoleContinuityEquation"	RelError: 5.01450e-01	AbsError: 1.94657e+15
      Equation: "PotentialEquation"	RelError: 1.77940e+01	AbsError: 2.57006e-02
Iteration: 3
  Device: "MyDevice"	RelError: 4.79282e-01	AbsError: 6.89097e+14
    Region: "MyRegion"	RelError: 4.79282e-01	AbsError: 6.89097e+14
      Equation: "ElectronContinuityEquation"	RelError: 2.83474e-01	AbsError: 5.52595e+14
      Equation: "HoleContinuityEquation"	RelError: 7.60948e-02	AbsError: 1.36502e+14
      Equation: "PotentialEquation"	RelError: 1.19713e-01	AbsError: 9.16533e-03
Iteration: 4
  Device: "MyDevice"	RelError: 8.13464e-02	AbsError: 5.46332e+14
    Region: "MyRegion"	RelError: 8.13464e-02	AbsError: 5.46332e+14
      Equation: "ElectronContinuityEquation"	RelError: 7.69142e-02	AbsError: 4.30274e+14
      Equation: "HoleContinuityEquation"	RelError: 3.17234e-04	AbsError: 1.16058e+14
      Equation: "PotentialEquation"	RelError: 4.11494e-03	AbsError: 1.09436e-05
Iteration: 5
  Device: "MyDevice"	RelError: 6.54870e-06	AbsError: 1.14310e+11
    Region: "MyRegion"	RelError: 6.54870e-06	AbsError: 1.14310e+11
      Equation: "ElectronContinuityEquation"	RelError: 6.48886e-06	AbsError: 1.11496e+11
      Equation: "HoleContinuityEquation"	RelError: 5.55861e-08	AbsError: 2.81348e+09
      Equation: "PotentialEquation"	RelError: 4.26019e-09	AbsError: 4.89373e-10
Iteration: 6
  Device: "MyDevice"	RelError: 1.63414e-12	AbsError: 9.44786e+05
    Region: "MyRegion"	RelError: 1.63414e-12	AbsError: 9.44786e+05
      Equation: "ElectronContinuityEquation"	RelError: 9.44626e-13	AbsError: 9.44511e+05
      Equation: "HoleContinuityEquation"	RelError: 6.38222e-13	AbsError: 2.74478e+02
      Equation: "PotentialEquation"	RelError: 5.12954e-14	AbsError: 2.44606e-14
top	0.4	0.000262212527169	0.000186542525113	0.000448755052283
bot	0.0	-0.000317701685073	-0.000131119055845	-0.000448820740918
Region "MyRegion" on device "MyDevice" has equations 0:1394
Device "MyDevice" has equations 0:1394
number of equations 1395
Iteration: 0
  Device: "MyDevice"	RelError: 1.75291e+02	AbsError: 2.79352e+17
    Region: "MyRegion"	RelError: 1.75291e+02	AbsError: 2.79352e+17
      Equation: "ElectronContinuityEquation"	RelError: 7.92056e-01	AbsError: 1.39694e+17
      Equation: "HoleContinuityEquation"	RelError: 7.92218e-01	AbsError: 1.39658e+17
      Equation: "PotentialEquation"	RelError: 1.73706e+02	AbsError: 4.09542e-02
Iteration: 1
  Device: "MyDevice"	RelError: 1.74883e+02	AbsError: 4.70533e+16
    Region: "MyRegion"	RelError: 1.74883e+02	AbsError: 4.70533e+16
      Equation: "ElectronContinuityEquation"	RelError: 6.87375e-01	AbsError: 2.45843e+16
      Equation: "HoleContinuityEquation"	RelError: 7.76794e-01	AbsError: 2.24690e+16
      Equation: "PotentialEquation"	RelError: 1.73419e+02	AbsError: 3.07632e-02
Iteration: 2
  Device: "MyDevice"	RelError: 2.37605e+00	AbsError: 7.27793e+15
    Region: "MyRegion"	RelError: 2.37605e+00	AbsError: 7.27793e+15
      Equation: "ElectronContinuityEquation"	RelError: 5.06864e-01	AbsError: 4.33303e+15
      Equation: "HoleContinuityEquation"	RelError: 5.01224e-01	AbsError: 2.94489e+15
      Equation: "PotentialEquation"	RelError: 1.36796e+00	AbsError: 2.57725e-02
Iteration: 3
  Device: "MyDevice"	RelError: 7.54520e-01	AbsError: 2.46841e+14
    Region: "MyRegion"	RelError: 7.54520e-01	AbsError: 2.46841e+14
      Equation: "ElectronContinuityEquation"	RelError: 2.83962e-01	AbsError: 2.26837e+13
      Equation: "HoleContinuityEquation"	RelError: 7.44810e-02	AbsError: 2.24157e+14
      Equation: "PotentialEquation"	RelError: 3.96077e-01	AbsError: 9.16533e-03
Iteration: 4
  Device: "MyDevice"	RelError: 7.62923e-02	AbsError: 9.93714e+13
    Region: "MyRegion"	RelError: 7.62923e-02	AbsError: 9.93714e+13
      Equation: "ElectronContinuityEquation"	RelError: 7.59861e-02	AbsError: 1.53530e+13
      Equation: "HoleContinuityEquation"	RelError: 2.31661e-04	AbsError: 8.40185e+13
      Equation: "PotentialEquation"	RelError: 7.45291e-05	AbsError: 3.10692e-06
Iteration: 5
  Device: "MyDevice"	RelError: 4.21066e-06	AbsError: 2.77063e+09
    Region: "MyRegion"	RelError: 4.21066e-06	AbsError: 2.77063e+09
      Equation: "ElectronContinuityEquation"	RelError: 4.19049e-06	AbsError: 1.20792e+09
      Equation: "HoleContinuityEquation"	RelError: 1.95274e-08	AbsError: 1.56272e+09
      Equation: "PotentialEquation"	RelError: 6.43509e-10	AbsError: 3.43235e-11
Iteration: 6
  Device: "MyDevice"	RelError: 1.49911e-13	AbsError: 4.08973e+04
    Region: "MyRegion"	RelError: 1.49911e-13	AbsError: 4.08973e+04
      Equation: "ElectronContinuityEquation"	RelError: 8.50335e-14	AbsError: 4.06368e+04
      Equation: "HoleContinuityEquation"	RelError: 6.26270e-14	AbsError: 2.60544e+02
      Equation: "PotentialEquation"	RelError: 2.25077e-15	AbsError: 1.07330e-15
top	0.5	0.0118105431753	0.00634461194766	0.0181551551229
bot	0.0	-0.0122494318776	-0.00590579888093	-0.0181552307585
