
----------------------------------------

 DEVSIM

 Version: Beta 0.01

 Copyright 2009-2013 Devsim LLC

----------------------------------------


Physical group name Base has 0 Tetrahedra.
Physical group name Base has 223 Triangles.
Physical group name Base has 354 Lines.
Physical group name Base has 132 Points.
Physical group name Bulk has 6701 Tetrahedra.
Physical group name Bulk has 14066 Triangles.
Physical group name Bulk has 8781 Lines.
Physical group name Bulk has 1417 Points.
Physical group name Emitter has 0 Tetrahedra.
Physical group name Emitter has 201 Triangles.
Physical group name Emitter has 320 Lines.
Physical group name Emitter has 120 Points.
Device diode3d has 1417 coordinates with max index 1417
group Bulk has 1417 nodes.
Region Bulk has 1417 nodes.
Region Bulk has 1417 nodes.
group Emitter has 120 nodes.
Contact bot in region Bulk with 120 nodes
group Base has 132 nodes.
Contact top in region Bulk with 132 nodes
Creating Node Solution Potential
Region "Bulk" on device "diode3d" has equations 0:1416
Device "diode3d" has equations 0:1416
number of equations 1417
Iteration: 0
  Device: "diode3d"	RelError: 1.00000e+00	AbsError: 8.97349e-02
    Region: "Bulk"	RelError: 1.00000e+00	AbsError: 8.97349e-02
      Equation: "PotentialEquation"	RelError: 1.00000e+00	AbsError: 8.97349e-02
Iteration: 1
  Device: "diode3d"	RelError: 4.91582e-01	AbsError: 8.67635e-02
    Region: "Bulk"	RelError: 4.91582e-01	AbsError: 8.67635e-02
      Equation: "PotentialEquation"	RelError: 4.91582e-01	AbsError: 8.67635e-02
Iteration: 2
  Device: "diode3d"	RelError: 3.21212e-01	AbsError: 8.35216e-02
    Region: "Bulk"	RelError: 3.21212e-01	AbsError: 8.35216e-02
      Equation: "PotentialEquation"	RelError: 3.21212e-01	AbsError: 8.35216e-02
Iteration: 3
  Device: "diode3d"	RelError: 2.35032e-01	AbsError: 7.98898e-02
    Region: "Bulk"	RelError: 2.35032e-01	AbsError: 7.98898e-02
      Equation: "PotentialEquation"	RelError: 2.35032e-01	AbsError: 7.98898e-02
Iteration: 4
  Device: "diode3d"	RelError: 5.16590e-01	AbsError: 7.44408e-02
    Region: "Bulk"	RelError: 5.16590e-01	AbsError: 7.44408e-02
      Equation: "PotentialEquation"	RelError: 5.16590e-01	AbsError: 7.44408e-02
Iteration: 5
  Device: "diode3d"	RelError: 2.34632e+00	AbsError: 5.62017e-02
    Region: "Bulk"	RelError: 2.34632e+00	AbsError: 5.62017e-02
      Equation: "PotentialEquation"	RelError: 2.34632e+00	AbsError: 5.62017e-02
Iteration: 6
  Device: "diode3d"	RelError: 3.59746e+00	AbsError: 3.95692e-02
    Region: "Bulk"	RelError: 3.59746e+00	AbsError: 3.95692e-02
      Equation: "PotentialEquation"	RelError: 3.59746e+00	AbsError: 3.95692e-02
Iteration: 7
  Device: "diode3d"	RelError: 1.72191e-01	AbsError: 2.91367e-02
    Region: "Bulk"	RelError: 1.72191e-01	AbsError: 2.91367e-02
      Equation: "PotentialEquation"	RelError: 1.72191e-01	AbsError: 2.91367e-02
Iteration: 8
  Device: "diode3d"	RelError: 5.18778e-02	AbsError: 2.47384e-02
    Region: "Bulk"	RelError: 5.18778e-02	AbsError: 2.47384e-02
      Equation: "PotentialEquation"	RelError: 5.18778e-02	AbsError: 2.47384e-02
Iteration: 9
  Device: "diode3d"	RelError: 3.11204e-04	AbsError: 4.09701e-05
    Region: "Bulk"	RelError: 3.11204e-04	AbsError: 4.09701e-05
      Equation: "PotentialEquation"	RelError: 3.11204e-04	AbsError: 4.09701e-05
Iteration: 10
  Device: "diode3d"	RelError: 4.19686e-08	AbsError: 1.62468e-08
    Region: "Bulk"	RelError: 4.19686e-08	AbsError: 1.62468e-08
      Equation: "PotentialEquation"	RelError: 4.19686e-08	AbsError: 1.62468e-08
Iteration: 11
  Device: "diode3d"	RelError: 1.94033e-14	AbsError: 2.57395e-15
    Region: "Bulk"	RelError: 1.94033e-14	AbsError: 2.57395e-15
      Equation: "PotentialEquation"	RelError: 1.94033e-14	AbsError: 2.57395e-15
Warning: Replacing equation with equation of the same name.
Region: Bulk, Equation: PotentialEquation, Variable: Potential
Region "Bulk" on device "diode3d" has equations 0:4250
Device "diode3d" has equations 0:4250
number of equations 4251
Iteration: 0
  Device: "diode3d"	RelError: 6.35976e-09	AbsError: 1.07520e+04
    Region: "Bulk"	RelError: 6.35976e-09	AbsError: 1.07520e+04
      Equation: "ElectronContinuityEquation"	RelError: 2.90079e-09	AbsError: 5.37600e+03
      Equation: "HoleContinuityEquation"	RelError: 3.45897e-09	AbsError: 5.37600e+03
      Equation: "PotentialEquation"	RelError: 1.38586e-15	AbsError: 1.43577e-16
Region "Bulk" on device "diode3d" has equations 0:4250
Device "diode3d" has equations 0:4250
number of equations 4251
Iteration: 0
  Device: "diode3d"	RelError: 8.11749e+02	AbsError: 2.07676e+17
    Region: "Bulk"	RelError: 8.11749e+02	AbsError: 2.07676e+17
      Equation: "ElectronContinuityEquation"	RelError: 7.77243e-01	AbsError: 1.03590e+17
      Equation: "HoleContinuityEquation"	RelError: 7.77193e-01	AbsError: 1.04086e+17
      Equation: "PotentialEquation"	RelError: 8.10195e+02	AbsError: 4.54255e-02
Iteration: 1
  Device: "diode3d"	RelError: 5.15354e+02	AbsError: 2.52917e+16
    Region: "Bulk"	RelError: 5.15354e+02	AbsError: 2.52917e+16
      Equation: "ElectronContinuityEquation"	RelError: 6.75068e-01	AbsError: 1.38469e+16
      Equation: "HoleContinuityEquation"	RelError: 7.55070e-01	AbsError: 1.14448e+16
      Equation: "PotentialEquation"	RelError: 5.13923e+02	AbsError: 3.15090e-02
Iteration: 2
  Device: "diode3d"	RelError: 3.63687e+00	AbsError: 7.10248e+15
    Region: "Bulk"	RelError: 3.63687e+00	AbsError: 7.10248e+15
      Equation: "ElectronContinuityEquation"	RelError: 4.93668e-01	AbsError: 1.42160e+15
      Equation: "HoleContinuityEquation"	RelError: 4.80818e-01	AbsError: 5.68088e+15
      Equation: "PotentialEquation"	RelError: 2.66239e+00	AbsError: 2.57955e-02
Iteration: 3
  Device: "diode3d"	RelError: 1.44981e+01	AbsError: 7.37438e+15
    Region: "Bulk"	RelError: 1.44981e+01	AbsError: 7.37438e+15
      Equation: "ElectronContinuityEquation"	RelError: 3.03131e-01	AbsError: 9.12360e+14
      Equation: "HoleContinuityEquation"	RelError: 1.65655e-01	AbsError: 6.46202e+15
      Equation: "PotentialEquation"	RelError: 1.40293e+01	AbsError: 1.08095e-02
Iteration: 4
  Device: "diode3d"	RelError: 1.13266e+00	AbsError: 6.78896e+15
    Region: "Bulk"	RelError: 1.13266e+00	AbsError: 6.78896e+15
      Equation: "ElectronContinuityEquation"	RelError: 8.46863e-02	AbsError: 2.05780e+14
      Equation: "HoleContinuityEquation"	RelError: 1.42873e-02	AbsError: 6.58318e+15
      Equation: "PotentialEquation"	RelError: 1.03368e+00	AbsError: 1.62954e-03
Iteration: 5
  Device: "diode3d"	RelError: 1.11076e-03	AbsError: 1.60183e+13
    Region: "Bulk"	RelError: 1.11076e-03	AbsError: 1.60183e+13
      Equation: "ElectronContinuityEquation"	RelError: 6.46805e-04	AbsError: 1.82580e+12
      Equation: "HoleContinuityEquation"	RelError: 8.05038e-05	AbsError: 1.41925e+13
      Equation: "PotentialEquation"	RelError: 3.83452e-04	AbsError: 2.08074e-06
Iteration: 6
  Device: "diode3d"	RelError: 7.94313e-08	AbsError: 1.96389e+10
    Region: "Bulk"	RelError: 7.94313e-08	AbsError: 1.96389e+10
      Equation: "ElectronContinuityEquation"	RelError: 1.42998e-08	AbsError: 5.82948e+09
      Equation: "HoleContinuityEquation"	RelError: 1.40689e-08	AbsError: 1.38094e+10
      Equation: "PotentialEquation"	RelError: 5.10626e-08	AbsError: 1.88865e-09
Iteration: 7
  Device: "diode3d"	RelError: 1.35568e-09	AbsError: 5.93574e+07
    Region: "Bulk"	RelError: 1.35568e-09	AbsError: 5.93574e+07
      Equation: "ElectronContinuityEquation"	RelError: 2.81671e-10	AbsError: 1.85489e+07
      Equation: "HoleContinuityEquation"	RelError: 9.14185e-10	AbsError: 4.08085e+07
      Equation: "PotentialEquation"	RelError: 1.59819e-10	AbsError: 1.48656e-12
top	0.1	3.28291661984e-19	1.64265354594e-19	4.92557016578e-19
bot	0.0	-3.10724741423e-19	-1.61838770344e-19	-4.72563511767e-19
Region "Bulk" on device "diode3d" has equations 0:4250
Device "diode3d" has equations 0:4250
number of equations 4251
Iteration: 0
  Device: "diode3d"	RelError: 4.25733e+01	AbsError: 2.17193e+17
    Region: "Bulk"	RelError: 4.25733e+01	AbsError: 2.17193e+17
      Equation: "ElectronContinuityEquation"	RelError: 7.90323e-01	AbsError: 1.08842e+17
      Equation: "HoleContinuityEquation"	RelError: 7.90330e-01	AbsError: 1.08352e+17
      Equation: "PotentialEquation"	RelError: 4.09926e+01	AbsError: 4.41571e-02
Iteration: 1
  Device: "diode3d"	RelError: 2.37783e+01	AbsError: 2.80838e+16
    Region: "Bulk"	RelError: 2.37783e+01	AbsError: 2.80838e+16
      Equation: "ElectronContinuityEquation"	RelError: 6.85593e-01	AbsError: 1.54238e+16
      Equation: "HoleContinuityEquation"	RelError: 7.68731e-01	AbsError: 1.26599e+16
      Equation: "PotentialEquation"	RelError: 2.23240e+01	AbsError: 3.17986e-02
Iteration: 2
  Device: "diode3d"	RelError: 6.52185e+00	AbsError: 1.68483e+16
    Region: "Bulk"	RelError: 6.52185e+00	AbsError: 1.68483e+16
      Equation: "ElectronContinuityEquation"	RelError: 5.03284e-01	AbsError: 1.73278e+15
      Equation: "HoleContinuityEquation"	RelError: 4.81426e-01	AbsError: 1.51155e+16
      Equation: "PotentialEquation"	RelError: 5.53714e+00	AbsError: 2.58535e-02
Iteration: 3
  Device: "diode3d"	RelError: 4.97469e-01	AbsError: 1.83847e+16
    Region: "Bulk"	RelError: 4.97469e-01	AbsError: 1.83847e+16
      Equation: "ElectronContinuityEquation"	RelError: 3.05167e-01	AbsError: 1.12607e+15
      Equation: "HoleContinuityEquation"	RelError: 1.54515e-01	AbsError: 1.72586e+16
      Equation: "PotentialEquation"	RelError: 3.77873e-02	AbsError: 1.35073e-02
Iteration: 4
  Device: "diode3d"	RelError: 1.41602e-01	AbsError: 1.80140e+15
    Region: "Bulk"	RelError: 1.41602e-01	AbsError: 1.80140e+15
      Equation: "ElectronContinuityEquation"	RelError: 8.50544e-02	AbsError: 4.21141e+14
      Equation: "HoleContinuityEquation"	RelError: 1.04409e-02	AbsError: 1.38026e+15
      Equation: "PotentialEquation"	RelError: 4.61068e-02	AbsError: 1.36775e-03
Iteration: 5
  Device: "diode3d"	RelError: 3.56577e-04	AbsError: 3.61189e+13
    Region: "Bulk"	RelError: 3.56577e-04	AbsError: 3.61189e+13
      Equation: "ElectronContinuityEquation"	RelError: 1.61816e-04	AbsError: 1.58666e+13
      Equation: "HoleContinuityEquation"	RelError: 1.20605e-04	AbsError: 2.02523e+13
      Equation: "PotentialEquation"	RelError: 7.41551e-05	AbsError: 2.05306e-05
Iteration: 6
  Device: "diode3d"	RelError: 8.36181e-08	AbsError: 2.93727e+10
    Region: "Bulk"	RelError: 8.36181e-08	AbsError: 2.93727e+10
      Equation: "ElectronContinuityEquation"	RelError: 3.34990e-08	AbsError: 2.31132e+10
      Equation: "HoleContinuityEquation"	RelError: 3.39344e-08	AbsError: 6.25951e+09
      Equation: "PotentialEquation"	RelError: 1.61848e-08	AbsError: 1.01561e-09
Iteration: 7
  Device: "diode3d"	RelError: 8.18091e-10	AbsError: 8.42010e+07
    Region: "Bulk"	RelError: 8.18091e-10	AbsError: 8.42010e+07
      Equation: "ElectronContinuityEquation"	RelError: 4.00912e-10	AbsError: 6.61230e+07
      Equation: "HoleContinuityEquation"	RelError: 3.89445e-10	AbsError: 1.80780e+07
      Equation: "PotentialEquation"	RelError: 2.77331e-11	AbsError: 1.03798e-11
top	0.2	1.51352992804e-17	7.51492338809e-18	2.26502226684e-17
bot	0.0	-1.52010498253e-17	-7.46983068639e-18	-2.26708805117e-17
Region "Bulk" on device "diode3d" has equations 0:4250
Device "diode3d" has equations 0:4250
number of equations 4251
Iteration: 0
  Device: "diode3d"	RelError: 2.27373e+01	AbsError: 2.35444e+17
    Region: "Bulk"	RelError: 2.27373e+01	AbsError: 2.35444e+17
      Equation: "ElectronContinuityEquation"	RelError: 7.96219e-01	AbsError: 1.18545e+17
      Equation: "HoleContinuityEquation"	RelError: 7.92494e-01	AbsError: 1.16899e+17
      Equation: "PotentialEquation"	RelError: 2.11486e+01	AbsError: 4.95367e-02
Iteration: 1
  Device: "diode3d"	RelError: 1.38669e+02	AbsError: 3.72591e+16
    Region: "Bulk"	RelError: 1.38669e+02	AbsError: 3.72591e+16
      Equation: "ElectronContinuityEquation"	RelError: 6.88123e-01	AbsError: 2.22170e+16
      Equation: "HoleContinuityEquation"	RelError: 7.70892e-01	AbsError: 1.50421e+16
      Equation: "PotentialEquation"	RelError: 1.37210e+02	AbsError: 3.29072e-02
Iteration: 2
  Device: "diode3d"	RelError: 1.71023e+01	AbsError: 1.98377e+16
    Region: "Bulk"	RelError: 1.71023e+01	AbsError: 1.98377e+16
      Equation: "ElectronContinuityEquation"	RelError: 5.03786e-01	AbsError: 1.34897e+16
      Equation: "HoleContinuityEquation"	RelError: 4.81503e-01	AbsError: 6.34792e+15
      Equation: "PotentialEquation"	RelError: 1.61170e+01	AbsError: 2.58966e-02
Iteration: 3
  Device: "diode3d"	RelError: 5.34621e-01	AbsError: 7.64206e+15
    Region: "Bulk"	RelError: 5.34621e-01	AbsError: 7.64206e+15
      Equation: "ElectronContinuityEquation"	RelError: 3.07368e-01	AbsError: 5.73258e+15
      Equation: "HoleContinuityEquation"	RelError: 1.58139e-01	AbsError: 1.90948e+15
      Equation: "PotentialEquation"	RelError: 6.91129e-02	AbsError: 1.22078e-02
Iteration: 4
  Device: "diode3d"	RelError: 1.87791e-01	AbsError: 2.80000e+15
    Region: "Bulk"	RelError: 1.87791e-01	AbsError: 2.80000e+15
      Equation: "ElectronContinuityEquation"	RelError: 8.49006e-02	AbsError: 1.59177e+15
      Equation: "HoleContinuityEquation"	RelError: 1.18113e-02	AbsError: 1.20822e+15
      Equation: "PotentialEquation"	RelError: 9.10790e-02	AbsError: 2.40749e-03
Iteration: 5
  Device: "diode3d"	RelError: 3.21773e-04	AbsError: 5.79827e+13
    Region: "Bulk"	RelError: 3.21773e-04	AbsError: 5.79827e+13
      Equation: "ElectronContinuityEquation"	RelError: 1.70755e-04	AbsError: 4.92333e+13
      Equation: "HoleContinuityEquation"	RelError: 1.15029e-04	AbsError: 8.74939e+12
      Equation: "PotentialEquation"	RelError: 3.59882e-05	AbsError: 4.05819e-06
Iteration: 6
  Device: "diode3d"	RelError: 2.01068e-07	AbsError: 1.17873e+11
    Region: "Bulk"	RelError: 2.01068e-07	AbsError: 1.17873e+11
      Equation: "ElectronContinuityEquation"	RelError: 7.06160e-08	AbsError: 7.02304e+10
      Equation: "HoleContinuityEquation"	RelError: 7.31415e-08	AbsError: 4.76425e+10
      Equation: "PotentialEquation"	RelError: 5.73107e-08	AbsError: 1.12031e-08
Iteration: 7
  Device: "diode3d"	RelError: 3.06866e-10	AbsError: 5.71983e+07
    Region: "Bulk"	RelError: 3.06866e-10	AbsError: 5.71983e+07
      Equation: "ElectronContinuityEquation"	RelError: 7.81309e-11	AbsError: 4.57551e+07
      Equation: "HoleContinuityEquation"	RelError: 9.71450e-11	AbsError: 1.14432e+07
      Equation: "PotentialEquation"	RelError: 1.31590e-10	AbsError: 2.32730e-11
top	0.3	6.83003935287e-16	3.37973570093e-16	1.02097750538e-15
bot	0.0	-6.83507885509e-16	-3.37470954652e-16	-1.02097884016e-15
Region "Bulk" on device "diode3d" has equations 0:4250
Device "diode3d" has equations 0:4250
number of equations 4251
Iteration: 0
  Device: "diode3d"	RelError: 2.98675e+01	AbsError: 2.61139e+17
    Region: "Bulk"	RelError: 2.98675e+01	AbsError: 2.61139e+17
      Equation: "ElectronContinuityEquation"	RelError: 7.93256e-01	AbsError: 1.31917e+17
      Equation: "HoleContinuityEquation"	RelError: 7.93314e-01	AbsError: 1.29222e+17
      Equation: "PotentialEquation"	RelError: 2.82810e+01	AbsError: 4.38722e-02
Iteration: 1
  Device: "diode3d"	RelError: 2.14739e+02	AbsError: 9.71246e+16
    Region: "Bulk"	RelError: 2.14739e+02	AbsError: 9.71246e+16
      Equation: "ElectronContinuityEquation"	RelError: 6.85942e-01	AbsError: 2.69937e+16
      Equation: "HoleContinuityEquation"	RelError: 7.72815e-01	AbsError: 7.01309e+16
      Equation: "PotentialEquation"	RelError: 2.13281e+02	AbsError: 3.22610e-02
Iteration: 2
  Device: "diode3d"	RelError: 2.04466e+01	AbsError: 2.48859e+16
    Region: "Bulk"	RelError: 2.04466e+01	AbsError: 2.48859e+16
      Equation: "ElectronContinuityEquation"	RelError: 5.13586e-01	AbsError: 1.52551e+16
      Equation: "HoleContinuityEquation"	RelError: 4.88864e-01	AbsError: 9.63082e+15
      Equation: "PotentialEquation"	RelError: 1.94442e+01	AbsError: 2.86870e-02
Iteration: 3
  Device: "diode3d"	RelError: 6.13319e-01	AbsError: 7.41640e+15
    Region: "Bulk"	RelError: 6.13319e-01	AbsError: 7.41640e+15
      Equation: "ElectronContinuityEquation"	RelError: 3.06404e-01	AbsError: 4.28977e+15
      Equation: "HoleContinuityEquation"	RelError: 1.62662e-01	AbsError: 3.12663e+15
      Equation: "PotentialEquation"	RelError: 1.44253e-01	AbsError: 1.10872e-02
Iteration: 4
  Device: "diode3d"	RelError: 1.92483e-01	AbsError: 4.91741e+15
    Region: "Bulk"	RelError: 1.92483e-01	AbsError: 4.91741e+15
      Equation: "ElectronContinuityEquation"	RelError: 8.75152e-02	AbsError: 2.62977e+15
      Equation: "HoleContinuityEquation"	RelError: 1.28971e-02	AbsError: 2.28764e+15
      Equation: "PotentialEquation"	RelError: 9.20710e-02	AbsError: 1.61731e-03
Iteration: 5
  Device: "diode3d"	RelError: 8.53176e-04	AbsError: 1.51788e+14
    Region: "Bulk"	RelError: 8.53176e-04	AbsError: 1.51788e+14
      Equation: "ElectronContinuityEquation"	RelError: 2.46102e-04	AbsError: 9.21384e+13
      Equation: "HoleContinuityEquation"	RelError: 1.70320e-04	AbsError: 5.96494e+13
      Equation: "PotentialEquation"	RelError: 4.36754e-04	AbsError: 3.09172e-05
Iteration: 6
  Device: "diode3d"	RelError: 6.27964e-07	AbsError: 2.94473e+11
    Region: "Bulk"	RelError: 6.27964e-07	AbsError: 2.94473e+11
      Equation: "ElectronContinuityEquation"	RelError: 1.91389e-07	AbsError: 1.12915e+11
      Equation: "HoleContinuityEquation"	RelError: 1.84295e-07	AbsError: 1.81558e+11
      Equation: "PotentialEquation"	RelError: 2.52280e-07	AbsError: 2.86939e-08
Iteration: 7
  Device: "diode3d"	RelError: 3.48485e-09	AbsError: 1.38661e+09
    Region: "Bulk"	RelError: 3.48485e-09	AbsError: 1.38661e+09
      Equation: "ElectronContinuityEquation"	RelError: 1.10276e-09	AbsError: 4.37575e+08
      Equation: "HoleContinuityEquation"	RelError: 1.09831e-09	AbsError: 9.49035e+08
      Equation: "PotentialEquation"	RelError: 1.28378e-09	AbsError: 2.84333e-11
top	0.4	3.07499041974e-14	1.52170583136e-14	4.5966962511e-14
bot	0.0	-3.07536677446e-14	-1.52132831694e-14	-4.5966950914e-14
Region "Bulk" on device "diode3d" has equations 0:4250
Device "diode3d" has equations 0:4250
number of equations 4251
Iteration: 0
  Device: "diode3d"	RelError: 5.00143e+01	AbsError: 3.22025e+17
    Region: "Bulk"	RelError: 5.00143e+01	AbsError: 3.22025e+17
      Equation: "ElectronContinuityEquation"	RelError: 7.99146e-01	AbsError: 1.53701e+17
      Equation: "HoleContinuityEquation"	RelError: 8.04627e-01	AbsError: 1.68324e+17
      Equation: "PotentialEquation"	RelError: 4.84105e+01	AbsError: 5.01984e-02
Iteration: 1
  Device: "diode3d"	RelError: 1.09778e+02	AbsError: 2.11599e+17
    Region: "Bulk"	RelError: 1.09778e+02	AbsError: 2.11599e+17
      Equation: "ElectronContinuityEquation"	RelError: 6.89742e-01	AbsError: 1.00694e+17
      Equation: "HoleContinuityEquation"	RelError: 8.15219e-01	AbsError: 1.10905e+17
      Equation: "PotentialEquation"	RelError: 1.08273e+02	AbsError: 3.58159e-02
Iteration: 2
  Device: "diode3d"	RelError: 3.71361e+00	AbsError: 1.67055e+16
    Region: "Bulk"	RelError: 3.71361e+00	AbsError: 1.67055e+16
      Equation: "ElectronContinuityEquation"	RelError: 5.04344e-01	AbsError: 7.51823e+15
      Equation: "HoleContinuityEquation"	RelError: 5.88700e-01	AbsError: 9.18731e+15
      Equation: "PotentialEquation"	RelError: 2.62057e+00	AbsError: 2.58903e-02
Iteration: 3
  Device: "diode3d"	RelError: 1.07812e+00	AbsError: 1.15896e+16
    Region: "Bulk"	RelError: 1.07812e+00	AbsError: 1.15896e+16
      Equation: "ElectronContinuityEquation"	RelError: 3.12039e-01	AbsError: 5.43050e+15
      Equation: "HoleContinuityEquation"	RelError: 1.43965e-01	AbsError: 6.15905e+15
      Equation: "PotentialEquation"	RelError: 6.22118e-01	AbsError: 1.52869e-02
Iteration: 4
  Device: "diode3d"	RelError: 1.77481e-01	AbsError: 4.95032e+15
    Region: "Bulk"	RelError: 1.77481e-01	AbsError: 4.95032e+15
      Equation: "ElectronContinuityEquation"	RelError: 8.99041e-02	AbsError: 3.09918e+15
      Equation: "HoleContinuityEquation"	RelError: 1.15857e-02	AbsError: 1.85114e+15
      Equation: "PotentialEquation"	RelError: 7.59910e-02	AbsError: 2.31238e-03
Iteration: 5
  Device: "diode3d"	RelError: 9.29053e-04	AbsError: 8.24231e+13
    Region: "Bulk"	RelError: 9.29053e-04	AbsError: 8.24231e+13
      Equation: "ElectronContinuityEquation"	RelError: 6.22316e-04	AbsError: 3.44260e+13
      Equation: "HoleContinuityEquation"	RelError: 9.92972e-05	AbsError: 4.79971e+13
      Equation: "PotentialEquation"	RelError: 2.07441e-04	AbsError: 4.80024e-06
Iteration: 6
  Device: "diode3d"	RelError: 5.60525e-07	AbsError: 2.57481e+11
    Region: "Bulk"	RelError: 5.60525e-07	AbsError: 2.57481e+11
      Equation: "ElectronContinuityEquation"	RelError: 2.19434e-07	AbsError: 2.14654e+11
      Equation: "HoleContinuityEquation"	RelError: 2.19260e-07	AbsError: 4.28266e+10
      Equation: "PotentialEquation"	RelError: 1.21831e-07	AbsError: 5.68905e-09
Iteration: 7
  Device: "diode3d"	RelError: 4.04615e-10	AbsError: 2.18233e+08
    Region: "Bulk"	RelError: 4.04615e-10	AbsError: 2.18233e+08
      Equation: "ElectronContinuityEquation"	RelError: 1.75007e-10	AbsError: 1.68772e+08
      Equation: "HoleContinuityEquation"	RelError: 1.74368e-10	AbsError: 4.94613e+07
      Equation: "PotentialEquation"	RelError: 5.52398e-11	AbsError: 4.50255e-12
top	0.5	1.38026422406e-12	6.83986484988e-13	2.06425070905e-12
bot	0.0	-1.3802934496e-12	-6.83957220121e-13	-2.06425066972e-12
