
----------------------------------------

 DEVSIM

 Version: Beta 0.01

 Copyright 2009-2013 Devsim LLC

----------------------------------------


Physical group name Base has 0 Tetrahedra.
Physical group name Base has 0 Triangles.
Physical group name Base has 19 Lines.
Physical group name Base has 20 Points.
Physical group name Bulk has 0 Tetrahedra.
Physical group name Bulk has 922 Triangles.
Physical group name Bulk has 1422 Lines.
Physical group name Bulk has 501 Points.
Physical group name Emitter has 0 Tetrahedra.
Physical group name Emitter has 0 Triangles.
Physical group name Emitter has 20 Lines.
Physical group name Emitter has 21 Points.
Device diode2d has 501 coordinates with max index 501
group Bulk has 501 nodes.
Region Bulk has 501 nodes.
Region Bulk has 501 nodes.
group Emitter has 21 nodes.
Contact bot in region Bulk with 21 nodes
group Base has 20 nodes.
Contact top in region Bulk with 20 nodes
Creating Node Solution Potential
Region "Bulk" on device "diode2d" has equations 0:500
Device "diode2d" has equations 0:500
number of equations 501
Iteration: 0
  Device: "diode2d"	RelError: 1.00000e+00	AbsError: 8.93836e-02
    Region: "Bulk"	RelError: 1.00000e+00	AbsError: 8.93836e-02
      Equation: "PotentialEquation"	RelError: 1.00000e+00	AbsError: 8.93836e-02
Iteration: 1
  Device: "diode2d"	RelError: 4.91460e-01	AbsError: 8.63816e-02
    Region: "Bulk"	RelError: 4.91460e-01	AbsError: 8.63816e-02
      Equation: "PotentialEquation"	RelError: 4.91460e-01	AbsError: 8.63816e-02
Iteration: 2
  Device: "diode2d"	RelError: 3.21027e-01	AbsError: 8.31041e-02
    Region: "Bulk"	RelError: 3.21027e-01	AbsError: 8.31041e-02
      Equation: "PotentialEquation"	RelError: 3.21027e-01	AbsError: 8.31041e-02
Iteration: 3
  Device: "diode2d"	RelError: 2.34803e-01	AbsError: 7.94348e-02
    Region: "Bulk"	RelError: 2.34803e-01	AbsError: 7.94348e-02
      Equation: "PotentialEquation"	RelError: 2.34803e-01	AbsError: 7.94348e-02
Iteration: 4
  Device: "diode2d"	RelError: 1.79697e-01	AbsError: 7.40497e-02
    Region: "Bulk"	RelError: 1.79697e-01	AbsError: 7.40497e-02
      Equation: "PotentialEquation"	RelError: 1.79697e-01	AbsError: 7.40497e-02
Iteration: 5
  Device: "diode2d"	RelError: 3.94113e-01	AbsError: 5.62624e-02
    Region: "Bulk"	RelError: 3.94113e-01	AbsError: 5.62624e-02
      Equation: "PotentialEquation"	RelError: 3.94113e-01	AbsError: 5.62624e-02
Iteration: 6
  Device: "diode2d"	RelError: 2.70939e-01	AbsError: 3.95692e-02
    Region: "Bulk"	RelError: 2.70939e-01	AbsError: 3.95692e-02
      Equation: "PotentialEquation"	RelError: 2.70939e-01	AbsError: 3.95692e-02
Iteration: 7
  Device: "diode2d"	RelError: 7.20407e-02	AbsError: 2.91367e-02
    Region: "Bulk"	RelError: 7.20407e-02	AbsError: 2.91367e-02
      Equation: "PotentialEquation"	RelError: 7.20407e-02	AbsError: 2.91367e-02
Iteration: 8
  Device: "diode2d"	RelError: 5.18778e-02	AbsError: 2.47384e-02
    Region: "Bulk"	RelError: 5.18778e-02	AbsError: 2.47384e-02
      Equation: "PotentialEquation"	RelError: 5.18778e-02	AbsError: 2.47384e-02
Iteration: 9
  Device: "diode2d"	RelError: 5.35797e-04	AbsError: 2.55476e-04
    Region: "Bulk"	RelError: 5.35797e-04	AbsError: 2.55476e-04
      Equation: "PotentialEquation"	RelError: 5.35797e-04	AbsError: 2.55476e-04
Iteration: 10
  Device: "diode2d"	RelError: 8.85294e-07	AbsError: 4.22113e-07
    Region: "Bulk"	RelError: 8.85294e-07	AbsError: 4.22113e-07
      Equation: "PotentialEquation"	RelError: 8.85294e-07	AbsError: 4.22113e-07
Iteration: 11
  Device: "diode2d"	RelError: 2.67488e-12	AbsError: 1.27528e-12
    Region: "Bulk"	RelError: 2.67488e-12	AbsError: 1.27528e-12
      Equation: "PotentialEquation"	RelError: 2.67488e-12	AbsError: 1.27528e-12
Iteration: 12
  Device: "diode2d"	RelError: 3.81215e-16	AbsError: 6.17572e-17
    Region: "Bulk"	RelError: 3.81215e-16	AbsError: 6.17572e-17
      Equation: "PotentialEquation"	RelError: 3.81215e-16	AbsError: 6.17572e-17
Warning: Replacing equation with equation of the same name.
Region: Bulk, Equation: PotentialEquation, Variable: Potential
Region "Bulk" on device "diode2d" has equations 0:1502
Device "diode2d" has equations 0:1502
number of equations 1503
Iteration: 0
  Device: "diode2d"	RelError: 2.95633e-13	AbsError: 1.07520e+04
    Region: "Bulk"	RelError: 2.95633e-13	AbsError: 1.07520e+04
      Equation: "ElectronContinuityEquation"	RelError: 1.69391e-13	AbsError: 5.37600e+03
      Equation: "HoleContinuityEquation"	RelError: 1.25358e-13	AbsError: 5.37600e+03
      Equation: "PotentialEquation"	RelError: 8.83505e-16	AbsError: 1.10909e-16
Region "Bulk" on device "diode2d" has equations 0:1502
Device "diode2d" has equations 0:1502
number of equations 1503
Iteration: 0
  Device: "diode2d"	RelError: 1.41015e-13	AbsError: 2.72779e+02
    Region: "Bulk"	RelError: 1.41015e-13	AbsError: 2.72779e+02
      Equation: "ElectronContinuityEquation"	RelError: 1.00111e-13	AbsError: 1.64910e+02
      Equation: "HoleContinuityEquation"	RelError: 4.02935e-14	AbsError: 1.07869e+02
      Equation: "PotentialEquation"	RelError: 6.10942e-16	AbsError: 5.09319e-17
top	0.0	-1.55043592389e-29	3.9362739239e-16	3.9362739239e-16
bot	0.0	-9.58111991076e-15	3.78668596009e-30	-9.58111991076e-15
Region "Bulk" on device "diode2d" has equations 0:1502
Device "diode2d" has equations 0:1502
number of equations 1503
Iteration: 0
  Device: "diode2d"	RelError: 1.44522e+01	AbsError: 2.06964e+17
    Region: "Bulk"	RelError: 1.44522e+01	AbsError: 2.06964e+17
      Equation: "ElectronContinuityEquation"	RelError: 7.74510e-01	AbsError: 1.02710e+17
      Equation: "HoleContinuityEquation"	RelError: 7.74730e-01	AbsError: 1.04254e+17
      Equation: "PotentialEquation"	RelError: 1.29030e+01	AbsError: 4.10116e-02
Iteration: 1
  Device: "diode2d"	RelError: 1.99669e+01	AbsError: 2.44013e+16
    Region: "Bulk"	RelError: 1.99669e+01	AbsError: 2.44013e+16
      Equation: "ElectronContinuityEquation"	RelError: 6.72896e-01	AbsError: 1.25054e+16
      Equation: "HoleContinuityEquation"	RelError: 7.55442e-01	AbsError: 1.18959e+16
      Equation: "PotentialEquation"	RelError: 1.85386e+01	AbsError: 3.07879e-02
Iteration: 2
  Device: "diode2d"	RelError: 1.19486e+00	AbsError: 1.88351e+15
    Region: "Bulk"	RelError: 1.19486e+00	AbsError: 1.88351e+15
      Equation: "ElectronContinuityEquation"	RelError: 4.93361e-01	AbsError: 6.02286e+14
      Equation: "HoleContinuityEquation"	RelError: 4.88227e-01	AbsError: 1.28122e+15
      Equation: "PotentialEquation"	RelError: 2.13273e-01	AbsError: 2.58281e-02
Iteration: 3
  Device: "diode2d"	RelError: 4.29926e-01	AbsError: 1.03472e+15
    Region: "Bulk"	RelError: 4.29926e-01	AbsError: 1.03472e+15
      Equation: "ElectronContinuityEquation"	RelError: 2.96581e-01	AbsError: 3.35698e+13
      Equation: "HoleContinuityEquation"	RelError: 1.08947e-01	AbsError: 1.00115e+15
      Equation: "PotentialEquation"	RelError: 2.43981e-02	AbsError: 9.19468e-03
Iteration: 4
  Device: "diode2d"	RelError: 1.06708e-01	AbsError: 9.80379e+14
    Region: "Bulk"	RelError: 1.06708e-01	AbsError: 9.80379e+14
      Equation: "ElectronContinuityEquation"	RelError: 8.08777e-02	AbsError: 6.62102e+13
      Equation: "HoleContinuityEquation"	RelError: 3.89557e-03	AbsError: 9.14169e+14
      Equation: "PotentialEquation"	RelError: 2.19343e-02	AbsError: 5.50200e-05
Iteration: 5
  Device: "diode2d"	RelError: 8.74390e-05	AbsError: 5.97057e+11
    Region: "Bulk"	RelError: 8.74390e-05	AbsError: 5.97057e+11
      Equation: "ElectronContinuityEquation"	RelError: 6.74537e-05	AbsError: 3.99485e+11
      Equation: "HoleContinuityEquation"	RelError: 5.34336e-06	AbsError: 1.97573e+11
      Equation: "PotentialEquation"	RelError: 1.46420e-05	AbsError: 5.32473e-08
Iteration: 6
  Device: "diode2d"	RelError: 2.20318e-09	AbsError: 1.98418e+08
    Region: "Bulk"	RelError: 2.20318e-09	AbsError: 1.98418e+08
      Equation: "ElectronContinuityEquation"	RelError: 2.98222e-10	AbsError: 1.44007e+08
      Equation: "HoleContinuityEquation"	RelError: 2.99013e-10	AbsError: 5.44110e+07
      Equation: "PotentialEquation"	RelError: 1.60594e-09	AbsError: 7.73122e-12
Iteration: 7
  Device: "diode2d"	RelError: 5.12509e-13	AbsError: 1.86367e+05
    Region: "Bulk"	RelError: 5.12509e-13	AbsError: 1.86367e+05
      Equation: "ElectronContinuityEquation"	RelError: 1.77307e-13	AbsError: 1.68960e+05
      Equation: "HoleContinuityEquation"	RelError: 2.73810e-13	AbsError: 1.74076e+04
      Equation: "PotentialEquation"	RelError: 6.13920e-14	AbsError: 2.31362e-14
top	0.1	2.84714308542e-14	1.02925549147e-14	3.87639857689e-14
bot	0.0	-2.79849337946e-14	-1.38931668733e-14	-4.18781006678e-14
Region "Bulk" on device "diode2d" has equations 0:1502
Device "diode2d" has equations 0:1502
number of equations 1503
Iteration: 0
  Device: "diode2d"	RelError: 1.35850e+02	AbsError: 2.21093e+17
    Region: "Bulk"	RelError: 1.35850e+02	AbsError: 2.21093e+17
      Equation: "ElectronContinuityEquation"	RelError: 7.89791e-01	AbsError: 1.10102e+17
      Equation: "HoleContinuityEquation"	RelError: 7.89945e-01	AbsError: 1.10991e+17
      Equation: "PotentialEquation"	RelError: 1.34270e+02	AbsError: 4.11117e-02
Iteration: 1
  Device: "diode2d"	RelError: 7.17245e+00	AbsError: 2.78514e+16
    Region: "Bulk"	RelError: 7.17245e+00	AbsError: 2.78514e+16
      Equation: "ElectronContinuityEquation"	RelError: 6.85051e-01	AbsError: 1.44270e+16
      Equation: "HoleContinuityEquation"	RelError: 7.72771e-01	AbsError: 1.34244e+16
      Equation: "PotentialEquation"	RelError: 5.71463e+00	AbsError: 3.10595e-02
Iteration: 2
  Device: "diode2d"	RelError: 3.68749e+00	AbsError: 2.40739e+15
    Region: "Bulk"	RelError: 3.68749e+00	AbsError: 2.40739e+15
      Equation: "ElectronContinuityEquation"	RelError: 5.02865e-01	AbsError: 8.95004e+14
      Equation: "HoleContinuityEquation"	RelError: 4.87504e-01	AbsError: 1.51238e+15
      Equation: "PotentialEquation"	RelError: 2.69712e+00	AbsError: 2.58501e-02
Iteration: 3
  Device: "diode2d"	RelError: 4.38685e-01	AbsError: 1.03015e+15
    Region: "Bulk"	RelError: 4.38685e-01	AbsError: 1.03015e+15
      Equation: "ElectronContinuityEquation"	RelError: 2.96852e-01	AbsError: 3.60865e+13
      Equation: "HoleContinuityEquation"	RelError: 1.07437e-01	AbsError: 9.94062e+14
      Equation: "PotentialEquation"	RelError: 3.43958e-02	AbsError: 9.52282e-03
Iteration: 4
  Device: "diode2d"	RelError: 9.74077e-02	AbsError: 1.18395e+15
    Region: "Bulk"	RelError: 9.74077e-02	AbsError: 1.18395e+15
      Equation: "ElectronContinuityEquation"	RelError: 8.22500e-02	AbsError: 7.29441e+13
      Equation: "HoleContinuityEquation"	RelError: 4.57794e-03	AbsError: 1.11100e+15
      Equation: "PotentialEquation"	RelError: 1.05797e-02	AbsError: 5.86488e-05
Iteration: 5
  Device: "diode2d"	RelError: 8.73875e-05	AbsError: 4.89978e+11
    Region: "Bulk"	RelError: 8.73875e-05	AbsError: 4.89978e+11
      Equation: "ElectronContinuityEquation"	RelError: 7.59313e-05	AbsError: 2.06737e+11
      Equation: "HoleContinuityEquation"	RelError: 6.55412e-06	AbsError: 2.83241e+11
      Equation: "PotentialEquation"	RelError: 4.90199e-06	AbsError: 6.08738e-08
Iteration: 6
  Device: "diode2d"	RelError: 8.14518e-10	AbsError: 2.21569e+08
    Region: "Bulk"	RelError: 8.14518e-10	AbsError: 2.21569e+08
      Equation: "ElectronContinuityEquation"	RelError: 2.06858e-10	AbsError: 1.68546e+08
      Equation: "HoleContinuityEquation"	RelError: 2.06894e-10	AbsError: 5.30230e+07
      Equation: "PotentialEquation"	RelError: 4.00766e-10	AbsError: 5.35657e-12
Iteration: 7
  Device: "diode2d"	RelError: 5.30047e-13	AbsError: 2.43224e+05
    Region: "Bulk"	RelError: 5.30047e-13	AbsError: 2.43224e+05
      Equation: "ElectronContinuityEquation"	RelError: 2.45495e-13	AbsError: 2.40383e+05
      Equation: "HoleContinuityEquation"	RelError: 2.71108e-13	AbsError: 2.84091e+03
      Equation: "PotentialEquation"	RelError: 1.34437e-14	AbsError: 6.40343e-15
top	0.2	1.31489550306e-12	6.44258335912e-13	1.95915383897e-12
bot	0.0	-1.32821568474e-12	-6.42393761743e-13	-1.97060944649e-12
Region "Bulk" on device "diode2d" has equations 0:1502
Device "diode2d" has equations 0:1502
number of equations 1503
Iteration: 0
  Device: "diode2d"	RelError: 3.27388e+01	AbsError: 2.35513e+17
    Region: "Bulk"	RelError: 3.27388e+01	AbsError: 2.35513e+17
      Equation: "ElectronContinuityEquation"	RelError: 7.92011e-01	AbsError: 1.17339e+17
      Equation: "HoleContinuityEquation"	RelError: 7.92105e-01	AbsError: 1.18174e+17
      Equation: "PotentialEquation"	RelError: 3.11547e+01	AbsError: 4.10333e-02
Iteration: 1
  Device: "diode2d"	RelError: 3.33524e+00	AbsError: 3.24368e+16
    Region: "Bulk"	RelError: 3.33524e+00	AbsError: 3.24368e+16
      Equation: "ElectronContinuityEquation"	RelError: 6.85374e-01	AbsError: 1.69691e+16
      Equation: "HoleContinuityEquation"	RelError: 7.74585e-01	AbsError: 1.54677e+16
      Equation: "PotentialEquation"	RelError: 1.87529e+00	AbsError: 3.07721e-02
Iteration: 2
  Device: "diode2d"	RelError: 1.88618e+02	AbsError: 3.38992e+15
    Region: "Bulk"	RelError: 1.88618e+02	AbsError: 3.38992e+15
      Equation: "ElectronContinuityEquation"	RelError: 5.03057e-01	AbsError: 1.44533e+15
      Equation: "HoleContinuityEquation"	RelError: 4.88683e-01	AbsError: 1.94458e+15
      Equation: "PotentialEquation"	RelError: 1.87626e+02	AbsError: 2.58758e-02
Iteration: 3
  Device: "diode2d"	RelError: 5.66868e-01	AbsError: 1.12376e+15
    Region: "Bulk"	RelError: 5.66868e-01	AbsError: 1.12376e+15
      Equation: "ElectronContinuityEquation"	RelError: 2.97104e-01	AbsError: 3.46696e+13
      Equation: "HoleContinuityEquation"	RelError: 1.06943e-01	AbsError: 1.08909e+15
      Equation: "PotentialEquation"	RelError: 1.62822e-01	AbsError: 9.17724e-03
Iteration: 4
  Device: "diode2d"	RelError: 1.06834e+00	AbsError: 1.09628e+15
    Region: "Bulk"	RelError: 1.06834e+00	AbsError: 1.09628e+15
      Equation: "ElectronContinuityEquation"	RelError: 8.22917e-02	AbsError: 7.67157e+13
      Equation: "HoleContinuityEquation"	RelError: 4.05232e-03	AbsError: 1.01956e+15
      Equation: "PotentialEquation"	RelError: 9.81999e-01	AbsError: 5.78714e-05
Iteration: 5
  Device: "diode2d"	RelError: 1.22564e-03	AbsError: 2.62186e+11
    Region: "Bulk"	RelError: 1.22564e-03	AbsError: 2.62186e+11
      Equation: "ElectronContinuityEquation"	RelError: 7.47764e-05	AbsError: 9.49046e+10
      Equation: "HoleContinuityEquation"	RelError: 5.65706e-06	AbsError: 1.67282e+11
      Equation: "PotentialEquation"	RelError: 1.14521e-03	AbsError: 7.47984e-08
Iteration: 6
  Device: "diode2d"	RelError: 1.26186e-08	AbsError: 2.00479e+08
    Region: "Bulk"	RelError: 1.26186e-08	AbsError: 2.00479e+08
      Equation: "ElectronContinuityEquation"	RelError: 1.35380e-10	AbsError: 7.62906e+07
      Equation: "HoleContinuityEquation"	RelError: 1.24338e-10	AbsError: 1.24188e+08
      Equation: "PotentialEquation"	RelError: 1.23589e-08	AbsError: 3.23535e-12
Iteration: 7
  Device: "diode2d"	RelError: 2.19969e-11	AbsError: 2.35822e+05
    Region: "Bulk"	RelError: 2.19969e-11	AbsError: 2.35822e+05
      Equation: "ElectronContinuityEquation"	RelError: 3.36438e-13	AbsError: 2.02841e+05
      Equation: "HoleContinuityEquation"	RelError: 3.95206e-13	AbsError: 3.29816e+04
      Equation: "PotentialEquation"	RelError: 2.12652e-11	AbsError: 1.02251e-14
top	0.3	5.94369902525e-11	2.91176831969e-11	8.85546734494e-11
bot	0.0	-5.94850961625e-11	-2.90715893355e-11	-8.8556685498e-11
Region "Bulk" on device "diode2d" has equations 0:1502
Device "diode2d" has equations 0:1502
number of equations 1503
Iteration: 0
  Device: "diode2d"	RelError: 1.96386e+01	AbsError: 2.60094e+17
    Region: "Bulk"	RelError: 1.96386e+01	AbsError: 2.60094e+17
      Equation: "ElectronContinuityEquation"	RelError: 7.92524e-01	AbsError: 1.27415e+17
      Equation: "HoleContinuityEquation"	RelError: 7.92860e-01	AbsError: 1.32679e+17
      Equation: "PotentialEquation"	RelError: 1.80532e+01	AbsError: 4.11372e-02
Iteration: 1
  Device: "diode2d"	RelError: 3.04880e+01	AbsError: 3.92554e+16
    Region: "Bulk"	RelError: 3.04880e+01	AbsError: 3.92554e+16
      Equation: "ElectronContinuityEquation"	RelError: 6.86265e-01	AbsError: 2.17073e+16
      Equation: "HoleContinuityEquation"	RelError: 7.75568e-01	AbsError: 1.75481e+16
      Equation: "PotentialEquation"	RelError: 2.90262e+01	AbsError: 3.07955e-02
Iteration: 2
  Device: "diode2d"	RelError: 3.31217e+02	AbsError: 4.65812e+15
    Region: "Bulk"	RelError: 3.31217e+02	AbsError: 4.65812e+15
      Equation: "ElectronContinuityEquation"	RelError: 5.02516e-01	AbsError: 2.33245e+15
      Equation: "HoleContinuityEquation"	RelError: 4.89733e-01	AbsError: 2.32567e+15
      Equation: "PotentialEquation"	RelError: 3.30225e+02	AbsError: 2.57426e-02
Iteration: 3
  Device: "diode2d"	RelError: 8.15833e-01	AbsError: 1.06049e+15
    Region: "Bulk"	RelError: 8.15833e-01	AbsError: 1.06049e+15
      Equation: "ElectronContinuityEquation"	RelError: 2.97962e-01	AbsError: 1.90702e+13
      Equation: "HoleContinuityEquation"	RelError: 1.06665e-01	AbsError: 1.04142e+15
      Equation: "PotentialEquation"	RelError: 4.11205e-01	AbsError: 9.20380e-03
Iteration: 4
  Device: "diode2d"	RelError: 6.43043e-01	AbsError: 9.31402e+14
    Region: "Bulk"	RelError: 6.43043e-01	AbsError: 9.31402e+14
      Equation: "ElectronContinuityEquation"	RelError: 8.15260e-02	AbsError: 7.79862e+13
      Equation: "HoleContinuityEquation"	RelError: 3.14439e-03	AbsError: 8.53416e+14
      Equation: "PotentialEquation"	RelError: 5.58373e-01	AbsError: 4.93749e-05
Iteration: 5
  Device: "diode2d"	RelError: 8.97309e-05	AbsError: 1.63209e+12
    Region: "Bulk"	RelError: 8.97309e-05	AbsError: 1.63209e+12
      Equation: "ElectronContinuityEquation"	RelError: 6.15888e-05	AbsError: 1.46827e+12
      Equation: "HoleContinuityEquation"	RelError: 5.12165e-06	AbsError: 1.63816e+11
      Equation: "PotentialEquation"	RelError: 2.30204e-05	AbsError: 1.25726e-07
Iteration: 6
  Device: "diode2d"	RelError: 6.46262e-09	AbsError: 1.26755e+09
    Region: "Bulk"	RelError: 6.46262e-09	AbsError: 1.26755e+09
      Equation: "ElectronContinuityEquation"	RelError: 6.82806e-10	AbsError: 6.82323e+08
      Equation: "HoleContinuityEquation"	RelError: 7.27925e-10	AbsError: 5.85229e+08
      Equation: "PotentialEquation"	RelError: 5.05189e-09	AbsError: 1.77828e-11
Iteration: 7
  Device: "diode2d"	RelError: 8.09165e-12	AbsError: 4.02583e+06
    Region: "Bulk"	RelError: 8.09165e-12	AbsError: 4.02583e+06
      Equation: "ElectronContinuityEquation"	RelError: 3.23529e-12	AbsError: 1.06263e+06
      Equation: "HoleContinuityEquation"	RelError: 3.10786e-12	AbsError: 2.96320e+06
      Equation: "PotentialEquation"	RelError: 1.74849e-12	AbsError: 8.00407e-14
top	0.4	2.68110868464e-09	1.3131556215e-09	3.99426430614e-09
bot	0.0	-2.68148602477e-09	-1.31277163078e-09	-3.99425765555e-09
Region "Bulk" on device "diode2d" has equations 0:1502
Device "diode2d" has equations 0:1502
number of equations 1503
Iteration: 0
  Device: "diode2d"	RelError: 2.34658e+01	AbsError: 2.81930e+17
    Region: "Bulk"	RelError: 2.34658e+01	AbsError: 2.81930e+17
      Equation: "ElectronContinuityEquation"	RelError: 7.92617e-01	AbsError: 1.39975e+17
      Equation: "HoleContinuityEquation"	RelError: 7.92024e-01	AbsError: 1.41955e+17
      Equation: "PotentialEquation"	RelError: 2.18811e+01	AbsError: 4.10667e-02
Iteration: 1
  Device: "diode2d"	RelError: 1.67166e+02	AbsError: 6.55763e+16
    Region: "Bulk"	RelError: 1.67166e+02	AbsError: 6.55763e+16
      Equation: "ElectronContinuityEquation"	RelError: 6.87571e-01	AbsError: 2.66965e+16
      Equation: "HoleContinuityEquation"	RelError: 7.73797e-01	AbsError: 3.88798e+16
      Equation: "PotentialEquation"	RelError: 1.65705e+02	AbsError: 3.08266e-02
Iteration: 2
  Device: "diode2d"	RelError: 2.38101e+00	AbsError: 7.17427e+15
    Region: "Bulk"	RelError: 2.38101e+00	AbsError: 7.17427e+15
      Equation: "ElectronContinuityEquation"	RelError: 5.02972e-01	AbsError: 3.69481e+15
      Equation: "HoleContinuityEquation"	RelError: 4.96054e-01	AbsError: 3.47946e+15
      Equation: "PotentialEquation"	RelError: 1.38198e+00	AbsError: 2.58298e-02
Iteration: 3
  Device: "diode2d"	RelError: 8.05794e-01	AbsError: 1.07513e+15
    Region: "Bulk"	RelError: 8.05794e-01	AbsError: 1.07513e+15
      Equation: "ElectronContinuityEquation"	RelError: 2.96275e-01	AbsError: 6.74240e+13
      Equation: "HoleContinuityEquation"	RelError: 1.09749e-01	AbsError: 1.00770e+15
      Equation: "PotentialEquation"	RelError: 3.99770e-01	AbsError: 9.25079e-03
Iteration: 4
  Device: "diode2d"	RelError: 8.47470e-02	AbsError: 8.33775e+14
    Region: "Bulk"	RelError: 8.47470e-02	AbsError: 8.33775e+14
      Equation: "ElectronContinuityEquation"	RelError: 8.06652e-02	AbsError: 7.98745e+13
      Equation: "HoleContinuityEquation"	RelError: 2.91993e-03	AbsError: 7.53900e+14
      Equation: "PotentialEquation"	RelError: 1.16184e-03	AbsError: 4.58427e-05
Iteration: 5
  Device: "diode2d"	RelError: 6.30092e-05	AbsError: 1.63269e+12
    Region: "Bulk"	RelError: 6.30092e-05	AbsError: 1.63269e+12
      Equation: "ElectronContinuityEquation"	RelError: 5.82918e-05	AbsError: 6.30529e+11
      Equation: "HoleContinuityEquation"	RelError: 3.59205e-06	AbsError: 1.00216e+12
      Equation: "PotentialEquation"	RelError: 1.12541e-06	AbsError: 2.75234e-08
Iteration: 6
  Device: "diode2d"	RelError: 3.69381e-09	AbsError: 2.38803e+09
    Region: "Bulk"	RelError: 3.69381e-09	AbsError: 2.38803e+09
      Equation: "ElectronContinuityEquation"	RelError: 1.22426e-09	AbsError: 1.22367e+09
      Equation: "HoleContinuityEquation"	RelError: 1.16478e-09	AbsError: 1.16436e+09
      Equation: "PotentialEquation"	RelError: 1.30478e-09	AbsError: 3.18199e-11
Iteration: 7
  Device: "diode2d"	RelError: 4.65469e-12	AbsError: 2.72401e+06
    Region: "Bulk"	RelError: 4.65469e-12	AbsError: 2.72401e+06
      Equation: "ElectronContinuityEquation"	RelError: 2.20328e-12	AbsError: 2.20223e+06
      Equation: "HoleContinuityEquation"	RelError: 1.89586e-12	AbsError: 5.21785e+05
      Equation: "PotentialEquation"	RelError: 5.55556e-13	AbsError: 5.71440e-14
top	0.5	1.20631681239e-07	5.9124779026e-08	1.79756460265e-07
bot	0.0	-1.20634935128e-07	-5.91215253469e-08	-1.79756460475e-07
