
----------------------------------------

 DEVSIM

 Version: Beta 0.01

 Copyright 2009-2013 Devsim LLC

----------------------------------------


bot
 (region: MyRegion)
 (contact: top)
 (contact: bot)
Region "MyRegion" on device "MyDevice" has equations 0:20
Device "MyDevice" has equations 0:20
0	4294967295	ground
GND	4294967295	ground
V1.I	0	mna
topbias	1	default
Circuit  has equations 21:22
creating solution dcop with 2 nodes
number of equations 23
creating solution dcop_prev with 2 nodes
Iteration: 0
  Device: "MyDevice"	RelError: 0.00000e+00	AbsError: 0.00000e+00
    Region: "MyRegion"	RelError: 0.00000e+00	AbsError: 0.00000e+00
      Equation: "PotentialEquation"	RelError: 0.00000e+00	AbsError: 0.00000e+00
  Circuit: 	RelError: 0.00000e+00	AbsError: 0.00000e+00
Circuit Solution:
V1.I	0
topbias	0
Potential
0.00000e+00
0.00000e+00
0.00000e+00
0.00000e+00
0.00000e+00
0.00000e+00
0.00000e+00
0.00000e+00
0.00000e+00
0.00000e+00
0.00000e+00
0.00000e+00
0.00000e+00
0.00000e+00
0.00000e+00
0.00000e+00
0.00000e+00
0.00000e+00
0.00000e+00
0.00000e+00
0.00000e+00
IntrinsicElectrons
1.00000e+17
1.00000e+17
1.00000e+17
1.00000e+17
1.00000e+17
1.00000e+17
1.00000e+17
1.00000e+17
1.00000e+17
1.00000e+17
1.00000e+17
1.00000e+17
1.00000e+17
1.00000e+17
1.00000e+17
1.00000e+17
1.00000e+17
1.00000e+17
1.00000e+17
1.00000e+17
1.00000e+17
Warning: Replacing equation with equation of the same name.
Region: MyRegion, Equation: PotentialEquation, Variable: Potential
Region "MyRegion" on device "MyDevice" has equations 0:41
Device "MyDevice" has equations 0:41
0	4294967295	ground
GND	4294967295	ground
V1.I	0	mna
topbias	1	default
Circuit  has equations 42:43
number of equations 44
Iteration: 0
  Device: "MyDevice"	RelError: 2.78795e-06	AbsError: 1.12000e+03
    Region: "MyRegion"	RelError: 2.78795e-06	AbsError: 1.12000e+03
      Equation: "ElectronContinuityEquation"	RelError: 1.12000e-14	AbsError: 1.12000e+03
      Equation: "PotentialEquation"	RelError: 2.78795e-06	AbsError: 2.78796e-16
  Circuit: 	RelError: 2.93874e-29	AbsError: 2.93874e-39
Iteration: 1
  Device: "MyDevice"	RelError: 9.78854e-08	AbsError: 2.87986e+01
    Region: "MyRegion"	RelError: 9.78854e-08	AbsError: 2.87986e+01
      Equation: "ElectronContinuityEquation"	RelError: 2.87986e-16	AbsError: 2.87986e+01
      Equation: "PotentialEquation"	RelError: 9.78854e-08	AbsError: 9.78857e-18
  Circuit: 	RelError: 1.10829e-14	AbsError: 1.10829e-24
Circuit Solution:
V1.I	1.10829e-24
topbias	0
Device: MyDevice Contact: bot
	Electron 0.0
	Hole 0
	Total 0.0
Device: MyDevice Contact: top
	Electron 0.0
	Hole 0
	Total 0.0
Region "MyRegion" on device "MyDevice" has equations 0:41
Device "MyDevice" has equations 0:41
0	4294967295	ground
GND	4294967295	ground
V1.I	0	mna
topbias	1	default
Circuit  has equations 42:43
number of equations 44
Iteration: 0
  Device: "MyDevice"	RelError: 1.00000e+00	AbsError: 7.40820e+00
    Region: "MyRegion"	RelError: 1.00000e+00	AbsError: 7.40820e+00
      Equation: "ElectronContinuityEquation"	RelError: 7.40720e-17	AbsError: 7.40720e+00
      Equation: "PotentialEquation"	RelError: 1.00000e+00	AbsError: 1.00000e-03
  Circuit: 	RelError: 1.00000e+00	AbsError: 6.40001e+02
Iteration: 1
  Device: "MyDevice"	RelError: 3.47583e-12	AbsError: 6.24085e+03
    Region: "MyRegion"	RelError: 3.47583e-12	AbsError: 6.24085e+03
      Equation: "ElectronContinuityEquation"	RelError: 6.24085e-14	AbsError: 6.24085e+03
      Equation: "PotentialEquation"	RelError: 3.41342e-12	AbsError: 1.19384e-15
  Circuit: 	RelError: 6.70051e-12	AbsError: 4.28833e-09
Circuit Solution:
V1.I	-640
topbias	0.001
Device: MyDevice Contact: bot
	Electron -639.9999999961792
	Hole 0
	Total -639.9999999961792
Device: MyDevice Contact: top
	Electron 639.9999999813253
	Hole 0
	Total 639.9999999813253
Region "MyRegion" on device "MyDevice" has equations 0:41
Device "MyDevice" has equations 0:41
0	4294967295	ground
GND	4294967295	ground
V1.I	0	mna
topbias	1	default
Circuit  has equations 42:43
number of equations 44
Iteration: 0
  Device: "MyDevice"	RelError: 8.55087e-12	AbsError: 5.78093e+03
    Region: "MyRegion"	RelError: 8.55087e-12	AbsError: 5.78093e+03
      Equation: "ElectronContinuityEquation"	RelError: 5.78093e-14	AbsError: 5.78093e+03
      Equation: "PotentialEquation"	RelError: 8.49306e-12	AbsError: 1.44327e-15
  Circuit: 	RelError: 7.43623e-12	AbsError: 4.75918e-09
Circuit Solution:
V1.I	-640
topbias	0.001
Region "MyRegion" on device "MyDevice" has equations 0:41
Device "MyDevice" has equations 0:41
0	4294967295	ground
GND	4294967295	ground
V1.I	0	mna
topbias	1	default
Circuit  has equations 42:43
Circuit output V1.I has equation 42.
creating solution noise_V1.I_real with 2 nodes
creating solution noise_V1.I_imag with 2 nodes
Device: MyDevice	Region: MyRegion	Creating: V1.I_ElectronContinuityEquation_real
Device: MyDevice	Region: MyRegion	Creating: V1.I_ElectronContinuityEquation_imag
Device: MyDevice	Region: MyRegion	Creating: V1.I_PotentialEquation_real
Device: MyDevice	Region: MyRegion	Creating: V1.I_PotentialEquation_imag
Setting V1.I = (-640000,-5.17117e-13)
Setting topbias = (1,0)
Noise Iteration:
number of equations 44
Replacing Node Model V1.I_ElectronContinuityEquation_real_gradx in region MyRegion of material Si
V1.I_ElectronContinuityEquation_real
0.00000e+00
9.50199e-01
9.00334e-01
8.50424e-01
8.00485e-01
7.50526e-01
7.00553e-01
6.50571e-01
6.00582e-01
5.50588e-01
5.00590e-01
4.50588e-01
4.00582e-01
3.50572e-01
3.00554e-01
2.50527e-01
2.00486e-01
1.50426e-01
1.00335e-01
5.02001e-02
0.00000e+00
V1.I_ElectronContinuityEquation_imag
0.00000e+00
-2.65486e-08
-4.29053e-08
-5.23814e-08
-5.72122e-08
-5.89068e-08
-5.84841e-08
-5.66319e-08
-5.38146e-08
-5.03455e-08
-4.64363e-08
-4.22298e-08
-3.78222e-08
-3.32785e-08
-2.86424e-08
-2.39433e-08
-1.92008e-08
-1.44280e-08
-9.63341e-09
-4.82282e-09
0.00000e+00
V1.I_ElectronContinuityEquation_real_gradx
0.00000e+00
-9.97311e+04
-9.97749e+04
-9.98484e+04
-9.98981e+04
-9.99320e+04
-9.99551e+04
-9.99713e+04
-9.99830e+04
-9.99921e+04
-9.99999e+04
-1.00008e+05
-1.00017e+05
-1.00028e+05
-1.00045e+05
-1.00068e+05
-1.00102e+05
-1.00152e+05
-1.00225e+05
-1.00269e+05
0.00000e+00
V1.I_ElectronContinuityEquation_imag_gradx
0.00000e+00
-3.27135e-02
-2.58328e-02
-1.43069e-02
-6.52541e-03
-1.27194e-03
2.27487e-03
4.66953e-03
6.28640e-03
7.37825e-03
8.11574e-03
8.61414e-03
8.95128e-03
9.17978e-03
9.33520e-03
9.44162e-03
9.51534e-03
9.56739e-03
9.60515e-03
9.62119e-03
0.00000e+00
noisesource
1.06086e-19
1.06086e-19
1.06086e-19
1.06086e-19
1.06086e-19
1.06086e-19
1.06086e-19
1.06086e-19
1.06086e-19
1.06086e-19
1.06086e-19
1.06086e-19
1.06086e-19
1.06086e-19
1.06086e-19
1.06086e-19
1.06086e-19
1.06086e-19
1.06086e-19
1.06086e-19
1.06086e-19
vfield
0.00000e+00
9.94629e+09
9.95503e+09
9.96970e+09
9.97964e+09
9.98640e+09
9.99103e+09
9.99427e+09
9.99660e+09
9.99841e+09
9.99997e+09
1.00015e+10
1.00033e+10
1.00057e+10
1.00089e+10
1.00135e+10
1.00203e+10
1.00303e+10
1.00451e+10
1.00540e+10
0.00000e+00
noise
1.00782e-14
1.00782e-14
1.00782e-14
1.00782e-14
1.00782e-14
1.00782e-14
1.00782e-14
1.00782e-14
1.00782e-14
1.00782e-14
1.00782e-14
1.00782e-14
1.00782e-14
1.00782e-14
1.00782e-14
1.00782e-14
1.00782e-14
1.00782e-14
1.00782e-14
1.00782e-14
1.00782e-14
