
----------------------------------------

 DEVSIM

 Version: Beta 0.01

 Copyright 2009-2013 Devsim LLC

----------------------------------------


mid
bot
 (region: MyRegion)
 (contact: top)
 (contact: bot)
Region "MyRegion" on device "MyDevice" has equations 0:256
Device "MyDevice" has equations 0:256
0	4294967295	ground
GND	4294967295	ground
V1.I	0	mna
top_bias	1	default
Circuit  has equations 257:258
creating solution dcop with 2 nodes
number of equations 259
creating solution dcop_prev with 2 nodes
Iteration: 0
  Device: "MyDevice"	RelError: 1.00000e+00	AbsError: 8.88979e-02
    Region: "MyRegion"	RelError: 1.00000e+00	AbsError: 8.88979e-02
      Equation: "PotentialEquation"	RelError: 1.00000e+00	AbsError: 8.88979e-02
  Circuit: 	RelError: 0.00000e+00	AbsError: 0.00000e+00
Iteration: 1
  Device: "MyDevice"	RelError: 4.91289e-01	AbsError: 8.58533e-02
    Region: "MyRegion"	RelError: 4.91289e-01	AbsError: 8.58533e-02
      Equation: "PotentialEquation"	RelError: 4.91289e-01	AbsError: 8.58533e-02
  Circuit: 	RelError: 0.00000e+00	AbsError: 0.00000e+00
Iteration: 2
  Device: "MyDevice"	RelError: 3.20767e-01	AbsError: 8.25260e-02
    Region: "MyRegion"	RelError: 3.20767e-01	AbsError: 8.25260e-02
      Equation: "PotentialEquation"	RelError: 3.20767e-01	AbsError: 8.25260e-02
  Circuit: 	RelError: 0.00000e+00	AbsError: 0.00000e+00
Iteration: 3
  Device: "MyDevice"	RelError: 2.34485e-01	AbsError: 7.88067e-02
    Region: "MyRegion"	RelError: 2.34485e-01	AbsError: 7.88067e-02
      Equation: "PotentialEquation"	RelError: 2.34485e-01	AbsError: 7.88067e-02
  Circuit: 	RelError: 0.00000e+00	AbsError: 0.00000e+00
Iteration: 4
  Device: "MyDevice"	RelError: 1.94033e-01	AbsError: 7.35639e-02
    Region: "MyRegion"	RelError: 1.94033e-01	AbsError: 7.35639e-02
      Equation: "PotentialEquation"	RelError: 1.94033e-01	AbsError: 7.35639e-02
  Circuit: 	RelError: 0.00000e+00	AbsError: 0.00000e+00
Iteration: 5
  Device: "MyDevice"	RelError: 2.20108e+00	AbsError: 5.56834e-02
    Region: "MyRegion"	RelError: 2.20108e+00	AbsError: 5.56834e-02
      Equation: "PotentialEquation"	RelError: 2.20108e+00	AbsError: 5.56834e-02
  Circuit: 	RelError: 0.00000e+00	AbsError: 0.00000e+00
Iteration: 6
  Device: "MyDevice"	RelError: 4.34688e-01	AbsError: 3.95692e-02
    Region: "MyRegion"	RelError: 4.34688e-01	AbsError: 3.95692e-02
      Equation: "PotentialEquation"	RelError: 4.34688e-01	AbsError: 3.95692e-02
  Circuit: 	RelError: 0.00000e+00	AbsError: 0.00000e+00
Iteration: 7
  Device: "MyDevice"	RelError: 6.45050e-02	AbsError: 2.91367e-02
    Region: "MyRegion"	RelError: 6.45050e-02	AbsError: 2.91367e-02
      Equation: "PotentialEquation"	RelError: 6.45050e-02	AbsError: 2.91367e-02
  Circuit: 	RelError: 0.00000e+00	AbsError: 0.00000e+00
Iteration: 8
  Device: "MyDevice"	RelError: 5.18778e-02	AbsError: 2.47384e-02
    Region: "MyRegion"	RelError: 5.18778e-02	AbsError: 2.47384e-02
      Equation: "PotentialEquation"	RelError: 5.18778e-02	AbsError: 2.47384e-02
  Circuit: 	RelError: 0.00000e+00	AbsError: 0.00000e+00
Iteration: 9
  Device: "MyDevice"	RelError: 8.93317e-04	AbsError: 4.25961e-04
    Region: "MyRegion"	RelError: 8.93317e-04	AbsError: 4.25961e-04
      Equation: "PotentialEquation"	RelError: 8.93317e-04	AbsError: 4.25961e-04
  Circuit: 	RelError: 0.00000e+00	AbsError: 0.00000e+00
Iteration: 10
  Device: "MyDevice"	RelError: 2.08087e-06	AbsError: 9.92174e-07
    Region: "MyRegion"	RelError: 2.08087e-06	AbsError: 9.92174e-07
      Equation: "PotentialEquation"	RelError: 2.08087e-06	AbsError: 9.92174e-07
  Circuit: 	RelError: 0.00000e+00	AbsError: 0.00000e+00
Iteration: 11
  Device: "MyDevice"	RelError: 1.63447e-11	AbsError: 7.79300e-12
    Region: "MyRegion"	RelError: 1.63447e-11	AbsError: 7.79300e-12
      Equation: "PotentialEquation"	RelError: 1.63447e-11	AbsError: 7.79300e-12
  Circuit: 	RelError: 0.00000e+00	AbsError: 0.00000e+00
Iteration: 12
  Device: "MyDevice"	RelError: 1.88132e-14	AbsError: 4.89945e-17
    Region: "MyRegion"	RelError: 1.88132e-14	AbsError: 4.89945e-17
      Equation: "PotentialEquation"	RelError: 1.88132e-14	AbsError: 4.89945e-17
  Circuit: 	RelError: 0.00000e+00	AbsError: 0.00000e+00
Circuit Solution:
V1.I	0
top_bias	0
Warning: Replacing equation with equation of the same name.
Region: MyRegion, Equation: PotentialEquation, Variable: Potential
Region "MyRegion" on device "MyDevice" has equations 0:770
Device "MyDevice" has equations 0:770
0	4294967295	ground
GND	4294967295	ground
V1.I	0	mna
top_bias	1	default
Circuit  has equations 771:772
number of equations 773
Iteration: 0
  Device: "MyDevice"	RelError: 3.13615e-14	AbsError: 1.07520e+04
    Region: "MyRegion"	RelError: 3.13615e-14	AbsError: 1.07520e+04
      Equation: "ElectronContinuityEquation"	RelError: 9.39679e-15	AbsError: 5.37600e+03
      Equation: "HoleContinuityEquation"	RelError: 9.75362e-15	AbsError: 5.37600e+03
      Equation: "PotentialEquation"	RelError: 1.22111e-14	AbsError: 9.24935e-17
  Circuit: 	RelError: 4.63221e-13	AbsError: 4.63221e-23
Circuit Solution:
V1.I	-4.63221e-23
top_bias	0
bot	0	2.01530884685e-09	5.09278612903e-25	2.01530884685e-09
Region "MyRegion" on device "MyDevice" has equations 0:770
Device "MyDevice" has equations 0:770
0	4294967295	ground
GND	4294967295	ground
V1.I	0	mna
top_bias	1	default
Circuit  has equations 771:772
creating solution ssac_real with 2 nodes
creating solution ssac_imag with 2 nodes
Device: MyDevice	Region: MyRegion	Creating: Electrons_Real
Device: MyDevice	Region: MyRegion	Creating: Electrons_Imag
Device: MyDevice	Region: MyRegion	Creating: Holes_Real
Device: MyDevice	Region: MyRegion	Creating: Holes_Imag
Device: MyDevice	Region: MyRegion	Creating: Potential_Real
Device: MyDevice	Region: MyRegion	Creating: Potential_Imag
Setting V1.I = (2.98023e-07,1.30013e-06)
Setting top_bias = (1,0)
AC Iteration:
number of equations 773
Circuit AC Solution:
V1.I	(2.98023e-07,1.30013e-06)
top_bias	(1,0)
capacitance 0.0 2.06921704322e-07
Region "MyRegion" on device "MyDevice" has equations 0:770
Device "MyDevice" has equations 0:770
0	4294967295	ground
GND	4294967295	ground
V1.I	0	mna
top_bias	1	default
Circuit  has equations 771:772
number of equations 773
Iteration: 0
  Device: "MyDevice"	RelError: 1.55882e+01	AbsError: 2.08314e+17
    Region: "MyRegion"	RelError: 1.55882e+01	AbsError: 2.08314e+17
      Equation: "ElectronContinuityEquation"	RelError: 7.73734e-01	AbsError: 1.04105e+17
      Equation: "HoleContinuityEquation"	RelError: 7.73745e-01	AbsError: 1.04210e+17
      Equation: "PotentialEquation"	RelError: 1.40407e+01	AbsError: 4.09542e-02
  Circuit: 	RelError: 1.00000e+00	AbsError: 1.00000e-01
Iteration: 1
  Device: "MyDevice"	RelError: 3.17469e+01	AbsError: 2.42400e+16
    Region: "MyRegion"	RelError: 3.17469e+01	AbsError: 2.42400e+16
      Equation: "ElectronContinuityEquation"	RelError: 6.73265e-01	AbsError: 1.24340e+16
      Equation: "HoleContinuityEquation"	RelError: 7.58000e-01	AbsError: 1.18060e+16
      Equation: "PotentialEquation"	RelError: 3.03156e+01	AbsError: 3.07632e-02
  Circuit: 	RelError: 5.21500e+00	AbsError: 7.82311e-08
Iteration: 2
  Device: "MyDevice"	RelError: 1.19739e+00	AbsError: 1.61677e+15
    Region: "MyRegion"	RelError: 1.19739e+00	AbsError: 1.61677e+15
      Equation: "ElectronContinuityEquation"	RelError: 4.97846e-01	AbsError: 5.28126e+14
      Equation: "HoleContinuityEquation"	RelError: 4.94003e-01	AbsError: 1.08864e+15
      Equation: "PotentialEquation"	RelError: 2.05543e-01	AbsError: 2.57657e-02
  Circuit: 	RelError: 1.71888e+00	AbsError: 3.53903e-08
Iteration: 3
  Device: "MyDevice"	RelError: 3.86537e-01	AbsError: 1.91962e+14
    Region: "MyRegion"	RelError: 3.86537e-01	AbsError: 1.91962e+14
      Equation: "ElectronContinuityEquation"	RelError: 2.85215e-01	AbsError: 2.56968e+12
      Equation: "HoleContinuityEquation"	RelError: 7.70016e-02	AbsError: 1.89393e+14
      Equation: "PotentialEquation"	RelError: 2.43203e-02	AbsError: 9.16533e-03
  Circuit: 	RelError: 1.90605e+00	AbsError: 1.35042e-08
Iteration: 4
  Device: "MyDevice"	RelError: 8.06451e-02	AbsError: 1.67912e+14
    Region: "MyRegion"	RelError: 8.06451e-02	AbsError: 1.67912e+14
      Equation: "ElectronContinuityEquation"	RelError: 7.58952e-02	AbsError: 7.60494e+12
      Equation: "HoleContinuityEquation"	RelError: 4.18430e-04	AbsError: 1.60307e+14
      Equation: "PotentialEquation"	RelError: 4.33152e-03	AbsError: 5.84591e-06
  Circuit: 	RelError: 6.17523e-01	AbsError: 2.70481e-09
Iteration: 5
  Device: "MyDevice"	RelError: 8.02233e-06	AbsError: 5.16326e+09
    Region: "MyRegion"	RelError: 8.02233e-06	AbsError: 5.16326e+09
      Equation: "ElectronContinuityEquation"	RelError: 7.95868e-06	AbsError: 6.38142e+07
      Equation: "HoleContinuityEquation"	RelError: 6.34385e-08	AbsError: 5.09945e+09
      Equation: "PotentialEquation"	RelError: 2.11524e-10	AbsError: 6.37264e-11
  Circuit: 	RelError: 1.76562e-05	AbsError: 7.73374e-14
Iteration: 6
  Device: "MyDevice"	RelError: 1.67036e-10	AbsError: 5.26422e+05
    Region: "MyRegion"	RelError: 1.67036e-10	AbsError: 5.26422e+05
      Equation: "ElectronContinuityEquation"	RelError: 8.95164e-12	AbsError: 2.62994e+05
      Equation: "HoleContinuityEquation"	RelError: 8.13365e-12	AbsError: 2.63428e+05
      Equation: "PotentialEquation"	RelError: 1.49951e-10	AbsError: 2.38308e-13
  Circuit: 	RelError: 7.73514e-11	AbsError: 3.38813e-19
Iteration: 7
  Device: "MyDevice"	RelError: 8.96678e-13	AbsError: 2.62081e+03
    Region: "MyRegion"	RelError: 8.96678e-13	AbsError: 2.62081e+03
      Equation: "ElectronContinuityEquation"	RelError: 9.79235e-14	AbsError: 1.31318e+03
      Equation: "HoleContinuityEquation"	RelError: 3.83840e-14	AbsError: 1.30764e+03
      Equation: "PotentialEquation"	RelError: 7.60371e-13	AbsError: 1.21459e-15
  Circuit: 	RelError: 2.57435e-12	AbsError: 1.12761e-20
Circuit Solution:
V1.I	-4.28018e-09
top_bias	0.1
bot	0	-2.45661809008e-08	-1.38872658224e-09	-2.59549074831e-08
Region "MyRegion" on device "MyDevice" has equations 0:770
Device "MyDevice" has equations 0:770
0	4294967295	ground
GND	4294967295	ground
V1.I	0	mna
top_bias	1	default
Circuit  has equations 771:772
Setting V1.I = (-4.17233e-07,1.3723e-06)
Setting top_bias = (1,0)
AC Iteration:
number of equations 773
Circuit AC Solution:
V1.I	(-4.17233e-07,1.3723e-06)
top_bias	(1,0)
capacitance 0.1 2.18409119856e-07
Region "MyRegion" on device "MyDevice" has equations 0:770
Device "MyDevice" has equations 0:770
0	4294967295	ground
GND	4294967295	ground
V1.I	0	mna
top_bias	1	default
Circuit  has equations 771:772
number of equations 773
Iteration: 0
  Device: "MyDevice"	RelError: 2.92670e+02	AbsError: 2.23708e+17
    Region: "MyRegion"	RelError: 2.92670e+02	AbsError: 2.23708e+17
      Equation: "ElectronContinuityEquation"	RelError: 7.91778e-01	AbsError: 1.11862e+17
      Equation: "HoleContinuityEquation"	RelError: 7.91651e-01	AbsError: 1.11847e+17
      Equation: "PotentialEquation"	RelError: 2.91087e+02	AbsError: 4.12072e-02
  Circuit: 	RelError: 1.38991e+00	AbsError: 1.00000e-01
Iteration: 1
  Device: "MyDevice"	RelError: 1.78106e+02	AbsError: 2.62146e+16
    Region: "MyRegion"	RelError: 1.78106e+02	AbsError: 2.62146e+16
      Equation: "ElectronContinuityEquation"	RelError: 6.85415e-01	AbsError: 1.34970e+16
      Equation: "HoleContinuityEquation"	RelError: 7.75685e-01	AbsError: 1.27176e+16
      Equation: "PotentialEquation"	RelError: 1.76645e+02	AbsError: 3.06859e-02
  Circuit: 	RelError: 1.15538e+00	AbsError: 7.82311e-08
Iteration: 2
  Device: "MyDevice"	RelError: 1.30482e+01	AbsError: 2.24041e+15
    Region: "MyRegion"	RelError: 1.30482e+01	AbsError: 2.24041e+15
      Equation: "ElectronContinuityEquation"	RelError: 5.05029e-01	AbsError: 9.97841e+14
      Equation: "HoleContinuityEquation"	RelError: 4.95150e-01	AbsError: 1.24257e+15
      Equation: "PotentialEquation"	RelError: 1.20480e+01	AbsError: 2.58838e-02
  Circuit: 	RelError: 5.41892e-01	AbsError: 8.00937e-08
Iteration: 3
  Device: "MyDevice"	RelError: 3.93662e-01	AbsError: 1.61826e+14
    Region: "MyRegion"	RelError: 3.93662e-01	AbsError: 1.61826e+14
      Equation: "ElectronContinuityEquation"	RelError: 2.87042e-01	AbsError: 1.07551e+12
      Equation: "HoleContinuityEquation"	RelError: 7.38461e-02	AbsError: 1.60751e+14
      Equation: "PotentialEquation"	RelError: 3.27739e-02	AbsError: 9.07378e-03
  Circuit: 	RelError: 1.76437e-01	AbsError: 3.16650e-08
Iteration: 4
  Device: "MyDevice"	RelError: 8.14377e-02	AbsError: 1.46977e+14
    Region: "MyRegion"	RelError: 8.14377e-02	AbsError: 1.46977e+14
      Equation: "ElectronContinuityEquation"	RelError: 7.60034e-02	AbsError: 7.35584e+12
      Equation: "HoleContinuityEquation"	RelError: 3.50407e-04	AbsError: 1.39621e+14
      Equation: "PotentialEquation"	RelError: 5.08383e-03	AbsError: 5.30338e-06
  Circuit: 	RelError: 7.26901e-02	AbsError: 1.40682e-08
Iteration: 5
  Device: "MyDevice"	RelError: 7.47673e-06	AbsError: 5.04880e+09
    Region: "MyRegion"	RelError: 7.47673e-06	AbsError: 5.04880e+09
      Equation: "ElectronContinuityEquation"	RelError: 7.05338e-06	AbsError: 4.71791e+08
      Equation: "HoleContinuityEquation"	RelError: 1.11362e-07	AbsError: 4.57701e+09
      Equation: "PotentialEquation"	RelError: 3.11987e-07	AbsError: 4.24113e-10
  Circuit: 	RelError: 2.34457e-06	AbsError: 4.53762e-13
Iteration: 6
  Device: "MyDevice"	RelError: 9.39728e-11	AbsError: 2.45246e+05
    Region: "MyRegion"	RelError: 9.39728e-11	AbsError: 2.45246e+05
      Equation: "ElectronContinuityEquation"	RelError: 4.04755e-12	AbsError: 1.22510e+05
      Equation: "HoleContinuityEquation"	RelError: 5.10108e-12	AbsError: 1.22736e+05
      Equation: "PotentialEquation"	RelError: 8.48242e-11	AbsError: 1.03973e-13
  Circuit: 	RelError: 1.32768e-10	AbsError: 2.56956e-17
Iteration: 7
  Device: "MyDevice"	RelError: 4.14755e-13	AbsError: 4.10743e+02
    Region: "MyRegion"	RelError: 4.14755e-13	AbsError: 4.10743e+02
      Equation: "ElectronContinuityEquation"	RelError: 1.98688e-14	AbsError: 2.22676e+02
      Equation: "HoleContinuityEquation"	RelError: 3.42774e-13	AbsError: 1.88067e+02
      Equation: "PotentialEquation"	RelError: 5.21122e-14	AbsError: 7.14145e-17
  Circuit: 	RelError: 3.60042e-14	AbsError: 6.96817e-21
Circuit Solution:
V1.I	-1.93437e-07
top_bias	0.2
bot	0	-1.08092003298e-07	-6.41988690853e-08	-1.72290872383e-07
Region "MyRegion" on device "MyDevice" has equations 0:770
Device "MyDevice" has equations 0:770
0	4294967295	ground
GND	4294967295	ground
V1.I	0	mna
top_bias	1	default
Circuit  has equations 771:772
Setting V1.I = (-7.33137e-06,1.48424e-06)
Setting top_bias = (1,0)
AC Iteration:
number of equations 773
Circuit AC Solution:
V1.I	(-7.33137e-06,1.48424e-06)
top_bias	(1,0)
capacitance 0.2 2.36224456981e-07
Region "MyRegion" on device "MyDevice" has equations 0:770
Device "MyDevice" has equations 0:770
0	4294967295	ground
GND	4294967295	ground
V1.I	0	mna
top_bias	1	default
Circuit  has equations 771:772
number of equations 773
Iteration: 0
  Device: "MyDevice"	RelError: 1.76189e+01	AbsError: 2.36203e+17
    Region: "MyRegion"	RelError: 1.76189e+01	AbsError: 2.36203e+17
      Equation: "ElectronContinuityEquation"	RelError: 7.92014e-01	AbsError: 1.18082e+17
      Equation: "HoleContinuityEquation"	RelError: 7.91979e-01	AbsError: 1.18122e+17
      Equation: "PotentialEquation"	RelError: 1.60349e+01	AbsError: 4.09547e-02
  Circuit: 	RelError: 7.88771e-01	AbsError: 1.00001e-01
Iteration: 1
  Device: "MyDevice"	RelError: 5.80383e+01	AbsError: 3.20597e+16
    Region: "MyRegion"	RelError: 5.80383e+01	AbsError: 3.20597e+16
      Equation: "ElectronContinuityEquation"	RelError: 6.87333e-01	AbsError: 1.65534e+16
      Equation: "HoleContinuityEquation"	RelError: 7.76728e-01	AbsError: 1.55063e+16
      Equation: "PotentialEquation"	RelError: 5.65742e+01	AbsError: 3.07631e-02
  Circuit: 	RelError: 7.28515e-01	AbsError: 2.45869e-06
Iteration: 2
  Device: "MyDevice"	RelError: 8.51180e+00	AbsError: 3.22691e+15
    Region: "MyRegion"	RelError: 8.51180e+00	AbsError: 3.22691e+15
      Equation: "ElectronContinuityEquation"	RelError: 5.07282e-01	AbsError: 1.57394e+15
      Equation: "HoleContinuityEquation"	RelError: 4.97204e-01	AbsError: 1.65297e+15
      Equation: "PotentialEquation"	RelError: 7.50732e+00	AbsError: 2.56511e-02
  Circuit: 	RelError: 4.96680e-01	AbsError: 3.33041e-06
Iteration: 3
  Device: "MyDevice"	RelError: 4.11210e-01	AbsError: 1.78034e+14
    Region: "MyRegion"	RelError: 4.11210e-01	AbsError: 1.78034e+14
      Equation: "ElectronContinuityEquation"	RelError: 2.83457e-01	AbsError: 2.85436e+12
      Equation: "HoleContinuityEquation"	RelError: 7.59312e-02	AbsError: 1.75179e+14
      Equation: "PotentialEquation"	RelError: 5.18215e-02	AbsError: 9.16514e-03
  Circuit: 	RelError: 1.88828e-01	AbsError: 1.56090e-06
Iteration: 4
  Device: "MyDevice"	RelError: 7.99052e-02	AbsError: 1.40263e+14
    Region: "MyRegion"	RelError: 7.99052e-02	AbsError: 1.40263e+14
      Equation: "ElectronContinuityEquation"	RelError: 7.70548e-02	AbsError: 7.36340e+12
      Equation: "HoleContinuityEquation"	RelError: 3.43965e-04	AbsError: 1.32899e+14
      Equation: "PotentialEquation"	RelError: 2.50651e-03	AbsError: 4.83359e-06
  Circuit: 	RelError: 5.17559e-02	AbsError: 4.51178e-07
Iteration: 5
  Device: "MyDevice"	RelError: 8.69545e-06	AbsError: 1.04805e+12
    Region: "MyRegion"	RelError: 8.69545e-06	AbsError: 1.04805e+12
      Equation: "ElectronContinuityEquation"	RelError: 7.49397e-06	AbsError: 1.37362e+08
      Equation: "HoleContinuityEquation"	RelError: 1.04807e-06	AbsError: 1.04791e+12
      Equation: "PotentialEquation"	RelError: 1.53407e-07	AbsError: 2.71310e-08
  Circuit: 	RelError: 5.09409e-06	AbsError: 4.44071e-11
Iteration: 6
  Device: "MyDevice"	RelError: 1.32180e-11	AbsError: 4.35512e+06
    Region: "MyRegion"	RelError: 1.32180e-11	AbsError: 4.35512e+06
      Equation: "ElectronContinuityEquation"	RelError: 8.17682e-12	AbsError: 2.80874e+04
      Equation: "HoleContinuityEquation"	RelError: 4.32768e-12	AbsError: 4.32704e+06
      Equation: "PotentialEquation"	RelError: 7.13451e-13	AbsError: 1.26178e-13
  Circuit: 	RelError: 3.83321e-10	AbsError: 3.34155e-15
Iteration: 7
  Device: "MyDevice"	RelError: 9.32523e-13	AbsError: 5.28818e+02
    Region: "MyRegion"	RelError: 9.32523e-13	AbsError: 5.28818e+02
      Equation: "ElectronContinuityEquation"	RelError: 5.56204e-13	AbsError: 2.40223e+02
      Equation: "HoleContinuityEquation"	RelError: 3.48827e-13	AbsError: 2.88595e+02
      Equation: "PotentialEquation"	RelError: 2.74913e-14	AbsError: 7.02543e-17
  Circuit: 	RelError: 1.15609e-14	AbsError: 1.00780e-19
Circuit Solution:
V1.I	-8.71728e-06
top_bias	0.3
bot	0	-5.80968228896e-06	-2.90489765995e-06	-8.71457994891e-06
Region "MyRegion" on device "MyDevice" has equations 0:770
Device "MyDevice" has equations 0:770
0	4294967295	ground
GND	4294967295	ground
V1.I	0	mna
top_bias	1	default
Circuit  has equations 771:772
Setting V1.I = (-0.000332475,1.49646e-06)
Setting top_bias = (1,0)
AC Iteration:
number of equations 773
Circuit AC Solution:
V1.I	(-0.000332475,1.49646e-06)
top_bias	(1,0)
capacitance 0.3 2.38169490227e-07
Region "MyRegion" on device "MyDevice" has equations 0:770
Device "MyDevice" has equations 0:770
0	4294967295	ground
GND	4294967295	ground
V1.I	0	mna
top_bias	1	default
Circuit  has equations 771:772
number of equations 773
Iteration: 0
  Device: "MyDevice"	RelError: 4.11247e+01	AbsError: 2.55030e+17
    Region: "MyRegion"	RelError: 4.11247e+01	AbsError: 2.55030e+17
      Equation: "ElectronContinuityEquation"	RelError: 7.92182e-01	AbsError: 1.27553e+17
      Equation: "HoleContinuityEquation"	RelError: 7.92127e-01	AbsError: 1.27476e+17
      Equation: "PotentialEquation"	RelError: 3.95404e+01	AbsError: 4.09542e-02
  Circuit: 	RelError: 7.91959e-01	AbsError: 1.00033e-01
Iteration: 1
  Device: "MyDevice"	RelError: 2.18537e+01	AbsError: 3.81854e+16
    Region: "MyRegion"	RelError: 2.18537e+01	AbsError: 3.81854e+16
      Equation: "ElectronContinuityEquation"	RelError: 6.87346e-01	AbsError: 1.98277e+16
      Equation: "HoleContinuityEquation"	RelError: 7.76838e-01	AbsError: 1.83577e+16
      Equation: "PotentialEquation"	RelError: 2.03895e+01	AbsError: 3.07773e-02
  Circuit: 	RelError: 7.24218e-01	AbsError: 1.10038e-04
Iteration: 2
  Device: "MyDevice"	RelError: 1.27550e+01	AbsError: 4.69923e+15
    Region: "MyRegion"	RelError: 1.27550e+01	AbsError: 4.69923e+15
      Equation: "ElectronContinuityEquation"	RelError: 5.07585e-01	AbsError: 2.55241e+15
      Equation: "HoleContinuityEquation"	RelError: 4.98119e-01	AbsError: 2.14682e+15
      Equation: "PotentialEquation"	RelError: 1.17493e+01	AbsError: 2.58118e-02
  Circuit: 	RelError: 4.97728e-01	AbsError: 1.50565e-04
Iteration: 3
  Device: "MyDevice"	RelError: 4.80707e-01	AbsError: 1.82036e+14
    Region: "MyRegion"	RelError: 4.80707e-01	AbsError: 1.82036e+14
      Equation: "ElectronContinuityEquation"	RelError: 2.85349e-01	AbsError: 8.97682e+12
      Equation: "HoleContinuityEquation"	RelError: 7.58768e-02	AbsError: 1.73059e+14
      Equation: "PotentialEquation"	RelError: 1.19481e-01	AbsError: 9.18297e-03
  Circuit: 	RelError: 1.89462e-01	AbsError: 7.07102e-05
Iteration: 4
  Device: "MyDevice"	RelError: 7.99395e-02	AbsError: 1.22252e+14
    Region: "MyRegion"	RelError: 7.99395e-02	AbsError: 1.22252e+14
      Equation: "ElectronContinuityEquation"	RelError: 7.68153e-02	AbsError: 7.16925e+12
      Equation: "HoleContinuityEquation"	RelError: 2.92638e-04	AbsError: 1.15083e+14
      Equation: "PotentialEquation"	RelError: 2.83155e-03	AbsError: 4.28628e-06
  Circuit: 	RelError: 5.12300e-02	AbsError: 2.01522e-05
Iteration: 5
  Device: "MyDevice"	RelError: 5.91545e-06	AbsError: 1.79432e+10
    Region: "MyRegion"	RelError: 5.91545e-06	AbsError: 1.79432e+10
      Equation: "ElectronContinuityEquation"	RelError: 5.87824e-06	AbsError: 5.98515e+07
      Equation: "HoleContinuityEquation"	RelError: 3.11844e-08	AbsError: 1.78833e+10
      Equation: "PotentialEquation"	RelError: 6.02422e-09	AbsError: 4.63005e-10
  Circuit: 	RelError: 3.90652e-06	AbsError: 1.53669e-09
Iteration: 6
  Device: "MyDevice"	RelError: 7.12499e-13	AbsError: 1.02213e+05
    Region: "MyRegion"	RelError: 7.12499e-13	AbsError: 1.02213e+05
      Equation: "ElectronContinuityEquation"	RelError: 2.27070e-13	AbsError: 3.47578e+02
      Equation: "HoleContinuityEquation"	RelError: 4.51827e-13	AbsError: 1.01865e+05
      Equation: "PotentialEquation"	RelError: 3.36022e-14	AbsError: 2.58257e-15
  Circuit: 	RelError: 3.50868e-13	AbsError: 1.38019e-16
Circuit Solution:
V1.I	-0.000393366
top_bias	0.4
bot	0	-0.000262170043905	-0.000131169633098	-0.000393339677004
Region "MyRegion" on device "MyDevice" has equations 0:770
Device "MyDevice" has equations 0:770
0	4294967295	ground
GND	4294967295	ground
V1.I	0	mna
top_bias	1	default
Circuit  has equations 771:772
Setting V1.I = (-0.0149822,1.7587e-06)
Setting top_bias = (1,0)
AC Iteration:
number of equations 773
Circuit AC Solution:
V1.I	(-0.0149822,1.7587e-06)
top_bias	(1,0)
capacitance 0.4 2.79905816756e-07
Region "MyRegion" on device "MyDevice" has equations 0:770
Device "MyDevice" has equations 0:770
0	4294967295	ground
GND	4294967295	ground
V1.I	0	mna
top_bias	1	default
Circuit  has equations 771:772
number of equations 773
Iteration: 0
  Device: "MyDevice"	RelError: 4.28085e+01	AbsError: 2.79301e+17
    Region: "MyRegion"	RelError: 4.28085e+01	AbsError: 2.79301e+17
      Equation: "ElectronContinuityEquation"	RelError: 7.92068e-01	AbsError: 1.39697e+17
      Equation: "HoleContinuityEquation"	RelError: 7.92055e-01	AbsError: 1.39604e+17
      Equation: "PotentialEquation"	RelError: 4.12244e+01	AbsError: 4.09563e-02
  Circuit: 	RelError: 7.92049e-01	AbsError: 1.01498e-01
Iteration: 1
  Device: "MyDevice"	RelError: 2.36869e+02	AbsError: 4.70493e+16
    Region: "MyRegion"	RelError: 2.36869e+02	AbsError: 4.70493e+16
      Equation: "ElectronContinuityEquation"	RelError: 6.87124e-01	AbsError: 2.45862e+16
      Equation: "HoleContinuityEquation"	RelError: 7.76600e-01	AbsError: 2.24631e+16
      Equation: "PotentialEquation"	RelError: 2.35405e+02	AbsError: 3.07632e-02
  Circuit: 	RelError: 7.23981e-01	AbsError: 4.96164e-03
Iteration: 2
  Device: "MyDevice"	RelError: 2.37518e+00	AbsError: 7.17439e+15
    Region: "MyRegion"	RelError: 2.37518e+00	AbsError: 7.17439e+15
      Equation: "ElectronContinuityEquation"	RelError: 5.06846e-01	AbsError: 4.23014e+15
      Equation: "HoleContinuityEquation"	RelError: 5.00372e-01	AbsError: 2.94425e+15
      Equation: "PotentialEquation"	RelError: 1.36796e+00	AbsError: 2.58032e-02
  Circuit: 	RelError: 4.97479e-01	AbsError: 6.78450e-03
Iteration: 3
  Device: "MyDevice"	RelError: 7.55964e-01	AbsError: 2.46101e+14
    Region: "MyRegion"	RelError: 7.55964e-01	AbsError: 2.46101e+14
      Equation: "ElectronContinuityEquation"	RelError: 2.85015e-01	AbsError: 2.19369e+13
      Equation: "HoleContinuityEquation"	RelError: 7.48721e-02	AbsError: 2.24164e+14
      Equation: "PotentialEquation"	RelError: 3.96077e-01	AbsError: 9.16532e-03
  Circuit: 	RelError: 1.88935e-01	AbsError: 3.17687e-03
Iteration: 4
  Device: "MyDevice"	RelError: 7.65465e-02	AbsError: 1.03937e+14
    Region: "MyRegion"	RelError: 7.65465e-02	AbsError: 1.03937e+14
      Equation: "ElectronContinuityEquation"	RelError: 7.62057e-02	AbsError: 6.84736e+12
      Equation: "HoleContinuityEquation"	RelError: 2.53137e-04	AbsError: 9.70892e+13
      Equation: "PotentialEquation"	RelError: 8.75949e-05	AbsError: 3.63233e-06
  Circuit: 	RelError: 5.08776e-02	AbsError: 9.01347e-04
Iteration: 5
  Device: "MyDevice"	RelError: 4.91057e-06	AbsError: 2.15400e+09
    Region: "MyRegion"	RelError: 4.91057e-06	AbsError: 2.15400e+09
      Equation: "ElectronContinuityEquation"	RelError: 4.88761e-06	AbsError: 5.56990e+07
      Equation: "HoleContinuityEquation"	RelError: 2.20760e-08	AbsError: 2.09830e+09
      Equation: "PotentialEquation"	RelError: 8.81471e-10	AbsError: 2.63234e-11
  Circuit: 	RelError: 3.25084e-06	AbsError: 5.75916e-08
Iteration: 6
  Device: "MyDevice"	RelError: 1.56678e-13	AbsError: 1.51700e+03
    Region: "MyRegion"	RelError: 1.56678e-13	AbsError: 1.51700e+03
      Equation: "ElectronContinuityEquation"	RelError: 7.05749e-14	AbsError: 2.45610e+02
      Equation: "HoleContinuityEquation"	RelError: 8.47840e-14	AbsError: 1.27139e+03
      Equation: "PotentialEquation"	RelError: 1.31932e-15	AbsError: 3.31135e-17
  Circuit: 	RelError: 1.44306e-14	AbsError: 2.55651e-16
Circuit Solution:
V1.I	-0.0177159
top_bias	0.5
bot	0	-0.0118079731674	-0.00590798459506	-0.0177159577625
Region "MyRegion" on device "MyDevice" has equations 0:770
Device "MyDevice" has equations 0:770
0	4294967295	ground
GND	4294967295	ground
V1.I	0	mna
top_bias	1	default
Circuit  has equations 771:772
Setting V1.I = (-0.674249,1.96356e-06)
Setting top_bias = (1,0)
AC Iteration:
number of equations 773
Circuit AC Solution:
V1.I	(-0.674249,1.96356e-06)
top_bias	(1,0)
capacitance 0.5 3.12510814621e-07
V1.I	dcop	-0.0177159276828
V1.I	dcop_prev	-0.000393365723862
V1.I	ssac_imag	1.96356170021e-06
V1.I	ssac_real	-0.674248576164
top_bias	dcop	0.5
top_bias	dcop_prev	0.4
top_bias	ssac_imag	0.0
top_bias	ssac_real	1.0
