
----------------------------------------

 DEVSIM

 Version: Beta 0.01

 Copyright 2009-2014 Devsim LLC

----------------------------------------


Creating Region air1
Creating Region MyRegion
Creating Region air2
Contact: top region MyRegion ni: 16 ci: 19 (0, 8e-06, 0)
Contact: top region MyRegion ni: 18 ci: 20 (0, 9e-06, 0)
Contact: top region MyRegion ni: 20 ci: 21 (0, 1e-05, 0)
Contact: bot region MyRegion ni: 484 ci: 495 (1e-05, 0, 0)
Contact: bot region MyRegion ni: 485 ci: 496 (1e-05, 1e-06, 0)
Contact: bot region MyRegion ni: 486 ci: 497 (1e-05, 2e-06, 0)
Contact: bot region MyRegion ni: 487 ci: 498 (1e-05, 3e-06, 0)
Contact: bot region MyRegion ni: 488 ci: 499 (1e-05, 4e-06, 0)
Contact: bot region MyRegion ni: 489 ci: 500 (1e-05, 5e-06, 0)
Contact: bot region MyRegion ni: 490 ci: 501 (1e-05, 6e-06, 0)
Contact: bot region MyRegion ni: 491 ci: 502 (1e-05, 7e-06, 0)
Contact: bot region MyRegion ni: 492 ci: 503 (1e-05, 8e-06, 0)
Contact: bot region MyRegion ni: 493 ci: 504 (1e-05, 9e-06, 0)
Contact: bot region MyRegion ni: 494 ci: 505 (1e-05, 1e-05, 0)
Adding 495 nodes
Adding 1374 edges with 1266 duplicates removed
Adding 880 triangles  with 0 duplicate removed
Adding 22 nodes
Adding 41 edges with 19 duplicates removed
Adding 20 triangles  with 0 duplicate removed
Adding 22 nodes
Adding 41 edges with 19 duplicates removed
Adding 20 triangles  with 0 duplicate removed
Contact bot in region MyRegion with 11 nodes
Contact top in region MyRegion with 3 nodes
NetDoping
-1.00000e+18
-1.00000e+18
-1.00000e+18
-1.00000e+18
-1.00000e+18
-1.00000e+18
-1.00000e+18
-1.00000e+18
-1.00000e+18
-1.00000e+18
-1.00000e+18
-1.00000e+18
-1.00000e+18
-1.00000e+18
-1.00000e+18
-1.00000e+18
-1.00000e+18
-1.00000e+18
-1.00000e+18
-1.00000e+18
-1.00000e+18
-1.00000e+18
-1.00000e+18
-1.00000e+18
-1.00000e+18
-1.00000e+18
-1.00000e+18
-1.00000e+18
-1.00000e+18
-1.00000e+18
-1.00000e+18
-1.00000e+18
-1.00000e+18
-1.00000e+18
-1.00000e+18
-1.00000e+18
-1.00000e+18
-1.00000e+18
-1.00000e+18
-1.00000e+18
-1.00000e+18
-1.00000e+18
-1.00000e+18
-1.00000e+18
-1.00000e+18
-1.00000e+18
-1.00000e+18
-1.00000e+18
-1.00000e+18
-1.00000e+18
-1.00000e+18
-1.00000e+18
-1.00000e+18
-1.00000e+18
-1.00000e+18
-1.00000e+18
-1.00000e+18
-1.00000e+18
-1.00000e+18
-1.00000e+18
-1.00000e+18
-1.00000e+18
-1.00000e+18
-1.00000e+18
-1.00000e+18
-1.00000e+18
-1.00000e+18
-1.00000e+18
-1.00000e+18
-1.00000e+18
-1.00000e+18
-1.00000e+18
-1.00000e+18
-1.00000e+18
-1.00000e+18
-1.00000e+18
-1.00000e+18
-1.00000e+18
-1.00000e+18
-1.00000e+18
-1.00000e+18
-1.00000e+18
-1.00000e+18
-1.00000e+18
-1.00000e+18
-1.00000e+18
-1.00000e+18
-1.00000e+18
-1.00000e+18
-1.00000e+18
-1.00000e+18
-1.00000e+18
-1.00000e+18
-1.00000e+18
-1.00000e+18
-1.00000e+18
-1.00000e+18
-1.00000e+18
-1.00000e+18
-1.00000e+18
-1.00000e+18
-1.00000e+18
-1.00000e+18
-1.00000e+18
-1.00000e+18
-1.00000e+18
-1.00000e+18
-1.00000e+18
-1.00000e+18
-1.00000e+18
-1.00000e+18
-1.00000e+18
-1.00000e+18
-1.00000e+18
-1.00000e+18
-1.00000e+18
-1.00000e+18
-1.00000e+18
-1.00000e+18
-1.00000e+18
-1.00000e+18
-1.00000e+18
-1.00000e+18
-1.00000e+18
-1.00000e+18
-1.00000e+18
-1.00000e+18
-1.00000e+18
-1.00000e+18
-1.00000e+18
-1.00000e+18
-1.00000e+18
-1.00000e+18
-1.00000e+18
-1.00000e+18
-1.00000e+18
-1.00000e+18
-1.00000e+18
-1.00000e+18
-1.00000e+18
-1.00000e+18
-1.00000e+18
-1.00000e+18
-1.00000e+18
-1.00000e+18
-1.00000e+18
-1.00000e+18
-1.00000e+18
-1.00000e+18
-1.00000e+18
-1.00000e+18
-1.00000e+18
-1.00000e+18
-1.00000e+18
-1.00000e+18
-1.00000e+18
-1.00000e+18
-1.00000e+18
-1.00000e+18
-1.00000e+18
-1.00000e+18
-1.00000e+18
-1.00000e+18
-1.00000e+18
-1.00000e+18
-1.00000e+18
-1.00000e+18
-1.00000e+18
-1.00000e+18
-1.00000e+18
-1.00000e+18
-1.00000e+18
-1.00000e+18
-1.00000e+18
-1.00000e+18
-1.00000e+18
-1.00000e+18
-1.00000e+18
-1.00000e+18
-1.00000e+18
-1.00000e+18
-1.00000e+18
-1.00000e+18
-1.00000e+18
-1.00000e+18
-1.00000e+18
-1.00000e+18
-1.00000e+18
-1.00000e+18
-1.00000e+18
-1.00000e+18
-1.00000e+18
-1.00000e+18
-1.00000e+18
-1.00000e+18
-1.00000e+18
-1.00000e+18
-1.00000e+18
-1.00000e+18
-1.00000e+18
-1.00000e+18
-1.00000e+18
-1.00000e+18
-1.00000e+18
-1.00000e+18
-1.00000e+18
-1.00000e+18
-1.00000e+18
-1.00000e+18
-1.00000e+18
-1.00000e+18
-1.00000e+18
-1.00000e+18
-1.00000e+18
-1.00000e+18
-1.00000e+18
-1.00000e+18
-1.00000e+18
-1.00000e+18
-1.00000e+18
-1.00000e+18
-1.00000e+18
-1.00000e+18
-1.00000e+18
-1.00000e+18
-1.00000e+18
-1.00000e+18
-1.00000e+18
-1.00000e+18
-1.00000e+18
-1.00000e+18
-1.00000e+18
-1.00000e+18
-1.00000e+18
-1.00000e+18
-1.00000e+18
-1.00000e+18
-1.00000e+18
-1.00000e+18
-1.00000e+18
-1.00000e+18
-1.00000e+18
0.00000e+00
0.00000e+00
0.00000e+00
0.00000e+00
0.00000e+00
0.00000e+00
0.00000e+00
0.00000e+00
0.00000e+00
0.00000e+00
0.00000e+00
1.00000e+18
1.00000e+18
1.00000e+18
1.00000e+18
1.00000e+18
1.00000e+18
1.00000e+18
1.00000e+18
1.00000e+18
1.00000e+18
1.00000e+18
1.00000e+18
1.00000e+18
1.00000e+18
1.00000e+18
1.00000e+18
1.00000e+18
1.00000e+18
1.00000e+18
1.00000e+18
1.00000e+18
1.00000e+18
1.00000e+18
1.00000e+18
1.00000e+18
1.00000e+18
1.00000e+18
1.00000e+18
1.00000e+18
1.00000e+18
1.00000e+18
1.00000e+18
1.00000e+18
1.00000e+18
1.00000e+18
1.00000e+18
1.00000e+18
1.00000e+18
1.00000e+18
1.00000e+18
1.00000e+18
1.00000e+18
1.00000e+18
1.00000e+18
1.00000e+18
1.00000e+18
1.00000e+18
1.00000e+18
1.00000e+18
1.00000e+18
1.00000e+18
1.00000e+18
1.00000e+18
1.00000e+18
1.00000e+18
1.00000e+18
1.00000e+18
1.00000e+18
1.00000e+18
1.00000e+18
1.00000e+18
1.00000e+18
1.00000e+18
1.00000e+18
1.00000e+18
1.00000e+18
1.00000e+18
1.00000e+18
1.00000e+18
1.00000e+18
1.00000e+18
1.00000e+18
1.00000e+18
1.00000e+18
1.00000e+18
1.00000e+18
1.00000e+18
1.00000e+18
1.00000e+18
1.00000e+18
1.00000e+18
1.00000e+18
1.00000e+18
1.00000e+18
1.00000e+18
1.00000e+18
1.00000e+18
1.00000e+18
1.00000e+18
1.00000e+18
1.00000e+18
1.00000e+18
1.00000e+18
1.00000e+18
1.00000e+18
1.00000e+18
1.00000e+18
1.00000e+18
1.00000e+18
1.00000e+18
1.00000e+18
1.00000e+18
1.00000e+18
1.00000e+18
1.00000e+18
1.00000e+18
1.00000e+18
1.00000e+18
1.00000e+18
1.00000e+18
1.00000e+18
1.00000e+18
1.00000e+18
1.00000e+18
1.00000e+18
1.00000e+18
1.00000e+18
1.00000e+18
1.00000e+18
1.00000e+18
1.00000e+18
1.00000e+18
1.00000e+18
1.00000e+18
1.00000e+18
1.00000e+18
1.00000e+18
1.00000e+18
1.00000e+18
1.00000e+18
1.00000e+18
1.00000e+18
1.00000e+18
1.00000e+18
1.00000e+18
1.00000e+18
1.00000e+18
1.00000e+18
1.00000e+18
1.00000e+18
1.00000e+18
1.00000e+18
1.00000e+18
1.00000e+18
1.00000e+18
1.00000e+18
1.00000e+18
1.00000e+18
1.00000e+18
1.00000e+18
1.00000e+18
1.00000e+18
1.00000e+18
1.00000e+18
1.00000e+18
1.00000e+18
1.00000e+18
1.00000e+18
1.00000e+18
1.00000e+18
1.00000e+18
1.00000e+18
1.00000e+18
1.00000e+18
1.00000e+18
1.00000e+18
1.00000e+18
1.00000e+18
1.00000e+18
1.00000e+18
1.00000e+18
1.00000e+18
1.00000e+18
1.00000e+18
1.00000e+18
1.00000e+18
1.00000e+18
1.00000e+18
1.00000e+18
1.00000e+18
1.00000e+18
1.00000e+18
1.00000e+18
1.00000e+18
1.00000e+18
1.00000e+18
1.00000e+18
1.00000e+18
1.00000e+18
1.00000e+18
1.00000e+18
1.00000e+18
1.00000e+18
1.00000e+18
1.00000e+18
1.00000e+18
1.00000e+18
1.00000e+18
1.00000e+18
1.00000e+18
1.00000e+18
1.00000e+18
1.00000e+18
1.00000e+18
1.00000e+18
1.00000e+18
1.00000e+18
1.00000e+18
1.00000e+18
1.00000e+18
1.00000e+18
1.00000e+18
1.00000e+18
1.00000e+18
1.00000e+18
1.00000e+18
1.00000e+18
1.00000e+18
1.00000e+18
1.00000e+18
1.00000e+18
1.00000e+18
1.00000e+18
1.00000e+18
1.00000e+18
1.00000e+18
1.00000e+18
1.00000e+18
1.00000e+18
1.00000e+18
1.00000e+18
1.00000e+18
1.00000e+18
1.00000e+18
1.00000e+18
1.00000e+18
1.00000e+18
1.00000e+18
1.00000e+18
1.00000e+18
1.00000e+18
1.00000e+18
Region "MyRegion" on device "MyDevice" has equations 0:494
Region "air1" on device "MyDevice" has no equations.
Region "air2" on device "MyDevice" has no equations.
Device "MyDevice" has equations 0:494
number of equations 495
Iteration: 0
  Device: "MyDevice"	RelError: 1.00000e+00	AbsError: 1.18567e-01
    Region: "MyRegion"	RelError: 1.00000e+00	AbsError: 1.18567e-01
      Equation: "PotentialEquation"	RelError: 1.00000e+00	AbsError: 1.18567e-01
Iteration: 1
  Device: "MyDevice"	RelError: 4.97350e-01	AbsError: 1.17317e-01
    Region: "MyRegion"	RelError: 4.97350e-01	AbsError: 1.17317e-01
      Equation: "PotentialEquation"	RelError: 4.97350e-01	AbsError: 1.17317e-01
Iteration: 2
  Device: "MyDevice"	RelError: 6.18329e-01	AbsError: 1.15853e-01
    Region: "MyRegion"	RelError: 6.18329e-01	AbsError: 1.15853e-01
      Equation: "PotentialEquation"	RelError: 6.18329e-01	AbsError: 1.15853e-01
Iteration: 3
  Device: "MyDevice"	RelError: 1.05154e+02	AbsError: 1.04169e-01
    Region: "MyRegion"	RelError: 1.05154e+02	AbsError: 1.04169e-01
      Equation: "PotentialEquation"	RelError: 1.05154e+02	AbsError: 1.04169e-01
Iteration: 4
  Device: "MyDevice"	RelError: 1.79077e+01	AbsError: 8.36778e-02
    Region: "MyRegion"	RelError: 1.79077e+01	AbsError: 8.36778e-02
      Equation: "PotentialEquation"	RelError: 1.79077e+01	AbsError: 8.36778e-02
Iteration: 5
  Device: "MyDevice"	RelError: 7.69366e+01	AbsError: 7.87874e-02
    Region: "MyRegion"	RelError: 7.69366e+01	AbsError: 7.87874e-02
      Equation: "PotentialEquation"	RelError: 7.69366e+01	AbsError: 7.87874e-02
Iteration: 6
  Device: "MyDevice"	RelError: 2.69506e+01	AbsError: 6.28109e-02
    Region: "MyRegion"	RelError: 2.69506e+01	AbsError: 6.28109e-02
      Equation: "PotentialEquation"	RelError: 2.69506e+01	AbsError: 6.28109e-02
Iteration: 7
  Device: "MyDevice"	RelError: 4.55468e+01	AbsError: 5.24596e-02
    Region: "MyRegion"	RelError: 4.55468e+01	AbsError: 5.24596e-02
      Equation: "PotentialEquation"	RelError: 4.55468e+01	AbsError: 5.24596e-02
Iteration: 8
  Device: "MyDevice"	RelError: 3.01156e+02	AbsError: 4.37414e-02
    Region: "MyRegion"	RelError: 3.01156e+02	AbsError: 4.37414e-02
      Equation: "PotentialEquation"	RelError: 3.01156e+02	AbsError: 4.37414e-02
Iteration: 9
  Device: "MyDevice"	RelError: 1.86042e+02	AbsError: 3.37983e-02
    Region: "MyRegion"	RelError: 1.86042e+02	AbsError: 3.37983e-02
      Equation: "PotentialEquation"	RelError: 1.86042e+02	AbsError: 3.37983e-02
Iteration: 10
  Device: "MyDevice"	RelError: 1.02977e+02	AbsError: 2.57010e-02
    Region: "MyRegion"	RelError: 1.02977e+02	AbsError: 2.57010e-02
      Equation: "PotentialEquation"	RelError: 1.02977e+02	AbsError: 2.57010e-02
Iteration: 11
  Device: "MyDevice"	RelError: 3.12367e-01	AbsError: 1.31004e-02
    Region: "MyRegion"	RelError: 3.12367e-01	AbsError: 1.31004e-02
      Equation: "PotentialEquation"	RelError: 3.12367e-01	AbsError: 1.31004e-02
Iteration: 12
  Device: "MyDevice"	RelError: 2.32363e-02	AbsError: 6.92465e-06
    Region: "MyRegion"	RelError: 2.32363e-02	AbsError: 6.92465e-06
      Equation: "PotentialEquation"	RelError: 2.32363e-02	AbsError: 6.92465e-06
Iteration: 13
  Device: "MyDevice"	RelError: 1.28496e-07	AbsError: 5.25536e-11
    Region: "MyRegion"	RelError: 1.28496e-07	AbsError: 5.25536e-11
      Equation: "PotentialEquation"	RelError: 1.28496e-07	AbsError: 5.25536e-11
Iteration: 14
  Device: "MyDevice"	RelError: 4.86150e-13	AbsError: 9.09089e-17
    Region: "MyRegion"	RelError: 4.86150e-13	AbsError: 9.09089e-17
      Equation: "PotentialEquation"	RelError: 4.86150e-13	AbsError: 9.09089e-17
Warning: Replacing equation with equation of the same name.
Region: MyRegion, Equation: PotentialEquation, Variable: Potential
Region "MyRegion" on device "MyDevice" has equations 0:1484
Region "air1" on device "MyDevice" has no equations.
Region "air2" on device "MyDevice" has no equations.
Device "MyDevice" has equations 0:1484
number of equations 1485
Iteration: 0
  Device: "MyDevice"	RelError: 2.15839e-13	AbsError: 1.02400e+04
    Region: "MyRegion"	RelError: 2.15839e-13	AbsError: 1.02400e+04
      Equation: "ElectronContinuityEquation"	RelError: 1.02595e-14	AbsError: 5.12000e+03
      Equation: "HoleContinuityEquation"	RelError: 1.11388e-14	AbsError: 5.12000e+03
      Equation: "PotentialEquation"	RelError: 1.94441e-13	AbsError: 1.37455e-16
Region "MyRegion" on device "MyDevice" has equations 0:1484
Region "air1" on device "MyDevice" has no equations.
Region "air2" on device "MyDevice" has no equations.
Device "MyDevice" has equations 0:1484
number of equations 1485
Iteration: 0
  Device: "MyDevice"	RelError: 1.36237e-13	AbsError: 2.40462e+02
    Region: "MyRegion"	RelError: 1.36237e-13	AbsError: 2.40462e+02
      Equation: "ElectronContinuityEquation"	RelError: 4.49843e-15	AbsError: 1.24097e+02
      Equation: "HoleContinuityEquation"	RelError: 4.63936e-15	AbsError: 1.16365e+02
      Equation: "PotentialEquation"	RelError: 1.27099e-13	AbsError: 4.96786e-17
top	0.0	-2.02057617911e-30	-1.52879407719e-15	-1.52879407719e-15
bot	0.0	-3.31300262926e-16	2.34806386954e-30	-3.31300262926e-16
Region "MyRegion" on device "MyDevice" has equations 0:1484
Region "air1" on device "MyDevice" has no equations.
Region "air2" on device "MyDevice" has no equations.
Device "MyDevice" has equations 0:1484
number of equations 1485
Iteration: 0
  Device: "MyDevice"	RelError: 3.35500e+01	AbsError: 2.04061e+17
    Region: "MyRegion"	RelError: 3.35500e+01	AbsError: 2.04061e+17
      Equation: "ElectronContinuityEquation"	RelError: 7.92143e-01	AbsError: 1.03524e+17
      Equation: "HoleContinuityEquation"	RelError: 7.74400e-01	AbsError: 1.00537e+17
      Equation: "PotentialEquation"	RelError: 3.19834e+01	AbsError: 4.09542e-02
Iteration: 1
  Device: "MyDevice"	RelError: 1.53694e+02	AbsError: 2.32376e+16
    Region: "MyRegion"	RelError: 1.53694e+02	AbsError: 2.32376e+16
      Equation: "ElectronContinuityEquation"	RelError: 6.90020e-01	AbsError: 1.25519e+16
      Equation: "HoleContinuityEquation"	RelError: 7.54207e-01	AbsError: 1.06857e+16
      Equation: "PotentialEquation"	RelError: 1.52250e+02	AbsError: 3.07632e-02
Iteration: 2
  Device: "MyDevice"	RelError: 1.52069e+00	AbsError: 1.60089e+15
    Region: "MyRegion"	RelError: 1.52069e+00	AbsError: 1.60089e+15
      Equation: "ElectronContinuityEquation"	RelError: 5.11552e-01	AbsError: 4.38116e+14
      Equation: "HoleContinuityEquation"	RelError: 4.96210e-01	AbsError: 1.16278e+15
      Equation: "PotentialEquation"	RelError: 5.12924e-01	AbsError: 2.44131e-02
Iteration: 3
  Device: "MyDevice"	RelError: 5.47588e-01	AbsError: 1.12296e+15
    Region: "MyRegion"	RelError: 5.47588e-01	AbsError: 1.12296e+15
      Equation: "ElectronContinuityEquation"	RelError: 2.68398e-01	AbsError: 5.21043e+13
      Equation: "HoleContinuityEquation"	RelError: 8.19171e-02	AbsError: 1.07086e+15
      Equation: "PotentialEquation"	RelError: 1.97272e-01	AbsError: 9.16533e-03
Iteration: 4
  Device: "MyDevice"	RelError: 5.56226e-01	AbsError: 1.11790e+15
    Region: "MyRegion"	RelError: 5.56226e-01	AbsError: 1.11790e+15
      Equation: "ElectronContinuityEquation"	RelError: 8.87983e-02	AbsError: 8.36033e+13
      Equation: "HoleContinuityEquation"	RelError: 4.68506e-03	AbsError: 1.03430e+15
      Equation: "PotentialEquation"	RelError: 4.62743e-01	AbsError: 6.60650e-05
Iteration: 5
  Device: "MyDevice"	RelError: 1.90685e-04	AbsError: 2.08424e+11
    Region: "MyRegion"	RelError: 1.90685e-04	AbsError: 2.08424e+11
      Equation: "ElectronContinuityEquation"	RelError: 1.27966e-04	AbsError: 2.07020e+10
      Equation: "HoleContinuityEquation"	RelError: 7.97611e-06	AbsError: 1.87722e+11
      Equation: "PotentialEquation"	RelError: 5.47427e-05	AbsError: 7.39715e-09
Iteration: 6
  Device: "MyDevice"	RelError: 5.34352e-09	AbsError: 5.30231e+07
    Region: "MyRegion"	RelError: 5.34352e-09	AbsError: 5.30231e+07
      Equation: "ElectronContinuityEquation"	RelError: 7.18970e-11	AbsError: 1.27246e+06
      Equation: "HoleContinuityEquation"	RelError: 7.11277e-11	AbsError: 5.17507e+07
      Equation: "PotentialEquation"	RelError: 5.20050e-09	AbsError: 1.84019e-12
Iteration: 7
  Device: "MyDevice"	RelError: 1.05668e-12	AbsError: 4.08788e+02
    Region: "MyRegion"	RelError: 1.05668e-12	AbsError: 4.08788e+02
      Equation: "ElectronContinuityEquation"	RelError: 5.61936e-14	AbsError: 2.62884e+02
      Equation: "HoleContinuityEquation"	RelError: 6.43735e-15	AbsError: 1.45904e+02
      Equation: "PotentialEquation"	RelError: 9.94051e-13	AbsError: 1.07057e-16
top	0.1	1.00901265136e-14	1.57104197637e-14	2.58005462773e-14
bot	0.0	-1.17769355369e-14	-1.40467930267e-14	-2.58237285636e-14
Region "MyRegion" on device "MyDevice" has equations 0:1484
Region "air1" on device "MyDevice" has no equations.
Region "air2" on device "MyDevice" has no equations.
Device "MyDevice" has equations 0:1484
number of equations 1485
Iteration: 0
  Device: "MyDevice"	RelError: 8.90547e+00	AbsError: 2.17497e+17
    Region: "MyRegion"	RelError: 8.90547e+00	AbsError: 2.17497e+17
      Equation: "ElectronContinuityEquation"	RelError: 7.94113e-01	AbsError: 1.07465e+17
      Equation: "HoleContinuityEquation"	RelError: 7.89474e-01	AbsError: 1.10033e+17
      Equation: "PotentialEquation"	RelError: 7.32188e+00	AbsError: 4.09542e-02
Iteration: 1
  Device: "MyDevice"	RelError: 3.99903e+00	AbsError: 2.61663e+16
    Region: "MyRegion"	RelError: 3.99903e+00	AbsError: 2.61663e+16
      Equation: "ElectronContinuityEquation"	RelError: 6.88188e-01	AbsError: 1.31169e+16
      Equation: "HoleContinuityEquation"	RelError: 7.74614e-01	AbsError: 1.30494e+16
      Equation: "PotentialEquation"	RelError: 2.53623e+00	AbsError: 3.07632e-02
Iteration: 2
  Device: "MyDevice"	RelError: 7.57169e+00	AbsError: 1.68868e+15
    Region: "MyRegion"	RelError: 7.57169e+00	AbsError: 1.68868e+15
      Equation: "ElectronContinuityEquation"	RelError: 5.14341e-01	AbsError: 3.59809e+14
      Equation: "HoleContinuityEquation"	RelError: 4.90694e-01	AbsError: 1.32887e+15
      Equation: "PotentialEquation"	RelError: 6.56665e+00	AbsError: 2.51366e-02
Iteration: 3
  Device: "MyDevice"	RelError: 3.96015e-01	AbsError: 1.02199e+15
    Region: "MyRegion"	RelError: 3.96015e-01	AbsError: 1.02199e+15
      Equation: "ElectronContinuityEquation"	RelError: 2.80219e-01	AbsError: 4.12371e+13
      Equation: "HoleContinuityEquation"	RelError: 8.26912e-02	AbsError: 9.80753e+14
      Equation: "PotentialEquation"	RelError: 3.31046e-02	AbsError: 9.16533e-03
Iteration: 4
  Device: "MyDevice"	RelError: 1.23568e-01	AbsError: 9.37718e+14
    Region: "MyRegion"	RelError: 1.23568e-01	AbsError: 9.37718e+14
      Equation: "ElectronContinuityEquation"	RelError: 9.02703e-02	AbsError: 7.35034e+13
      Equation: "HoleContinuityEquation"	RelError: 3.62887e-03	AbsError: 8.64214e+14
      Equation: "PotentialEquation"	RelError: 2.96689e-02	AbsError: 5.90385e-05
Iteration: 5
  Device: "MyDevice"	RelError: 1.21451e-04	AbsError: 1.31650e+11
    Region: "MyRegion"	RelError: 1.21451e-04	AbsError: 1.31650e+11
      Equation: "ElectronContinuityEquation"	RelError: 1.13886e-04	AbsError: 7.95573e+09
      Equation: "HoleContinuityEquation"	RelError: 5.28614e-06	AbsError: 1.23695e+11
      Equation: "PotentialEquation"	RelError: 2.27909e-06	AbsError: 4.45989e-09
Iteration: 6
  Device: "MyDevice"	RelError: 6.09276e-10	AbsError: 7.14881e+07
    Region: "MyRegion"	RelError: 6.09276e-10	AbsError: 7.14881e+07
      Equation: "ElectronContinuityEquation"	RelError: 6.69811e-11	AbsError: 1.11686e+06
      Equation: "HoleContinuityEquation"	RelError: 7.04732e-11	AbsError: 7.03712e+07
      Equation: "PotentialEquation"	RelError: 4.71822e-10	AbsError: 1.82409e-12
Iteration: 7
  Device: "MyDevice"	RelError: 1.44912e-13	AbsError: 4.38798e+02
    Region: "MyRegion"	RelError: 1.44912e-13	AbsError: 4.38798e+02
      Equation: "ElectronContinuityEquation"	RelError: 8.69020e-14	AbsError: 2.78937e+02
      Equation: "HoleContinuityEquation"	RelError: 4.81722e-15	AbsError: 1.59861e+02
      Equation: "PotentialEquation"	RelError: 5.31929e-14	AbsError: 9.83260e-17
top	0.2	4.73477378546e-13	6.58647544033e-13	1.13212492258e-12
bot	0.0	-4.81945253314e-13	-6.48122590414e-13	-1.13006784373e-12
Region "MyRegion" on device "MyDevice" has equations 0:1484
Region "air1" on device "MyDevice" has no equations.
Region "air2" on device "MyDevice" has no equations.
Device "MyDevice" has equations 0:1484
number of equations 1485
Iteration: 0
  Device: "MyDevice"	RelError: 5.62852e+00	AbsError: 2.18416e+17
    Region: "MyRegion"	RelError: 5.62852e+00	AbsError: 2.18416e+17
      Equation: "ElectronContinuityEquation"	RelError: 7.94150e-01	AbsError: 1.07251e+17
      Equation: "HoleContinuityEquation"	RelError: 7.91908e-01	AbsError: 1.11165e+17
      Equation: "PotentialEquation"	RelError: 4.04246e+00	AbsError: 4.09542e-02
Iteration: 1
  Device: "MyDevice"	RelError: 1.32130e+02	AbsError: 2.88681e+16
    Region: "MyRegion"	RelError: 1.32130e+02	AbsError: 2.88681e+16
      Equation: "ElectronContinuityEquation"	RelError: 6.89385e-01	AbsError: 1.59315e+16
      Equation: "HoleContinuityEquation"	RelError: 7.75444e-01	AbsError: 1.29366e+16
      Equation: "PotentialEquation"	RelError: 1.30666e+02	AbsError: 3.07632e-02
Iteration: 2
  Device: "MyDevice"	RelError: 2.02331e+00	AbsError: 2.67293e+15
    Region: "MyRegion"	RelError: 2.02331e+00	AbsError: 2.67293e+15
      Equation: "ElectronContinuityEquation"	RelError: 5.13399e-01	AbsError: 9.23976e+14
      Equation: "HoleContinuityEquation"	RelError: 4.95102e-01	AbsError: 1.74896e+15
      Equation: "PotentialEquation"	RelError: 1.01481e+00	AbsError: 2.57942e-02
Iteration: 3
  Device: "MyDevice"	RelError: 4.21153e-01	AbsError: 8.44952e+14
    Region: "MyRegion"	RelError: 4.21153e-01	AbsError: 8.44952e+14
      Equation: "ElectronContinuityEquation"	RelError: 2.87875e-01	AbsError: 3.08703e+13
      Equation: "HoleContinuityEquation"	RelError: 8.14552e-02	AbsError: 8.14082e+14
      Equation: "PotentialEquation"	RelError: 5.18227e-02	AbsError: 9.16534e-03
Iteration: 4
  Device: "MyDevice"	RelError: 9.65385e-02	AbsError: 7.36468e+14
    Region: "MyRegion"	RelError: 9.65385e-02	AbsError: 7.36468e+14
      Equation: "ElectronContinuityEquation"	RelError: 9.05007e-02	AbsError: 7.11346e+13
      Equation: "HoleContinuityEquation"	RelError: 2.67523e-03	AbsError: 6.65333e+14
      Equation: "PotentialEquation"	RelError: 3.36254e-03	AbsError: 4.88645e-05
Iteration: 5
  Device: "MyDevice"	RelError: 9.62268e-05	AbsError: 5.21533e+11
    Region: "MyRegion"	RelError: 9.62268e-05	AbsError: 5.21533e+11
      Equation: "ElectronContinuityEquation"	RelError: 9.22937e-05	AbsError: 1.10556e+11
      Equation: "HoleContinuityEquation"	RelError: 3.08385e-06	AbsError: 4.10977e+11
      Equation: "PotentialEquation"	RelError: 8.49223e-07	AbsError: 2.40686e-08
Iteration: 6
  Device: "MyDevice"	RelError: 4.53041e-10	AbsError: 5.24266e+07
    Region: "MyRegion"	RelError: 4.53041e-10	AbsError: 5.24266e+07
      Equation: "ElectronContinuityEquation"	RelError: 1.86546e-10	AbsError: 1.54839e+07
      Equation: "HoleContinuityEquation"	RelError: 1.86762e-10	AbsError: 3.69428e+07
      Equation: "PotentialEquation"	RelError: 7.97322e-11	AbsError: 4.83255e-12
Iteration: 7
  Device: "MyDevice"	RelError: 3.23276e-13	AbsError: 5.96051e+04
    Region: "MyRegion"	RelError: 3.23276e-13	AbsError: 5.96051e+04
      Equation: "ElectronContinuityEquation"	RelError: 2.29587e-13	AbsError: 3.24852e+04
      Equation: "HoleContinuityEquation"	RelError: 6.36325e-14	AbsError: 2.71199e+04
      Equation: "PotentialEquation"	RelError: 3.00563e-14	AbsError: 1.61993e-15
top	0.3	2.177083703e-11	2.93483305201e-11	5.11191675501e-11
bot	0.0	-2.18405552151e-11	-2.92746276117e-11	-5.11151828268e-11
Region "MyRegion" on device "MyDevice" has equations 0:1484
Region "air1" on device "MyDevice" has no equations.
Region "air2" on device "MyDevice" has no equations.
Device "MyDevice" has equations 0:1484
number of equations 1485
Iteration: 0
  Device: "MyDevice"	RelError: 4.02075e+00	AbsError: 2.57579e+17
    Region: "MyRegion"	RelError: 4.02075e+00	AbsError: 2.57579e+17
      Equation: "ElectronContinuityEquation"	RelError: 7.94453e-01	AbsError: 1.27369e+17
      Equation: "HoleContinuityEquation"	RelError: 7.92065e-01	AbsError: 1.30210e+17
      Equation: "PotentialEquation"	RelError: 2.43424e+00	AbsError: 4.09954e-02
Iteration: 1
  Device: "MyDevice"	RelError: 6.16806e+00	AbsError: 4.58929e+16
    Region: "MyRegion"	RelError: 6.16806e+00	AbsError: 4.58929e+16
      Equation: "ElectronContinuityEquation"	RelError: 6.90892e-01	AbsError: 1.97931e+16
      Equation: "HoleContinuityEquation"	RelError: 7.74532e-01	AbsError: 2.60999e+16
      Equation: "PotentialEquation"	RelError: 4.70264e+00	AbsError: 3.08032e-02
Iteration: 2
  Device: "MyDevice"	RelError: 2.83985e+00	AbsError: 4.28112e+15
    Region: "MyRegion"	RelError: 2.83985e+00	AbsError: 4.28112e+15
      Equation: "ElectronContinuityEquation"	RelError: 5.12740e-01	AbsError: 2.07008e+15
      Equation: "HoleContinuityEquation"	RelError: 5.00009e-01	AbsError: 2.21104e+15
      Equation: "PotentialEquation"	RelError: 1.82710e+00	AbsError: 2.38223e-02
Iteration: 3
  Device: "MyDevice"	RelError: 4.58100e-01	AbsError: 1.02158e+15
    Region: "MyRegion"	RelError: 4.58100e-01	AbsError: 1.02158e+15
      Equation: "ElectronContinuityEquation"	RelError: 2.59613e-01	AbsError: 3.25565e+13
      Equation: "HoleContinuityEquation"	RelError: 7.85860e-02	AbsError: 9.89028e+14
      Equation: "PotentialEquation"	RelError: 1.19901e-01	AbsError: 9.21326e-03
Iteration: 4
  Device: "MyDevice"	RelError: 9.40404e-02	AbsError: 9.76999e+14
    Region: "MyRegion"	RelError: 9.40404e-02	AbsError: 9.76999e+14
      Equation: "ElectronContinuityEquation"	RelError: 8.56432e-02	AbsError: 7.80080e+13
      Equation: "HoleContinuityEquation"	RelError: 3.57541e-03	AbsError: 8.98991e+14
      Equation: "PotentialEquation"	RelError: 4.82177e-03	AbsError: 4.78475e-05
Iteration: 5
  Device: "MyDevice"	RelError: 9.55275e-05	AbsError: 9.18261e+11
    Region: "MyRegion"	RelError: 9.55275e-05	AbsError: 9.18261e+11
      Equation: "ElectronContinuityEquation"	RelError: 9.05132e-05	AbsError: 3.52212e+11
      Equation: "HoleContinuityEquation"	RelError: 4.50770e-06	AbsError: 5.66049e+11
      Equation: "PotentialEquation"	RelError: 5.06648e-07	AbsError: 1.74681e-08
Iteration: 6
  Device: "MyDevice"	RelError: 3.71569e-10	AbsError: 1.17007e+08
    Region: "MyRegion"	RelError: 3.71569e-10	AbsError: 1.17007e+08
      Equation: "ElectronContinuityEquation"	RelError: 1.09090e-10	AbsError: 9.06356e+06
      Equation: "HoleContinuityEquation"	RelError: 1.09095e-10	AbsError: 1.07944e+08
      Equation: "PotentialEquation"	RelError: 1.53384e-10	AbsError: 2.82410e-12
Iteration: 7
  Device: "MyDevice"	RelError: 2.33296e-13	AbsError: 8.39335e+04
    Region: "MyRegion"	RelError: 2.33296e-13	AbsError: 8.39335e+04
      Equation: "ElectronContinuityEquation"	RelError: 7.55003e-14	AbsError: 3.87791e+04
      Equation: "HoleContinuityEquation"	RelError: 7.62941e-14	AbsError: 4.51544e+04
      Equation: "PotentialEquation"	RelError: 8.15016e-14	AbsError: 1.95325e-15
top	0.4	1.0003002857e-09	1.32028837523e-09	2.32058866093e-09
bot	0.0	-1.00085507562e-09	-1.31973035269e-09	-2.32058542831e-09
Region "MyRegion" on device "MyDevice" has equations 0:1484
Region "air1" on device "MyDevice" has no equations.
Region "air2" on device "MyDevice" has no equations.
Device "MyDevice" has equations 0:1484
number of equations 1485
Iteration: 0
  Device: "MyDevice"	RelError: 2.75112e+01	AbsError: 2.92839e+17
    Region: "MyRegion"	RelError: 2.75112e+01	AbsError: 2.92839e+17
      Equation: "ElectronContinuityEquation"	RelError: 7.95508e-01	AbsError: 1.34953e+17
      Equation: "HoleContinuityEquation"	RelError: 7.91987e-01	AbsError: 1.57886e+17
      Equation: "PotentialEquation"	RelError: 2.59237e+01	AbsError: 4.11283e-02
Iteration: 1
  Device: "MyDevice"	RelError: 3.29114e+01	AbsError: 8.27823e+16
    Region: "MyRegion"	RelError: 3.29114e+01	AbsError: 8.27823e+16
      Equation: "ElectronContinuityEquation"	RelError: 6.88889e-01	AbsError: 2.45563e+16
      Equation: "HoleContinuityEquation"	RelError: 7.76950e-01	AbsError: 5.82259e+16
      Equation: "PotentialEquation"	RelError: 3.14455e+01	AbsError: 3.07878e-02
Iteration: 2
  Device: "MyDevice"	RelError: 2.37900e+00	AbsError: 5.79364e+15
    Region: "MyRegion"	RelError: 2.37900e+00	AbsError: 5.79364e+15
      Equation: "ElectronContinuityEquation"	RelError: 5.14555e-01	AbsError: 2.93847e+15
      Equation: "HoleContinuityEquation"	RelError: 4.96394e-01	AbsError: 2.85517e+15
      Equation: "PotentialEquation"	RelError: 1.36805e+00	AbsError: 2.48925e-02
Iteration: 3
  Device: "MyDevice"	RelError: 7.49925e-01	AbsError: 9.20154e+14
    Region: "MyRegion"	RelError: 7.49925e-01	AbsError: 9.20154e+14
      Equation: "ElectronContinuityEquation"	RelError: 2.74797e-01	AbsError: 1.84354e+13
      Equation: "HoleContinuityEquation"	RelError: 7.88250e-02	AbsError: 9.01719e+14
      Equation: "PotentialEquation"	RelError: 3.96303e-01	AbsError: 9.19064e-03
Iteration: 4
  Device: "MyDevice"	RelError: 9.11327e-02	AbsError: 8.05644e+14
    Region: "MyRegion"	RelError: 9.11327e-02	AbsError: 8.05644e+14
      Equation: "ElectronContinuityEquation"	RelError: 8.75327e-02	AbsError: 7.67571e+13
      Equation: "HoleContinuityEquation"	RelError: 2.56540e-03	AbsError: 7.28887e+14
      Equation: "PotentialEquation"	RelError: 1.03460e-03	AbsError: 4.14582e-05
Iteration: 5
  Device: "MyDevice"	RelError: 8.07207e-05	AbsError: 9.97815e+11
    Region: "MyRegion"	RelError: 8.07207e-05	AbsError: 9.97815e+11
      Equation: "ElectronContinuityEquation"	RelError: 7.69154e-05	AbsError: 7.98448e+11
      Equation: "HoleContinuityEquation"	RelError: 3.61461e-06	AbsError: 1.99367e+11
      Equation: "PotentialEquation"	RelError: 1.90735e-07	AbsError: 3.21137e-08
Iteration: 6
  Device: "MyDevice"	RelError: 5.30120e-10	AbsError: 1.85885e+08
    Region: "MyRegion"	RelError: 5.30120e-10	AbsError: 1.85885e+08
      Equation: "ElectronContinuityEquation"	RelError: 1.68796e-10	AbsError: 1.61959e+07
      Equation: "HoleContinuityEquation"	RelError: 1.71750e-10	AbsError: 1.69689e+08
      Equation: "PotentialEquation"	RelError: 1.89574e-10	AbsError: 4.44604e-12
Iteration: 7
  Device: "MyDevice"	RelError: 1.19739e-13	AbsError: 5.14941e+04
    Region: "MyRegion"	RelError: 1.19739e-13	AbsError: 5.14941e+04
      Equation: "ElectronContinuityEquation"	RelError: 4.44366e-14	AbsError: 2.30347e+04
      Equation: "HoleContinuityEquation"	RelError: 4.34141e-14	AbsError: 2.84594e+04
      Equation: "PotentialEquation"	RelError: 3.18882e-14	AbsError: 1.12621e-15
top	0.5	4.59224796297e-08	5.9357436037e-08	1.05279915667e-07
bot	0.0	-4.59268991759e-08	-5.93530149433e-08	-1.05279914119e-07
