
----------------------------------------

 DEVSIM

 Version: Beta 0.01

 Copyright 2009-2014 Devsim LLC

----------------------------------------


Physical group name Base has 0 Tetrahedra.
Physical group name Base has 223 Triangles.
Physical group name Base has 354 Lines.
Physical group name Base has 132 Points.
Physical group name Bulk has 6701 Tetrahedra.
Physical group name Bulk has 14066 Triangles.
Physical group name Bulk has 8781 Lines.
Physical group name Bulk has 1417 Points.
Physical group name Emitter has 0 Tetrahedra.
Physical group name Emitter has 201 Triangles.
Physical group name Emitter has 320 Lines.
Physical group name Emitter has 120 Points.
Device diode3d has 1417 coordinates with max index 1417
group Bulk has 1417 nodes.
Region Bulk has 1417 nodes.
Region Bulk has 1417 nodes.
group Emitter has 120 nodes.
Contact bot in region Bulk with 120 nodes
group Base has 132 nodes.
Contact top in region Bulk with 132 nodes
Creating Node Solution Potential
Region "Bulk" on device "diode3d" has equations 0:1416
Device "diode3d" has equations 0:1416
number of equations 1417
Iteration: 0
  Device: "diode3d"	RelError: 1.00000e+00	AbsError: 8.97349e-02
    Region: "Bulk"	RelError: 1.00000e+00	AbsError: 8.97349e-02
      Equation: "PotentialEquation"	RelError: 1.00000e+00	AbsError: 8.97349e-02
Iteration: 1
  Device: "diode3d"	RelError: 4.91582e-01	AbsError: 8.67635e-02
    Region: "Bulk"	RelError: 4.91582e-01	AbsError: 8.67635e-02
      Equation: "PotentialEquation"	RelError: 4.91582e-01	AbsError: 8.67635e-02
Iteration: 2
  Device: "diode3d"	RelError: 3.21212e-01	AbsError: 8.35216e-02
    Region: "Bulk"	RelError: 3.21212e-01	AbsError: 8.35216e-02
      Equation: "PotentialEquation"	RelError: 3.21212e-01	AbsError: 8.35216e-02
Iteration: 3
  Device: "diode3d"	RelError: 2.35032e-01	AbsError: 7.98898e-02
    Region: "Bulk"	RelError: 2.35032e-01	AbsError: 7.98898e-02
      Equation: "PotentialEquation"	RelError: 2.35032e-01	AbsError: 7.98898e-02
Iteration: 4
  Device: "diode3d"	RelError: 5.16590e-01	AbsError: 7.44408e-02
    Region: "Bulk"	RelError: 5.16590e-01	AbsError: 7.44408e-02
      Equation: "PotentialEquation"	RelError: 5.16590e-01	AbsError: 7.44408e-02
Iteration: 5
  Device: "diode3d"	RelError: 2.34632e+00	AbsError: 5.62017e-02
    Region: "Bulk"	RelError: 2.34632e+00	AbsError: 5.62017e-02
      Equation: "PotentialEquation"	RelError: 2.34632e+00	AbsError: 5.62017e-02
Iteration: 6
  Device: "diode3d"	RelError: 3.59746e+00	AbsError: 3.95692e-02
    Region: "Bulk"	RelError: 3.59746e+00	AbsError: 3.95692e-02
      Equation: "PotentialEquation"	RelError: 3.59746e+00	AbsError: 3.95692e-02
Iteration: 7
  Device: "diode3d"	RelError: 1.72191e-01	AbsError: 2.91367e-02
    Region: "Bulk"	RelError: 1.72191e-01	AbsError: 2.91367e-02
      Equation: "PotentialEquation"	RelError: 1.72191e-01	AbsError: 2.91367e-02
Iteration: 8
  Device: "diode3d"	RelError: 5.18778e-02	AbsError: 2.47384e-02
    Region: "Bulk"	RelError: 5.18778e-02	AbsError: 2.47384e-02
      Equation: "PotentialEquation"	RelError: 5.18778e-02	AbsError: 2.47384e-02
Iteration: 9
  Device: "diode3d"	RelError: 3.11204e-04	AbsError: 4.09701e-05
    Region: "Bulk"	RelError: 3.11204e-04	AbsError: 4.09701e-05
      Equation: "PotentialEquation"	RelError: 3.11204e-04	AbsError: 4.09701e-05
Iteration: 10
  Device: "diode3d"	RelError: 4.19686e-08	AbsError: 1.62468e-08
    Region: "Bulk"	RelError: 4.19686e-08	AbsError: 1.62468e-08
      Equation: "PotentialEquation"	RelError: 4.19686e-08	AbsError: 1.62468e-08
Iteration: 11
  Device: "diode3d"	RelError: 1.88363e-14	AbsError: 2.51184e-15
    Region: "Bulk"	RelError: 1.88363e-14	AbsError: 2.51184e-15
      Equation: "PotentialEquation"	RelError: 1.88363e-14	AbsError: 2.51184e-15
Warning: Replacing equation with equation of the same name.
Region: Bulk, Equation: PotentialEquation, Variable: Potential
Region "Bulk" on device "diode3d" has equations 0:4250
Device "diode3d" has equations 0:4250
number of equations 4251
Iteration: 0
  Device: "diode3d"	RelError: 6.36026e-09	AbsError: 1.02400e+04
    Region: "Bulk"	RelError: 6.36026e-09	AbsError: 1.02400e+04
      Equation: "ElectronContinuityEquation"	RelError: 2.91416e-09	AbsError: 5.12000e+03
      Equation: "HoleContinuityEquation"	RelError: 3.44610e-09	AbsError: 5.12000e+03
      Equation: "PotentialEquation"	RelError: 1.22882e-15	AbsError: 1.46077e-16
Region "Bulk" on device "diode3d" has equations 0:4250
Device "diode3d" has equations 0:4250
number of equations 4251
Iteration: 0
  Device: "diode3d"	RelError: 8.32598e+02	AbsError: 2.07757e+17
    Region: "Bulk"	RelError: 8.32598e+02	AbsError: 2.07757e+17
      Equation: "ElectronContinuityEquation"	RelError: 7.77237e-01	AbsError: 1.03571e+17
      Equation: "HoleContinuityEquation"	RelError: 7.77136e-01	AbsError: 1.04185e+17
      Equation: "PotentialEquation"	RelError: 8.31043e+02	AbsError: 4.28289e-02
Iteration: 1
  Device: "diode3d"	RelError: 4.39269e+02	AbsError: 5.63571e+16
    Region: "Bulk"	RelError: 4.39269e+02	AbsError: 5.63571e+16
      Equation: "ElectronContinuityEquation"	RelError: 6.75088e-01	AbsError: 1.35633e+16
      Equation: "HoleContinuityEquation"	RelError: 7.55059e-01	AbsError: 4.27938e+16
      Equation: "PotentialEquation"	RelError: 4.37839e+02	AbsError: 3.15061e-02
Iteration: 2
  Device: "diode3d"	RelError: 5.01692e+00	AbsError: 3.32016e+16
    Region: "Bulk"	RelError: 5.01692e+00	AbsError: 3.32016e+16
      Equation: "ElectronContinuityEquation"	RelError: 4.93913e-01	AbsError: 1.17880e+15
      Equation: "HoleContinuityEquation"	RelError: 4.80560e-01	AbsError: 3.20228e+16
      Equation: "PotentialEquation"	RelError: 4.04245e+00	AbsError: 2.58083e-02
Iteration: 3
  Device: "diode3d"	RelError: 4.96603e+00	AbsError: 1.15286e+16
    Region: "Bulk"	RelError: 4.96603e+00	AbsError: 1.15286e+16
      Equation: "ElectronContinuityEquation"	RelError: 3.03346e-01	AbsError: 9.29130e+14
      Equation: "HoleContinuityEquation"	RelError: 1.55401e-01	AbsError: 1.05995e+16
      Equation: "PotentialEquation"	RelError: 4.50728e+00	AbsError: 1.00578e-02
Iteration: 4
  Device: "diode3d"	RelError: 1.17720e+00	AbsError: 2.47240e+15
    Region: "Bulk"	RelError: 1.17720e+00	AbsError: 2.47240e+15
      Equation: "ElectronContinuityEquation"	RelError: 8.49162e-02	AbsError: 1.74136e+14
      Equation: "HoleContinuityEquation"	RelError: 1.19314e-02	AbsError: 2.29826e+15
      Equation: "PotentialEquation"	RelError: 1.08035e+00	AbsError: 4.45864e-04
Iteration: 5
  Device: "diode3d"	RelError: 8.05609e-04	AbsError: 1.28007e+13
    Region: "Bulk"	RelError: 8.05609e-04	AbsError: 1.28007e+13
      Equation: "ElectronContinuityEquation"	RelError: 1.83201e-04	AbsError: 4.82941e+12
      Equation: "HoleContinuityEquation"	RelError: 3.68262e-05	AbsError: 7.97125e+12
      Equation: "PotentialEquation"	RelError: 5.85582e-04	AbsError: 7.82030e-06
Iteration: 6
  Device: "diode3d"	RelError: 2.11973e-07	AbsError: 8.02722e+10
    Region: "Bulk"	RelError: 2.11973e-07	AbsError: 8.02722e+10
      Equation: "ElectronContinuityEquation"	RelError: 5.67368e-08	AbsError: 5.61495e+10
      Equation: "HoleContinuityEquation"	RelError: 5.64801e-08	AbsError: 2.41227e+10
      Equation: "PotentialEquation"	RelError: 9.87566e-08	AbsError: 1.98169e-09
Iteration: 7
  Device: "diode3d"	RelError: 1.20217e-09	AbsError: 4.96453e+07
    Region: "Bulk"	RelError: 1.20217e-09	AbsError: 4.96453e+07
      Equation: "ElectronContinuityEquation"	RelError: 2.55142e-10	AbsError: 1.90477e+07
      Equation: "HoleContinuityEquation"	RelError: 9.04965e-10	AbsError: 3.05976e+07
      Equation: "PotentialEquation"	RelError: 4.20655e-11	AbsError: 9.79394e-13
top	0.1	3.2829166198e-19	1.67915693816e-19	4.96207355796e-19
bot	0.0	-3.59974926919e-19	-1.61838770346e-19	-5.21813697266e-19
Region "Bulk" on device "diode3d" has equations 0:4250
Device "diode3d" has equations 0:4250
number of equations 4251
Iteration: 0
  Device: "diode3d"	RelError: 4.25146e+01	AbsError: 2.17284e+17
    Region: "Bulk"	RelError: 4.25146e+01	AbsError: 2.17284e+17
      Equation: "ElectronContinuityEquation"	RelError: 7.90768e-01	AbsError: 1.08851e+17
      Equation: "HoleContinuityEquation"	RelError: 7.90605e-01	AbsError: 1.08433e+17
      Equation: "PotentialEquation"	RelError: 4.09333e+01	AbsError: 4.88312e-02
Iteration: 1
  Device: "diode3d"	RelError: 2.46889e+01	AbsError: 3.35006e+16
    Region: "Bulk"	RelError: 2.46889e+01	AbsError: 3.35006e+16
      Equation: "ElectronContinuityEquation"	RelError: 6.85927e-01	AbsError: 2.06648e+16
      Equation: "HoleContinuityEquation"	RelError: 7.69852e-01	AbsError: 1.28358e+16
      Equation: "PotentialEquation"	RelError: 2.32331e+01	AbsError: 3.21805e-02
Iteration: 2
  Device: "diode3d"	RelError: 6.53388e+00	AbsError: 1.17468e+17
    Region: "Bulk"	RelError: 6.53388e+00	AbsError: 1.17468e+17
      Equation: "ElectronContinuityEquation"	RelError: 5.23487e-01	AbsError: 8.45485e+15
      Equation: "HoleContinuityEquation"	RelError: 4.84046e-01	AbsError: 1.09013e+17
      Equation: "PotentialEquation"	RelError: 5.52635e+00	AbsError: 2.58606e-02
Iteration: 3
  Device: "diode3d"	RelError: 5.05600e-01	AbsError: 1.15173e+17
    Region: "Bulk"	RelError: 5.05600e-01	AbsError: 1.15173e+17
      Equation: "ElectronContinuityEquation"	RelError: 3.04119e-01	AbsError: 2.86191e+15
      Equation: "HoleContinuityEquation"	RelError: 1.60233e-01	AbsError: 1.12311e+17
      Equation: "PotentialEquation"	RelError: 4.12485e-02	AbsError: 1.82257e-02
Iteration: 4
  Device: "diode3d"	RelError: 1.45574e-01	AbsError: 2.39315e+15
    Region: "Bulk"	RelError: 1.45574e-01	AbsError: 2.39315e+15
      Equation: "ElectronContinuityEquation"	RelError: 8.51192e-02	AbsError: 2.03535e+14
      Equation: "HoleContinuityEquation"	RelError: 1.04107e-02	AbsError: 2.18962e+15
      Equation: "PotentialEquation"	RelError: 5.00437e-02	AbsError: 6.11628e-04
Iteration: 5
  Device: "diode3d"	RelError: 4.50448e-04	AbsError: 1.59403e+13
    Region: "Bulk"	RelError: 4.50448e-04	AbsError: 1.59403e+13
      Equation: "ElectronContinuityEquation"	RelError: 1.63390e-04	AbsError: 5.71497e+12
      Equation: "HoleContinuityEquation"	RelError: 5.26626e-05	AbsError: 1.02253e+13
      Equation: "PotentialEquation"	RelError: 2.34396e-04	AbsError: 9.32984e-06
Iteration: 6
  Device: "diode3d"	RelError: 2.19895e-07	AbsError: 1.24002e+11
    Region: "Bulk"	RelError: 2.19895e-07	AbsError: 1.24002e+11
      Equation: "ElectronContinuityEquation"	RelError: 1.03351e-07	AbsError: 1.02566e+11
      Equation: "HoleContinuityEquation"	RelError: 1.03954e-07	AbsError: 2.14359e+10
      Equation: "PotentialEquation"	RelError: 1.25893e-08	AbsError: 5.88622e-09
Iteration: 7
  Device: "diode3d"	RelError: 5.31580e-10	AbsError: 1.47809e+08
    Region: "Bulk"	RelError: 5.31580e-10	AbsError: 1.47809e+08
      Equation: "ElectronContinuityEquation"	RelError: 3.86075e-10	AbsError: 8.94934e+07
      Equation: "HoleContinuityEquation"	RelError: 1.01420e-10	AbsError: 5.83157e+07
      Equation: "PotentialEquation"	RelError: 4.40852e-11	AbsError: 2.31796e-12
top	0.2	1.51352992802e-17	7.54134981055e-18	2.26766490907e-17
bot	0.0	-1.51827962451e-17	-7.46983068641e-18	-2.26526269315e-17
Region "Bulk" on device "diode3d" has equations 0:4250
Device "diode3d" has equations 0:4250
number of equations 4251
Iteration: 0
  Device: "diode3d"	RelError: 2.27480e+01	AbsError: 2.35499e+17
    Region: "Bulk"	RelError: 2.27480e+01	AbsError: 2.35499e+17
      Equation: "ElectronContinuityEquation"	RelError: 7.94132e-01	AbsError: 1.18546e+17
      Equation: "HoleContinuityEquation"	RelError: 7.92160e-01	AbsError: 1.16952e+17
      Equation: "PotentialEquation"	RelError: 2.11617e+01	AbsError: 4.66981e-02
Iteration: 1
  Device: "diode3d"	RelError: 2.52699e+02	AbsError: 3.34041e+16
    Region: "Bulk"	RelError: 2.52699e+02	AbsError: 3.34041e+16
      Equation: "ElectronContinuityEquation"	RelError: 6.89709e-01	AbsError: 1.82149e+16
      Equation: "HoleContinuityEquation"	RelError: 7.71187e-01	AbsError: 1.51892e+16
      Equation: "PotentialEquation"	RelError: 2.51238e+02	AbsError: 3.30227e-02
Iteration: 2
  Device: "diode3d"	RelError: 1.67085e+01	AbsError: 1.88806e+16
    Region: "Bulk"	RelError: 1.67085e+01	AbsError: 1.88806e+16
      Equation: "ElectronContinuityEquation"	RelError: 5.03185e-01	AbsError: 9.91150e+15
      Equation: "HoleContinuityEquation"	RelError: 4.81910e-01	AbsError: 8.96908e+15
      Equation: "PotentialEquation"	RelError: 1.57234e+01	AbsError: 2.58516e-02
Iteration: 3
  Device: "diode3d"	RelError: 5.19161e-01	AbsError: 5.89859e+15
    Region: "Bulk"	RelError: 5.19161e-01	AbsError: 5.89859e+15
      Equation: "ElectronContinuityEquation"	RelError: 3.06233e-01	AbsError: 3.66325e+15
      Equation: "HoleContinuityEquation"	RelError: 1.44356e-01	AbsError: 2.23534e+15
      Equation: "PotentialEquation"	RelError: 6.85708e-02	AbsError: 1.21275e-02
Iteration: 4
  Device: "diode3d"	RelError: 1.92951e-01	AbsError: 5.18235e+15
    Region: "Bulk"	RelError: 1.92951e-01	AbsError: 5.18235e+15
      Equation: "ElectronContinuityEquation"	RelError: 8.57096e-02	AbsError: 3.05263e+15
      Equation: "HoleContinuityEquation"	RelError: 1.42912e-02	AbsError: 2.12972e+15
      Equation: "PotentialEquation"	RelError: 9.29497e-02	AbsError: 1.63716e-03
Iteration: 5
  Device: "diode3d"	RelError: 4.42307e-04	AbsError: 6.04452e+13
    Region: "Bulk"	RelError: 4.42307e-04	AbsError: 6.04452e+13
      Equation: "ElectronContinuityEquation"	RelError: 2.08532e-04	AbsError: 1.48598e+13
      Equation: "HoleContinuityEquation"	RelError: 9.69885e-05	AbsError: 4.55854e+13
      Equation: "PotentialEquation"	RelError: 1.36786e-04	AbsError: 1.14011e-05
Iteration: 6
  Device: "diode3d"	RelError: 1.01242e-07	AbsError: 5.71683e+10
    Region: "Bulk"	RelError: 1.01242e-07	AbsError: 5.71683e+10
      Equation: "ElectronContinuityEquation"	RelError: 4.18954e-08	AbsError: 3.16157e+10
      Equation: "HoleContinuityEquation"	RelError: 4.24859e-08	AbsError: 2.55525e+10
      Equation: "PotentialEquation"	RelError: 1.68603e-08	AbsError: 2.96093e-09
Iteration: 7
  Device: "diode3d"	RelError: 6.41009e-10	AbsError: 1.51559e+08
    Region: "Bulk"	RelError: 6.41009e-10	AbsError: 1.51559e+08
      Equation: "ElectronContinuityEquation"	RelError: 2.96059e-10	AbsError: 1.29136e+08
      Equation: "HoleContinuityEquation"	RelError: 2.96419e-10	AbsError: 2.24228e+07
      Equation: "PotentialEquation"	RelError: 4.85308e-11	AbsError: 7.63301e-12
top	0.3	6.83003935286e-16	3.37977839416e-16	1.0209817747e-15
bot	0.0	-6.83499177737e-16	-3.37470954652e-16	-1.02097013239e-15
Region "Bulk" on device "diode3d" has equations 0:4250
Device "diode3d" has equations 0:4250
number of equations 4251
Iteration: 0
  Device: "diode3d"	RelError: 2.83288e+01	AbsError: 2.62954e+17
    Region: "Bulk"	RelError: 2.83288e+01	AbsError: 2.62954e+17
      Equation: "ElectronContinuityEquation"	RelError: 7.97784e-01	AbsError: 1.29913e+17
      Equation: "HoleContinuityEquation"	RelError: 7.94341e-01	AbsError: 1.33042e+17
      Equation: "PotentialEquation"	RelError: 2.67367e+01	AbsError: 4.54186e-02
Iteration: 1
  Device: "diode3d"	RelError: 1.20393e+02	AbsError: 8.43338e+16
    Region: "Bulk"	RelError: 1.20393e+02	AbsError: 8.43338e+16
      Equation: "ElectronContinuityEquation"	RelError: 6.85739e-01	AbsError: 2.40496e+16
      Equation: "HoleContinuityEquation"	RelError: 7.81697e-01	AbsError: 6.02842e+16
      Equation: "PotentialEquation"	RelError: 1.18926e+02	AbsError: 3.14755e-02
Iteration: 2
  Device: "diode3d"	RelError: 2.03427e+01	AbsError: 1.96400e+16
    Region: "Bulk"	RelError: 2.03427e+01	AbsError: 1.96400e+16
      Equation: "ElectronContinuityEquation"	RelError: 5.02220e-01	AbsError: 1.03118e+16
      Equation: "HoleContinuityEquation"	RelError: 5.01476e-01	AbsError: 9.32823e+15
      Equation: "PotentialEquation"	RelError: 1.93390e+01	AbsError: 2.58867e-02
Iteration: 3
  Device: "diode3d"	RelError: 6.09371e-01	AbsError: 8.09767e+15
    Region: "Bulk"	RelError: 6.09371e-01	AbsError: 8.09767e+15
      Equation: "ElectronContinuityEquation"	RelError: 3.09443e-01	AbsError: 5.62909e+15
      Equation: "HoleContinuityEquation"	RelError: 1.61669e-01	AbsError: 2.46858e+15
      Equation: "PotentialEquation"	RelError: 1.38258e-01	AbsError: 1.06091e-02
Iteration: 4
  Device: "diode3d"	RelError: 1.86710e-01	AbsError: 3.23486e+15
    Region: "Bulk"	RelError: 1.86710e-01	AbsError: 3.23486e+15
      Equation: "ElectronContinuityEquation"	RelError: 8.69199e-02	AbsError: 1.49343e+15
      Equation: "HoleContinuityEquation"	RelError: 1.23885e-02	AbsError: 1.74143e+15
      Equation: "PotentialEquation"	RelError: 8.74020e-02	AbsError: 1.36186e-03
Iteration: 5
  Device: "diode3d"	RelError: 8.96242e-04	AbsError: 8.69537e+13
    Region: "Bulk"	RelError: 8.96242e-04	AbsError: 8.69537e+13
      Equation: "ElectronContinuityEquation"	RelError: 2.64679e-04	AbsError: 7.05951e+13
      Equation: "HoleContinuityEquation"	RelError: 1.77476e-04	AbsError: 1.63586e+13
      Equation: "PotentialEquation"	RelError: 4.54087e-04	AbsError: 3.49010e-05
Iteration: 6
  Device: "diode3d"	RelError: 4.91395e-07	AbsError: 1.39758e+11
    Region: "Bulk"	RelError: 4.91395e-07	AbsError: 1.39758e+11
      Equation: "ElectronContinuityEquation"	RelError: 1.92207e-07	AbsError: 1.17348e+11
      Equation: "HoleContinuityEquation"	RelError: 1.90031e-07	AbsError: 2.24095e+10
      Equation: "PotentialEquation"	RelError: 1.09157e-07	AbsError: 1.40077e-08
Iteration: 7
  Device: "diode3d"	RelError: 9.45585e-10	AbsError: 3.57986e+08
    Region: "Bulk"	RelError: 9.45585e-10	AbsError: 3.57986e+08
      Equation: "ElectronContinuityEquation"	RelError: 3.30608e-10	AbsError: 2.55912e+08
      Equation: "HoleContinuityEquation"	RelError: 3.27904e-10	AbsError: 1.02074e+08
      Equation: "PotentialEquation"	RelError: 2.87073e-10	AbsError: 8.48767e-12
top	0.4	3.07499041974e-14	1.52170598821e-14	4.59669640795e-14
bot	0.0	-3.07536876106e-14	-1.52132831694e-14	-4.59669707799e-14
Region "Bulk" on device "diode3d" has equations 0:4250
Device "diode3d" has equations 0:4250
number of equations 4251
Iteration: 0
  Device: "diode3d"	RelError: 9.74468e+01	AbsError: 3.77681e+17
    Region: "Bulk"	RelError: 9.74468e+01	AbsError: 3.77681e+17
      Equation: "ElectronContinuityEquation"	RelError: 7.96861e-01	AbsError: 1.47455e+17
      Equation: "HoleContinuityEquation"	RelError: 7.97733e-01	AbsError: 2.30226e+17
      Equation: "PotentialEquation"	RelError: 9.58522e+01	AbsError: 5.30873e-02
Iteration: 1
  Device: "diode3d"	RelError: 1.23653e+02	AbsError: 1.91299e+17
    Region: "Bulk"	RelError: 1.23653e+02	AbsError: 1.91299e+17
      Equation: "ElectronContinuityEquation"	RelError: 6.90879e-01	AbsError: 6.59229e+16
      Equation: "HoleContinuityEquation"	RelError: 7.90611e-01	AbsError: 1.25376e+17
      Equation: "PotentialEquation"	RelError: 1.22171e+02	AbsError: 3.51432e-02
Iteration: 2
  Device: "diode3d"	RelError: 4.39570e+00	AbsError: 3.17295e+16
    Region: "Bulk"	RelError: 4.39570e+00	AbsError: 3.17295e+16
      Equation: "ElectronContinuityEquation"	RelError: 5.07615e-01	AbsError: 2.41432e+16
      Equation: "HoleContinuityEquation"	RelError: 7.04622e-01	AbsError: 7.58625e+15
      Equation: "PotentialEquation"	RelError: 3.18346e+00	AbsError: 2.58790e-02
Iteration: 3
  Device: "diode3d"	RelError: 1.13275e+00	AbsError: 2.31702e+16
    Region: "Bulk"	RelError: 1.13275e+00	AbsError: 2.31702e+16
      Equation: "ElectronContinuityEquation"	RelError: 3.13006e-01	AbsError: 1.30042e+16
      Equation: "HoleContinuityEquation"	RelError: 1.44961e-01	AbsError: 1.01660e+16
      Equation: "PotentialEquation"	RelError: 6.74781e-01	AbsError: 1.56145e-02
Iteration: 4
  Device: "diode3d"	RelError: 1.31937e-01	AbsError: 7.42809e+15
    Region: "Bulk"	RelError: 1.31937e-01	AbsError: 7.42809e+15
      Equation: "ElectronContinuityEquation"	RelError: 8.73762e-02	AbsError: 3.43126e+15
      Equation: "HoleContinuityEquation"	RelError: 1.19874e-02	AbsError: 3.99683e+15
      Equation: "PotentialEquation"	RelError: 3.25738e-02	AbsError: 3.67055e-03
Iteration: 5
  Device: "diode3d"	RelError: 7.98811e-04	AbsError: 1.25362e+14
    Region: "Bulk"	RelError: 7.98811e-04	AbsError: 1.25362e+14
      Equation: "ElectronContinuityEquation"	RelError: 1.57853e-04	AbsError: 1.07563e+14
      Equation: "HoleContinuityEquation"	RelError: 2.68950e-04	AbsError: 1.77984e+13
      Equation: "PotentialEquation"	RelError: 3.72008e-04	AbsError: 8.60836e-06
Iteration: 6
  Device: "diode3d"	RelError: 1.54425e-06	AbsError: 7.88350e+11
    Region: "Bulk"	RelError: 1.54425e-06	AbsError: 7.88350e+11
      Equation: "ElectronContinuityEquation"	RelError: 7.60690e-07	AbsError: 7.58936e+11
      Equation: "HoleContinuityEquation"	RelError: 7.42162e-07	AbsError: 2.94142e+10
      Equation: "PotentialEquation"	RelError: 4.13987e-08	AbsError: 1.97389e-08
Iteration: 7
  Device: "diode3d"	RelError: 5.68232e-10	AbsError: 2.96582e+08
    Region: "Bulk"	RelError: 5.68232e-10	AbsError: 2.96582e+08
      Equation: "ElectronContinuityEquation"	RelError: 2.20933e-10	AbsError: 1.83858e+08
      Equation: "HoleContinuityEquation"	RelError: 2.21497e-10	AbsError: 1.12724e+08
      Equation: "PotentialEquation"	RelError: 1.25802e-10	AbsError: 5.73300e-12
top	0.5	1.38026422406e-12	6.83986484899e-13	2.06425070896e-12
bot	0.0	-1.3802934946e-12	-6.83957220121e-13	-2.06425071472e-12
