
----------------------------------------

 DEVSIM

 Version: Beta 0.01

 Copyright 2009-2013 Devsim LLC

----------------------------------------


Adding 540 nodes
Adding 1541 edges with 0 duplicates removed
Adding 1002 triangles  with 0 duplicate removed
Contact Anode in region Silicon with 7 nodes
Contact Cathode in region Silicon with 16 nodes
Creating Node Solution Potential
Region "Silicon" on device "pn2d" has equations 0:539
Device "pn2d" has equations 0:539
number of equations 540
Iteration: 0
  Device: "pn2d"	RelError: 1.00000e+00	AbsError: 3.07958e-01
    Region: "Silicon"	RelError: 1.00000e+00	AbsError: 3.07958e-01
      Equation: "PotentialEquation"	RelError: 1.00000e+00	AbsError: 3.07958e-01
Iteration: 1
  Device: "pn2d"	RelError: 9.48950e+02	AbsError: 2.38478e-01
    Region: "Silicon"	RelError: 9.48950e+02	AbsError: 2.38478e-01
      Equation: "PotentialEquation"	RelError: 9.48950e+02	AbsError: 2.38478e-01
Iteration: 2
  Device: "pn2d"	RelError: 7.41923e+01	AbsError: 2.37034e-01
    Region: "Silicon"	RelError: 7.41923e+01	AbsError: 2.37034e-01
      Equation: "PotentialEquation"	RelError: 7.41923e+01	AbsError: 2.37034e-01
Iteration: 3
  Device: "pn2d"	RelError: 4.06386e+00	AbsError: 2.35686e-01
    Region: "Silicon"	RelError: 4.06386e+00	AbsError: 2.35686e-01
      Equation: "PotentialEquation"	RelError: 4.06386e+00	AbsError: 2.35686e-01
Iteration: 4
  Device: "pn2d"	RelError: 1.45865e+02	AbsError: 1.57887e-01
    Region: "Silicon"	RelError: 1.45865e+02	AbsError: 1.57887e-01
      Equation: "PotentialEquation"	RelError: 1.45865e+02	AbsError: 1.57887e-01
Iteration: 5
  Device: "pn2d"	RelError: 1.35418e+02	AbsError: 1.57914e-01
    Region: "Silicon"	RelError: 1.35418e+02	AbsError: 1.57914e-01
      Equation: "PotentialEquation"	RelError: 1.35418e+02	AbsError: 1.57914e-01
Iteration: 6
  Device: "pn2d"	RelError: 1.72594e+02	AbsError: 1.47982e-01
    Region: "Silicon"	RelError: 1.72594e+02	AbsError: 1.47982e-01
      Equation: "PotentialEquation"	RelError: 1.72594e+02	AbsError: 1.47982e-01
Iteration: 7
  Device: "pn2d"	RelError: 3.44881e+01	AbsError: 1.46441e-01
    Region: "Silicon"	RelError: 3.44881e+01	AbsError: 1.46441e-01
      Equation: "PotentialEquation"	RelError: 3.44881e+01	AbsError: 1.46441e-01
Iteration: 8
  Device: "pn2d"	RelError: 2.79287e+00	AbsError: 1.25505e-01
    Region: "Silicon"	RelError: 2.79287e+00	AbsError: 1.25505e-01
      Equation: "PotentialEquation"	RelError: 2.79287e+00	AbsError: 1.25505e-01
Iteration: 9
  Device: "pn2d"	RelError: 4.87845e+00	AbsError: 8.47244e-02
    Region: "Silicon"	RelError: 4.87845e+00	AbsError: 8.47244e-02
      Equation: "PotentialEquation"	RelError: 4.87845e+00	AbsError: 8.47244e-02
Iteration: 10
  Device: "pn2d"	RelError: 3.20250e+00	AbsError: 7.28688e-02
    Region: "Silicon"	RelError: 3.20250e+00	AbsError: 7.28688e-02
      Equation: "PotentialEquation"	RelError: 3.20250e+00	AbsError: 7.28688e-02
Iteration: 11
  Device: "pn2d"	RelError: 1.16918e+00	AbsError: 6.51325e-02
    Region: "Silicon"	RelError: 1.16918e+00	AbsError: 6.51325e-02
      Equation: "PotentialEquation"	RelError: 1.16918e+00	AbsError: 6.51325e-02
Iteration: 12
  Device: "pn2d"	RelError: 1.51313e+02	AbsError: 5.46855e-02
    Region: "Silicon"	RelError: 1.51313e+02	AbsError: 5.46855e-02
      Equation: "PotentialEquation"	RelError: 1.51313e+02	AbsError: 5.46855e-02
Iteration: 13
  Device: "pn2d"	RelError: 5.74154e+00	AbsError: 4.60583e-02
    Region: "Silicon"	RelError: 5.74154e+00	AbsError: 4.60583e-02
      Equation: "PotentialEquation"	RelError: 5.74154e+00	AbsError: 4.60583e-02
Iteration: 14
  Device: "pn2d"	RelError: 4.25804e+00	AbsError: 3.67857e-02
    Region: "Silicon"	RelError: 4.25804e+00	AbsError: 3.67857e-02
      Equation: "PotentialEquation"	RelError: 4.25804e+00	AbsError: 3.67857e-02
Iteration: 15
  Device: "pn2d"	RelError: 5.49279e+00	AbsError: 2.58566e-02
    Region: "Silicon"	RelError: 5.49279e+00	AbsError: 2.58566e-02
      Equation: "PotentialEquation"	RelError: 5.49279e+00	AbsError: 2.58566e-02
Iteration: 16
  Device: "pn2d"	RelError: 6.84161e-02	AbsError: 1.84034e-02
    Region: "Silicon"	RelError: 6.84161e-02	AbsError: 1.84034e-02
      Equation: "PotentialEquation"	RelError: 6.84161e-02	AbsError: 1.84034e-02
Iteration: 17
  Device: "pn2d"	RelError: 2.10333e-04	AbsError: 5.65658e-05
    Region: "Silicon"	RelError: 2.10333e-04	AbsError: 5.65658e-05
      Equation: "PotentialEquation"	RelError: 2.10333e-04	AbsError: 5.65658e-05
Iteration: 18
  Device: "pn2d"	RelError: 3.14468e-09	AbsError: 8.45714e-10
    Region: "Silicon"	RelError: 3.14468e-09	AbsError: 8.45714e-10
      Equation: "PotentialEquation"	RelError: 3.14468e-09	AbsError: 8.45714e-10
Iteration: 19
  Device: "pn2d"	RelError: 7.48357e-15	AbsError: 1.01087e-16
    Region: "Silicon"	RelError: 7.48357e-15	AbsError: 1.01087e-16
      Equation: "PotentialEquation"	RelError: 7.48357e-15	AbsError: 1.01087e-16
Warning: Replacing equation with equation of the same name.
Region: Silicon, Equation: PotentialEquation, Variable: Potential
Region "Silicon" on device "pn2d" has equations 0:1619
Device "pn2d" has equations 0:1619
number of equations 1620
Iteration: 0
  Device: "pn2d"	RelError: 1.92185e-02	AbsError: 4.19840e+04
    Region: "Silicon"	RelError: 1.92185e-02	AbsError: 4.19840e+04
      Equation: "ElectronContinuityEquation"	RelError: 6.96628e-03	AbsError: 5.12000e+03
      Equation: "HoleContinuityEquation"	RelError: 1.22522e-02	AbsError: 3.68640e+04
      Equation: "PotentialEquation"	RelError: 1.75745e-14	AbsError: 2.70567e-16
Iteration: 1
  Device: "pn2d"	RelError: 1.43568e-02	AbsError: 5.32934e+02
    Region: "Silicon"	RelError: 1.43568e-02	AbsError: 5.32934e+02
      Equation: "ElectronContinuityEquation"	RelError: 1.42921e-02	AbsError: 6.87067e+01
      Equation: "HoleContinuityEquation"	RelError: 6.46801e-05	AbsError: 4.64227e+02
      Equation: "PotentialEquation"	RelError: 2.55390e-14	AbsError: 1.58307e-16
Anode	0.0	-1.65490547488e-20	-5.86085567911e-15	-5.86087222817e-15
Cathode	0.0	0.0	2.70425004227e-20	2.70425004227e-20
Region "Silicon" on device "pn2d" has equations 0:1619
Device "pn2d" has equations 0:1619
number of equations 1620
Iteration: 0
  Device: "pn2d"	RelError: 2.92272e+00	AbsError: 1.28646e+16
    Region: "Silicon"	RelError: 2.92272e+00	AbsError: 1.28646e+16
      Equation: "ElectronContinuityEquation"	RelError: 4.90392e-01	AbsError: 5.71143e+15
      Equation: "HoleContinuityEquation"	RelError: 4.91312e-01	AbsError: 7.15322e+15
      Equation: "PotentialEquation"	RelError: 1.94102e+00	AbsError: 2.50000e-02
Iteration: 1
  Device: "pn2d"	RelError: 5.03483e-01	AbsError: 1.54728e+14
    Region: "Silicon"	RelError: 5.03483e-01	AbsError: 1.54728e+14
      Equation: "ElectronContinuityEquation"	RelError: 2.52678e-01	AbsError: 8.03012e+13
      Equation: "HoleContinuityEquation"	RelError: 2.50560e-01	AbsError: 7.44266e+13
      Equation: "PotentialEquation"	RelError: 2.45871e-04	AbsError: 9.32651e-05
Iteration: 2
  Device: "pn2d"	RelError: 4.76895e-03	AbsError: 2.52111e+10
    Region: "Silicon"	RelError: 4.76895e-03	AbsError: 2.52111e+10
      Equation: "ElectronContinuityEquation"	RelError: 1.53687e-03	AbsError: 4.11867e+09
      Equation: "HoleContinuityEquation"	RelError: 3.23200e-03	AbsError: 2.10924e+10
      Equation: "PotentialEquation"	RelError: 8.04404e-08	AbsError: 2.23702e-08
Iteration: 3
  Device: "pn2d"	RelError: 5.78584e-03	AbsError: 4.08909e+06
    Region: "Silicon"	RelError: 5.78584e-03	AbsError: 4.08909e+06
      Equation: "ElectronContinuityEquation"	RelError: 5.77275e-03	AbsError: 5.98764e+05
      Equation: "HoleContinuityEquation"	RelError: 1.30881e-05	AbsError: 3.49033e+06
      Equation: "PotentialEquation"	RelError: 1.73466e-11	AbsError: 2.27911e-12
Iteration: 4
  Device: "pn2d"	RelError: 5.80065e-03	AbsError: 5.76439e+02
    Region: "Silicon"	RelError: 5.80065e-03	AbsError: 5.76439e+02
      Equation: "ElectronContinuityEquation"	RelError: 5.73945e-03	AbsError: 6.71715e+01
      Equation: "HoleContinuityEquation"	RelError: 6.11972e-05	AbsError: 5.09267e+02
      Equation: "PotentialEquation"	RelError: 2.20678e-14	AbsError: 1.42683e-16
Anode	0.025	1.50118896411e-16	-2.61429059569e-14	-2.59927870605e-14
Cathode	0.0	-2.30926389122e-14	-1.41898133529e-16	-2.32345370457e-14
Region "Silicon" on device "pn2d" has equations 0:1619
Device "pn2d" has equations 0:1619
number of equations 1620
Iteration: 0
  Device: "pn2d"	RelError: 2.90681e+00	AbsError: 1.30712e+16
    Region: "Silicon"	RelError: 2.90681e+00	AbsError: 1.30712e+16
      Equation: "ElectronContinuityEquation"	RelError: 4.90817e-01	AbsError: 5.86843e+15
      Equation: "HoleContinuityEquation"	RelError: 4.90229e-01	AbsError: 7.20278e+15
      Equation: "PotentialEquation"	RelError: 1.92576e+00	AbsError: 2.50000e-02
Iteration: 1
  Device: "pn2d"	RelError: 5.04119e-01	AbsError: 1.54263e+14
    Region: "Silicon"	RelError: 5.04119e-01	AbsError: 1.54263e+14
      Equation: "ElectronContinuityEquation"	RelError: 2.51574e-01	AbsError: 6.96302e+13
      Equation: "HoleContinuityEquation"	RelError: 2.51887e-01	AbsError: 8.46330e+13
      Equation: "PotentialEquation"	RelError: 6.58201e-04	AbsError: 9.11195e-05
Iteration: 2
  Device: "pn2d"	RelError: 1.28493e-03	AbsError: 4.78136e+10
    Region: "Silicon"	RelError: 1.28493e-03	AbsError: 4.78136e+10
      Equation: "ElectronContinuityEquation"	RelError: 9.28812e-04	AbsError: 7.65358e+09
      Equation: "HoleContinuityEquation"	RelError: 3.55952e-04	AbsError: 4.01600e+10
      Equation: "PotentialEquation"	RelError: 1.69332e-07	AbsError: 4.44330e-08
Iteration: 3
  Device: "pn2d"	RelError: 5.17771e-03	AbsError: 1.68583e+06
    Region: "Silicon"	RelError: 5.17771e-03	AbsError: 1.68583e+06
      Equation: "ElectronContinuityEquation"	RelError: 2.33183e-03	AbsError: 5.09612e+05
      Equation: "HoleContinuityEquation"	RelError: 2.84588e-03	AbsError: 1.17622e+06
      Equation: "PotentialEquation"	RelError: 5.04887e-10	AbsError: 3.23661e-12
Iteration: 4
  Device: "pn2d"	RelError: 2.87980e-03	AbsError: 5.55285e+02
    Region: "Silicon"	RelError: 2.87980e-03	AbsError: 5.55285e+02
      Equation: "ElectronContinuityEquation"	RelError: 2.51509e-05	AbsError: 6.39368e+01
      Equation: "HoleContinuityEquation"	RelError: 2.85465e-03	AbsError: 4.91348e+02
      Equation: "PotentialEquation"	RelError: 9.77373e-15	AbsError: 1.76594e-16
Anode	0.05	5.4432941288e-16	4.07097274765e-14	4.12540568894e-14
Cathode	0.0	-6.2172489379e-14	-5.1451467796e-16	-6.2687004057e-14
Region "Silicon" on device "pn2d" has equations 0:1619
Device "pn2d" has equations 0:1619
number of equations 1620
Iteration: 0
  Device: "pn2d"	RelError: 3.06520e+00	AbsError: 1.32455e+16
    Region: "Silicon"	RelError: 3.06520e+00	AbsError: 1.32455e+16
      Equation: "ElectronContinuityEquation"	RelError: 4.91080e-01	AbsError: 6.00424e+15
      Equation: "HoleContinuityEquation"	RelError: 4.90851e-01	AbsError: 7.24130e+15
      Equation: "PotentialEquation"	RelError: 2.08327e+00	AbsError: 2.50000e-02
Iteration: 1
  Device: "pn2d"	RelError: 5.04077e-01	AbsError: 1.72120e+14
    Region: "Silicon"	RelError: 5.04077e-01	AbsError: 1.72120e+14
      Equation: "ElectronContinuityEquation"	RelError: 2.51763e-01	AbsError: 5.93495e+13
      Equation: "HoleContinuityEquation"	RelError: 2.51436e-01	AbsError: 1.12771e+14
      Equation: "PotentialEquation"	RelError: 8.78072e-04	AbsError: 1.22186e-04
Iteration: 2
  Device: "pn2d"	RelError: 1.35383e-03	AbsError: 8.40251e+10
    Region: "Silicon"	RelError: 1.35383e-03	AbsError: 8.40251e+10
      Equation: "ElectronContinuityEquation"	RelError: 5.24391e-04	AbsError: 1.31466e+10
      Equation: "HoleContinuityEquation"	RelError: 8.29126e-04	AbsError: 7.08785e+10
      Equation: "PotentialEquation"	RelError: 3.08816e-07	AbsError: 7.61184e-08
Iteration: 3
  Device: "pn2d"	RelError: 1.27025e-03	AbsError: 7.29760e+06
    Region: "Silicon"	RelError: 1.27025e-03	AbsError: 7.29760e+06
      Equation: "ElectronContinuityEquation"	RelError: 5.24213e-05	AbsError: 4.36912e+05
      Equation: "HoleContinuityEquation"	RelError: 1.21783e-03	AbsError: 6.86068e+06
      Equation: "PotentialEquation"	RelError: 3.39281e-11	AbsError: 5.62314e-13
Iteration: 4
  Device: "pn2d"	RelError: 1.26111e-03	AbsError: 5.79289e+02
    Region: "Silicon"	RelError: 1.26111e-03	AbsError: 5.79289e+02
      Equation: "ElectronContinuityEquation"	RelError: 4.13818e-05	AbsError: 7.18235e+01
      Equation: "HoleContinuityEquation"	RelError: 1.21972e-03	AbsError: 5.07465e+02
      Equation: "PotentialEquation"	RelError: 3.50363e-15	AbsError: 1.51802e-16
Anode	0.075	1.57978356545e-15	1.55674538142e-13	1.57254321708e-13
Cathode	0.0	-1.30045744664e-13	-1.4931947504e-15	-1.31538939414e-13
Region "Silicon" on device "pn2d" has equations 0:1619
Device "pn2d" has equations 0:1619
number of equations 1620
Iteration: 0
  Device: "pn2d"	RelError: 1.65794e+00	AbsError: 1.33867e+16
    Region: "Silicon"	RelError: 1.65794e+00	AbsError: 1.33867e+16
      Equation: "ElectronContinuityEquation"	RelError: 4.91180e-01	AbsError: 6.11956e+15
      Equation: "HoleContinuityEquation"	RelError: 4.91092e-01	AbsError: 7.26712e+15
      Equation: "PotentialEquation"	RelError: 6.75669e-01	AbsError: 2.50000e-02
Iteration: 1
  Device: "pn2d"	RelError: 5.04140e-01	AbsError: 2.12285e+14
    Region: "Silicon"	RelError: 5.04140e-01	AbsError: 2.12285e+14
      Equation: "ElectronContinuityEquation"	RelError: 2.51886e-01	AbsError: 6.70081e+13
      Equation: "HoleContinuityEquation"	RelError: 2.51569e-01	AbsError: 1.45277e+14
      Equation: "PotentialEquation"	RelError: 6.86041e-04	AbsError: 1.57978e-04
Iteration: 2
  Device: "pn2d"	RelError: 1.08701e-03	AbsError: 1.37447e+11
    Region: "Silicon"	RelError: 1.08701e-03	AbsError: 1.37447e+11
      Equation: "ElectronContinuityEquation"	RelError: 6.91264e-04	AbsError: 2.45057e+10
      Equation: "HoleContinuityEquation"	RelError: 3.95210e-04	AbsError: 1.12941e+11
      Equation: "PotentialEquation"	RelError: 5.38679e-07	AbsError: 1.24045e-07
Iteration: 3
  Device: "pn2d"	RelError: 2.09959e-05	AbsError: 3.60284e+06
    Region: "Silicon"	RelError: 2.09959e-05	AbsError: 3.60284e+06
      Equation: "ElectronContinuityEquation"	RelError: 1.51583e-05	AbsError: 1.85502e+05
      Equation: "HoleContinuityEquation"	RelError: 5.83747e-06	AbsError: 3.41734e+06
      Equation: "PotentialEquation"	RelError: 8.59783e-11	AbsError: 1.56684e-12
Iteration: 4
  Device: "pn2d"	RelError: 7.74320e-04	AbsError: 5.85067e+02
    Region: "Silicon"	RelError: 7.74320e-04	AbsError: 5.85067e+02
      Equation: "ElectronContinuityEquation"	RelError: 7.66822e-04	AbsError: 7.55598e+01
      Equation: "HoleContinuityEquation"	RelError: 7.49861e-06	AbsError: 5.09508e+02
      Equation: "PotentialEquation"	RelError: 1.03395e-14	AbsError: 1.88422e-16
Anode	0.1	4.29941420158e-15	2.48042671807e-13	2.52342086009e-13
Cathode	0.0	-2.48479042804e-13	-4.06349472029e-15	-2.52542537524e-13
Region "Silicon" on device "pn2d" has equations 0:1619
Device "pn2d" has equations 0:1619
number of equations 1620
Iteration: 0
  Device: "pn2d"	RelError: 1.86129e+00	AbsError: 1.34926e+16
    Region: "Silicon"	RelError: 1.86129e+00	AbsError: 1.34926e+16
      Equation: "ElectronContinuityEquation"	RelError: 4.91221e-01	AbsError: 6.21451e+15
      Equation: "HoleContinuityEquation"	RelError: 4.91186e-01	AbsError: 7.27812e+15
      Equation: "PotentialEquation"	RelError: 8.78883e-01	AbsError: 2.50000e-02
Iteration: 1
  Device: "pn2d"	RelError: 5.04537e-01	AbsError: 2.69852e+14
    Region: "Silicon"	RelError: 5.04537e-01	AbsError: 2.69852e+14
      Equation: "ElectronContinuityEquation"	RelError: 2.51968e-01	AbsError: 9.02396e+13
      Equation: "HoleContinuityEquation"	RelError: 2.51653e-01	AbsError: 1.79613e+14
      Equation: "PotentialEquation"	RelError: 9.15395e-04	AbsError: 1.95620e-04
Iteration: 2
  Device: "pn2d"	RelError: 1.12862e-03	AbsError: 2.08514e+11
    Region: "Silicon"	RelError: 1.12862e-03	AbsError: 2.08514e+11
      Equation: "ElectronContinuityEquation"	RelError: 7.47598e-04	AbsError: 4.79311e+10
      Equation: "HoleContinuityEquation"	RelError: 3.80201e-04	AbsError: 1.60583e+11
      Equation: "PotentialEquation"	RelError: 8.26273e-07	AbsError: 1.76575e-07
Iteration: 3
  Device: "pn2d"	RelError: 3.19431e-04	AbsError: 1.28262e+07
    Region: "Silicon"	RelError: 3.19431e-04	AbsError: 1.28262e+07
      Equation: "ElectronContinuityEquation"	RelError: 3.10756e-04	AbsError: 3.63781e+06
      Equation: "HoleContinuityEquation"	RelError: 8.67484e-06	AbsError: 9.18841e+06
      Equation: "PotentialEquation"	RelError: 9.05075e-12	AbsError: 9.27509e-13
Iteration: 4
  Device: "pn2d"	RelError: 3.20262e-04	AbsError: 5.55635e+02
    Region: "Silicon"	RelError: 3.20262e-04	AbsError: 5.55635e+02
      Equation: "ElectronContinuityEquation"	RelError: 3.09982e-04	AbsError: 7.00542e+01
      Equation: "HoleContinuityEquation"	RelError: 1.02804e-05	AbsError: 4.85581e+02
      Equation: "PotentialEquation"	RelError: 5.39828e-15	AbsError: 1.21963e-16
Anode	0.125	1.14425504094e-14	4.08008528602e-13	4.19451079011e-13
Cathode	0.0	-4.24976879911e-13	-1.08141362487e-14	-4.35791016159e-13
Region "Silicon" on device "pn2d" has equations 0:1619
Device "pn2d" has equations 0:1619
number of equations 1620
Iteration: 0
  Device: "pn2d"	RelError: 8.18112e+00	AbsError: 1.35607e+16
    Region: "Silicon"	RelError: 8.18112e+00	AbsError: 1.35607e+16
      Equation: "ElectronContinuityEquation"	RelError: 4.91246e-01	AbsError: 6.28879e+15
      Equation: "HoleContinuityEquation"	RelError: 4.91222e-01	AbsError: 7.27187e+15
      Equation: "PotentialEquation"	RelError: 7.19866e+00	AbsError: 2.50000e-02
Iteration: 1
  Device: "pn2d"	RelError: 5.06714e-01	AbsError: 3.29837e+14
    Region: "Silicon"	RelError: 5.06714e-01	AbsError: 3.29837e+14
      Equation: "ElectronContinuityEquation"	RelError: 2.52042e-01	AbsError: 1.18025e+14
      Equation: "HoleContinuityEquation"	RelError: 2.51720e-01	AbsError: 2.11812e+14
      Equation: "PotentialEquation"	RelError: 2.95206e-03	AbsError: 2.30655e-04
Iteration: 2
  Device: "pn2d"	RelError: 1.41924e-03	AbsError: 2.83402e+11
    Region: "Silicon"	RelError: 1.41924e-03	AbsError: 2.83402e+11
      Equation: "ElectronContinuityEquation"	RelError: 8.60322e-04	AbsError: 8.33721e+10
      Equation: "HoleContinuityEquation"	RelError: 5.14508e-04	AbsError: 2.00030e+11
      Equation: "PotentialEquation"	RelError: 4.44093e-05	AbsError: 2.20033e-07
Iteration: 3
  Device: "pn2d"	RelError: 9.96048e-05	AbsError: 1.92937e+07
    Region: "Silicon"	RelError: 9.96048e-05	AbsError: 1.92937e+07
      Equation: "ElectronContinuityEquation"	RelError: 6.07636e-06	AbsError: 1.05934e+07
      Equation: "HoleContinuityEquation"	RelError: 9.35273e-05	AbsError: 8.70029e+06
      Equation: "PotentialEquation"	RelError: 1.12713e-09	AbsError: 1.95036e-12
Iteration: 4
  Device: "pn2d"	RelError: 8.10797e-06	AbsError: 5.74993e+02
    Region: "Silicon"	RelError: 8.10797e-06	AbsError: 5.74993e+02
      Equation: "ElectronContinuityEquation"	RelError: 2.46149e-06	AbsError: 6.36279e+01
      Equation: "HoleContinuityEquation"	RelError: 5.64648e-06	AbsError: 5.11365e+02
      Equation: "PotentialEquation"	RelError: 7.69096e-15	AbsError: 1.23172e-16
Anode	0.15	3.02036805885e-14	7.16768141927e-13	7.46971822516e-13
Cathode	0.0	-7.28527597432e-13	-2.85436824944e-14	-7.57071279926e-13
Region "Silicon" on device "pn2d" has equations 0:1619
Device "pn2d" has equations 0:1619
number of equations 1620
Iteration: 0
  Device: "pn2d"	RelError: 2.14453e+00	AbsError: 1.35882e+16
    Region: "Silicon"	RelError: 2.14453e+00	AbsError: 1.35882e+16
      Equation: "ElectronContinuityEquation"	RelError: 4.91256e-01	AbsError: 6.34198e+15
      Equation: "HoleContinuityEquation"	RelError: 4.91245e-01	AbsError: 7.24621e+15
      Equation: "PotentialEquation"	RelError: 1.16203e+00	AbsError: 2.50000e-02
Iteration: 1
  Device: "pn2d"	RelError: 5.05303e-01	AbsError: 3.86289e+14
    Region: "Silicon"	RelError: 5.05303e-01	AbsError: 3.86289e+14
      Equation: "ElectronContinuityEquation"	RelError: 2.52108e-01	AbsError: 1.48852e+14
      Equation: "HoleContinuityEquation"	RelError: 2.51754e-01	AbsError: 2.37437e+14
      Equation: "PotentialEquation"	RelError: 1.44040e-03	AbsError: 2.58084e-04
Iteration: 2
  Device: "pn2d"	RelError: 1.56318e-03	AbsError: 3.46651e+11
    Region: "Silicon"	RelError: 1.56318e-03	AbsError: 3.46651e+11
      Equation: "ElectronContinuityEquation"	RelError: 9.53073e-04	AbsError: 1.30862e+11
      Equation: "HoleContinuityEquation"	RelError: 6.08782e-04	AbsError: 2.15789e+11
      Equation: "PotentialEquation"	RelError: 1.32642e-06	AbsError: 2.37662e-07
Iteration: 3
  Device: "pn2d"	RelError: 4.38516e-06	AbsError: 1.78710e+07
    Region: "Silicon"	RelError: 4.38516e-06	AbsError: 1.78710e+07
      Equation: "ElectronContinuityEquation"	RelError: 1.62798e-06	AbsError: 3.21344e+06
      Equation: "HoleContinuityEquation"	RelError: 2.75717e-06	AbsError: 1.46576e+07
      Equation: "PotentialEquation"	RelError: 1.33560e-11	AbsError: 5.39794e-13
Iteration: 4
  Device: "pn2d"	RelError: 5.19827e-05	AbsError: 5.25726e+02
    Region: "Silicon"	RelError: 5.19827e-05	AbsError: 5.25726e+02
      Equation: "ElectronContinuityEquation"	RelError: 5.09651e-05	AbsError: 6.39293e+01
      Equation: "HoleContinuityEquation"	RelError: 1.01763e-06	AbsError: 4.61797e+02
      Equation: "PotentialEquation"	RelError: 1.89288e-14	AbsError: 2.02033e-16
Anode	0.175	7.94799522565e-14	1.20410971244e-12	1.2835896647e-12
Cathode	0.0	-1.22141548456e-12	-7.51079663529e-14	-1.29652345091e-12
Region "Silicon" on device "pn2d" has equations 0:1619
Device "pn2d" has equations 0:1619
number of equations 1620
Iteration: 0
  Device: "pn2d"	RelError: 1.51988e+00	AbsError: 1.35741e+16
    Region: "Silicon"	RelError: 1.51988e+00	AbsError: 1.35741e+16
      Equation: "ElectronContinuityEquation"	RelError: 4.91263e-01	AbsError: 6.37407e+15
      Equation: "HoleContinuityEquation"	RelError: 4.91256e-01	AbsError: 7.20004e+15
      Equation: "PotentialEquation"	RelError: 5.37364e-01	AbsError: 2.50000e-02
Iteration: 1
  Device: "pn2d"	RelError: 5.05651e-01	AbsError: 4.32902e+14
    Region: "Silicon"	RelError: 5.05651e-01	AbsError: 4.32902e+14
      Equation: "ElectronContinuityEquation"	RelError: 2.52162e-01	AbsError: 1.79807e+14
      Equation: "HoleContinuityEquation"	RelError: 2.51789e-01	AbsError: 2.53094e+14
      Equation: "PotentialEquation"	RelError: 1.70079e-03	AbsError: 2.74041e-04
Iteration: 2
  Device: "pn2d"	RelError: 1.71148e-03	AbsError: 3.81868e+11
    Region: "Silicon"	RelError: 1.71148e-03	AbsError: 3.81868e+11
      Equation: "ElectronContinuityEquation"	RelError: 1.00929e-03	AbsError: 1.81001e+11
      Equation: "HoleContinuityEquation"	RelError: 7.00733e-04	AbsError: 2.00867e+11
      Equation: "PotentialEquation"	RelError: 1.45782e-06	AbsError: 2.21527e-07
Iteration: 3
  Device: "pn2d"	RelError: 1.79651e-05	AbsError: 4.73386e+06
    Region: "Silicon"	RelError: 1.79651e-05	AbsError: 4.73386e+06
      Equation: "ElectronContinuityEquation"	RelError: 9.44088e-07	AbsError: 2.08609e+06
      Equation: "HoleContinuityEquation"	RelError: 1.70210e-05	AbsError: 2.64777e+06
      Equation: "PotentialEquation"	RelError: 5.59488e-11	AbsError: 1.33832e-12
Iteration: 4
  Device: "pn2d"	RelError: 3.71540e-05	AbsError: 5.75731e+02
    Region: "Silicon"	RelError: 3.71540e-05	AbsError: 5.75731e+02
      Equation: "ElectronContinuityEquation"	RelError: 2.07041e-05	AbsError: 6.93223e+01
      Equation: "HoleContinuityEquation"	RelError: 1.64499e-05	AbsError: 5.06409e+02
      Equation: "PotentialEquation"	RelError: 5.16455e-15	AbsError: 1.41302e-16
Anode	0.2	2.08903799592e-13	2.07430048696e-12	2.28320428656e-12
Cathode	0.0	-2.08566598152e-12	-1.97401867802e-13	-2.28306784933e-12
Region "Silicon" on device "pn2d" has equations 0:1619
Device "pn2d" has equations 0:1619
number of equations 1620
Iteration: 0
  Device: "pn2d"	RelError: 1.33187e+00	AbsError: 1.35201e+16
    Region: "Silicon"	RelError: 1.33187e+00	AbsError: 1.35201e+16
      Equation: "ElectronContinuityEquation"	RelError: 4.91266e-01	AbsError: 6.38595e+15
      Equation: "HoleContinuityEquation"	RelError: 4.91260e-01	AbsError: 7.13411e+15
      Equation: "PotentialEquation"	RelError: 3.49348e-01	AbsError: 2.50000e-02
Iteration: 1
  Device: "pn2d"	RelError: 5.06067e-01	AbsError: 4.64628e+14
    Region: "Silicon"	RelError: 5.06067e-01	AbsError: 4.64628e+14
      Equation: "ElectronContinuityEquation"	RelError: 2.52195e-01	AbsError: 2.06965e+14
      Equation: "HoleContinuityEquation"	RelError: 2.51818e-01	AbsError: 2.57663e+14
      Equation: "PotentialEquation"	RelError: 2.05405e-03	AbsError: 2.77123e-04
Iteration: 2
  Device: "pn2d"	RelError: 1.81274e-03	AbsError: 4.25764e+11
    Region: "Silicon"	RelError: 1.81274e-03	AbsError: 4.25764e+11
      Equation: "ElectronContinuityEquation"	RelError: 1.01855e-03	AbsError: 2.15104e+11
      Equation: "HoleContinuityEquation"	RelError: 7.92196e-04	AbsError: 2.10660e+11
      Equation: "PotentialEquation"	RelError: 1.98905e-06	AbsError: 2.53489e-07
Iteration: 3
  Device: "pn2d"	RelError: 8.26003e-06	AbsError: 1.42858e+07
    Region: "Silicon"	RelError: 8.26003e-06	AbsError: 1.42858e+07
      Equation: "ElectronContinuityEquation"	RelError: 7.66164e-06	AbsError: 2.12945e+06
      Equation: "HoleContinuityEquation"	RelError: 5.98362e-07	AbsError: 1.21563e+07
      Equation: "PotentialEquation"	RelError: 2.77606e-11	AbsError: 9.83834e-13
Iteration: 4
  Device: "pn2d"	RelError: 1.52848e-05	AbsError: 5.40078e+02
    Region: "Silicon"	RelError: 1.52848e-05	AbsError: 5.40078e+02
      Equation: "ElectronContinuityEquation"	RelError: 8.39617e-06	AbsError: 8.98210e+01
      Equation: "HoleContinuityEquation"	RelError: 6.88867e-06	AbsError: 4.50257e+02
      Equation: "PotentialEquation"	RelError: 4.24230e-15	AbsError: 1.50347e-16
Anode	0.225	5.48833563123e-13	3.61800033204e-12	4.16683389517e-12
Cathode	0.0	-3.6338784394e-12	-5.18585836345e-13	-4.15246427574e-12
Region "Silicon" on device "pn2d" has equations 0:1619
Device "pn2d" has equations 0:1619
number of equations 1620
Iteration: 0
  Device: "pn2d"	RelError: 1.24124e+00	AbsError: 1.34314e+16
    Region: "Silicon"	RelError: 1.24124e+00	AbsError: 1.34314e+16
      Equation: "ElectronContinuityEquation"	RelError: 4.91268e-01	AbsError: 6.37988e+15
      Equation: "HoleContinuityEquation"	RelError: 4.91262e-01	AbsError: 7.05154e+15
      Equation: "PotentialEquation"	RelError: 2.58712e-01	AbsError: 2.50000e-02
Iteration: 1
  Device: "pn2d"	RelError: 5.06636e-01	AbsError: 4.82584e+14
    Region: "Silicon"	RelError: 5.06636e-01	AbsError: 4.82584e+14
      Equation: "ElectronContinuityEquation"	RelError: 2.52202e-01	AbsError: 2.26493e+14
      Equation: "HoleContinuityEquation"	RelError: 2.51847e-01	AbsError: 2.56092e+14
      Equation: "PotentialEquation"	RelError: 2.58794e-03	AbsError: 2.81190e-04
Iteration: 2
  Device: "pn2d"	RelError: 1.99439e-03	AbsError: 4.53280e+11
    Region: "Silicon"	RelError: 1.99439e-03	AbsError: 4.53280e+11
      Equation: "ElectronContinuityEquation"	RelError: 1.12829e-03	AbsError: 2.29094e+11
      Equation: "HoleContinuityEquation"	RelError: 8.63857e-04	AbsError: 2.24186e+11
      Equation: "PotentialEquation"	RelError: 2.24869e-06	AbsError: 2.58258e-07
Iteration: 3
  Device: "pn2d"	RelError: 7.58537e-06	AbsError: 3.74489e+08
    Region: "Silicon"	RelError: 7.58537e-06	AbsError: 3.74489e+08
      Equation: "ElectronContinuityEquation"	RelError: 5.77003e-06	AbsError: 1.45467e+08
      Equation: "HoleContinuityEquation"	RelError: 1.80658e-06	AbsError: 2.29022e+08
      Equation: "PotentialEquation"	RelError: 8.77194e-09	AbsError: 8.03669e-10
Iteration: 4
  Device: "pn2d"	RelError: 3.85211e-06	AbsError: 1.72535e+04
    Region: "Silicon"	RelError: 3.85211e-06	AbsError: 1.72535e+04
      Equation: "ElectronContinuityEquation"	RelError: 3.40478e-06	AbsError: 5.76297e+03
      Equation: "HoleContinuityEquation"	RelError: 4.47326e-07	AbsError: 1.14906e+04
      Equation: "PotentialEquation"	RelError: 5.23474e-13	AbsError: 4.79597e-14
Iteration: 5
  Device: "pn2d"	RelError: 4.61909e-07	AbsError: 5.78761e+02
    Region: "Silicon"	RelError: 4.61909e-07	AbsError: 5.78761e+02
      Equation: "ElectronContinuityEquation"	RelError: 1.45751e-08	AbsError: 6.76784e+01
      Equation: "HoleContinuityEquation"	RelError: 4.47334e-07	AbsError: 5.11083e+02
      Equation: "PotentialEquation"	RelError: 3.55412e-15	AbsError: 1.69892e-16
Anode	0.25	1.44165206803e-12	6.36469616893e-12	7.80634823697e-12
Cathode	0.0	-6.4693768848e-12	-1.36211663266e-12	-7.83149351746e-12
Region "Silicon" on device "pn2d" has equations 0:1619
Device "pn2d" has equations 0:1619
number of equations 1620
Iteration: 0
  Device: "pn2d"	RelError: 1.18791e+00	AbsError: 1.33169e+16
    Region: "Silicon"	RelError: 1.18791e+00	AbsError: 1.33169e+16
      Equation: "ElectronContinuityEquation"	RelError: 4.91268e-01	AbsError: 6.35942e+15
      Equation: "HoleContinuityEquation"	RelError: 4.91262e-01	AbsError: 6.95747e+15
      Equation: "PotentialEquation"	RelError: 2.05375e-01	AbsError: 2.50000e-02
Iteration: 1
  Device: "pn2d"	RelError: 5.07250e-01	AbsError: 5.16973e+14
    Region: "Silicon"	RelError: 5.07250e-01	AbsError: 5.16973e+14
      Equation: "ElectronContinuityEquation"	RelError: 2.52180e-01	AbsError: 2.35914e+14
      Equation: "HoleContinuityEquation"	RelError: 2.51868e-01	AbsError: 2.81059e+14
      Equation: "PotentialEquation"	RelError: 3.20194e-03	AbsError: 2.89307e-04
Iteration: 2
  Device: "pn2d"	RelError: 2.08950e-03	AbsError: 4.43634e+11
    Region: "Silicon"	RelError: 2.08950e-03	AbsError: 4.43634e+11
      Equation: "ElectronContinuityEquation"	RelError: 1.18513e-03	AbsError: 2.12785e+11
      Equation: "HoleContinuityEquation"	RelError: 9.01786e-04	AbsError: 2.30849e+11
      Equation: "PotentialEquation"	RelError: 2.58450e-06	AbsError: 2.34518e-07
Iteration: 3
  Device: "pn2d"	RelError: 1.45691e-06	AbsError: 4.76918e+07
    Region: "Silicon"	RelError: 1.45691e-06	AbsError: 4.76918e+07
      Equation: "ElectronContinuityEquation"	RelError: 1.17338e-06	AbsError: 2.39586e+07
      Equation: "HoleContinuityEquation"	RelError: 2.83294e-07	AbsError: 2.37331e+07
      Equation: "PotentialEquation"	RelError: 2.38035e-10	AbsError: 2.46928e-11
Iteration: 4
  Device: "pn2d"	RelError: 2.44146e-07	AbsError: 7.08410e+02
    Region: "Silicon"	RelError: 2.44146e-07	AbsError: 7.08410e+02
      Equation: "ElectronContinuityEquation"	RelError: 1.89853e-07	AbsError: 1.97701e+02
      Equation: "HoleContinuityEquation"	RelError: 5.42934e-08	AbsError: 5.10709e+02
      Equation: "PotentialEquation"	RelError: 1.48822e-14	AbsError: 1.54381e-15
Anode	0.275	3.78661546357e-12	1.17606522005e-11	1.55472676641e-11
Cathode	0.0	-1.19734882419e-11	-3.57748095419e-12	-1.55509691961e-11
Region "Silicon" on device "pn2d" has equations 0:1619
Device "pn2d" has equations 0:1619
number of equations 1620
Iteration: 0
  Device: "pn2d"	RelError: 1.24811e+00	AbsError: 1.31870e+16
    Region: "Silicon"	RelError: 1.24811e+00	AbsError: 1.31870e+16
      Equation: "ElectronContinuityEquation"	RelError: 4.91268e-01	AbsError: 6.32894e+15
      Equation: "HoleContinuityEquation"	RelError: 4.91262e-01	AbsError: 6.85804e+15
      Equation: "PotentialEquation"	RelError: 2.65584e-01	AbsError: 2.50000e-02
Iteration: 1
  Device: "pn2d"	RelError: 5.07989e-01	AbsError: 5.33373e+14
    Region: "Silicon"	RelError: 5.07989e-01	AbsError: 5.33373e+14
      Equation: "ElectronContinuityEquation"	RelError: 2.52130e-01	AbsError: 2.34968e+14
      Equation: "HoleContinuityEquation"	RelError: 2.51882e-01	AbsError: 2.98405e+14
      Equation: "PotentialEquation"	RelError: 3.97749e-03	AbsError: 2.84312e-04
Iteration: 2
  Device: "pn2d"	RelError: 2.09464e-03	AbsError: 4.28061e+11
    Region: "Silicon"	RelError: 2.09464e-03	AbsError: 4.28061e+11
      Equation: "ElectronContinuityEquation"	RelError: 1.18491e-03	AbsError: 2.07018e+11
      Equation: "HoleContinuityEquation"	RelError: 9.07023e-04	AbsError: 2.21043e+11
      Equation: "PotentialEquation"	RelError: 2.70608e-06	AbsError: 1.83301e-07
Iteration: 3
  Device: "pn2d"	RelError: 4.47457e-07	AbsError: 1.03043e+08
    Region: "Silicon"	RelError: 4.47457e-07	AbsError: 1.03043e+08
      Equation: "ElectronContinuityEquation"	RelError: 4.08014e-08	AbsError: 6.82795e+07
      Equation: "HoleContinuityEquation"	RelError: 4.04264e-07	AbsError: 3.47635e+07
      Equation: "PotentialEquation"	RelError: 2.39123e-09	AbsError: 2.76945e-10
Iteration: 4
  Device: "pn2d"	RelError: 6.35664e-07	AbsError: 4.94153e+03
    Region: "Silicon"	RelError: 6.35664e-07	AbsError: 4.94153e+03
      Equation: "ElectronContinuityEquation"	RelError: 5.59938e-07	AbsError: 2.15087e+03
      Equation: "HoleContinuityEquation"	RelError: 7.57250e-08	AbsError: 2.79065e+03
      Equation: "PotentialEquation"	RelError: 1.00460e-13	AbsError: 1.16350e-14
Iteration: 5
  Device: "pn2d"	RelError: 6.40042e-07	AbsError: 5.69877e+02
    Region: "Silicon"	RelError: 6.40042e-07	AbsError: 5.69877e+02
      Equation: "ElectronContinuityEquation"	RelError: 5.64320e-07	AbsError: 6.35506e+01
      Equation: "HoleContinuityEquation"	RelError: 7.57218e-08	AbsError: 5.06326e+02
      Equation: "PotentialEquation"	RelError: 1.42287e-15	AbsError: 2.06656e-16
Anode	0.3	9.9455811468e-12	2.27101638336e-11	3.26557449804e-11
Cathode	0.0	-2.32575495975e-11	-9.39565338564e-12	-3.26532029831e-11
Region "Silicon" on device "pn2d" has equations 0:1619
Device "pn2d" has equations 0:1619
number of equations 1620
Iteration: 0
  Device: "pn2d"	RelError: 1.36066e+00	AbsError: 1.30519e+16
    Region: "Silicon"	RelError: 1.36066e+00	AbsError: 1.30519e+16
      Equation: "ElectronContinuityEquation"	RelError: 4.91268e-01	AbsError: 6.29289e+15
      Equation: "HoleContinuityEquation"	RelError: 4.91261e-01	AbsError: 6.75904e+15
      Equation: "PotentialEquation"	RelError: 3.78130e-01	AbsError: 2.50000e-02
Iteration: 1
  Device: "pn2d"	RelError: 5.09222e-01	AbsError: 5.79899e+14
    Region: "Silicon"	RelError: 5.09222e-01	AbsError: 5.79899e+14
      Equation: "ElectronContinuityEquation"	RelError: 2.52082e-01	AbsError: 2.73136e+14
      Equation: "HoleContinuityEquation"	RelError: 2.51888e-01	AbsError: 3.06763e+14
      Equation: "PotentialEquation"	RelError: 5.25215e-03	AbsError: 3.81388e-04
Iteration: 2
  Device: "pn2d"	RelError: 2.23148e-03	AbsError: 5.14933e+11
    Region: "Silicon"	RelError: 2.23148e-03	AbsError: 5.14933e+11
      Equation: "ElectronContinuityEquation"	RelError: 1.13308e-03	AbsError: 3.11229e+11
      Equation: "HoleContinuityEquation"	RelError: 1.09570e-03	AbsError: 2.03704e+11
      Equation: "PotentialEquation"	RelError: 2.69624e-06	AbsError: 3.05921e-07
Iteration: 3
  Device: "pn2d"	RelError: 4.59723e-07	AbsError: 3.18631e+07
    Region: "Silicon"	RelError: 4.59723e-07	AbsError: 3.18631e+07
      Equation: "ElectronContinuityEquation"	RelError: 2.45013e-07	AbsError: 2.02258e+07
      Equation: "HoleContinuityEquation"	RelError: 2.14395e-07	AbsError: 1.16373e+07
      Equation: "PotentialEquation"	RelError: 3.14751e-10	AbsError: 9.57997e-11
Iteration: 4
  Device: "pn2d"	RelError: 3.93845e-08	AbsError: 6.12335e+02
    Region: "Silicon"	RelError: 3.93845e-08	AbsError: 6.12335e+02
      Equation: "ElectronContinuityEquation"	RelError: 8.99953e-09	AbsError: 1.03620e+02
      Equation: "HoleContinuityEquation"	RelError: 3.03849e-08	AbsError: 5.08715e+02
      Equation: "PotentialEquation"	RelError: 5.88026e-15	AbsError: 4.98819e-16
Anode	0.325	2.61218402278e-11	4.62954536253e-11	7.2417293853e-11
Cathode	0.0	-4.77376054409e-11	-2.46757139592e-11	-7.24133194001e-11
Region "Silicon" on device "pn2d" has equations 0:1619
Device "pn2d" has equations 0:1619
number of equations 1620
Iteration: 0
  Device: "pn2d"	RelError: 1.62331e+00	AbsError: 1.29201e+16
    Region: "Silicon"	RelError: 1.62331e+00	AbsError: 1.29201e+16
      Equation: "ElectronContinuityEquation"	RelError: 4.91268e-01	AbsError: 6.25506e+15
      Equation: "HoleContinuityEquation"	RelError: 4.91260e-01	AbsError: 6.66502e+15
      Equation: "PotentialEquation"	RelError: 6.40777e-01	AbsError: 2.50000e-02
Iteration: 1
  Device: "pn2d"	RelError: 5.12232e-01	AbsError: 6.24672e+14
    Region: "Silicon"	RelError: 5.12232e-01	AbsError: 6.24672e+14
      Equation: "ElectronContinuityEquation"	RelError: 2.52031e-01	AbsError: 3.17802e+14
      Equation: "HoleContinuityEquation"	RelError: 2.51973e-01	AbsError: 3.06870e+14
      Equation: "PotentialEquation"	RelError: 8.22763e-03	AbsError: 2.80316e-04
Iteration: 2
  Device: "pn2d"	RelError: 1.99277e-03	AbsError: 5.64039e+11
    Region: "Silicon"	RelError: 1.99277e-03	AbsError: 5.64039e+11
      Equation: "ElectronContinuityEquation"	RelError: 1.04180e-03	AbsError: 3.83767e+11
      Equation: "HoleContinuityEquation"	RelError: 9.48021e-04	AbsError: 1.80272e+11
      Equation: "PotentialEquation"	RelError: 2.95011e-06	AbsError: 3.98325e-07
Iteration: 3
  Device: "pn2d"	RelError: 1.30347e-07	AbsError: 7.62525e+07
    Region: "Silicon"	RelError: 1.30347e-07	AbsError: 7.62525e+07
      Equation: "ElectronContinuityEquation"	RelError: 9.11071e-08	AbsError: 3.81099e+07
      Equation: "HoleContinuityEquation"	RelError: 3.75994e-08	AbsError: 3.81426e+07
      Equation: "PotentialEquation"	RelError: 1.64045e-09	AbsError: 1.59421e-10
Iteration: 4
  Device: "pn2d"	RelError: 1.77996e-07	AbsError: 1.94616e+03
    Region: "Silicon"	RelError: 1.77996e-07	AbsError: 1.94616e+03
      Equation: "ElectronContinuityEquation"	RelError: 9.21929e-08	AbsError: 8.29755e+02
      Equation: "HoleContinuityEquation"	RelError: 8.58033e-08	AbsError: 1.11640e+03
      Equation: "PotentialEquation"	RelError: 4.69101e-14	AbsError: 4.55877e-15
Iteration: 5
  Device: "pn2d"	RelError: 1.25206e-08	AbsError: 5.70760e+02
    Region: "Silicon"	RelError: 1.25206e-08	AbsError: 5.70760e+02
      Equation: "ElectronContinuityEquation"	RelError: 3.32644e-10	AbsError: 6.39102e+01
      Equation: "HoleContinuityEquation"	RelError: 1.21879e-08	AbsError: 5.06850e+02
      Equation: "PotentialEquation"	RelError: 1.53106e-15	AbsError: 1.48790e-16
Anode	0.35	6.86079366468e-11	9.99621990886e-11	1.68570135735e-10
Cathode	0.0	-1.03756327297e-10	-6.48049242423e-11	-1.68561251539e-10
Region "Silicon" on device "pn2d" has equations 0:1619
Device "pn2d" has equations 0:1619
number of equations 1620
Iteration: 0
  Device: "pn2d"	RelError: 2.94384e+00	AbsError: 1.27972e+16
    Region: "Silicon"	RelError: 2.94384e+00	AbsError: 1.27972e+16
      Equation: "ElectronContinuityEquation"	RelError: 4.91268e-01	AbsError: 6.21823e+15
      Equation: "HoleContinuityEquation"	RelError: 4.91261e-01	AbsError: 6.57893e+15
      Equation: "PotentialEquation"	RelError: 1.96131e+00	AbsError: 2.50000e-02
Iteration: 1
  Device: "pn2d"	RelError: 5.29653e-01	AbsError: 1.22200e+15
    Region: "Silicon"	RelError: 5.29653e-01	AbsError: 1.22200e+15
      Equation: "ElectronContinuityEquation"	RelError: 2.54372e-01	AbsError: 6.96003e+14
      Equation: "HoleContinuityEquation"	RelError: 2.52089e-01	AbsError: 5.26001e+14
      Equation: "PotentialEquation"	RelError: 2.31920e-02	AbsError: 2.23986e-03
Iteration: 2
  Device: "pn2d"	RelError: 1.26897e-02	AbsError: 5.41687e+11
    Region: "Silicon"	RelError: 1.26897e-02	AbsError: 5.41687e+11
      Equation: "ElectronContinuityEquation"	RelError: 4.97215e-03	AbsError: 3.89731e+11
      Equation: "HoleContinuityEquation"	RelError: 7.71199e-03	AbsError: 1.51957e+11
      Equation: "PotentialEquation"	RelError: 5.54017e-06	AbsError: 4.14557e-07
Iteration: 3
  Device: "pn2d"	RelError: 2.36715e-08	AbsError: 1.05339e+08
    Region: "Silicon"	RelError: 2.36715e-08	AbsError: 1.05339e+08
      Equation: "ElectronContinuityEquation"	RelError: 1.71291e-08	AbsError: 7.36935e+07
      Equation: "HoleContinuityEquation"	RelError: 6.26274e-09	AbsError: 3.16459e+07
      Equation: "PotentialEquation"	RelError: 2.79648e-10	AbsError: 4.24742e-11
Iteration: 4
  Device: "pn2d"	RelError: 1.79535e-08	AbsError: 5.71319e+03
    Region: "Silicon"	RelError: 1.79535e-08	AbsError: 5.71319e+03
      Equation: "ElectronContinuityEquation"	RelError: 5.48062e-09	AbsError: 4.24765e+03
      Equation: "HoleContinuityEquation"	RelError: 1.24728e-08	AbsError: 1.46554e+03
      Equation: "PotentialEquation"	RelError: 5.41489e-14	AbsError: 5.93287e-15
Iteration: 5
  Device: "pn2d"	RelError: 4.29639e-09	AbsError: 5.88278e+02
    Region: "Silicon"	RelError: 4.29639e-09	AbsError: 5.88278e+02
      Equation: "ElectronContinuityEquation"	RelError: 7.10122e-10	AbsError: 7.73100e+01
      Equation: "HoleContinuityEquation"	RelError: 3.58626e-09	AbsError: 5.10968e+02
      Equation: "PotentialEquation"	RelError: 2.03338e-15	AbsError: 1.50432e-16
Anode	0.375	1.80194972961e-10	2.27313050133e-10	4.07508023095e-10
Cathode	0.0	-2.37324083332e-10	-1.70193411369e-10	-4.07517494701e-10
Region "Silicon" on device "pn2d" has equations 0:1619
Device "pn2d" has equations 0:1619
number of equations 1620
Iteration: 0
  Device: "pn2d"	RelError: 3.67908e+01	AbsError: 1.24197e+16
    Region: "Silicon"	RelError: 3.67908e+01	AbsError: 1.24197e+16
      Equation: "ElectronContinuityEquation"	RelError: 4.91267e-01	AbsError: 5.72172e+15
      Equation: "HoleContinuityEquation"	RelError: 4.91268e-01	AbsError: 6.69798e+15
      Equation: "PotentialEquation"	RelError: 3.58083e+01	AbsError: 2.50000e-02
Iteration: 1
  Device: "pn2d"	RelError: 6.66580e-01	AbsError: 1.10321e+15
    Region: "Silicon"	RelError: 6.66580e-01	AbsError: 1.10321e+15
      Equation: "ElectronContinuityEquation"	RelError: 2.51948e-01	AbsError: 6.08917e+14
      Equation: "HoleContinuityEquation"	RelError: 2.54052e-01	AbsError: 4.94295e+14
      Equation: "PotentialEquation"	RelError: 1.60580e-01	AbsError: 2.16181e-03
Iteration: 2
  Device: "pn2d"	RelError: 1.24189e-02	AbsError: 4.71622e+11
    Region: "Silicon"	RelError: 1.24189e-02	AbsError: 4.71622e+11
      Equation: "ElectronContinuityEquation"	RelError: 7.60057e-03	AbsError: 3.35301e+11
      Equation: "HoleContinuityEquation"	RelError: 4.79376e-03	AbsError: 1.36321e+11
      Equation: "PotentialEquation"	RelError: 2.45204e-05	AbsError: 3.62339e-07
Iteration: 3
  Device: "pn2d"	RelError: 6.20078e-08	AbsError: 4.99121e+08
    Region: "Silicon"	RelError: 6.20078e-08	AbsError: 4.99121e+08
      Equation: "ElectronContinuityEquation"	RelError: 5.36106e-09	AbsError: 2.62415e+08
      Equation: "HoleContinuityEquation"	RelError: 1.15070e-08	AbsError: 2.36706e+08
      Equation: "PotentialEquation"	RelError: 4.51397e-08	AbsError: 4.52575e-11
Iteration: 4
  Device: "pn2d"	RelError: 1.32721e-08	AbsError: 2.35628e+04
    Region: "Silicon"	RelError: 1.32721e-08	AbsError: 2.35628e+04
      Equation: "ElectronContinuityEquation"	RelError: 7.58192e-09	AbsError: 5.44887e+03
      Equation: "HoleContinuityEquation"	RelError: 5.68909e-09	AbsError: 1.81139e+04
      Equation: "PotentialEquation"	RelError: 1.08226e-12	AbsError: 6.61379e-15
Iteration: 5
  Device: "pn2d"	RelError: 1.18269e-09	AbsError: 5.57669e+02
    Region: "Silicon"	RelError: 1.18269e-09	AbsError: 5.57669e+02
      Equation: "ElectronContinuityEquation"	RelError: 1.11321e-09	AbsError: 6.38675e+01
      Equation: "HoleContinuityEquation"	RelError: 6.94108e-11	AbsError: 4.93801e+02
      Equation: "PotentialEquation"	RelError: 6.34507e-14	AbsError: 1.52057e-16
Anode	0.4	4.73269822198e-10	5.39882534679e-10	1.01315235688e-09
Cathode	0.0	-5.66182775038e-10	-4.46965797936e-10	-1.01314857297e-09
Region "Silicon" on device "pn2d" has equations 0:1619
Device "pn2d" has equations 0:1619
number of equations 1620
Iteration: 0
  Device: "pn2d"	RelError: 1.07304e+01	AbsError: 1.28210e+16
    Region: "Silicon"	RelError: 1.07304e+01	AbsError: 1.28210e+16
      Equation: "ElectronContinuityEquation"	RelError: 4.91298e-01	AbsError: 5.85672e+15
      Equation: "HoleContinuityEquation"	RelError: 4.91385e-01	AbsError: 6.96424e+15
      Equation: "PotentialEquation"	RelError: 9.74776e+00	AbsError: 2.50029e-02
Iteration: 1
  Device: "pn2d"	RelError: 5.12206e-01	AbsError: 1.09288e+15
    Region: "Silicon"	RelError: 5.12206e-01	AbsError: 1.09288e+15
      Equation: "ElectronContinuityEquation"	RelError: 2.52947e-01	AbsError: 5.99908e+14
      Equation: "HoleContinuityEquation"	RelError: 2.52339e-01	AbsError: 4.92977e+14
      Equation: "PotentialEquation"	RelError: 6.91941e-03	AbsError: 1.03789e-03
Iteration: 2
  Device: "pn2d"	RelError: 5.34135e-03	AbsError: 9.20435e+11
    Region: "Silicon"	RelError: 5.34135e-03	AbsError: 9.20435e+11
      Equation: "ElectronContinuityEquation"	RelError: 2.41021e-03	AbsError: 5.96990e+11
      Equation: "HoleContinuityEquation"	RelError: 2.92114e-03	AbsError: 3.23446e+11
      Equation: "PotentialEquation"	RelError: 9.99352e-06	AbsError: 7.48384e-07
Iteration: 3
  Device: "pn2d"	RelError: 1.23481e-08	AbsError: 6.71739e+07
    Region: "Silicon"	RelError: 1.23481e-08	AbsError: 6.71739e+07
      Equation: "ElectronContinuityEquation"	RelError: 4.91748e-09	AbsError: 4.25964e+07
      Equation: "HoleContinuityEquation"	RelError: 7.39349e-09	AbsError: 2.45775e+07
      Equation: "PotentialEquation"	RelError: 3.70813e-11	AbsError: 7.68333e-12
Iteration: 4
  Device: "pn2d"	RelError: 2.77143e-09	AbsError: 1.03412e+04
    Region: "Silicon"	RelError: 2.77143e-09	AbsError: 1.03412e+04
      Equation: "ElectronContinuityEquation"	RelError: 1.15579e-09	AbsError: 3.06026e+03
      Equation: "HoleContinuityEquation"	RelError: 1.61563e-09	AbsError: 7.28091e+03
      Equation: "PotentialEquation"	RelError: 8.13017e-15	AbsError: 1.94870e-15
Iteration: 5
  Device: "pn2d"	RelError: 7.55319e-09	AbsError: 5.38706e+02
    Region: "Silicon"	RelError: 7.55319e-09	AbsError: 5.38706e+02
      Equation: "ElectronContinuityEquation"	RelError: 1.17409e-09	AbsError: 8.10208e+01
      Equation: "HoleContinuityEquation"	RelError: 6.37910e-09	AbsError: 4.57686e+02
      Equation: "PotentialEquation"	RelError: 2.00825e-15	AbsError: 2.30103e-16
Anode	0.425	1.24300424138e-09	1.32512415718e-09	2.56812839856e-09
Cathode	0.0	-1.3943044308e-09	-1.17382349093e-09	-2.56812792173e-09
Region "Silicon" on device "pn2d" has equations 0:1619
Device "pn2d" has equations 0:1619
number of equations 1620
Iteration: 0
  Device: "pn2d"	RelError: 4.13522e+01	AbsError: 1.40222e+16
    Region: "Silicon"	RelError: 4.13522e+01	AbsError: 1.40222e+16
      Equation: "ElectronContinuityEquation"	RelError: 4.91312e-01	AbsError: 6.76280e+15
      Equation: "HoleContinuityEquation"	RelError: 4.91332e-01	AbsError: 7.25939e+15
      Equation: "PotentialEquation"	RelError: 4.03695e+01	AbsError: 2.50055e-02
Iteration: 1
  Device: "pn2d"	RelError: 6.11894e-01	AbsError: 2.17352e+15
    Region: "Silicon"	RelError: 6.11894e-01	AbsError: 2.17352e+15
      Equation: "ElectronContinuityEquation"	RelError: 2.52381e-01	AbsError: 1.28539e+15
      Equation: "HoleContinuityEquation"	RelError: 2.52908e-01	AbsError: 8.88126e+14
      Equation: "PotentialEquation"	RelError: 1.06605e-01	AbsError: 1.11992e-03
Iteration: 2
  Device: "pn2d"	RelError: 6.31797e-03	AbsError: 1.36349e+12
    Region: "Silicon"	RelError: 6.31797e-03	AbsError: 1.36349e+12
      Equation: "ElectronContinuityEquation"	RelError: 3.45161e-03	AbsError: 4.59892e+11
      Equation: "HoleContinuityEquation"	RelError: 2.71580e-03	AbsError: 9.03596e+11
      Equation: "PotentialEquation"	RelError: 1.50564e-04	AbsError: 9.68560e-07
Iteration: 3
  Device: "pn2d"	RelError: 8.59437e-09	AbsError: 8.44255e+08
    Region: "Silicon"	RelError: 8.59437e-09	AbsError: 8.44255e+08
      Equation: "ElectronContinuityEquation"	RelError: 3.25485e-09	AbsError: 2.65885e+08
      Equation: "HoleContinuityEquation"	RelError: 3.38124e-09	AbsError: 5.78370e+08
      Equation: "PotentialEquation"	RelError: 1.95828e-09	AbsError: 1.62478e-11
Iteration: 4
  Device: "pn2d"	RelError: 1.46671e-09	AbsError: 5.57295e+04
    Region: "Silicon"	RelError: 1.46671e-09	AbsError: 5.57295e+04
      Equation: "ElectronContinuityEquation"	RelError: 6.13563e-10	AbsError: 6.68203e+03
      Equation: "HoleContinuityEquation"	RelError: 8.53104e-10	AbsError: 4.90475e+04
      Equation: "PotentialEquation"	RelError: 4.23805e-14	AbsError: 2.27383e-15
Iteration: 5
  Device: "pn2d"	RelError: 2.46352e-09	AbsError: 5.61762e+02
    Region: "Silicon"	RelError: 2.46352e-09	AbsError: 5.61762e+02
      Equation: "ElectronContinuityEquation"	RelError: 1.21701e-09	AbsError: 6.89300e+01
      Equation: "HoleContinuityEquation"	RelError: 1.24648e-09	AbsError: 4.92832e+02
      Equation: "PotentialEquation"	RelError: 2.68165e-14	AbsError: 1.31598e-16
Anode	0.45	3.2646283446e-09	3.32951487476e-09	6.59414321936e-09
Cathode	0.0	-3.51146517797e-09	-3.08267909064e-09	-6.59414426861e-09
Region "Silicon" on device "pn2d" has equations 0:1619
Device "pn2d" has equations 0:1619
number of equations 1620
Iteration: 0
  Device: "pn2d"	RelError: 1.38253e+01	AbsError: 1.35821e+16
    Region: "Silicon"	RelError: 1.38253e+01	AbsError: 1.35821e+16
      Equation: "ElectronContinuityEquation"	RelError: 4.91433e-01	AbsError: 5.97050e+15
      Equation: "HoleContinuityEquation"	RelError: 4.91430e-01	AbsError: 7.61158e+15
      Equation: "PotentialEquation"	RelError: 1.28425e+01	AbsError: 2.50181e-02
Iteration: 1
  Device: "pn2d"	RelError: 5.18508e-01	AbsError: 1.66436e+15
    Region: "Silicon"	RelError: 5.18508e-01	AbsError: 1.66436e+15
      Equation: "ElectronContinuityEquation"	RelError: 2.54498e-01	AbsError: 7.22610e+14
      Equation: "HoleContinuityEquation"	RelError: 2.52676e-01	AbsError: 9.41753e+14
      Equation: "PotentialEquation"	RelError: 1.13344e-02	AbsError: 2.62286e-03
Iteration: 2
  Device: "pn2d"	RelError: 1.51107e-02	AbsError: 8.06006e+11
    Region: "Silicon"	RelError: 1.51107e-02	AbsError: 8.06006e+11
      Equation: "ElectronContinuityEquation"	RelError: 6.15368e-03	AbsError: 4.89833e+11
      Equation: "HoleContinuityEquation"	RelError: 8.95232e-03	AbsError: 3.16174e+11
      Equation: "PotentialEquation"	RelError: 4.66106e-06	AbsError: 5.18111e-07
Iteration: 3
  Device: "pn2d"	RelError: 3.79088e-08	AbsError: 1.70995e+09
    Region: "Silicon"	RelError: 3.79088e-08	AbsError: 1.70995e+09
      Equation: "ElectronContinuityEquation"	RelError: 2.38106e-08	AbsError: 4.51553e+08
      Equation: "HoleContinuityEquation"	RelError: 1.24607e-08	AbsError: 1.25839e+09
      Equation: "PotentialEquation"	RelError: 1.63745e-09	AbsError: 3.06863e-11
Iteration: 4
  Device: "pn2d"	RelError: 6.96814e-10	AbsError: 7.26890e+04
    Region: "Silicon"	RelError: 6.96814e-10	AbsError: 7.26890e+04
      Equation: "ElectronContinuityEquation"	RelError: 4.98338e-10	AbsError: 2.97407e+04
      Equation: "HoleContinuityEquation"	RelError: 1.98452e-10	AbsError: 4.29483e+04
      Equation: "PotentialEquation"	RelError: 2.35213e-14	AbsError: 2.31796e-15
Iteration: 5
  Device: "pn2d"	RelError: 6.66633e-10	AbsError: 5.91507e+02
    Region: "Silicon"	RelError: 6.66633e-10	AbsError: 5.91507e+02
      Equation: "ElectronContinuityEquation"	RelError: 4.90826e-10	AbsError: 8.00909e+01
      Equation: "HoleContinuityEquation"	RelError: 1.75805e-10	AbsError: 5.11416e+02
      Equation: "PotentialEquation"	RelError: 2.05995e-15	AbsError: 1.62914e-16
Anode	0.475	8.57416437436e-09	8.49954821732e-09	1.70737125917e-08
Cathode	0.0	-8.97807005397e-09	-8.09563374835e-09	-1.70737038023e-08
Region "Silicon" on device "pn2d" has equations 0:1619
Device "pn2d" has equations 0:1619
number of equations 1620
Iteration: 0
  Device: "pn2d"	RelError: 5.07052e+01	AbsError: 1.42542e+16
    Region: "Silicon"	RelError: 5.07052e+01	AbsError: 1.42542e+16
      Equation: "ElectronContinuityEquation"	RelError: 4.91289e-01	AbsError: 6.37305e+15
      Equation: "HoleContinuityEquation"	RelError: 4.91667e-01	AbsError: 7.88113e+15
      Equation: "PotentialEquation"	RelError: 4.97223e+01	AbsError: 2.50042e-02
Iteration: 1
  Device: "pn2d"	RelError: 5.09463e-01	AbsError: 2.76565e+15
    Region: "Silicon"	RelError: 5.09463e-01	AbsError: 2.76565e+15
      Equation: "ElectronContinuityEquation"	RelError: 2.52194e-01	AbsError: 1.07134e+15
      Equation: "HoleContinuityEquation"	RelError: 2.52721e-01	AbsError: 1.69431e+15
      Equation: "PotentialEquation"	RelError: 4.54762e-03	AbsError: 8.47725e-04
Iteration: 2
  Device: "pn2d"	RelError: 4.65454e-03	AbsError: 9.16711e+11
    Region: "Silicon"	RelError: 4.65454e-03	AbsError: 9.16711e+11
      Equation: "ElectronContinuityEquation"	RelError: 2.52519e-03	AbsError: 5.53972e+11
      Equation: "HoleContinuityEquation"	RelError: 2.12561e-03	AbsError: 3.62739e+11
      Equation: "PotentialEquation"	RelError: 3.73883e-06	AbsError: 6.28667e-07
Iteration: 3
  Device: "pn2d"	RelError: 1.71118e-08	AbsError: 9.42467e+08
    Region: "Silicon"	RelError: 1.71118e-08	AbsError: 9.42467e+08
      Equation: "ElectronContinuityEquation"	RelError: 4.53414e-09	AbsError: 1.53029e+08
      Equation: "HoleContinuityEquation"	RelError: 6.06787e-09	AbsError: 7.89439e+08
      Equation: "PotentialEquation"	RelError: 6.50981e-09	AbsError: 1.18071e-10
Iteration: 4
  Device: "pn2d"	RelError: 2.37837e-10	AbsError: 2.85788e+05
    Region: "Silicon"	RelError: 2.37837e-10	AbsError: 2.85788e+05
      Equation: "ElectronContinuityEquation"	RelError: 1.06068e-10	AbsError: 1.09513e+05
      Equation: "HoleContinuityEquation"	RelError: 1.31161e-10	AbsError: 1.76275e+05
      Equation: "PotentialEquation"	RelError: 6.07525e-13	AbsError: 2.03774e-14
Iteration: 5
  Device: "pn2d"	RelError: 1.24705e-10	AbsError: 5.42794e+02
    Region: "Silicon"	RelError: 1.24705e-10	AbsError: 5.42794e+02
      Equation: "ElectronContinuityEquation"	RelError: 1.67268e-11	AbsError: 6.39041e+01
      Equation: "HoleContinuityEquation"	RelError: 1.07976e-10	AbsError: 4.78890e+02
      Equation: "PotentialEquation"	RelError: 2.44616e-15	AbsError: 1.81745e-16
Anode	0.5	2.25188535918e-08	2.1924349875e-08	4.44432034667e-08
Cathode	0.0	-2.31828591075e-08	-2.1260345426e-08	-4.44432045335e-08
