
----------------------------------------

 DEVSIM

 Version: Beta 0.01

 Copyright 2009-2013 Devsim LLC

----------------------------------------


mid
bot
 (region: MyRegion)
 (contact: top)
 (contact: bot)
NetDoping
-1.00000e+18
-1.00000e+18
-1.00000e+18
-1.00000e+18
-1.00000e+18
-1.00000e+18
-1.00000e+18
-1.00000e+18
-1.00000e+18
-1.00000e+18
-1.00000e+18
-1.00000e+18
-1.00000e+18
-1.00000e+18
-1.00000e+18
-1.00000e+18
-1.00000e+18
-1.00000e+18
-1.00000e+18
-1.00000e+18
-1.00000e+18
-1.00000e+18
-1.00000e+18
-1.00000e+18
-1.00000e+18
-1.00000e+18
-1.00000e+18
-1.00000e+18
-1.00000e+18
-1.00000e+18
-1.00000e+18
-1.00000e+18
-1.00000e+18
-1.00000e+18
-1.00000e+18
-1.00000e+18
-1.00000e+18
-1.00000e+18
-1.00000e+18
-1.00000e+18
-1.00000e+18
-1.00000e+18
-1.00000e+18
-1.00000e+18
-1.00000e+18
-1.00000e+18
-1.00000e+18
-1.00000e+18
-1.00000e+18
-1.00000e+18
-1.00000e+18
-1.00000e+18
-1.00000e+18
-1.00000e+18
-1.00000e+18
-1.00000e+18
-1.00000e+18
-1.00000e+18
-1.00000e+18
-1.00000e+18
-1.00000e+18
-1.00000e+18
-1.00000e+18
-1.00000e+18
-1.00000e+18
-1.00000e+18
-1.00000e+18
-1.00000e+18
-1.00000e+18
-1.00000e+18
-1.00000e+18
-1.00000e+18
-1.00000e+18
-1.00000e+18
-1.00000e+18
-1.00000e+18
-1.00000e+18
-1.00000e+18
-1.00000e+18
-1.00000e+18
-1.00000e+18
-1.00000e+18
-1.00000e+18
-1.00000e+18
-1.00000e+18
-1.00000e+18
-1.00000e+18
-1.00000e+18
-1.00000e+18
-1.00000e+18
-1.00000e+18
-1.00000e+18
-1.00000e+18
-1.00000e+18
-1.00000e+18
-1.00000e+18
-1.00000e+18
-1.00000e+18
-1.00000e+18
-1.00000e+18
-1.00000e+18
-1.00000e+18
-1.00000e+18
-1.00000e+18
-1.00000e+18
-1.00000e+18
-1.00000e+18
-1.00000e+18
-1.00000e+18
-1.00000e+18
-1.00000e+18
-1.00000e+18
-1.00000e+18
-1.00000e+18
-1.00000e+18
-1.00000e+18
-1.00000e+18
-1.00000e+18
-1.00000e+18
-1.00000e+18
-1.00000e+18
-1.00000e+18
-1.00000e+18
-1.00000e+18
-1.00000e+18
-1.00000e+18
-1.00000e+18
-1.00000e+18
-1.00000e+18
-1.00000e+18
-1.00000e+18
-1.00000e+18
-1.00000e+18
-1.00000e+18
-1.00000e+18
-1.00000e+18
-1.00000e+18
-1.00000e+18
-1.00000e+18
-1.00000e+18
-1.00000e+18
-1.00000e+18
-1.00000e+18
-1.00000e+18
-1.00000e+18
-1.00000e+18
-1.00000e+18
-1.00000e+18
-1.00000e+18
-1.00000e+18
-1.00000e+18
-1.00000e+18
-1.00000e+18
-1.00000e+18
-1.00000e+18
-1.00000e+18
-1.00000e+18
-1.00000e+18
-1.00000e+18
-1.00000e+18
-1.00000e+18
-1.00000e+18
-1.00000e+18
-1.00000e+18
-1.00000e+18
-1.00000e+18
-1.00000e+18
-1.00000e+18
-1.00000e+18
-1.00000e+18
-1.00000e+18
-1.00000e+18
-1.00000e+18
-1.00000e+18
-1.00000e+18
-1.00000e+18
-1.00000e+18
-1.00000e+18
-1.00000e+18
-1.00000e+18
-1.00000e+18
-1.00000e+18
-1.00000e+18
-1.00000e+18
-1.00000e+18
-1.00000e+18
-1.00000e+18
-1.00000e+18
-1.00000e+18
-1.00000e+18
-1.00000e+18
-1.00000e+18
-1.00000e+18
-1.00000e+18
-1.00000e+18
-1.00000e+18
-1.00000e+18
-1.00000e+18
-1.00000e+18
-1.00000e+18
-1.00000e+18
-1.00000e+18
-1.00000e+18
-1.00000e+18
-1.00000e+18
-1.00000e+18
-1.00000e+18
-1.00000e+18
-1.00000e+18
-1.00000e+18
-1.00000e+18
-1.00000e+18
-1.00000e+18
-1.00000e+18
-1.00000e+18
-1.00000e+18
-1.00000e+18
-1.00000e+18
-1.00000e+18
-1.00000e+18
-1.00000e+18
-1.00000e+18
-1.00000e+18
-1.00000e+18
-1.00000e+18
-1.00000e+18
-1.00000e+18
-1.00000e+18
-1.00000e+18
-1.00000e+18
-1.00000e+18
-1.00000e+18
0.00000e+00
1.00000e+18
1.00000e+18
1.00000e+18
1.00000e+18
1.00000e+18
1.00000e+18
1.00000e+18
1.00000e+18
1.00000e+18
1.00000e+18
1.00000e+18
1.00000e+18
1.00000e+18
1.00000e+18
1.00000e+18
1.00000e+18
1.00000e+18
1.00000e+18
1.00000e+18
1.00000e+18
1.00000e+18
1.00000e+18
1.00000e+18
1.00000e+18
1.00000e+18
1.00000e+18
1.00000e+18
1.00000e+18
1.00000e+18
1.00000e+18
1.00000e+18
1.00000e+18
1.00000e+18
1.00000e+18
1.00000e+18
1.00000e+18
1.00000e+18
1.00000e+18
1.00000e+18
1.00000e+18
1.00000e+18
1.00000e+18
1.00000e+18
1.00000e+18
1.00000e+18
1.00000e+18
1.00000e+18
1.00000e+18
1.00000e+18
1.00000e+18
1.00000e+18
1.00000e+18
1.00000e+18
1.00000e+18
1.00000e+18
1.00000e+18
1.00000e+18
1.00000e+18
1.00000e+18
1.00000e+18
1.00000e+18
1.00000e+18
1.00000e+18
1.00000e+18
1.00000e+18
1.00000e+18
1.00000e+18
1.00000e+18
1.00000e+18
1.00000e+18
1.00000e+18
1.00000e+18
1.00000e+18
1.00000e+18
1.00000e+18
1.00000e+18
1.00000e+18
1.00000e+18
1.00000e+18
1.00000e+18
1.00000e+18
1.00000e+18
1.00000e+18
1.00000e+18
1.00000e+18
1.00000e+18
1.00000e+18
1.00000e+18
1.00000e+18
1.00000e+18
1.00000e+18
1.00000e+18
1.00000e+18
1.00000e+18
1.00000e+18
1.00000e+18
1.00000e+18
1.00000e+18
1.00000e+18
1.00000e+18
1.00000e+18
1.00000e+18
1.00000e+18
1.00000e+18
1.00000e+18
1.00000e+18
1.00000e+18
1.00000e+18
1.00000e+18
1.00000e+18
1.00000e+18
1.00000e+18
1.00000e+18
1.00000e+18
1.00000e+18
1.00000e+18
1.00000e+18
1.00000e+18
1.00000e+18
1.00000e+18
1.00000e+18
1.00000e+18
1.00000e+18
1.00000e+18
1.00000e+18
1.00000e+18
1.00000e+18
1.00000e+18
1.00000e+18
1.00000e+18
1.00000e+18
1.00000e+18
1.00000e+18
1.00000e+18
1.00000e+18
1.00000e+18
1.00000e+18
1.00000e+18
1.00000e+18
1.00000e+18
1.00000e+18
1.00000e+18
1.00000e+18
1.00000e+18
1.00000e+18
1.00000e+18
1.00000e+18
1.00000e+18
1.00000e+18
1.00000e+18
1.00000e+18
1.00000e+18
1.00000e+18
1.00000e+18
1.00000e+18
1.00000e+18
1.00000e+18
1.00000e+18
1.00000e+18
1.00000e+18
1.00000e+18
1.00000e+18
1.00000e+18
1.00000e+18
1.00000e+18
1.00000e+18
1.00000e+18
1.00000e+18
1.00000e+18
1.00000e+18
1.00000e+18
1.00000e+18
1.00000e+18
1.00000e+18
1.00000e+18
1.00000e+18
1.00000e+18
1.00000e+18
1.00000e+18
1.00000e+18
1.00000e+18
1.00000e+18
1.00000e+18
1.00000e+18
1.00000e+18
1.00000e+18
1.00000e+18
1.00000e+18
1.00000e+18
1.00000e+18
1.00000e+18
1.00000e+18
1.00000e+18
1.00000e+18
1.00000e+18
1.00000e+18
1.00000e+18
1.00000e+18
1.00000e+18
1.00000e+18
1.00000e+18
1.00000e+18
1.00000e+18
1.00000e+18
1.00000e+18
1.00000e+18
1.00000e+18
1.00000e+18
1.00000e+18
1.00000e+18
1.00000e+18
1.00000e+18
1.00000e+18
1.00000e+18
1.00000e+18
1.00000e+18
1.00000e+18
1.00000e+18
1.00000e+18
1.00000e+18
1.00000e+18
1.00000e+18
1.00000e+18
1.00000e+18
1.00000e+18
1.00000e+18
1.00000e+18
1.00000e+18
1.00000e+18
1.00000e+18
1.00000e+18
1.00000e+18
Region "MyRegion" on device "MyDevice" has equations 0:464
Device "MyDevice" has equations 0:464
number of equations 465
Iteration: 0
  Device: "MyDevice"	RelError: 1.00000e+00	AbsError: 8.88882e-02
    Region: "MyRegion"	RelError: 1.00000e+00	AbsError: 8.88882e-02
      Equation: "PotentialEquation"	RelError: 1.00000e+00	AbsError: 8.88882e-02
Iteration: 1
  Device: "MyDevice"	RelError: 4.91285e-01	AbsError: 8.58427e-02
    Region: "MyRegion"	RelError: 4.91285e-01	AbsError: 8.58427e-02
      Equation: "PotentialEquation"	RelError: 4.91285e-01	AbsError: 8.58427e-02
Iteration: 2
  Device: "MyDevice"	RelError: 3.20761e-01	AbsError: 8.25143e-02
    Region: "MyRegion"	RelError: 3.20761e-01	AbsError: 8.25143e-02
      Equation: "PotentialEquation"	RelError: 3.20761e-01	AbsError: 8.25143e-02
Iteration: 3
  Device: "MyDevice"	RelError: 2.34478e-01	AbsError: 7.87938e-02
    Region: "MyRegion"	RelError: 2.34478e-01	AbsError: 7.87938e-02
      Equation: "PotentialEquation"	RelError: 2.34478e-01	AbsError: 7.87938e-02
Iteration: 4
  Device: "MyDevice"	RelError: 1.94308e-01	AbsError: 7.35513e-02
    Region: "MyRegion"	RelError: 1.94308e-01	AbsError: 7.35513e-02
      Equation: "PotentialEquation"	RelError: 1.94308e-01	AbsError: 7.35513e-02
Iteration: 5
  Device: "MyDevice"	RelError: 2.20512e+00	AbsError: 5.56633e-02
    Region: "MyRegion"	RelError: 2.20512e+00	AbsError: 5.56633e-02
      Equation: "PotentialEquation"	RelError: 2.20512e+00	AbsError: 5.56633e-02
Iteration: 6
  Device: "MyDevice"	RelError: 4.42954e-01	AbsError: 3.95692e-02
    Region: "MyRegion"	RelError: 4.42954e-01	AbsError: 3.95692e-02
      Equation: "PotentialEquation"	RelError: 4.42954e-01	AbsError: 3.95692e-02
Iteration: 7
  Device: "MyDevice"	RelError: 6.44444e-02	AbsError: 2.91367e-02
    Region: "MyRegion"	RelError: 6.44444e-02	AbsError: 2.91367e-02
      Equation: "PotentialEquation"	RelError: 6.44444e-02	AbsError: 2.91367e-02
Iteration: 8
  Device: "MyDevice"	RelError: 5.18778e-02	AbsError: 2.47384e-02
    Region: "MyRegion"	RelError: 5.18778e-02	AbsError: 2.47384e-02
      Equation: "PotentialEquation"	RelError: 5.18778e-02	AbsError: 2.47384e-02
Iteration: 9
  Device: "MyDevice"	RelError: 8.86327e-04	AbsError: 4.22634e-04
    Region: "MyRegion"	RelError: 8.86327e-04	AbsError: 4.22634e-04
      Equation: "PotentialEquation"	RelError: 8.86327e-04	AbsError: 4.22634e-04
Iteration: 10
  Device: "MyDevice"	RelError: 4.57979e-06	AbsError: 9.93520e-07
    Region: "MyRegion"	RelError: 4.57979e-06	AbsError: 9.93520e-07
      Equation: "PotentialEquation"	RelError: 4.57979e-06	AbsError: 9.93520e-07
Iteration: 11
  Device: "MyDevice"	RelError: 9.66442e-11	AbsError: 7.81757e-12
    Region: "MyRegion"	RelError: 9.66442e-11	AbsError: 7.81757e-12
      Equation: "PotentialEquation"	RelError: 9.66442e-11	AbsError: 7.81757e-12
Warning: Replacing equation with equation of the same name.
Region: MyRegion, Equation: PotentialEquation, Variable: Potential
Region "MyRegion" on device "MyDevice" has equations 0:1394
Device "MyDevice" has equations 0:1394
number of equations 1395
Iteration: 0
  Device: "MyDevice"	RelError: 5.61472e-13	AbsError: 1.02400e+04
    Region: "MyRegion"	RelError: 5.61472e-13	AbsError: 1.02400e+04
      Equation: "ElectronContinuityEquation"	RelError: 1.23515e-14	AbsError: 5.12000e+03
      Equation: "HoleContinuityEquation"	RelError: 1.27714e-14	AbsError: 5.12000e+03
      Equation: "PotentialEquation"	RelError: 5.36349e-13	AbsError: 2.18947e-16
Region "MyRegion" on device "MyDevice" has equations 0:1394
Device "MyDevice" has equations 0:1394
number of equations 1395
Iteration: 0
  Device: "MyDevice"	RelError: 9.77653e-13	AbsError: 5.70547e+02
    Region: "MyRegion"	RelError: 9.77653e-13	AbsError: 5.70547e+02
      Equation: "ElectronContinuityEquation"	RelError: 6.08641e-15	AbsError: 1.98247e+02
      Equation: "HoleContinuityEquation"	RelError: 6.49734e-15	AbsError: 3.72300e+02
      Equation: "PotentialEquation"	RelError: 9.65069e-13	AbsError: 1.75595e-16
top	0.0	-8.69459356087e-25	-2.15588544345e-09	-2.15588544345e-09
bot	0.0	-4.70468205499e-08	-2.04511041625e-24	-4.70468205499e-08
Region "MyRegion" on device "MyDevice" has equations 0:1394
Device "MyDevice" has equations 0:1394
number of equations 1395
Iteration: 0
  Device: "MyDevice"	RelError: 1.05843e+02	AbsError: 2.18019e+17
    Region: "MyRegion"	RelError: 1.05843e+02	AbsError: 2.18019e+17
      Equation: "ElectronContinuityEquation"	RelError: 7.89887e-01	AbsError: 8.73065e+16
      Equation: "HoleContinuityEquation"	RelError: 7.50707e-01	AbsError: 1.30712e+17
      Equation: "PotentialEquation"	RelError: 1.04302e+02	AbsError: 4.09542e-02
Iteration: 1
  Device: "MyDevice"	RelError: 1.25656e+02	AbsError: 1.08584e+17
    Region: "MyRegion"	RelError: 1.25656e+02	AbsError: 1.08584e+17
      Equation: "ElectronContinuityEquation"	RelError: 5.88313e-01	AbsError: 1.20155e+16
      Equation: "HoleContinuityEquation"	RelError: 6.48083e-01	AbsError: 9.65681e+16
      Equation: "PotentialEquation"	RelError: 1.24419e+02	AbsError: 3.08254e-02
Iteration: 2
  Device: "MyDevice"	RelError: 1.45096e+01	AbsError: 6.74883e+16
    Region: "MyRegion"	RelError: 1.45096e+01	AbsError: 6.74883e+16
      Equation: "ElectronContinuityEquation"	RelError: 6.49666e-01	AbsError: 1.12546e+16
      Equation: "HoleContinuityEquation"	RelError: 5.63148e-01	AbsError: 5.62337e+16
      Equation: "PotentialEquation"	RelError: 1.32968e+01	AbsError: 2.56224e-02
Iteration: 3
  Device: "MyDevice"	RelError: 5.91698e+00	AbsError: 1.18712e+16
    Region: "MyRegion"	RelError: 5.91698e+00	AbsError: 1.18712e+16
      Equation: "ElectronContinuityEquation"	RelError: 4.10414e-01	AbsError: 3.38986e+15
      Equation: "HoleContinuityEquation"	RelError: 3.31621e-01	AbsError: 8.48133e+15
      Equation: "PotentialEquation"	RelError: 5.17494e+00	AbsError: 9.16533e-03
Iteration: 4
  Device: "MyDevice"	RelError: 1.23760e+00	AbsError: 2.42004e+15
    Region: "MyRegion"	RelError: 1.23760e+00	AbsError: 2.42004e+15
      Equation: "ElectronContinuityEquation"	RelError: 1.33745e-01	AbsError: 1.14195e+15
      Equation: "HoleContinuityEquation"	RelError: 1.81209e-02	AbsError: 1.27809e+15
      Equation: "PotentialEquation"	RelError: 1.08574e+00	AbsError: 1.09785e-03
Iteration: 5
  Device: "MyDevice"	RelError: 1.42067e-02	AbsError: 2.55735e+13
    Region: "MyRegion"	RelError: 1.42067e-02	AbsError: 2.55735e+13
      Equation: "ElectronContinuityEquation"	RelError: 9.01631e-04	AbsError: 1.64284e+13
      Equation: "HoleContinuityEquation"	RelError: 9.90949e-04	AbsError: 9.14514e+12
      Equation: "PotentialEquation"	RelError: 1.23141e-02	AbsError: 1.39681e-05
Iteration: 6
  Device: "MyDevice"	RelError: 1.97798e-05	AbsError: 3.75450e+10
    Region: "MyRegion"	RelError: 1.97798e-05	AbsError: 3.75450e+10
      Equation: "ElectronContinuityEquation"	RelError: 5.82391e-07	AbsError: 2.73056e+10
      Equation: "HoleContinuityEquation"	RelError: 6.17184e-07	AbsError: 1.02394e+10
      Equation: "PotentialEquation"	RelError: 1.85802e-05	AbsError: 2.26556e-08
Iteration: 7
  Device: "MyDevice"	RelError: 5.98947e-09	AbsError: 4.49386e+07
    Region: "MyRegion"	RelError: 5.98947e-09	AbsError: 4.49386e+07
      Equation: "ElectronContinuityEquation"	RelError: 2.10538e-09	AbsError: 6.79437e+05
      Equation: "HoleContinuityEquation"	RelError: 1.01728e-10	AbsError: 4.42592e+07
      Equation: "PotentialEquation"	RelError: 3.78236e-09	AbsError: 2.63341e-12
Iteration: 8
  Device: "MyDevice"	RelError: 3.78721e-10	AbsError: 7.21065e+05
    Region: "MyRegion"	RelError: 3.78721e-10	AbsError: 7.21065e+05
      Equation: "ElectronContinuityEquation"	RelError: 1.24410e-11	AbsError: 4.53360e+05
      Equation: "HoleContinuityEquation"	RelError: 1.49315e-11	AbsError: 2.67705e+05
      Equation: "PotentialEquation"	RelError: 3.51349e-10	AbsError: 3.97536e-13
Iteration: 9
  Device: "MyDevice"	RelError: 2.21893e-13	AbsError: 6.76894e+02
    Region: "MyRegion"	RelError: 2.21893e-13	AbsError: 6.76894e+02
      Equation: "ElectronContinuityEquation"	RelError: 5.18580e-14	AbsError: 2.30849e+02
      Equation: "HoleContinuityEquation"	RelError: 1.89260e-14	AbsError: 4.46045e+02
      Equation: "PotentialEquation"	RelError: 1.51109e-13	AbsError: 1.41215e-16
top	0.1	2.77590536308e-09	1.13147225967e-07	1.1592313133e-07
bot	0.0	-1.17372668433e-07	-1.38812155524e-09	-1.18760789988e-07
Region "MyRegion" on device "MyDevice" has equations 0:1394
Device "MyDevice" has equations 0:1394
number of equations 1395
Iteration: 0
  Device: "MyDevice"	RelError: 3.98682e+02	AbsError: 2.16591e+17
    Region: "MyRegion"	RelError: 3.98682e+02	AbsError: 2.16591e+17
      Equation: "ElectronContinuityEquation"	RelError: 7.84420e-01	AbsError: 1.06371e+17
      Equation: "HoleContinuityEquation"	RelError: 7.83755e-01	AbsError: 1.10220e+17
      Equation: "PotentialEquation"	RelError: 3.97114e+02	AbsError: 4.09542e-02
Iteration: 1
  Device: "MyDevice"	RelError: 5.40410e+01	AbsError: 3.65234e+16
    Region: "MyRegion"	RelError: 5.40410e+01	AbsError: 3.65234e+16
      Equation: "ElectronContinuityEquation"	RelError: 6.98531e-01	AbsError: 1.86020e+16
      Equation: "HoleContinuityEquation"	RelError: 7.67621e-01	AbsError: 1.79214e+16
      Equation: "PotentialEquation"	RelError: 5.25749e+01	AbsError: 3.07632e-02
Iteration: 2
  Device: "MyDevice"	RelError: 4.07350e+00	AbsError: 2.84893e+16
    Region: "MyRegion"	RelError: 4.07350e+00	AbsError: 2.84893e+16
      Equation: "ElectronContinuityEquation"	RelError: 5.23545e-01	AbsError: 3.06494e+15
      Equation: "HoleContinuityEquation"	RelError: 5.27676e-01	AbsError: 2.54244e+16
      Equation: "PotentialEquation"	RelError: 3.02228e+00	AbsError: 2.57065e-02
Iteration: 3
  Device: "MyDevice"	RelError: 1.17950e+00	AbsError: 1.16056e+16
    Region: "MyRegion"	RelError: 1.17950e+00	AbsError: 1.16056e+16
      Equation: "ElectronContinuityEquation"	RelError: 2.79500e-01	AbsError: 6.17803e+14
      Equation: "HoleContinuityEquation"	RelError: 6.74233e-02	AbsError: 1.09878e+16
      Equation: "PotentialEquation"	RelError: 8.32574e-01	AbsError: 9.18789e-03
Iteration: 4
  Device: "MyDevice"	RelError: 1.54568e-01	AbsError: 1.51103e+15
    Region: "MyRegion"	RelError: 1.54568e-01	AbsError: 1.51103e+15
      Equation: "ElectronContinuityEquation"	RelError: 8.28446e-02	AbsError: 3.57460e+13
      Equation: "HoleContinuityEquation"	RelError: 3.41209e-03	AbsError: 1.47529e+15
      Equation: "PotentialEquation"	RelError: 6.83117e-02	AbsError: 5.20032e-05
Iteration: 5
  Device: "MyDevice"	RelError: 3.59716e-04	AbsError: 2.57894e+12
    Region: "MyRegion"	RelError: 3.59716e-04	AbsError: 2.57894e+12
      Equation: "ElectronContinuityEquation"	RelError: 1.97503e-04	AbsError: 2.92058e+11
      Equation: "HoleContinuityEquation"	RelError: 7.48072e-06	AbsError: 2.28689e+12
      Equation: "PotentialEquation"	RelError: 1.54732e-04	AbsError: 2.44128e-07
Iteration: 6
  Device: "MyDevice"	RelError: 5.87086e-07	AbsError: 4.55358e+09
    Region: "MyRegion"	RelError: 5.87086e-07	AbsError: 4.55358e+09
      Equation: "ElectronContinuityEquation"	RelError: 2.72939e-08	AbsError: 9.72513e+08
      Equation: "HoleContinuityEquation"	RelError: 3.13033e-08	AbsError: 3.58107e+09
      Equation: "PotentialEquation"	RelError: 5.28489e-07	AbsError: 8.21109e-10
Iteration: 7
  Device: "MyDevice"	RelError: 8.48588e-11	AbsError: 1.06540e+07
    Region: "MyRegion"	RelError: 8.48588e-11	AbsError: 1.06540e+07
      Equation: "ElectronContinuityEquation"	RelError: 3.47503e-11	AbsError: 7.28849e+04
      Equation: "HoleContinuityEquation"	RelError: 1.05992e-11	AbsError: 1.05811e+07
      Equation: "PotentialEquation"	RelError: 3.95094e-11	AbsError: 2.74380e-13
top	0.2	1.28329442858e-07	1.01541816079e-06	1.14374760364e-06
bot	0.0	-1.03513898029e-06	-6.41720126802e-08	-1.09931099297e-06
Region "MyRegion" on device "MyDevice" has equations 0:1394
Device "MyDevice" has equations 0:1394
number of equations 1395
Iteration: 0
  Device: "MyDevice"	RelError: 3.94558e+01	AbsError: 2.33353e+17
    Region: "MyRegion"	RelError: 3.94558e+01	AbsError: 2.33353e+17
      Equation: "ElectronContinuityEquation"	RelError: 7.92757e-01	AbsError: 1.16427e+17
      Equation: "HoleContinuityEquation"	RelError: 7.89666e-01	AbsError: 1.16926e+17
      Equation: "PotentialEquation"	RelError: 3.78733e+01	AbsError: 4.09726e-02
Iteration: 1
  Device: "MyDevice"	RelError: 2.29039e+01	AbsError: 3.32708e+16
    Region: "MyRegion"	RelError: 2.29039e+01	AbsError: 3.32708e+16
      Equation: "ElectronContinuityEquation"	RelError: 6.84197e-01	AbsError: 1.72584e+16
      Equation: "HoleContinuityEquation"	RelError: 7.70514e-01	AbsError: 1.60125e+16
      Equation: "PotentialEquation"	RelError: 2.14492e+01	AbsError: 3.07831e-02
Iteration: 2
  Device: "MyDevice"	RelError: 1.16992e+01	AbsError: 4.04088e+15
    Region: "MyRegion"	RelError: 1.16992e+01	AbsError: 4.04088e+15
      Equation: "ElectronContinuityEquation"	RelError: 5.08456e-01	AbsError: 2.00896e+15
      Equation: "HoleContinuityEquation"	RelError: 5.11332e-01	AbsError: 2.03192e+15
      Equation: "PotentialEquation"	RelError: 1.06794e+01	AbsError: 2.57012e-02
Iteration: 3
  Device: "MyDevice"	RelError: 4.84999e-01	AbsError: 1.69641e+15
    Region: "MyRegion"	RelError: 4.84999e-01	AbsError: 1.69641e+15
      Equation: "ElectronContinuityEquation"	RelError: 2.89254e-01	AbsError: 8.79417e+14
      Equation: "HoleContinuityEquation"	RelError: 8.06880e-02	AbsError: 8.16995e+14
      Equation: "PotentialEquation"	RelError: 1.15057e-01	AbsError: 9.16934e-03
Iteration: 4
  Device: "MyDevice"	RelError: 8.55323e-02	AbsError: 2.72941e+14
    Region: "MyRegion"	RelError: 8.55323e-02	AbsError: 2.72941e+14
      Equation: "ElectronContinuityEquation"	RelError: 7.85979e-02	AbsError: 2.60198e+13
      Equation: "HoleContinuityEquation"	RelError: 5.62911e-04	AbsError: 2.46921e+14
      Equation: "PotentialEquation"	RelError: 6.37149e-03	AbsError: 1.92798e-05
Iteration: 5
  Device: "MyDevice"	RelError: 3.13293e-05	AbsError: 1.53549e+13
    Region: "MyRegion"	RelError: 3.13293e-05	AbsError: 1.53549e+13
      Equation: "ElectronContinuityEquation"	RelError: 1.99001e-05	AbsError: 1.48440e+13
      Equation: "HoleContinuityEquation"	RelError: 9.52182e-06	AbsError: 5.10848e+11
      Equation: "PotentialEquation"	RelError: 1.90743e-06	AbsError: 3.80094e-07
Iteration: 6
  Device: "MyDevice"	RelError: 4.09562e-08	AbsError: 2.45135e+10
    Region: "MyRegion"	RelError: 4.09562e-08	AbsError: 2.45135e+10
      Equation: "ElectronContinuityEquation"	RelError: 2.39440e-08	AbsError: 2.39396e+10
      Equation: "HoleContinuityEquation"	RelError: 1.57065e-08	AbsError: 5.73872e+08
      Equation: "PotentialEquation"	RelError: 1.30565e-09	AbsError: 6.22605e-10
Iteration: 7
  Device: "MyDevice"	RelError: 6.39238e-11	AbsError: 1.86956e+07
    Region: "MyRegion"	RelError: 6.39238e-11	AbsError: 1.86956e+07
      Equation: "ElectronContinuityEquation"	RelError: 1.32299e-11	AbsError: 7.30258e+06
      Equation: "HoleContinuityEquation"	RelError: 1.24399e-11	AbsError: 1.13930e+07
      Equation: "PotentialEquation"	RelError: 3.82541e-11	AbsError: 3.22019e-13
top	0.3	5.80684829016e-06	1.01224918004e-05	1.59293400906e-05
bot	0.0	-1.30306418358e-05	-2.90373085355e-06	-1.59343726893e-05
Region "MyRegion" on device "MyDevice" has equations 0:1394
Device "MyDevice" has equations 0:1394
number of equations 1395
Iteration: 0
  Device: "MyDevice"	RelError: 2.45543e+02	AbsError: 2.54112e+17
    Region: "MyRegion"	RelError: 2.45543e+02	AbsError: 2.54112e+17
      Equation: "ElectronContinuityEquation"	RelError: 7.92366e-01	AbsError: 1.27557e+17
      Equation: "HoleContinuityEquation"	RelError: 7.92152e-01	AbsError: 1.26555e+17
      Equation: "PotentialEquation"	RelError: 2.43958e+02	AbsError: 4.09594e-02
Iteration: 1
  Device: "MyDevice"	RelError: 2.92742e+02	AbsError: 3.68033e+16
    Region: "MyRegion"	RelError: 2.92742e+02	AbsError: 3.68033e+16
      Equation: "ElectronContinuityEquation"	RelError: 6.87323e-01	AbsError: 1.80390e+16
      Equation: "HoleContinuityEquation"	RelError: 7.76914e-01	AbsError: 1.87644e+16
      Equation: "PotentialEquation"	RelError: 2.91277e+02	AbsError: 3.07632e-02
Iteration: 2
  Device: "MyDevice"	RelError: 1.85925e+01	AbsError: 4.95139e+15
    Region: "MyRegion"	RelError: 1.85925e+01	AbsError: 4.95139e+15
      Equation: "ElectronContinuityEquation"	RelError: 5.07330e-01	AbsError: 2.91250e+15
      Equation: "HoleContinuityEquation"	RelError: 4.99834e-01	AbsError: 2.03889e+15
      Equation: "PotentialEquation"	RelError: 1.75854e+01	AbsError: 2.56954e-02
Iteration: 3
  Device: "MyDevice"	RelError: 4.77831e-01	AbsError: 5.42837e+14
    Region: "MyRegion"	RelError: 4.77831e-01	AbsError: 5.42837e+14
      Equation: "ElectronContinuityEquation"	RelError: 2.82990e-01	AbsError: 2.82156e+14
      Equation: "HoleContinuityEquation"	RelError: 7.55940e-02	AbsError: 2.60681e+14
      Equation: "PotentialEquation"	RelError: 1.19247e-01	AbsError: 9.16533e-03
Iteration: 4
  Device: "MyDevice"	RelError: 8.21118e-02	AbsError: 2.80293e+14
    Region: "MyRegion"	RelError: 8.21118e-02	AbsError: 2.80293e+14
      Equation: "ElectronContinuityEquation"	RelError: 7.65280e-02	AbsError: 1.37449e+14
      Equation: "HoleContinuityEquation"	RelError: 4.33145e-04	AbsError: 1.42844e+14
      Equation: "PotentialEquation"	RelError: 5.15066e-03	AbsError: 5.26045e-06
Iteration: 5
  Device: "MyDevice"	RelError: 8.46169e-06	AbsError: 4.52334e+10
    Region: "MyRegion"	RelError: 8.46169e-06	AbsError: 4.52334e+10
      Equation: "ElectronContinuityEquation"	RelError: 8.39701e-06	AbsError: 4.09391e+10
      Equation: "HoleContinuityEquation"	RelError: 5.97571e-08	AbsError: 4.29432e+09
      Equation: "PotentialEquation"	RelError: 4.91741e-09	AbsError: 8.15314e-10
Iteration: 6
  Device: "MyDevice"	RelError: 5.69634e-12	AbsError: 3.33891e+06
    Region: "MyRegion"	RelError: 5.69634e-12	AbsError: 3.33891e+06
      Equation: "ElectronContinuityEquation"	RelError: 3.33902e-12	AbsError: 3.33862e+06
      Equation: "HoleContinuityEquation"	RelError: 2.17600e-12	AbsError: 2.87751e+02
      Equation: "PotentialEquation"	RelError: 1.81316e-13	AbsError: 8.64617e-14
top	0.4	0.000262212527169	0.000186540405211	0.00044875293238
bot	0.0	-0.000317710933528	-0.000131119055845	-0.000448829989373
Region "MyRegion" on device "MyDevice" has equations 0:1394
Device "MyDevice" has equations 0:1394
number of equations 1395
Iteration: 0
  Device: "MyDevice"	RelError: 1.75289e+02	AbsError: 2.79354e+17
    Region: "MyRegion"	RelError: 1.75289e+02	AbsError: 2.79354e+17
      Equation: "ElectronContinuityEquation"	RelError: 7.92056e-01	AbsError: 1.39696e+17
      Equation: "HoleContinuityEquation"	RelError: 7.92068e-01	AbsError: 1.39658e+17
      Equation: "PotentialEquation"	RelError: 1.73705e+02	AbsError: 4.09542e-02
Iteration: 1
  Device: "MyDevice"	RelError: 1.74848e+02	AbsError: 4.70310e+16
    Region: "MyRegion"	RelError: 1.74848e+02	AbsError: 4.70310e+16
      Equation: "ElectronContinuityEquation"	RelError: 6.87375e-01	AbsError: 2.45590e+16
      Equation: "HoleContinuityEquation"	RelError: 7.76365e-01	AbsError: 2.24720e+16
      Equation: "PotentialEquation"	RelError: 1.73384e+02	AbsError: 3.07632e-02
Iteration: 2
  Device: "MyDevice"	RelError: 2.37605e+00	AbsError: 7.28232e+15
    Region: "MyRegion"	RelError: 2.37605e+00	AbsError: 7.28232e+15
      Equation: "ElectronContinuityEquation"	RelError: 5.06867e-01	AbsError: 4.33880e+15
      Equation: "HoleContinuityEquation"	RelError: 5.01219e-01	AbsError: 2.94352e+15
      Equation: "PotentialEquation"	RelError: 1.36796e+00	AbsError: 2.57725e-02
Iteration: 3
  Device: "MyDevice"	RelError: 7.54488e-01	AbsError: 2.77272e+14
    Region: "MyRegion"	RelError: 7.54488e-01	AbsError: 2.77272e+14
      Equation: "ElectronContinuityEquation"	RelError: 2.83957e-01	AbsError: 5.32549e+13
      Equation: "HoleContinuityEquation"	RelError: 7.44539e-02	AbsError: 2.24017e+14
      Equation: "PotentialEquation"	RelError: 3.96077e-01	AbsError: 9.16533e-03
Iteration: 4
  Device: "MyDevice"	RelError: 7.62829e-02	AbsError: 8.99374e+13
    Region: "MyRegion"	RelError: 7.62829e-02	AbsError: 8.99374e+13
      Equation: "ElectronContinuityEquation"	RelError: 7.59848e-02	AbsError: 5.86910e+12
      Equation: "HoleContinuityEquation"	RelError: 2.23514e-04	AbsError: 8.40683e+13
      Equation: "PotentialEquation"	RelError: 7.45782e-05	AbsError: 3.10894e-06
Iteration: 5
  Device: "MyDevice"	RelError: 4.21042e-06	AbsError: 1.94942e+09
    Region: "MyRegion"	RelError: 4.21042e-06	AbsError: 1.94942e+09
      Equation: "ElectronContinuityEquation"	RelError: 4.19319e-06	AbsError: 3.84866e+08
      Equation: "HoleContinuityEquation"	RelError: 1.65808e-08	AbsError: 1.56455e+09
      Equation: "PotentialEquation"	RelError: 6.44299e-10	AbsError: 1.93047e-11
Iteration: 6
  Device: "MyDevice"	RelError: 1.22671e-13	AbsError: 8.32299e+03
    Region: "MyRegion"	RelError: 1.22671e-13	AbsError: 8.32299e+03
      Equation: "ElectronContinuityEquation"	RelError: 6.77829e-14	AbsError: 8.06980e+03
      Equation: "HoleContinuityEquation"	RelError: 5.42934e-14	AbsError: 2.53199e+02
      Equation: "PotentialEquation"	RelError: 5.94665e-16	AbsError: 2.08564e-16
top	0.5	0.0118105431753	0.00634461199801	0.0181551551733
bot	0.0	-0.0122494226315	-0.00590579888093	-0.0181552215125
