
----------------------------------------

 DEVSIM

 Version: Beta 0.01

 Copyright 2009-2015 Devsim LLC

----------------------------------------


mid
bot
 (region: MyRegion)
 (contact: top)
 (contact: bot)
Region "MyRegion" on device "MyDevice" has equations 0:256
Device "MyDevice" has equations 0:256
0	18446744073709551615	ground
GND	18446744073709551615	ground
V1.I	0	mna
top_bias	1	default
Circuit  has equations 257:258
creating solution dcop with 2 nodes
number of equations 259
creating solution dcop_prev with 2 nodes
Iteration: 0
  Device: "MyDevice"	RelError: 1.00000e+00	AbsError: 8.88979e-02
    Region: "MyRegion"	RelError: 1.00000e+00	AbsError: 8.88979e-02
      Equation: "PotentialEquation"	RelError: 1.00000e+00	AbsError: 8.88979e-02
  Circuit: 	RelError: 0.00000e+00	AbsError: 0.00000e+00
Iteration: 1
  Device: "MyDevice"	RelError: 4.91289e-01	AbsError: 8.58533e-02
    Region: "MyRegion"	RelError: 4.91289e-01	AbsError: 8.58533e-02
      Equation: "PotentialEquation"	RelError: 4.91289e-01	AbsError: 8.58533e-02
  Circuit: 	RelError: 0.00000e+00	AbsError: 0.00000e+00
Iteration: 2
  Device: "MyDevice"	RelError: 3.20767e-01	AbsError: 8.25260e-02
    Region: "MyRegion"	RelError: 3.20767e-01	AbsError: 8.25260e-02
      Equation: "PotentialEquation"	RelError: 3.20767e-01	AbsError: 8.25260e-02
  Circuit: 	RelError: 0.00000e+00	AbsError: 0.00000e+00
Iteration: 3
  Device: "MyDevice"	RelError: 2.34485e-01	AbsError: 7.88067e-02
    Region: "MyRegion"	RelError: 2.34485e-01	AbsError: 7.88067e-02
      Equation: "PotentialEquation"	RelError: 2.34485e-01	AbsError: 7.88067e-02
  Circuit: 	RelError: 0.00000e+00	AbsError: 0.00000e+00
Iteration: 4
  Device: "MyDevice"	RelError: 1.94033e-01	AbsError: 7.35639e-02
    Region: "MyRegion"	RelError: 1.94033e-01	AbsError: 7.35639e-02
      Equation: "PotentialEquation"	RelError: 1.94033e-01	AbsError: 7.35639e-02
  Circuit: 	RelError: 0.00000e+00	AbsError: 0.00000e+00
Iteration: 5
  Device: "MyDevice"	RelError: 2.20108e+00	AbsError: 5.56834e-02
    Region: "MyRegion"	RelError: 2.20108e+00	AbsError: 5.56834e-02
      Equation: "PotentialEquation"	RelError: 2.20108e+00	AbsError: 5.56834e-02
  Circuit: 	RelError: 0.00000e+00	AbsError: 0.00000e+00
Iteration: 6
  Device: "MyDevice"	RelError: 4.34688e-01	AbsError: 3.95692e-02
    Region: "MyRegion"	RelError: 4.34688e-01	AbsError: 3.95692e-02
      Equation: "PotentialEquation"	RelError: 4.34688e-01	AbsError: 3.95692e-02
  Circuit: 	RelError: 0.00000e+00	AbsError: 0.00000e+00
Iteration: 7
  Device: "MyDevice"	RelError: 6.45050e-02	AbsError: 2.91367e-02
    Region: "MyRegion"	RelError: 6.45050e-02	AbsError: 2.91367e-02
      Equation: "PotentialEquation"	RelError: 6.45050e-02	AbsError: 2.91367e-02
  Circuit: 	RelError: 0.00000e+00	AbsError: 0.00000e+00
Iteration: 8
  Device: "MyDevice"	RelError: 5.18778e-02	AbsError: 2.47384e-02
    Region: "MyRegion"	RelError: 5.18778e-02	AbsError: 2.47384e-02
      Equation: "PotentialEquation"	RelError: 5.18778e-02	AbsError: 2.47384e-02
  Circuit: 	RelError: 0.00000e+00	AbsError: 0.00000e+00
Iteration: 9
  Device: "MyDevice"	RelError: 8.93317e-04	AbsError: 4.25961e-04
    Region: "MyRegion"	RelError: 8.93317e-04	AbsError: 4.25961e-04
      Equation: "PotentialEquation"	RelError: 8.93317e-04	AbsError: 4.25961e-04
  Circuit: 	RelError: 0.00000e+00	AbsError: 0.00000e+00
Iteration: 10
  Device: "MyDevice"	RelError: 2.08087e-06	AbsError: 9.92174e-07
    Region: "MyRegion"	RelError: 2.08087e-06	AbsError: 9.92174e-07
      Equation: "PotentialEquation"	RelError: 2.08087e-06	AbsError: 9.92174e-07
  Circuit: 	RelError: 0.00000e+00	AbsError: 0.00000e+00
Iteration: 11
  Device: "MyDevice"	RelError: 1.63447e-11	AbsError: 7.79300e-12
    Region: "MyRegion"	RelError: 1.63447e-11	AbsError: 7.79300e-12
      Equation: "PotentialEquation"	RelError: 1.63447e-11	AbsError: 7.79300e-12
  Circuit: 	RelError: 0.00000e+00	AbsError: 0.00000e+00
Iteration: 12
  Device: "MyDevice"	RelError: 1.41664e-14	AbsError: 4.08978e-17
    Region: "MyRegion"	RelError: 1.41664e-14	AbsError: 4.08978e-17
      Equation: "PotentialEquation"	RelError: 1.41664e-14	AbsError: 4.08978e-17
  Circuit: 	RelError: 0.00000e+00	AbsError: 0.00000e+00
Circuit Solution:
V1.I	0
top_bias	0
Warning: Replacing equation with equation of the same name.
Region: MyRegion, Equation: PotentialEquation, Variable: Potential
Region "MyRegion" on device "MyDevice" has equations 0:770
Device "MyDevice" has equations 0:770
0	18446744073709551615	ground
GND	18446744073709551615	ground
V1.I	0	mna
top_bias	1	default
Circuit  has equations 771:772
number of equations 773
Iteration: 0
  Device: "MyDevice"	RelError: 4.91710e-13	AbsError: 1.02400e+04
    Region: "MyRegion"	RelError: 4.91710e-13	AbsError: 1.02400e+04
      Equation: "ElectronContinuityEquation"	RelError: 8.21263e-15	AbsError: 5.12000e+03
      Equation: "HoleContinuityEquation"	RelError: 1.06005e-14	AbsError: 5.12000e+03
      Equation: "PotentialEquation"	RelError: 4.72897e-13	AbsError: 4.35802e-16
  Circuit: 	RelError: 1.32349e-13	AbsError: 1.32349e-23
Circuit Solution:
V1.I	1.32349e-23
top_bias	0
bot	0	6.14280668542e-09	7.39016990586e-25	6.14280668542e-09
Region "MyRegion" on device "MyDevice" has equations 0:770
Device "MyDevice" has equations 0:770
0	18446744073709551615	ground
GND	18446744073709551615	ground
V1.I	0	mna
top_bias	1	default
Circuit  has equations 771:772
creating solution ssac_real with 2 nodes
creating solution ssac_imag with 2 nodes
Device: MyDevice	Region: MyRegion	Creating: Electrons_Real
Device: MyDevice	Region: MyRegion	Creating: Electrons_Imag
Device: MyDevice	Region: MyRegion	Creating: Holes_Real
Device: MyDevice	Region: MyRegion	Creating: Holes_Imag
Device: MyDevice	Region: MyRegion	Creating: Potential_Real
Device: MyDevice	Region: MyRegion	Creating: Potential_Imag
Setting V1.I = (4.14899e-07,1.43787e-06)
Setting top_bias = (1,0)
AC Iteration:
number of equations 773
Circuit AC Solution:
V1.I	(4.14899e-07,1.43787e-06)
top_bias	(1,0)
capacitance 0.0 2.2884376355e-07
Region "MyRegion" on device "MyDevice" has equations 0:770
Device "MyDevice" has equations 0:770
0	18446744073709551615	ground
GND	18446744073709551615	ground
V1.I	0	mna
top_bias	1	default
Circuit  has equations 771:772
number of equations 773
Iteration: 0
  Device: "MyDevice"	RelError: 1.55882e+01	AbsError: 2.08314e+17
    Region: "MyRegion"	RelError: 1.55882e+01	AbsError: 2.08314e+17
      Equation: "ElectronContinuityEquation"	RelError: 7.73734e-01	AbsError: 1.04105e+17
      Equation: "HoleContinuityEquation"	RelError: 7.73745e-01	AbsError: 1.04210e+17
      Equation: "PotentialEquation"	RelError: 1.40407e+01	AbsError: 4.09542e-02
  Circuit: 	RelError: 1.00000e+00	AbsError: 1.00000e-01
Iteration: 1
  Device: "MyDevice"	RelError: 3.17469e+01	AbsError: 2.42400e+16
    Region: "MyRegion"	RelError: 3.17469e+01	AbsError: 2.42400e+16
      Equation: "ElectronContinuityEquation"	RelError: 6.73265e-01	AbsError: 1.24340e+16
      Equation: "HoleContinuityEquation"	RelError: 7.58000e-01	AbsError: 1.18060e+16
      Equation: "PotentialEquation"	RelError: 3.03156e+01	AbsError: 3.07632e-02
  Circuit: 	RelError: 7.83549e-01	AbsError: 1.07255e-08
Iteration: 2
  Device: "MyDevice"	RelError: 1.19739e+00	AbsError: 1.61677e+15
    Region: "MyRegion"	RelError: 1.19739e+00	AbsError: 1.61677e+15
      Equation: "ElectronContinuityEquation"	RelError: 4.97846e-01	AbsError: 5.28126e+14
      Equation: "HoleContinuityEquation"	RelError: 4.94003e-01	AbsError: 1.08864e+15
      Equation: "PotentialEquation"	RelError: 2.05543e-01	AbsError: 2.57657e-02
  Circuit: 	RelError: 3.55604e+00	AbsError: 1.87654e-08
Iteration: 3
  Device: "MyDevice"	RelError: 3.86537e-01	AbsError: 1.91962e+14
    Region: "MyRegion"	RelError: 3.86537e-01	AbsError: 1.91962e+14
      Equation: "ElectronContinuityEquation"	RelError: 2.85215e-01	AbsError: 2.56975e+12
      Equation: "HoleContinuityEquation"	RelError: 7.70016e-02	AbsError: 1.89393e+14
      Equation: "PotentialEquation"	RelError: 2.43203e-02	AbsError: 9.16533e-03
  Circuit: 	RelError: 2.06654e+00	AbsError: 9.83734e-09
Iteration: 4
  Device: "MyDevice"	RelError: 8.05959e-02	AbsError: 1.67761e+14
    Region: "MyRegion"	RelError: 8.05959e-02	AbsError: 1.67761e+14
      Equation: "ElectronContinuityEquation"	RelError: 7.58927e-02	AbsError: 7.52535e+12
      Equation: "HoleContinuityEquation"	RelError: 4.16885e-04	AbsError: 1.60236e+14
      Equation: "PotentialEquation"	RelError: 4.28636e-03	AbsError: 5.78246e-06
  Circuit: 	RelError: 8.63479e-02	AbsError: 3.78369e-10
Iteration: 5
  Device: "MyDevice"	RelError: 5.28740e-05	AbsError: 1.56900e+11
    Region: "MyRegion"	RelError: 5.28740e-05	AbsError: 1.56900e+11
      Equation: "ElectronContinuityEquation"	RelError: 5.33247e-06	AbsError: 7.91003e+10
      Equation: "HoleContinuityEquation"	RelError: 2.47487e-06	AbsError: 7.78001e+10
      Equation: "PotentialEquation"	RelError: 4.50667e-05	AbsError: 7.16100e-08
  Circuit: 	RelError: 3.98962e-04	AbsError: 1.74752e-12
Iteration: 6
  Device: "MyDevice"	RelError: 3.56157e-07	AbsError: 1.12838e+09
    Region: "MyRegion"	RelError: 3.56157e-07	AbsError: 1.12838e+09
      Equation: "ElectronContinuityEquation"	RelError: 1.91195e-08	AbsError: 5.66346e+08
      Equation: "HoleContinuityEquation"	RelError: 1.66312e-08	AbsError: 5.62033e+08
      Equation: "PotentialEquation"	RelError: 3.20406e-07	AbsError: 5.08920e-10
  Circuit: 	RelError: 2.94842e-06	AbsError: 1.29146e-14
Iteration: 7
  Device: "MyDevice"	RelError: 2.89089e-09	AbsError: 8.29721e+06
    Region: "MyRegion"	RelError: 2.89089e-09	AbsError: 8.29721e+06
      Equation: "ElectronContinuityEquation"	RelError: 1.41025e-10	AbsError: 4.14926e+06
      Equation: "HoleContinuityEquation"	RelError: 3.87035e-10	AbsError: 4.14795e+06
      Equation: "PotentialEquation"	RelError: 2.36283e-09	AbsError: 3.75431e-12
  Circuit: 	RelError: 1.21799e-08	AbsError: 5.33502e-17
Iteration: 8
  Device: "MyDevice"	RelError: 2.34897e-11	AbsError: 7.41375e+04
    Region: "MyRegion"	RelError: 2.34897e-11	AbsError: 7.41375e+04
      Equation: "ElectronContinuityEquation"	RelError: 1.26148e-12	AbsError: 3.71475e+04
      Equation: "HoleContinuityEquation"	RelError: 1.12849e-12	AbsError: 3.69900e+04
      Equation: "PotentialEquation"	RelError: 2.10997e-11	AbsError: 3.35615e-14
  Circuit: 	RelError: 5.50137e-12	AbsError: 2.40970e-20
Circuit Solution:
V1.I	-4.28018e-09
top_bias	0.1
bot	0	-2.04366647259e-08	-1.38872658224e-09	-2.18253913081e-08
Region "MyRegion" on device "MyDevice" has equations 0:770
Device "MyDevice" has equations 0:770
0	18446744073709551615	ground
GND	18446744073709551615	ground
V1.I	0	mna
top_bias	1	default
Circuit  has equations 771:772
Setting V1.I = (-7.55577e-07,1.30289e-06)
Setting top_bias = (1,0)
AC Iteration:
number of equations 773
Circuit AC Solution:
V1.I	(-7.55577e-07,1.30289e-06)
top_bias	(1,0)
capacitance 0.1 2.07361022696e-07
Region "MyRegion" on device "MyDevice" has equations 0:770
Device "MyDevice" has equations 0:770
0	18446744073709551615	ground
GND	18446744073709551615	ground
V1.I	0	mna
top_bias	1	default
Circuit  has equations 771:772
number of equations 773
Iteration: 0
  Device: "MyDevice"	RelError: 9.42039e+01	AbsError: 2.20978e+17
    Region: "MyRegion"	RelError: 9.42039e+01	AbsError: 2.20978e+17
      Equation: "ElectronContinuityEquation"	RelError: 7.89745e-01	AbsError: 1.10497e+17
      Equation: "HoleContinuityEquation"	RelError: 7.89744e-01	AbsError: 1.10481e+17
      Equation: "PotentialEquation"	RelError: 9.26244e+01	AbsError: 4.09542e-02
  Circuit: 	RelError: 8.60918e-01	AbsError: 1.00000e-01
Iteration: 1
  Device: "MyDevice"	RelError: 8.53060e+01	AbsError: 2.76229e+16
    Region: "MyRegion"	RelError: 8.53060e+01	AbsError: 2.76229e+16
      Equation: "ElectronContinuityEquation"	RelError: 6.86033e-01	AbsError: 1.42183e+16
      Equation: "HoleContinuityEquation"	RelError: 7.75520e-01	AbsError: 1.34046e+16
      Equation: "PotentialEquation"	RelError: 8.38445e+01	AbsError: 3.07626e-02
  Circuit: 	RelError: 4.89449e-01	AbsError: 3.01919e-08
Iteration: 2
  Device: "MyDevice"	RelError: 1.32086e+01	AbsError: 2.23112e+15
    Region: "MyRegion"	RelError: 1.32086e+01	AbsError: 2.23112e+15
      Equation: "ElectronContinuityEquation"	RelError: 5.06846e-01	AbsError: 9.08432e+14
      Equation: "HoleContinuityEquation"	RelError: 4.95392e-01	AbsError: 1.32269e+15
      Equation: "PotentialEquation"	RelError: 1.22063e+01	AbsError: 2.58097e-02
  Circuit: 	RelError: 5.77876e-01	AbsError: 8.44456e-08
Iteration: 3
  Device: "MyDevice"	RelError: 3.95926e-01	AbsError: 1.78551e+14
    Region: "MyRegion"	RelError: 3.95926e-01	AbsError: 1.78551e+14
      Equation: "ElectronContinuityEquation"	RelError: 2.86182e-01	AbsError: 5.27460e+11
      Equation: "HoleContinuityEquation"	RelError: 7.66382e-02	AbsError: 1.78023e+14
      Equation: "PotentialEquation"	RelError: 3.31057e-02	AbsError: 9.16564e-03
  Circuit: 	RelError: 2.07405e-01	AbsError: 3.82392e-08
Iteration: 4
  Device: "MyDevice"	RelError: 8.29384e-02	AbsError: 1.53503e+14
    Region: "MyRegion"	RelError: 8.29384e-02	AbsError: 1.53503e+14
      Equation: "ElectronContinuityEquation"	RelError: 7.73712e-02	AbsError: 7.50997e+12
      Equation: "HoleContinuityEquation"	RelError: 3.76825e-04	AbsError: 1.45993e+14
      Equation: "PotentialEquation"	RelError: 5.19036e-03	AbsError: 5.38127e-06
  Circuit: 	RelError: 4.73592e-02	AbsError: 9.16571e-09
Iteration: 5
  Device: "MyDevice"	RelError: 8.02570e-06	AbsError: 4.48355e+09
    Region: "MyRegion"	RelError: 8.02570e-06	AbsError: 4.48355e+09
      Equation: "ElectronContinuityEquation"	RelError: 7.59082e-06	AbsError: 5.67877e+08
      Equation: "HoleContinuityEquation"	RelError: 3.63108e-08	AbsError: 3.91567e+09
      Equation: "PotentialEquation"	RelError: 3.98569e-07	AbsError: 4.89571e-10
  Circuit: 	RelError: 7.49974e-06	AbsError: 1.45148e-12
Iteration: 6
  Device: "MyDevice"	RelError: 9.54734e-11	AbsError: 2.44218e+05
    Region: "MyRegion"	RelError: 9.54734e-11	AbsError: 2.44218e+05
      Equation: "ElectronContinuityEquation"	RelError: 4.06435e-12	AbsError: 1.22049e+05
      Equation: "HoleContinuityEquation"	RelError: 7.07504e-12	AbsError: 1.22169e+05
      Equation: "PotentialEquation"	RelError: 8.43340e-11	AbsError: 1.03391e-13
  Circuit: 	RelError: 2.79959e-09	AbsError: 5.41826e-16
Iteration: 7
  Device: "MyDevice"	RelError: 8.68072e-14	AbsError: 4.74626e+02
    Region: "MyRegion"	RelError: 8.68072e-14	AbsError: 4.74626e+02
      Equation: "ElectronContinuityEquation"	RelError: 7.19540e-14	AbsError: 2.03922e+02
      Equation: "HoleContinuityEquation"	RelError: 1.24586e-14	AbsError: 2.70704e+02
      Equation: "PotentialEquation"	RelError: 2.39463e-15	AbsError: 3.18742e-17
  Circuit: 	RelError: 1.35527e-13	AbsError: 2.62296e-20
Circuit Solution:
V1.I	-1.93437e-07
top_bias	0.2
bot	0	-1.08095030803e-07	-6.41988690853e-08	-1.72293899888e-07
Region "MyRegion" on device "MyDevice" has equations 0:770
Device "MyDevice" has equations 0:770
0	18446744073709551615	ground
GND	18446744073709551615	ground
V1.I	0	mna
top_bias	1	default
Circuit  has equations 771:772
Setting V1.I = (-7.16264e-06,1.48544e-06)
Setting top_bias = (1,0)
AC Iteration:
number of equations 773
Circuit AC Solution:
V1.I	(-7.16264e-06,1.48544e-06)
top_bias	(1,0)
capacitance 0.2 2.36414554424e-07
Region "MyRegion" on device "MyDevice" has equations 0:770
Device "MyDevice" has equations 0:770
0	18446744073709551615	ground
GND	18446744073709551615	ground
V1.I	0	mna
top_bias	1	default
Circuit  has equations 771:772
number of equations 773
Iteration: 0
  Device: "MyDevice"	RelError: 1.75747e+01	AbsError: 2.36138e+17
    Region: "MyRegion"	RelError: 1.75747e+01	AbsError: 2.36138e+17
      Equation: "ElectronContinuityEquation"	RelError: 7.91968e-01	AbsError: 1.18049e+17
      Equation: "HoleContinuityEquation"	RelError: 7.91985e-01	AbsError: 1.18089e+17
      Equation: "PotentialEquation"	RelError: 1.59907e+01	AbsError: 4.09490e-02
  Circuit: 	RelError: 7.81020e-01	AbsError: 1.00001e-01
Iteration: 1
  Device: "MyDevice"	RelError: 5.75952e+01	AbsError: 3.20946e+16
    Region: "MyRegion"	RelError: 5.75952e+01	AbsError: 3.20946e+16
      Equation: "ElectronContinuityEquation"	RelError: 6.87355e-01	AbsError: 1.65706e+16
      Equation: "HoleContinuityEquation"	RelError: 7.76665e-01	AbsError: 1.55240e+16
      Equation: "PotentialEquation"	RelError: 5.61312e+01	AbsError: 3.07649e-02
  Circuit: 	RelError: 7.36689e-01	AbsError: 2.47272e-06
Iteration: 2
  Device: "MyDevice"	RelError: 8.51390e+00	AbsError: 3.22953e+15
    Region: "MyRegion"	RelError: 8.51390e+00	AbsError: 3.22953e+15
      Equation: "ElectronContinuityEquation"	RelError: 5.07312e-01	AbsError: 1.57442e+15
      Equation: "HoleContinuityEquation"	RelError: 4.97245e-01	AbsError: 1.65511e+15
      Equation: "PotentialEquation"	RelError: 7.50935e+00	AbsError: 2.56550e-02
  Circuit: 	RelError: 4.98541e-01	AbsError: 3.33701e-06
Iteration: 3
  Device: "MyDevice"	RelError: 4.11332e-01	AbsError: 1.78367e+14
    Region: "MyRegion"	RelError: 4.11332e-01	AbsError: 1.78367e+14
      Equation: "ElectronContinuityEquation"	RelError: 2.83520e-01	AbsError: 2.89242e+12
      Equation: "HoleContinuityEquation"	RelError: 7.59787e-02	AbsError: 1.75475e+14
      Equation: "PotentialEquation"	RelError: 5.18334e-02	AbsError: 9.16724e-03
  Circuit: 	RelError: 1.90997e-01	AbsError: 1.58028e-06
Iteration: 4
  Device: "MyDevice"	RelError: 7.99338e-02	AbsError: 1.40412e+14
    Region: "MyRegion"	RelError: 7.99338e-02	AbsError: 1.40412e+14
      Equation: "ElectronContinuityEquation"	RelError: 7.70863e-02	AbsError: 7.34755e+12
      Equation: "HoleContinuityEquation"	RelError: 3.43934e-04	AbsError: 1.33064e+14
      Equation: "PotentialEquation"	RelError: 2.50351e-03	AbsError: 4.82764e-06
  Circuit: 	RelError: 5.08851e-02	AbsError: 4.43586e-07
Iteration: 5
  Device: "MyDevice"	RelError: 8.13960e-06	AbsError: 1.01338e+12
    Region: "MyRegion"	RelError: 8.13960e-06	AbsError: 1.01338e+12
      Equation: "ElectronContinuityEquation"	RelError: 6.97793e-06	AbsError: 1.79774e+08
      Equation: "HoleContinuityEquation"	RelError: 1.01335e-06	AbsError: 1.01320e+12
      Equation: "PotentialEquation"	RelError: 1.48328e-07	AbsError: 2.62327e-08
  Circuit: 	RelError: 4.17264e-06	AbsError: 3.63745e-11
Iteration: 6
  Device: "MyDevice"	RelError: 8.55570e-12	AbsError: 2.72824e+06
    Region: "MyRegion"	RelError: 8.55570e-12	AbsError: 2.72824e+06
      Equation: "ElectronContinuityEquation"	RelError: 5.52087e-12	AbsError: 7.88755e+04
      Equation: "HoleContinuityEquation"	RelError: 2.64976e-12	AbsError: 2.64937e+06
      Equation: "PotentialEquation"	RelError: 3.85067e-13	AbsError: 5.43586e-14
  Circuit: 	RelError: 6.93849e-10	AbsError: 6.04854e-15
Iteration: 7
  Device: "MyDevice"	RelError: 6.68448e-13	AbsError: 5.50703e+02
    Region: "MyRegion"	RelError: 6.68448e-13	AbsError: 5.50703e+02
      Equation: "ElectronContinuityEquation"	RelError: 3.79865e-13	AbsError: 2.18715e+02
      Equation: "HoleContinuityEquation"	RelError: 2.54206e-13	AbsError: 3.31988e+02
      Equation: "PotentialEquation"	RelError: 3.43776e-14	AbsError: 7.36923e-17
  Circuit: 	RelError: 2.85367e-14	AbsError: 2.48765e-19
Circuit Solution:
V1.I	-8.71728e-06
top_bias	0.3
bot	0	-5.80555075445e-06	-2.90489765995e-06	-8.7104484144e-06
Region "MyRegion" on device "MyDevice" has equations 0:770
Device "MyDevice" has equations 0:770
0	18446744073709551615	ground
GND	18446744073709551615	ground
V1.I	0	mna
top_bias	1	default
Circuit  has equations 771:772
Setting V1.I = (-0.00033261,1.54022e-06)
Setting top_bias = (1,0)
AC Iteration:
number of equations 773
Circuit AC Solution:
V1.I	(-0.00033261,1.54022e-06)
top_bias	(1,0)
capacitance 0.3 2.45133649949e-07
Region "MyRegion" on device "MyDevice" has equations 0:770
Device "MyDevice" has equations 0:770
0	18446744073709551615	ground
GND	18446744073709551615	ground
V1.I	0	mna
top_bias	1	default
Circuit  has equations 771:772
number of equations 773
Iteration: 0
  Device: "MyDevice"	RelError: 4.11240e+01	AbsError: 2.55031e+17
    Region: "MyRegion"	RelError: 4.11240e+01	AbsError: 2.55031e+17
      Equation: "ElectronContinuityEquation"	RelError: 7.92212e-01	AbsError: 1.27553e+17
      Equation: "HoleContinuityEquation"	RelError: 7.92127e-01	AbsError: 1.27478e+17
      Equation: "PotentialEquation"	RelError: 3.95397e+01	AbsError: 4.09542e-02
  Circuit: 	RelError: 7.92632e-01	AbsError: 1.00033e-01
Iteration: 1
  Device: "MyDevice"	RelError: 2.18627e+01	AbsError: 3.81611e+16
    Region: "MyRegion"	RelError: 2.18627e+01	AbsError: 3.81611e+16
      Equation: "ElectronContinuityEquation"	RelError: 6.87407e-01	AbsError: 1.98001e+16
      Equation: "HoleContinuityEquation"	RelError: 7.76841e-01	AbsError: 1.83610e+16
      Equation: "PotentialEquation"	RelError: 2.03984e+01	AbsError: 3.07846e-02
  Circuit: 	RelError: 7.23333e-01	AbsError: 1.09906e-04
Iteration: 2
  Device: "MyDevice"	RelError: 1.27552e+01	AbsError: 4.70107e+15
    Region: "MyRegion"	RelError: 1.27552e+01	AbsError: 4.70107e+15
      Equation: "ElectronContinuityEquation"	RelError: 5.07685e-01	AbsError: 2.55592e+15
      Equation: "HoleContinuityEquation"	RelError: 4.98119e-01	AbsError: 2.14515e+15
      Equation: "PotentialEquation"	RelError: 1.17494e+01	AbsError: 2.58120e-02
  Circuit: 	RelError: 4.97714e-01	AbsError: 1.50561e-04
Iteration: 3
  Device: "MyDevice"	RelError: 4.80782e-01	AbsError: 1.82050e+14
    Region: "MyRegion"	RelError: 4.80782e-01	AbsError: 1.82050e+14
      Equation: "ElectronContinuityEquation"	RelError: 2.85342e-01	AbsError: 8.91601e+12
      Equation: "HoleContinuityEquation"	RelError: 7.58454e-02	AbsError: 1.73134e+14
      Equation: "PotentialEquation"	RelError: 1.19594e-01	AbsError: 9.19166e-03
  Circuit: 	RelError: 1.89439e-01	AbsError: 7.06996e-05
Iteration: 4
  Device: "MyDevice"	RelError: 7.99889e-02	AbsError: 1.22245e+14
    Region: "MyRegion"	RelError: 7.99889e-02	AbsError: 1.22245e+14
      Equation: "ElectronContinuityEquation"	RelError: 7.68634e-02	AbsError: 7.17212e+12
      Equation: "HoleContinuityEquation"	RelError: 2.92641e-04	AbsError: 1.15073e+14
      Equation: "PotentialEquation"	RelError: 2.83283e-03	AbsError: 4.28833e-06
  Circuit: 	RelError: 5.12544e-02	AbsError: 2.01618e-05
Iteration: 5
  Device: "MyDevice"	RelError: 5.92242e-06	AbsError: 2.93360e+09
    Region: "MyRegion"	RelError: 5.92242e-06	AbsError: 2.93360e+09
      Equation: "ElectronContinuityEquation"	RelError: 5.88903e-06	AbsError: 5.98368e+07
      Equation: "HoleContinuityEquation"	RelError: 3.12164e-08	AbsError: 2.87376e+09
      Equation: "PotentialEquation"	RelError: 2.17108e-09	AbsError: 7.34388e-11
  Circuit: 	RelError: 3.91378e-06	AbsError: 1.53955e-09
Iteration: 6
  Device: "MyDevice"	RelError: 5.36005e-13	AbsError: 1.79032e+05
    Region: "MyRegion"	RelError: 5.36005e-13	AbsError: 1.79032e+05
      Equation: "ElectronContinuityEquation"	RelError: 1.17546e-13	AbsError: 3.25801e+02
      Equation: "HoleContinuityEquation"	RelError: 3.58976e-13	AbsError: 1.78706e+05
      Equation: "PotentialEquation"	RelError: 5.94826e-14	AbsError: 4.57166e-15
  Circuit: 	RelError: 3.45486e-14	AbsError: 1.35902e-17
Circuit Solution:
V1.I	-0.000393366
top_bias	0.4
bot	0	-0.000262165911866	-0.000131169633098	-0.000393335544965
Region "MyRegion" on device "MyDevice" has equations 0:770
Device "MyDevice" has equations 0:770
0	18446744073709551615	ground
GND	18446744073709551615	ground
V1.I	0	mna
top_bias	1	default
Circuit  has equations 771:772
Setting V1.I = (-0.014982,1.7543e-06)
Setting top_bias = (1,0)
AC Iteration:
number of equations 773
Circuit AC Solution:
V1.I	(-0.014982,1.7543e-06)
top_bias	(1,0)
capacitance 0.4 2.7920607569e-07
Region "MyRegion" on device "MyDevice" has equations 0:770
Device "MyDevice" has equations 0:770
0	18446744073709551615	ground
GND	18446744073709551615	ground
V1.I	0	mna
top_bias	1	default
Circuit  has equations 771:772
number of equations 773
Iteration: 0
  Device: "MyDevice"	RelError: 4.28085e+01	AbsError: 2.79301e+17
    Region: "MyRegion"	RelError: 4.28085e+01	AbsError: 2.79301e+17
      Equation: "ElectronContinuityEquation"	RelError: 7.92061e-01	AbsError: 1.39697e+17
      Equation: "HoleContinuityEquation"	RelError: 7.92055e-01	AbsError: 1.39604e+17
      Equation: "PotentialEquation"	RelError: 4.12244e+01	AbsError: 4.09549e-02
  Circuit: 	RelError: 7.92047e-01	AbsError: 1.01498e-01
Iteration: 1
  Device: "MyDevice"	RelError: 2.36882e+02	AbsError: 4.70459e+16
    Region: "MyRegion"	RelError: 2.36882e+02	AbsError: 4.70459e+16
      Equation: "ElectronContinuityEquation"	RelError: 6.87125e-01	AbsError: 2.45817e+16
      Equation: "HoleContinuityEquation"	RelError: 7.76601e-01	AbsError: 2.24642e+16
      Equation: "PotentialEquation"	RelError: 2.35418e+02	AbsError: 3.07632e-02
  Circuit: 	RelError: 7.23985e-01	AbsError: 4.96166e-03
Iteration: 2
  Device: "MyDevice"	RelError: 2.37518e+00	AbsError: 7.17521e+15
    Region: "MyRegion"	RelError: 2.37518e+00	AbsError: 7.17521e+15
      Equation: "ElectronContinuityEquation"	RelError: 5.06849e-01	AbsError: 4.23147e+15
      Equation: "HoleContinuityEquation"	RelError: 5.00372e-01	AbsError: 2.94375e+15
      Equation: "PotentialEquation"	RelError: 1.36796e+00	AbsError: 2.58032e-02
  Circuit: 	RelError: 4.97478e-01	AbsError: 6.78449e-03
Iteration: 3
  Device: "MyDevice"	RelError: 7.55954e-01	AbsError: 2.46002e+14
    Region: "MyRegion"	RelError: 7.55954e-01	AbsError: 2.46002e+14
      Equation: "ElectronContinuityEquation"	RelError: 2.85013e-01	AbsError: 2.18944e+13
      Equation: "HoleContinuityEquation"	RelError: 7.48639e-02	AbsError: 2.24108e+14
      Equation: "PotentialEquation"	RelError: 3.96077e-01	AbsError: 9.16532e-03
  Circuit: 	RelError: 1.88936e-01	AbsError: 3.17689e-03
Iteration: 4
  Device: "MyDevice"	RelError: 7.65471e-02	AbsError: 1.03952e+14
    Region: "MyRegion"	RelError: 7.65471e-02	AbsError: 1.03952e+14
      Equation: "ElectronContinuityEquation"	RelError: 7.62064e-02	AbsError: 6.84843e+12
      Equation: "HoleContinuityEquation"	RelError: 2.53118e-04	AbsError: 9.71033e+13
      Equation: "PotentialEquation"	RelError: 8.76089e-05	AbsError: 3.63290e-06
  Circuit: 	RelError: 5.08770e-02	AbsError: 9.01337e-04
Iteration: 5
  Device: "MyDevice"	RelError: 4.91147e-06	AbsError: 2.15474e+09
    Region: "MyRegion"	RelError: 4.91147e-06	AbsError: 2.15474e+09
      Equation: "ElectronContinuityEquation"	RelError: 4.88850e-06	AbsError: 5.57150e+07
      Equation: "HoleContinuityEquation"	RelError: 2.20801e-08	AbsError: 2.09902e+09
      Equation: "PotentialEquation"	RelError: 8.81600e-10	AbsError: 2.63276e-11
  Circuit: 	RelError: 3.25130e-06	AbsError: 5.75999e-08
Iteration: 6
  Device: "MyDevice"	RelError: 1.62561e-13	AbsError: 2.00289e+03
    Region: "MyRegion"	RelError: 1.62561e-13	AbsError: 2.00289e+03
      Equation: "ElectronContinuityEquation"	RelError: 9.86860e-14	AbsError: 2.11616e+02
      Equation: "HoleContinuityEquation"	RelError: 6.19197e-14	AbsError: 1.79127e+03
      Equation: "PotentialEquation"	RelError: 1.95516e-15	AbsError: 4.52461e-17
  Circuit: 	RelError: 1.16094e-14	AbsError: 2.05671e-16
Circuit Solution:
V1.I	-0.0177159
top_bias	0.5
bot	0	-0.0118079690348	-0.00590798459506	-0.0177159536298
Region "MyRegion" on device "MyDevice" has equations 0:770
Device "MyDevice" has equations 0:770
0	18446744073709551615	ground
GND	18446744073709551615	ground
V1.I	0	mna
top_bias	1	default
Circuit  has equations 771:772
Setting V1.I = (-0.674248,1.96374e-06)
Setting top_bias = (1,0)
AC Iteration:
number of equations 773
Circuit AC Solution:
V1.I	(-0.674248,1.96374e-06)
top_bias	(1,0)
capacitance 0.5 3.12538660833e-07
V1.I	dcop	-0.0177159276828
V1.I	dcop_prev	-0.000393365723862
V1.I	ssac_imag	1.96373666297e-06
V1.I	ssac_real	-0.674248071506
top_bias	dcop	0.5
top_bias	dcop_prev	0.4
top_bias	ssac_imag	0.0
top_bias	ssac_real	1.0
