
----------------------------------------

 DEVSIM

 Version: Beta 0.01

 Copyright 2009-2013 Devsim LLC

----------------------------------------


mid
bot
 (region: MyRegion)
 (contact: top)
 (contact: bot)
NetDoping
-1.00000e+18
-1.00000e+18
-1.00000e+18
-1.00000e+18
-1.00000e+18
-1.00000e+18
-1.00000e+18
-1.00000e+18
-1.00000e+18
-1.00000e+18
-1.00000e+18
-1.00000e+18
-1.00000e+18
-1.00000e+18
-1.00000e+18
-1.00000e+18
-1.00000e+18
-1.00000e+18
-1.00000e+18
-1.00000e+18
-1.00000e+18
-1.00000e+18
0.00000e+00
1.00000e+18
1.00000e+18
1.00000e+18
1.00000e+18
1.00000e+18
1.00000e+18
1.00000e+18
1.00000e+18
1.00000e+18
1.00000e+18
1.00000e+18
1.00000e+18
1.00000e+18
1.00000e+18
1.00000e+18
1.00000e+18
1.00000e+18
1.00000e+18
1.00000e+18
1.00000e+18
1.00000e+18
1.00000e+18
Replacing Node Model contactcharge_node in region MyRegion of material Si
Replacing Edge Model contactcharge_edge in region MyRegion of material Si
Region "MyRegion" on device "MyDevice" has equations 0:44
Device "MyDevice" has equations 0:44
number of equations 45
Iteration: 0
  Device: "MyDevice"	RelError: 1.00000e+00	AbsError: 8.88575e-02
    Region: "MyRegion"	RelError: 1.00000e+00	AbsError: 8.88575e-02
      Equation: "PotentialEquation"	RelError: 1.00000e+00	AbsError: 8.88575e-02
Iteration: 1
  Device: "MyDevice"	RelError: 4.91274e-01	AbsError: 8.58094e-02
    Region: "MyRegion"	RelError: 4.91274e-01	AbsError: 8.58094e-02
      Equation: "PotentialEquation"	RelError: 4.91274e-01	AbsError: 8.58094e-02
Iteration: 2
  Device: "MyDevice"	RelError: 3.20745e-01	AbsError: 8.24778e-02
    Region: "MyRegion"	RelError: 3.20745e-01	AbsError: 8.24778e-02
      Equation: "PotentialEquation"	RelError: 3.20745e-01	AbsError: 8.24778e-02
Iteration: 3
  Device: "MyDevice"	RelError: 2.34455e-01	AbsError: 7.87527e-02
    Region: "MyRegion"	RelError: 2.34455e-01	AbsError: 7.87527e-02
      Equation: "PotentialEquation"	RelError: 2.34455e-01	AbsError: 7.87527e-02
Iteration: 4
  Device: "MyDevice"	RelError: 1.44814e+00	AbsError: 7.34852e-02
    Region: "MyRegion"	RelError: 1.44814e+00	AbsError: 7.34852e-02
      Equation: "PotentialEquation"	RelError: 1.44814e+00	AbsError: 7.34852e-02
Iteration: 5
  Device: "MyDevice"	RelError: 1.45008e+00	AbsError: 5.51390e-02
    Region: "MyRegion"	RelError: 1.45008e+00	AbsError: 5.51390e-02
      Equation: "PotentialEquation"	RelError: 1.45008e+00	AbsError: 5.51390e-02
Iteration: 6
  Device: "MyDevice"	RelError: 3.28374e+00	AbsError: 3.95692e-02
    Region: "MyRegion"	RelError: 3.28374e+00	AbsError: 3.95692e-02
      Equation: "PotentialEquation"	RelError: 3.28374e+00	AbsError: 3.95692e-02
Iteration: 7
  Device: "MyDevice"	RelError: 1.21931e-01	AbsError: 2.91367e-02
    Region: "MyRegion"	RelError: 1.21931e-01	AbsError: 2.91367e-02
      Equation: "PotentialEquation"	RelError: 1.21931e-01	AbsError: 2.91367e-02
Iteration: 8
  Device: "MyDevice"	RelError: 7.47999e-02	AbsError: 2.47384e-02
    Region: "MyRegion"	RelError: 7.47999e-02	AbsError: 2.47384e-02
      Equation: "PotentialEquation"	RelError: 7.47999e-02	AbsError: 2.47384e-02
Iteration: 9
  Device: "MyDevice"	RelError: 1.24262e-03	AbsError: 3.57786e-06
    Region: "MyRegion"	RelError: 1.24262e-03	AbsError: 3.57786e-06
      Equation: "PotentialEquation"	RelError: 1.24262e-03	AbsError: 3.57786e-06
Iteration: 10
  Device: "MyDevice"	RelError: 1.04797e-07	AbsError: 1.97544e-10
    Region: "MyRegion"	RelError: 1.04797e-07	AbsError: 1.97544e-10
      Equation: "PotentialEquation"	RelError: 1.04797e-07	AbsError: 1.97544e-10
Iteration: 11
  Device: "MyDevice"	RelError: 6.32782e-14	AbsError: 5.07605e-17
    Region: "MyRegion"	RelError: 6.32782e-14	AbsError: 5.07605e-17
      Equation: "PotentialEquation"	RelError: 6.32782e-14	AbsError: 5.07605e-17
Warning: Replacing equation with equation of the same name.
Region: MyRegion, Equation: PotentialEquation, Variable: Potential
EDGEMODEL MyDevice MyRegion vdiff "((Potential@n0 - Potential@n1) * pow(V_t,(-1)))"
EDGEMODEL MyDevice MyRegion vdiff:Potential@n0 "pow(V_t,(-1))"
EDGEMODEL MyDevice MyRegion vdiff:Potential@n1 "(-vdiff:Potential@n0)"
EDGEMODEL MyDevice MyRegion Bern01 "B(vdiff)"
EDGEMODEL MyDevice MyRegion Bern01:Potential@n0 "(dBdx(vdiff) * vdiff:Potential@n0)"
EDGEMODEL MyDevice MyRegion Bern01:Potential@n1 "(-Bern01:Potential@n0)"
EDGEMODEL MyDevice MyRegion Bern10 "(Bern01 + vdiff)"
EDGEMODEL MyDevice MyRegion Bern10:Potential@n0 "(Bern01:Potential@n0 + vdiff:Potential@n0)"
EDGEMODEL MyDevice MyRegion Bern10:Potential@n1 "(Bern01:Potential@n1 + vdiff:Potential@n1)"
EDGEMODEL MyDevice MyRegion ElectronCurrent "(ElectronCharge * V_t * mu_n * ((Electrons@n1 * Bern10) - (Bern01 * Electrons@n0)) * EdgeInverseLength)"
EDGEMODEL MyDevice MyRegion ElectronCurrent:Electrons@n0 "((ElectronCharge * V_t * mu_n * (-(Bern01 * Electrons@n0) + (Bern10 * Electrons@n1)) * EdgeInverseLength:Electrons@n0) + (ElectronCharge * V_t * mu_n * (-Bern01 - (Bern01:Electrons@n0 * Electrons@n0) + (Bern10 * Electrons@n1:Electrons@n0) + (Bern10:Electrons@n0 * Electrons@n1)) * EdgeInverseLength))"
EDGEMODEL MyDevice MyRegion ElectronCurrent:Electrons@n1 "((ElectronCharge * V_t * mu_n * (-(Bern01 * Electrons@n0) + (Bern10 * Electrons@n1)) * EdgeInverseLength:Electrons@n1) + (ElectronCharge * V_t * mu_n * (-(Bern01 * Electrons@n0:Electrons@n1) - (Bern01:Electrons@n1 * Electrons@n0) + (Bern10:Electrons@n1 * Electrons@n1) + Bern10) * EdgeInverseLength))"
EDGEMODEL MyDevice MyRegion ElectronCurrent:Potential@n0 "((ElectronCharge * V_t * mu_n * (-(Bern01 * Electrons@n0) + (Bern10 * Electrons@n1)) * EdgeInverseLength:Potential@n0) + (ElectronCharge * V_t * mu_n * (-(Bern01 * Electrons@n0:Potential@n0) - (Bern01:Potential@n0 * Electrons@n0) + (Bern10 * Electrons@n1:Potential@n0) + (Bern10:Potential@n0 * Electrons@n1)) * EdgeInverseLength))"
EDGEMODEL MyDevice MyRegion ElectronCurrent:Potential@n1 "((ElectronCharge * V_t * mu_n * (-(Bern01 * Electrons@n0) + (Bern10 * Electrons@n1)) * EdgeInverseLength:Potential@n1) + (ElectronCharge * V_t * mu_n * (-(Bern01 * Electrons@n0:Potential@n1) - (Bern01:Potential@n1 * Electrons@n0) + (Bern10 * Electrons@n1:Potential@n1) + (Bern10:Potential@n1 * Electrons@n1)) * EdgeInverseLength))"
EDGEMODEL MyDevice MyRegion HoleCurrent "(-ElectronCharge * V_t * mu_p * ((Holes@n1 * Bern01) - (Bern10 * Holes@n0)) * EdgeInverseLength)"
EDGEMODEL MyDevice MyRegion HoleCurrent:Holes@n0 "(-(ElectronCharge * V_t * mu_p * (-(Bern10 * Holes@n0) + (Bern01 * Holes@n1)) * EdgeInverseLength:Holes@n0) - (ElectronCharge * V_t * mu_p * (-Bern10 - (Bern10:Holes@n0 * Holes@n0) + (Bern01 * Holes@n1:Holes@n0) + (Bern01:Holes@n0 * Holes@n1)) * EdgeInverseLength))"
EDGEMODEL MyDevice MyRegion HoleCurrent:Holes@n1 "(-(ElectronCharge * V_t * mu_p * (-(Bern10 * Holes@n0) + (Bern01 * Holes@n1)) * EdgeInverseLength:Holes@n1) - (ElectronCharge * V_t * mu_p * (-(Bern10 * Holes@n0:Holes@n1) - (Bern10:Holes@n1 * Holes@n0) + (Bern01:Holes@n1 * Holes@n1) + Bern01) * EdgeInverseLength))"
EDGEMODEL MyDevice MyRegion HoleCurrent:Potential@n0 "(-(ElectronCharge * V_t * mu_p * (-(Bern10 * Holes@n0) + (Bern01 * Holes@n1)) * EdgeInverseLength:Potential@n0) - (ElectronCharge * V_t * mu_p * (-(Bern10 * Holes@n0:Potential@n0) - (Bern10:Potential@n0 * Holes@n0) + (Bern01 * Holes@n1:Potential@n0) + (Bern01:Potential@n0 * Holes@n1)) * EdgeInverseLength))"
EDGEMODEL MyDevice MyRegion HoleCurrent:Potential@n1 "(-(ElectronCharge * V_t * mu_p * (-(Bern10 * Holes@n0) + (Bern01 * Holes@n1)) * EdgeInverseLength:Potential@n1) - (ElectronCharge * V_t * mu_p * (-(Bern10 * Holes@n0:Potential@n1) - (Bern10:Potential@n1 * Holes@n0) + (Bern01 * Holes@n1:Potential@n1) + (Bern01:Potential@n1 * Holes@n1)) * EdgeInverseLength))"
Potential
-4.76860e-01
-4.76535e-01
-4.74808e-01
-4.67666e-01
-4.47423e-01
-4.10003e-01
-3.61471e-01
-3.09834e-01
-2.60175e-01
-2.15051e-01
-1.75461e-01
-1.41529e-01
-1.12918e-01
-8.90763e-02
-6.93820e-02
-5.32205e-02
-4.00248e-02
-2.92925e-02
-2.05901e-02
-1.35504e-02
-7.86635e-03
-3.28362e-03
-1.84121e-04
3.65111e-03
8.41272e-03
1.43173e-02
2.16280e-02
3.06619e-02
4.17979e-02
5.54816e-02
7.22276e-02
9.26134e-02
1.17259e-01
1.46782e-01
1.81709e-01
2.22320e-01
2.68373e-01
3.18656e-01
3.70247e-01
4.17520e-01
4.52194e-01
4.69606e-01
4.75329e-01
4.76619e-01
4.76860e-01
Electrons
1.00000e+02
1.01263e+02
1.08248e+02
1.42641e+02
3.11771e+02
1.32320e+03
8.62604e+03
6.34017e+04
4.31705e+05
2.46726e+06
1.13865e+07
4.22325e+07
1.27538e+08
3.20345e+08
6.85517e+08
1.27982e+09
2.13072e+09
3.22534e+09
4.51410e+09
5.92478e+09
7.37957e+09
8.80872e+09
9.92913e+09
1.15147e+10
1.38400e+10
1.73857e+10
2.30590e+10
3.26887e+10
5.02596e+10
8.52673e+10
1.62825e+11
3.57867e+11
9.27234e+11
2.90053e+12
1.11797e+13
5.36696e+13
3.17938e+14
2.21770e+15
1.62711e+16
1.01041e+17
3.85655e+17
7.55629e+17
9.42586e+17
9.90744e+17
1.00000e+18
Holes
1.00000e+18
9.87531e+17
9.23805e+17
7.01059e+17
3.20749e+17
7.55745e+16
1.15928e+16
1.57724e+15
2.31639e+14
4.05308e+13
8.78229e+12
2.36785e+12
7.84080e+11
3.12163e+11
1.45875e+11
7.81358e+10
4.69325e+10
3.10044e+10
2.21528e+10
1.68783e+10
1.35509e+10
1.13524e+10
1.00714e+10
8.68455e+09
7.22545e+09
5.75184e+09
4.33671e+09
3.05916e+09
1.98967e+09
1.17278e+09
6.14157e+08
2.79433e+08
1.07848e+08
3.44764e+07
8.94479e+06
1.86325e+06
3.14527e+05
4.50919e+04
6.14585e+03
9.89700e+02
2.59299e+02
1.32340e+02
1.06091e+02
1.00934e+02
1.00000e+02
Region "MyRegion" on device "MyDevice" has equations 0:134
Device "MyDevice" has equations 0:134
number of equations 135
Iteration: 0
  Device: "MyDevice"	RelError: 1.41811e+02	AbsError: 2.04060e+19
    Region: "MyRegion"	RelError: 1.41811e+02	AbsError: 2.04060e+19
      Equation: "ElectronContinuityEquation"	RelError: 9.97090e-01	AbsError: 1.03524e+19
      Equation: "HoleContinuityEquation"	RelError: 9.97095e-01	AbsError: 1.00536e+19
      Equation: "PotentialEquation"	RelError: 1.39817e+02	AbsError: 1.54330e-01
Iteration: 1
  Device: "MyDevice"	RelError: 2.33612e+01	AbsError: 4.94372e+19
    Region: "MyRegion"	RelError: 2.33612e+01	AbsError: 4.94372e+19
      Equation: "ElectronContinuityEquation"	RelError: 6.39515e+00	AbsError: 2.67404e+19
      Equation: "HoleContinuityEquation"	RelError: 6.69617e+00	AbsError: 2.26969e+19
      Equation: "PotentialEquation"	RelError: 1.02699e+01	AbsError: 1.53928e-01
Iteration: 2
  Device: "MyDevice"	RelError: 5.78712e+01	AbsError: 1.03966e+20
    Region: "MyRegion"	RelError: 5.78712e+01	AbsError: 1.03966e+20
      Equation: "ElectronContinuityEquation"	RelError: 2.29600e+01	AbsError: 5.74159e+19
      Equation: "HoleContinuityEquation"	RelError: 1.17121e+01	AbsError: 4.65505e+19
      Equation: "PotentialEquation"	RelError: 2.31991e+01	AbsError: 1.53521e-01
Iteration: 3
  Device: "MyDevice"	RelError: 1.02468e+02	AbsError: 2.84760e+20
    Region: "MyRegion"	RelError: 1.02468e+02	AbsError: 2.84760e+20
      Equation: "ElectronContinuityEquation"	RelError: 5.55376e+01	AbsError: 1.48955e+20
      Equation: "HoleContinuityEquation"	RelError: 4.58213e+01	AbsError: 1.35804e+20
      Equation: "PotentialEquation"	RelError: 1.10926e+00	AbsError: 1.53109e-01
Iteration: 4
  Device: "MyDevice"	RelError: 1.00453e+03	AbsError: 9.50889e+20
    Region: "MyRegion"	RelError: 1.00453e+03	AbsError: 9.50889e+20
      Equation: "ElectronContinuityEquation"	RelError: 4.42416e+00	AbsError: 4.87234e+20
      Equation: "HoleContinuityEquation"	RelError: 9.99000e+02	AbsError: 4.63654e+20
      Equation: "PotentialEquation"	RelError: 1.10615e+00	AbsError: 1.52691e-01
Iteration: 5
  Device: "MyDevice"	RelError: 1.00149e+03	AbsError: 5.13437e+20
    Region: "MyRegion"	RelError: 1.00149e+03	AbsError: 5.13437e+20
      Equation: "ElectronContinuityEquation"	RelError: 1.91291e+00	AbsError: 2.74717e+20
      Equation: "HoleContinuityEquation"	RelError: 9.99000e+02	AbsError: 2.38720e+20
      Equation: "PotentialEquation"	RelError: 5.77648e-01	AbsError: 1.52267e-01
Iteration: 6
  Device: "MyDevice"	RelError: 1.99832e+03	AbsError: 5.14459e+20
    Region: "MyRegion"	RelError: 1.99832e+03	AbsError: 5.14459e+20
      Equation: "ElectronContinuityEquation"	RelError: 9.99000e+02	AbsError: 2.57108e+20
      Equation: "HoleContinuityEquation"	RelError: 9.99000e+02	AbsError: 2.57351e+20
      Equation: "PotentialEquation"	RelError: 3.17056e-01	AbsError: 1.51838e-01
Iteration: 7
  Device: "MyDevice"	RelError: 1.99832e+03	AbsError: 7.79539e+19
    Region: "MyRegion"	RelError: 1.99832e+03	AbsError: 7.79539e+19
      Equation: "ElectronContinuityEquation"	RelError: 9.99000e+02	AbsError: 2.25020e+19
      Equation: "HoleContinuityEquation"	RelError: 9.99000e+02	AbsError: 5.54519e+19
      Equation: "PotentialEquation"	RelError: 3.24818e-01	AbsError: 1.58378e-01
Iteration: 8
  Device: "MyDevice"	RelError: 1.99823e+03	AbsError: 9.65869e+19
    Region: "MyRegion"	RelError: 1.99823e+03	AbsError: 9.65869e+19
      Equation: "ElectronContinuityEquation"	RelError: 9.99000e+02	AbsError: 4.11446e+19
      Equation: "HoleContinuityEquation"	RelError: 9.99000e+02	AbsError: 5.54423e+19
      Equation: "PotentialEquation"	RelError: 2.31644e-01	AbsError: 1.57140e-01
Iteration: 9
  Device: "MyDevice"	RelError: 1.99819e+03	AbsError: 4.31157e+19
    Region: "MyRegion"	RelError: 1.99819e+03	AbsError: 4.31157e+19
      Equation: "ElectronContinuityEquation"	RelError: 9.99000e+02	AbsError: 1.65783e+19
      Equation: "HoleContinuityEquation"	RelError: 9.99000e+02	AbsError: 2.65374e+19
      Equation: "PotentialEquation"	RelError: 1.93775e-01	AbsError: 1.52878e-01
Iteration: 10
  Device: "MyDevice"	RelError: 3.84126e+01	AbsError: 2.13554e+20
    Region: "MyRegion"	RelError: 3.84126e+01	AbsError: 2.13554e+20
      Equation: "ElectronContinuityEquation"	RelError: 6.70960e+00	AbsError: 1.18030e+20
      Equation: "HoleContinuityEquation"	RelError: 3.15421e+01	AbsError: 9.55241e+19
      Equation: "PotentialEquation"	RelError: 1.60937e-01	AbsError: 1.50972e-01
Iteration: 11
  Device: "MyDevice"	RelError: 1.99817e+03	AbsError: 3.11046e+20
    Region: "MyRegion"	RelError: 1.99817e+03	AbsError: 3.11046e+20
      Equation: "ElectronContinuityEquation"	RelError: 9.99000e+02	AbsError: 1.33861e+20
      Equation: "HoleContinuityEquation"	RelError: 9.99000e+02	AbsError: 1.77186e+20
      Equation: "PotentialEquation"	RelError: 1.67965e-01	AbsError: 1.49597e-01
Iteration: 12
  Device: "MyDevice"	RelError: 1.99814e+03	AbsError: 1.80991e+20
    Region: "MyRegion"	RelError: 1.99814e+03	AbsError: 1.80991e+20
      Equation: "ElectronContinuityEquation"	RelError: 9.99000e+02	AbsError: 6.61909e+19
      Equation: "HoleContinuityEquation"	RelError: 9.99000e+02	AbsError: 1.14800e+20
      Equation: "PotentialEquation"	RelError: 1.39777e-01	AbsError: 1.49128e-01
Iteration: 13
  Device: "MyDevice"	RelError: 1.99813e+03	AbsError: 2.14262e+20
    Region: "MyRegion"	RelError: 1.99813e+03	AbsError: 2.14262e+20
      Equation: "ElectronContinuityEquation"	RelError: 9.99000e+02	AbsError: 1.07577e+20
      Equation: "HoleContinuityEquation"	RelError: 9.99000e+02	AbsError: 1.06684e+20
      Equation: "PotentialEquation"	RelError: 1.31021e-01	AbsError: 1.48653e-01
Iteration: 14
  Device: "MyDevice"	RelError: 1.99815e+03	AbsError: 7.75610e+19
    Region: "MyRegion"	RelError: 1.99815e+03	AbsError: 7.75610e+19
      Equation: "ElectronContinuityEquation"	RelError: 9.99000e+02	AbsError: 3.64586e+19
      Equation: "HoleContinuityEquation"	RelError: 9.99000e+02	AbsError: 4.11024e+19
      Equation: "PotentialEquation"	RelError: 1.46382e-01	AbsError: 1.48171e-01
Iteration: 15
  Device: "MyDevice"	RelError: 1.99811e+03	AbsError: 6.68491e+19
    Region: "MyRegion"	RelError: 1.99811e+03	AbsError: 6.68491e+19
      Equation: "ElectronContinuityEquation"	RelError: 9.99000e+02	AbsError: 2.57878e+19
      Equation: "HoleContinuityEquation"	RelError: 9.99000e+02	AbsError: 4.10613e+19
      Equation: "PotentialEquation"	RelError: 1.05250e-01	AbsError: 1.47680e-01
Iteration: 16
  Device: "MyDevice"	RelError: 1.99811e+03	AbsError: 8.18448e+19
    Region: "MyRegion"	RelError: 1.99811e+03	AbsError: 8.18448e+19
      Equation: "ElectronContinuityEquation"	RelError: 9.99000e+02	AbsError: 4.22205e+19
      Equation: "HoleContinuityEquation"	RelError: 9.99000e+02	AbsError: 3.96242e+19
      Equation: "PotentialEquation"	RelError: 1.05551e-01	AbsError: 1.47182e-01
Iteration: 17
  Device: "MyDevice"	RelError: 4.47765e+00	AbsError: 1.48157e+20
    Region: "MyRegion"	RelError: 4.47765e+00	AbsError: 1.48157e+20
      Equation: "ElectronContinuityEquation"	RelError: 3.36959e+00	AbsError: 7.36956e+19
      Equation: "HoleContinuityEquation"	RelError: 9.99999e-01	AbsError: 7.44615e+19
      Equation: "PotentialEquation"	RelError: 1.08052e-01	AbsError: 1.48884e-01
Iteration: 18
  Device: "MyDevice"	RelError: 1.99808e+03	AbsError: 1.37318e+20
    Region: "MyRegion"	RelError: 1.99808e+03	AbsError: 1.37318e+20
      Equation: "ElectronContinuityEquation"	RelError: 9.99000e+02	AbsError: 6.67234e+19
      Equation: "HoleContinuityEquation"	RelError: 9.99000e+02	AbsError: 7.05944e+19
      Equation: "PotentialEquation"	RelError: 7.84721e-02	AbsError: 1.46162e-01
Iteration: 19
  Device: "MyDevice"	RelError: 1.99807e+03	AbsError: 2.83152e+19
    Region: "MyRegion"	RelError: 1.99807e+03	AbsError: 2.83152e+19
      Equation: "ElectronContinuityEquation"	RelError: 9.99000e+02	AbsError: 1.26721e+19
      Equation: "HoleContinuityEquation"	RelError: 9.99000e+02	AbsError: 1.56430e+19
      Equation: "PotentialEquation"	RelError: 7.45544e-02	AbsError: 1.45639e-01
Iteration: 20
  Device: "MyDevice"	RelError: 1.99808e+03	AbsError: 1.57411e+20
    Region: "MyRegion"	RelError: 1.99808e+03	AbsError: 1.57411e+20
      Equation: "ElectronContinuityEquation"	RelError: 9.99000e+02	AbsError: 8.71172e+19
      Equation: "HoleContinuityEquation"	RelError: 9.99000e+02	AbsError: 7.02940e+19
      Equation: "PotentialEquation"	RelError: 8.26912e-02	AbsError: 1.45108e-01
Iteration: 21
  Device: "MyDevice"	RelError: 1.99806e+03	AbsError: 1.51524e+20
    Region: "MyRegion"	RelError: 1.99806e+03	AbsError: 1.51524e+20
      Equation: "ElectronContinuityEquation"	RelError: 9.99000e+02	AbsError: 8.62835e+19
      Equation: "HoleContinuityEquation"	RelError: 9.99000e+02	AbsError: 6.52404e+19
      Equation: "PotentialEquation"	RelError: 5.85044e-02	AbsError: 1.44567e-01
Iteration: 22
  Device: "MyDevice"	RelError: 1.99808e+03	AbsError: 4.08578e+19
    Region: "MyRegion"	RelError: 1.99808e+03	AbsError: 4.08578e+19
      Equation: "ElectronContinuityEquation"	RelError: 9.99000e+02	AbsError: 2.32343e+19
      Equation: "HoleContinuityEquation"	RelError: 9.99000e+02	AbsError: 1.76235e+19
      Equation: "PotentialEquation"	RelError: 7.58775e-02	AbsError: 1.44017e-01
Iteration: 23
  Device: "MyDevice"	RelError: 1.99807e+03	AbsError: 1.01190e+20
    Region: "MyRegion"	RelError: 1.99807e+03	AbsError: 1.01190e+20
      Equation: "ElectronContinuityEquation"	RelError: 9.99000e+02	AbsError: 5.57485e+19
      Equation: "HoleContinuityEquation"	RelError: 9.99000e+02	AbsError: 4.54417e+19
      Equation: "PotentialEquation"	RelError: 6.52856e-02	AbsError: 1.43457e-01
Iteration: 24
  Device: "MyDevice"	RelError: 1.99805e+03	AbsError: 1.00425e+20
    Region: "MyRegion"	RelError: 1.99805e+03	AbsError: 1.00425e+20
      Equation: "ElectronContinuityEquation"	RelError: 9.99000e+02	AbsError: 5.56936e+19
      Equation: "HoleContinuityEquation"	RelError: 9.99000e+02	AbsError: 4.47311e+19
      Equation: "PotentialEquation"	RelError: 5.26268e-02	AbsError: 1.42887e-01
Iteration: 25
  Device: "MyDevice"	RelError: 1.99805e+03	AbsError: 1.40615e+20
    Region: "MyRegion"	RelError: 1.99805e+03	AbsError: 1.40615e+20
      Equation: "ElectronContinuityEquation"	RelError: 9.99000e+02	AbsError: 6.46391e+19
      Equation: "HoleContinuityEquation"	RelError: 9.99000e+02	AbsError: 7.59758e+19
      Equation: "PotentialEquation"	RelError: 5.36394e-02	AbsError: 1.42306e-01
Iteration: 26
  Device: "MyDevice"	RelError: 1.99805e+03	AbsError: 1.37464e+20
    Region: "MyRegion"	RelError: 1.99805e+03	AbsError: 1.37464e+20
      Equation: "ElectronContinuityEquation"	RelError: 9.99000e+02	AbsError: 6.15609e+19
      Equation: "HoleContinuityEquation"	RelError: 9.99000e+02	AbsError: 7.59034e+19
      Equation: "PotentialEquation"	RelError: 5.04583e-02	AbsError: 1.41714e-01
Iteration: 27
  Device: "MyDevice"	RelError: 1.99804e+03	AbsError: 5.04986e+19
    Region: "MyRegion"	RelError: 1.99804e+03	AbsError: 5.04986e+19
      Equation: "ElectronContinuityEquation"	RelError: 9.99000e+02	AbsError: 2.46127e+19
      Equation: "HoleContinuityEquation"	RelError: 9.99000e+02	AbsError: 2.58859e+19
      Equation: "PotentialEquation"	RelError: 4.15407e-02	AbsError: 1.41112e-01
Iteration: 28
  Device: "MyDevice"	RelError: 1.99805e+03	AbsError: 6.20231e+19
    Region: "MyRegion"	RelError: 1.99805e+03	AbsError: 6.20231e+19
      Equation: "ElectronContinuityEquation"	RelError: 9.99000e+02	AbsError: 2.62497e+19
      Equation: "HoleContinuityEquation"	RelError: 9.99000e+02	AbsError: 3.57734e+19
      Equation: "PotentialEquation"	RelError: 4.60557e-02	AbsError: 1.40497e-01
Iteration: 29
  Device: "MyDevice"	RelError: 1.99804e+03	AbsError: 5.51833e+19
    Region: "MyRegion"	RelError: 1.99804e+03	AbsError: 5.51833e+19
      Equation: "ElectronContinuityEquation"	RelError: 9.99000e+02	AbsError: 2.15349e+19
      Equation: "HoleContinuityEquation"	RelError: 9.99000e+02	AbsError: 3.36484e+19
      Equation: "PotentialEquation"	RelError: 3.81012e-02	AbsError: 1.39870e-01
Convergence failure!

Region "MyRegion" on device "MyDevice" has equations 0:134
Device "MyDevice" has equations 0:134
number of equations 135
Iteration: 0
  Device: "MyDevice"	RelError: 3.03318e-14	AbsError: 1.02400e+04
    Region: "MyRegion"	RelError: 3.03318e-14	AbsError: 1.02400e+04
      Equation: "ElectronContinuityEquation"	RelError: 7.79667e-15	AbsError: 5.12000e+03
      Equation: "HoleContinuityEquation"	RelError: 8.34021e-15	AbsError: 5.12000e+03
      Equation: "PotentialEquation"	RelError: 1.41949e-14	AbsError: 1.09165e-16
top	0.0	-5.415180947920818e-25	-2.1206788608000003e-10	-2.1206788608000057e-10
bot	0.0	2.0193539835507294e-9	3.6431415920356424e-25	2.01935398355073e-9
Region "MyRegion" on device "MyDevice" has equations 0:134
Device "MyDevice" has equations 0:134
number of equations 135
Iteration: 0
  Device: "MyDevice"	RelError: 3.35264e+01	AbsError: 2.04060e+17
    Region: "MyRegion"	RelError: 3.35264e+01	AbsError: 2.04060e+17
      Equation: "ElectronContinuityEquation"	RelError: 7.74111e-01	AbsError: 1.03524e+17
      Equation: "HoleContinuityEquation"	RelError: 7.74400e-01	AbsError: 1.00536e+17
      Equation: "PotentialEquation"	RelError: 3.19779e+01	AbsError: 4.09542e-02
Iteration: 1
  Device: "MyDevice"	RelError: 1.53581e+02	AbsError: 2.32375e+16
    Region: "MyRegion"	RelError: 1.53581e+02	AbsError: 2.32375e+16
      Equation: "ElectronContinuityEquation"	RelError: 6.74100e-01	AbsError: 1.25519e+16
      Equation: "HoleContinuityEquation"	RelError: 7.54207e-01	AbsError: 1.06856e+16
      Equation: "PotentialEquation"	RelError: 1.52153e+02	AbsError: 3.07632e-02
Iteration: 2
  Device: "MyDevice"	RelError: 1.50357e+00	AbsError: 1.60090e+15
    Region: "MyRegion"	RelError: 1.50357e+00	AbsError: 1.60090e+15
      Equation: "ElectronContinuityEquation"	RelError: 4.95437e-01	AbsError: 4.38116e+14
      Equation: "HoleContinuityEquation"	RelError: 4.96210e-01	AbsError: 1.16278e+15
      Equation: "PotentialEquation"	RelError: 5.11925e-01	AbsError: 2.44131e-02
Iteration: 3
  Device: "MyDevice"	RelError: 5.46359e-01	AbsError: 1.12296e+15
    Region: "MyRegion"	RelError: 5.46359e-01	AbsError: 1.12296e+15
      Equation: "ElectronContinuityEquation"	RelError: 2.67457e-01	AbsError: 5.20990e+13
      Equation: "HoleContinuityEquation"	RelError: 8.19170e-02	AbsError: 1.07086e+15
      Equation: "PotentialEquation"	RelError: 1.96985e-01	AbsError: 9.16533e-03
Iteration: 4
  Device: "MyDevice"	RelError: 5.46013e-01	AbsError: 1.11790e+15
    Region: "MyRegion"	RelError: 5.46013e-01	AbsError: 1.11790e+15
      Equation: "ElectronContinuityEquation"	RelError: 7.90871e-02	AbsError: 8.36027e+13
      Equation: "HoleContinuityEquation"	RelError: 4.68509e-03	AbsError: 1.03430e+15
      Equation: "PotentialEquation"	RelError: 4.62241e-01	AbsError: 6.60649e-05
Iteration: 5
  Device: "MyDevice"	RelError: 1.43707e-04	AbsError: 1.97829e+11
    Region: "MyRegion"	RelError: 1.43707e-04	AbsError: 1.97829e+11
      Equation: "ElectronContinuityEquation"	RelError: 8.27520e-05	AbsError: 9.68819e+09
      Equation: "HoleContinuityEquation"	RelError: 7.97615e-06	AbsError: 1.88141e+11
      Equation: "PotentialEquation"	RelError: 5.29786e-05	AbsError: 7.13447e-09
Iteration: 6
  Device: "MyDevice"	RelError: 7.06533e-12	AbsError: 3.33035e+03
    Region: "MyRegion"	RelError: 7.06533e-12	AbsError: 3.33035e+03
      Equation: "ElectronContinuityEquation"	RelError: 3.57957e-12	AbsError: 4.10175e+02
      Equation: "HoleContinuityEquation"	RelError: 9.84716e-13	AbsError: 2.92017e+03
      Equation: "PotentialEquation"	RelError: 2.50104e-12	AbsError: 3.63551e-16
top	0.1	2.80817975814455e-9	1.0603394304000002e-9	3.86851918854455e-9
bot	0.0	-3.5338694712137765e-9	-1.4046795040486692e-9	-4.9385489752624455e-9
Region "MyRegion" on device "MyDevice" has equations 0:134
Device "MyDevice" has equations 0:134
number of equations 135
Iteration: 0
  Device: "MyDevice"	RelError: 8.90090e+00	AbsError: 2.17496e+17
    Region: "MyRegion"	RelError: 8.90090e+00	AbsError: 2.17496e+17
      Equation: "ElectronContinuityEquation"	RelError: 7.89698e-01	AbsError: 1.07465e+17
      Equation: "HoleContinuityEquation"	RelError: 7.89474e-01	AbsError: 1.10032e+17
      Equation: "PotentialEquation"	RelError: 7.32172e+00	AbsError: 4.09542e-02
Iteration: 1
  Device: "MyDevice"	RelError: 3.99402e+00	AbsError: 2.61661e+16
    Region: "MyRegion"	RelError: 3.99402e+00	AbsError: 2.61661e+16
      Equation: "ElectronContinuityEquation"	RelError: 6.83224e-01	AbsError: 1.31169e+16
      Equation: "HoleContinuityEquation"	RelError: 7.74614e-01	AbsError: 1.30491e+16
      Equation: "PotentialEquation"	RelError: 2.53618e+00	AbsError: 3.07632e-02
Iteration: 2
  Device: "MyDevice"	RelError: 7.56472e+00	AbsError: 1.68853e+15
    Region: "MyRegion"	RelError: 7.56472e+00	AbsError: 1.68853e+15
      Equation: "ElectronContinuityEquation"	RelError: 5.07523e-01	AbsError: 3.59781e+14
      Equation: "HoleContinuityEquation"	RelError: 4.90694e-01	AbsError: 1.32875e+15
      Equation: "PotentialEquation"	RelError: 6.56651e+00	AbsError: 2.51366e-02
Iteration: 3
  Device: "MyDevice"	RelError: 3.95448e-01	AbsError: 1.02169e+15
    Region: "MyRegion"	RelError: 3.95448e-01	AbsError: 1.02169e+15
      Equation: "ElectronContinuityEquation"	RelError: 2.79654e-01	AbsError: 4.11480e+13
      Equation: "HoleContinuityEquation"	RelError: 8.26893e-02	AbsError: 9.80543e+14
      Equation: "PotentialEquation"	RelError: 3.31046e-02	AbsError: 9.16533e-03
Iteration: 4
  Device: "MyDevice"	RelError: 1.13899e-01	AbsError: 9.37709e+14
    Region: "MyRegion"	RelError: 1.13899e-01	AbsError: 9.37709e+14
      Equation: "ElectronContinuityEquation"	RelError: 8.06005e-02	AbsError: 7.35003e+13
      Equation: "HoleContinuityEquation"	RelError: 3.62882e-03	AbsError: 8.64209e+14
      Equation: "PotentialEquation"	RelError: 2.96697e-02	AbsError: 5.90390e-05
Iteration: 5
  Device: "MyDevice"	RelError: 7.87546e-05	AbsError: 1.30712e+11
    Region: "MyRegion"	RelError: 7.87546e-05	AbsError: 1.30712e+11
      Equation: "ElectronContinuityEquation"	RelError: 7.12296e-05	AbsError: 7.30046e+09
      Equation: "HoleContinuityEquation"	RelError: 5.28499e-06	AbsError: 1.23412e+11
      Equation: "PotentialEquation"	RelError: 2.24010e-06	AbsError: 4.15567e-09
Iteration: 6
  Device: "MyDevice"	RelError: 2.16793e-12	AbsError: 1.75045e+03
    Region: "MyRegion"	RelError: 2.16793e-12	AbsError: 1.75045e+03
      Equation: "ElectronContinuityEquation"	RelError: 1.73020e-12	AbsError: 9.52976e+01
      Equation: "HoleContinuityEquation"	RelError: 3.91177e-13	AbsError: 1.65515e+03
      Equation: "PotentialEquation"	RelError: 4.65539e-14	AbsError: 1.10898e-16
top	0.2	1.2957515290895867e-7	6.393846765312001e-8	1.9351362056207867e-7
bot	0.0	-1.3176284742668508e-7	-6.481226622623462e-8	-1.9657511365291971e-7
Region "MyRegion" on device "MyDevice" has equations 0:134
Device "MyDevice" has equations 0:134
number of equations 135
Iteration: 0
  Device: "MyDevice"	RelError: 5.62631e+00	AbsError: 2.18415e+17
    Region: "MyRegion"	RelError: 5.62631e+00	AbsError: 2.18415e+17
      Equation: "ElectronContinuityEquation"	RelError: 7.91936e-01	AbsError: 1.07251e+17
      Equation: "HoleContinuityEquation"	RelError: 7.91908e-01	AbsError: 1.11164e+17
      Equation: "PotentialEquation"	RelError: 4.04246e+00	AbsError: 4.09542e-02
Iteration: 1
  Device: "MyDevice"	RelError: 1.13491e+02	AbsError: 2.82072e+16
    Region: "MyRegion"	RelError: 1.13491e+02	AbsError: 2.82072e+16
      Equation: "ElectronContinuityEquation"	RelError: 6.85730e-01	AbsError: 1.51646e+16
      Equation: "HoleContinuityEquation"	RelError: 7.75617e-01	AbsError: 1.30426e+16
      Equation: "PotentialEquation"	RelError: 1.12029e+02	AbsError: 3.07632e-02
Iteration: 2
  Device: "MyDevice"	RelError: 2.01977e+00	AbsError: 4.18131e+15
    Region: "MyRegion"	RelError: 2.01977e+00	AbsError: 4.18131e+15
      Equation: "ElectronContinuityEquation"	RelError: 5.07326e-01	AbsError: 2.49144e+15
      Equation: "HoleContinuityEquation"	RelError: 4.95198e-01	AbsError: 1.68986e+15
      Equation: "PotentialEquation"	RelError: 1.01725e+00	AbsError: 2.57992e-02
Iteration: 3
  Device: "MyDevice"	RelError: 4.20975e-01	AbsError: 8.50494e+14
    Region: "MyRegion"	RelError: 4.20975e-01	AbsError: 8.50494e+14
      Equation: "ElectronContinuityEquation"	RelError: 2.87473e-01	AbsError: 5.30997e+13
      Equation: "HoleContinuityEquation"	RelError: 8.16794e-02	AbsError: 7.97394e+14
      Equation: "PotentialEquation"	RelError: 5.18226e-02	AbsError: 9.16533e-03
Iteration: 4
  Device: "MyDevice"	RelError: 8.46468e-02	AbsError: 7.36692e+14
    Region: "MyRegion"	RelError: 8.46468e-02	AbsError: 7.36692e+14
      Equation: "ElectronContinuityEquation"	RelError: 7.90189e-02	AbsError: 6.10259e+13
      Equation: "HoleContinuityEquation"	RelError: 2.70578e-03	AbsError: 6.75666e+14
      Equation: "PotentialEquation"	RelError: 2.92213e-03	AbsError: 4.78558e-05
Iteration: 5
  Device: "MyDevice"	RelError: 5.62064e-05	AbsError: 8.84697e+11
    Region: "MyRegion"	RelError: 5.62064e-05	AbsError: 8.84697e+11
      Equation: "ElectronContinuityEquation"	RelError: 5.30437e-05	AbsError: 8.16452e+11
      Equation: "HoleContinuityEquation"	RelError: 3.07554e-06	AbsError: 6.82452e+10
      Equation: "PotentialEquation"	RelError: 8.71381e-08	AbsError: 2.12072e-08
Iteration: 6
  Device: "MyDevice"	RelError: 4.91211e-11	AbsError: 2.69273e+07
    Region: "MyRegion"	RelError: 4.91211e-11	AbsError: 2.69273e+07
      Equation: "ElectronContinuityEquation"	RelError: 2.70067e-11	AbsError: 2.69174e+07
      Equation: "HoleContinuityEquation"	RelError: 2.06298e-11	AbsError: 9.88709e+03
      Equation: "PotentialEquation"	RelError: 1.48460e-12	AbsError: 7.07817e-13
top	0.30000000000000004	5.852884503798653e-6	2.9200687573785605e-6	8.772953261177212e-6
bot	0.0	-5.859408002520385e-6	-2.927463043361427e-6	-8.786871045881813e-6
Region "MyRegion" on device "MyDevice" has equations 0:134
Device "MyDevice" has equations 0:134
number of equations 135
Iteration: 0
  Device: "MyDevice"	RelError: 4.00988e+00	AbsError: 2.50979e+17
    Region: "MyRegion"	RelError: 4.00988e+00	AbsError: 2.50979e+17
      Equation: "ElectronContinuityEquation"	RelError: 7.92031e-01	AbsError: 1.26975e+17
      Equation: "HoleContinuityEquation"	RelError: 7.92075e-01	AbsError: 1.24004e+17
      Equation: "PotentialEquation"	RelError: 2.42578e+00	AbsError: 4.09542e-02
Iteration: 1
  Device: "MyDevice"	RelError: 6.11113e+00	AbsError: 3.74824e+16
    Region: "MyRegion"	RelError: 6.11113e+00	AbsError: 3.74824e+16
      Equation: "ElectronContinuityEquation"	RelError: 6.87026e-01	AbsError: 1.94884e+16
      Equation: "HoleContinuityEquation"	RelError: 7.74491e-01	AbsError: 1.79940e+16
      Equation: "PotentialEquation"	RelError: 4.64961e+00	AbsError: 3.07632e-02
Iteration: 2
  Device: "MyDevice"	RelError: 2.82739e+00	AbsError: 4.24118e+15
    Region: "MyRegion"	RelError: 2.82739e+00	AbsError: 4.24118e+15
      Equation: "ElectronContinuityEquation"	RelError: 5.05918e-01	AbsError: 2.06705e+15
      Equation: "HoleContinuityEquation"	RelError: 4.99930e-01	AbsError: 2.17413e+15
      Equation: "PotentialEquation"	RelError: 1.82154e+00	AbsError: 2.37542e-02
Iteration: 3
  Device: "MyDevice"	RelError: 4.55381e-01	AbsError: 1.01777e+15
    Region: "MyRegion"	RelError: 4.55381e-01	AbsError: 1.01777e+15
      Equation: "ElectronContinuityEquation"	RelError: 2.57712e-01	AbsError: 3.09641e+13
      Equation: "HoleContinuityEquation"	RelError: 7.84210e-02	AbsError: 9.86802e+14
      Equation: "PotentialEquation"	RelError: 1.19247e-01	AbsError: 9.16533e-03
Iteration: 4
  Device: "MyDevice"	RelError: 8.67103e-02	AbsError: 9.70258e+14
    Region: "MyRegion"	RelError: 8.67103e-02	AbsError: 9.70258e+14
      Equation: "ElectronContinuityEquation"	RelError: 7.83412e-02	AbsError: 7.78083e+13
      Equation: "HoleContinuityEquation"	RelError: 3.56819e-03	AbsError: 8.92450e+14
      Equation: "PotentialEquation"	RelError: 4.80094e-03	AbsError: 4.76149e-05
Iteration: 5
  Device: "MyDevice"	RelError: 7.02005e-05	AbsError: 1.56874e+11
    Region: "MyRegion"	RelError: 7.02005e-05	AbsError: 1.56874e+11
      Equation: "ElectronContinuityEquation"	RelError: 6.54794e-05	AbsError: 2.43861e+10
      Equation: "HoleContinuityEquation"	RelError: 4.42968e-06	AbsError: 1.32488e+11
      Equation: "PotentialEquation"	RelError: 2.91360e-07	AbsError: 2.81097e-09
Iteration: 6
  Device: "MyDevice"	RelError: 5.10089e-12	AbsError: 2.64902e+06
    Region: "MyRegion"	RelError: 5.10089e-12	AbsError: 2.64902e+06
      Equation: "ElectronContinuityEquation"	RelError: 2.65316e-12	AbsError: 2.64730e+06
      Equation: "HoleContinuityEquation"	RelError: 2.30371e-12	AbsError: 1.72246e+03
      Equation: "PotentialEquation"	RelError: 1.44027e-13	AbsError: 6.86723e-14
top	0.4	0.00026386134507825736	0.00013191725267183618	0.0003957785977500935
bot	0.0	-0.0002639166922684352	-0.00013197304761727052	-0.0003958897398857057
Region "MyRegion" on device "MyDevice" has equations 0:134
Device "MyDevice" has equations 0:134
number of equations 135
Iteration: 0
  Device: "MyDevice"	RelError: 2.45900e+01	AbsError: 2.73098e+17
    Region: "MyRegion"	RelError: 2.45900e+01	AbsError: 2.73098e+17
      Equation: "ElectronContinuityEquation"	RelError: 7.91963e-01	AbsError: 1.34651e+17
      Equation: "HoleContinuityEquation"	RelError: 7.91971e-01	AbsError: 1.38448e+17
      Equation: "PotentialEquation"	RelError: 2.30060e+01	AbsError: 4.09542e-02
Iteration: 1
  Device: "MyDevice"	RelError: 2.63019e+01	AbsError: 4.47470e+16
    Region: "MyRegion"	RelError: 2.63019e+01	AbsError: 4.47470e+16
      Equation: "ElectronContinuityEquation"	RelError: 6.84884e-01	AbsError: 2.42923e+16
      Equation: "HoleContinuityEquation"	RelError: 7.76703e-01	AbsError: 2.04548e+16
      Equation: "PotentialEquation"	RelError: 2.48403e+01	AbsError: 3.07632e-02
Iteration: 2
  Device: "MyDevice"	RelError: 2.37175e+00	AbsError: 5.75586e+15
    Region: "MyRegion"	RelError: 2.37175e+00	AbsError: 5.75586e+15
      Equation: "ElectronContinuityEquation"	RelError: 5.07686e-01	AbsError: 2.93983e+15
      Equation: "HoleContinuityEquation"	RelError: 4.96102e-01	AbsError: 2.81603e+15
      Equation: "PotentialEquation"	RelError: 1.36796e+00	AbsError: 2.47465e-02
Iteration: 3
  Device: "MyDevice"	RelError: 7.47188e-01	AbsError: 9.01500e+14
    Region: "MyRegion"	RelError: 7.47188e-01	AbsError: 9.01500e+14
      Equation: "ElectronContinuityEquation"	RelError: 2.72382e-01	AbsError: 1.37213e+13
      Equation: "HoleContinuityEquation"	RelError: 7.87295e-02	AbsError: 8.87779e+14
      Equation: "PotentialEquation"	RelError: 3.96077e-01	AbsError: 9.16533e-03
Iteration: 4
  Device: "MyDevice"	RelError: 8.20373e-02	AbsError: 7.81079e+14
    Region: "MyRegion"	RelError: 8.20373e-02	AbsError: 7.81079e+14
      Equation: "ElectronContinuityEquation"	RelError: 7.84680e-02	AbsError: 7.61654e+13
      Equation: "HoleContinuityEquation"	RelError: 2.54993e-03	AbsError: 7.04914e+14
      Equation: "PotentialEquation"	RelError: 1.01939e-03	AbsError: 4.08725e-05
Iteration: 5
  Device: "MyDevice"	RelError: 5.45624e-05	AbsError: 8.59545e+10
    Region: "MyRegion"	RelError: 5.45624e-05	AbsError: 8.59545e+10
      Equation: "ElectronContinuityEquation"	RelError: 5.19542e-05	AbsError: 4.75543e+09
      Equation: "HoleContinuityEquation"	RelError: 2.55510e-06	AbsError: 8.11991e+10
      Equation: "PotentialEquation"	RelError: 5.30514e-08	AbsError: 1.48948e-09
Iteration: 6
  Device: "MyDevice"	RelError: 1.29820e-12	AbsError: 4.13488e+04
    Region: "MyRegion"	RelError: 1.29820e-12	AbsError: 4.13488e+04
      Equation: "ElectronContinuityEquation"	RelError: 1.20319e-12	AbsError: 4.03833e+04
      Equation: "HoleContinuityEquation"	RelError: 9.28438e-14	AbsError: 9.65550e+02
      Equation: "PotentialEquation"	RelError: 2.16343e-15	AbsError: 1.03157e-15
top	0.5	0.011867082239396035	0.005934860817093044	0.017801943056489078
bot	0.0	-0.011867521989647188	-0.0059353023397937625	-0.01780282432944095
Electrons
1.00000e+02
7.16956e+09
1.30138e+10
1.82913e+10
2.48949e+10
3.76896e+10
6.93951e+10
1.54106e+11
3.79230e+11
9.43095e+11
2.22402e+12
4.80961e+12
9.42187e+12
1.67258e+13
2.70982e+13
4.04758e+13
5.63522e+13
7.39105e+13
9.22140e+13
1.10381e+14
1.27698e+14
1.43669e+14
1.55614e+14
1.71779e+14
1.94147e+14
2.25867e+14
2.72215e+14
3.42445e+14
4.53621e+14
6.39030e+14
9.67710e+14
1.59262e+15
2.87656e+15
5.73759e+15
1.26201e+16
3.01350e+16
7.51031e+16
1.81602e+17
3.83931e+17
6.46157e+17
8.54904e+17
9.57609e+17
9.91047e+17
9.98590e+17
1.00000e+18
Holes
1.00000e+18
9.98098e+17
9.88002e+17
9.46254e+17
8.26404e+17
6.01413e+17
3.42344e+17
1.57093e+17
6.42541e+16
2.58920e+16
1.09872e+16
5.08184e+15
2.59439e+15
1.46152e+15
9.02105e+14
6.03959e+14
4.33804e+14
3.30750e+14
2.65100e+14
2.21469e+14
1.91435e+14
1.70155e+14
1.57093e+14
1.42310e+14
1.25915e+14
1.08232e+14
8.98037e+13
7.13863e+13
5.38903e+13
3.82543e+13
2.52611e+13
1.53488e+13
8.49756e+12
4.25981e+12
1.93611e+12
8.10135e+11
3.24233e+11
1.33037e+11
6.15365e+10
3.46417e+10
2.35006e+10
1.73533e+10
1.20629e+10
6.02375e+09
1.00000e+02
AtContactNode
1.00000e+00
0.00000e+00
0.00000e+00
0.00000e+00
0.00000e+00
0.00000e+00
0.00000e+00
0.00000e+00
0.00000e+00
0.00000e+00
0.00000e+00
0.00000e+00
0.00000e+00
0.00000e+00
0.00000e+00
0.00000e+00
0.00000e+00
0.00000e+00
0.00000e+00
0.00000e+00
0.00000e+00
0.00000e+00
0.00000e+00
0.00000e+00
0.00000e+00
0.00000e+00
0.00000e+00
0.00000e+00
0.00000e+00
0.00000e+00
0.00000e+00
0.00000e+00
0.00000e+00
0.00000e+00
0.00000e+00
0.00000e+00
0.00000e+00
0.00000e+00
0.00000e+00
0.00000e+00
0.00000e+00
0.00000e+00
0.00000e+00
0.00000e+00
1.00000e+00
botnodemodel
0.00000e+00
0.00000e+00
0.00000e+00
0.00000e+00
0.00000e+00
0.00000e+00
0.00000e+00
0.00000e+00
0.00000e+00
0.00000e+00
0.00000e+00
0.00000e+00
0.00000e+00
0.00000e+00
0.00000e+00
0.00000e+00
0.00000e+00
0.00000e+00
0.00000e+00
0.00000e+00
0.00000e+00
0.00000e+00
0.00000e+00
0.00000e+00
0.00000e+00
0.00000e+00
0.00000e+00
0.00000e+00
0.00000e+00
0.00000e+00
0.00000e+00
0.00000e+00
0.00000e+00
0.00000e+00
0.00000e+00
0.00000e+00
0.00000e+00
0.00000e+00
0.00000e+00
0.00000e+00
0.00000e+00
0.00000e+00
0.00000e+00
0.00000e+00
0.00000e+00
botnodemodel:Potential
0.00000e+00
0.00000e+00
0.00000e+00
0.00000e+00
0.00000e+00
0.00000e+00
0.00000e+00
0.00000e+00
0.00000e+00
0.00000e+00
0.00000e+00
0.00000e+00
0.00000e+00
0.00000e+00
0.00000e+00
0.00000e+00
0.00000e+00
0.00000e+00
0.00000e+00
0.00000e+00
0.00000e+00
0.00000e+00
0.00000e+00
0.00000e+00
0.00000e+00
0.00000e+00
0.00000e+00
0.00000e+00
0.00000e+00
0.00000e+00
0.00000e+00
0.00000e+00
0.00000e+00
0.00000e+00
0.00000e+00
0.00000e+00
0.00000e+00
0.00000e+00
0.00000e+00
0.00000e+00
0.00000e+00
0.00000e+00
0.00000e+00
0.00000e+00
1.00000e+00
topnodemodel
0.00000e+00
0.00000e+00
0.00000e+00
0.00000e+00
0.00000e+00
0.00000e+00
0.00000e+00
0.00000e+00
0.00000e+00
0.00000e+00
0.00000e+00
0.00000e+00
0.00000e+00
0.00000e+00
0.00000e+00
0.00000e+00
0.00000e+00
0.00000e+00
0.00000e+00
0.00000e+00
0.00000e+00
0.00000e+00
0.00000e+00
0.00000e+00
0.00000e+00
0.00000e+00
0.00000e+00
0.00000e+00
0.00000e+00
0.00000e+00
0.00000e+00
0.00000e+00
0.00000e+00
0.00000e+00
0.00000e+00
0.00000e+00
0.00000e+00
0.00000e+00
0.00000e+00
0.00000e+00
0.00000e+00
0.00000e+00
0.00000e+00
0.00000e+00
0.00000e+00
topnodemodel:Potential
1.00000e+00
0.00000e+00
0.00000e+00
0.00000e+00
0.00000e+00
0.00000e+00
0.00000e+00
0.00000e+00
0.00000e+00
0.00000e+00
0.00000e+00
0.00000e+00
0.00000e+00
0.00000e+00
0.00000e+00
0.00000e+00
0.00000e+00
0.00000e+00
0.00000e+00
0.00000e+00
0.00000e+00
0.00000e+00
0.00000e+00
0.00000e+00
0.00000e+00
0.00000e+00
0.00000e+00
0.00000e+00
0.00000e+00
0.00000e+00
0.00000e+00
0.00000e+00
0.00000e+00
0.00000e+00
0.00000e+00
0.00000e+00
0.00000e+00
0.00000e+00
0.00000e+00
0.00000e+00
0.00000e+00
0.00000e+00
0.00000e+00
0.00000e+00
0.00000e+00
Potential
2.31403e-02
2.31896e-02
2.34527e-02
2.45704e-02
2.80762e-02
3.63032e-02
5.08898e-02
7.10554e-02
9.41983e-02
1.17727e-01
1.39918e-01
1.59879e-01
1.77283e-01
1.92139e-01
2.04630e-01
2.15016e-01
2.23583e-01
2.30604e-01
2.36332e-01
2.40987e-01
2.44759e-01
2.47810e-01
2.49878e-01
2.52436e-01
2.55605e-01
2.59522e-01
2.64354e-01
2.70296e-01
2.77574e-01
2.86445e-01
2.97188e-01
3.10085e-01
3.25390e-01
3.43263e-01
3.63669e-01
3.86201e-01
4.09841e-01
4.32698e-01
4.52078e-01
4.65554e-01
4.72801e-01
4.75738e-01
4.76627e-01
4.76823e-01
4.76860e-01
ElectronCurrent
1.18671e-02
1.18671e-02
1.18671e-02
1.18671e-02
1.18671e-02
1.18671e-02
1.18671e-02
1.18671e-02
1.18671e-02
1.18671e-02
1.18671e-02
1.18671e-02
1.18671e-02
1.18671e-02
1.18671e-02
1.18672e-02
1.18672e-02
1.18672e-02
1.18672e-02
1.18673e-02
1.18673e-02
1.18673e-02
1.18673e-02
1.18673e-02
1.18673e-02
1.18674e-02
1.18674e-02
1.18674e-02
1.18674e-02
1.18675e-02
1.18675e-02
1.18675e-02
1.18675e-02
1.18675e-02
1.18675e-02
1.18675e-02
1.18675e-02
1.18675e-02
1.18675e-02
1.18675e-02
1.18675e-02
1.18675e-02
1.18675e-02
1.18675e-02
HoleCurrent
5.93486e-03
5.93486e-03
5.93486e-03
5.93486e-03
5.93486e-03
5.93486e-03
5.93486e-03
5.93486e-03
5.93486e-03
5.93487e-03
5.93487e-03
5.93488e-03
5.93489e-03
5.93491e-03
5.93493e-03
5.93495e-03
5.93498e-03
5.93500e-03
5.93503e-03
5.93505e-03
5.93506e-03
5.93508e-03
5.93509e-03
5.93510e-03
5.93512e-03
5.93514e-03
5.93516e-03
5.93519e-03
5.93521e-03
5.93524e-03
5.93526e-03
5.93528e-03
5.93529e-03
5.93529e-03
5.93530e-03
5.93530e-03
5.93530e-03
5.93530e-03
5.93530e-03
5.93530e-03
5.93530e-03
5.93530e-03
5.93530e-03
5.93530e-03
USRH
-0.00000e+00
-1.14713e-04
-2.08220e-04
-2.92661e-04
-3.98318e-04
-6.03034e-04
-1.11032e-03
-2.46569e-03
-6.06765e-03
-1.50890e-02
-3.55771e-02
-7.68808e-02
-1.50203e-01
-2.64581e-01
-4.20919e-01
-6.06918e-01
-7.97943e-01
-9.66526e-01
-1.09459e+00
-1.17858e+00
-1.22554e+00
-1.24627e+00
-1.25072e+00
-1.24522e+00
-1.22199e+00
-1.17065e+00
-1.08037e+00
-9.45108e-01
-7.70657e-01
-5.77481e-01
-3.93887e-01
-2.43234e-01
-1.35560e-01
-6.81061e-02
-3.09730e-02
-1.29618e-02
-5.18771e-03
-2.12860e-03
-9.84583e-04
-5.54267e-04
-3.76010e-04
-2.77652e-04
-1.93006e-04
-9.63799e-05
-0.00000e+00
0 1 2 3 4 5 6 7 8 9 10 11 12 13 14 15 16 17 18 19 20 21 22 23 24 25 26 27 28 29 30 31 32 33 34 35 36 37 38 39 40 41 42 43 44
45 46 47 48 49 50 51 52 53 54 55 56 57 58 59 60 61 62 63 64 65 66 67 68 69 70 71 72 73 74 75 76 77 78 79 80 81 82 83 84 85 86 87 88 89
