
----------------------------------------

 DEVSIM

 Version: Beta 0.01

 Copyright 2009-2013 Devsim LLC

----------------------------------------


Creating Region air1
Creating Region MyRegion
Creating Region air2
Contact: top region MyRegion ni: 16 ci: 19 (0, 8e-06, 0)
Contact: top region MyRegion ni: 18 ci: 20 (0, 9e-06, 0)
Contact: top region MyRegion ni: 20 ci: 21 (0, 1e-05, 0)
Contact: bot region MyRegion ni: 484 ci: 495 (1e-05, 0, 0)
Contact: bot region MyRegion ni: 485 ci: 496 (1e-05, 1e-06, 0)
Contact: bot region MyRegion ni: 486 ci: 497 (1e-05, 2e-06, 0)
Contact: bot region MyRegion ni: 487 ci: 498 (1e-05, 3e-06, 0)
Contact: bot region MyRegion ni: 488 ci: 499 (1e-05, 4e-06, 0)
Contact: bot region MyRegion ni: 489 ci: 500 (1e-05, 5e-06, 0)
Contact: bot region MyRegion ni: 490 ci: 501 (1e-05, 6e-06, 0)
Contact: bot region MyRegion ni: 491 ci: 502 (1e-05, 7e-06, 0)
Contact: bot region MyRegion ni: 492 ci: 503 (1e-05, 8e-06, 0)
Contact: bot region MyRegion ni: 493 ci: 504 (1e-05, 9e-06, 0)
Contact: bot region MyRegion ni: 494 ci: 505 (1e-05, 1e-05, 0)
Adding 495 nodes
Adding 1374 edges with 1266 duplicates removed
Adding 880 triangles  with 0 duplicate removed
Adding 22 nodes
Adding 41 edges with 19 duplicates removed
Adding 20 triangles  with 0 duplicate removed
Adding 22 nodes
Adding 41 edges with 19 duplicates removed
Adding 20 triangles  with 0 duplicate removed
Contact bot in region MyRegion with 11 nodes
Contact top in region MyRegion with 3 nodes
NetDoping
-1.00000e+18
-1.00000e+18
-1.00000e+18
-1.00000e+18
-1.00000e+18
-1.00000e+18
-1.00000e+18
-1.00000e+18
-1.00000e+18
-1.00000e+18
-1.00000e+18
-1.00000e+18
-1.00000e+18
-1.00000e+18
-1.00000e+18
-1.00000e+18
-1.00000e+18
-1.00000e+18
-1.00000e+18
-1.00000e+18
-1.00000e+18
-1.00000e+18
-1.00000e+18
-1.00000e+18
-1.00000e+18
-1.00000e+18
-1.00000e+18
-1.00000e+18
-1.00000e+18
-1.00000e+18
-1.00000e+18
-1.00000e+18
-1.00000e+18
-1.00000e+18
-1.00000e+18
-1.00000e+18
-1.00000e+18
-1.00000e+18
-1.00000e+18
-1.00000e+18
-1.00000e+18
-1.00000e+18
-1.00000e+18
-1.00000e+18
-1.00000e+18
-1.00000e+18
-1.00000e+18
-1.00000e+18
-1.00000e+18
-1.00000e+18
-1.00000e+18
-1.00000e+18
-1.00000e+18
-1.00000e+18
-1.00000e+18
-1.00000e+18
-1.00000e+18
-1.00000e+18
-1.00000e+18
-1.00000e+18
-1.00000e+18
-1.00000e+18
-1.00000e+18
-1.00000e+18
-1.00000e+18
-1.00000e+18
-1.00000e+18
-1.00000e+18
-1.00000e+18
-1.00000e+18
-1.00000e+18
-1.00000e+18
-1.00000e+18
-1.00000e+18
-1.00000e+18
-1.00000e+18
-1.00000e+18
-1.00000e+18
-1.00000e+18
-1.00000e+18
-1.00000e+18
-1.00000e+18
-1.00000e+18
-1.00000e+18
-1.00000e+18
-1.00000e+18
-1.00000e+18
-1.00000e+18
-1.00000e+18
-1.00000e+18
-1.00000e+18
-1.00000e+18
-1.00000e+18
-1.00000e+18
-1.00000e+18
-1.00000e+18
-1.00000e+18
-1.00000e+18
-1.00000e+18
-1.00000e+18
-1.00000e+18
-1.00000e+18
-1.00000e+18
-1.00000e+18
-1.00000e+18
-1.00000e+18
-1.00000e+18
-1.00000e+18
-1.00000e+18
-1.00000e+18
-1.00000e+18
-1.00000e+18
-1.00000e+18
-1.00000e+18
-1.00000e+18
-1.00000e+18
-1.00000e+18
-1.00000e+18
-1.00000e+18
-1.00000e+18
-1.00000e+18
-1.00000e+18
-1.00000e+18
-1.00000e+18
-1.00000e+18
-1.00000e+18
-1.00000e+18
-1.00000e+18
-1.00000e+18
-1.00000e+18
-1.00000e+18
-1.00000e+18
-1.00000e+18
-1.00000e+18
-1.00000e+18
-1.00000e+18
-1.00000e+18
-1.00000e+18
-1.00000e+18
-1.00000e+18
-1.00000e+18
-1.00000e+18
-1.00000e+18
-1.00000e+18
-1.00000e+18
-1.00000e+18
-1.00000e+18
-1.00000e+18
-1.00000e+18
-1.00000e+18
-1.00000e+18
-1.00000e+18
-1.00000e+18
-1.00000e+18
-1.00000e+18
-1.00000e+18
-1.00000e+18
-1.00000e+18
-1.00000e+18
-1.00000e+18
-1.00000e+18
-1.00000e+18
-1.00000e+18
-1.00000e+18
-1.00000e+18
-1.00000e+18
-1.00000e+18
-1.00000e+18
-1.00000e+18
-1.00000e+18
-1.00000e+18
-1.00000e+18
-1.00000e+18
-1.00000e+18
-1.00000e+18
-1.00000e+18
-1.00000e+18
-1.00000e+18
-1.00000e+18
-1.00000e+18
-1.00000e+18
-1.00000e+18
-1.00000e+18
-1.00000e+18
-1.00000e+18
-1.00000e+18
-1.00000e+18
-1.00000e+18
-1.00000e+18
-1.00000e+18
-1.00000e+18
-1.00000e+18
-1.00000e+18
-1.00000e+18
-1.00000e+18
-1.00000e+18
-1.00000e+18
-1.00000e+18
-1.00000e+18
-1.00000e+18
-1.00000e+18
-1.00000e+18
-1.00000e+18
-1.00000e+18
-1.00000e+18
-1.00000e+18
-1.00000e+18
-1.00000e+18
-1.00000e+18
-1.00000e+18
-1.00000e+18
-1.00000e+18
-1.00000e+18
-1.00000e+18
-1.00000e+18
-1.00000e+18
-1.00000e+18
-1.00000e+18
-1.00000e+18
-1.00000e+18
-1.00000e+18
-1.00000e+18
-1.00000e+18
-1.00000e+18
-1.00000e+18
-1.00000e+18
-1.00000e+18
-1.00000e+18
-1.00000e+18
-1.00000e+18
-1.00000e+18
-1.00000e+18
-1.00000e+18
-1.00000e+18
-1.00000e+18
-1.00000e+18
-1.00000e+18
-1.00000e+18
-1.00000e+18
-1.00000e+18
-1.00000e+18
-1.00000e+18
0.00000e+00
0.00000e+00
0.00000e+00
0.00000e+00
0.00000e+00
0.00000e+00
0.00000e+00
0.00000e+00
0.00000e+00
0.00000e+00
0.00000e+00
1.00000e+18
1.00000e+18
1.00000e+18
1.00000e+18
1.00000e+18
1.00000e+18
1.00000e+18
1.00000e+18
1.00000e+18
1.00000e+18
1.00000e+18
1.00000e+18
1.00000e+18
1.00000e+18
1.00000e+18
1.00000e+18
1.00000e+18
1.00000e+18
1.00000e+18
1.00000e+18
1.00000e+18
1.00000e+18
1.00000e+18
1.00000e+18
1.00000e+18
1.00000e+18
1.00000e+18
1.00000e+18
1.00000e+18
1.00000e+18
1.00000e+18
1.00000e+18
1.00000e+18
1.00000e+18
1.00000e+18
1.00000e+18
1.00000e+18
1.00000e+18
1.00000e+18
1.00000e+18
1.00000e+18
1.00000e+18
1.00000e+18
1.00000e+18
1.00000e+18
1.00000e+18
1.00000e+18
1.00000e+18
1.00000e+18
1.00000e+18
1.00000e+18
1.00000e+18
1.00000e+18
1.00000e+18
1.00000e+18
1.00000e+18
1.00000e+18
1.00000e+18
1.00000e+18
1.00000e+18
1.00000e+18
1.00000e+18
1.00000e+18
1.00000e+18
1.00000e+18
1.00000e+18
1.00000e+18
1.00000e+18
1.00000e+18
1.00000e+18
1.00000e+18
1.00000e+18
1.00000e+18
1.00000e+18
1.00000e+18
1.00000e+18
1.00000e+18
1.00000e+18
1.00000e+18
1.00000e+18
1.00000e+18
1.00000e+18
1.00000e+18
1.00000e+18
1.00000e+18
1.00000e+18
1.00000e+18
1.00000e+18
1.00000e+18
1.00000e+18
1.00000e+18
1.00000e+18
1.00000e+18
1.00000e+18
1.00000e+18
1.00000e+18
1.00000e+18
1.00000e+18
1.00000e+18
1.00000e+18
1.00000e+18
1.00000e+18
1.00000e+18
1.00000e+18
1.00000e+18
1.00000e+18
1.00000e+18
1.00000e+18
1.00000e+18
1.00000e+18
1.00000e+18
1.00000e+18
1.00000e+18
1.00000e+18
1.00000e+18
1.00000e+18
1.00000e+18
1.00000e+18
1.00000e+18
1.00000e+18
1.00000e+18
1.00000e+18
1.00000e+18
1.00000e+18
1.00000e+18
1.00000e+18
1.00000e+18
1.00000e+18
1.00000e+18
1.00000e+18
1.00000e+18
1.00000e+18
1.00000e+18
1.00000e+18
1.00000e+18
1.00000e+18
1.00000e+18
1.00000e+18
1.00000e+18
1.00000e+18
1.00000e+18
1.00000e+18
1.00000e+18
1.00000e+18
1.00000e+18
1.00000e+18
1.00000e+18
1.00000e+18
1.00000e+18
1.00000e+18
1.00000e+18
1.00000e+18
1.00000e+18
1.00000e+18
1.00000e+18
1.00000e+18
1.00000e+18
1.00000e+18
1.00000e+18
1.00000e+18
1.00000e+18
1.00000e+18
1.00000e+18
1.00000e+18
1.00000e+18
1.00000e+18
1.00000e+18
1.00000e+18
1.00000e+18
1.00000e+18
1.00000e+18
1.00000e+18
1.00000e+18
1.00000e+18
1.00000e+18
1.00000e+18
1.00000e+18
1.00000e+18
1.00000e+18
1.00000e+18
1.00000e+18
1.00000e+18
1.00000e+18
1.00000e+18
1.00000e+18
1.00000e+18
1.00000e+18
1.00000e+18
1.00000e+18
1.00000e+18
1.00000e+18
1.00000e+18
1.00000e+18
1.00000e+18
1.00000e+18
1.00000e+18
1.00000e+18
1.00000e+18
1.00000e+18
1.00000e+18
1.00000e+18
1.00000e+18
1.00000e+18
1.00000e+18
1.00000e+18
1.00000e+18
1.00000e+18
1.00000e+18
1.00000e+18
1.00000e+18
1.00000e+18
1.00000e+18
1.00000e+18
1.00000e+18
1.00000e+18
1.00000e+18
1.00000e+18
1.00000e+18
1.00000e+18
1.00000e+18
1.00000e+18
1.00000e+18
1.00000e+18
1.00000e+18
1.00000e+18
1.00000e+18
1.00000e+18
1.00000e+18
1.00000e+18
1.00000e+18
1.00000e+18
1.00000e+18
1.00000e+18
1.00000e+18
1.00000e+18
1.00000e+18
1.00000e+18
1.00000e+18
1.00000e+18
1.00000e+18
1.00000e+18
1.00000e+18
Region "MyRegion" on device "MyDevice" has equations 0:494
Region "air1" on device "MyDevice" has no equations.
Region "air2" on device "MyDevice" has no equations.
Device "MyDevice" has equations 0:494
number of equations 495
Iteration: 0
  Device: "MyDevice"	RelError: 1.00000e+00	AbsError: 1.18567e-01
    Region: "MyRegion"	RelError: 1.00000e+00	AbsError: 1.18567e-01
      Equation: "PotentialEquation"	RelError: 1.00000e+00	AbsError: 1.18567e-01
Iteration: 1
  Device: "MyDevice"	RelError: 4.97350e-01	AbsError: 1.17317e-01
    Region: "MyRegion"	RelError: 4.97350e-01	AbsError: 1.17317e-01
      Equation: "PotentialEquation"	RelError: 4.97350e-01	AbsError: 1.17317e-01
Iteration: 2
  Device: "MyDevice"	RelError: 6.18329e-01	AbsError: 1.15853e-01
    Region: "MyRegion"	RelError: 6.18329e-01	AbsError: 1.15853e-01
      Equation: "PotentialEquation"	RelError: 6.18329e-01	AbsError: 1.15853e-01
Iteration: 3
  Device: "MyDevice"	RelError: 1.05154e+02	AbsError: 1.04169e-01
    Region: "MyRegion"	RelError: 1.05154e+02	AbsError: 1.04169e-01
      Equation: "PotentialEquation"	RelError: 1.05154e+02	AbsError: 1.04169e-01
Iteration: 4
  Device: "MyDevice"	RelError: 1.79077e+01	AbsError: 8.36778e-02
    Region: "MyRegion"	RelError: 1.79077e+01	AbsError: 8.36778e-02
      Equation: "PotentialEquation"	RelError: 1.79077e+01	AbsError: 8.36778e-02
Iteration: 5
  Device: "MyDevice"	RelError: 7.69366e+01	AbsError: 7.87874e-02
    Region: "MyRegion"	RelError: 7.69366e+01	AbsError: 7.87874e-02
      Equation: "PotentialEquation"	RelError: 7.69366e+01	AbsError: 7.87874e-02
Iteration: 6
  Device: "MyDevice"	RelError: 2.69506e+01	AbsError: 6.28109e-02
    Region: "MyRegion"	RelError: 2.69506e+01	AbsError: 6.28109e-02
      Equation: "PotentialEquation"	RelError: 2.69506e+01	AbsError: 6.28109e-02
Iteration: 7
  Device: "MyDevice"	RelError: 4.55468e+01	AbsError: 5.24596e-02
    Region: "MyRegion"	RelError: 4.55468e+01	AbsError: 5.24596e-02
      Equation: "PotentialEquation"	RelError: 4.55468e+01	AbsError: 5.24596e-02
Iteration: 8
  Device: "MyDevice"	RelError: 3.01156e+02	AbsError: 4.37414e-02
    Region: "MyRegion"	RelError: 3.01156e+02	AbsError: 4.37414e-02
      Equation: "PotentialEquation"	RelError: 3.01156e+02	AbsError: 4.37414e-02
Iteration: 9
  Device: "MyDevice"	RelError: 1.86042e+02	AbsError: 3.37983e-02
    Region: "MyRegion"	RelError: 1.86042e+02	AbsError: 3.37983e-02
      Equation: "PotentialEquation"	RelError: 1.86042e+02	AbsError: 3.37983e-02
Iteration: 10
  Device: "MyDevice"	RelError: 1.02977e+02	AbsError: 2.57010e-02
    Region: "MyRegion"	RelError: 1.02977e+02	AbsError: 2.57010e-02
      Equation: "PotentialEquation"	RelError: 1.02977e+02	AbsError: 2.57010e-02
Iteration: 11
  Device: "MyDevice"	RelError: 3.12367e-01	AbsError: 1.31004e-02
    Region: "MyRegion"	RelError: 3.12367e-01	AbsError: 1.31004e-02
      Equation: "PotentialEquation"	RelError: 3.12367e-01	AbsError: 1.31004e-02
Iteration: 12
  Device: "MyDevice"	RelError: 2.32363e-02	AbsError: 6.92465e-06
    Region: "MyRegion"	RelError: 2.32363e-02	AbsError: 6.92465e-06
      Equation: "PotentialEquation"	RelError: 2.32363e-02	AbsError: 6.92465e-06
Iteration: 13
  Device: "MyDevice"	RelError: 1.28496e-07	AbsError: 5.25536e-11
    Region: "MyRegion"	RelError: 1.28496e-07	AbsError: 5.25536e-11
      Equation: "PotentialEquation"	RelError: 1.28496e-07	AbsError: 5.25536e-11
Iteration: 14
  Device: "MyDevice"	RelError: 5.24631e-13	AbsError: 9.67924e-17
    Region: "MyRegion"	RelError: 5.24631e-13	AbsError: 9.67924e-17
      Equation: "PotentialEquation"	RelError: 5.24631e-13	AbsError: 9.67924e-17
Warning: Replacing equation with equation of the same name.
Region: MyRegion, Equation: PotentialEquation, Variable: Potential
Region "MyRegion" on device "MyDevice" has equations 0:1484
Region "air1" on device "MyDevice" has no equations.
Region "air2" on device "MyDevice" has no equations.
Device "MyDevice" has equations 0:1484
number of equations 1485
Iteration: 0
  Device: "MyDevice"	RelError: 1.78524e-13	AbsError: 1.02400e+04
    Region: "MyRegion"	RelError: 1.78524e-13	AbsError: 1.02400e+04
      Equation: "ElectronContinuityEquation"	RelError: 1.05940e-14	AbsError: 5.12000e+03
      Equation: "HoleContinuityEquation"	RelError: 9.86715e-15	AbsError: 5.12000e+03
      Equation: "PotentialEquation"	RelError: 1.58063e-13	AbsError: 1.37184e-16
Region "MyRegion" on device "MyDevice" has equations 0:1484
Region "air1" on device "MyDevice" has no equations.
Region "air2" on device "MyDevice" has no equations.
Device "MyDevice" has equations 0:1484
number of equations 1485
Iteration: 0
  Device: "MyDevice"	RelError: 1.95025e-13	AbsError: 2.87823e+02
    Region: "MyRegion"	RelError: 1.95025e-13	AbsError: 2.87823e+02
      Equation: "ElectronContinuityEquation"	RelError: 4.65278e-15	AbsError: 1.40351e+02
      Equation: "HoleContinuityEquation"	RelError: 4.37224e-15	AbsError: 1.47472e+02
      Equation: "PotentialEquation"	RelError: 1.86000e-13	AbsError: 5.90229e-17
top	0.0	-2.14878205957e-30	-1.52879407719e-15	-1.52879407719e-15
bot	0.0	-3.31300262926e-16	2.14685911455e-30	-3.31300262926e-16
Region "MyRegion" on device "MyDevice" has equations 0:1484
Region "air1" on device "MyDevice" has no equations.
Region "air2" on device "MyDevice" has no equations.
Device "MyDevice" has equations 0:1484
number of equations 1485
Iteration: 0
  Device: "MyDevice"	RelError: 3.35500e+01	AbsError: 2.04061e+17
    Region: "MyRegion"	RelError: 3.35500e+01	AbsError: 2.04061e+17
      Equation: "ElectronContinuityEquation"	RelError: 7.92143e-01	AbsError: 1.03524e+17
      Equation: "HoleContinuityEquation"	RelError: 7.74400e-01	AbsError: 1.00537e+17
      Equation: "PotentialEquation"	RelError: 3.19834e+01	AbsError: 4.09542e-02
Iteration: 1
  Device: "MyDevice"	RelError: 1.53695e+02	AbsError: 2.32376e+16
    Region: "MyRegion"	RelError: 1.53695e+02	AbsError: 2.32376e+16
      Equation: "ElectronContinuityEquation"	RelError: 6.90020e-01	AbsError: 1.25519e+16
      Equation: "HoleContinuityEquation"	RelError: 7.54207e-01	AbsError: 1.06857e+16
      Equation: "PotentialEquation"	RelError: 1.52251e+02	AbsError: 3.07632e-02
Iteration: 2
  Device: "MyDevice"	RelError: 1.52019e+00	AbsError: 1.60091e+15
    Region: "MyRegion"	RelError: 1.52019e+00	AbsError: 1.60091e+15
      Equation: "ElectronContinuityEquation"	RelError: 5.11552e-01	AbsError: 4.38115e+14
      Equation: "HoleContinuityEquation"	RelError: 4.96210e-01	AbsError: 1.16280e+15
      Equation: "PotentialEquation"	RelError: 5.12429e-01	AbsError: 2.44131e-02
Iteration: 3
  Device: "MyDevice"	RelError: 5.47429e-01	AbsError: 1.12299e+15
    Region: "MyRegion"	RelError: 5.47429e-01	AbsError: 1.12299e+15
      Equation: "ElectronContinuityEquation"	RelError: 2.68399e-01	AbsError: 5.21011e+13
      Equation: "HoleContinuityEquation"	RelError: 8.19171e-02	AbsError: 1.07089e+15
      Equation: "PotentialEquation"	RelError: 1.97113e-01	AbsError: 9.16533e-03
Iteration: 4
  Device: "MyDevice"	RelError: 5.56243e-01	AbsError: 1.11791e+15
    Region: "MyRegion"	RelError: 5.56243e-01	AbsError: 1.11791e+15
      Equation: "ElectronContinuityEquation"	RelError: 8.87982e-02	AbsError: 8.36107e+13
      Equation: "HoleContinuityEquation"	RelError: 4.68506e-03	AbsError: 1.03430e+15
      Equation: "PotentialEquation"	RelError: 4.62759e-01	AbsError: 6.60649e-05
Iteration: 5
  Device: "MyDevice"	RelError: 1.87203e-04	AbsError: 2.03449e+11
    Region: "MyRegion"	RelError: 1.87203e-04	AbsError: 2.03449e+11
      Equation: "ElectronContinuityEquation"	RelError: 1.27971e-04	AbsError: 1.49366e+10
      Equation: "HoleContinuityEquation"	RelError: 7.97560e-06	AbsError: 1.88512e+11
      Equation: "PotentialEquation"	RelError: 5.12563e-05	AbsError: 7.40130e-09
Iteration: 6
  Device: "MyDevice"	RelError: 8.35335e-10	AbsError: 1.68322e+08
    Region: "MyRegion"	RelError: 8.35335e-10	AbsError: 1.68322e+08
      Equation: "ElectronContinuityEquation"	RelError: 1.59675e-10	AbsError: 3.26813e+05
      Equation: "HoleContinuityEquation"	RelError: 1.68338e-10	AbsError: 1.67995e+08
      Equation: "PotentialEquation"	RelError: 5.07322e-10	AbsError: 4.35817e-12
Iteration: 7
  Device: "MyDevice"	RelError: 9.58625e-13	AbsError: 2.22596e+03
    Region: "MyRegion"	RelError: 9.58625e-13	AbsError: 2.22596e+03
      Equation: "ElectronContinuityEquation"	RelError: 8.68386e-14	AbsError: 1.46338e+02
      Equation: "HoleContinuityEquation"	RelError: 4.46942e-15	AbsError: 2.07962e+03
      Equation: "PotentialEquation"	RelError: 8.67317e-13	AbsError: 1.17775e-16
top	0.1	1.00901265136e-14	1.39343512178e-14	2.40244777314e-14
bot	0.0	-1.17769355369e-14	-1.40467930267e-14	-2.58237285636e-14
Region "MyRegion" on device "MyDevice" has equations 0:1484
Region "air1" on device "MyDevice" has no equations.
Region "air2" on device "MyDevice" has no equations.
Device "MyDevice" has equations 0:1484
number of equations 1485
Iteration: 0
  Device: "MyDevice"	RelError: 8.90547e+00	AbsError: 2.17497e+17
    Region: "MyRegion"	RelError: 8.90547e+00	AbsError: 2.17497e+17
      Equation: "ElectronContinuityEquation"	RelError: 7.94113e-01	AbsError: 1.07465e+17
      Equation: "HoleContinuityEquation"	RelError: 7.89474e-01	AbsError: 1.10033e+17
      Equation: "PotentialEquation"	RelError: 7.32188e+00	AbsError: 4.09542e-02
Iteration: 1
  Device: "MyDevice"	RelError: 3.99912e+00	AbsError: 2.61683e+16
    Region: "MyRegion"	RelError: 3.99912e+00	AbsError: 2.61683e+16
      Equation: "ElectronContinuityEquation"	RelError: 6.88188e-01	AbsError: 1.31192e+16
      Equation: "HoleContinuityEquation"	RelError: 7.74614e-01	AbsError: 1.30491e+16
      Equation: "PotentialEquation"	RelError: 2.53632e+00	AbsError: 3.07632e-02
Iteration: 2
  Device: "MyDevice"	RelError: 7.57152e+00	AbsError: 1.68875e+15
    Region: "MyRegion"	RelError: 7.57152e+00	AbsError: 1.68875e+15
      Equation: "ElectronContinuityEquation"	RelError: 5.14340e-01	AbsError: 3.59780e+14
      Equation: "HoleContinuityEquation"	RelError: 4.90696e-01	AbsError: 1.32897e+15
      Equation: "PotentialEquation"	RelError: 6.56649e+00	AbsError: 2.51366e-02
Iteration: 3
  Device: "MyDevice"	RelError: 3.96014e-01	AbsError: 1.02175e+15
    Region: "MyRegion"	RelError: 3.96014e-01	AbsError: 1.02175e+15
      Equation: "ElectronContinuityEquation"	RelError: 2.80220e-01	AbsError: 4.11820e+13
      Equation: "HoleContinuityEquation"	RelError: 8.26893e-02	AbsError: 9.80565e+14
      Equation: "PotentialEquation"	RelError: 3.31046e-02	AbsError: 9.16533e-03
Iteration: 4
  Device: "MyDevice"	RelError: 1.23572e-01	AbsError: 9.37738e+14
    Region: "MyRegion"	RelError: 1.23572e-01	AbsError: 9.37738e+14
      Equation: "ElectronContinuityEquation"	RelError: 9.02713e-02	AbsError: 7.35255e+13
      Equation: "HoleContinuityEquation"	RelError: 3.62884e-03	AbsError: 8.64213e+14
      Equation: "PotentialEquation"	RelError: 2.96723e-02	AbsError: 5.90406e-05
Iteration: 5
  Device: "MyDevice"	RelError: 1.25872e-04	AbsError: 1.62927e+11
    Region: "MyRegion"	RelError: 1.25872e-04	AbsError: 1.62927e+11
      Equation: "ElectronContinuityEquation"	RelError: 1.13895e-04	AbsError: 3.25807e+10
      Equation: "HoleContinuityEquation"	RelError: 5.29484e-06	AbsError: 1.30347e+11
      Equation: "PotentialEquation"	RelError: 6.68203e-06	AbsError: 1.37567e-08
Iteration: 6
  Device: "MyDevice"	RelError: 6.30663e-10	AbsError: 1.11568e+08
    Region: "MyRegion"	RelError: 6.30663e-10	AbsError: 1.11568e+08
      Equation: "ElectronContinuityEquation"	RelError: 1.01627e-10	AbsError: 1.12979e+06
      Equation: "HoleContinuityEquation"	RelError: 1.10599e-10	AbsError: 1.10439e+08
      Equation: "PotentialEquation"	RelError: 4.18438e-10	AbsError: 2.86283e-12
Iteration: 7
  Device: "MyDevice"	RelError: 8.84282e-14	AbsError: 3.77460e+02
    Region: "MyRegion"	RelError: 8.84282e-14	AbsError: 3.77460e+02
      Equation: "ElectronContinuityEquation"	RelError: 3.52214e-14	AbsError: 2.18114e+02
      Equation: "HoleContinuityEquation"	RelError: 8.66348e-15	AbsError: 1.59346e+02
      Equation: "PotentialEquation"	RelError: 4.45434e-14	AbsError: 7.86458e-17
top	0.2	4.73477378546e-13	6.58647544033e-13	1.13212492258e-12
bot	0.0	-4.81945253314e-13	-6.48122590414e-13	-1.13006784373e-12
Region "MyRegion" on device "MyDevice" has equations 0:1484
Region "air1" on device "MyDevice" has no equations.
Region "air2" on device "MyDevice" has no equations.
Device "MyDevice" has equations 0:1484
number of equations 1485
Iteration: 0
  Device: "MyDevice"	RelError: 5.62852e+00	AbsError: 2.18416e+17
    Region: "MyRegion"	RelError: 5.62852e+00	AbsError: 2.18416e+17
      Equation: "ElectronContinuityEquation"	RelError: 7.94150e-01	AbsError: 1.07251e+17
      Equation: "HoleContinuityEquation"	RelError: 7.91908e-01	AbsError: 1.11165e+17
      Equation: "PotentialEquation"	RelError: 4.04246e+00	AbsError: 4.09542e-02
Iteration: 1
  Device: "MyDevice"	RelError: 1.32130e+02	AbsError: 2.88684e+16
    Region: "MyRegion"	RelError: 1.32130e+02	AbsError: 2.88684e+16
      Equation: "ElectronContinuityEquation"	RelError: 6.89385e-01	AbsError: 1.59316e+16
      Equation: "HoleContinuityEquation"	RelError: 7.75444e-01	AbsError: 1.29368e+16
      Equation: "PotentialEquation"	RelError: 1.30665e+02	AbsError: 3.07633e-02
Iteration: 2
  Device: "MyDevice"	RelError: 2.02331e+00	AbsError: 2.67313e+15
    Region: "MyRegion"	RelError: 2.02331e+00	AbsError: 2.67313e+15
      Equation: "ElectronContinuityEquation"	RelError: 5.13400e-01	AbsError: 9.24095e+14
      Equation: "HoleContinuityEquation"	RelError: 4.95102e-01	AbsError: 1.74903e+15
      Equation: "PotentialEquation"	RelError: 1.01481e+00	AbsError: 2.57942e-02
Iteration: 3
  Device: "MyDevice"	RelError: 4.21153e-01	AbsError: 8.45028e+14
    Region: "MyRegion"	RelError: 4.21153e-01	AbsError: 8.45028e+14
      Equation: "ElectronContinuityEquation"	RelError: 2.87874e-01	AbsError: 3.10069e+13
      Equation: "HoleContinuityEquation"	RelError: 8.14568e-02	AbsError: 8.14021e+14
      Equation: "PotentialEquation"	RelError: 5.18226e-02	AbsError: 9.16533e-03
Iteration: 4
  Device: "MyDevice"	RelError: 9.65385e-02	AbsError: 7.36595e+14
    Region: "MyRegion"	RelError: 9.65385e-02	AbsError: 7.36595e+14
      Equation: "ElectronContinuityEquation"	RelError: 9.05007e-02	AbsError: 7.11612e+13
      Equation: "HoleContinuityEquation"	RelError: 2.67522e-03	AbsError: 6.65434e+14
      Equation: "PotentialEquation"	RelError: 3.36260e-03	AbsError: 4.88525e-05
Iteration: 5
  Device: "MyDevice"	RelError: 9.61202e-05	AbsError: 2.93507e+11
    Region: "MyRegion"	RelError: 9.61202e-05	AbsError: 2.93507e+11
      Equation: "ElectronContinuityEquation"	RelError: 9.22914e-05	AbsError: 3.02755e+10
      Equation: "HoleContinuityEquation"	RelError: 3.09373e-06	AbsError: 2.63232e+11
      Equation: "PotentialEquation"	RelError: 7.35015e-07	AbsError: 1.20644e-08
Iteration: 6
  Device: "MyDevice"	RelError: 5.93334e-10	AbsError: 8.43672e+07
    Region: "MyRegion"	RelError: 5.93334e-10	AbsError: 8.43672e+07
      Equation: "ElectronContinuityEquation"	RelError: 1.77691e-10	AbsError: 7.27104e+06
      Equation: "HoleContinuityEquation"	RelError: 1.77094e-10	AbsError: 7.70961e+07
      Equation: "PotentialEquation"	RelError: 2.38549e-10	AbsError: 4.58457e-12
Iteration: 7
  Device: "MyDevice"	RelError: 3.60526e-13	AbsError: 4.46454e+04
    Region: "MyRegion"	RelError: 3.60526e-13	AbsError: 4.46454e+04
      Equation: "ElectronContinuityEquation"	RelError: 1.63872e-13	AbsError: 5.52892e+03
      Equation: "HoleContinuityEquation"	RelError: 1.05423e-13	AbsError: 3.91165e+04
      Equation: "PotentialEquation"	RelError: 9.12315e-14	AbsError: 2.71127e-15
top	0.3	2.177083703e-11	2.93482775031e-11	5.11191145331e-11
bot	0.0	-2.18405552151e-11	-2.92746276117e-11	-5.11151828268e-11
Region "MyRegion" on device "MyDevice" has equations 0:1484
Region "air1" on device "MyDevice" has no equations.
Region "air2" on device "MyDevice" has no equations.
Device "MyDevice" has equations 0:1484
number of equations 1485
Iteration: 0
  Device: "MyDevice"	RelError: 4.01584e+00	AbsError: 2.63075e+17
    Region: "MyRegion"	RelError: 4.01584e+00	AbsError: 2.63075e+17
      Equation: "ElectronContinuityEquation"	RelError: 7.95122e-01	AbsError: 1.27738e+17
      Equation: "HoleContinuityEquation"	RelError: 7.92056e-01	AbsError: 1.35337e+17
      Equation: "PotentialEquation"	RelError: 2.42866e+00	AbsError: 4.10937e-02
Iteration: 1
  Device: "MyDevice"	RelError: 6.12781e+00	AbsError: 4.61796e+16
    Region: "MyRegion"	RelError: 6.12781e+00	AbsError: 4.61796e+16
      Equation: "ElectronContinuityEquation"	RelError: 6.90802e-01	AbsError: 1.95972e+16
      Equation: "HoleContinuityEquation"	RelError: 7.74536e-01	AbsError: 2.65824e+16
      Equation: "PotentialEquation"	RelError: 4.66248e+00	AbsError: 3.07888e-02
Iteration: 2
  Device: "MyDevice"	RelError: 2.83669e+00	AbsError: 4.60571e+15
    Region: "MyRegion"	RelError: 2.83669e+00	AbsError: 4.60571e+15
      Equation: "ElectronContinuityEquation"	RelError: 5.12665e-01	AbsError: 2.07015e+15
      Equation: "HoleContinuityEquation"	RelError: 5.00971e-01	AbsError: 2.53556e+15
      Equation: "PotentialEquation"	RelError: 1.82305e+00	AbsError: 2.38793e-02
Iteration: 3
  Device: "MyDevice"	RelError: 4.61381e-01	AbsError: 1.02667e+15
    Region: "MyRegion"	RelError: 4.61381e-01	AbsError: 1.02667e+15
      Equation: "ElectronContinuityEquation"	RelError: 2.60820e-01	AbsError: 3.27058e+13
      Equation: "HoleContinuityEquation"	RelError: 8.08624e-02	AbsError: 9.93967e+14
      Equation: "PotentialEquation"	RelError: 1.19699e-01	AbsError: 9.19775e-03
Iteration: 4
  Device: "MyDevice"	RelError: 9.41474e-02	AbsError: 9.80207e+14
    Region: "MyRegion"	RelError: 9.41474e-02	AbsError: 9.80207e+14
      Equation: "ElectronContinuityEquation"	RelError: 8.57439e-02	AbsError: 7.80083e+13
      Equation: "HoleContinuityEquation"	RelError: 3.57864e-03	AbsError: 9.02199e+14
      Equation: "PotentialEquation"	RelError: 4.82479e-03	AbsError: 4.78876e-05
Iteration: 5
  Device: "MyDevice"	RelError: 9.65657e-05	AbsError: 3.72731e+11
    Region: "MyRegion"	RelError: 9.65657e-05	AbsError: 3.72731e+11
      Equation: "ElectronContinuityEquation"	RelError: 9.07656e-05	AbsError: 1.85630e+11
      Equation: "HoleContinuityEquation"	RelError: 4.44068e-06	AbsError: 1.87101e+11
      Equation: "PotentialEquation"	RelError: 1.35949e-06	AbsError: 3.66575e-08
Iteration: 6
  Device: "MyDevice"	RelError: 1.68864e-09	AbsError: 3.86754e+08
    Region: "MyRegion"	RelError: 1.68864e-09	AbsError: 3.86754e+08
      Equation: "ElectronContinuityEquation"	RelError: 4.95781e-10	AbsError: 2.74663e+07
      Equation: "HoleContinuityEquation"	RelError: 4.94799e-10	AbsError: 3.59287e+08
      Equation: "PotentialEquation"	RelError: 6.98064e-10	AbsError: 1.28090e-11
Iteration: 7
  Device: "MyDevice"	RelError: 8.41002e-13	AbsError: 4.37022e+05
    Region: "MyRegion"	RelError: 8.41002e-13	AbsError: 4.37022e+05
      Equation: "ElectronContinuityEquation"	RelError: 3.57067e-13	AbsError: 7.58981e+04
      Equation: "HoleContinuityEquation"	RelError: 3.62238e-13	AbsError: 3.61124e+05
      Equation: "PotentialEquation"	RelError: 1.21696e-13	AbsError: 9.34385e-15
top	0.4	1.0003002857e-09	1.32028881925e-09	2.32058910495e-09
bot	0.0	-1.00085545425e-09	-1.31973035269e-09	-2.32058580694e-09
Region "MyRegion" on device "MyDevice" has equations 0:1484
Region "air1" on device "MyDevice" has no equations.
Region "air2" on device "MyDevice" has no equations.
Device "MyDevice" has equations 0:1484
number of equations 1485
Iteration: 0
  Device: "MyDevice"	RelError: 2.47493e+01	AbsError: 2.74008e+17
    Region: "MyRegion"	RelError: 2.47493e+01	AbsError: 2.74008e+17
      Equation: "ElectronContinuityEquation"	RelError: 7.94022e-01	AbsError: 1.34984e+17
      Equation: "HoleContinuityEquation"	RelError: 7.91976e-01	AbsError: 1.39023e+17
      Equation: "PotentialEquation"	RelError: 2.31633e+01	AbsError: 4.10172e-02
Iteration: 1
  Device: "MyDevice"	RelError: 2.65178e+01	AbsError: 5.55490e+16
    Region: "MyRegion"	RelError: 2.65178e+01	AbsError: 5.55490e+16
      Equation: "ElectronContinuityEquation"	RelError: 6.88761e-01	AbsError: 2.43300e+16
      Equation: "HoleContinuityEquation"	RelError: 7.76694e-01	AbsError: 3.12190e+16
      Equation: "PotentialEquation"	RelError: 2.50523e+01	AbsError: 3.07793e-02
Iteration: 2
  Device: "MyDevice"	RelError: 2.38295e+00	AbsError: 6.23923e+15
    Region: "MyRegion"	RelError: 2.38295e+00	AbsError: 6.23923e+15
      Equation: "ElectronContinuityEquation"	RelError: 5.14424e-01	AbsError: 2.94299e+15
      Equation: "HoleContinuityEquation"	RelError: 4.98129e-01	AbsError: 3.29624e+15
      Equation: "PotentialEquation"	RelError: 1.37040e+00	AbsError: 2.47529e-02
Iteration: 3
  Device: "MyDevice"	RelError: 7.50650e-01	AbsError: 9.09174e+14
    Region: "MyRegion"	RelError: 7.50650e-01	AbsError: 9.09174e+14
      Equation: "ElectronContinuityEquation"	RelError: 2.74856e-01	AbsError: 1.27161e+13
      Equation: "HoleContinuityEquation"	RelError: 7.89633e-02	AbsError: 8.96458e+14
      Equation: "PotentialEquation"	RelError: 3.96830e-01	AbsError: 9.18763e-03
Iteration: 4
  Device: "MyDevice"	RelError: 9.10491e-02	AbsError: 7.82289e+14
    Region: "MyRegion"	RelError: 9.10491e-02	AbsError: 7.82289e+14
      Equation: "ElectronContinuityEquation"	RelError: 8.74794e-02	AbsError: 7.66074e+13
      Equation: "HoleContinuityEquation"	RelError: 2.55113e-03	AbsError: 7.05681e+14
      Equation: "PotentialEquation"	RelError: 1.01860e-03	AbsError: 4.08543e-05
Iteration: 5
  Device: "MyDevice"	RelError: 8.04083e-05	AbsError: 6.48824e+11
    Region: "MyRegion"	RelError: 8.04083e-05	AbsError: 6.48824e+11
      Equation: "ElectronContinuityEquation"	RelError: 7.71037e-05	AbsError: 5.44113e+11
      Equation: "HoleContinuityEquation"	RelError: 3.21592e-06	AbsError: 1.04711e+11
      Equation: "PotentialEquation"	RelError: 8.86639e-08	AbsError: 2.19228e-08
Iteration: 6
  Device: "MyDevice"	RelError: 6.67075e-10	AbsError: 1.19621e+08
    Region: "MyRegion"	RelError: 6.67075e-10	AbsError: 1.19621e+08
      Equation: "ElectronContinuityEquation"	RelError: 2.80130e-10	AbsError: 2.36998e+07
      Equation: "HoleContinuityEquation"	RelError: 2.80140e-10	AbsError: 9.59217e+07
      Equation: "PotentialEquation"	RelError: 1.06805e-10	AbsError: 7.25144e-12
Iteration: 7
  Device: "MyDevice"	RelError: 2.04238e-13	AbsError: 7.60693e+04
    Region: "MyRegion"	RelError: 2.04238e-13	AbsError: 7.60693e+04
      Equation: "ElectronContinuityEquation"	RelError: 6.59847e-14	AbsError: 1.07535e+04
      Equation: "HoleContinuityEquation"	RelError: 6.53468e-14	AbsError: 6.53158e+04
      Equation: "PotentialEquation"	RelError: 7.29070e-14	AbsError: 1.68798e-15
top	0.5	4.59224796297e-08	5.93574360395e-08	1.05279915669e-07
bot	0.0	-4.59268991759e-08	-5.93530149433e-08	-1.05279914119e-07
