
----------------------------------------

 DEVSIM

 Version: Beta 0.01

 Copyright 2009-2013 Devsim LLC

----------------------------------------


mid
bot
 (region: MyRegion)
 (contact: top)
 (contact: bot)
NetDoping
-1.00000e+18
-1.00000e+18
-1.00000e+18
-1.00000e+18
-1.00000e+18
-1.00000e+18
-1.00000e+18
-1.00000e+18
-1.00000e+18
-1.00000e+18
-1.00000e+18
-1.00000e+18
-1.00000e+18
-1.00000e+18
-1.00000e+18
-1.00000e+18
-1.00000e+18
-1.00000e+18
-1.00000e+18
-1.00000e+18
-1.00000e+18
-1.00000e+18
-1.00000e+18
-1.00000e+18
-1.00000e+18
-1.00000e+18
-1.00000e+18
-1.00000e+18
-1.00000e+18
-1.00000e+18
-1.00000e+18
-1.00000e+18
-1.00000e+18
-1.00000e+18
-1.00000e+18
-1.00000e+18
-1.00000e+18
-1.00000e+18
-1.00000e+18
-1.00000e+18
-1.00000e+18
-1.00000e+18
-1.00000e+18
-1.00000e+18
-1.00000e+18
-1.00000e+18
-1.00000e+18
-1.00000e+18
-1.00000e+18
-1.00000e+18
-1.00000e+18
-1.00000e+18
-1.00000e+18
-1.00000e+18
-1.00000e+18
-1.00000e+18
-1.00000e+18
-1.00000e+18
-1.00000e+18
-1.00000e+18
-1.00000e+18
-1.00000e+18
-1.00000e+18
-1.00000e+18
-1.00000e+18
-1.00000e+18
-1.00000e+18
-1.00000e+18
-1.00000e+18
-1.00000e+18
-1.00000e+18
-1.00000e+18
-1.00000e+18
-1.00000e+18
-1.00000e+18
-1.00000e+18
-1.00000e+18
-1.00000e+18
-1.00000e+18
-1.00000e+18
-1.00000e+18
-1.00000e+18
-1.00000e+18
-1.00000e+18
-1.00000e+18
-1.00000e+18
-1.00000e+18
-1.00000e+18
-1.00000e+18
-1.00000e+18
-1.00000e+18
-1.00000e+18
-1.00000e+18
-1.00000e+18
-1.00000e+18
-1.00000e+18
-1.00000e+18
-1.00000e+18
-1.00000e+18
-1.00000e+18
-1.00000e+18
-1.00000e+18
-1.00000e+18
-1.00000e+18
-1.00000e+18
-1.00000e+18
-1.00000e+18
-1.00000e+18
-1.00000e+18
-1.00000e+18
-1.00000e+18
-1.00000e+18
-1.00000e+18
-1.00000e+18
-1.00000e+18
-1.00000e+18
-1.00000e+18
-1.00000e+18
-1.00000e+18
-1.00000e+18
-1.00000e+18
-1.00000e+18
-1.00000e+18
-1.00000e+18
-1.00000e+18
-1.00000e+18
-1.00000e+18
-1.00000e+18
-1.00000e+18
-1.00000e+18
-1.00000e+18
-1.00000e+18
-1.00000e+18
-1.00000e+18
-1.00000e+18
-1.00000e+18
-1.00000e+18
-1.00000e+18
-1.00000e+18
-1.00000e+18
-1.00000e+18
-1.00000e+18
-1.00000e+18
-1.00000e+18
-1.00000e+18
-1.00000e+18
-1.00000e+18
-1.00000e+18
-1.00000e+18
-1.00000e+18
-1.00000e+18
-1.00000e+18
-1.00000e+18
-1.00000e+18
-1.00000e+18
-1.00000e+18
-1.00000e+18
-1.00000e+18
-1.00000e+18
-1.00000e+18
-1.00000e+18
-1.00000e+18
-1.00000e+18
-1.00000e+18
-1.00000e+18
-1.00000e+18
-1.00000e+18
-1.00000e+18
-1.00000e+18
-1.00000e+18
-1.00000e+18
-1.00000e+18
-1.00000e+18
-1.00000e+18
-1.00000e+18
-1.00000e+18
-1.00000e+18
-1.00000e+18
-1.00000e+18
-1.00000e+18
-1.00000e+18
-1.00000e+18
-1.00000e+18
-1.00000e+18
-1.00000e+18
-1.00000e+18
-1.00000e+18
-1.00000e+18
-1.00000e+18
-1.00000e+18
-1.00000e+18
-1.00000e+18
-1.00000e+18
-1.00000e+18
-1.00000e+18
-1.00000e+18
-1.00000e+18
-1.00000e+18
-1.00000e+18
-1.00000e+18
-1.00000e+18
-1.00000e+18
-1.00000e+18
-1.00000e+18
-1.00000e+18
-1.00000e+18
-1.00000e+18
-1.00000e+18
-1.00000e+18
-1.00000e+18
-1.00000e+18
-1.00000e+18
-1.00000e+18
-1.00000e+18
-1.00000e+18
-1.00000e+18
-1.00000e+18
-1.00000e+18
-1.00000e+18
-1.00000e+18
-1.00000e+18
-1.00000e+18
-1.00000e+18
-1.00000e+18
-1.00000e+18
-1.00000e+18
-1.00000e+18
-1.00000e+18
-1.00000e+18
-1.00000e+18
-1.00000e+18
-1.00000e+18
0.00000e+00
1.00000e+18
1.00000e+18
1.00000e+18
1.00000e+18
1.00000e+18
1.00000e+18
1.00000e+18
1.00000e+18
1.00000e+18
1.00000e+18
1.00000e+18
1.00000e+18
1.00000e+18
1.00000e+18
1.00000e+18
1.00000e+18
1.00000e+18
1.00000e+18
1.00000e+18
1.00000e+18
1.00000e+18
1.00000e+18
1.00000e+18
1.00000e+18
1.00000e+18
1.00000e+18
1.00000e+18
1.00000e+18
1.00000e+18
1.00000e+18
1.00000e+18
1.00000e+18
1.00000e+18
1.00000e+18
1.00000e+18
1.00000e+18
1.00000e+18
1.00000e+18
1.00000e+18
1.00000e+18
1.00000e+18
1.00000e+18
1.00000e+18
1.00000e+18
1.00000e+18
1.00000e+18
1.00000e+18
1.00000e+18
1.00000e+18
1.00000e+18
1.00000e+18
1.00000e+18
1.00000e+18
1.00000e+18
1.00000e+18
1.00000e+18
1.00000e+18
1.00000e+18
1.00000e+18
1.00000e+18
1.00000e+18
1.00000e+18
1.00000e+18
1.00000e+18
1.00000e+18
1.00000e+18
1.00000e+18
1.00000e+18
1.00000e+18
1.00000e+18
1.00000e+18
1.00000e+18
1.00000e+18
1.00000e+18
1.00000e+18
1.00000e+18
1.00000e+18
1.00000e+18
1.00000e+18
1.00000e+18
1.00000e+18
1.00000e+18
1.00000e+18
1.00000e+18
1.00000e+18
1.00000e+18
1.00000e+18
1.00000e+18
1.00000e+18
1.00000e+18
1.00000e+18
1.00000e+18
1.00000e+18
1.00000e+18
1.00000e+18
1.00000e+18
1.00000e+18
1.00000e+18
1.00000e+18
1.00000e+18
1.00000e+18
1.00000e+18
1.00000e+18
1.00000e+18
1.00000e+18
1.00000e+18
1.00000e+18
1.00000e+18
1.00000e+18
1.00000e+18
1.00000e+18
1.00000e+18
1.00000e+18
1.00000e+18
1.00000e+18
1.00000e+18
1.00000e+18
1.00000e+18
1.00000e+18
1.00000e+18
1.00000e+18
1.00000e+18
1.00000e+18
1.00000e+18
1.00000e+18
1.00000e+18
1.00000e+18
1.00000e+18
1.00000e+18
1.00000e+18
1.00000e+18
1.00000e+18
1.00000e+18
1.00000e+18
1.00000e+18
1.00000e+18
1.00000e+18
1.00000e+18
1.00000e+18
1.00000e+18
1.00000e+18
1.00000e+18
1.00000e+18
1.00000e+18
1.00000e+18
1.00000e+18
1.00000e+18
1.00000e+18
1.00000e+18
1.00000e+18
1.00000e+18
1.00000e+18
1.00000e+18
1.00000e+18
1.00000e+18
1.00000e+18
1.00000e+18
1.00000e+18
1.00000e+18
1.00000e+18
1.00000e+18
1.00000e+18
1.00000e+18
1.00000e+18
1.00000e+18
1.00000e+18
1.00000e+18
1.00000e+18
1.00000e+18
1.00000e+18
1.00000e+18
1.00000e+18
1.00000e+18
1.00000e+18
1.00000e+18
1.00000e+18
1.00000e+18
1.00000e+18
1.00000e+18
1.00000e+18
1.00000e+18
1.00000e+18
1.00000e+18
1.00000e+18
1.00000e+18
1.00000e+18
1.00000e+18
1.00000e+18
1.00000e+18
1.00000e+18
1.00000e+18
1.00000e+18
1.00000e+18
1.00000e+18
1.00000e+18
1.00000e+18
1.00000e+18
1.00000e+18
1.00000e+18
1.00000e+18
1.00000e+18
1.00000e+18
1.00000e+18
1.00000e+18
1.00000e+18
1.00000e+18
1.00000e+18
1.00000e+18
1.00000e+18
1.00000e+18
1.00000e+18
1.00000e+18
1.00000e+18
1.00000e+18
1.00000e+18
1.00000e+18
1.00000e+18
1.00000e+18
1.00000e+18
1.00000e+18
1.00000e+18
1.00000e+18
1.00000e+18
1.00000e+18
1.00000e+18
1.00000e+18
1.00000e+18
1.00000e+18
1.00000e+18
1.00000e+18
1.00000e+18
1.00000e+18
Region "MyRegion" on device "MyDevice" has equations 0:464
Device "MyDevice" has equations 0:464
number of equations 465
Iteration: 0
  Device: "MyDevice"	RelError: 1.00000e+00	AbsError: 8.88882e-02
    Region: "MyRegion"	RelError: 1.00000e+00	AbsError: 8.88882e-02
      Equation: "PotentialEquation"	RelError: 1.00000e+00	AbsError: 8.88882e-02
Iteration: 1
  Device: "MyDevice"	RelError: 4.91285e-01	AbsError: 8.58427e-02
    Region: "MyRegion"	RelError: 4.91285e-01	AbsError: 8.58427e-02
      Equation: "PotentialEquation"	RelError: 4.91285e-01	AbsError: 8.58427e-02
Iteration: 2
  Device: "MyDevice"	RelError: 3.20761e-01	AbsError: 8.25143e-02
    Region: "MyRegion"	RelError: 3.20761e-01	AbsError: 8.25143e-02
      Equation: "PotentialEquation"	RelError: 3.20761e-01	AbsError: 8.25143e-02
Iteration: 3
  Device: "MyDevice"	RelError: 2.34478e-01	AbsError: 7.87938e-02
    Region: "MyRegion"	RelError: 2.34478e-01	AbsError: 7.87938e-02
      Equation: "PotentialEquation"	RelError: 2.34478e-01	AbsError: 7.87938e-02
Iteration: 4
  Device: "MyDevice"	RelError: 1.94308e-01	AbsError: 7.35513e-02
    Region: "MyRegion"	RelError: 1.94308e-01	AbsError: 7.35513e-02
      Equation: "PotentialEquation"	RelError: 1.94308e-01	AbsError: 7.35513e-02
Iteration: 5
  Device: "MyDevice"	RelError: 2.20512e+00	AbsError: 5.56633e-02
    Region: "MyRegion"	RelError: 2.20512e+00	AbsError: 5.56633e-02
      Equation: "PotentialEquation"	RelError: 2.20512e+00	AbsError: 5.56633e-02
Iteration: 6
  Device: "MyDevice"	RelError: 4.42954e-01	AbsError: 3.95692e-02
    Region: "MyRegion"	RelError: 4.42954e-01	AbsError: 3.95692e-02
      Equation: "PotentialEquation"	RelError: 4.42954e-01	AbsError: 3.95692e-02
Iteration: 7
  Device: "MyDevice"	RelError: 6.44444e-02	AbsError: 2.91367e-02
    Region: "MyRegion"	RelError: 6.44444e-02	AbsError: 2.91367e-02
      Equation: "PotentialEquation"	RelError: 6.44444e-02	AbsError: 2.91367e-02
Iteration: 8
  Device: "MyDevice"	RelError: 5.18778e-02	AbsError: 2.47384e-02
    Region: "MyRegion"	RelError: 5.18778e-02	AbsError: 2.47384e-02
      Equation: "PotentialEquation"	RelError: 5.18778e-02	AbsError: 2.47384e-02
Iteration: 9
  Device: "MyDevice"	RelError: 8.86327e-04	AbsError: 4.22634e-04
    Region: "MyRegion"	RelError: 8.86327e-04	AbsError: 4.22634e-04
      Equation: "PotentialEquation"	RelError: 8.86327e-04	AbsError: 4.22634e-04
Iteration: 10
  Device: "MyDevice"	RelError: 4.57979e-06	AbsError: 9.93520e-07
    Region: "MyRegion"	RelError: 4.57979e-06	AbsError: 9.93520e-07
      Equation: "PotentialEquation"	RelError: 4.57979e-06	AbsError: 9.93520e-07
Iteration: 11
  Device: "MyDevice"	RelError: 9.66543e-11	AbsError: 7.81757e-12
    Region: "MyRegion"	RelError: 9.66543e-11	AbsError: 7.81757e-12
      Equation: "PotentialEquation"	RelError: 9.66543e-11	AbsError: 7.81757e-12
Warning: Replacing equation with equation of the same name.
Region: MyRegion, Equation: PotentialEquation, Variable: Potential
Region "MyRegion" on device "MyDevice" has equations 0:1394
Device "MyDevice" has equations 0:1394
number of equations 1395
Iteration: 0
  Device: "MyDevice"	RelError: 1.16546e-13	AbsError: 1.02400e+04
    Region: "MyRegion"	RelError: 1.16546e-13	AbsError: 1.02400e+04
      Equation: "ElectronContinuityEquation"	RelError: 9.75526e-15	AbsError: 5.12000e+03
      Equation: "HoleContinuityEquation"	RelError: 1.17772e-14	AbsError: 5.12000e+03
      Equation: "PotentialEquation"	RelError: 9.50135e-14	AbsError: 1.26655e-16
Region "MyRegion" on device "MyDevice" has equations 0:1394
Device "MyDevice" has equations 0:1394
number of equations 1395
Iteration: 0
  Device: "MyDevice"	RelError: 1.83881e-13	AbsError: 3.31497e+02
    Region: "MyRegion"	RelError: 1.83881e-13	AbsError: 3.31497e+02
      Equation: "ElectronContinuityEquation"	RelError: 4.09928e-15	AbsError: 1.62069e+02
      Equation: "HoleContinuityEquation"	RelError: 5.74315e-15	AbsError: 1.69428e+02
      Equation: "PotentialEquation"	RelError: 1.74038e-13	AbsError: 5.72760e-17
top	0.0	-6.34131668409e-25	-2.15588544345e-09	-2.15588544345e-09
bot	0.0	1.07866002662e-07	5.70128259829e-24	1.07866002662e-07
Region "MyRegion" on device "MyDevice" has equations 0:1394
Device "MyDevice" has equations 0:1394
number of equations 1395
Iteration: 0
  Device: "MyDevice"	RelError: 1.81030e+02	AbsError: 2.69980e+17
    Region: "MyRegion"	RelError: 1.81030e+02	AbsError: 2.69980e+17
      Equation: "ElectronContinuityEquation"	RelError: 8.50868e-01	AbsError: 1.75542e+17
      Equation: "HoleContinuityEquation"	RelError: 8.46334e-01	AbsError: 9.44383e+16
      Equation: "PotentialEquation"	RelError: 1.79333e+02	AbsError: 4.09542e-02
Iteration: 1
  Device: "MyDevice"	RelError: 7.73358e+01	AbsError: 9.24764e+16
    Region: "MyRegion"	RelError: 7.73358e+01	AbsError: 9.24764e+16
      Equation: "ElectronContinuityEquation"	RelError: 8.14236e-01	AbsError: 4.73938e+16
      Equation: "HoleContinuityEquation"	RelError: 8.69171e-01	AbsError: 4.50826e+16
      Equation: "PotentialEquation"	RelError: 7.56524e+01	AbsError: 3.07632e-02
Iteration: 2
  Device: "MyDevice"	RelError: 2.56008e+02	AbsError: 4.76527e+16
    Region: "MyRegion"	RelError: 2.56008e+02	AbsError: 4.76527e+16
      Equation: "ElectronContinuityEquation"	RelError: 1.02160e+00	AbsError: 2.44412e+16
      Equation: "HoleContinuityEquation"	RelError: 7.20874e-01	AbsError: 2.32115e+16
      Equation: "PotentialEquation"	RelError: 2.54265e+02	AbsError: 2.56962e-02
Iteration: 3
  Device: "MyDevice"	RelError: 4.13834e+01	AbsError: 6.94004e+15
    Region: "MyRegion"	RelError: 4.13834e+01	AbsError: 6.94004e+15
      Equation: "ElectronContinuityEquation"	RelError: 1.48499e-01	AbsError: 3.79634e+15
      Equation: "HoleContinuityEquation"	RelError: 1.30785e-01	AbsError: 3.14370e+15
      Equation: "PotentialEquation"	RelError: 4.11041e+01	AbsError: 9.16533e-03
Iteration: 4
  Device: "MyDevice"	RelError: 1.62574e+00	AbsError: 3.55024e+15
    Region: "MyRegion"	RelError: 1.62574e+00	AbsError: 3.55024e+15
      Equation: "ElectronContinuityEquation"	RelError: 9.08930e-02	AbsError: 1.76982e+15
      Equation: "HoleContinuityEquation"	RelError: 5.33134e-02	AbsError: 1.78043e+15
      Equation: "PotentialEquation"	RelError: 1.48153e+00	AbsError: 1.60991e-03
Iteration: 5
  Device: "MyDevice"	RelError: 4.41958e-03	AbsError: 8.37763e+12
    Region: "MyRegion"	RelError: 4.41958e-03	AbsError: 8.37763e+12
      Equation: "ElectronContinuityEquation"	RelError: 2.52803e-03	AbsError: 3.71224e+12
      Equation: "HoleContinuityEquation"	RelError: 1.67902e-03	AbsError: 4.66539e+12
      Equation: "PotentialEquation"	RelError: 2.12531e-04	AbsError: 4.82340e-07
Iteration: 6
  Device: "MyDevice"	RelError: 1.63681e-06	AbsError: 1.56464e+10
    Region: "MyRegion"	RelError: 1.63681e-06	AbsError: 1.56464e+10
      Equation: "ElectronContinuityEquation"	RelError: 2.67120e-07	AbsError: 2.69564e+08
      Equation: "HoleContinuityEquation"	RelError: 4.36035e-08	AbsError: 1.53768e+10
      Equation: "PotentialEquation"	RelError: 1.32609e-06	AbsError: 8.05091e-10
Iteration: 7
  Device: "MyDevice"	RelError: 2.97504e-08	AbsError: 8.58181e+07
    Region: "MyRegion"	RelError: 2.97504e-08	AbsError: 8.58181e+07
      Equation: "ElectronContinuityEquation"	RelError: 3.58949e-09	AbsError: 3.58407e+07
      Equation: "HoleContinuityEquation"	RelError: 1.12631e-09	AbsError: 4.99774e+07
      Equation: "PotentialEquation"	RelError: 2.50346e-08	AbsError: 3.00309e-11
Iteration: 8
  Device: "MyDevice"	RelError: 8.03365e-11	AbsError: 2.68434e+05
    Region: "MyRegion"	RelError: 8.03365e-11	AbsError: 2.68434e+05
      Equation: "ElectronContinuityEquation"	RelError: 1.28101e-11	AbsError: 1.00395e+05
      Equation: "HoleContinuityEquation"	RelError: 3.04864e-12	AbsError: 1.68039e+05
      Equation: "PotentialEquation"	RelError: 6.44777e-11	AbsError: 8.13052e-14
top	0.1	2.77590536308e-09	1.13147225967e-07	1.1592313133e-07
bot	0.0	-1.17372668433e-07	-1.38812155524e-09	-1.18760789988e-07
Region "MyRegion" on device "MyDevice" has equations 0:1394
Device "MyDevice" has equations 0:1394
number of equations 1395
Iteration: 0
  Device: "MyDevice"	RelError: 3.77831e+01	AbsError: 1.96778e+17
    Region: "MyRegion"	RelError: 3.77831e+01	AbsError: 1.96778e+17
      Equation: "ElectronContinuityEquation"	RelError: 8.17734e-01	AbsError: 9.97354e+16
      Equation: "HoleContinuityEquation"	RelError: 7.71989e-01	AbsError: 9.70425e+16
      Equation: "PotentialEquation"	RelError: 3.61934e+01	AbsError: 4.09542e-02
Iteration: 1
  Device: "MyDevice"	RelError: 2.97944e+01	AbsError: 6.04514e+16
    Region: "MyRegion"	RelError: 2.97944e+01	AbsError: 6.04514e+16
      Equation: "ElectronContinuityEquation"	RelError: 6.23669e-01	AbsError: 1.25886e+16
      Equation: "HoleContinuityEquation"	RelError: 6.99086e-01	AbsError: 4.78629e+16
      Equation: "PotentialEquation"	RelError: 2.84717e+01	AbsError: 3.07632e-02
Iteration: 2
  Device: "MyDevice"	RelError: 7.53734e+00	AbsError: 5.68981e+16
    Region: "MyRegion"	RelError: 7.53734e+00	AbsError: 5.68981e+16
      Equation: "ElectronContinuityEquation"	RelError: 5.12970e-01	AbsError: 8.80177e+15
      Equation: "HoleContinuityEquation"	RelError: 5.69968e-01	AbsError: 4.80963e+16
      Equation: "PotentialEquation"	RelError: 6.45440e+00	AbsError: 2.57667e-02
Iteration: 3
  Device: "MyDevice"	RelError: 9.60761e-01	AbsError: 7.51237e+15
    Region: "MyRegion"	RelError: 9.60761e-01	AbsError: 7.51237e+15
      Equation: "ElectronContinuityEquation"	RelError: 3.86869e-01	AbsError: 1.15648e+15
      Equation: "HoleContinuityEquation"	RelError: 2.33697e-01	AbsError: 6.35589e+15
      Equation: "PotentialEquation"	RelError: 3.40195e-01	AbsError: 9.16533e-03
Iteration: 4
  Device: "MyDevice"	RelError: 1.49285e-01	AbsError: 1.17167e+15
    Region: "MyRegion"	RelError: 1.49285e-01	AbsError: 1.17167e+15
      Equation: "ElectronContinuityEquation"	RelError: 9.57374e-02	AbsError: 1.54813e+14
      Equation: "HoleContinuityEquation"	RelError: 9.59149e-03	AbsError: 1.01685e+15
      Equation: "PotentialEquation"	RelError: 4.39563e-02	AbsError: 1.04278e-04
Iteration: 5
  Device: "MyDevice"	RelError: 3.38996e-04	AbsError: 3.29218e+12
    Region: "MyRegion"	RelError: 3.38996e-04	AbsError: 3.29218e+12
      Equation: "ElectronContinuityEquation"	RelError: 7.05757e-05	AbsError: 4.52738e+11
      Equation: "HoleContinuityEquation"	RelError: 5.25571e-06	AbsError: 2.83945e+12
      Equation: "PotentialEquation"	RelError: 2.63165e-04	AbsError: 3.95965e-07
Iteration: 6
  Device: "MyDevice"	RelError: 1.72460e-06	AbsError: 1.00759e+10
    Region: "MyRegion"	RelError: 1.72460e-06	AbsError: 1.00759e+10
      Equation: "ElectronContinuityEquation"	RelError: 8.23740e-08	AbsError: 2.89471e+09
      Equation: "HoleContinuityEquation"	RelError: 9.24951e-08	AbsError: 7.18117e+09
      Equation: "PotentialEquation"	RelError: 1.54973e-06	AbsError: 2.42877e-09
Iteration: 7
  Device: "MyDevice"	RelError: 1.64543e-09	AbsError: 1.62739e+07
    Region: "MyRegion"	RelError: 1.64543e-09	AbsError: 1.62739e+07
      Equation: "ElectronContinuityEquation"	RelError: 8.87171e-11	AbsError: 2.67961e+06
      Equation: "HoleContinuityEquation"	RelError: 8.65126e-11	AbsError: 1.35943e+07
      Equation: "PotentialEquation"	RelError: 1.47020e-09	AbsError: 2.27162e-12
Iteration: 8
  Device: "MyDevice"	RelError: 5.58355e-12	AbsError: 2.57706e+04
    Region: "MyRegion"	RelError: 5.58355e-12	AbsError: 2.57706e+04
      Equation: "ElectronContinuityEquation"	RelError: 3.86055e-13	AbsError: 8.76380e+03
      Equation: "HoleContinuityEquation"	RelError: 4.07491e-13	AbsError: 1.70068e+04
      Equation: "PotentialEquation"	RelError: 4.79000e-12	AbsError: 7.40276e-15
top	0.2	1.28329442858e-07	1.00906751457e-06	1.13739695743e-06
bot	0.0	-1.03513898029e-06	-6.41720126802e-08	-1.09931099297e-06
Region "MyRegion" on device "MyDevice" has equations 0:1394
Device "MyDevice" has equations 0:1394
number of equations 1395
Iteration: 0
  Device: "MyDevice"	RelError: 2.78062e+01	AbsError: 2.40654e+17
    Region: "MyRegion"	RelError: 2.78062e+01	AbsError: 2.40654e+17
      Equation: "ElectronContinuityEquation"	RelError: 7.89851e-01	AbsError: 1.19918e+17
      Equation: "HoleContinuityEquation"	RelError: 7.94555e-01	AbsError: 1.20736e+17
      Equation: "PotentialEquation"	RelError: 2.62218e+01	AbsError: 4.10103e-02
Iteration: 1
  Device: "MyDevice"	RelError: 2.77897e+01	AbsError: 2.94434e+16
    Region: "MyRegion"	RelError: 2.77897e+01	AbsError: 2.94434e+16
      Equation: "ElectronContinuityEquation"	RelError: 6.97171e-01	AbsError: 1.52569e+16
      Equation: "HoleContinuityEquation"	RelError: 7.81915e-01	AbsError: 1.41865e+16
      Equation: "PotentialEquation"	RelError: 2.63106e+01	AbsError: 3.07763e-02
Iteration: 2
  Device: "MyDevice"	RelError: 1.30438e+01	AbsError: 3.61125e+15
    Region: "MyRegion"	RelError: 1.30438e+01	AbsError: 3.61125e+15
      Equation: "ElectronContinuityEquation"	RelError: 5.03924e-01	AbsError: 1.27370e+15
      Equation: "HoleContinuityEquation"	RelError: 4.80906e-01	AbsError: 2.33755e+15
      Equation: "PotentialEquation"	RelError: 1.20590e+01	AbsError: 2.57085e-02
Iteration: 3
  Device: "MyDevice"	RelError: 4.72180e-01	AbsError: 1.22535e+15
    Region: "MyRegion"	RelError: 4.72180e-01	AbsError: 1.22535e+15
      Equation: "ElectronContinuityEquation"	RelError: 2.82452e-01	AbsError: 2.03480e+14
      Equation: "HoleContinuityEquation"	RelError: 7.82775e-02	AbsError: 1.02187e+15
      Equation: "PotentialEquation"	RelError: 1.11450e-01	AbsError: 9.16533e-03
Iteration: 4
  Device: "MyDevice"	RelError: 1.90293e-01	AbsError: 1.23752e+15
    Region: "MyRegion"	RelError: 1.90293e-01	AbsError: 1.23752e+15
      Equation: "ElectronContinuityEquation"	RelError: 7.60308e-02	AbsError: 1.53852e+14
      Equation: "HoleContinuityEquation"	RelError: 5.13772e-03	AbsError: 1.08367e+15
      Equation: "PotentialEquation"	RelError: 1.09125e-01	AbsError: 1.32761e-04
Iteration: 5
  Device: "MyDevice"	RelError: 2.44879e-04	AbsError: 1.54712e+14
    Region: "MyRegion"	RelError: 2.44879e-04	AbsError: 1.54712e+14
      Equation: "ElectronContinuityEquation"	RelError: 1.43700e-04	AbsError: 1.43674e+14
      Equation: "HoleContinuityEquation"	RelError: 9.33757e-05	AbsError: 1.10386e+13
      Equation: "PotentialEquation"	RelError: 7.80330e-06	AbsError: 3.72104e-06
Iteration: 6
  Device: "MyDevice"	RelError: 1.09336e-06	AbsError: 3.15200e+11
    Region: "MyRegion"	RelError: 1.09336e-06	AbsError: 3.15200e+11
      Equation: "ElectronContinuityEquation"	RelError: 2.32585e-07	AbsError: 1.15733e+11
      Equation: "HoleContinuityEquation"	RelError: 2.17795e-07	AbsError: 1.99467e+11
      Equation: "PotentialEquation"	RelError: 6.42981e-07	AbsError: 5.63732e-09
Iteration: 7
  Device: "MyDevice"	RelError: 1.84569e-08	AbsError: 1.05199e+10
    Region: "MyRegion"	RelError: 1.84569e-08	AbsError: 1.05199e+10
      Equation: "ElectronContinuityEquation"	RelError: 9.13880e-09	AbsError: 9.13711e+09
      Equation: "HoleContinuityEquation"	RelError: 5.83772e-09	AbsError: 1.38280e+09
      Equation: "PotentialEquation"	RelError: 3.48039e-09	AbsError: 2.33674e-10
Iteration: 8
  Device: "MyDevice"	RelError: 7.02517e-11	AbsError: 2.81814e+07
    Region: "MyRegion"	RelError: 7.02517e-11	AbsError: 2.81814e+07
      Equation: "ElectronContinuityEquation"	RelError: 2.11169e-11	AbsError: 1.20127e+07
      Equation: "HoleContinuityEquation"	RelError: 1.76544e-11	AbsError: 1.61687e+07
      Equation: "PotentialEquation"	RelError: 3.14804e-11	AbsError: 4.56971e-13
top	0.3	5.80684829016e-06	1.01167909227e-05	1.59236392129e-05
bot	0.0	-1.29714915691e-05	-2.90373085355e-06	-1.58752224226e-05
Region "MyRegion" on device "MyDevice" has equations 0:1394
Device "MyDevice" has equations 0:1394
number of equations 1395
Iteration: 0
  Device: "MyDevice"	RelError: 7.64041e+02	AbsError: 2.62655e+17
    Region: "MyRegion"	RelError: 7.64041e+02	AbsError: 2.62655e+17
      Equation: "ElectronContinuityEquation"	RelError: 7.91090e-01	AbsError: 1.27130e+17
      Equation: "HoleContinuityEquation"	RelError: 7.92797e-01	AbsError: 1.35526e+17
      Equation: "PotentialEquation"	RelError: 7.62457e+02	AbsError: 4.09542e-02
Iteration: 1
  Device: "MyDevice"	RelError: 6.74677e+02	AbsError: 1.98528e+17
    Region: "MyRegion"	RelError: 6.74677e+02	AbsError: 1.98528e+17
      Equation: "ElectronContinuityEquation"	RelError: 6.88323e-01	AbsError: 9.05091e+16
      Equation: "HoleContinuityEquation"	RelError: 7.79501e-01	AbsError: 1.08019e+17
      Equation: "PotentialEquation"	RelError: 6.73209e+02	AbsError: 3.08012e-02
Iteration: 2
  Device: "MyDevice"	RelError: 1.93892e+01	AbsError: 5.47615e+15
    Region: "MyRegion"	RelError: 1.93892e+01	AbsError: 5.47615e+15
      Equation: "ElectronContinuityEquation"	RelError: 5.08745e-01	AbsError: 3.05001e+15
      Equation: "HoleContinuityEquation"	RelError: 5.05094e-01	AbsError: 2.42614e+15
      Equation: "PotentialEquation"	RelError: 1.83754e+01	AbsError: 2.57585e-02
Iteration: 3
  Device: "MyDevice"	RelError: 4.79989e-01	AbsError: 8.45060e+14
    Region: "MyRegion"	RelError: 4.79989e-01	AbsError: 8.45060e+14
      Equation: "ElectronContinuityEquation"	RelError: 2.83357e-01	AbsError: 9.33859e+13
      Equation: "HoleContinuityEquation"	RelError: 7.49798e-02	AbsError: 7.51674e+14
      Equation: "PotentialEquation"	RelError: 1.21652e-01	AbsError: 9.19624e-03
Iteration: 4
  Device: "MyDevice"	RelError: 8.65613e-02	AbsError: 5.73581e+14
    Region: "MyRegion"	RelError: 8.65613e-02	AbsError: 5.73581e+14
      Equation: "ElectronContinuityEquation"	RelError: 7.76872e-02	AbsError: 3.45412e+14
      Equation: "HoleContinuityEquation"	RelError: 5.13020e-04	AbsError: 2.28169e+14
      Equation: "PotentialEquation"	RelError: 8.36111e-03	AbsError: 8.99462e-06
Iteration: 5
  Device: "MyDevice"	RelError: 1.54890e-05	AbsError: 2.16728e+11
    Region: "MyRegion"	RelError: 1.54890e-05	AbsError: 2.16728e+11
      Equation: "ElectronContinuityEquation"	RelError: 1.53143e-05	AbsError: 2.05829e+11
      Equation: "HoleContinuityEquation"	RelError: 1.62842e-07	AbsError: 1.08999e+10
      Equation: "PotentialEquation"	RelError: 1.18022e-08	AbsError: 3.78355e-09
Iteration: 6
  Device: "MyDevice"	RelError: 5.65886e-12	AbsError: 3.33386e+06
    Region: "MyRegion"	RelError: 5.65886e-12	AbsError: 3.33386e+06
      Equation: "ElectronContinuityEquation"	RelError: 3.33402e-12	AbsError: 3.33361e+06
      Equation: "HoleContinuityEquation"	RelError: 2.14458e-12	AbsError: 2.48796e+02
      Equation: "PotentialEquation"	RelError: 1.80257e-13	AbsError: 8.59567e-14
top	0.4	0.000262212527169	0.000186540405211	0.00044875293238
bot	0.0	-0.000317701686484	-0.000131119055845	-0.000448820742329
Region "MyRegion" on device "MyDevice" has equations 0:1394
Device "MyDevice" has equations 0:1394
number of equations 1395
Iteration: 0
  Device: "MyDevice"	RelError: 1.75291e+02	AbsError: 2.79353e+17
    Region: "MyRegion"	RelError: 1.75291e+02	AbsError: 2.79353e+17
      Equation: "ElectronContinuityEquation"	RelError: 7.92056e-01	AbsError: 1.39695e+17
      Equation: "HoleContinuityEquation"	RelError: 7.92190e-01	AbsError: 1.39658e+17
      Equation: "PotentialEquation"	RelError: 1.73706e+02	AbsError: 4.09542e-02
Iteration: 1
  Device: "MyDevice"	RelError: 1.74840e+02	AbsError: 4.71028e+16
    Region: "MyRegion"	RelError: 1.74840e+02	AbsError: 4.71028e+16
      Equation: "ElectronContinuityEquation"	RelError: 6.87375e-01	AbsError: 2.46423e+16
      Equation: "HoleContinuityEquation"	RelError: 7.76708e-01	AbsError: 2.24605e+16
      Equation: "PotentialEquation"	RelError: 1.73376e+02	AbsError: 3.07632e-02
Iteration: 2
  Device: "MyDevice"	RelError: 2.37604e+00	AbsError: 7.26852e+15
    Region: "MyRegion"	RelError: 2.37604e+00	AbsError: 7.26852e+15
      Equation: "ElectronContinuityEquation"	RelError: 5.06857e-01	AbsError: 4.31946e+15
      Equation: "HoleContinuityEquation"	RelError: 5.01224e-01	AbsError: 2.94906e+15
      Equation: "PotentialEquation"	RelError: 1.36796e+00	AbsError: 2.57724e-02
Iteration: 3
  Device: "MyDevice"	RelError: 7.54604e-01	AbsError: 3.00606e+14
    Region: "MyRegion"	RelError: 7.54604e-01	AbsError: 3.00606e+14
      Equation: "ElectronContinuityEquation"	RelError: 2.83977e-01	AbsError: 7.59273e+13
      Equation: "HoleContinuityEquation"	RelError: 7.45502e-02	AbsError: 2.24679e+14
      Equation: "PotentialEquation"	RelError: 3.96077e-01	AbsError: 9.16533e-03
Iteration: 4
  Device: "MyDevice"	RelError: 7.62864e-02	AbsError: 8.98273e+13
    Region: "MyRegion"	RelError: 7.62864e-02	AbsError: 8.98273e+13
      Equation: "ElectronContinuityEquation"	RelError: 7.59885e-02	AbsError: 5.86181e+12
      Equation: "HoleContinuityEquation"	RelError: 2.23489e-04	AbsError: 8.39655e+13
      Equation: "PotentialEquation"	RelError: 7.44869e-05	AbsError: 3.10513e-06
Iteration: 5
  Device: "MyDevice"	RelError: 4.20536e-06	AbsError: 1.72795e+09
    Region: "MyRegion"	RelError: 4.20536e-06	AbsError: 1.72795e+09
      Equation: "ElectronContinuityEquation"	RelError: 4.18811e-06	AbsError: 1.67215e+08
      Equation: "HoleContinuityEquation"	RelError: 1.66112e-08	AbsError: 1.56074e+09
      Equation: "PotentialEquation"	RelError: 6.42680e-10	AbsError: 1.92564e-11
Iteration: 6
  Device: "MyDevice"	RelError: 9.09018e-14	AbsError: 1.56100e+04
    Region: "MyRegion"	RelError: 9.09018e-14	AbsError: 1.56100e+04
      Equation: "ElectronContinuityEquation"	RelError: 6.22687e-14	AbsError: 1.53917e+04
      Equation: "HoleContinuityEquation"	RelError: 2.77879e-14	AbsError: 2.18347e+02
      Equation: "PotentialEquation"	RelError: 8.45245e-16	AbsError: 4.03061e-16
top	0.5	0.0118105431753	0.00634461199801	0.0181551551733
bot	0.0	-0.0122494226315	-0.00590579888093	-0.0181552215125
