
----------------------------------------

 DEVSIM

 Version: Beta 0.01

 Copyright 2009-2013 Devsim LLC

----------------------------------------


Physical group name body_contact has 0 Tetrahedra.
Physical group name body_contact has 0 Triangles.
Physical group name body_contact has 49 Lines.
Physical group name body_contact has 50 Points.
Physical group name bulk has 0 Tetrahedra.
Physical group name bulk has 4255 Triangles.
Physical group name bulk has 6503 Lines.
Physical group name bulk has 2249 Points.
Physical group name bulk_oxide_interface has 0 Tetrahedra.
Physical group name bulk_oxide_interface has 0 Triangles.
Physical group name bulk_oxide_interface has 100 Lines.
Physical group name bulk_oxide_interface has 101 Points.
Physical group name drain_contact has 0 Tetrahedra.
Physical group name drain_contact has 0 Triangles.
Physical group name drain_contact has 27 Lines.
Physical group name drain_contact has 28 Points.
Physical group name gate has 0 Tetrahedra.
Physical group name gate has 57 Triangles.
Physical group name gate has 95 Lines.
Physical group name gate has 39 Points.
Physical group name gate_contact has 0 Tetrahedra.
Physical group name gate_contact has 0 Triangles.
Physical group name gate_contact has 4 Lines.
Physical group name gate_contact has 5 Points.
Physical group name gate_oxide_interface has 0 Tetrahedra.
Physical group name gate_oxide_interface has 0 Triangles.
Physical group name gate_oxide_interface has 5 Lines.
Physical group name gate_oxide_interface has 6 Points.
Physical group name oxide has 0 Tetrahedra.
Physical group name oxide has 1207 Triangles.
Physical group name oxide has 1872 Lines.
Physical group name oxide has 666 Points.
Physical group name source_contact has 0 Tetrahedra.
Physical group name source_contact has 0 Triangles.
Physical group name source_contact has 27 Lines.
Physical group name source_contact has 28 Points.
Device mos2d has 2847 coordinates with max index 2847
group bulk has 2249 nodes.
Region bulk has 2249 nodes.
Region bulk has 2249 nodes.
group gate has 39 nodes.
Region gate has 39 nodes.
Region gate has 39 nodes.
group oxide has 666 nodes.
Region oxide has 666 nodes.
Region oxide has 666 nodes.
group body_contact has 50 nodes.
Contact body in region bulk with 50 nodes
group drain_contact has 28 nodes.
Contact drain in region bulk with 28 nodes
group gate_contact has 5 nodes.
Contact gate in region gate with 5 nodes
group source_contact has 28 nodes.
Contact source in region bulk with 28 nodes
group bulk_oxide_interface has 101 nodes.
Warning, contact "source" shares a node with interface "bulk_oxide"
Warning, contact "drain" shares a node with interface "bulk_oxide"
Adding interface bulk_oxide with 101, 101 nodes
group gate_oxide_interface has 6 nodes.
Adding interface gate_oxide with 6, 6 nodes
bulk body
bulk drain
gate gate
bulk source
Region "bulk" on device "mos2d" has equations 0:2248
Region "gate" on device "mos2d" has equations 2249:2287
Region "oxide" on device "mos2d" has equations 2288:2953
Device "mos2d" has equations 0:2953
number of equations 2954
Iteration: 0
  Device: "mos2d"	RelError: 3.00000e+00	AbsError: 2.62012e-01
    Region: "bulk"	RelError: 1.00000e+00	AbsError: 2.16122e-01
      Equation: "PotentialEquation"	RelError: 1.00000e+00	AbsError: 2.16122e-01
    Region: "gate"	RelError: 1.00000e+00	AbsError: 2.62012e-01
      Equation: "PotentialEquation"	RelError: 1.00000e+00	AbsError: 2.62012e-01
    Region: "oxide"	RelError: 1.00000e+00	AbsError: 2.61732e-01
      Equation: "PotentialEquation"	RelError: 1.00000e+00	AbsError: 2.61732e-01
Iteration: 1
  Device: "mos2d"	RelError: 1.49679e+00	AbsError: 2.60773e-01
    Region: "bulk"	RelError: 4.99020e-01	AbsError: 2.14804e-01
      Equation: "PotentialEquation"	RelError: 4.99020e-01	AbsError: 2.14804e-01
    Region: "gate"	RelError: 4.98963e-01	AbsError: 2.60773e-01
      Equation: "PotentialEquation"	RelError: 4.98963e-01	AbsError: 2.60773e-01
    Region: "oxide"	RelError: 4.98808e-01	AbsError: 2.60485e-01
      Equation: "PotentialEquation"	RelError: 4.98808e-01	AbsError: 2.60485e-01
Iteration: 2
  Device: "mos2d"	RelError: 2.18169e+00	AbsError: 1.41155e-01
    Region: "bulk"	RelError: 1.55131e+00	AbsError: 1.41155e-01
      Equation: "PotentialEquation"	RelError: 1.55131e+00	AbsError: 1.41155e-01
    Region: "gate"	RelError: 3.16582e-01	AbsError: 1.32593e-01
      Equation: "PotentialEquation"	RelError: 3.16582e-01	AbsError: 1.32593e-01
    Region: "oxide"	RelError: 3.13793e-01	AbsError: 8.39856e-02
      Equation: "PotentialEquation"	RelError: 3.13793e-01	AbsError: 8.39856e-02
Iteration: 3
  Device: "mos2d"	RelError: 3.95275e+01	AbsError: 8.14615e-02
    Region: "bulk"	RelError: 3.90731e+01	AbsError: 8.14615e-02
      Equation: "PotentialEquation"	RelError: 3.90731e+01	AbsError: 8.14615e-02
    Region: "gate"	RelError: 2.29097e-01	AbsError: 7.00000e-02
      Equation: "PotentialEquation"	RelError: 2.29097e-01	AbsError: 7.00000e-02
    Region: "oxide"	RelError: 2.25324e-01	AbsError: 6.51495e-02
      Equation: "PotentialEquation"	RelError: 2.25324e-01	AbsError: 6.51495e-02
Iteration: 4
  Device: "mos2d"	RelError: 1.50737e+02	AbsError: 7.89878e-02
    Region: "bulk"	RelError: 1.50392e+02	AbsError: 7.89878e-02
      Equation: "PotentialEquation"	RelError: 1.50392e+02	AbsError: 7.89878e-02
    Region: "gate"	RelError: 1.75024e-01	AbsError: 6.48239e-02
      Equation: "PotentialEquation"	RelError: 1.75024e-01	AbsError: 6.48239e-02
    Region: "oxide"	RelError: 1.70099e-01	AbsError: 5.92624e-02
      Equation: "PotentialEquation"	RelError: 1.70099e-01	AbsError: 5.92624e-02
Iteration: 5
  Device: "mos2d"	RelError: 1.82821e+03	AbsError: 7.62736e-02
    Region: "bulk"	RelError: 1.82794e+03	AbsError: 7.62736e-02
      Equation: "PotentialEquation"	RelError: 1.82794e+03	AbsError: 7.62736e-02
    Region: "gate"	RelError: 1.37182e-01	AbsError: 5.88866e-02
      Equation: "PotentialEquation"	RelError: 1.37182e-01	AbsError: 5.88866e-02
    Region: "oxide"	RelError: 1.30784e-01	AbsError: 5.24208e-02
      Equation: "PotentialEquation"	RelError: 1.30784e-01	AbsError: 5.24208e-02
Iteration: 6
  Device: "mos2d"	RelError: 1.75376e+02	AbsError: 7.37354e-02
    Region: "bulk"	RelError: 1.75168e+02	AbsError: 7.37354e-02
      Equation: "PotentialEquation"	RelError: 1.75168e+02	AbsError: 7.37354e-02
    Region: "gate"	RelError: 1.08015e-01	AbsError: 5.19808e-02
      Equation: "PotentialEquation"	RelError: 1.08015e-01	AbsError: 5.19808e-02
    Region: "oxide"	RelError: 9.96468e-02	AbsError: 4.43609e-02
      Equation: "PotentialEquation"	RelError: 9.96468e-02	AbsError: 4.43609e-02
Iteration: 7
  Device: "mos2d"	RelError: 1.32380e+02	AbsError: 7.20749e-02
    Region: "bulk"	RelError: 1.32224e+02	AbsError: 7.20749e-02
      Equation: "PotentialEquation"	RelError: 1.32224e+02	AbsError: 7.20749e-02
    Region: "gate"	RelError: 8.34915e-02	AbsError: 4.38395e-02
      Equation: "PotentialEquation"	RelError: 8.34915e-02	AbsError: 4.38395e-02
    Region: "oxide"	RelError: 7.24849e-02	AbsError: 3.47907e-02
      Equation: "PotentialEquation"	RelError: 7.24849e-02	AbsError: 3.47907e-02
Iteration: 8
  Device: "mos2d"	RelError: 1.87614e+03	AbsError: 6.95617e-02
    Region: "bulk"	RelError: 1.87604e+03	AbsError: 6.95617e-02
      Equation: "PotentialEquation"	RelError: 1.87604e+03	AbsError: 6.95617e-02
    Region: "gate"	RelError: 6.11043e-02	AbsError: 3.41726e-02
      Equation: "PotentialEquation"	RelError: 6.11043e-02	AbsError: 3.41726e-02
    Region: "oxide"	RelError: 4.68846e-02	AbsError: 2.36103e-02
      Equation: "PotentialEquation"	RelError: 4.68846e-02	AbsError: 2.36103e-02
Iteration: 9
  Device: "mos2d"	RelError: 6.99142e+01	AbsError: 6.34464e-02
    Region: "bulk"	RelError: 6.98460e+01	AbsError: 6.34464e-02
      Equation: "PotentialEquation"	RelError: 6.98460e+01	AbsError: 6.34464e-02
    Region: "gate"	RelError: 3.93513e-02	AbsError: 2.29087e-02
      Equation: "PotentialEquation"	RelError: 3.93513e-02	AbsError: 2.29087e-02
    Region: "oxide"	RelError: 2.88057e-02	AbsError: 1.49363e-02
      Equation: "PotentialEquation"	RelError: 2.88057e-02	AbsError: 1.49363e-02
Iteration: 10
  Device: "mos2d"	RelError: 6.75434e+01	AbsError: 5.07996e-02
    Region: "bulk"	RelError: 6.75200e+01	AbsError: 5.07996e-02
      Equation: "PotentialEquation"	RelError: 6.75200e+01	AbsError: 5.07996e-02
    Region: "gate"	RelError: 2.33454e-02	AbsError: 1.39156e-02
      Equation: "PotentialEquation"	RelError: 2.33454e-02	AbsError: 1.39156e-02
    Region: "oxide"	RelError: 7.10672e-06	AbsError: 2.84960e-06
      Equation: "PotentialEquation"	RelError: 7.10672e-06	AbsError: 2.84960e-06
Iteration: 11
  Device: "mos2d"	RelError: 2.53501e+01	AbsError: 3.63570e-02
    Region: "bulk"	RelError: 2.53500e+01	AbsError: 3.63570e-02
      Equation: "PotentialEquation"	RelError: 2.53500e+01	AbsError: 3.63570e-02
    Region: "gate"	RelError: 1.37683e-10	AbsError: 8.20674e-11
      Equation: "PotentialEquation"	RelError: 1.37683e-10	AbsError: 8.20674e-11
    Region: "oxide"	RelError: 4.28352e-06	AbsError: 1.71758e-06
      Equation: "PotentialEquation"	RelError: 4.28352e-06	AbsError: 1.71758e-06
Iteration: 12
  Device: "mos2d"	RelError: 1.22763e+01	AbsError: 2.58894e-02
    Region: "bulk"	RelError: 1.22763e+01	AbsError: 2.58894e-02
      Equation: "PotentialEquation"	RelError: 1.22763e+01	AbsError: 2.58894e-02
    Region: "gate"	RelError: 2.07125e-11	AbsError: 1.23459e-11
      Equation: "PotentialEquation"	RelError: 2.07125e-11	AbsError: 1.23459e-11
    Region: "oxide"	RelError: 6.44397e-07	AbsError: 2.58387e-07
      Equation: "PotentialEquation"	RelError: 6.44397e-07	AbsError: 2.58387e-07
Iteration: 13
  Device: "mos2d"	RelError: 9.72935e-01	AbsError: 1.39565e-02
    Region: "bulk"	RelError: 9.72935e-01	AbsError: 1.39565e-02
      Equation: "PotentialEquation"	RelError: 9.72935e-01	AbsError: 1.39565e-02
    Region: "gate"	RelError: 5.04574e-12	AbsError: 3.00756e-12
      Equation: "PotentialEquation"	RelError: 5.04574e-12	AbsError: 3.00756e-12
    Region: "oxide"	RelError: 1.56979e-07	AbsError: 6.29446e-08
      Equation: "PotentialEquation"	RelError: 1.56979e-07	AbsError: 6.29446e-08
Iteration: 14
  Device: "mos2d"	RelError: 7.23825e-02	AbsError: 8.35414e-05
    Region: "bulk"	RelError: 7.23824e-02	AbsError: 8.35414e-05
      Equation: "PotentialEquation"	RelError: 7.23824e-02	AbsError: 8.35414e-05
    Region: "gate"	RelError: 3.81950e-13	AbsError: 2.27665e-13
      Equation: "PotentialEquation"	RelError: 3.81950e-13	AbsError: 2.27665e-13
    Region: "oxide"	RelError: 1.18851e-08	AbsError: 4.76562e-09
      Equation: "PotentialEquation"	RelError: 1.18851e-08	AbsError: 4.76562e-09
Iteration: 15
  Device: "mos2d"	RelError: 1.08673e-05	AbsError: 1.58135e-08
    Region: "bulk"	RelError: 1.08673e-05	AbsError: 1.58135e-08
      Equation: "PotentialEquation"	RelError: 1.08673e-05	AbsError: 1.58135e-08
    Region: "gate"	RelError: 1.51032e-16	AbsError: 9.00261e-17
      Equation: "PotentialEquation"	RelError: 1.51032e-16	AbsError: 9.00261e-17
    Region: "oxide"	RelError: 1.35297e-12	AbsError: 5.42508e-13
      Equation: "PotentialEquation"	RelError: 1.35297e-12	AbsError: 5.42508e-13
Iteration: 16
  Device: "mos2d"	RelError: 6.78065e-13	AbsError: 7.53861e-15
    Region: "bulk"	RelError: 6.63333e-13	AbsError: 1.14375e-15
      Equation: "PotentialEquation"	RelError: 6.63333e-13	AbsError: 1.14375e-15
    Region: "gate"	RelError: 1.92474e-16	AbsError: 1.14727e-16
      Equation: "PotentialEquation"	RelError: 1.92474e-16	AbsError: 1.14727e-16
    Region: "oxide"	RelError: 1.45387e-14	AbsError: 7.53861e-15
      Equation: "PotentialEquation"	RelError: 1.45387e-14	AbsError: 7.53861e-15
Region "bulk" on device "mos2d" has equations 0:2248
Region "gate" on device "mos2d" has equations 2249:2287
Region "oxide" on device "mos2d" has equations 2288:2953
Device "mos2d" has equations 0:2953
number of equations 2954
Iteration: 0
  Device: "mos2d"	RelError: 3.98241e-14	AbsError: 7.53861e-15
    Region: "bulk"	RelError: 2.51343e-14	AbsError: 7.91807e-16
      Equation: "PotentialEquation"	RelError: 2.51343e-14	AbsError: 7.91807e-16
    Region: "gate"	RelError: 1.51032e-16	AbsError: 9.00261e-17
      Equation: "PotentialEquation"	RelError: 1.51032e-16	AbsError: 9.00261e-17
    Region: "oxide"	RelError: 1.45387e-14	AbsError: 7.53861e-15
      Equation: "PotentialEquation"	RelError: 1.45387e-14	AbsError: 7.53861e-15
Warning: Replacing equation with equation of the same name.
Region: gate, Equation: PotentialEquation, Variable: Potential
Warning: Replacing equation with equation of the same name.
Region: bulk, Equation: PotentialEquation, Variable: Potential
Region "bulk" on device "mos2d" has equations 0:6746
Region "gate" on device "mos2d" has equations 6747:6863
Region "oxide" on device "mos2d" has equations 6864:7529
Device "mos2d" has equations 0:7529
number of equations 7530
Iteration: 0
  Device: "mos2d"	RelError: 1.33903e-13	AbsError: 4.43305e+05
    Region: "bulk"	RelError: 1.10372e-13	AbsError: 8.82406e+04
      Equation: "ElectronContinuityEquation"	RelError: 3.10032e-14	AbsError: 6.67366e+04
      Equation: "HoleContinuityEquation"	RelError: 3.30482e-14	AbsError: 2.15040e+04
      Equation: "PotentialEquation"	RelError: 4.63205e-14	AbsError: 8.07862e-16
    Region: "gate"	RelError: 9.09399e-15	AbsError: 4.43305e+05
      Equation: "ElectronContinuityEquation"	RelError: 4.43487e-15	AbsError: 4.43305e+05
      Equation: "HoleContinuityEquation"	RelError: 4.53402e-15	AbsError: 4.53588e-15
      Equation: "PotentialEquation"	RelError: 1.25097e-16	AbsError: 7.45661e-17
    Region: "oxide"	RelError: 1.44374e-14	AbsError: 7.48608e-15
      Equation: "PotentialEquation"	RelError: 1.44374e-14	AbsError: 7.48608e-15
last end 0.000000e+00 5.000000e-01
setting to last bias 5.000000e-01
setting next bias 5.000000e-01
Region "bulk" on device "mos2d" has equations 0:6746
Region "gate" on device "mos2d" has equations 6747:6863
Region "oxide" on device "mos2d" has equations 6864:7529
Device "mos2d" has equations 0:7529
number of equations 7530
Iteration: 0
  Device: "mos2d"	RelError: 1.52625e+03	AbsError: 3.57363e+17
    Region: "bulk"	RelError: 1.52601e+03	AbsError: 3.57363e+17
      Equation: "ElectronContinuityEquation"	RelError: 4.95337e-01	AbsError: 3.57361e+17
      Equation: "HoleContinuityEquation"	RelError: 1.52544e+03	AbsError: 1.36379e+12
      Equation: "PotentialEquation"	RelError: 7.80022e-02	AbsError: 2.58950e-02
    Region: "gate"	RelError: 1.18948e-01	AbsError: 1.62812e+17
      Equation: "ElectronContinuityEquation"	RelError: 1.63172e-03	AbsError: 1.62812e+17
      Equation: "HoleContinuityEquation"	RelError: 1.62642e-03	AbsError: 1.63002e-03
      Equation: "PotentialEquation"	RelError: 1.15690e-01	AbsError: 7.79815e-02
    Region: "oxide"	RelError: 1.15690e-01	AbsError: 7.79804e-02
      Equation: "PotentialEquation"	RelError: 1.15690e-01	AbsError: 7.79804e-02
Iteration: 1
  Device: "mos2d"	RelError: 1.48186e+00	AbsError: 2.11690e+18
    Region: "bulk"	RelError: 1.24208e+00	AbsError: 1.33206e+17
      Equation: "ElectronContinuityEquation"	RelError: 1.74475e-01	AbsError: 1.33204e+17
      Equation: "HoleContinuityEquation"	RelError: 9.98804e-01	AbsError: 1.35570e+12
      Equation: "PotentialEquation"	RelError: 6.87968e-02	AbsError: 2.34303e-02
    Region: "gate"	RelError: 1.41073e-01	AbsError: 2.11690e+18
      Equation: "ElectronContinuityEquation"	RelError: 2.16268e-02	AbsError: 2.11690e+18
      Equation: "HoleContinuityEquation"	RelError: 2.07301e-02	AbsError: 2.11690e-02
      Equation: "PotentialEquation"	RelError: 9.87157e-02	AbsError: 7.38279e-02
    Region: "oxide"	RelError: 9.87114e-02	AbsError: 7.38233e-02
      Equation: "PotentialEquation"	RelError: 9.87114e-02	AbsError: 7.38233e-02
Iteration: 2
  Device: "mos2d"	RelError: 5.69171e-01	AbsError: 2.11689e+18
    Region: "bulk"	RelError: 3.57507e-01	AbsError: 7.34346e+15
      Equation: "ElectronContinuityEquation"	RelError: 4.22269e-02	AbsError: 7.34346e+15
      Equation: "HoleContinuityEquation"	RelError: 3.15057e-01	AbsError: 6.37578e+08
      Equation: "PotentialEquation"	RelError: 2.23262e-04	AbsError: 1.67795e-05
    Region: "gate"	RelError: 1.27017e-01	AbsError: 2.11689e+18
      Equation: "ElectronContinuityEquation"	RelError: 2.11689e-02	AbsError: 2.11689e+18
      Equation: "HoleContinuityEquation"	RelError: 2.11957e-02	AbsError: 2.11952e-02
      Equation: "PotentialEquation"	RelError: 8.46525e-02	AbsError: 6.91621e-02
    Region: "oxide"	RelError: 8.46463e-02	AbsError: 6.91584e-02
      Equation: "PotentialEquation"	RelError: 8.46463e-02	AbsError: 6.91584e-02
Iteration: 3
  Device: "mos2d"	RelError: 1.45067e-01	AbsError: 1.64794e+15
    Region: "bulk"	RelError: 2.03896e-05	AbsError: 7.02132e+11
      Equation: "ElectronContinuityEquation"	RelError: 2.76637e-06	AbsError: 7.02131e+11
      Equation: "HoleContinuityEquation"	RelError: 1.75767e-05	AbsError: 1.81003e+06
      Equation: "PotentialEquation"	RelError: 4.65222e-08	AbsError: 1.23517e-08
    Region: "gate"	RelError: 7.25477e-02	AbsError: 1.64794e+15
      Equation: "ElectronContinuityEquation"	RelError: 1.64796e-05	AbsError: 1.64794e+15
      Equation: "HoleContinuityEquation"	RelError: 2.62430e-05	AbsError: 2.62430e-05
      Equation: "PotentialEquation"	RelError: 7.25049e-02	AbsError: 6.38681e-02
    Region: "oxide"	RelError: 7.24992e-02	AbsError: 6.38640e-02
      Equation: "PotentialEquation"	RelError: 7.24992e-02	AbsError: 6.38640e-02
Iteration: 4
  Device: "mos2d"	RelError: 1.23135e-01	AbsError: 1.28034e+15
    Region: "bulk"	RelError: 1.10025e-09	AbsError: 2.70046e+08
      Equation: "ElectronContinuityEquation"	RelError: 3.41848e-10	AbsError: 2.70044e+08
      Equation: "HoleContinuityEquation"	RelError: 3.66919e-10	AbsError: 1.53807e+03
      Equation: "PotentialEquation"	RelError: 3.91483e-10	AbsError: 8.89489e-12
    Region: "gate"	RelError: 6.15831e-02	AbsError: 1.28034e+15
      Equation: "ElectronContinuityEquation"	RelError: 1.28034e-05	AbsError: 1.28034e+15
      Equation: "HoleContinuityEquation"	RelError: 1.28022e-05	AbsError: 1.28022e-05
      Equation: "PotentialEquation"	RelError: 6.15575e-02	AbsError: 5.77816e-02
    Region: "oxide"	RelError: 6.15519e-02	AbsError: 5.77769e-02
      Equation: "PotentialEquation"	RelError: 6.15519e-02	AbsError: 5.77769e-02
Iteration: 5
  Device: "mos2d"	RelError: 1.02470e-01	AbsError: 6.67254e+14
    Region: "bulk"	RelError: 9.01767e-11	AbsError: 3.97573e+07
      Equation: "ElectronContinuityEquation"	RelError: 4.14788e-11	AbsError: 3.97569e+07
      Equation: "HoleContinuityEquation"	RelError: 4.34512e-11	AbsError: 4.36053e+02
      Equation: "PotentialEquation"	RelError: 5.24656e-12	AbsError: 2.81460e-12
    Region: "gate"	RelError: 5.12444e-02	AbsError: 6.67254e+14
      Equation: "ElectronContinuityEquation"	RelError: 6.67255e-06	AbsError: 6.67254e+14
      Equation: "HoleContinuityEquation"	RelError: 6.67402e-06	AbsError: 6.67403e-06
      Equation: "PotentialEquation"	RelError: 5.12310e-02	AbsError: 5.06852e-02
    Region: "oxide"	RelError: 5.12252e-02	AbsError: 5.06796e-02
      Equation: "PotentialEquation"	RelError: 5.12252e-02	AbsError: 5.06796e-02
Iteration: 6
  Device: "mos2d"	RelError: 8.28990e-02	AbsError: 4.47653e+16
    Region: "bulk"	RelError: 1.49882e-08	AbsError: 3.34949e+09
      Equation: "ElectronContinuityEquation"	RelError: 7.09061e-09	AbsError: 3.34949e+09
      Equation: "HoleContinuityEquation"	RelError: 7.00238e-09	AbsError: 4.22741e+03
      Equation: "PotentialEquation"	RelError: 8.95194e-10	AbsError: 4.80240e-10
    Region: "gate"	RelError: 4.19003e-02	AbsError: 4.47653e+16
      Equation: "ElectronContinuityEquation"	RelError: 4.47855e-04	AbsError: 4.47653e+16
      Equation: "HoleContinuityEquation"	RelError: 4.47464e-04	AbsError: 4.47665e-04
      Equation: "PotentialEquation"	RelError: 4.10050e-02	AbsError: 4.23027e-02
    Region: "oxide"	RelError: 4.09987e-02	AbsError: 4.22961e-02
      Equation: "PotentialEquation"	RelError: 4.09987e-02	AbsError: 4.22961e-02
Iteration: 7
  Device: "mos2d"	RelError: 6.17080e-02	AbsError: 4.49850e+16
    Region: "bulk"	RelError: 1.51172e-08	AbsError: 3.19385e+09
      Equation: "ElectronContinuityEquation"	RelError: 7.03329e-09	AbsError: 3.19385e+09
      Equation: "HoleContinuityEquation"	RelError: 7.11451e-09	AbsError: 4.33815e+03
      Equation: "PotentialEquation"	RelError: 9.69441e-10	AbsError: 5.20071e-10
    Region: "gate"	RelError: 3.13074e-02	AbsError: 4.49850e+16
      Equation: "ElectronContinuityEquation"	RelError: 4.49850e-04	AbsError: 4.49850e+16
      Equation: "HoleContinuityEquation"	RelError: 4.49910e-04	AbsError: 4.49910e-04
      Equation: "PotentialEquation"	RelError: 3.04077e-02	AbsError: 3.23538e-02
    Region: "oxide"	RelError: 3.04006e-02	AbsError: 3.23460e-02
      Equation: "PotentialEquation"	RelError: 3.04006e-02	AbsError: 3.23460e-02
Iteration: 8
  Device: "mos2d"	RelError: 3.85182e-02	AbsError: 2.73384e+15
    Region: "bulk"	RelError: 6.71432e-10	AbsError: 6.65264e+08
      Equation: "ElectronContinuityEquation"	RelError: 3.25511e-10	AbsError: 6.65263e+08
      Equation: "HoleContinuityEquation"	RelError: 2.27345e-10	AbsError: 6.27636e+02
      Equation: "PotentialEquation"	RelError: 1.18576e-10	AbsError: 6.36119e-11
    Region: "gate"	RelError: 1.92903e-02	AbsError: 2.73384e+15
      Equation: "ElectronContinuityEquation"	RelError: 2.73392e-05	AbsError: 2.73384e+15
      Equation: "HoleContinuityEquation"	RelError: 2.73398e-05	AbsError: 2.73406e-05
      Equation: "PotentialEquation"	RelError: 1.92356e-02	AbsError: 2.08681e-02
    Region: "oxide"	RelError: 1.92279e-02	AbsError: 2.08594e-02
      Equation: "PotentialEquation"	RelError: 1.92279e-02	AbsError: 2.08594e-02
Iteration: 9
  Device: "mos2d"	RelError: 2.05195e-02	AbsError: 4.25772e+15
    Region: "bulk"	RelError: 1.01884e-10	AbsError: 6.08013e+07
      Equation: "ElectronContinuityEquation"	RelError: 4.73298e-11	AbsError: 6.08005e+07
      Equation: "HoleContinuityEquation"	RelError: 4.90564e-11	AbsError: 8.04226e+02
      Equation: "PotentialEquation"	RelError: 5.49762e-12	AbsError: 2.94928e-12
    Region: "gate"	RelError: 1.03071e-02	AbsError: 4.25772e+15
      Equation: "ElectronContinuityEquation"	RelError: 4.25766e-05	AbsError: 4.25772e+15
      Equation: "HoleContinuityEquation"	RelError: 4.25770e-05	AbsError: 4.25763e-05
      Equation: "PotentialEquation"	RelError: 1.02219e-02	AbsError: 1.12040e-02
    Region: "oxide"	RelError: 1.02124e-02	AbsError: 1.11932e-02
      Equation: "PotentialEquation"	RelError: 1.02124e-02	AbsError: 1.11932e-02
Iteration: 10
  Device: "mos2d"	RelError: 3.08379e-05	AbsError: 1.52389e+15
    Region: "bulk"	RelError: 7.88757e-11	AbsError: 1.86532e+07
      Equation: "ElectronContinuityEquation"	RelError: 3.71662e-11	AbsError: 1.86528e+07
      Equation: "HoleContinuityEquation"	RelError: 3.84719e-11	AbsError: 4.25278e+02
      Equation: "PotentialEquation"	RelError: 3.23762e-12	AbsError: 1.73687e-12
    Region: "gate"	RelError: 3.08378e-05	AbsError: 1.52389e+15
      Equation: "ElectronContinuityEquation"	RelError: 1.52389e-05	AbsError: 1.52389e+15
      Equation: "HoleContinuityEquation"	RelError: 1.52390e-05	AbsError: 1.52390e-05
      Equation: "PotentialEquation"	RelError: 3.59944e-07	AbsError: 3.94526e-07
    Region: "oxide"	RelError: 2.64995e-11	AbsError: 2.90446e-11
      Equation: "PotentialEquation"	RelError: 2.64995e-11	AbsError: 2.90446e-11
Iteration: 11
  Device: "mos2d"	RelError: 3.84057e-10	AbsError: 1.25284e+10
    Region: "bulk"	RelError: 1.55252e-11	AbsError: 1.98219e+07
      Equation: "ElectronContinuityEquation"	RelError: 3.23875e-12	AbsError: 1.98215e+07
      Equation: "HoleContinuityEquation"	RelError: 7.48285e-12	AbsError: 4.45666e+02
      Equation: "PotentialEquation"	RelError: 4.80358e-12	AbsError: 1.34176e-12
    Region: "gate"	RelError: 3.68110e-10	AbsError: 1.25284e+10
      Equation: "ElectronContinuityEquation"	RelError: 1.25284e-10	AbsError: 1.25284e+10
      Equation: "HoleContinuityEquation"	RelError: 2.39867e-10	AbsError: 2.39867e-10
      Equation: "PotentialEquation"	RelError: 2.95888e-12	AbsError: 3.24316e-12
    Region: "oxide"	RelError: 4.21525e-13	AbsError: 2.01586e-13
      Equation: "PotentialEquation"	RelError: 4.21525e-13	AbsError: 2.01586e-13
Iteration: 12
  Device: "mos2d"	RelError: 1.90166e-12	AbsError: 1.05534e+07
    Region: "bulk"	RelError: 1.89019e-12	AbsError: 1.05534e+07
      Equation: "ElectronContinuityEquation"	RelError: 1.09653e-12	AbsError: 1.05528e+07
      Equation: "HoleContinuityEquation"	RelError: 5.26317e-13	AbsError: 6.76415e+02
      Equation: "PotentialEquation"	RelError: 2.67347e-13	AbsError: 3.23505e-14
    Region: "gate"	RelError: 2.29331e-15	AbsError: 1.11288e+05
      Equation: "ElectronContinuityEquation"	RelError: 1.11288e-15	AbsError: 1.11288e+05
      Equation: "HoleContinuityEquation"	RelError: 1.07912e-15	AbsError: 1.07912e-15
      Equation: "PotentialEquation"	RelError: 1.01302e-16	AbsError: 1.11035e-16
    Region: "oxide"	RelError: 9.17149e-15	AbsError: 4.75559e-15
      Equation: "PotentialEquation"	RelError: 9.17149e-15	AbsError: 4.75559e-15
Succeeded
body	0.0	-3.56003364508e-29	-2.05001709509e-14	-2.05001709509e-14
drain	0.0	-2.7746467955e-14	4.2952647695e-31	-2.7746467955e-14
gate	0.5	3.57218144506e-12	1.78609072253e-32	3.57218144506e-12
source	0.0	-2.24440204706e-13	1.98888734793e-31	-2.24440204706e-13
last end 0.000000e+00 5.000000e-01
Region "bulk" on device "mos2d" has equations 0:6746
Region "gate" on device "mos2d" has equations 6747:6863
Region "oxide" on device "mos2d" has equations 6864:7529
Device "mos2d" has equations 0:7529
number of equations 7530
Iteration: 0
  Device: "mos2d"	RelError: 2.00473e+03	AbsError: 1.89186e+17
    Region: "bulk"	RelError: 2.00465e+03	AbsError: 1.89186e+17
      Equation: "ElectronContinuityEquation"	RelError: 9.99000e+02	AbsError: 1.88879e+17
      Equation: "HoleContinuityEquation"	RelError: 9.99000e+02	AbsError: 3.07171e+14
      Equation: "PotentialEquation"	RelError: 6.65099e+00	AbsError: 4.77051e-02
    Region: "gate"	RelError: 4.02443e-04	AbsError: 1.98431e+16
      Equation: "ElectronContinuityEquation"	RelError: 1.98833e-04	AbsError: 1.98431e+16
      Equation: "HoleContinuityEquation"	RelError: 1.98912e-04	AbsError: 1.99316e-04
      Equation: "PotentialEquation"	RelError: 4.69722e-06	AbsError: 5.14826e-06
    Region: "oxide"	RelError: 8.02832e-02	AbsError: 4.16665e-02
      Equation: "PotentialEquation"	RelError: 8.02832e-02	AbsError: 4.16665e-02
Iteration: 1
  Device: "mos2d"	RelError: 1.13467e+01	AbsError: 9.65845e+16
    Region: "bulk"	RelError: 1.12924e+01	AbsError: 9.65845e+16
      Equation: "ElectronContinuityEquation"	RelError: 9.99126e-01	AbsError: 9.62942e+16
      Equation: "HoleContinuityEquation"	RelError: 9.98731e-01	AbsError: 2.90284e+14
      Equation: "PotentialEquation"	RelError: 9.29456e+00	AbsError: 3.14008e-02
    Region: "gate"	RelError: 2.38948e-05	AbsError: 1.17644e+15
      Equation: "ElectronContinuityEquation"	RelError: 1.17883e-05	AbsError: 1.17644e+15
      Equation: "HoleContinuityEquation"	RelError: 1.18276e-05	AbsError: 1.18517e-05
      Equation: "PotentialEquation"	RelError: 2.78895e-07	AbsError: 3.05675e-07
    Region: "oxide"	RelError: 5.43096e-02	AbsError: 3.05452e-02
      Equation: "PotentialEquation"	RelError: 5.43096e-02	AbsError: 3.05452e-02
Iteration: 2
  Device: "mos2d"	RelError: 2.90935e+04	AbsError: 1.93229e+15
    Region: "bulk"	RelError: 2.90935e+04	AbsError: 1.93229e+15
      Equation: "ElectronContinuityEquation"	RelError: 8.41602e+00	AbsError: 1.93025e+15
      Equation: "HoleContinuityEquation"	RelError: 2.90850e+04	AbsError: 2.04185e+12
      Equation: "PotentialEquation"	RelError: 8.54905e-02	AbsError: 2.58759e-02
    Region: "gate"	RelError: 5.46548e-07	AbsError: 2.69705e+13
      Equation: "ElectronContinuityEquation"	RelError: 2.70111e-07	AbsError: 2.69705e+13
      Equation: "HoleContinuityEquation"	RelError: 2.70058e-07	AbsError: 2.70465e-07
      Equation: "PotentialEquation"	RelError: 6.37911e-09	AbsError: 6.99173e-09
    Region: "oxide"	RelError: 4.45147e-02	AbsError: 2.57254e-02
      Equation: "PotentialEquation"	RelError: 4.45147e-02	AbsError: 2.57254e-02
Iteration: 3
  Device: "mos2d"	RelError: 1.61749e+00	AbsError: 3.02480e+15
    Region: "bulk"	RelError: 1.60309e+00	AbsError: 3.02480e+15
      Equation: "ElectronContinuityEquation"	RelError: 5.69632e-01	AbsError: 3.02451e+15
      Equation: "HoleContinuityEquation"	RelError: 9.99889e-01	AbsError: 2.87493e+11
      Equation: "PotentialEquation"	RelError: 3.35661e-02	AbsError: 9.94704e-03
    Region: "gate"	RelError: 4.28620e-07	AbsError: 2.11378e+13
      Equation: "ElectronContinuityEquation"	RelError: 2.11809e-07	AbsError: 2.11378e+13
      Equation: "HoleContinuityEquation"	RelError: 2.11809e-07	AbsError: 2.12240e-07
      Equation: "PotentialEquation"	RelError: 5.00276e-09	AbsError: 5.48313e-09
    Region: "oxide"	RelError: 1.44029e-02	AbsError: 8.90846e-03
      Equation: "PotentialEquation"	RelError: 1.44029e-02	AbsError: 8.90846e-03
Iteration: 4
  Device: "mos2d"	RelError: 4.50474e-01	AbsError: 3.18911e+15
    Region: "bulk"	RelError: 4.50311e-01	AbsError: 3.18911e+15
      Equation: "ElectronContinuityEquation"	RelError: 1.72135e-02	AbsError: 3.18876e+15
      Equation: "HoleContinuityEquation"	RelError: 3.91701e-01	AbsError: 3.58397e+11
      Equation: "PotentialEquation"	RelError: 4.13958e-02	AbsError: 4.67676e-04
    Region: "gate"	RelError: 3.57473e-07	AbsError: 1.76291e+13
      Equation: "ElectronContinuityEquation"	RelError: 1.76650e-07	AbsError: 1.76291e+13
      Equation: "HoleContinuityEquation"	RelError: 1.76650e-07	AbsError: 1.77010e-07
      Equation: "PotentialEquation"	RelError: 4.17234e-09	AbsError: 4.57298e-09
    Region: "oxide"	RelError: 1.63321e-04	AbsError: 8.19814e-05
      Equation: "PotentialEquation"	RelError: 1.63321e-04	AbsError: 8.19814e-05
Iteration: 5
  Device: "mos2d"	RelError: 1.63311e-03	AbsError: 4.35976e+12
    Region: "bulk"	RelError: 1.63306e-03	AbsError: 4.35976e+12
      Equation: "ElectronContinuityEquation"	RelError: 2.26626e-05	AbsError: 4.35939e+12
      Equation: "HoleContinuityEquation"	RelError: 1.59343e-03	AbsError: 3.68323e+08
      Equation: "PotentialEquation"	RelError: 1.69701e-05	AbsError: 3.12921e-07
    Region: "gate"	RelError: 7.75656e-11	AbsError: 3.82365e+09
      Equation: "ElectronContinuityEquation"	RelError: 3.83145e-11	AbsError: 3.82365e+09
      Equation: "HoleContinuityEquation"	RelError: 3.83458e-11	AbsError: 3.84240e-11
      Equation: "PotentialEquation"	RelError: 9.05337e-13	AbsError: 9.92269e-13
    Region: "oxide"	RelError: 4.81250e-08	AbsError: 2.25485e-08
      Equation: "PotentialEquation"	RelError: 4.81250e-08	AbsError: 2.25485e-08
Iteration: 6
  Device: "mos2d"	RelError: 5.51133e-09	AbsError: 3.22064e+06
    Region: "bulk"	RelError: 5.51127e-09	AbsError: 3.22064e+06
      Equation: "ElectronContinuityEquation"	RelError: 6.70682e-11	AbsError: 3.15490e+06
      Equation: "HoleContinuityEquation"	RelError: 5.09513e-09	AbsError: 6.57423e+04
      Equation: "PotentialEquation"	RelError: 3.49077e-10	AbsError: 9.21881e-13
    Region: "gate"	RelError: 4.24606e-16	AbsError: 1.18194e+04
      Equation: "ElectronContinuityEquation"	RelError: 1.18435e-16	AbsError: 1.18194e+04
      Equation: "HoleContinuityEquation"	RelError: 2.04880e-16	AbsError: 2.04880e-16
      Equation: "PotentialEquation"	RelError: 1.01291e-16	AbsError: 1.11022e-16
    Region: "oxide"	RelError: 6.30808e-14	AbsError: 3.00246e-14
      Equation: "PotentialEquation"	RelError: 6.30808e-14	AbsError: 3.00246e-14
Iteration: 7
  Device: "mos2d"	RelError: 1.76844e-13	AbsError: 5.76487e+04
    Region: "bulk"	RelError: 1.66109e-13	AbsError: 5.76487e+04
      Equation: "ElectronContinuityEquation"	RelError: 2.61487e-14	AbsError: 5.72222e+04
      Equation: "HoleContinuityEquation"	RelError: 1.28172e-13	AbsError: 4.26573e+02
      Equation: "PotentialEquation"	RelError: 1.17879e-14	AbsError: 7.26453e-16
    Region: "gate"	RelError: 2.88052e-16	AbsError: 7.73345e+03
      Equation: "ElectronContinuityEquation"	RelError: 7.73345e-17	AbsError: 7.73345e+03
      Equation: "HoleContinuityEquation"	RelError: 1.09427e-16	AbsError: 1.09550e-16
      Equation: "PotentialEquation"	RelError: 1.01291e-16	AbsError: 1.11022e-16
    Region: "oxide"	RelError: 1.04478e-14	AbsError: 6.46214e-15
      Equation: "PotentialEquation"	RelError: 1.04478e-14	AbsError: 6.46214e-15
Succeeded
body	0.0	-3.53273517597e-15	-6.86056259797e-14	-7.21383611557e-14
drain	0.1	0.438124478401	7.45139968039e-17	0.438124478401
gate	0.5	1.41165742817e-12	7.05828714087e-33	1.41165742817e-12
source	0.0	-0.438124478401	-1.89549861894e-18	-0.438124478401
last end 1.000000e-01 5.000000e-01
Region "bulk" on device "mos2d" has equations 0:6746
Region "gate" on device "mos2d" has equations 6747:6863
Region "oxide" on device "mos2d" has equations 6864:7529
Device "mos2d" has equations 0:7529
number of equations 7530
Iteration: 0
  Device: "mos2d"	RelError: 2.01171e+03	AbsError: 1.87800e+17
    Region: "bulk"	RelError: 2.01165e+03	AbsError: 1.87800e+17
      Equation: "ElectronContinuityEquation"	RelError: 9.99000e+02	AbsError: 1.87483e+17
      Equation: "HoleContinuityEquation"	RelError: 9.99000e+02	AbsError: 3.17495e+14
      Equation: "PotentialEquation"	RelError: 1.36470e+01	AbsError: 4.09543e-02
    Region: "gate"	RelError: 3.62300e-04	AbsError: 1.78671e+16
      Equation: "ElectronContinuityEquation"	RelError: 1.79003e-04	AbsError: 1.78671e+16
      Equation: "HoleContinuityEquation"	RelError: 1.79068e-04	AbsError: 1.79400e-04
      Equation: "PotentialEquation"	RelError: 4.22866e-06	AbsError: 4.63473e-06
    Region: "oxide"	RelError: 6.62941e-02	AbsError: 4.09542e-02
      Equation: "PotentialEquation"	RelError: 6.62941e-02	AbsError: 4.09542e-02
Iteration: 1
  Device: "mos2d"	RelError: 3.84513e+01	AbsError: 1.62727e+16
    Region: "bulk"	RelError: 3.84052e+01	AbsError: 1.62727e+16
      Equation: "ElectronContinuityEquation"	RelError: 9.98988e-01	AbsError: 1.62535e+16
      Equation: "HoleContinuityEquation"	RelError: 9.98764e-01	AbsError: 1.92863e+13
      Equation: "PotentialEquation"	RelError: 3.64074e+01	AbsError: 3.07633e-02
    Region: "gate"	RelError: 1.41263e-05	AbsError: 6.95177e+14
      Equation: "ElectronContinuityEquation"	RelError: 6.96473e-06	AbsError: 6.95177e+14
      Equation: "HoleContinuityEquation"	RelError: 6.99669e-06	AbsError: 7.00974e-06
      Equation: "PotentialEquation"	RelError: 1.64878e-07	AbsError: 1.80711e-07
    Region: "oxide"	RelError: 4.60890e-02	AbsError: 3.07632e-02
      Equation: "PotentialEquation"	RelError: 4.60890e-02	AbsError: 3.07632e-02
Iteration: 2
  Device: "mos2d"	RelError: 1.00443e+03	AbsError: 2.56689e+15
    Region: "bulk"	RelError: 1.00439e+03	AbsError: 2.56689e+15
      Equation: "ElectronContinuityEquation"	RelError: 5.23789e+00	AbsError: 2.56652e+15
      Equation: "HoleContinuityEquation"	RelError: 9.99000e+02	AbsError: 3.74195e+11
      Equation: "PotentialEquation"	RelError: 1.52164e-01	AbsError: 2.58889e-02
    Region: "gate"	RelError: 1.61473e-06	AbsError: 7.96482e+13
      Equation: "ElectronContinuityEquation"	RelError: 7.97968e-07	AbsError: 7.96482e+13
      Equation: "HoleContinuityEquation"	RelError: 7.97920e-07	AbsError: 7.99408e-07
      Equation: "PotentialEquation"	RelError: 1.88467e-08	AbsError: 2.06565e-08
    Region: "oxide"	RelError: 3.79045e-02	AbsError: 2.55460e-02
      Equation: "PotentialEquation"	RelError: 3.79045e-02	AbsError: 2.55460e-02
Iteration: 3
  Device: "mos2d"	RelError: 1.77290e+00	AbsError: 4.11455e+15
    Region: "bulk"	RelError: 1.76014e+00	AbsError: 4.11455e+15
      Equation: "ElectronContinuityEquation"	RelError: 5.63548e-01	AbsError: 4.11421e+15
      Equation: "HoleContinuityEquation"	RelError: 9.98566e-01	AbsError: 3.43752e+11
      Equation: "PotentialEquation"	RelError: 1.98027e-01	AbsError: 9.16552e-03
    Region: "gate"	RelError: 3.25073e-07	AbsError: 1.60341e+13
      Equation: "ElectronContinuityEquation"	RelError: 1.60640e-07	AbsError: 1.60341e+13
      Equation: "HoleContinuityEquation"	RelError: 1.60639e-07	AbsError: 1.60939e-07
      Equation: "PotentialEquation"	RelError: 3.79417e-09	AbsError: 4.15851e-09
    Region: "oxide"	RelError: 1.27559e-02	AbsError: 9.16533e-03
      Equation: "PotentialEquation"	RelError: 1.27559e-02	AbsError: 9.16533e-03
Iteration: 4
  Device: "mos2d"	RelError: 5.65221e-01	AbsError: 4.17369e+15
    Region: "bulk"	RelError: 5.65028e-01	AbsError: 4.17369e+15
      Equation: "ElectronContinuityEquation"	RelError: 1.93185e-02	AbsError: 4.17325e+15
      Equation: "HoleContinuityEquation"	RelError: 3.36130e-01	AbsError: 4.44401e+11
      Equation: "PotentialEquation"	RelError: 2.09579e-01	AbsError: 4.85851e-04
    Region: "gate"	RelError: 4.79417e-07	AbsError: 2.36470e+13
      Equation: "ElectronContinuityEquation"	RelError: 2.36911e-07	AbsError: 2.36470e+13
      Equation: "HoleContinuityEquation"	RelError: 2.36911e-07	AbsError: 2.37352e-07
      Equation: "PotentialEquation"	RelError: 5.59562e-09	AbsError: 6.13295e-09
    Region: "oxide"	RelError: 1.92767e-04	AbsError: 1.10054e-04
      Equation: "PotentialEquation"	RelError: 1.92767e-04	AbsError: 1.10054e-04
Iteration: 5
  Device: "mos2d"	RelError: 8.11145e-04	AbsError: 3.96089e+12
    Region: "bulk"	RelError: 8.11111e-04	AbsError: 3.96089e+12
      Equation: "ElectronContinuityEquation"	RelError: 3.66490e-05	AbsError: 3.96066e+12
      Equation: "HoleContinuityEquation"	RelError: 6.58062e-04	AbsError: 2.30497e+08
      Equation: "PotentialEquation"	RelError: 1.16400e-04	AbsError: 4.10112e-07
    Region: "gate"	RelError: 6.11180e-11	AbsError: 3.01181e+09
      Equation: "ElectronContinuityEquation"	RelError: 3.01742e-11	AbsError: 3.01181e+09
      Equation: "HoleContinuityEquation"	RelError: 3.02304e-11	AbsError: 3.02868e-11
      Equation: "PotentialEquation"	RelError: 7.13328e-13	AbsError: 7.81827e-13
    Region: "oxide"	RelError: 3.37388e-08	AbsError: 1.72307e-08
      Equation: "PotentialEquation"	RelError: 3.37388e-08	AbsError: 1.72307e-08
Iteration: 6
  Device: "mos2d"	RelError: 2.08409e-09	AbsError: 2.21518e+06
    Region: "bulk"	RelError: 2.08404e-09	AbsError: 2.21518e+06
      Equation: "ElectronContinuityEquation"	RelError: 6.33856e-11	AbsError: 2.15452e+06
      Equation: "HoleContinuityEquation"	RelError: 1.78798e-09	AbsError: 6.06591e+04
      Equation: "PotentialEquation"	RelError: 2.32674e-10	AbsError: 3.86930e-13
    Region: "gate"	RelError: 4.28452e-16	AbsError: 1.08814e+04
      Equation: "ElectronContinuityEquation"	RelError: 1.08988e-16	AbsError: 1.08814e+04
      Equation: "HoleContinuityEquation"	RelError: 2.18173e-16	AbsError: 2.18521e-16
      Equation: "PotentialEquation"	RelError: 1.01291e-16	AbsError: 1.11022e-16
    Region: "oxide"	RelError: 5.62793e-14	AbsError: 2.99367e-14
      Equation: "PotentialEquation"	RelError: 5.62793e-14	AbsError: 2.99367e-14
Iteration: 7
  Device: "mos2d"	RelError: 1.76699e-13	AbsError: 6.45668e+04
    Region: "bulk"	RelError: 1.65771e-13	AbsError: 6.45668e+04
      Equation: "ElectronContinuityEquation"	RelError: 3.21828e-14	AbsError: 6.40132e+04
      Equation: "HoleContinuityEquation"	RelError: 8.60567e-14	AbsError: 5.53620e+02
      Equation: "PotentialEquation"	RelError: 4.75320e-14	AbsError: 7.78743e-16
    Region: "gate"	RelError: 2.91137e-16	AbsError: 8.09307e+03
      Equation: "ElectronContinuityEquation"	RelError: 8.09307e-17	AbsError: 8.09307e+03
      Equation: "HoleContinuityEquation"	RelError: 1.08915e-16	AbsError: 1.09089e-16
      Equation: "PotentialEquation"	RelError: 1.01291e-16	AbsError: 1.11022e-16
    Region: "oxide"	RelError: 1.06362e-14	AbsError: 7.64229e-15
      Equation: "PotentialEquation"	RelError: 1.06362e-14	AbsError: 7.64229e-15
Succeeded
body	0.0	-4.00126967019e-15	-4.99886063213e-14	-5.39898759914e-14
drain	0.2	0.940271741723	7.82936306132e-17	0.940271741723
gate	0.5	6.00322125413e-12	3.00161062706e-32	6.00322125413e-12
source	0.0	-0.940271741723	-4.31720108524e-18	-0.940271741723
last end 2.000000e-01 5.000000e-01
Region "bulk" on device "mos2d" has equations 0:6746
Region "gate" on device "mos2d" has equations 6747:6863
Region "oxide" on device "mos2d" has equations 6864:7529
Device "mos2d" has equations 0:7529
number of equations 7530
Iteration: 0
  Device: "mos2d"	RelError: 2.01372e+03	AbsError: 2.09955e+17
    Region: "bulk"	RelError: 2.01366e+03	AbsError: 2.09955e+17
      Equation: "ElectronContinuityEquation"	RelError: 9.99000e+02	AbsError: 2.09613e+17
      Equation: "HoleContinuityEquation"	RelError: 9.99000e+02	AbsError: 3.42746e+14
      Equation: "PotentialEquation"	RelError: 1.56591e+01	AbsError: 4.09543e-02
    Region: "gate"	RelError: 3.39047e-04	AbsError: 1.67233e+16
      Equation: "ElectronContinuityEquation"	RelError: 1.67517e-04	AbsError: 1.67233e+16
      Equation: "HoleContinuityEquation"	RelError: 1.67573e-04	AbsError: 1.67857e-04
      Equation: "PotentialEquation"	RelError: 3.95725e-06	AbsError: 4.33726e-06
    Region: "oxide"	RelError: 5.67080e-02	AbsError: 4.09542e-02
      Equation: "PotentialEquation"	RelError: 5.67080e-02	AbsError: 4.09542e-02
Iteration: 1
  Device: "mos2d"	RelError: 2.00305e+03	AbsError: 1.77675e+16
    Region: "bulk"	RelError: 2.00301e+03	AbsError: 1.77675e+16
      Equation: "ElectronContinuityEquation"	RelError: 9.99000e+02	AbsError: 1.77497e+16
      Equation: "HoleContinuityEquation"	RelError: 9.99000e+02	AbsError: 1.78454e+13
      Equation: "PotentialEquation"	RelError: 5.00932e+00	AbsError: 3.07633e-02
    Region: "gate"	RelError: 8.19323e-06	AbsError: 4.02793e+14
      Equation: "ElectronContinuityEquation"	RelError: 4.03478e-06	AbsError: 4.02793e+14
      Equation: "HoleContinuityEquation"	RelError: 4.06282e-06	AbsError: 4.06973e-06
      Equation: "PotentialEquation"	RelError: 9.56287e-08	AbsError: 1.04812e-07
    Region: "oxide"	RelError: 4.15207e-02	AbsError: 3.07632e-02
      Equation: "PotentialEquation"	RelError: 4.15207e-02	AbsError: 3.07632e-02
Iteration: 2
  Device: "mos2d"	RelError: 1.00285e+03	AbsError: 1.88195e+15
    Region: "bulk"	RelError: 1.00281e+03	AbsError: 1.88195e+15
      Equation: "ElectronContinuityEquation"	RelError: 3.77260e+00	AbsError: 1.88182e+15
      Equation: "HoleContinuityEquation"	RelError: 9.99000e+02	AbsError: 1.35205e+11
      Equation: "PotentialEquation"	RelError: 4.05617e-02	AbsError: 2.58537e-02
    Region: "gate"	RelError: 1.06569e-06	AbsError: 5.25738e+13
      Equation: "ElectronContinuityEquation"	RelError: 5.26632e-07	AbsError: 5.25738e+13
      Equation: "HoleContinuityEquation"	RelError: 5.26616e-07	AbsError: 5.27511e-07
      Equation: "PotentialEquation"	RelError: 1.24383e-08	AbsError: 1.36328e-08
    Region: "oxide"	RelError: 3.30398e-02	AbsError: 2.57087e-02
      Equation: "PotentialEquation"	RelError: 3.30398e-02	AbsError: 2.57087e-02
Iteration: 3
  Device: "mos2d"	RelError: 1.59288e+00	AbsError: 3.89513e+15
    Region: "bulk"	RelError: 1.58168e+00	AbsError: 3.89513e+15
      Equation: "ElectronContinuityEquation"	RelError: 5.59495e-01	AbsError: 3.89476e+15
      Equation: "HoleContinuityEquation"	RelError: 1.00000e+00	AbsError: 3.70753e+11
      Equation: "PotentialEquation"	RelError: 2.21879e-02	AbsError: 9.16537e-03
    Region: "gate"	RelError: 2.52402e-07	AbsError: 1.24516e+13
      Equation: "ElectronContinuityEquation"	RelError: 1.24728e-07	AbsError: 1.24516e+13
      Equation: "HoleContinuityEquation"	RelError: 1.24728e-07	AbsError: 1.24940e-07
      Equation: "PotentialEquation"	RelError: 2.94595e-09	AbsError: 3.22886e-09
    Region: "oxide"	RelError: 1.11975e-02	AbsError: 9.16533e-03
      Equation: "PotentialEquation"	RelError: 1.11975e-02	AbsError: 9.16533e-03
Iteration: 4
  Device: "mos2d"	RelError: 1.76320e-01	AbsError: 4.14168e+15
    Region: "bulk"	RelError: 1.76171e-01	AbsError: 4.14168e+15
      Equation: "ElectronContinuityEquation"	RelError: 2.03970e-02	AbsError: 4.14121e+15
      Equation: "HoleContinuityEquation"	RelError: 1.25354e-01	AbsError: 4.67943e+11
      Equation: "PotentialEquation"	RelError: 3.04198e-02	AbsError: 4.41118e-04
    Region: "gate"	RelError: 4.24613e-07	AbsError: 2.09472e+13
      Equation: "ElectronContinuityEquation"	RelError: 2.09828e-07	AbsError: 2.09472e+13
      Equation: "HoleContinuityEquation"	RelError: 2.09828e-07	AbsError: 2.10185e-07
      Equation: "PotentialEquation"	RelError: 4.95595e-09	AbsError: 5.43187e-09
    Region: "oxide"	RelError: 1.48895e-04	AbsError: 9.56435e-05
      Equation: "PotentialEquation"	RelError: 1.48895e-04	AbsError: 9.56435e-05
Iteration: 5
  Device: "mos2d"	RelError: 9.70606e-05	AbsError: 3.90352e+12
    Region: "bulk"	RelError: 9.70367e-05	AbsError: 3.90352e+12
      Equation: "ElectronContinuityEquation"	RelError: 2.60279e-05	AbsError: 3.90329e+12
      Equation: "HoleContinuityEquation"	RelError: 6.61234e-05	AbsError: 2.30179e+08
      Equation: "PotentialEquation"	RelError: 4.88548e-06	AbsError: 1.43423e-07
    Region: "gate"	RelError: 4.84327e-11	AbsError: 2.39151e+09
      Equation: "ElectronContinuityEquation"	RelError: 2.39558e-11	AbsError: 2.39151e+09
      Equation: "HoleContinuityEquation"	RelError: 2.39116e-11	AbsError: 2.39523e-11
      Equation: "PotentialEquation"	RelError: 5.65249e-13	AbsError: 6.19531e-13
    Region: "oxide"	RelError: 2.37900e-08	AbsError: 1.64275e-08
      Equation: "PotentialEquation"	RelError: 2.37900e-08	AbsError: 1.64275e-08
Iteration: 6
  Device: "mos2d"	RelError: 1.44226e-10	AbsError: 9.89879e+05
    Region: "bulk"	RelError: 1.44212e-10	AbsError: 9.89879e+05
      Equation: "ElectronContinuityEquation"	RelError: 1.24841e-11	AbsError: 9.72955e+05
      Equation: "HoleContinuityEquation"	RelError: 1.25080e-10	AbsError: 1.69244e+04
      Equation: "PotentialEquation"	RelError: 6.64792e-12	AbsError: 1.80744e-13
    Region: "gate"	RelError: 3.81621e-16	AbsError: 8.05154e+03
      Equation: "ElectronContinuityEquation"	RelError: 8.05154e-17	AbsError: 8.05154e+03
      Equation: "HoleContinuityEquation"	RelError: 1.99815e-16	AbsError: 2.00106e-16
      Equation: "PotentialEquation"	RelError: 1.01291e-16	AbsError: 1.11022e-16
    Region: "oxide"	RelError: 1.39104e-14	AbsError: 1.05334e-14
      Equation: "PotentialEquation"	RelError: 1.39104e-14	AbsError: 1.05334e-14
Iteration: 7
  Device: "mos2d"	RelError: 1.56000e-13	AbsError: 6.84583e+04
    Region: "bulk"	RelError: 1.44421e-13	AbsError: 6.84583e+04
      Equation: "ElectronContinuityEquation"	RelError: 3.83961e-14	AbsError: 6.80700e+04
      Equation: "HoleContinuityEquation"	RelError: 7.71363e-14	AbsError: 3.88279e+02
      Equation: "PotentialEquation"	RelError: 2.88888e-14	AbsError: 1.01515e-15
    Region: "gate"	RelError: 2.86896e-16	AbsError: 8.05154e+03
      Equation: "ElectronContinuityEquation"	RelError: 8.05154e-17	AbsError: 8.05154e+03
      Equation: "HoleContinuityEquation"	RelError: 1.05089e-16	AbsError: 1.05089e-16
      Equation: "PotentialEquation"	RelError: 1.01291e-16	AbsError: 1.11022e-16
    Region: "oxide"	RelError: 1.12922e-14	AbsError: 9.24291e-15
      Equation: "PotentialEquation"	RelError: 1.12922e-14	AbsError: 9.24291e-15
Succeeded
body	0.0	-4.30970114285e-15	-1.06747439176e-13	-1.11057140319e-13
drain	0.3	1.53640065317	8.07422822367e-17	1.53640065317
gate	0.5	6.77220729664e-12	3.38610364832e-32	6.77220729664e-12
source	0.0	-1.53640065317	-7.2772657608e-18	-1.53640065317
last end 3.000000e-01 5.000000e-01
Region "bulk" on device "mos2d" has equations 0:6746
Region "gate" on device "mos2d" has equations 6747:6863
Region "oxide" on device "mos2d" has equations 6864:7529
Device "mos2d" has equations 0:7529
number of equations 7530
Iteration: 0
  Device: "mos2d"	RelError: 2.02490e+03	AbsError: 2.21190e+17
    Region: "bulk"	RelError: 2.02485e+03	AbsError: 2.21190e+17
      Equation: "ElectronContinuityEquation"	RelError: 9.99000e+02	AbsError: 2.20819e+17
      Equation: "HoleContinuityEquation"	RelError: 9.99000e+02	AbsError: 3.71405e+14
      Equation: "PotentialEquation"	RelError: 2.68521e+01	AbsError: 4.09543e-02
    Region: "gate"	RelError: 3.25644e-04	AbsError: 1.60649e+16
      Equation: "ElectronContinuityEquation"	RelError: 1.60896e-04	AbsError: 1.60649e+16
      Equation: "HoleContinuityEquation"	RelError: 1.60948e-04	AbsError: 1.61195e-04
      Equation: "PotentialEquation"	RelError: 3.80080e-06	AbsError: 4.16581e-06
    Region: "oxide"	RelError: 4.96077e-02	AbsError: 4.09542e-02
      Equation: "PotentialEquation"	RelError: 4.96077e-02	AbsError: 4.09542e-02
Iteration: 1
  Device: "mos2d"	RelError: 2.00009e+03	AbsError: 1.69324e+16
    Region: "bulk"	RelError: 2.00005e+03	AbsError: 1.69324e+16
      Equation: "ElectronContinuityEquation"	RelError: 9.99000e+02	AbsError: 1.69154e+16
      Equation: "HoleContinuityEquation"	RelError: 9.99000e+02	AbsError: 1.69657e+13
      Equation: "PotentialEquation"	RelError: 2.05334e+00	AbsError: 3.07671e-02
    Region: "gate"	RelError: 4.76140e-06	AbsError: 2.33637e+14
      Equation: "ElectronContinuityEquation"	RelError: 2.33997e-06	AbsError: 2.33637e+14
      Equation: "HoleContinuityEquation"	RelError: 2.36585e-06	AbsError: 2.36950e-06
      Equation: "PotentialEquation"	RelError: 5.55733e-08	AbsError: 6.09102e-08
    Region: "oxide"	RelError: 3.82453e-02	AbsError: 3.07632e-02
      Equation: "PotentialEquation"	RelError: 3.82453e-02	AbsError: 3.07632e-02
Iteration: 2
  Device: "mos2d"	RelError: 1.14873e+03	AbsError: 1.61906e+15
    Region: "bulk"	RelError: 1.14870e+03	AbsError: 1.61906e+15
      Equation: "ElectronContinuityEquation"	RelError: 3.20343e+00	AbsError: 1.61901e+15
      Equation: "HoleContinuityEquation"	RelError: 1.14546e+03	AbsError: 4.81656e+10
      Equation: "PotentialEquation"	RelError: 3.50477e-02	AbsError: 2.58564e-02
    Region: "gate"	RelError: 5.16502e-07	AbsError: 2.54846e+13
      Equation: "ElectronContinuityEquation"	RelError: 2.55239e-07	AbsError: 2.54846e+13
      Equation: "HoleContinuityEquation"	RelError: 2.55234e-07	AbsError: 2.55627e-07
      Equation: "PotentialEquation"	RelError: 6.02842e-09	AbsError: 6.60736e-09
    Region: "oxide"	RelError: 2.90062e-02	AbsError: 2.53145e-02
      Equation: "PotentialEquation"	RelError: 2.90062e-02	AbsError: 2.53145e-02
Iteration: 3
  Device: "mos2d"	RelError: 1.55393e+00	AbsError: 3.43605e+15
    Region: "bulk"	RelError: 1.54395e+00	AbsError: 3.43605e+15
      Equation: "ElectronContinuityEquation"	RelError: 5.17269e-01	AbsError: 3.43568e+15
      Equation: "HoleContinuityEquation"	RelError: 9.97279e-01	AbsError: 3.69069e+11
      Equation: "PotentialEquation"	RelError: 2.94073e-02	AbsError: 9.16591e-03
    Region: "gate"	RelError: 2.70273e-07	AbsError: 1.33354e+13
      Equation: "ElectronContinuityEquation"	RelError: 1.33559e-07	AbsError: 1.33354e+13
      Equation: "HoleContinuityEquation"	RelError: 1.33559e-07	AbsError: 1.33765e-07
      Equation: "PotentialEquation"	RelError: 3.15453e-09	AbsError: 3.45748e-09
    Region: "oxide"	RelError: 9.97838e-03	AbsError: 9.16533e-03
      Equation: "PotentialEquation"	RelError: 9.97838e-03	AbsError: 9.16533e-03
Iteration: 4
  Device: "mos2d"	RelError: 6.71088e-02	AbsError: 3.94089e+15
    Region: "bulk"	RelError: 6.69826e-02	AbsError: 3.94089e+15
      Equation: "ElectronContinuityEquation"	RelError: 2.30961e-02	AbsError: 3.94042e+15
      Equation: "HoleContinuityEquation"	RelError: 6.65974e-03	AbsError: 4.63074e+11
      Equation: "PotentialEquation"	RelError: 3.72268e-02	AbsError: 3.84673e-04
    Region: "gate"	RelError: 3.96893e-07	AbsError: 1.95829e+13
      Equation: "ElectronContinuityEquation"	RelError: 1.96131e-07	AbsError: 1.95829e+13
      Equation: "HoleContinuityEquation"	RelError: 1.96130e-07	AbsError: 1.96433e-07
      Equation: "PotentialEquation"	RelError: 4.63240e-09	AbsError: 5.07727e-09
    Region: "oxide"	RelError: 1.25770e-04	AbsError: 8.92685e-05
      Equation: "PotentialEquation"	RelError: 1.25770e-04	AbsError: 8.92685e-05
Iteration: 5
  Device: "mos2d"	RelError: 1.02406e-04	AbsError: 3.59878e+12
    Region: "bulk"	RelError: 1.02370e-04	AbsError: 3.59878e+12
      Equation: "ElectronContinuityEquation"	RelError: 1.73529e-05	AbsError: 3.59849e+12
      Equation: "HoleContinuityEquation"	RelError: 7.75326e-05	AbsError: 2.96981e+08
      Equation: "PotentialEquation"	RelError: 7.48466e-06	AbsError: 1.50493e-07
    Region: "gate"	RelError: 1.10035e-10	AbsError: 5.43110e+09
      Equation: "ElectronContinuityEquation"	RelError: 5.43947e-11	AbsError: 5.43110e+09
      Equation: "HoleContinuityEquation"	RelError: 5.43563e-11	AbsError: 5.44401e-11
      Equation: "PotentialEquation"	RelError: 1.28427e-12	AbsError: 1.40761e-12
    Region: "oxide"	RelError: 3.62426e-08	AbsError: 2.54968e-08
      Equation: "PotentialEquation"	RelError: 3.62426e-08	AbsError: 2.54968e-08
Iteration: 6
  Device: "mos2d"	RelError: 4.18194e-11	AbsError: 1.73403e+06
    Region: "bulk"	RelError: 4.18072e-11	AbsError: 1.73403e+06
      Equation: "ElectronContinuityEquation"	RelError: 7.55883e-12	AbsError: 1.69201e+06
      Equation: "HoleContinuityEquation"	RelError: 2.03777e-11	AbsError: 4.20210e+04
      Equation: "PotentialEquation"	RelError: 1.38706e-11	AbsError: 8.73146e-14
    Region: "gate"	RelError: 3.19513e-16	AbsError: 7.80932e+03
      Equation: "ElectronContinuityEquation"	RelError: 7.80932e-17	AbsError: 7.80932e+03
      Equation: "HoleContinuityEquation"	RelError: 1.40104e-16	AbsError: 1.40301e-16
      Equation: "PotentialEquation"	RelError: 1.01315e-16	AbsError: 1.11049e-16
    Region: "oxide"	RelError: 1.18731e-14	AbsError: 1.09057e-14
      Equation: "PotentialEquation"	RelError: 1.18731e-14	AbsError: 1.09057e-14
Succeeded
body	0.0	-4.55852174298e-15	-1.0772518223e-13	-1.12283703973e-13
drain	0.4	2.23093349675	8.34237294201e-17	2.23093349675
gate	0.5	3.84269723724e-12	1.92134861862e-32	3.84269723724e-12
source	0.0	-2.23093349675	-1.06655629385e-17	-2.23093349675
last end 4.000000e-01 5.000000e-01
setting to last bias 5.000000e-01
setting next bias 5.000000e-01
Region "bulk" on device "mos2d" has equations 0:6746
Region "gate" on device "mos2d" has equations 6747:6863
Region "oxide" on device "mos2d" has equations 6864:7529
Device "mos2d" has equations 0:7529
number of equations 7530
Iteration: 0
  Device: "mos2d"	RelError: 3.78927e+03	AbsError: 2.20906e+17
    Region: "bulk"	RelError: 3.78923e+03	AbsError: 2.20906e+17
      Equation: "ElectronContinuityEquation"	RelError: 9.99000e+02	AbsError: 2.20509e+17
      Equation: "HoleContinuityEquation"	RelError: 2.60892e+03	AbsError: 3.97094e+14
      Equation: "PotentialEquation"	RelError: 1.81310e+02	AbsError: 4.09543e-02
    Region: "gate"	RelError: 3.17517e-04	AbsError: 1.56664e+16
      Equation: "ElectronContinuityEquation"	RelError: 1.56881e-04	AbsError: 1.56664e+16
      Equation: "HoleContinuityEquation"	RelError: 1.56930e-04	AbsError: 1.57148e-04
      Equation: "PotentialEquation"	RelError: 3.70593e-06	AbsError: 4.06185e-06
    Region: "oxide"	RelError: 4.52229e-02	AbsError: 4.09542e-02
      Equation: "PotentialEquation"	RelError: 4.52229e-02	AbsError: 4.09542e-02
Iteration: 1
  Device: "mos2d"	RelError: 2.00016e+03	AbsError: 1.50871e+16
    Region: "bulk"	RelError: 2.00012e+03	AbsError: 1.50871e+16
      Equation: "ElectronContinuityEquation"	RelError: 9.99000e+02	AbsError: 1.50711e+16
      Equation: "HoleContinuityEquation"	RelError: 9.99000e+02	AbsError: 1.59479e+13
      Equation: "PotentialEquation"	RelError: 2.12371e+00	AbsError: 3.07634e-02
    Region: "gate"	RelError: 2.97799e-06	AbsError: 1.45729e+14
      Equation: "ElectronContinuityEquation"	RelError: 1.45931e-06	AbsError: 1.45729e+14
      Equation: "HoleContinuityEquation"	RelError: 1.48392e-06	AbsError: 1.48598e-06
      Equation: "PotentialEquation"	RelError: 3.47578e-08	AbsError: 3.80959e-08
    Region: "oxide"	RelError: 3.45973e-02	AbsError: 3.07632e-02
      Equation: "PotentialEquation"	RelError: 3.45973e-02	AbsError: 3.07632e-02
Iteration: 2
  Device: "mos2d"	RelError: 7.62379e+00	AbsError: 1.24184e+15
    Region: "bulk"	RelError: 7.59797e+00	AbsError: 1.24184e+15
      Equation: "ElectronContinuityEquation"	RelError: 1.66832e+00	AbsError: 1.24180e+15
      Equation: "HoleContinuityEquation"	RelError: 5.89880e+00	AbsError: 4.22380e+10
      Equation: "PotentialEquation"	RelError: 3.08535e-02	AbsError: 2.58980e-02
    Region: "gate"	RelError: 2.34863e-07	AbsError: 1.15901e+13
      Equation: "ElectronContinuityEquation"	RelError: 1.16062e-07	AbsError: 1.15901e+13
      Equation: "HoleContinuityEquation"	RelError: 1.16060e-07	AbsError: 1.16221e-07
      Equation: "PotentialEquation"	RelError: 2.74123e-09	AbsError: 3.00449e-09
    Region: "oxide"	RelError: 2.58223e-02	AbsError: 2.49615e-02
      Equation: "PotentialEquation"	RelError: 2.58223e-02	AbsError: 2.49615e-02
Iteration: 3
  Device: "mos2d"	RelError: 1.01137e+00	AbsError: 2.88171e+15
    Region: "bulk"	RelError: 1.00237e+00	AbsError: 2.88171e+15
      Equation: "ElectronContinuityEquation"	RelError: 3.53475e-01	AbsError: 2.88138e+15
      Equation: "HoleContinuityEquation"	RelError: 6.38688e-01	AbsError: 3.31967e+11
      Equation: "PotentialEquation"	RelError: 1.02037e-02	AbsError: 9.16537e-03
    Region: "gate"	RelError: 2.27280e-07	AbsError: 1.12158e+13
      Equation: "ElectronContinuityEquation"	RelError: 1.12314e-07	AbsError: 1.12158e+13
      Equation: "HoleContinuityEquation"	RelError: 1.12314e-07	AbsError: 1.12469e-07
      Equation: "PotentialEquation"	RelError: 2.65272e-09	AbsError: 2.90749e-09
    Region: "oxide"	RelError: 8.99869e-03	AbsError: 9.16533e-03
      Equation: "PotentialEquation"	RelError: 8.99869e-03	AbsError: 9.16533e-03
Iteration: 4
  Device: "mos2d"	RelError: 5.26591e-02	AbsError: 3.51655e+15
    Region: "bulk"	RelError: 5.25644e-02	AbsError: 3.51655e+15
      Equation: "ElectronContinuityEquation"	RelError: 2.56739e-02	AbsError: 3.51612e+15
      Equation: "HoleContinuityEquation"	RelError: 1.28992e-02	AbsError: 4.23137e+11
      Equation: "PotentialEquation"	RelError: 1.39914e-02	AbsError: 3.20025e-04
    Region: "gate"	RelError: 3.26668e-07	AbsError: 1.61204e+13
      Equation: "ElectronContinuityEquation"	RelError: 1.61428e-07	AbsError: 1.61204e+13
      Equation: "HoleContinuityEquation"	RelError: 1.61428e-07	AbsError: 1.61651e-07
      Equation: "PotentialEquation"	RelError: 3.81274e-09	AbsError: 4.17891e-09
    Region: "oxide"	RelError: 9.43943e-05	AbsError: 7.29718e-05
      Equation: "PotentialEquation"	RelError: 9.43943e-05	AbsError: 7.29718e-05
Iteration: 5
  Device: "mos2d"	RelError: 2.16456e-04	AbsError: 3.04890e+12
    Region: "bulk"	RelError: 2.16419e-04	AbsError: 3.04890e+12
      Equation: "ElectronContinuityEquation"	RelError: 1.84411e-05	AbsError: 3.04817e+12
      Equation: "HoleContinuityEquation"	RelError: 1.93298e-04	AbsError: 7.32927e+08
      Equation: "PotentialEquation"	RelError: 4.67995e-06	AbsError: 2.16237e-07
    Region: "gate"	RelError: 1.18249e-10	AbsError: 5.83667e+09
      Equation: "ElectronContinuityEquation"	RelError: 5.84475e-11	AbsError: 5.83667e+09
      Equation: "HoleContinuityEquation"	RelError: 5.84215e-11	AbsError: 5.85024e-11
      Equation: "PotentialEquation"	RelError: 1.38014e-12	AbsError: 1.51269e-12
    Region: "oxide"	RelError: 3.61497e-08	AbsError: 2.61709e-08
      Equation: "PotentialEquation"	RelError: 3.61497e-08	AbsError: 2.61709e-08
Iteration: 6
  Device: "mos2d"	RelError: 5.54486e-11	AbsError: 2.69366e+06
    Region: "bulk"	RelError: 5.54359e-11	AbsError: 2.69366e+06
      Equation: "ElectronContinuityEquation"	RelError: 1.52889e-11	AbsError: 2.61609e+06
      Equation: "HoleContinuityEquation"	RelError: 2.77415e-11	AbsError: 7.75698e+04
      Equation: "PotentialEquation"	RelError: 1.24055e-11	AbsError: 3.85247e-13
    Region: "gate"	RelError: 3.76392e-16	AbsError: 8.03633e+03
      Equation: "ElectronContinuityEquation"	RelError: 8.03633e-17	AbsError: 8.03633e+03
      Equation: "HoleContinuityEquation"	RelError: 1.94738e-16	AbsError: 1.95008e-16
      Equation: "PotentialEquation"	RelError: 1.01291e-16	AbsError: 1.11022e-16
    Region: "oxide"	RelError: 1.23759e-14	AbsError: 1.26051e-14
      Equation: "PotentialEquation"	RelError: 1.23759e-14	AbsError: 1.26051e-14
Succeeded
body	0.0	-4.7661863417e-15	-1.11659815945e-13	-1.16426002287e-13
drain	0.5	3.02291249063	8.63679944984e-17	3.02291249063
gate	0.5	4.82081993926e-12	2.41040996963e-32	4.82081993926e-12
source	0.0	-3.02291249063	-1.43973469823e-17	-3.02291249063
