
----------------------------------------

 DEVSIM

 Version: Beta 0.01

 Copyright 2009-2013 Devsim LLC

----------------------------------------


mid
bot
 (region: MySi1)
 (contact: top)
 (region: MySi2)
 (interface: MyInt)
 (contact: bot)
Region "MySi1" on device "MyDevice" has equations 0:5
Region "MySi2" on device "MyDevice" has equations 6:11
Device "MyDevice" has equations 0:11
number of equations 12
Iteration: 0
  Device: "MyDevice"	RelError: 0.00000e+00	AbsError: 0.00000e+00
    Region: "MySi1"	RelError: 0.00000e+00	AbsError: 0.00000e+00
      Equation: "PotentialEquation"	RelError: 0.00000e+00	AbsError: 0.00000e+00
    Region: "MySi2"	RelError: 0.00000e+00	AbsError: 0.00000e+00
      Equation: "PotentialEquation"	RelError: 0.00000e+00	AbsError: 0.00000e+00
Potential
0.00000e+00
0.00000e+00
0.00000e+00
0.00000e+00
0.00000e+00
0.00000e+00
IntrinsicElectrons
1.00000e+16
1.00000e+16
1.00000e+16
1.00000e+16
1.00000e+16
1.00000e+16
Potential
0.00000e+00
0.00000e+00
0.00000e+00
0.00000e+00
0.00000e+00
0.00000e+00
IntrinsicElectrons
1.00000e+16
1.00000e+16
1.00000e+16
1.00000e+16
1.00000e+16
1.00000e+16
Warning: Replacing equation with equation of the same name.
Region: MySi1, Equation: PotentialEquation, Variable: Potential
Warning: Replacing equation with equation of the same name.
Region: MySi2, Equation: PotentialEquation, Variable: Potential
Region "MySi1" on device "MyDevice" has equations 0:11
Region "MySi2" on device "MyDevice" has equations 12:23
Device "MyDevice" has equations 0:23
number of equations 24
Iteration: 0
  Device: "MyDevice"	RelError: 5.17866e-04	AbsError: 1.00000e+04
    Region: "MySi1"	RelError: 2.58933e-04	AbsError: 1.00000e+04
      Equation: "ElectronContinuityEquation"	RelError: 1.00000e-12	AbsError: 1.00000e+04
      Equation: "PotentialEquation"	RelError: 2.58933e-04	AbsError: 2.59000e-14
    Region: "MySi2"	RelError: 2.58933e-04	AbsError: 1.00000e+04
      Equation: "ElectronContinuityEquation"	RelError: 1.00000e-12	AbsError: 1.00000e+04
      Equation: "PotentialEquation"	RelError: 2.58933e-04	AbsError: 2.59000e-14
Iteration: 1
  Device: "MyDevice"	RelError: 8.23499e-13	AbsError: 1.59018e-05
    Region: "MySi1"	RelError: 4.11750e-13	AbsError: 1.59018e-05
      Equation: "ElectronContinuityEquation"	RelError: 1.59018e-21	AbsError: 1.59018e-05
      Equation: "PotentialEquation"	RelError: 4.11750e-13	AbsError: 4.11856e-23
    Region: "MySi2"	RelError: 4.11750e-13	AbsError: 1.59018e-05
      Equation: "ElectronContinuityEquation"	RelError: 1.59018e-21	AbsError: 1.59018e-05
      Equation: "PotentialEquation"	RelError: 4.11750e-13	AbsError: 4.11856e-23
Contact: top
Electron 0.0
Hole 0
Total 0.0
Contact: bot
Electron 0.0
Hole 0
Total 0.0
Region "MySi1" on device "MyDevice" has equations 0:11
Region "MySi2" on device "MyDevice" has equations 12:23
Device "MyDevice" has equations 0:23
number of equations 24
Iteration: 0
  Device: "MyDevice"	RelError: 2.00000e+00	AbsError: 8.47222e-01
    Region: "MySi1"	RelError: 1.00000e+00	AbsError: 8.47222e-01
      Equation: "ElectronContinuityEquation"	RelError: 8.37222e-17	AbsError: 8.37222e-01
      Equation: "PotentialEquation"	RelError: 1.00000e+00	AbsError: 1.00000e-02
    Region: "MySi2"	RelError: 1.00000e+00	AbsError: 8.42222e-01
      Equation: "ElectronContinuityEquation"	RelError: 8.37222e-17	AbsError: 8.37222e-01
      Equation: "PotentialEquation"	RelError: 1.00000e+00	AbsError: 5.00000e-03
Iteration: 1
  Device: "MyDevice"	RelError: 4.33681e-08	AbsError: 1.62148e-05
    Region: "MySi1"	RelError: 7.90035e-15	AbsError: 1.55704e-05
      Equation: "ElectronContinuityEquation"	RelError: 1.55704e-21	AbsError: 1.55704e-05
      Equation: "PotentialEquation"	RelError: 7.90035e-15	AbsError: 5.53024e-17
    Region: "MySi2"	RelError: 4.33681e-08	AbsError: 1.62148e-05
      Equation: "ElectronContinuityEquation"	RelError: 1.62148e-21	AbsError: 1.62148e-05
      Equation: "PotentialEquation"	RelError: 4.33681e-08	AbsError: 1.24919e-16
Iteration: 2
  Device: "MyDevice"	RelError: 5.99022e-14	AbsError: 1.61790e-05
    Region: "MySi1"	RelError: 1.54770e-14	AbsError: 1.55194e-05
      Equation: "ElectronContinuityEquation"	RelError: 1.55194e-21	AbsError: 1.55194e-05
      Equation: "PotentialEquation"	RelError: 1.54770e-14	AbsError: 8.59501e-17
    Region: "MySi2"	RelError: 4.44252e-14	AbsError: 1.61790e-05
      Equation: "ElectronContinuityEquation"	RelError: 1.61790e-21	AbsError: 1.61790e-05
      Equation: "PotentialEquation"	RelError: 4.44252e-14	AbsError: 8.64922e-17
Contact: top
Electron 0.006400000000000164
Hole 0
Total 0.006400000000000164
Contact: bot
Electron -0.006400000000000655
Hole 0
Total -0.006400000000000655
Region "MySi1" on device "MyDevice" has equations 0:11
Region "MySi2" on device "MyDevice" has equations 12:23
Device "MyDevice" has equations 0:23
number of equations 24
Iteration: 0
  Device: "MyDevice"	RelError: 1.00000e+00	AbsError: 4.36797e-01
    Region: "MySi1"	RelError: 5.00000e-01	AbsError: 4.36797e-01
      Equation: "ElectronContinuityEquation"	RelError: 4.26797e-17	AbsError: 4.26797e-01
      Equation: "PotentialEquation"	RelError: 5.00000e-01	AbsError: 1.00000e-02
    Region: "MySi2"	RelError: 5.00000e-01	AbsError: 4.15633e-01
      Equation: "ElectronContinuityEquation"	RelError: 4.10633e-17	AbsError: 4.10633e-01
      Equation: "PotentialEquation"	RelError: 5.00000e-01	AbsError: 5.00000e-03
Iteration: 1
  Device: "MyDevice"	RelError: 4.06576e-08	AbsError: 1.65378e-05
    Region: "MySi1"	RelError: 1.44985e-14	AbsError: 1.52553e-05
      Equation: "ElectronContinuityEquation"	RelError: 1.52553e-21	AbsError: 1.52553e-05
      Equation: "PotentialEquation"	RelError: 1.44985e-14	AbsError: 1.44985e-16
    Region: "MySi2"	RelError: 4.06576e-08	AbsError: 1.65378e-05
      Equation: "ElectronContinuityEquation"	RelError: 1.65378e-21	AbsError: 1.65378e-05
      Equation: "PotentialEquation"	RelError: 4.06576e-08	AbsError: 2.19367e-16
Iteration: 2
  Device: "MyDevice"	RelError: 4.70183e-14	AbsError: 1.64756e-05
    Region: "MySi1"	RelError: 3.81278e-15	AbsError: 1.52858e-05
      Equation: "ElectronContinuityEquation"	RelError: 1.52858e-21	AbsError: 1.52858e-05
      Equation: "PotentialEquation"	RelError: 3.81278e-15	AbsError: 4.67833e-17
    Region: "MySi2"	RelError: 4.32055e-14	AbsError: 1.64756e-05
      Equation: "ElectronContinuityEquation"	RelError: 1.64756e-21	AbsError: 1.64756e-05
      Equation: "PotentialEquation"	RelError: 4.32055e-14	AbsError: 8.64110e-17
Contact: top
Electron 0.012800000000001158
Hole 0
Total 0.012800000000001158
Contact: bot
Electron -0.01280000000000171
Hole 0
Total -0.01280000000000171
Region "MySi1" on device "MyDevice" has equations 0:11
Region "MySi2" on device "MyDevice" has equations 12:23
Device "MyDevice" has equations 0:23
number of equations 24
Iteration: 0
  Device: "MyDevice"	RelError: 6.66667e-01	AbsError: 4.45198e-01
    Region: "MySi1"	RelError: 3.33333e-01	AbsError: 4.45198e-01
      Equation: "ElectronContinuityEquation"	RelError: 4.35198e-17	AbsError: 4.35198e-01
      Equation: "PotentialEquation"	RelError: 3.33333e-01	AbsError: 1.00000e-02
    Region: "MySi2"	RelError: 3.33333e-01	AbsError: 4.07856e-01
      Equation: "ElectronContinuityEquation"	RelError: 4.02856e-17	AbsError: 4.02856e-01
      Equation: "PotentialEquation"	RelError: 3.33333e-01	AbsError: 5.00000e-03
Iteration: 1
  Device: "MyDevice"	RelError: 6.23416e-08	AbsError: 1.68175e-05
    Region: "MySi1"	RelError: 3.78567e-15	AbsError: 1.50079e-05
      Equation: "ElectronContinuityEquation"	RelError: 1.50079e-21	AbsError: 1.50079e-05
      Equation: "PotentialEquation"	RelError: 3.78567e-15	AbsError: 5.67851e-17
    Region: "MySi2"	RelError: 6.23416e-08	AbsError: 1.68175e-05
      Equation: "ElectronContinuityEquation"	RelError: 1.68175e-21	AbsError: 1.68175e-05
      Equation: "PotentialEquation"	RelError: 6.23416e-08	AbsError: 5.67851e-17
Iteration: 2
  Device: "MyDevice"	RelError: 7.55328e-15	AbsError: 1.68161e-05
    Region: "MySi1"	RelError: 2.42139e-15	AbsError: 1.49972e-05
      Equation: "ElectronContinuityEquation"	RelError: 1.49972e-21	AbsError: 1.49972e-05
      Equation: "PotentialEquation"	RelError: 2.42138e-15	AbsError: 4.65123e-17
    Region: "MySi2"	RelError: 5.13189e-15	AbsError: 1.68161e-05
      Equation: "ElectronContinuityEquation"	RelError: 1.68161e-21	AbsError: 1.68161e-05
      Equation: "PotentialEquation"	RelError: 5.13189e-15	AbsError: 4.61870e-17
Contact: top
Electron 0.019200000000002018
Hole 0
Total 0.019200000000002018
Contact: bot
Electron -0.019200000000001768
Hole 0
Total -0.019200000000001768
Region "MySi1" on device "MyDevice" has equations 0:11
Region "MySi2" on device "MyDevice" has equations 12:23
Device "MyDevice" has equations 0:23
number of equations 24
Iteration: 0
  Device: "MyDevice"	RelError: 5.00000e-01	AbsError: 7.95553e-01
    Region: "MySi1"	RelError: 2.50000e-01	AbsError: 4.53819e-01
      Equation: "ElectronContinuityEquation"	RelError: 4.43819e-17	AbsError: 4.43819e-01
      Equation: "PotentialEquation"	RelError: 2.50000e-01	AbsError: 1.00000e-02
    Region: "MySi2"	RelError: 2.50000e-01	AbsError: 7.95553e-01
      Equation: "ElectronContinuityEquation"	RelError: 7.90553e-17	AbsError: 7.90553e-01
      Equation: "PotentialEquation"	RelError: 2.50000e-01	AbsError: 5.00000e-03
Iteration: 1
  Device: "MyDevice"	RelError: 1.08420e-08	AbsError: 1.71608e-05
    Region: "MySi1"	RelError: 1.50704e-15	AbsError: 1.47050e-05
      Equation: "ElectronContinuityEquation"	RelError: 1.47050e-21	AbsError: 1.47050e-05
      Equation: "PotentialEquation"	RelError: 1.50704e-15	AbsError: 3.53233e-17
    Region: "MySi2"	RelError: 1.08420e-08	AbsError: 1.71608e-05
      Equation: "ElectronContinuityEquation"	RelError: 1.71608e-21	AbsError: 1.71608e-05
      Equation: "PotentialEquation"	RelError: 1.08420e-08	AbsError: 4.88108e-17
Iteration: 2
  Device: "MyDevice"	RelError: 7.83336e-15	AbsError: 1.71619e-05
    Region: "MySi1"	RelError: 1.97867e-15	AbsError: 1.47190e-05
      Equation: "ElectronContinuityEquation"	RelError: 1.47190e-21	AbsError: 1.47190e-05
      Equation: "PotentialEquation"	RelError: 1.97867e-15	AbsError: 4.23923e-17
    Region: "MySi2"	RelError: 5.85469e-15	AbsError: 1.71619e-05
      Equation: "ElectronContinuityEquation"	RelError: 1.71619e-21	AbsError: 1.71619e-05
      Equation: "PotentialEquation"	RelError: 5.85469e-15	AbsError: 5.99564e-17
Contact: top
Electron 0.025600000000002614
Hole 0
Total 0.025600000000002614
Contact: bot
Electron -0.02560000000000279
Hole 0
Total -0.02560000000000279
Region "MySi1" on device "MyDevice" has equations 0:11
Region "MySi2" on device "MyDevice" has equations 12:23
Device "MyDevice" has equations 0:23
number of equations 24
Iteration: 0
  Device: "MyDevice"	RelError: 4.00000e-01	AbsError: 1.99273e+01
    Region: "MySi1"	RelError: 2.00000e-01	AbsError: 1.99273e+01
      Equation: "ElectronContinuityEquation"	RelError: 1.99173e-15	AbsError: 1.99173e+01
      Equation: "PotentialEquation"	RelError: 2.00000e-01	AbsError: 1.00000e-02
    Region: "MySi2"	RelError: 2.00000e-01	AbsError: 9.12036e+00
      Equation: "ElectronContinuityEquation"	RelError: 9.11536e-16	AbsError: 9.11536e+00
      Equation: "PotentialEquation"	RelError: 2.00000e-01	AbsError: 5.00000e-03
Iteration: 1
  Device: "MyDevice"	RelError: 6.07741e-15	AbsError: 2.00000e+01
    Region: "MySi1"	RelError: 3.17568e-15	AbsError: 2.00000e+01
      Equation: "ElectronContinuityEquation"	RelError: 2.00000e-15	AbsError: 2.00000e+01
      Equation: "PotentialEquation"	RelError: 1.17568e-15	AbsError: 5.29056e-17
    Region: "MySi2"	RelError: 2.90173e-15	AbsError: 9.99998e+00
      Equation: "ElectronContinuityEquation"	RelError: 9.99998e-16	AbsError: 9.99998e+00
      Equation: "PotentialEquation"	RelError: 1.90173e-15	AbsError: 2.30626e-17
Iteration: 2
  Device: "MyDevice"	RelError: 1.33357e-15	AbsError: 1.74810e-05
    Region: "MySi1"	RelError: 4.22840e-16	AbsError: 1.44311e-05
      Equation: "ElectronContinuityEquation"	RelError: 1.44311e-21	AbsError: 1.44311e-05
      Equation: "PotentialEquation"	RelError: 4.22839e-16	AbsError: 1.69135e-17
    Region: "MySi2"	RelError: 9.10732e-16	AbsError: 1.74810e-05
      Equation: "ElectronContinuityEquation"	RelError: 1.74810e-21	AbsError: 1.74810e-05
      Equation: "PotentialEquation"	RelError: 9.10730e-16	AbsError: 9.10730e-18
Contact: top
Electron 0.03200000000000337
Hole 0
Total 0.03200000000000337
Contact: bot
Electron -0.03200000000000321
Hole 0
Total -0.03200000000000321
Region "MySi1" on device "MyDevice" has equations 0:11
Region "MySi2" on device "MyDevice" has equations 12:23
Device "MyDevice" has equations 0:23
number of equations 24
Iteration: 0
  Device: "MyDevice"	RelError: 3.33333e-01	AbsError: 1.20154e+01
    Region: "MySi1"	RelError: 1.66667e-01	AbsError: 1.20154e+01
      Equation: "ElectronContinuityEquation"	RelError: 1.20054e-15	AbsError: 1.20054e+01
      Equation: "PotentialEquation"	RelError: 1.66667e-01	AbsError: 1.00000e-02
    Region: "MySi2"	RelError: 1.66667e-01	AbsError: 4.38286e+00
      Equation: "ElectronContinuityEquation"	RelError: 4.37786e-16	AbsError: 4.37786e+00
      Equation: "PotentialEquation"	RelError: 1.66667e-01	AbsError: 5.00000e-03
Iteration: 1
  Device: "MyDevice"	RelError: 2.71051e-09	AbsError: 1.20000e+01
    Region: "MySi1"	RelError: 1.70311e-15	AbsError: 1.20000e+01
      Equation: "ElectronContinuityEquation"	RelError: 1.20000e-15	AbsError: 1.20000e+01
      Equation: "PotentialEquation"	RelError: 5.03105e-16	AbsError: 2.71677e-17
    Region: "MySi2"	RelError: 2.71051e-09	AbsError: 3.99998e+00
      Equation: "ElectronContinuityEquation"	RelError: 3.99998e-16	AbsError: 3.99998e+00
      Equation: "PotentialEquation"	RelError: 2.71051e-09	AbsError: 1.42407e-17
Iteration: 2
  Device: "MyDevice"	RelError: 2.38524e-15	AbsError: 1.78165e-05
    Region: "MySi1"	RelError: 3.61402e-16	AbsError: 1.41216e-05
      Equation: "ElectronContinuityEquation"	RelError: 1.41216e-21	AbsError: 1.41216e-05
      Equation: "PotentialEquation"	RelError: 3.61401e-16	AbsError: 1.17094e-17
    Region: "MySi2"	RelError: 2.02384e-15	AbsError: 1.78165e-05
      Equation: "ElectronContinuityEquation"	RelError: 1.78165e-21	AbsError: 1.78165e-05
      Equation: "PotentialEquation"	RelError: 2.02384e-15	AbsError: 1.60462e-17
Contact: top
Electron 0.03840000000000388
Hole 0
Total 0.03840000000000388
Contact: bot
Electron -0.0384000000000038
Hole 0
Total -0.0384000000000038
Region "MySi1" on device "MyDevice" has equations 0:11
Region "MySi2" on device "MyDevice" has equations 12:23
Device "MyDevice" has equations 0:23
number of equations 24
Iteration: 0
  Device: "MyDevice"	RelError: 2.85714e-01	AbsError: 1.68197e+01
    Region: "MySi1"	RelError: 1.42857e-01	AbsError: 9.90247e+00
      Equation: "ElectronContinuityEquation"	RelError: 9.89247e-16	AbsError: 9.89247e+00
      Equation: "PotentialEquation"	RelError: 1.42857e-01	AbsError: 1.00000e-02
    Region: "MySi2"	RelError: 1.42857e-01	AbsError: 1.68197e+01
      Equation: "ElectronContinuityEquation"	RelError: 1.68147e-15	AbsError: 1.68147e+01
      Equation: "PotentialEquation"	RelError: 1.42857e-01	AbsError: 5.00000e-03
Iteration: 1
  Device: "MyDevice"	RelError: 1.89735e-08	AbsError: 1.60000e+01
    Region: "MySi1"	RelError: 1.45877e-15	AbsError: 1.00000e+01
      Equation: "ElectronContinuityEquation"	RelError: 1.00000e-15	AbsError: 1.00000e+01
      Equation: "PotentialEquation"	RelError: 4.58770e-16	AbsError: 1.77159e-17
    Region: "MySi2"	RelError: 1.89735e-08	AbsError: 1.60000e+01
      Equation: "ElectronContinuityEquation"	RelError: 1.60000e-15	AbsError: 1.60000e+01
      Equation: "PotentialEquation"	RelError: 1.89735e-08	AbsError: 4.37117e-17
Iteration: 2
  Device: "MyDevice"	RelError: 7.12479e-16	AbsError: 1.81417e-05
    Region: "MySi1"	RelError: 3.71728e-16	AbsError: 1.38480e-05
      Equation: "ElectronContinuityEquation"	RelError: 1.38480e-21	AbsError: 1.38480e-05
      Equation: "PotentialEquation"	RelError: 3.71726e-16	AbsError: 1.82146e-17
    Region: "MySi2"	RelError: 3.40751e-16	AbsError: 1.81417e-05
      Equation: "ElectronContinuityEquation"	RelError: 1.81417e-21	AbsError: 1.81417e-05
      Equation: "PotentialEquation"	RelError: 3.40749e-16	AbsError: 1.19262e-17
Contact: top
Electron 0.044800000000004496
Hole 0
Total 0.044800000000004496
Contact: bot
Electron -0.044800000000004475
Hole 0
Total -0.044800000000004475
Region "MySi1" on device "MyDevice" has equations 0:11
Region "MySi2" on device "MyDevice" has equations 12:23
Device "MyDevice" has equations 0:23
number of equations 24
Iteration: 0
  Device: "MyDevice"	RelError: 2.50000e-01	AbsError: 7.70024e+00
    Region: "MySi1"	RelError: 1.25000e-01	AbsError: 7.70024e+00
      Equation: "ElectronContinuityEquation"	RelError: 7.69024e-16	AbsError: 7.69024e+00
      Equation: "PotentialEquation"	RelError: 1.25000e-01	AbsError: 1.00000e-02
    Region: "MySi2"	RelError: 1.25000e-01	AbsError: 2.57268e+00
      Equation: "ElectronContinuityEquation"	RelError: 2.56768e-16	AbsError: 2.56768e+00
      Equation: "PotentialEquation"	RelError: 1.25000e-01	AbsError: 5.00000e-03
Iteration: 1
  Device: "MyDevice"	RelError: 2.43946e-08	AbsError: 7.99999e+00
    Region: "MySi1"	RelError: 1.31565e-15	AbsError: 7.99999e+00
      Equation: "ElectronContinuityEquation"	RelError: 7.99999e-16	AbsError: 7.99999e+00
      Equation: "PotentialEquation"	RelError: 5.15656e-16	AbsError: 3.71272e-17
    Region: "MySi2"	RelError: 2.43945e-08	AbsError: 1.99998e+00
      Equation: "ElectronContinuityEquation"	RelError: 1.99998e-16	AbsError: 1.99998e+00
      Equation: "PotentialEquation"	RelError: 2.43945e-08	AbsError: 1.37204e-17
Iteration: 2
  Device: "MyDevice"	RelError: 1.49078e-15	AbsError: 1.84860e-05
    Region: "MySi1"	RelError: 2.16842e-16	AbsError: 1.35765e-05
      Equation: "ElectronContinuityEquation"	RelError: 1.35765e-21	AbsError: 1.35765e-05
      Equation: "PotentialEquation"	RelError: 2.16840e-16	AbsError: 1.21431e-17
    Region: "MySi2"	RelError: 1.27394e-15	AbsError: 1.84860e-05
      Equation: "ElectronContinuityEquation"	RelError: 1.84860e-21	AbsError: 1.84860e-05
      Equation: "PotentialEquation"	RelError: 1.27394e-15	AbsError: 2.03830e-17
Contact: top
Electron 0.05120000000000507
Hole 0
Total 0.05120000000000507
Contact: bot
Electron -0.051200000000005214
Hole 0
Total -0.051200000000005214
Region "MySi1" on device "MyDevice" has equations 0:11
Region "MySi2" on device "MyDevice" has equations 12:23
Device "MyDevice" has equations 0:23
number of equations 24
Iteration: 0
  Device: "MyDevice"	RelError: 2.22222e-01	AbsError: 7.85744e+00
    Region: "MySi1"	RelError: 1.11111e-01	AbsError: 7.85744e+00
      Equation: "ElectronContinuityEquation"	RelError: 7.84744e-16	AbsError: 7.84744e+00
      Equation: "PotentialEquation"	RelError: 1.11111e-01	AbsError: 1.00000e-02
    Region: "MySi2"	RelError: 1.11111e-01	AbsError: 3.42626e+00
      Equation: "ElectronContinuityEquation"	RelError: 3.42126e-16	AbsError: 3.42126e+00
      Equation: "PotentialEquation"	RelError: 1.11111e-01	AbsError: 5.00000e-03
Iteration: 1
  Device: "MyDevice"	RelError: 1.35525e-08	AbsError: 7.99999e+00
    Region: "MySi1"	RelError: 9.87275e-16	AbsError: 7.99999e+00
      Equation: "ElectronContinuityEquation"	RelError: 7.99999e-16	AbsError: 7.99999e+00
      Equation: "PotentialEquation"	RelError: 1.87277e-16	AbsError: 1.38778e-17
    Region: "MySi2"	RelError: 1.35525e-08	AbsError: 3.99998e+00
      Equation: "ElectronContinuityEquation"	RelError: 3.99998e-16	AbsError: 3.99998e+00
      Equation: "PotentialEquation"	RelError: 1.35525e-08	AbsError: 1.13280e-17
Iteration: 2
  Device: "MyDevice"	RelError: 5.62177e-16	AbsError: 1.88237e-05
    Region: "MySi1"	RelError: 4.41713e-16	AbsError: 1.32956e-05
      Equation: "ElectronContinuityEquation"	RelError: 1.32956e-21	AbsError: 1.32956e-05
      Equation: "PotentialEquation"	RelError: 4.41712e-16	AbsError: 2.38524e-17
    Region: "MySi2"	RelError: 1.20464e-16	AbsError: 1.88237e-05
      Equation: "ElectronContinuityEquation"	RelError: 1.88237e-21	AbsError: 1.88237e-05
      Equation: "PotentialEquation"	RelError: 1.20462e-16	AbsError: 3.25261e-18
Contact: top
Electron 0.0576000000000058
Hole 0
Total 0.0576000000000058
Contact: bot
Electron -0.0576000000000057
Hole 0
Total -0.0576000000000057
Region "MySi1" on device "MyDevice" has equations 0:11
Region "MySi2" on device "MyDevice" has equations 12:23
Device "MyDevice" has equations 0:23
number of equations 24
Iteration: 0
  Device: "MyDevice"	RelError: 2.00000e-01	AbsError: 1.50266e+01
    Region: "MySi1"	RelError: 1.00000e-01	AbsError: 1.50266e+01
      Equation: "ElectronContinuityEquation"	RelError: 1.50166e-15	AbsError: 1.50166e+01
      Equation: "PotentialEquation"	RelError: 1.00000e-01	AbsError: 1.00000e-02
    Region: "MySi2"	RelError: 1.00000e-01	AbsError: 5.48611e+00
      Equation: "ElectronContinuityEquation"	RelError: 5.48111e-16	AbsError: 5.48111e+00
      Equation: "PotentialEquation"	RelError: 1.00000e-01	AbsError: 5.00000e-03
Iteration: 1
  Device: "MyDevice"	RelError: 4.11052e-15	AbsError: 1.60000e+01
    Region: "MySi1"	RelError: 2.09389e-15	AbsError: 1.60000e+01
      Equation: "ElectronContinuityEquation"	RelError: 1.60000e-15	AbsError: 1.60000e+01
      Equation: "PotentialEquation"	RelError: 4.93892e-16	AbsError: 3.95113e-17
    Region: "MySi2"	RelError: 2.01663e-15	AbsError: 6.00002e+00
      Equation: "ElectronContinuityEquation"	RelError: 6.00002e-16	AbsError: 6.00002e+00
      Equation: "PotentialEquation"	RelError: 1.41663e-15	AbsError: 1.41663e-17
Iteration: 2
  Device: "MyDevice"	RelError: 1.17094e-15	AbsError: 1.91707e-05
    Region: "MySi1"	RelError: 3.46946e-16	AbsError: 1.30327e-05
      Equation: "ElectronContinuityEquation"	RelError: 1.30327e-21	AbsError: 1.30327e-05
      Equation: "PotentialEquation"	RelError: 3.46945e-16	AbsError: 1.73472e-17
    Region: "MySi2"	RelError: 8.23991e-16	AbsError: 1.91707e-05
      Equation: "ElectronContinuityEquation"	RelError: 1.91707e-21	AbsError: 1.91707e-05
      Equation: "PotentialEquation"	RelError: 8.23989e-16	AbsError: 1.77809e-17
Contact: top
Electron 0.0640000000000065
Hole 0
Total 0.0640000000000065
Contact: bot
Electron -0.06400000000000637
Hole 0
Total -0.06400000000000637
Electrons
1.00000e+16
1.00000e+16
1.00000e+16
1.00000e+16
1.00000e+16
1.00000e+16
Potential
1.00000e-01
9.00000e-02
8.00000e-02
7.00000e-02
6.00000e-02
5.00000e-02
ElectricField
1.00000e-01
1.00000e-01
1.00000e-01
1.00000e-01
1.00000e-01
ElectronCurrent
6.40000e-02
6.40000e-02
6.40000e-02
6.40000e-02
6.40000e-02
topnodeelectroncurrent
6.40000e-02
6.40000e-02
6.40000e-02
6.40000e-02
6.40000e-02
Electrons
1.00000e+16
1.00000e+16
1.00000e+16
1.00000e+16
1.00000e+16
1.00000e+16
Potential
5.00000e-02
4.00000e-02
3.00000e-02
2.00000e-02
1.00000e-02
2.26297e-33
ElectricField
1.00000e-01
1.00000e-01
1.00000e-01
1.00000e-01
1.00000e-01
ElectronCurrent
6.40000e-02
6.40000e-02
6.40000e-02
6.40000e-02
6.40000e-02
topnodeelectroncurrent
6.40000e-02
6.40000e-02
6.40000e-02
6.40000e-02
6.40000e-02
0.064
