
----------------------------------------

 DEVSIM

 Version: Beta 0.01

 Copyright 2009-2013 Devsim LLC

----------------------------------------


bot
 (region: MyRegion)
 (contact: top)
 (contact: bot)
Region "MyRegion" on device "MyDevice" has equations 0:10
Device "MyDevice" has equations 0:10
0	18446744073709551615	ground
GND	18446744073709551615	ground
V1.I	0	mna
topbias	1	default
Circuit  has equations 11:12
creating solution dcop with 2 nodes
number of equations 13
creating solution dcop_prev with 2 nodes
Iteration: 0
  Device: "MyDevice"	RelError: 0.00000e+00	AbsError: 0.00000e+00
    Region: "MyRegion"	RelError: 0.00000e+00	AbsError: 0.00000e+00
      Equation: "PotentialEquation"	RelError: 0.00000e+00	AbsError: 0.00000e+00
  Circuit: 	RelError: 0.00000e+00	AbsError: 0.00000e+00
Circuit Solution:
V1.I	0
topbias	0
Potential
0.00000e+00
0.00000e+00
0.00000e+00
0.00000e+00
0.00000e+00
0.00000e+00
0.00000e+00
0.00000e+00
0.00000e+00
0.00000e+00
0.00000e+00
IntrinsicElectrons
1.00000e+16
1.00000e+16
1.00000e+16
1.00000e+16
1.00000e+16
1.00000e+16
1.00000e+16
1.00000e+16
1.00000e+16
1.00000e+16
1.00000e+16
Warning: Replacing equation with equation of the same name.
Region: MyRegion, Equation: PotentialEquation, Variable: Potential
Region "MyRegion" on device "MyDevice" has equations 0:21
Device "MyDevice" has equations 0:21
0	18446744073709551615	ground
GND	18446744073709551615	ground
V1.I	0	mna
topbias	1	default
Circuit  has equations 22:23
number of equations 24
Iteration: 0
  Device: "MyDevice"	RelError: 2.58933e-04	AbsError: 1.00000e+04
    Region: "MyRegion"	RelError: 2.58933e-04	AbsError: 1.00000e+04
      Equation: "ElectronContinuityEquation"	RelError: 1.00000e-12	AbsError: 1.00000e+04
      Equation: "PotentialEquation"	RelError: 2.58933e-04	AbsError: 2.59000e-14
  Circuit: 	RelError: 0.00000e+00	AbsError: 0.00000e+00
Iteration: 1
  Device: "MyDevice"	RelError: 4.11750e-13	AbsError: 1.59018e-05
    Region: "MyRegion"	RelError: 4.11750e-13	AbsError: 1.59018e-05
      Equation: "ElectronContinuityEquation"	RelError: 1.59018e-21	AbsError: 1.59018e-05
      Equation: "PotentialEquation"	RelError: 4.11750e-13	AbsError: 4.11856e-23
  Circuit: 	RelError: 5.04871e-20	AbsError: 5.04871e-30
Circuit Solution:
V1.I	5.04871e-30
topbias	0
Device: MyDevice Contact: bot
	Electron 0.0
	Hole 0
	Total 0.0
Device: MyDevice Contact: top
	Electron 0.0
	Hole 0
	Total 0.0
Region "MyRegion" on device "MyDevice" has equations 0:21
Device "MyDevice" has equations 0:21
0	18446744073709551615	ground
GND	18446744073709551615	ground
V1.I	0	mna
topbias	1	default
Circuit  has equations 22:23
number of equations 24
Iteration: 0
  Device: "MyDevice"	RelError: 1.00000e+00	AbsError: 1.26583e+00
    Region: "MyRegion"	RelError: 1.00000e+00	AbsError: 1.26583e+00
      Equation: "ElectronContinuityEquation"	RelError: 1.25583e-16	AbsError: 1.25583e+00
      Equation: "PotentialEquation"	RelError: 1.00000e+00	AbsError: 1.00000e-02
  Circuit: 	RelError: 1.00000e+00	AbsError: 1.64000e-02
Iteration: 1
  Device: "MyDevice"	RelError: 9.18927e-14	AbsError: 2.00000e+00
    Region: "MyRegion"	RelError: 9.18927e-14	AbsError: 2.00000e+00
      Equation: "ElectronContinuityEquation"	RelError: 2.00000e-16	AbsError: 2.00000e+00
      Equation: "PotentialEquation"	RelError: 9.16927e-14	AbsError: 9.50219e-17
  Circuit: 	RelError: 1.72893e-14	AbsError: 1.10651e-16
Iteration: 2
  Device: "MyDevice"	RelError: 4.36526e-14	AbsError: 1.61410e-05
    Region: "MyRegion"	RelError: 4.36526e-14	AbsError: 1.61410e-05
      Equation: "ElectronContinuityEquation"	RelError: 1.61410e-21	AbsError: 1.61410e-05
      Equation: "PotentialEquation"	RelError: 4.36526e-14	AbsError: 1.19059e-16
  Circuit: 	RelError: 6.91179e-16	AbsError: 4.42354e-18
Circuit Solution:
V1.I	-0.0064
topbias	0.01
Device: MyDevice Contact: bot
	Electron -0.006400000000000821
	Hole 0
	Total -0.006400000000000821
Device: MyDevice Contact: top
	Electron 0.00640000000000086
	Hole 0
	Total 0.00640000000000086
Region "MyRegion" on device "MyDevice" has equations 0:21
Device "MyDevice" has equations 0:21
0	18446744073709551615	ground
GND	18446744073709551615	ground
V1.I	0	mna
topbias	1	default
Circuit  has equations 22:23
number of equations 24
Iteration: 0
  Device: "MyDevice"	RelError: 5.00000e-01	AbsError: 8.63594e-01
    Region: "MyRegion"	RelError: 5.00000e-01	AbsError: 8.63594e-01
      Equation: "ElectronContinuityEquation"	RelError: 8.53594e-17	AbsError: 8.53594e-01
      Equation: "PotentialEquation"	RelError: 5.00000e-01	AbsError: 1.00000e-02
  Circuit: 	RelError: 5.00000e-01	AbsError: 1.64000e-02
Iteration: 1
  Device: "MyDevice"	RelError: 3.43502e-14	AbsError: 1.65468e-05
    Region: "MyRegion"	RelError: 3.43502e-14	AbsError: 1.65468e-05
      Equation: "ElectronContinuityEquation"	RelError: 1.65468e-21	AbsError: 1.65468e-05
      Equation: "PotentialEquation"	RelError: 3.43502e-14	AbsError: 3.05149e-16
  Circuit: 	RelError: 7.45931e-15	AbsError: 9.54792e-17
Circuit Solution:
V1.I	-0.0128
topbias	0.02
Device: MyDevice Contact: bot
	Electron -0.01280000000000131
	Hole 0
	Total -0.01280000000000131
Device: MyDevice Contact: top
	Electron 0.012800000000001222
	Hole 0
	Total 0.012800000000001222
Region "MyRegion" on device "MyDevice" has equations 0:21
Device "MyDevice" has equations 0:21
0	18446744073709551615	ground
GND	18446744073709551615	ground
V1.I	0	mna
topbias	1	default
Circuit  has equations 22:23
number of equations 24
Iteration: 0
  Device: "MyDevice"	RelError: 3.33333e-01	AbsError: 8.80395e-01
    Region: "MyRegion"	RelError: 3.33333e-01	AbsError: 8.80395e-01
      Equation: "ElectronContinuityEquation"	RelError: 8.70395e-17	AbsError: 8.70395e-01
      Equation: "PotentialEquation"	RelError: 3.33333e-01	AbsError: 1.00000e-02
  Circuit: 	RelError: 3.33333e-01	AbsError: 1.64000e-02
Iteration: 1
  Device: "MyDevice"	RelError: 6.58474e-15	AbsError: 1.68335e-05
    Region: "MyRegion"	RelError: 6.58474e-15	AbsError: 1.68335e-05
      Equation: "ElectronContinuityEquation"	RelError: 1.68335e-21	AbsError: 1.68335e-05
      Equation: "PotentialEquation"	RelError: 6.58474e-15	AbsError: 5.64002e-17
  Circuit: 	RelError: 2.45030e-15	AbsError: 4.70457e-17
Circuit Solution:
V1.I	-0.0192
topbias	0.03
Device: MyDevice Contact: bot
	Electron -0.019200000000002
	Hole 0
	Total -0.019200000000002
Device: MyDevice Contact: top
	Electron 0.019200000000001886
	Hole 0
	Total 0.019200000000001886
Region "MyRegion" on device "MyDevice" has equations 0:21
Device "MyDevice" has equations 0:21
0	18446744073709551615	ground
GND	18446744073709551615	ground
V1.I	0	mna
topbias	1	default
Circuit  has equations 22:23
number of equations 24
Iteration: 0
  Device: "MyDevice"	RelError: 2.50000e-01	AbsError: 8.97637e-01
    Region: "MyRegion"	RelError: 2.50000e-01	AbsError: 8.97637e-01
      Equation: "ElectronContinuityEquation"	RelError: 8.87637e-17	AbsError: 8.87637e-01
      Equation: "PotentialEquation"	RelError: 2.50000e-01	AbsError: 1.00000e-02
  Circuit: 	RelError: 2.50000e-01	AbsError: 1.64000e-02
Iteration: 1
  Device: "MyDevice"	RelError: 5.36139e-15	AbsError: 1.71612e-05
    Region: "MyRegion"	RelError: 5.36139e-15	AbsError: 1.71612e-05
      Equation: "ElectronContinuityEquation"	RelError: 1.71612e-21	AbsError: 1.71612e-05
      Equation: "PotentialEquation"	RelError: 5.36139e-15	AbsError: 6.16911e-17
  Circuit: 	RelError: 4.82470e-16	AbsError: 1.23512e-17
Circuit Solution:
V1.I	-0.0256
topbias	0.04
Device: MyDevice Contact: bot
	Electron -0.02560000000000272
	Hole 0
	Total -0.02560000000000272
Device: MyDevice Contact: top
	Electron 0.02560000000000248
	Hole 0
	Total 0.02560000000000248
Region "MyRegion" on device "MyDevice" has equations 0:21
Device "MyDevice" has equations 0:21
0	18446744073709551615	ground
GND	18446744073709551615	ground
V1.I	0	mna
topbias	1	default
Circuit  has equations 22:23
number of equations 24
Iteration: 0
  Device: "MyDevice"	RelError: 2.00000e-01	AbsError: 5.20666e+01
    Region: "MyRegion"	RelError: 2.00000e-01	AbsError: 5.20666e+01
      Equation: "ElectronContinuityEquation"	RelError: 5.20566e-15	AbsError: 5.20566e+01
      Equation: "PotentialEquation"	RelError: 2.00000e-01	AbsError: 1.00000e-02
  Circuit: 	RelError: 2.00000e-01	AbsError: 1.64000e-02
Iteration: 1
  Device: "MyDevice"	RelError: 9.16818e-15	AbsError: 5.20000e+01
    Region: "MyRegion"	RelError: 9.16818e-15	AbsError: 5.20000e+01
      Equation: "ElectronContinuityEquation"	RelError: 5.20000e-15	AbsError: 5.20000e+01
      Equation: "PotentialEquation"	RelError: 3.96818e-15	AbsError: 1.58727e-16
  Circuit: 	RelError: 9.97049e-16	AbsError: 3.19056e-17
Iteration: 2
  Device: "MyDevice"	RelError: 1.99493e-15	AbsError: 1.74912e-05
    Region: "MyRegion"	RelError: 1.99493e-15	AbsError: 1.74912e-05
      Equation: "ElectronContinuityEquation"	RelError: 1.74912e-21	AbsError: 1.74912e-05
      Equation: "PotentialEquation"	RelError: 1.99493e-15	AbsError: 3.44776e-17
  Circuit: 	RelError: 5.85469e-16	AbsError: 1.87350e-17
Circuit Solution:
V1.I	-0.032
topbias	0.05
Device: MyDevice Contact: bot
	Electron -0.032000000000003144
	Hole 0
	Total -0.032000000000003144
Device: MyDevice Contact: top
	Electron 0.03200000000000317
	Hole 0
	Total 0.03200000000000317
Region "MyRegion" on device "MyDevice" has equations 0:21
Device "MyDevice" has equations 0:21
0	18446744073709551615	ground
GND	18446744073709551615	ground
V1.I	0	mna
topbias	1	default
Circuit  has equations 22:23
number of equations 24
Iteration: 0
  Device: "MyDevice"	RelError: 1.66667e-01	AbsError: 3.97203e+01
    Region: "MyRegion"	RelError: 1.66667e-01	AbsError: 3.97203e+01
      Equation: "ElectronContinuityEquation"	RelError: 3.97103e-15	AbsError: 3.97103e+01
      Equation: "PotentialEquation"	RelError: 1.66667e-01	AbsError: 1.00000e-02
  Circuit: 	RelError: 1.66667e-01	AbsError: 1.64000e-02
Iteration: 1
  Device: "MyDevice"	RelError: 6.00947e-15	AbsError: 4.00000e+01
    Region: "MyRegion"	RelError: 6.00947e-15	AbsError: 4.00000e+01
      Equation: "ElectronContinuityEquation"	RelError: 4.00000e-15	AbsError: 4.00000e+01
      Equation: "PotentialEquation"	RelError: 2.00947e-15	AbsError: 9.64546e-17
  Circuit: 	RelError: 4.98070e-16	AbsError: 1.91259e-17
Iteration: 2
  Device: "MyDevice"	RelError: 8.67363e-16	AbsError: 1.78156e-05
    Region: "MyRegion"	RelError: 8.67363e-16	AbsError: 1.78156e-05
      Equation: "ElectronContinuityEquation"	RelError: 1.78156e-21	AbsError: 1.78156e-05
      Equation: "PotentialEquation"	RelError: 8.67362e-16	AbsError: 2.60209e-17
  Circuit: 	RelError: 9.03502e-16	AbsError: 3.46945e-17
Circuit Solution:
V1.I	-0.0384
topbias	0.06
Device: MyDevice Contact: bot
	Electron -0.03840000000000385
	Hole 0
	Total -0.03840000000000385
Device: MyDevice Contact: top
	Electron 0.03840000000000388
	Hole 0
	Total 0.03840000000000388
Region "MyRegion" on device "MyDevice" has equations 0:21
Device "MyDevice" has equations 0:21
0	18446744073709551615	ground
GND	18446744073709551615	ground
V1.I	0	mna
topbias	1	default
Circuit  has equations 22:23
number of equations 24
Iteration: 0
  Device: "MyDevice"	RelError: 1.42857e-01	AbsError: 4.24963e+00
    Region: "MyRegion"	RelError: 1.42857e-01	AbsError: 4.24963e+00
      Equation: "ElectronContinuityEquation"	RelError: 4.23963e-16	AbsError: 4.23963e+00
      Equation: "PotentialEquation"	RelError: 1.42857e-01	AbsError: 1.00000e-02
  Circuit: 	RelError: 1.42857e-01	AbsError: 1.64000e-02
Iteration: 1
  Device: "MyDevice"	RelError: 8.16889e-16	AbsError: 4.00000e+00
    Region: "MyRegion"	RelError: 8.16889e-16	AbsError: 4.00000e+00
      Equation: "ElectronContinuityEquation"	RelError: 4.00000e-16	AbsError: 4.00000e+00
      Equation: "PotentialEquation"	RelError: 4.16889e-16	AbsError: 1.64672e-17
  Circuit: 	RelError: 5.54889e-17	AbsError: 2.48590e-18
Iteration: 2
  Device: "MyDevice"	RelError: 1.82765e-15	AbsError: 1.81510e-05
    Region: "MyRegion"	RelError: 1.82765e-15	AbsError: 1.81510e-05
      Equation: "ElectronContinuityEquation"	RelError: 1.81510e-21	AbsError: 1.81510e-05
      Equation: "PotentialEquation"	RelError: 1.82765e-15	AbsError: 1.99493e-17
  Circuit: 	RelError: 3.09775e-17	AbsError: 1.38779e-18
Circuit Solution:
V1.I	-0.0448
topbias	0.07
Device: MyDevice Contact: bot
	Electron -0.044800000000004475
	Hole 0
	Total -0.044800000000004475
Device: MyDevice Contact: top
	Electron 0.044800000000004496
	Hole 0
	Total 0.044800000000004496
Region "MyRegion" on device "MyDevice" has equations 0:21
Device "MyDevice" has equations 0:21
0	18446744073709551615	ground
GND	18446744073709551615	ground
V1.I	0	mna
topbias	1	default
Circuit  has equations 22:23
number of equations 24
Iteration: 0
  Device: "MyDevice"	RelError: 1.25000e-01	AbsError: 1.73130e+01
    Region: "MyRegion"	RelError: 1.25000e-01	AbsError: 1.73130e+01
      Equation: "ElectronContinuityEquation"	RelError: 1.73030e-15	AbsError: 1.73030e+01
      Equation: "PotentialEquation"	RelError: 1.25000e-01	AbsError: 1.00000e-02
  Circuit: 	RelError: 1.25000e-01	AbsError: 1.64000e-02
Iteration: 1
  Device: "MyDevice"	RelError: 2.59932e-15	AbsError: 1.80000e+01
    Region: "MyRegion"	RelError: 2.59932e-15	AbsError: 1.80000e+01
      Equation: "ElectronContinuityEquation"	RelError: 1.80000e-15	AbsError: 1.80000e+01
      Equation: "PotentialEquation"	RelError: 7.99318e-16	AbsError: 5.11563e-17
  Circuit: 	RelError: 3.13681e-16	AbsError: 1.60605e-17
Iteration: 2
  Device: "MyDevice"	RelError: 1.47723e-15	AbsError: 1.84705e-05
    Region: "MyRegion"	RelError: 1.47723e-15	AbsError: 1.84705e-05
      Equation: "ElectronContinuityEquation"	RelError: 1.84705e-21	AbsError: 1.84705e-05
      Equation: "PotentialEquation"	RelError: 1.47723e-15	AbsError: 1.65883e-17
  Circuit: 	RelError: 2.57498e-16	AbsError: 1.31839e-17
Circuit Solution:
V1.I	-0.0512
topbias	0.08
Device: MyDevice Contact: bot
	Electron -0.0512000000000052
	Hole 0
	Total -0.0512000000000052
Device: MyDevice Contact: top
	Electron 0.05120000000000519
	Hole 0
	Total 0.05120000000000519
Region "MyRegion" on device "MyDevice" has equations 0:21
Device "MyDevice" has equations 0:21
0	18446744073709551615	ground
GND	18446744073709551615	ground
V1.I	0	mna
topbias	1	default
Circuit  has equations 22:23
number of equations 24
Iteration: 0
  Device: "MyDevice"	RelError: 1.11111e-01	AbsError: 3.18902e+01
    Region: "MyRegion"	RelError: 1.11111e-01	AbsError: 3.18902e+01
      Equation: "ElectronContinuityEquation"	RelError: 3.18802e-15	AbsError: 3.18802e+01
      Equation: "PotentialEquation"	RelError: 1.11111e-01	AbsError: 1.00000e-02
  Circuit: 	RelError: 1.11111e-01	AbsError: 1.64000e-02
Iteration: 1
  Device: "MyDevice"	RelError: 4.49557e-15	AbsError: 3.20000e+01
    Region: "MyRegion"	RelError: 4.49557e-15	AbsError: 3.20000e+01
      Equation: "ElectronContinuityEquation"	RelError: 3.20000e-15	AbsError: 3.20000e+01
      Equation: "PotentialEquation"	RelError: 1.29557e-15	AbsError: 9.32807e-17
  Circuit: 	RelError: 7.36805e-17	AbsError: 4.24400e-18
Iteration: 2
  Device: "MyDevice"	RelError: 2.04796e-16	AbsError: 1.88244e-05
    Region: "MyRegion"	RelError: 2.04796e-16	AbsError: 1.88244e-05
      Equation: "ElectronContinuityEquation"	RelError: 1.88244e-21	AbsError: 1.88244e-05
      Equation: "PotentialEquation"	RelError: 2.04794e-16	AbsError: 9.21572e-18
  Circuit: 	RelError: 2.28887e-16	AbsError: 1.31839e-17
Circuit Solution:
V1.I	-0.0576
topbias	0.09
Device: MyDevice Contact: bot
	Electron -0.05760000000000578
	Hole 0
	Total -0.05760000000000578
Device: MyDevice Contact: top
	Electron 0.05760000000000562
	Hole 0
	Total 0.05760000000000562
Region "MyRegion" on device "MyDevice" has equations 0:21
Device "MyDevice" has equations 0:21
0	18446744073709551615	ground
GND	18446744073709551615	ground
V1.I	0	mna
topbias	1	default
Circuit  has equations 22:23
number of equations 24
Iteration: 0
  Device: "MyDevice"	RelError: 1.00000e-01	AbsError: 3.01332e+00
    Region: "MyRegion"	RelError: 1.00000e-01	AbsError: 3.01332e+00
      Equation: "ElectronContinuityEquation"	RelError: 3.00332e-16	AbsError: 3.00332e+00
      Equation: "PotentialEquation"	RelError: 1.00000e-01	AbsError: 1.00000e-02
  Circuit: 	RelError: 1.00000e-01	AbsError: 1.64000e-02
Iteration: 1
  Device: "MyDevice"	RelError: 6.16836e-16	AbsError: 4.00000e+00
    Region: "MyRegion"	RelError: 6.16836e-16	AbsError: 4.00000e+00
      Equation: "ElectronContinuityEquation"	RelError: 4.00000e-16	AbsError: 4.00000e+00
      Equation: "PotentialEquation"	RelError: 2.16836e-16	AbsError: 1.69936e-17
  Circuit: 	RelError: 4.33681e-16	AbsError: 2.77556e-17
Iteration: 2
  Device: "MyDevice"	RelError: 1.42152e-16	AbsError: 1.91693e-05
    Region: "MyRegion"	RelError: 1.42152e-16	AbsError: 1.91693e-05
      Equation: "ElectronContinuityEquation"	RelError: 1.91693e-21	AbsError: 1.91693e-05
      Equation: "PotentialEquation"	RelError: 1.42151e-16	AbsError: 1.27935e-17
  Circuit: 	RelError: 2.38524e-16	AbsError: 1.52655e-17
Circuit Solution:
V1.I	-0.064
topbias	0.1
Device: MyDevice Contact: bot
	Electron -0.06400000000000639
	Hole 0
	Total -0.06400000000000639
Device: MyDevice Contact: top
	Electron 0.0640000000000065
	Hole 0
	Total 0.0640000000000065
Region "MyRegion" on device "MyDevice" has equations 0:21
Device "MyDevice" has equations 0:21
0	18446744073709551615	ground
GND	18446744073709551615	ground
V1.I	0	mna
topbias	1	default
Circuit  has equations 22:23
creating solution ssac_real with 2 nodes
creating solution ssac_imag with 2 nodes
Device: MyDevice	Region: MyRegion	Creating: Electrons_Real
Device: MyDevice	Region: MyRegion	Creating: Electrons_Imag
Device: MyDevice	Region: MyRegion	Creating: Potential_Real
Device: MyDevice	Region: MyRegion	Creating: Potential_Imag
Setting V1.I = (-0.64,0)
Setting topbias = (1,0)
AC Iteration:
number of equations 24
Circuit AC Solution:
V1.I	(-0.64,0)
topbias	(1,0)
Region "MyRegion" on device "MyDevice" has equations 0:21
Device "MyDevice" has equations 0:21
0	18446744073709551615	ground
GND	18446744073709551615	ground
V1.I	0	mna
topbias	1	default
Circuit  has equations 22:23
Setting V1.I = (-0.64,6.36446e-17)
Setting topbias = (1,0)
AC Iteration:
number of equations 24
Circuit AC Solution:
V1.I	(-0.64,6.36446e-17)
topbias	(1,0)
Region "MyRegion" on device "MyDevice" has equations 0:21
Device "MyDevice" has equations 0:21
0	18446744073709551615	ground
GND	18446744073709551615	ground
V1.I	0	mna
topbias	1	default
Circuit  has equations 22:23
Setting V1.I = (-0.64,-6.86562e-16)
Setting topbias = (1,0)
AC Iteration:
number of equations 24
Circuit AC Solution:
V1.I	(-0.64,-6.86562e-16)
topbias	(1,0)
Region "MyRegion" on device "MyDevice" has equations 0:21
Device "MyDevice" has equations 0:21
0	18446744073709551615	ground
GND	18446744073709551615	ground
V1.I	0	mna
topbias	1	default
Circuit  has equations 22:23
Setting V1.I = (-0.64,3.32607e-14)
Setting topbias = (1,0)
AC Iteration:
number of equations 24
Circuit AC Solution:
V1.I	(-0.64,3.32607e-14)
topbias	(1,0)
Region "MyRegion" on device "MyDevice" has equations 0:21
Device "MyDevice" has equations 0:21
0	18446744073709551615	ground
GND	18446744073709551615	ground
V1.I	0	mna
topbias	1	default
Circuit  has equations 22:23
Setting V1.I = (-0.64,4.74687e-13)
Setting topbias = (1,0)
AC Iteration:
number of equations 24
Circuit AC Solution:
V1.I	(-0.64,4.74687e-13)
topbias	(1,0)
Region "MyRegion" on device "MyDevice" has equations 0:21
Device "MyDevice" has equations 0:21
0	18446744073709551615	ground
GND	18446744073709551615	ground
V1.I	0	mna
topbias	1	default
Circuit  has equations 22:23
Setting V1.I = (-0.64,6.8477e-13)
Setting topbias = (1,0)
AC Iteration:
number of equations 24
Circuit AC Solution:
V1.I	(-0.64,6.8477e-13)
topbias	(1,0)
Region "MyRegion" on device "MyDevice" has equations 0:21
Device "MyDevice" has equations 0:21
0	18446744073709551615	ground
GND	18446744073709551615	ground
V1.I	0	mna
topbias	1	default
Circuit  has equations 22:23
Setting V1.I = (-0.64,4.01354e-11)
Setting topbias = (1,0)
AC Iteration:
number of equations 24
Circuit AC Solution:
V1.I	(-0.64,4.01354e-11)
topbias	(1,0)
Region "MyRegion" on device "MyDevice" has equations 0:21
Device "MyDevice" has equations 0:21
0	18446744073709551615	ground
GND	18446744073709551615	ground
V1.I	0	mna
topbias	1	default
Circuit  has equations 22:23
Setting V1.I = (-0.64,-1.89738e-11)
Setting topbias = (1,0)
AC Iteration:
number of equations 24
Circuit AC Solution:
V1.I	(-0.64,-1.89738e-11)
topbias	(1,0)
Region "MyRegion" on device "MyDevice" has equations 0:21
Device "MyDevice" has equations 0:21
0	18446744073709551615	ground
GND	18446744073709551615	ground
V1.I	0	mna
topbias	1	default
Circuit  has equations 22:23
Setting V1.I = (-0.64,-2.82266e-09)
Setting topbias = (1,0)
AC Iteration:
number of equations 24
Circuit AC Solution:
V1.I	(-0.64,-2.82266e-09)
topbias	(1,0)
Region "MyRegion" on device "MyDevice" has equations 0:21
Device "MyDevice" has equations 0:21
0	18446744073709551615	ground
GND	18446744073709551615	ground
V1.I	0	mna
topbias	1	default
Circuit  has equations 22:23
Setting V1.I = (-0.64,1.20264e-08)
Setting topbias = (1,0)
AC Iteration:
number of equations 24
Circuit AC Solution:
V1.I	(-0.64,1.20264e-08)
topbias	(1,0)
Region "MyRegion" on device "MyDevice" has equations 0:21
Device "MyDevice" has equations 0:21
0	18446744073709551615	ground
GND	18446744073709551615	ground
V1.I	0	mna
topbias	1	default
Circuit  has equations 22:23
Setting V1.I = (-0.64,1.16296e-07)
Setting topbias = (1,0)
AC Iteration:
number of equations 24
Circuit AC Solution:
V1.I	(-0.64,1.16296e-07)
topbias	(1,0)
Region "MyRegion" on device "MyDevice" has equations 0:21
Device "MyDevice" has equations 0:21
0	18446744073709551615	ground
GND	18446744073709551615	ground
V1.I	0	mna
topbias	1	default
Circuit  has equations 22:23
Setting V1.I = (-0.640002,-1.65122e-06)
Setting topbias = (1,0)
AC Iteration:
number of equations 24
Circuit AC Solution:
V1.I	(-0.640002,-1.65122e-06)
topbias	(1,0)
Region "MyRegion" on device "MyDevice" has equations 0:21
Device "MyDevice" has equations 0:21
0	18446744073709551615	ground
GND	18446744073709551615	ground
V1.I	0	mna
topbias	1	default
Circuit  has equations 22:23
Setting V1.I = (-0.639998,-4.51783e-06)
Setting topbias = (1,0)
AC Iteration:
number of equations 24
Circuit AC Solution:
V1.I	(-0.639998,-4.51783e-06)
topbias	(1,0)
V1.I	dcop	-0.06400000000000639
V1.I	dcop_prev	-0.05760000000000575
V1.I	ssac_imag	-4.517826292056255e-6
V1.I	ssac_real	-0.6399983817065378
topbias	dcop	0.1
topbias	dcop_prev	0.09
topbias	ssac_imag	0.0
topbias	ssac_real	1.0
