
----------------------------------------

 DEVSIM

 Version: Beta 0.01

 Copyright 2009-2013 Devsim LLC

----------------------------------------


mid
bot
 (region: MyRegion)
 (contact: top)
 (contact: bot)
Replacing Node Model contactcharge_node in region MyRegion of material Si
Replacing Edge Model contactcharge_edge in region MyRegion of material Si
Region "MyRegion" on device "MyDevice" has equations 0:256
Device "MyDevice" has equations 0:256
0	18446744073709551615	ground
GND	18446744073709551615	ground
V1.I	0	mna
topbias	1	default
Circuit  has equations 257:258
creating solution dcop with 2 nodes
number of equations 259
creating solution dcop_prev with 2 nodes
Iteration: 0
  Device: "MyDevice"	RelError: 1.00000e+00	AbsError: 8.88979e-02
    Region: "MyRegion"	RelError: 1.00000e+00	AbsError: 8.88979e-02
      Equation: "PotentialEquation"	RelError: 1.00000e+00	AbsError: 8.88979e-02
  Circuit: 	RelError: 0.00000e+00	AbsError: 0.00000e+00
Iteration: 1
  Device: "MyDevice"	RelError: 4.91289e-01	AbsError: 8.58533e-02
    Region: "MyRegion"	RelError: 4.91289e-01	AbsError: 8.58533e-02
      Equation: "PotentialEquation"	RelError: 4.91289e-01	AbsError: 8.58533e-02
  Circuit: 	RelError: 0.00000e+00	AbsError: 0.00000e+00
Iteration: 2
  Device: "MyDevice"	RelError: 3.20767e-01	AbsError: 8.25260e-02
    Region: "MyRegion"	RelError: 3.20767e-01	AbsError: 8.25260e-02
      Equation: "PotentialEquation"	RelError: 3.20767e-01	AbsError: 8.25260e-02
  Circuit: 	RelError: 0.00000e+00	AbsError: 0.00000e+00
Iteration: 3
  Device: "MyDevice"	RelError: 2.34485e-01	AbsError: 7.88067e-02
    Region: "MyRegion"	RelError: 2.34485e-01	AbsError: 7.88067e-02
      Equation: "PotentialEquation"	RelError: 2.34485e-01	AbsError: 7.88067e-02
  Circuit: 	RelError: 0.00000e+00	AbsError: 0.00000e+00
Iteration: 4
  Device: "MyDevice"	RelError: 1.94033e-01	AbsError: 7.35639e-02
    Region: "MyRegion"	RelError: 1.94033e-01	AbsError: 7.35639e-02
      Equation: "PotentialEquation"	RelError: 1.94033e-01	AbsError: 7.35639e-02
  Circuit: 	RelError: 0.00000e+00	AbsError: 0.00000e+00
Iteration: 5
  Device: "MyDevice"	RelError: 2.20108e+00	AbsError: 5.56834e-02
    Region: "MyRegion"	RelError: 2.20108e+00	AbsError: 5.56834e-02
      Equation: "PotentialEquation"	RelError: 2.20108e+00	AbsError: 5.56834e-02
  Circuit: 	RelError: 0.00000e+00	AbsError: 0.00000e+00
Iteration: 6
  Device: "MyDevice"	RelError: 4.34688e-01	AbsError: 3.95692e-02
    Region: "MyRegion"	RelError: 4.34688e-01	AbsError: 3.95692e-02
      Equation: "PotentialEquation"	RelError: 4.34688e-01	AbsError: 3.95692e-02
  Circuit: 	RelError: 0.00000e+00	AbsError: 0.00000e+00
Iteration: 7
  Device: "MyDevice"	RelError: 6.45050e-02	AbsError: 2.91367e-02
    Region: "MyRegion"	RelError: 6.45050e-02	AbsError: 2.91367e-02
      Equation: "PotentialEquation"	RelError: 6.45050e-02	AbsError: 2.91367e-02
  Circuit: 	RelError: 0.00000e+00	AbsError: 0.00000e+00
Iteration: 8
  Device: "MyDevice"	RelError: 5.18778e-02	AbsError: 2.47384e-02
    Region: "MyRegion"	RelError: 5.18778e-02	AbsError: 2.47384e-02
      Equation: "PotentialEquation"	RelError: 5.18778e-02	AbsError: 2.47384e-02
  Circuit: 	RelError: 0.00000e+00	AbsError: 0.00000e+00
Iteration: 9
  Device: "MyDevice"	RelError: 8.93317e-04	AbsError: 4.25961e-04
    Region: "MyRegion"	RelError: 8.93317e-04	AbsError: 4.25961e-04
      Equation: "PotentialEquation"	RelError: 8.93317e-04	AbsError: 4.25961e-04
  Circuit: 	RelError: 0.00000e+00	AbsError: 0.00000e+00
Iteration: 10
  Device: "MyDevice"	RelError: 2.08087e-06	AbsError: 9.92174e-07
    Region: "MyRegion"	RelError: 2.08087e-06	AbsError: 9.92174e-07
      Equation: "PotentialEquation"	RelError: 2.08087e-06	AbsError: 9.92174e-07
  Circuit: 	RelError: 0.00000e+00	AbsError: 0.00000e+00
Iteration: 11
  Device: "MyDevice"	RelError: 1.63447e-11	AbsError: 7.79300e-12
    Region: "MyRegion"	RelError: 1.63447e-11	AbsError: 7.79300e-12
      Equation: "PotentialEquation"	RelError: 1.63447e-11	AbsError: 7.79300e-12
  Circuit: 	RelError: 0.00000e+00	AbsError: 0.00000e+00
Iteration: 12
  Device: "MyDevice"	RelError: 1.42660e-14	AbsError: 4.14561e-17
    Region: "MyRegion"	RelError: 1.42660e-14	AbsError: 4.14561e-17
      Equation: "PotentialEquation"	RelError: 1.42660e-14	AbsError: 4.14561e-17
  Circuit: 	RelError: 0.00000e+00	AbsError: 0.00000e+00
Circuit Solution:
V1.I	0
topbias	0
Warning: Replacing equation with equation of the same name.
Region: MyRegion, Equation: PotentialEquation, Variable: Potential
EDGEMODEL MyDevice MyRegion vdiff "((Potential@n0 - Potential@n1) * pow(V_t,(-1)))"
EDGEMODEL MyDevice MyRegion vdiff:Potential@n0 "pow(V_t,(-1))"
EDGEMODEL MyDevice MyRegion vdiff:Potential@n1 "(-vdiff:Potential@n0)"
EDGEMODEL MyDevice MyRegion Bern01 "B(vdiff)"
EDGEMODEL MyDevice MyRegion Bern01:Potential@n0 "(dBdx(vdiff) * vdiff:Potential@n0)"
EDGEMODEL MyDevice MyRegion Bern01:Potential@n1 "(-Bern01:Potential@n0)"
EDGEMODEL MyDevice MyRegion Bern10 "(Bern01 + vdiff)"
EDGEMODEL MyDevice MyRegion Bern10:Potential@n0 "(Bern01:Potential@n0 + vdiff:Potential@n0)"
EDGEMODEL MyDevice MyRegion Bern10:Potential@n1 "(Bern01:Potential@n1 + vdiff:Potential@n1)"
EDGEMODEL MyDevice MyRegion ElectronCurrent "(ElectronCharge * V_t * mu_n * ((Electrons@n1 * Bern10) - (Bern01 * Electrons@n0)) * EdgeInverseLength)"
EDGEMODEL MyDevice MyRegion ElectronCurrent:Electrons@n0 "((ElectronCharge * V_t * mu_n * (-(Bern01 * Electrons@n0) + (Bern10 * Electrons@n1)) * EdgeInverseLength:Electrons@n0) + (ElectronCharge * V_t * mu_n * (-Bern01 - (Bern01:Electrons@n0 * Electrons@n0) + (Bern10 * Electrons@n1:Electrons@n0) + (Bern10:Electrons@n0 * Electrons@n1)) * EdgeInverseLength))"
EDGEMODEL MyDevice MyRegion ElectronCurrent:Electrons@n1 "((ElectronCharge * V_t * mu_n * (-(Bern01 * Electrons@n0) + (Bern10 * Electrons@n1)) * EdgeInverseLength:Electrons@n1) + (ElectronCharge * V_t * mu_n * (-(Bern01 * Electrons@n0:Electrons@n1) - (Bern01:Electrons@n1 * Electrons@n0) + (Bern10:Electrons@n1 * Electrons@n1) + Bern10) * EdgeInverseLength))"
EDGEMODEL MyDevice MyRegion ElectronCurrent:Potential@n0 "((ElectronCharge * V_t * mu_n * (-(Bern01 * Electrons@n0) + (Bern10 * Electrons@n1)) * EdgeInverseLength:Potential@n0) + (ElectronCharge * V_t * mu_n * (-(Bern01 * Electrons@n0:Potential@n0) - (Bern01:Potential@n0 * Electrons@n0) + (Bern10 * Electrons@n1:Potential@n0) + (Bern10:Potential@n0 * Electrons@n1)) * EdgeInverseLength))"
EDGEMODEL MyDevice MyRegion ElectronCurrent:Potential@n1 "((ElectronCharge * V_t * mu_n * (-(Bern01 * Electrons@n0) + (Bern10 * Electrons@n1)) * EdgeInverseLength:Potential@n1) + (ElectronCharge * V_t * mu_n * (-(Bern01 * Electrons@n0:Potential@n1) - (Bern01:Potential@n1 * Electrons@n0) + (Bern10 * Electrons@n1:Potential@n1) + (Bern10:Potential@n1 * Electrons@n1)) * EdgeInverseLength))"
EDGEMODEL MyDevice MyRegion HoleCurrent "(-ElectronCharge * V_t * mu_p * ((Holes@n1 * Bern01) - (Bern10 * Holes@n0)) * EdgeInverseLength)"
EDGEMODEL MyDevice MyRegion HoleCurrent:Holes@n0 "(-(ElectronCharge * V_t * mu_p * (-(Bern10 * Holes@n0) + (Bern01 * Holes@n1)) * EdgeInverseLength:Holes@n0) - (ElectronCharge * V_t * mu_p * (-Bern10 - (Bern10:Holes@n0 * Holes@n0) + (Bern01 * Holes@n1:Holes@n0) + (Bern01:Holes@n0 * Holes@n1)) * EdgeInverseLength))"
EDGEMODEL MyDevice MyRegion HoleCurrent:Holes@n1 "(-(ElectronCharge * V_t * mu_p * (-(Bern10 * Holes@n0) + (Bern01 * Holes@n1)) * EdgeInverseLength:Holes@n1) - (ElectronCharge * V_t * mu_p * (-(Bern10 * Holes@n0:Holes@n1) - (Bern10:Holes@n1 * Holes@n0) + (Bern01:Holes@n1 * Holes@n1) + Bern01) * EdgeInverseLength))"
EDGEMODEL MyDevice MyRegion HoleCurrent:Potential@n0 "(-(ElectronCharge * V_t * mu_p * (-(Bern10 * Holes@n0) + (Bern01 * Holes@n1)) * EdgeInverseLength:Potential@n0) - (ElectronCharge * V_t * mu_p * (-(Bern10 * Holes@n0:Potential@n0) - (Bern10:Potential@n0 * Holes@n0) + (Bern01 * Holes@n1:Potential@n0) + (Bern01:Potential@n0 * Holes@n1)) * EdgeInverseLength))"
EDGEMODEL MyDevice MyRegion HoleCurrent:Potential@n1 "(-(ElectronCharge * V_t * mu_p * (-(Bern10 * Holes@n0) + (Bern01 * Holes@n1)) * EdgeInverseLength:Potential@n1) - (ElectronCharge * V_t * mu_p * (-(Bern10 * Holes@n0:Potential@n1) - (Bern10:Potential@n1 * Holes@n0) + (Bern01 * Holes@n1:Potential@n1) + (Bern01:Potential@n1 * Holes@n1)) * EdgeInverseLength))"
Region "MyRegion" on device "MyDevice" has equations 0:770
Device "MyDevice" has equations 0:770
0	18446744073709551615	ground
GND	18446744073709551615	ground
V1.I	0	mna
topbias	1	default
Circuit  has equations 771:772
number of equations 773
Iteration: 0
  Device: "MyDevice"	RelError: 3.79202e-14	AbsError: 1.02400e+04
    Region: "MyRegion"	RelError: 3.79202e-14	AbsError: 1.02400e+04
      Equation: "ElectronContinuityEquation"	RelError: 1.05501e-14	AbsError: 5.12000e+03
      Equation: "HoleContinuityEquation"	RelError: 9.27202e-15	AbsError: 5.12000e+03
      Equation: "PotentialEquation"	RelError: 1.80981e-14	AbsError: 1.25171e-16
  Circuit: 	RelError: 1.32349e-13	AbsError: 1.32349e-23
Circuit Solution:
V1.I	1.32349e-23
topbias	0
top	0.0	-9.41770599638403e-25	-1.0603394304000002e-9	-1.0603394304000012e-9
bot	0.0	8.267105695248135e-9	6.883748317405682e-25	8.267105695248135e-9
top	0.0	-1.820110339121328e-17
bot	0.0	1.8296861593927588e-17
Region "MyRegion" on device "MyDevice" has equations 0:770
Device "MyDevice" has equations 0:770
0	18446744073709551615	ground
GND	18446744073709551615	ground
V1.I	0	mna
topbias	1	default
Circuit  has equations 771:772
creating solution ssac_real with 2 nodes
creating solution ssac_imag with 2 nodes
Device: MyDevice	Region: MyRegion	Creating: Electrons_Real
Device: MyDevice	Region: MyRegion	Creating: Electrons_Imag
Device: MyDevice	Region: MyRegion	Creating: Holes_Real
Device: MyDevice	Region: MyRegion	Creating: Holes_Imag
Device: MyDevice	Region: MyRegion	Creating: Potential_Real
Device: MyDevice	Region: MyRegion	Creating: Potential_Imag
Setting V1.I = (6.55651e-07,1.30758e-06)
Setting topbias = (1,0)
AC Iteration:
number of equations 773
Circuit AC Solution:
V1.I	(6.55651e-07,1.30758e-06)
topbias	(1,0)
capacitance 0.0 2.0810750205471305e-7
Region "MyRegion" on device "MyDevice" has equations 0:770
Device "MyDevice" has equations 0:770
0	18446744073709551615	ground
GND	18446744073709551615	ground
V1.I	0	mna
topbias	1	default
Circuit  has equations 771:772
number of equations 773
Iteration: 0
  Device: "MyDevice"	RelError: 2.46414e+01	AbsError: 1.99816e+17
    Region: "MyRegion"	RelError: 2.46414e+01	AbsError: 1.99816e+17
      Equation: "ElectronContinuityEquation"	RelError: 7.65009e-01	AbsError: 1.00697e+17
      Equation: "HoleContinuityEquation"	RelError: 7.69033e-01	AbsError: 9.91183e+16
      Equation: "PotentialEquation"	RelError: 2.31073e+01	AbsError: 3.99464e-02
  Circuit: 	RelError: 1.00000e+00	AbsError: 1.00000e-01
Iteration: 1
  Device: "MyDevice"	RelError: 3.36933e+01	AbsError: 2.97254e+16
    Region: "MyRegion"	RelError: 3.36933e+01	AbsError: 2.97254e+16
      Equation: "ElectronContinuityEquation"	RelError: 6.76314e-01	AbsError: 1.49893e+16
      Equation: "HoleContinuityEquation"	RelError: 7.41613e-01	AbsError: 1.47361e+16
      Equation: "PotentialEquation"	RelError: 3.22754e+01	AbsError: 3.10687e-02
  Circuit: 	RelError: 4.37232e-01	AbsError: 1.84493e-08
Iteration: 2
  Device: "MyDevice"	RelError: 1.39178e+00	AbsError: 1.80729e+15
    Region: "MyRegion"	RelError: 1.39178e+00	AbsError: 1.80729e+15
      Equation: "ElectronContinuityEquation"	RelError: 5.04428e-01	AbsError: 4.15528e+14
      Equation: "HoleContinuityEquation"	RelError: 5.01383e-01	AbsError: 1.39176e+15
      Equation: "PotentialEquation"	RelError: 3.85964e-01	AbsError: 2.58825e-02
  Circuit: 	RelError: 6.17185e+00	AbsError: 5.01158e-08
Iteration: 3
  Device: "MyDevice"	RelError: 4.00789e-01	AbsError: 2.32962e+14
    Region: "MyRegion"	RelError: 4.00789e-01	AbsError: 2.32962e+14
      Equation: "ElectronContinuityEquation"	RelError: 2.87404e-01	AbsError: 4.91213e+11
      Equation: "HoleContinuityEquation"	RelError: 8.80866e-02	AbsError: 2.32471e+14
      Equation: "PotentialEquation"	RelError: 2.52989e-02	AbsError: 9.53412e-03
  Circuit: 	RelError: 1.21316e+00	AbsError: 4.45107e-09
Iteration: 4
  Device: "MyDevice"	RelError: 8.59854e-02	AbsError: 1.82246e+14
    Region: "MyRegion"	RelError: 8.59854e-02	AbsError: 1.82246e+14
      Equation: "ElectronContinuityEquation"	RelError: 8.09043e-02	AbsError: 8.03260e+12
      Equation: "HoleContinuityEquation"	RelError: 5.07660e-04	AbsError: 1.74214e+14
      Equation: "PotentialEquation"	RelError: 4.57340e-03	AbsError: 6.10427e-06
  Circuit: 	RelError: 1.15306e-01	AbsError: 4.78193e-10
Iteration: 5
  Device: "MyDevice"	RelError: 1.52537e-04	AbsError: 4.28529e+11
    Region: "MyRegion"	RelError: 1.52537e-04	AbsError: 4.28529e+11
      Equation: "ElectronContinuityEquation"	RelError: 1.63793e-05	AbsError: 2.14969e+11
      Equation: "HoleContinuityEquation"	RelError: 1.48475e-05	AbsError: 2.13560e+11
      Equation: "PotentialEquation"	RelError: 1.21311e-04	AbsError: 1.92658e-07
  Circuit: 	RelError: 4.26125e-05	AbsError: 1.76729e-13
Iteration: 6
  Device: "MyDevice"	RelError: 1.27199e-06	AbsError: 3.99758e+09
    Region: "MyRegion"	RelError: 1.27199e-06	AbsError: 3.99758e+09
      Equation: "ElectronContinuityEquation"	RelError: 6.79108e-08	AbsError: 1.99936e+09
      Equation: "HoleContinuityEquation"	RelError: 6.57447e-08	AbsError: 1.99823e+09
      Equation: "PotentialEquation"	RelError: 1.13834e-06	AbsError: 1.80871e-09
  Circuit: 	RelError: 2.07448e-05	AbsError: 8.60345e-14
Iteration: 7
  Device: "MyDevice"	RelError: 1.52927e-12	AbsError: 1.83452e+04
    Region: "MyRegion"	RelError: 1.52927e-12	AbsError: 1.83452e+04
      Equation: "ElectronContinuityEquation"	RelError: 1.24886e-13	AbsError: 1.61290e+04
      Equation: "HoleContinuityEquation"	RelError: 1.48495e-13	AbsError: 2.21622e+03
      Equation: "PotentialEquation"	RelError: 1.25589e-12	AbsError: 2.04782e-15
  Circuit: 	RelError: 2.02005e-07	AbsError: 8.37771e-16
Iteration: 8
  Device: "MyDevice"	RelError: 1.50450e-12	AbsError: 4.33755e+03
    Region: "MyRegion"	RelError: 1.50450e-12	AbsError: 4.33755e+03
      Equation: "ElectronContinuityEquation"	RelError: 8.74415e-14	AbsError: 2.21588e+03
      Equation: "HoleContinuityEquation"	RelError: 2.21054e-13	AbsError: 2.12167e+03
      Equation: "PotentialEquation"	RelError: 1.19600e-12	AbsError: 1.95327e-15
  Circuit: 	RelError: 1.35315e-14	AbsError: 5.61190e-23
Circuit Solution:
V1.I	-4.04727e-09
topbias	0.1
top	0.1	2.7750020667502125e-9	3.1810182912000007e-9	5.956020357950213e-9
bot	0.0	-2.066776423812034e-8	-1.3887266792553984e-9	-2.2056490917375738e-8
top	0.1	-1.3001101330267772e-17
bot	0.0	1.3069514477211316e-17
Region "MyRegion" on device "MyDevice" has equations 0:770
Device "MyDevice" has equations 0:770
0	18446744073709551615	ground
GND	18446744073709551615	ground
V1.I	0	mna
topbias	1	default
Circuit  has equations 771:772
Setting V1.I = (-4.17233e-07,1.39698e-06)
Setting topbias = (1,0)
AC Iteration:
number of equations 773
Circuit AC Solution:
V1.I	(-4.17233e-07,1.39698e-06)
topbias	(1,0)
capacitance 0.1 2.2233707484477888e-7
Region "MyRegion" on device "MyDevice" has equations 0:770
Device "MyDevice" has equations 0:770
0	18446744073709551615	ground
GND	18446744073709551615	ground
V1.I	0	mna
topbias	1	default
Circuit  has equations 771:772
number of equations 773
Iteration: 0
  Device: "MyDevice"	RelError: 5.55157e+01	AbsError: 2.18188e+17
    Region: "MyRegion"	RelError: 5.55157e+01	AbsError: 2.18188e+17
      Equation: "ElectronContinuityEquation"	RelError: 7.87614e-01	AbsError: 1.09111e+17
      Equation: "HoleContinuityEquation"	RelError: 7.94401e-01	AbsError: 1.09076e+17
      Equation: "PotentialEquation"	RelError: 5.39337e+01	AbsError: 4.06915e-02
  Circuit: 	RelError: 6.00106e-01	AbsError: 1.00000e-01
Iteration: 1
  Device: "MyDevice"	RelError: 5.64977e+01	AbsError: 2.91598e+16
    Region: "MyRegion"	RelError: 5.64977e+01	AbsError: 2.91598e+16
      Equation: "ElectronContinuityEquation"	RelError: 6.87083e-01	AbsError: 1.49839e+16
      Equation: "HoleContinuityEquation"	RelError: 7.67185e-01	AbsError: 1.41759e+16
      Equation: "PotentialEquation"	RelError: 5.50434e+01	AbsError: 3.08451e-02
  Circuit: 	RelError: 8.85697e-01	AbsError: 8.03609e-08
Iteration: 2
  Device: "MyDevice"	RelError: 1.33719e+01	AbsError: 2.32297e+15
    Region: "MyRegion"	RelError: 1.33719e+01	AbsError: 2.32297e+15
      Equation: "ElectronContinuityEquation"	RelError: 5.08479e-01	AbsError: 9.19721e+14
      Equation: "HoleContinuityEquation"	RelError: 4.97227e-01	AbsError: 1.40325e+15
      Equation: "PotentialEquation"	RelError: 1.23662e+01	AbsError: 2.57219e-02
  Circuit: 	RelError: 4.67901e-01	AbsError: 7.97849e-08
Iteration: 3
  Device: "MyDevice"	RelError: 3.97528e-01	AbsError: 1.95218e+14
    Region: "MyRegion"	RelError: 3.97528e-01	AbsError: 1.95218e+14
      Equation: "ElectronContinuityEquation"	RelError: 2.84665e-01	AbsError: 8.28526e+10
      Equation: "HoleContinuityEquation"	RelError: 7.94172e-02	AbsError: 1.95135e+14
      Equation: "PotentialEquation"	RelError: 3.34462e-02	AbsError: 9.25989e-03
  Circuit: 	RelError: 3.23704e-02	AbsError: 5.70434e-09
Iteration: 4
  Device: "MyDevice"	RelError: 8.41742e-02	AbsError: 1.58578e+14
    Region: "MyRegion"	RelError: 8.41742e-02	AbsError: 1.58578e+14
      Equation: "ElectronContinuityEquation"	RelError: 7.85361e-02	AbsError: 7.57570e+12
      Equation: "HoleContinuityEquation"	RelError: 4.02332e-04	AbsError: 1.51003e+14
      Equation: "PotentialEquation"	RelError: 5.23578e-03	AbsError: 5.39393e-06
  Circuit: 	RelError: 8.04727e-02	AbsError: 1.54220e-08
Iteration: 5
  Device: "MyDevice"	RelError: 8.20276e-06	AbsError: 4.91977e+09
    Region: "MyRegion"	RelError: 8.20276e-06	AbsError: 4.91977e+09
      Equation: "ElectronContinuityEquation"	RelError: 7.96333e-06	AbsError: 2.88906e+08
      Equation: "HoleContinuityEquation"	RelError: 5.79421e-08	AbsError: 4.63086e+09
      Equation: "PotentialEquation"	RelError: 1.81481e-07	AbsError: 2.68410e-10
  Circuit: 	RelError: 1.54264e-05	AbsError: 2.95631e-12
Iteration: 6
  Device: "MyDevice"	RelError: 5.19180e-11	AbsError: 1.37541e+05
    Region: "MyRegion"	RelError: 5.19180e-11	AbsError: 1.37541e+05
      Equation: "ElectronContinuityEquation"	RelError: 2.41036e-12	AbsError: 6.88229e+04
      Equation: "HoleContinuityEquation"	RelError: 2.03955e-12	AbsError: 6.87184e+04
      Equation: "PotentialEquation"	RelError: 4.74681e-11	AbsError: 5.81941e-14
  Circuit: 	RelError: 6.28800e-10	AbsError: 1.20503e-16
Iteration: 7
  Device: "MyDevice"	RelError: 1.65201e-13	AbsError: 5.88937e+02
    Region: "MyRegion"	RelError: 1.65201e-13	AbsError: 5.88937e+02
      Equation: "ElectronContinuityEquation"	RelError: 6.36594e-15	AbsError: 2.44580e+02
      Equation: "HoleContinuityEquation"	RelError: 1.32001e-13	AbsError: 3.44356e+02
      Equation: "PotentialEquation"	RelError: 2.68342e-14	AbsError: 4.97658e-17
  Circuit: 	RelError: 1.63939e-13	AbsError: 3.14174e-20
Circuit Solution:
V1.I	-1.9154e-07
topbias	0.2
top	0.2	1.282899275082453e-7	6.57410446848e-8	1.940309721930453e-7
bot	0.0	-1.0747237403822575e-7	-6.419887389350765e-8	-1.716712479317334e-7
top	0.2	-9.086544995628997e-18
bot	0.0	9.134363769041132e-18
Region "MyRegion" on device "MyDevice" has equations 0:770
Device "MyDevice" has equations 0:770
0	18446744073709551615	ground
GND	18446744073709551615	ground
V1.I	0	mna
topbias	1	default
Circuit  has equations 771:772
Setting V1.I = (-7.7486e-06,1.48348e-06)
Setting topbias = (1,0)
AC Iteration:
number of equations 773
Circuit AC Solution:
V1.I	(-7.7486e-06,1.48348e-06)
topbias	(1,0)
capacitance 0.2 2.3610344539558477e-7
Region "MyRegion" on device "MyDevice" has equations 0:770
Device "MyDevice" has equations 0:770
0	18446744073709551615	ground
GND	18446744073709551615	ground
V1.I	0	mna
topbias	1	default
Circuit  has equations 771:772
number of equations 773
Iteration: 0
  Device: "MyDevice"	RelError: 1.76366e+01	AbsError: 2.36230e+17
    Region: "MyRegion"	RelError: 1.76366e+01	AbsError: 2.36230e+17
      Equation: "ElectronContinuityEquation"	RelError: 7.92032e-01	AbsError: 1.18095e+17
      Equation: "HoleContinuityEquation"	RelError: 7.92042e-01	AbsError: 1.18135e+17
      Equation: "PotentialEquation"	RelError: 1.60525e+01	AbsError: 4.09570e-02
  Circuit: 	RelError: 7.81334e-01	AbsError: 1.00001e-01
Iteration: 1
  Device: "MyDevice"	RelError: 5.82119e+01	AbsError: 3.20457e+16
    Region: "MyRegion"	RelError: 5.82119e+01	AbsError: 3.20457e+16
      Equation: "ElectronContinuityEquation"	RelError: 6.87324e-01	AbsError: 1.65465e+16
      Equation: "HoleContinuityEquation"	RelError: 7.76684e-01	AbsError: 1.54992e+16
      Equation: "PotentialEquation"	RelError: 5.67479e+01	AbsError: 3.07624e-02
  Circuit: 	RelError: 7.36859e-01	AbsError: 2.45415e-06
Iteration: 2
  Device: "MyDevice"	RelError: 8.51099e+00	AbsError: 3.22592e+15
    Region: "MyRegion"	RelError: 8.51099e+00	AbsError: 3.22592e+15
      Equation: "ElectronContinuityEquation"	RelError: 5.07270e-01	AbsError: 1.57377e+15
      Equation: "HoleContinuityEquation"	RelError: 4.97188e-01	AbsError: 1.65215e+15
      Equation: "PotentialEquation"	RelError: 7.50653e+00	AbsError: 2.58991e-02
  Circuit: 	RelError: 5.01699e-01	AbsError: 3.35327e-06
Iteration: 3
  Device: "MyDevice"	RelError: 4.14881e-01	AbsError: 1.67082e+14
    Region: "MyRegion"	RelError: 4.14881e-01	AbsError: 1.67082e+14
      Equation: "ElectronContinuityEquation"	RelError: 2.87137e-01	AbsError: 2.85199e+12
      Equation: "HoleContinuityEquation"	RelError: 7.59275e-02	AbsError: 1.64230e+14
      Equation: "PotentialEquation"	RelError: 5.18170e-02	AbsError: 9.16433e-03
  Circuit: 	RelError: 1.89715e-01	AbsError: 1.56490e-06
Iteration: 4
  Device: "MyDevice"	RelError: 8.00068e-02	AbsError: 1.37385e+14
    Region: "MyRegion"	RelError: 8.00068e-02	AbsError: 1.37385e+14
      Equation: "ElectronContinuityEquation"	RelError: 7.71737e-02	AbsError: 7.35797e+12
      Equation: "HoleContinuityEquation"	RelError: 3.28482e-04	AbsError: 1.30027e+14
      Equation: "PotentialEquation"	RelError: 2.50469e-03	AbsError: 4.86175e-06
  Circuit: 	RelError: 5.21942e-02	AbsError: 4.54245e-07
Iteration: 5
  Device: "MyDevice"	RelError: 6.73790e-06	AbsError: 7.55129e+09
    Region: "MyRegion"	RelError: 6.73790e-06	AbsError: 7.55129e+09
      Equation: "ElectronContinuityEquation"	RelError: 6.69630e-06	AbsError: 1.05815e+08
      Equation: "HoleContinuityEquation"	RelError: 4.03810e-08	AbsError: 7.44547e+09
      Equation: "PotentialEquation"	RelError: 1.22866e-09	AbsError: 1.93209e-10
  Circuit: 	RelError: 4.16939e-06	AbsError: 3.62859e-11
Iteration: 6
  Device: "MyDevice"	RelError: 9.73045e-12	AbsError: 5.63471e+06
    Region: "MyRegion"	RelError: 9.73045e-12	AbsError: 5.63471e+06
      Equation: "ElectronContinuityEquation"	RelError: 3.27732e-12	AbsError: 6.76045e+03
      Equation: "HoleContinuityEquation"	RelError: 5.62879e-12	AbsError: 5.62795e+06
      Equation: "PotentialEquation"	RelError: 8.24334e-13	AbsError: 1.45788e-13
  Circuit: 	RelError: 1.43966e-12	AbsError: 1.25293e-17
Circuit Solution:
V1.I	-8.70284e-06
topbias	0.3
top	0.30000000000000004	5.805159227432505e-6	2.9021490210048005e-6	8.707308248437305e-6
bot	0.0	-5.803508198064191e-6	-2.9048978938681213e-6	-8.708406091932312e-6
top	0.30000000000000004	-6.183749579458108e-18
bot	0.0	6.216291473446895e-18
Region "MyRegion" on device "MyDevice" has equations 0:770
Device "MyDevice" has equations 0:770
0	18446744073709551615	ground
GND	18446744073709551615	ground
V1.I	0	mna
topbias	1	default
Circuit  has equations 771:772
Setting V1.I = (-0.000331998,1.63071e-06)
Setting topbias = (1,0)
AC Iteration:
number of equations 773
Circuit AC Solution:
V1.I	(-0.000331998,1.63071e-06)
topbias	(1,0)
capacitance 0.30000000000000004 2.595357610494977e-7
Region "MyRegion" on device "MyDevice" has equations 0:770
Device "MyDevice" has equations 0:770
0	18446744073709551615	ground
GND	18446744073709551615	ground
V1.I	0	mna
topbias	1	default
Circuit  has equations 771:772
number of equations 773
Iteration: 0
  Device: "MyDevice"	RelError: 4.11258e+01	AbsError: 2.55028e+17
    Region: "MyRegion"	RelError: 4.11258e+01	AbsError: 2.55028e+17
      Equation: "ElectronContinuityEquation"	RelError: 7.92146e-01	AbsError: 1.27554e+17
      Equation: "HoleContinuityEquation"	RelError: 7.92127e-01	AbsError: 1.27474e+17
      Equation: "PotentialEquation"	RelError: 3.95415e+01	AbsError: 4.09542e-02
  Circuit: 	RelError: 7.91856e-01	AbsError: 1.00033e-01
Iteration: 1
  Device: "MyDevice"	RelError: 2.18359e+01	AbsError: 3.82049e+16
    Region: "MyRegion"	RelError: 2.18359e+01	AbsError: 3.82049e+16
      Equation: "ElectronContinuityEquation"	RelError: 6.87264e-01	AbsError: 1.98579e+16
      Equation: "HoleContinuityEquation"	RelError: 7.76837e-01	AbsError: 1.83470e+16
      Equation: "PotentialEquation"	RelError: 2.03718e+01	AbsError: 3.07680e-02
  Circuit: 	RelError: 7.24713e-01	AbsError: 1.10073e-04
Iteration: 2
  Device: "MyDevice"	RelError: 1.27549e+01	AbsError: 4.69642e+15
    Region: "MyRegion"	RelError: 1.27549e+01	AbsError: 4.69642e+15
      Equation: "ElectronContinuityEquation"	RelError: 5.07451e-01	AbsError: 2.54451e+15
      Equation: "HoleContinuityEquation"	RelError: 4.98131e-01	AbsError: 2.15191e+15
      Equation: "PotentialEquation"	RelError: 1.17493e+01	AbsError: 2.58117e-02
  Circuit: 	RelError: 4.97707e-01	AbsError: 1.50499e-04
Iteration: 3
  Device: "MyDevice"	RelError: 4.80684e-01	AbsError: 1.81914e+14
    Region: "MyRegion"	RelError: 4.80684e-01	AbsError: 1.81914e+14
      Equation: "ElectronContinuityEquation"	RelError: 2.85377e-01	AbsError: 9.14734e+12
      Equation: "HoleContinuityEquation"	RelError: 7.59717e-02	AbsError: 1.72767e+14
      Equation: "PotentialEquation"	RelError: 1.19336e-01	AbsError: 9.17183e-03
  Circuit: 	RelError: 1.89537e-01	AbsError: 7.07161e-05
Iteration: 4
  Device: "MyDevice"	RelError: 7.98811e-02	AbsError: 1.22128e+14
    Region: "MyRegion"	RelError: 7.98811e-02	AbsError: 1.22128e+14
      Equation: "ElectronContinuityEquation"	RelError: 7.67584e-02	AbsError: 7.16501e+12
      Equation: "HoleContinuityEquation"	RelError: 2.92663e-04	AbsError: 1.14963e+14
      Equation: "PotentialEquation"	RelError: 2.83006e-03	AbsError: 4.28413e-06
  Circuit: 	RelError: 5.12554e-02	AbsError: 2.01565e-05
Iteration: 5
  Device: "MyDevice"	RelError: 5.92934e-06	AbsError: 1.72037e+10
    Region: "MyRegion"	RelError: 5.92934e-06	AbsError: 1.72037e+10
      Equation: "ElectronContinuityEquation"	RelError: 5.89240e-06	AbsError: 5.94390e+07
      Equation: "HoleContinuityEquation"	RelError: 3.11732e-08	AbsError: 1.71442e+10
      Equation: "PotentialEquation"	RelError: 5.77512e-09	AbsError: 4.43860e-10
  Circuit: 	RelError: 3.91377e-06	AbsError: 1.53911e-09
Iteration: 6
  Device: "MyDevice"	RelError: 4.02110e-13	AbsError: 6.57432e+04
    Region: "MyRegion"	RelError: 4.02110e-13	AbsError: 6.57432e+04
      Equation: "ElectronContinuityEquation"	RelError: 1.52056e-13	AbsError: 2.60631e+02
      Equation: "HoleContinuityEquation"	RelError: 2.27912e-13	AbsError: 6.54826e+04
      Equation: "PotentialEquation"	RelError: 2.21419e-14	AbsError: 1.70176e-15
  Circuit: 	RelError: 7.81331e-14	AbsError: 3.07262e-17
Circuit Solution:
V1.I	-0.000393255
topbias	0.4
top	0.4	0.00026214065905637854	0.00013111203090839042	0.000393252689964769
bot	0.0	-0.0002621664558077089	-0.0001311696445018791	-0.000393336100309588
top	0.4	-4.069249979155032e-18
bot	0.0	4.090660520301545e-18
Region "MyRegion" on device "MyDevice" has equations 0:770
Device "MyDevice" has equations 0:770
0	18446744073709551615	ground
GND	18446744073709551615	ground
V1.I	0	mna
topbias	1	default
Circuit  has equations 771:772
Setting V1.I = (-0.0149799,1.75913e-06)
Setting topbias = (1,0)
AC Iteration:
number of equations 773
Circuit AC Solution:
V1.I	(-0.0149799,1.75913e-06)
topbias	(1,0)
capacitance 0.4 2.799745307693509e-7
Region "MyRegion" on device "MyDevice" has equations 0:770
Device "MyDevice" has equations 0:770
0	18446744073709551615	ground
GND	18446744073709551615	ground
V1.I	0	mna
topbias	1	default
Circuit  has equations 771:772
number of equations 773
Iteration: 0
  Device: "MyDevice"	RelError: 4.28085e+01	AbsError: 2.79301e+17
    Region: "MyRegion"	RelError: 4.28085e+01	AbsError: 2.79301e+17
      Equation: "ElectronContinuityEquation"	RelError: 7.92069e-01	AbsError: 1.39697e+17
      Equation: "HoleContinuityEquation"	RelError: 7.92055e-01	AbsError: 1.39604e+17
      Equation: "PotentialEquation"	RelError: 4.12244e+01	AbsError: 4.09563e-02
  Circuit: 	RelError: 7.92069e-01	AbsError: 1.01498e-01
Iteration: 1
  Device: "MyDevice"	RelError: 2.36876e+02	AbsError: 4.70496e+16
    Region: "MyRegion"	RelError: 2.36876e+02	AbsError: 4.70496e+16
      Equation: "ElectronContinuityEquation"	RelError: 6.87124e-01	AbsError: 2.45868e+16
      Equation: "HoleContinuityEquation"	RelError: 7.76600e-01	AbsError: 2.24629e+16
      Equation: "PotentialEquation"	RelError: 2.35413e+02	AbsError: 3.07632e-02
  Circuit: 	RelError: 7.24008e-01	AbsError: 4.96138e-03
Iteration: 2
  Device: "MyDevice"	RelError: 2.37518e+00	AbsError: 7.17425e+15
    Region: "MyRegion"	RelError: 2.37518e+00	AbsError: 7.17425e+15
      Equation: "ElectronContinuityEquation"	RelError: 5.06845e-01	AbsError: 4.22990e+15
      Equation: "HoleContinuityEquation"	RelError: 5.00373e-01	AbsError: 2.94434e+15
      Equation: "PotentialEquation"	RelError: 1.36796e+00	AbsError: 2.58032e-02
  Circuit: 	RelError: 4.97493e-01	AbsError: 6.78428e-03
Iteration: 3
  Device: "MyDevice"	RelError: 7.55967e-01	AbsError: 2.46111e+14
    Region: "MyRegion"	RelError: 7.55967e-01	AbsError: 2.46111e+14
      Equation: "ElectronContinuityEquation"	RelError: 2.85016e-01	AbsError: 2.19234e+13
      Equation: "HoleContinuityEquation"	RelError: 7.48738e-02	AbsError: 2.24188e+14
      Equation: "PotentialEquation"	RelError: 3.96077e-01	AbsError: 9.16533e-03
  Circuit: 	RelError: 1.88942e-01	AbsError: 3.17682e-03
Iteration: 4
  Device: "MyDevice"	RelError: 7.65467e-02	AbsError: 1.03940e+14
    Region: "MyRegion"	RelError: 7.65467e-02	AbsError: 1.03940e+14
      Equation: "ElectronContinuityEquation"	RelError: 7.62059e-02	AbsError: 6.84758e+12
      Equation: "HoleContinuityEquation"	RelError: 2.53122e-04	AbsError: 9.70928e+13
      Equation: "PotentialEquation"	RelError: 8.75973e-05	AbsError: 3.63244e-06
  Circuit: 	RelError: 5.08801e-02	AbsError: 9.01346e-04
Iteration: 5
  Device: "MyDevice"	RelError: 4.91072e-06	AbsError: 2.15413e+09
    Region: "MyRegion"	RelError: 4.91072e-06	AbsError: 2.15413e+09
      Equation: "ElectronContinuityEquation"	RelError: 4.88776e-06	AbsError: 5.56978e+07
      Equation: "HoleContinuityEquation"	RelError: 2.20762e-08	AbsError: 2.09843e+09
      Equation: "PotentialEquation"	RelError: 8.81480e-10	AbsError: 2.63236e-11
  Circuit: 	RelError: 3.25069e-06	AbsError: 5.75861e-08
Iteration: 6
  Device: "MyDevice"	RelError: 1.56315e-13	AbsError: 1.96594e+03
    Region: "MyRegion"	RelError: 1.56315e-13	AbsError: 1.96594e+03
      Equation: "ElectronContinuityEquation"	RelError: 6.44788e-14	AbsError: 2.69569e+02
      Equation: "HoleContinuityEquation"	RelError: 8.99127e-14	AbsError: 1.69637e+03
      Equation: "PotentialEquation"	RelError: 1.92391e-15	AbsError: 4.45229e-17
  Circuit: 	RelError: 7.19976e-15	AbsError: 1.27544e-16
Circuit Solution:
V1.I	-0.0177151
topbias	0.5
top	0.5	0.011807504214575385	0.00590754541302651	0.017715049627601894
bot	0.0	-0.011807969067815626	-0.005907985152688595	-0.01771595422050422
top	0.5	-2.5617582929793324e-18
bot	0.0	2.5752314245064216e-18
Region "MyRegion" on device "MyDevice" has equations 0:770
Device "MyDevice" has equations 0:770
0	18446744073709551615	ground
GND	18446744073709551615	ground
V1.I	0	mna
topbias	1	default
Circuit  has equations 771:772
Setting V1.I = (-0.67423,1.96411e-06)
Setting topbias = (1,0)
AC Iteration:
number of equations 773
Circuit AC Solution:
V1.I	(-0.67423,1.96411e-06)
topbias	(1,0)
capacitance 0.5 3.1259820276408335e-7
V1.I	dcop	-0.01771505049407396
V1.I	dcop_prev	-0.0003932548718507951
V1.I	ssac_imag	1.964110775643233e-6
V1.I	ssac_real	-0.6742302179336548
topbias	dcop	0.5
topbias	dcop_prev	0.4
topbias	ssac_imag	0.0
topbias	ssac_real	1.0
