
----------------------------------------

 DEVSIM

 Version: Beta 0.01

 Copyright 2009-2013 Devsim LLC

----------------------------------------


Physical group name Base has 0 Tetrahedra.
Physical group name Base has 223 Triangles.
Physical group name Base has 354 Lines.
Physical group name Base has 132 Points.
Physical group name Bulk has 6701 Tetrahedra.
Physical group name Bulk has 14066 Triangles.
Physical group name Bulk has 8781 Lines.
Physical group name Bulk has 1417 Points.
Physical group name Emitter has 0 Tetrahedra.
Physical group name Emitter has 201 Triangles.
Physical group name Emitter has 320 Lines.
Physical group name Emitter has 120 Points.
Device diode3d has 1417 coordinates with max index 1417
group Bulk has 1417 nodes.
Region Bulk has 1417 nodes.
Region Bulk has 1417 nodes.
group Emitter has 120 nodes.
Contact bot in region Bulk with 120 nodes
group Base has 132 nodes.
Contact top in region Bulk with 132 nodes
Creating Node Solution Potential
Region "Bulk" on device "diode3d" has equations 0:1416
Device "diode3d" has equations 0:1416
number of equations 1417
Iteration: 0
  Device: "diode3d"	RelError: 1.00000e+00	AbsError: 8.97349e-02
    Region: "Bulk"	RelError: 1.00000e+00	AbsError: 8.97349e-02
      Equation: "PotentialEquation"	RelError: 1.00000e+00	AbsError: 8.97349e-02
Iteration: 1
  Device: "diode3d"	RelError: 4.91582e-01	AbsError: 8.67635e-02
    Region: "Bulk"	RelError: 4.91582e-01	AbsError: 8.67635e-02
      Equation: "PotentialEquation"	RelError: 4.91582e-01	AbsError: 8.67635e-02
Iteration: 2
  Device: "diode3d"	RelError: 3.21212e-01	AbsError: 8.35216e-02
    Region: "Bulk"	RelError: 3.21212e-01	AbsError: 8.35216e-02
      Equation: "PotentialEquation"	RelError: 3.21212e-01	AbsError: 8.35216e-02
Iteration: 3
  Device: "diode3d"	RelError: 2.35032e-01	AbsError: 7.98898e-02
    Region: "Bulk"	RelError: 2.35032e-01	AbsError: 7.98898e-02
      Equation: "PotentialEquation"	RelError: 2.35032e-01	AbsError: 7.98898e-02
Iteration: 4
  Device: "diode3d"	RelError: 5.16590e-01	AbsError: 7.44408e-02
    Region: "Bulk"	RelError: 5.16590e-01	AbsError: 7.44408e-02
      Equation: "PotentialEquation"	RelError: 5.16590e-01	AbsError: 7.44408e-02
Iteration: 5
  Device: "diode3d"	RelError: 2.34632e+00	AbsError: 5.62017e-02
    Region: "Bulk"	RelError: 2.34632e+00	AbsError: 5.62017e-02
      Equation: "PotentialEquation"	RelError: 2.34632e+00	AbsError: 5.62017e-02
Iteration: 6
  Device: "diode3d"	RelError: 3.59746e+00	AbsError: 3.95692e-02
    Region: "Bulk"	RelError: 3.59746e+00	AbsError: 3.95692e-02
      Equation: "PotentialEquation"	RelError: 3.59746e+00	AbsError: 3.95692e-02
Iteration: 7
  Device: "diode3d"	RelError: 1.72191e-01	AbsError: 2.91367e-02
    Region: "Bulk"	RelError: 1.72191e-01	AbsError: 2.91367e-02
      Equation: "PotentialEquation"	RelError: 1.72191e-01	AbsError: 2.91367e-02
Iteration: 8
  Device: "diode3d"	RelError: 5.18778e-02	AbsError: 2.47384e-02
    Region: "Bulk"	RelError: 5.18778e-02	AbsError: 2.47384e-02
      Equation: "PotentialEquation"	RelError: 5.18778e-02	AbsError: 2.47384e-02
Iteration: 9
  Device: "diode3d"	RelError: 3.11204e-04	AbsError: 4.09701e-05
    Region: "Bulk"	RelError: 3.11204e-04	AbsError: 4.09701e-05
      Equation: "PotentialEquation"	RelError: 3.11204e-04	AbsError: 4.09701e-05
Iteration: 10
  Device: "diode3d"	RelError: 4.19686e-08	AbsError: 1.62468e-08
    Region: "Bulk"	RelError: 4.19686e-08	AbsError: 1.62468e-08
      Equation: "PotentialEquation"	RelError: 4.19686e-08	AbsError: 1.62468e-08
Iteration: 11
  Device: "diode3d"	RelError: 8.46815e-15	AbsError: 2.51281e-15
    Region: "Bulk"	RelError: 8.46815e-15	AbsError: 2.51281e-15
      Equation: "PotentialEquation"	RelError: 8.46815e-15	AbsError: 2.51281e-15
Warning: Replacing equation with equation of the same name.
Region: Bulk, Equation: PotentialEquation, Variable: Potential
Region "Bulk" on device "diode3d" has equations 0:4250
Device "diode3d" has equations 0:4250
number of equations 4251
Iteration: 0
  Device: "diode3d"	RelError: 6.35157e-09	AbsError: 1.02400e+04
    Region: "Bulk"	RelError: 6.35157e-09	AbsError: 1.02400e+04
      Equation: "ElectronContinuityEquation"	RelError: 2.90497e-09	AbsError: 5.12000e+03
      Equation: "HoleContinuityEquation"	RelError: 3.44660e-09	AbsError: 5.12000e+03
      Equation: "PotentialEquation"	RelError: 2.62208e-15	AbsError: 1.48040e-16
Region "Bulk" on device "diode3d" has equations 0:4250
Device "diode3d" has equations 0:4250
number of equations 4251
Iteration: 0
  Device: "diode3d"	RelError: 8.53202e+02	AbsError: 2.07604e+17
    Region: "Bulk"	RelError: 8.53202e+02	AbsError: 2.07604e+17
      Equation: "ElectronContinuityEquation"	RelError: 7.77227e-01	AbsError: 1.03577e+17
      Equation: "HoleContinuityEquation"	RelError: 7.77160e-01	AbsError: 1.04027e+17
      Equation: "PotentialEquation"	RelError: 8.51647e+02	AbsError: 4.71226e-02
Iteration: 1
  Device: "diode3d"	RelError: 4.62257e+02	AbsError: 2.52177e+16
    Region: "Bulk"	RelError: 4.62257e+02	AbsError: 2.52177e+16
      Equation: "ElectronContinuityEquation"	RelError: 6.75091e-01	AbsError: 1.36793e+16
      Equation: "HoleContinuityEquation"	RelError: 7.55036e-01	AbsError: 1.15385e+16
      Equation: "PotentialEquation"	RelError: 4.60826e+02	AbsError: 3.15957e-02
Iteration: 2
  Device: "diode3d"	RelError: 5.12566e+00	AbsError: 2.80720e+16
    Region: "Bulk"	RelError: 5.12566e+00	AbsError: 2.80720e+16
      Equation: "ElectronContinuityEquation"	RelError: 4.94221e-01	AbsError: 1.20141e+15
      Equation: "HoleContinuityEquation"	RelError: 4.79914e-01	AbsError: 2.68706e+16
      Equation: "PotentialEquation"	RelError: 4.15153e+00	AbsError: 2.57937e-02
Iteration: 3
  Device: "diode3d"	RelError: 6.36735e+00	AbsError: 2.79847e+16
    Region: "Bulk"	RelError: 6.36735e+00	AbsError: 2.79847e+16
      Equation: "ElectronContinuityEquation"	RelError: 3.03188e-01	AbsError: 1.01388e+15
      Equation: "HoleContinuityEquation"	RelError: 1.55300e-01	AbsError: 2.69709e+16
      Equation: "PotentialEquation"	RelError: 5.90886e+00	AbsError: 1.01859e-02
Iteration: 4
  Device: "diode3d"	RelError: 1.15233e+00	AbsError: 1.59458e+15
    Region: "Bulk"	RelError: 1.15233e+00	AbsError: 1.59458e+15
      Equation: "ElectronContinuityEquation"	RelError: 8.60114e-02	AbsError: 2.08371e+14
      Equation: "HoleContinuityEquation"	RelError: 1.36804e-02	AbsError: 1.38621e+15
      Equation: "PotentialEquation"	RelError: 1.05264e+00	AbsError: 1.11569e-03
Iteration: 5
  Device: "diode3d"	RelError: 5.60688e-04	AbsError: 2.24078e+13
    Region: "Bulk"	RelError: 5.60688e-04	AbsError: 2.24078e+13
      Equation: "ElectronContinuityEquation"	RelError: 2.58260e-04	AbsError: 8.34126e+12
      Equation: "HoleContinuityEquation"	RelError: 1.06423e-04	AbsError: 1.40665e+13
      Equation: "PotentialEquation"	RelError: 1.96005e-04	AbsError: 1.22546e-05
Iteration: 6
  Device: "diode3d"	RelError: 1.59381e-07	AbsError: 5.29534e+10
    Region: "Bulk"	RelError: 1.59381e-07	AbsError: 5.29534e+10
      Equation: "ElectronContinuityEquation"	RelError: 6.04556e-08	AbsError: 3.93729e+09
      Equation: "HoleContinuityEquation"	RelError: 5.59221e-08	AbsError: 4.90161e+10
      Equation: "PotentialEquation"	RelError: 4.30031e-08	AbsError: 4.39318e-09
Iteration: 7
  Device: "diode3d"	RelError: 2.36937e-09	AbsError: 2.73772e+08
    Region: "Bulk"	RelError: 2.36937e-09	AbsError: 2.73772e+08
      Equation: "ElectronContinuityEquation"	RelError: 1.17536e-09	AbsError: 2.16556e+08
      Equation: "HoleContinuityEquation"	RelError: 4.96610e-10	AbsError: 5.72165e+07
      Equation: "PotentialEquation"	RelError: 6.97404e-10	AbsError: 1.26418e-11
top	0.1	3.28291661982e-19	1.75763544187e-19	5.04055206169e-19
bot	0.0	-3.4423787083e-19	-1.61838770346e-19	-5.06076641176e-19
Region "Bulk" on device "diode3d" has equations 0:4250
Device "diode3d" has equations 0:4250
number of equations 4251
Iteration: 0
  Device: "diode3d"	RelError: 4.26794e+01	AbsError: 2.16972e+17
    Region: "Bulk"	RelError: 4.26794e+01	AbsError: 2.16972e+17
      Equation: "ElectronContinuityEquation"	RelError: 7.90162e-01	AbsError: 1.08827e+17
      Equation: "HoleContinuityEquation"	RelError: 7.90317e-01	AbsError: 1.08144e+17
      Equation: "PotentialEquation"	RelError: 4.10989e+01	AbsError: 4.46348e-02
Iteration: 1
  Device: "diode3d"	RelError: 2.58132e+01	AbsError: 4.51689e+16
    Region: "Bulk"	RelError: 2.58132e+01	AbsError: 4.51689e+16
      Equation: "ElectronContinuityEquation"	RelError: 6.85784e-01	AbsError: 1.49559e+16
      Equation: "HoleContinuityEquation"	RelError: 7.71723e-01	AbsError: 3.02130e+16
      Equation: "PotentialEquation"	RelError: 2.43557e+01	AbsError: 3.19821e-02
Iteration: 2
  Device: "diode3d"	RelError: 6.53718e+00	AbsError: 3.27710e+16
    Region: "Bulk"	RelError: 6.53718e+00	AbsError: 3.27710e+16
      Equation: "ElectronContinuityEquation"	RelError: 5.02719e-01	AbsError: 2.69604e+15
      Equation: "HoleContinuityEquation"	RelError: 4.83161e-01	AbsError: 3.00750e+16
      Equation: "PotentialEquation"	RelError: 5.55130e+00	AbsError: 2.58625e-02
Iteration: 3
  Device: "diode3d"	RelError: 4.95569e-01	AbsError: 7.94464e+15
    Region: "Bulk"	RelError: 4.95569e-01	AbsError: 7.94464e+15
      Equation: "ElectronContinuityEquation"	RelError: 3.02980e-01	AbsError: 1.53519e+15
      Equation: "HoleContinuityEquation"	RelError: 1.41901e-01	AbsError: 6.40945e+15
      Equation: "PotentialEquation"	RelError: 5.06882e-02	AbsError: 1.06838e-02
Iteration: 4
  Device: "diode3d"	RelError: 1.57926e-01	AbsError: 1.54984e+15
    Region: "Bulk"	RelError: 1.57926e-01	AbsError: 1.54984e+15
      Equation: "ElectronContinuityEquation"	RelError: 8.56273e-02	AbsError: 2.91922e+14
      Equation: "HoleContinuityEquation"	RelError: 1.05850e-02	AbsError: 1.25792e+15
      Equation: "PotentialEquation"	RelError: 6.17135e-02	AbsError: 9.75306e-04
Iteration: 5
  Device: "diode3d"	RelError: 4.08894e-04	AbsError: 2.85427e+13
    Region: "Bulk"	RelError: 4.08894e-04	AbsError: 2.85427e+13
      Equation: "ElectronContinuityEquation"	RelError: 2.23059e-04	AbsError: 1.04149e+13
      Equation: "HoleContinuityEquation"	RelError: 1.33337e-04	AbsError: 1.81278e+13
      Equation: "PotentialEquation"	RelError: 5.24978e-05	AbsError: 1.45345e-05
Iteration: 6
  Device: "diode3d"	RelError: 1.06056e-07	AbsError: 5.96768e+10
    Region: "Bulk"	RelError: 1.06056e-07	AbsError: 5.96768e+10
      Equation: "ElectronContinuityEquation"	RelError: 4.49960e-08	AbsError: 4.44485e+10
      Equation: "HoleContinuityEquation"	RelError: 4.33275e-08	AbsError: 1.52283e+10
      Equation: "PotentialEquation"	RelError: 1.77329e-08	AbsError: 3.80028e-09
Iteration: 7
  Device: "diode3d"	RelError: 2.66705e-10	AbsError: 1.17838e+08
    Region: "Bulk"	RelError: 2.66705e-10	AbsError: 1.17838e+08
      Equation: "ElectronContinuityEquation"	RelError: 1.17195e-10	AbsError: 5.17850e+07
      Equation: "HoleContinuityEquation"	RelError: 1.11220e-10	AbsError: 6.60529e+07
      Equation: "PotentialEquation"	RelError: 3.82895e-11	AbsError: 2.95278e-12
top	0.2	1.51352992802e-17	7.54102556643e-18	2.26763248467e-17
bot	0.0	-1.51759439709e-17	-7.4698306864e-18	-2.26457746573e-17
Region "Bulk" on device "diode3d" has equations 0:4250
Device "diode3d" has equations 0:4250
number of equations 4251
Iteration: 0
  Device: "diode3d"	RelError: 2.27766e+01	AbsError: 2.35356e+17
    Region: "Bulk"	RelError: 2.27766e+01	AbsError: 2.35356e+17
      Equation: "ElectronContinuityEquation"	RelError: 7.93507e-01	AbsError: 1.18481e+17
      Equation: "HoleContinuityEquation"	RelError: 7.92427e-01	AbsError: 1.16875e+17
      Equation: "PotentialEquation"	RelError: 2.11906e+01	AbsError: 4.45476e-02
Iteration: 1
  Device: "diode3d"	RelError: 2.15435e+02	AbsError: 3.44716e+16
    Region: "Bulk"	RelError: 2.15435e+02	AbsError: 3.44716e+16
      Equation: "ElectronContinuityEquation"	RelError: 6.86947e-01	AbsError: 1.93426e+16
      Equation: "HoleContinuityEquation"	RelError: 7.70815e-01	AbsError: 1.51291e+16
      Equation: "PotentialEquation"	RelError: 2.13977e+02	AbsError: 3.27507e-02
Iteration: 2
  Device: "diode3d"	RelError: 1.70563e+01	AbsError: 9.91568e+15
    Region: "Bulk"	RelError: 1.70563e+01	AbsError: 9.91568e+15
      Equation: "ElectronContinuityEquation"	RelError: 5.03664e-01	AbsError: 5.94337e+15
      Equation: "HoleContinuityEquation"	RelError: 4.87084e-01	AbsError: 3.97231e+15
      Equation: "PotentialEquation"	RelError: 1.60655e+01	AbsError: 2.58577e-02
Iteration: 3
  Device: "diode3d"	RelError: 5.37328e-01	AbsError: 6.48120e+15
    Region: "Bulk"	RelError: 5.37328e-01	AbsError: 6.48120e+15
      Equation: "ElectronContinuityEquation"	RelError: 3.08202e-01	AbsError: 4.71444e+15
      Equation: "HoleContinuityEquation"	RelError: 1.62266e-01	AbsError: 1.76676e+15
      Equation: "PotentialEquation"	RelError: 6.68600e-02	AbsError: 1.18310e-02
Iteration: 4
  Device: "diode3d"	RelError: 1.92847e-01	AbsError: 2.49096e+15
    Region: "Bulk"	RelError: 1.92847e-01	AbsError: 2.49096e+15
      Equation: "ElectronContinuityEquation"	RelError: 8.80514e-02	AbsError: 1.20350e+15
      Equation: "HoleContinuityEquation"	RelError: 1.10554e-02	AbsError: 1.28746e+15
      Equation: "PotentialEquation"	RelError: 9.37407e-02	AbsError: 1.67700e-03
Iteration: 5
  Device: "diode3d"	RelError: 3.93456e-04	AbsError: 3.61270e+13
    Region: "Bulk"	RelError: 3.93456e-04	AbsError: 3.61270e+13
      Equation: "ElectronContinuityEquation"	RelError: 1.92806e-04	AbsError: 2.04144e+13
      Equation: "HoleContinuityEquation"	RelError: 1.13733e-04	AbsError: 1.57126e+13
      Equation: "PotentialEquation"	RelError: 8.69171e-05	AbsError: 1.23379e-05
Iteration: 6
  Device: "diode3d"	RelError: 6.95200e-07	AbsError: 3.42513e+11
    Region: "Bulk"	RelError: 6.95200e-07	AbsError: 3.42513e+11
      Equation: "ElectronContinuityEquation"	RelError: 3.29697e-07	AbsError: 3.12940e+11
      Equation: "HoleContinuityEquation"	RelError: 3.26267e-07	AbsError: 2.95729e+10
      Equation: "PotentialEquation"	RelError: 3.92362e-08	AbsError: 8.70311e-09
Iteration: 7
  Device: "diode3d"	RelError: 8.45852e-10	AbsError: 1.95747e+08
    Region: "Bulk"	RelError: 8.45852e-10	AbsError: 1.95747e+08
      Equation: "ElectronContinuityEquation"	RelError: 3.34191e-10	AbsError: 1.03059e+08
      Equation: "HoleContinuityEquation"	RelError: 3.33791e-10	AbsError: 9.26876e+07
      Equation: "PotentialEquation"	RelError: 1.77869e-10	AbsError: 8.63475e-12
top	0.3	6.83003935286e-16	3.37982215554e-16	1.02098615084e-15
bot	0.0	-6.83480924878e-16	-3.37470954652e-16	-1.02095187953e-15
Region "Bulk" on device "diode3d" has equations 0:4250
Device "diode3d" has equations 0:4250
number of equations 4251
Iteration: 0
  Device: "diode3d"	RelError: 2.84986e+01	AbsError: 2.61002e+17
    Region: "Bulk"	RelError: 2.84986e+01	AbsError: 2.61002e+17
      Equation: "ElectronContinuityEquation"	RelError: 7.97627e-01	AbsError: 1.33384e+17
      Equation: "HoleContinuityEquation"	RelError: 7.93877e-01	AbsError: 1.27618e+17
      Equation: "PotentialEquation"	RelError: 2.69071e+01	AbsError: 4.66424e-02
Iteration: 1
  Device: "diode3d"	RelError: 1.40011e+02	AbsError: 1.05469e+17
    Region: "Bulk"	RelError: 1.40011e+02	AbsError: 1.05469e+17
      Equation: "ElectronContinuityEquation"	RelError: 6.87136e-01	AbsError: 2.58646e+16
      Equation: "HoleContinuityEquation"	RelError: 7.75605e-01	AbsError: 7.96048e+16
      Equation: "PotentialEquation"	RelError: 1.38548e+02	AbsError: 3.42511e-02
Iteration: 2
  Device: "diode3d"	RelError: 2.02191e+01	AbsError: 2.08354e+16
    Region: "Bulk"	RelError: 2.02191e+01	AbsError: 2.08354e+16
      Equation: "ElectronContinuityEquation"	RelError: 5.03251e-01	AbsError: 1.25092e+16
      Equation: "HoleContinuityEquation"	RelError: 5.00717e-01	AbsError: 8.32618e+15
      Equation: "PotentialEquation"	RelError: 1.92151e+01	AbsError: 2.59000e-02
Iteration: 3
  Device: "diode3d"	RelError: 6.46702e-01	AbsError: 6.41950e+15
    Region: "Bulk"	RelError: 6.46702e-01	AbsError: 6.41950e+15
      Equation: "ElectronContinuityEquation"	RelError: 3.06158e-01	AbsError: 3.99668e+15
      Equation: "HoleContinuityEquation"	RelError: 1.49140e-01	AbsError: 2.42281e+15
      Equation: "PotentialEquation"	RelError: 1.91405e-01	AbsError: 1.32204e-02
Iteration: 4
  Device: "diode3d"	RelError: 1.96973e-01	AbsError: 5.21357e+15
    Region: "Bulk"	RelError: 1.96973e-01	AbsError: 5.21357e+15
      Equation: "ElectronContinuityEquation"	RelError: 9.20781e-02	AbsError: 3.68322e+15
      Equation: "HoleContinuityEquation"	RelError: 1.78387e-02	AbsError: 1.53035e+15
      Equation: "PotentialEquation"	RelError: 8.70559e-02	AbsError: 4.58118e-03
Iteration: 5
  Device: "diode3d"	RelError: 7.64687e-04	AbsError: 6.03366e+13
    Region: "Bulk"	RelError: 7.64687e-04	AbsError: 6.03366e+13
      Equation: "ElectronContinuityEquation"	RelError: 1.94998e-04	AbsError: 2.81653e+13
      Equation: "HoleContinuityEquation"	RelError: 4.64662e-04	AbsError: 3.21713e+13
      Equation: "PotentialEquation"	RelError: 1.05027e-04	AbsError: 1.22920e-05
Iteration: 6
  Device: "diode3d"	RelError: 4.21650e-07	AbsError: 2.04849e+11
    Region: "Bulk"	RelError: 4.21650e-07	AbsError: 2.04849e+11
      Equation: "ElectronContinuityEquation"	RelError: 1.86852e-07	AbsError: 1.80154e+11
      Equation: "HoleContinuityEquation"	RelError: 1.83273e-07	AbsError: 2.46949e+10
      Equation: "PotentialEquation"	RelError: 5.15249e-08	AbsError: 4.85223e-09
Iteration: 7
  Device: "diode3d"	RelError: 4.87130e-10	AbsError: 3.27683e+08
    Region: "Bulk"	RelError: 4.87130e-10	AbsError: 3.27683e+08
      Equation: "ElectronContinuityEquation"	RelError: 1.97516e-10	AbsError: 1.96337e+08
      Equation: "HoleContinuityEquation"	RelError: 2.08631e-10	AbsError: 1.31346e+08
      Equation: "PotentialEquation"	RelError: 8.09834e-11	AbsError: 5.42631e-12
top	0.4	3.07499041974e-14	1.52170591423e-14	4.59669633398e-14
bot	0.0	-3.07536936532e-14	-1.52132831694e-14	-4.59669768226e-14
Region "Bulk" on device "diode3d" has equations 0:4250
Device "diode3d" has equations 0:4250
number of equations 4251
Iteration: 0
  Device: "diode3d"	RelError: 6.72057e+01	AbsError: 3.06300e+17
    Region: "Bulk"	RelError: 6.72057e+01	AbsError: 3.06300e+17
      Equation: "ElectronContinuityEquation"	RelError: 7.97425e-01	AbsError: 1.51963e+17
      Equation: "HoleContinuityEquation"	RelError: 7.96428e-01	AbsError: 1.54337e+17
      Equation: "PotentialEquation"	RelError: 6.56118e+01	AbsError: 4.78609e-02
Iteration: 1
  Device: "diode3d"	RelError: 1.08708e+02	AbsError: 2.13316e+17
    Region: "Bulk"	RelError: 1.08708e+02	AbsError: 2.13316e+17
      Equation: "ElectronContinuityEquation"	RelError: 6.86707e-01	AbsError: 8.72179e+16
      Equation: "HoleContinuityEquation"	RelError: 7.80451e-01	AbsError: 1.26098e+17
      Equation: "PotentialEquation"	RelError: 1.07241e+02	AbsError: 3.25641e-02
Iteration: 2
  Device: "diode3d"	RelError: 2.85909e+00	AbsError: 2.10232e+16
    Region: "Bulk"	RelError: 2.85909e+00	AbsError: 2.10232e+16
      Equation: "ElectronContinuityEquation"	RelError: 5.07736e-01	AbsError: 1.45323e+16
      Equation: "HoleContinuityEquation"	RelError: 5.34123e-01	AbsError: 6.49092e+15
      Equation: "PotentialEquation"	RelError: 1.81724e+00	AbsError: 2.58685e-02
Iteration: 3
  Device: "diode3d"	RelError: 9.62513e-01	AbsError: 1.70990e+16
    Region: "Bulk"	RelError: 9.62513e-01	AbsError: 1.70990e+16
      Equation: "ElectronContinuityEquation"	RelError: 3.13525e-01	AbsError: 1.12356e+16
      Equation: "HoleContinuityEquation"	RelError: 1.49311e-01	AbsError: 5.86342e+15
      Equation: "PotentialEquation"	RelError: 4.99677e-01	AbsError: 1.15625e-02
Iteration: 4
  Device: "diode3d"	RelError: 1.38538e-01	AbsError: 1.33672e+16
    Region: "Bulk"	RelError: 1.38538e-01	AbsError: 1.33672e+16
      Equation: "ElectronContinuityEquation"	RelError: 8.84977e-02	AbsError: 1.17843e+16
      Equation: "HoleContinuityEquation"	RelError: 1.19848e-02	AbsError: 1.58283e+15
      Equation: "PotentialEquation"	RelError: 3.80555e-02	AbsError: 1.24650e-03
Iteration: 5
  Device: "diode3d"	RelError: 6.74927e-04	AbsError: 2.96066e+14
    Region: "Bulk"	RelError: 6.74927e-04	AbsError: 2.96066e+14
      Equation: "ElectronContinuityEquation"	RelError: 3.58124e-04	AbsError: 1.70413e+14
      Equation: "HoleContinuityEquation"	RelError: 1.74186e-04	AbsError: 1.25654e+14
      Equation: "PotentialEquation"	RelError: 1.42617e-04	AbsError: 1.45101e-05
Iteration: 6
  Device: "diode3d"	RelError: 1.77038e-07	AbsError: 5.49329e+10
    Region: "Bulk"	RelError: 1.77038e-07	AbsError: 5.49329e+10
      Equation: "ElectronContinuityEquation"	RelError: 5.38413e-08	AbsError: 3.52980e+10
      Equation: "HoleContinuityEquation"	RelError: 5.30885e-08	AbsError: 1.96349e+10
      Equation: "PotentialEquation"	RelError: 7.01080e-08	AbsError: 2.36855e-09
Iteration: 7
  Device: "diode3d"	RelError: 3.13669e-10	AbsError: 1.47225e+08
    Region: "Bulk"	RelError: 3.13669e-10	AbsError: 1.47225e+08
      Equation: "ElectronContinuityEquation"	RelError: 1.05511e-10	AbsError: 1.00832e+08
      Equation: "HoleContinuityEquation"	RelError: 1.11846e-10	AbsError: 4.63932e+07
      Equation: "PotentialEquation"	RelError: 9.63122e-11	AbsError: 2.81459e-12
top	0.5	1.38026422406e-12	6.83986484599e-13	2.06425070866e-12
bot	0.0	-1.38029349029e-12	-6.83957220121e-13	-2.06425071041e-12
