
----------------------------------------

 DEVSIM

 Version: Beta 0.01

 Copyright 2009-2015 Devsim LLC

----------------------------------------


Adding 540 nodes
Adding 1541 edges with 0 duplicates removed
Adding 1002 triangles  with 0 duplicate removed
Contact Anode in region Silicon with 7 nodes
Contact Cathode in region Silicon with 16 nodes
Creating Node Solution Potential
Region "Silicon" on device "pn2d" has equations 0:539
Device "pn2d" has equations 0:539
number of equations 540
Iteration: 0
  Device: "pn2d"	RelError: 1.00000e+00	AbsError: 3.07958e-01
    Region: "Silicon"	RelError: 1.00000e+00	AbsError: 3.07958e-01
      Equation: "PotentialEquation"	RelError: 1.00000e+00	AbsError: 3.07958e-01
Iteration: 1
  Device: "pn2d"	RelError: 9.48950e+02	AbsError: 2.38478e-01
    Region: "Silicon"	RelError: 9.48950e+02	AbsError: 2.38478e-01
      Equation: "PotentialEquation"	RelError: 9.48950e+02	AbsError: 2.38478e-01
Iteration: 2
  Device: "pn2d"	RelError: 7.41923e+01	AbsError: 2.37034e-01
    Region: "Silicon"	RelError: 7.41923e+01	AbsError: 2.37034e-01
      Equation: "PotentialEquation"	RelError: 7.41923e+01	AbsError: 2.37034e-01
Iteration: 3
  Device: "pn2d"	RelError: 4.06386e+00	AbsError: 2.35686e-01
    Region: "Silicon"	RelError: 4.06386e+00	AbsError: 2.35686e-01
      Equation: "PotentialEquation"	RelError: 4.06386e+00	AbsError: 2.35686e-01
Iteration: 4
  Device: "pn2d"	RelError: 1.45865e+02	AbsError: 1.57887e-01
    Region: "Silicon"	RelError: 1.45865e+02	AbsError: 1.57887e-01
      Equation: "PotentialEquation"	RelError: 1.45865e+02	AbsError: 1.57887e-01
Iteration: 5
  Device: "pn2d"	RelError: 1.35418e+02	AbsError: 1.57914e-01
    Region: "Silicon"	RelError: 1.35418e+02	AbsError: 1.57914e-01
      Equation: "PotentialEquation"	RelError: 1.35418e+02	AbsError: 1.57914e-01
Iteration: 6
  Device: "pn2d"	RelError: 1.72594e+02	AbsError: 1.47982e-01
    Region: "Silicon"	RelError: 1.72594e+02	AbsError: 1.47982e-01
      Equation: "PotentialEquation"	RelError: 1.72594e+02	AbsError: 1.47982e-01
Iteration: 7
  Device: "pn2d"	RelError: 3.44881e+01	AbsError: 1.46441e-01
    Region: "Silicon"	RelError: 3.44881e+01	AbsError: 1.46441e-01
      Equation: "PotentialEquation"	RelError: 3.44881e+01	AbsError: 1.46441e-01
Iteration: 8
  Device: "pn2d"	RelError: 2.79287e+00	AbsError: 1.25505e-01
    Region: "Silicon"	RelError: 2.79287e+00	AbsError: 1.25505e-01
      Equation: "PotentialEquation"	RelError: 2.79287e+00	AbsError: 1.25505e-01
Iteration: 9
  Device: "pn2d"	RelError: 4.87845e+00	AbsError: 8.47244e-02
    Region: "Silicon"	RelError: 4.87845e+00	AbsError: 8.47244e-02
      Equation: "PotentialEquation"	RelError: 4.87845e+00	AbsError: 8.47244e-02
Iteration: 10
  Device: "pn2d"	RelError: 3.20250e+00	AbsError: 7.28688e-02
    Region: "Silicon"	RelError: 3.20250e+00	AbsError: 7.28688e-02
      Equation: "PotentialEquation"	RelError: 3.20250e+00	AbsError: 7.28688e-02
Iteration: 11
  Device: "pn2d"	RelError: 1.16918e+00	AbsError: 6.51325e-02
    Region: "Silicon"	RelError: 1.16918e+00	AbsError: 6.51325e-02
      Equation: "PotentialEquation"	RelError: 1.16918e+00	AbsError: 6.51325e-02
Iteration: 12
  Device: "pn2d"	RelError: 1.51313e+02	AbsError: 5.46855e-02
    Region: "Silicon"	RelError: 1.51313e+02	AbsError: 5.46855e-02
      Equation: "PotentialEquation"	RelError: 1.51313e+02	AbsError: 5.46855e-02
Iteration: 13
  Device: "pn2d"	RelError: 5.74154e+00	AbsError: 4.60583e-02
    Region: "Silicon"	RelError: 5.74154e+00	AbsError: 4.60583e-02
      Equation: "PotentialEquation"	RelError: 5.74154e+00	AbsError: 4.60583e-02
Iteration: 14
  Device: "pn2d"	RelError: 4.25804e+00	AbsError: 3.67857e-02
    Region: "Silicon"	RelError: 4.25804e+00	AbsError: 3.67857e-02
      Equation: "PotentialEquation"	RelError: 4.25804e+00	AbsError: 3.67857e-02
Iteration: 15
  Device: "pn2d"	RelError: 5.49279e+00	AbsError: 2.58566e-02
    Region: "Silicon"	RelError: 5.49279e+00	AbsError: 2.58566e-02
      Equation: "PotentialEquation"	RelError: 5.49279e+00	AbsError: 2.58566e-02
Iteration: 16
  Device: "pn2d"	RelError: 6.84161e-02	AbsError: 1.84034e-02
    Region: "Silicon"	RelError: 6.84161e-02	AbsError: 1.84034e-02
      Equation: "PotentialEquation"	RelError: 6.84161e-02	AbsError: 1.84034e-02
Iteration: 17
  Device: "pn2d"	RelError: 2.10333e-04	AbsError: 5.65658e-05
    Region: "Silicon"	RelError: 2.10333e-04	AbsError: 5.65658e-05
      Equation: "PotentialEquation"	RelError: 2.10333e-04	AbsError: 5.65658e-05
Iteration: 18
  Device: "pn2d"	RelError: 3.14468e-09	AbsError: 8.45714e-10
    Region: "Silicon"	RelError: 3.14468e-09	AbsError: 8.45714e-10
      Equation: "PotentialEquation"	RelError: 3.14468e-09	AbsError: 8.45714e-10
Iteration: 19
  Device: "pn2d"	RelError: 1.01933e-14	AbsError: 1.01087e-16
    Region: "Silicon"	RelError: 1.01933e-14	AbsError: 1.01087e-16
      Equation: "PotentialEquation"	RelError: 1.01933e-14	AbsError: 1.01087e-16
Warning: Replacing equation with equation of the same name.
Region: Silicon, Equation: PotentialEquation, Variable: Potential
Region "Silicon" on device "pn2d" has equations 0:1619
Device "pn2d" has equations 0:1619
number of equations 1620
Iteration: 0
  Device: "pn2d"	RelError: 1.92185e-02	AbsError: 4.19840e+04
    Region: "Silicon"	RelError: 1.92185e-02	AbsError: 4.19840e+04
      Equation: "ElectronContinuityEquation"	RelError: 6.96628e-03	AbsError: 5.12000e+03
      Equation: "HoleContinuityEquation"	RelError: 1.22522e-02	AbsError: 3.68640e+04
      Equation: "PotentialEquation"	RelError: 1.86882e-14	AbsError: 2.18194e-16
Iteration: 1
  Device: "pn2d"	RelError: 1.43298e-02	AbsError: 5.33087e+02
    Region: "Silicon"	RelError: 1.43298e-02	AbsError: 5.33087e+02
      Equation: "ElectronContinuityEquation"	RelError: 1.42921e-02	AbsError: 6.88595e+01
      Equation: "HoleContinuityEquation"	RelError: 3.77112e-05	AbsError: 4.64227e+02
      Equation: "PotentialEquation"	RelError: 2.56183e-14	AbsError: 1.55868e-16
Anode	0.0	-1.65500977851e-20	-5.86085567911e-15	-5.86087222921e-15
Cathode	0.0	0.0	2.7309452162e-20	2.7309452162e-20
Region "Silicon" on device "pn2d" has equations 0:1619
Device "pn2d" has equations 0:1619
number of equations 1620
Iteration: 0
  Device: "pn2d"	RelError: 2.92272e+00	AbsError: 1.28646e+16
    Region: "Silicon"	RelError: 2.92272e+00	AbsError: 1.28646e+16
      Equation: "ElectronContinuityEquation"	RelError: 4.90392e-01	AbsError: 5.71143e+15
      Equation: "HoleContinuityEquation"	RelError: 4.91312e-01	AbsError: 7.15322e+15
      Equation: "PotentialEquation"	RelError: 1.94102e+00	AbsError: 2.50000e-02
Iteration: 1
  Device: "pn2d"	RelError: 5.03483e-01	AbsError: 1.54729e+14
    Region: "Silicon"	RelError: 5.03483e-01	AbsError: 1.54729e+14
      Equation: "ElectronContinuityEquation"	RelError: 2.52678e-01	AbsError: 8.03012e+13
      Equation: "HoleContinuityEquation"	RelError: 2.50560e-01	AbsError: 7.44280e+13
      Equation: "PotentialEquation"	RelError: 2.45869e-04	AbsError: 9.32651e-05
Iteration: 2
  Device: "pn2d"	RelError: 7.45270e-03	AbsError: 2.56437e+10
    Region: "Silicon"	RelError: 7.45270e-03	AbsError: 2.56437e+10
      Equation: "ElectronContinuityEquation"	RelError: 4.21960e-03	AbsError: 4.50164e+09
      Equation: "HoleContinuityEquation"	RelError: 3.23276e-03	AbsError: 2.11421e+10
      Equation: "PotentialEquation"	RelError: 3.45538e-07	AbsError: 2.13052e-08
Iteration: 3
  Device: "pn2d"	RelError: 5.79147e-03	AbsError: 5.17680e+06
    Region: "Silicon"	RelError: 5.79147e-03	AbsError: 5.17680e+06
      Equation: "ElectronContinuityEquation"	RelError: 5.73695e-03	AbsError: 6.44506e+05
      Equation: "HoleContinuityEquation"	RelError: 5.45208e-05	AbsError: 4.53229e+06
      Equation: "PotentialEquation"	RelError: 9.39247e-11	AbsError: 1.76047e-12
Iteration: 4
  Device: "pn2d"	RelError: 1.96764e-04	AbsError: 5.81850e+02
    Region: "Silicon"	RelError: 1.96764e-04	AbsError: 5.81850e+02
      Equation: "ElectronContinuityEquation"	RelError: 1.35510e-04	AbsError: 7.26082e+01
      Equation: "HoleContinuityEquation"	RelError: 6.12541e-05	AbsError: 5.09242e+02
      Equation: "PotentialEquation"	RelError: 2.54429e-14	AbsError: 1.64505e-16
Anode	0.025	1.50118011544e-16	-2.61429059569e-14	-2.59927879454e-14
Cathode	0.0	-2.30926389122e-14	-1.41898401115e-16	-2.32345373133e-14
Region "Silicon" on device "pn2d" has equations 0:1619
Device "pn2d" has equations 0:1619
number of equations 1620
Iteration: 0
  Device: "pn2d"	RelError: 2.90681e+00	AbsError: 1.30712e+16
    Region: "Silicon"	RelError: 2.90681e+00	AbsError: 1.30712e+16
      Equation: "ElectronContinuityEquation"	RelError: 4.90819e-01	AbsError: 5.86843e+15
      Equation: "HoleContinuityEquation"	RelError: 4.90230e-01	AbsError: 7.20278e+15
      Equation: "PotentialEquation"	RelError: 1.92576e+00	AbsError: 2.50000e-02
Iteration: 1
  Device: "pn2d"	RelError: 5.03412e-01	AbsError: 1.54263e+14
    Region: "Silicon"	RelError: 5.03412e-01	AbsError: 1.54263e+14
      Equation: "ElectronContinuityEquation"	RelError: 2.51567e-01	AbsError: 6.96302e+13
      Equation: "HoleContinuityEquation"	RelError: 2.51187e-01	AbsError: 8.46330e+13
      Equation: "PotentialEquation"	RelError: 6.58198e-04	AbsError: 9.11189e-05
Iteration: 2
  Device: "pn2d"	RelError: 1.32198e-03	AbsError: 4.77538e+10
    Region: "Silicon"	RelError: 1.32198e-03	AbsError: 4.77538e+10
      Equation: "ElectronContinuityEquation"	RelError: 9.29769e-04	AbsError: 7.55858e+09
      Equation: "HoleContinuityEquation"	RelError: 3.92047e-04	AbsError: 4.01952e+10
      Equation: "PotentialEquation"	RelError: 1.67328e-07	AbsError: 4.39071e-08
Iteration: 3
  Device: "pn2d"	RelError: 1.59566e-05	AbsError: 2.31738e+06
    Region: "Silicon"	RelError: 1.59566e-05	AbsError: 2.31738e+06
      Equation: "ElectronContinuityEquation"	RelError: 5.60071e-06	AbsError: 1.68875e+06
      Equation: "HoleContinuityEquation"	RelError: 1.03558e-05	AbsError: 6.28628e+05
      Equation: "PotentialEquation"	RelError: 1.61867e-10	AbsError: 1.03765e-12
Iteration: 4
  Device: "pn2d"	RelError: 2.38772e-03	AbsError: 5.55439e+02
    Region: "Silicon"	RelError: 2.38772e-03	AbsError: 5.55439e+02
      Equation: "ElectronContinuityEquation"	RelError: 2.32873e-03	AbsError: 6.39983e+01
      Equation: "HoleContinuityEquation"	RelError: 5.89882e-05	AbsError: 4.91440e+02
      Equation: "PotentialEquation"	RelError: 1.34995e-14	AbsError: 1.43572e-16
Anode	0.05	5.44329419793e-16	5.8649020268e-14	5.91933496878e-14
Cathode	0.0	-6.2172489379e-14	-5.14513471819e-16	-6.26870028508e-14
Region "Silicon" on device "pn2d" has equations 0:1619
Device "pn2d" has equations 0:1619
number of equations 1620
Iteration: 0
  Device: "pn2d"	RelError: 3.06520e+00	AbsError: 1.32455e+16
    Region: "Silicon"	RelError: 3.06520e+00	AbsError: 1.32455e+16
      Equation: "ElectronContinuityEquation"	RelError: 4.91080e-01	AbsError: 6.00424e+15
      Equation: "HoleContinuityEquation"	RelError: 4.90851e-01	AbsError: 7.24130e+15
      Equation: "PotentialEquation"	RelError: 2.08327e+00	AbsError: 2.50000e-02
Iteration: 1
  Device: "pn2d"	RelError: 5.04084e-01	AbsError: 1.72120e+14
    Region: "Silicon"	RelError: 5.04084e-01	AbsError: 1.72120e+14
      Equation: "ElectronContinuityEquation"	RelError: 2.51773e-01	AbsError: 5.93495e+13
      Equation: "HoleContinuityEquation"	RelError: 2.51434e-01	AbsError: 1.12771e+14
      Equation: "PotentialEquation"	RelError: 8.78073e-04	AbsError: 1.22188e-04
Iteration: 2
  Device: "pn2d"	RelError: 1.36281e-03	AbsError: 8.41359e+10
    Region: "Silicon"	RelError: 1.36281e-03	AbsError: 8.41359e+10
      Equation: "ElectronContinuityEquation"	RelError: 5.30115e-04	AbsError: 1.33810e+10
      Equation: "HoleContinuityEquation"	RelError: 8.32383e-04	AbsError: 7.07549e+10
      Equation: "PotentialEquation"	RelError: 3.14086e-07	AbsError: 7.74174e-08
Iteration: 3
  Device: "pn2d"	RelError: 4.55971e-05	AbsError: 8.40004e+06
    Region: "Silicon"	RelError: 4.55971e-05	AbsError: 8.40004e+06
      Equation: "ElectronContinuityEquation"	RelError: 3.04748e-05	AbsError: 1.44175e+05
      Equation: "HoleContinuityEquation"	RelError: 1.51221e-05	AbsError: 8.25586e+06
      Equation: "PotentialEquation"	RelError: 2.26410e-10	AbsError: 1.33867e-12
Iteration: 4
  Device: "pn2d"	RelError: 3.38865e-05	AbsError: 5.71521e+02
    Region: "Silicon"	RelError: 3.38865e-05	AbsError: 5.71521e+02
      Equation: "ElectronContinuityEquation"	RelError: 7.26507e-07	AbsError: 6.39994e+01
      Equation: "HoleContinuityEquation"	RelError: 3.31600e-05	AbsError: 5.07522e+02
      Equation: "PotentialEquation"	RelError: 1.05611e-14	AbsError: 1.53435e-16
Anode	0.075	1.5797837364e-15	1.34424088499e-13	1.36003872235e-13
Cathode	0.0	-1.30045744664e-13	-1.49319303216e-15	-1.31538937696e-13
Region "Silicon" on device "pn2d" has equations 0:1619
Device "pn2d" has equations 0:1619
number of equations 1620
Iteration: 0
  Device: "pn2d"	RelError: 1.65794e+00	AbsError: 1.33867e+16
    Region: "Silicon"	RelError: 1.65794e+00	AbsError: 1.33867e+16
      Equation: "ElectronContinuityEquation"	RelError: 4.91180e-01	AbsError: 6.11956e+15
      Equation: "HoleContinuityEquation"	RelError: 4.91092e-01	AbsError: 7.26712e+15
      Equation: "PotentialEquation"	RelError: 6.75669e-01	AbsError: 2.50000e-02
Iteration: 1
  Device: "pn2d"	RelError: 5.04139e-01	AbsError: 2.12285e+14
    Region: "Silicon"	RelError: 5.04139e-01	AbsError: 2.12285e+14
      Equation: "ElectronContinuityEquation"	RelError: 2.51884e-01	AbsError: 6.70081e+13
      Equation: "HoleContinuityEquation"	RelError: 2.51568e-01	AbsError: 1.45277e+14
      Equation: "PotentialEquation"	RelError: 6.86040e-04	AbsError: 1.57978e-04
Iteration: 2
  Device: "pn2d"	RelError: 1.21699e-03	AbsError: 1.37459e+11
    Region: "Silicon"	RelError: 1.21699e-03	AbsError: 1.37459e+11
      Equation: "ElectronContinuityEquation"	RelError: 6.91909e-04	AbsError: 2.45060e+10
      Equation: "HoleContinuityEquation"	RelError: 5.24548e-04	AbsError: 1.12953e+11
      Equation: "PotentialEquation"	RelError: 5.38291e-07	AbsError: 1.23955e-07
Iteration: 3
  Device: "pn2d"	RelError: 5.26737e-04	AbsError: 1.62740e+06
    Region: "Silicon"	RelError: 5.26737e-04	AbsError: 1.62740e+06
      Equation: "ElectronContinuityEquation"	RelError: 7.25754e-06	AbsError: 2.42744e+05
      Equation: "HoleContinuityEquation"	RelError: 5.19479e-04	AbsError: 1.38465e+06
      Equation: "PotentialEquation"	RelError: 1.45853e-10	AbsError: 2.65797e-12
Iteration: 4
  Device: "pn2d"	RelError: 3.14304e-05	AbsError: 5.78351e+02
    Region: "Silicon"	RelError: 3.14304e-05	AbsError: 5.78351e+02
      Equation: "ElectronContinuityEquation"	RelError: 1.62631e-05	AbsError: 6.88626e+01
      Equation: "HoleContinuityEquation"	RelError: 1.51673e-05	AbsError: 5.09488e+02
      Equation: "PotentialEquation"	RelError: 5.50160e-15	AbsError: 1.58468e-16
Anode	0.1	4.2993317089e-15	2.26623692209e-13	2.30923023918e-13
Cathode	0.0	-2.48479042804e-13	-4.06349424118e-15	-2.52542537045e-13
Region "Silicon" on device "pn2d" has equations 0:1619
Device "pn2d" has equations 0:1619
number of equations 1620
Iteration: 0
  Device: "pn2d"	RelError: 1.86141e+00	AbsError: 1.34926e+16
    Region: "Silicon"	RelError: 1.86141e+00	AbsError: 1.34926e+16
      Equation: "ElectronContinuityEquation"	RelError: 4.91345e-01	AbsError: 6.21451e+15
      Equation: "HoleContinuityEquation"	RelError: 4.91186e-01	AbsError: 7.27812e+15
      Equation: "PotentialEquation"	RelError: 8.78883e-01	AbsError: 2.50000e-02
Iteration: 1
  Device: "pn2d"	RelError: 5.04534e-01	AbsError: 2.69852e+14
    Region: "Silicon"	RelError: 5.04534e-01	AbsError: 2.69852e+14
      Equation: "ElectronContinuityEquation"	RelError: 2.51966e-01	AbsError: 9.02396e+13
      Equation: "HoleContinuityEquation"	RelError: 2.51652e-01	AbsError: 1.79613e+14
      Equation: "PotentialEquation"	RelError: 9.15391e-04	AbsError: 1.95619e-04
Iteration: 2
  Device: "pn2d"	RelError: 1.12121e-03	AbsError: 2.08686e+11
    Region: "Silicon"	RelError: 1.12121e-03	AbsError: 2.08686e+11
      Equation: "ElectronContinuityEquation"	RelError: 7.46118e-04	AbsError: 4.79373e+10
      Equation: "HoleContinuityEquation"	RelError: 3.74268e-04	AbsError: 1.60748e+11
      Equation: "PotentialEquation"	RelError: 8.22110e-07	AbsError: 1.75685e-07
Iteration: 3
  Device: "pn2d"	RelError: 3.27776e-05	AbsError: 7.90021e+06
    Region: "Silicon"	RelError: 3.27776e-05	AbsError: 7.90021e+06
      Equation: "ElectronContinuityEquation"	RelError: 1.38111e-05	AbsError: 9.00630e+05
      Equation: "HoleContinuityEquation"	RelError: 1.89665e-05	AbsError: 6.99958e+06
      Equation: "PotentialEquation"	RelError: 3.61934e-11	AbsError: 2.20711e-12
Iteration: 4
  Device: "pn2d"	RelError: 1.47401e-05	AbsError: 5.66272e+02
    Region: "Silicon"	RelError: 1.47401e-05	AbsError: 5.66272e+02
      Equation: "ElectronContinuityEquation"	RelError: 4.45530e-06	AbsError: 8.09835e+01
      Equation: "HoleContinuityEquation"	RelError: 1.02848e-05	AbsError: 4.85289e+02
      Equation: "PotentialEquation"	RelError: 2.61609e-14	AbsError: 3.70059e-16
Anode	0.125	1.14424576457e-14	3.9630460478e-13	4.07747062426e-13
Cathode	0.0	-4.24976879911e-13	-1.08141383069e-14	-4.35791018217e-13
Region "Silicon" on device "pn2d" has equations 0:1619
Device "pn2d" has equations 0:1619
number of equations 1620
Iteration: 0
  Device: "pn2d"	RelError: 8.18112e+00	AbsError: 1.35607e+16
    Region: "Silicon"	RelError: 8.18112e+00	AbsError: 1.35607e+16
      Equation: "ElectronContinuityEquation"	RelError: 4.91246e-01	AbsError: 6.28879e+15
      Equation: "HoleContinuityEquation"	RelError: 4.91222e-01	AbsError: 7.27187e+15
      Equation: "PotentialEquation"	RelError: 7.19866e+00	AbsError: 2.50000e-02
Iteration: 1
  Device: "pn2d"	RelError: 5.06661e-01	AbsError: 3.29837e+14
    Region: "Silicon"	RelError: 5.06661e-01	AbsError: 3.29837e+14
      Equation: "ElectronContinuityEquation"	RelError: 2.52042e-01	AbsError: 1.18025e+14
      Equation: "HoleContinuityEquation"	RelError: 2.51722e-01	AbsError: 2.11812e+14
      Equation: "PotentialEquation"	RelError: 2.89761e-03	AbsError: 2.30656e-04
Iteration: 2
  Device: "pn2d"	RelError: 1.39053e-03	AbsError: 2.83958e+11
    Region: "Silicon"	RelError: 1.39053e-03	AbsError: 2.83958e+11
      Equation: "ElectronContinuityEquation"	RelError: 8.59610e-04	AbsError: 8.41203e+10
      Equation: "HoleContinuityEquation"	RelError: 5.20720e-04	AbsError: 1.99837e+11
      Equation: "PotentialEquation"	RelError: 1.02042e-05	AbsError: 2.20795e-07
Iteration: 3
  Device: "pn2d"	RelError: 9.48311e-05	AbsError: 7.38019e+07
    Region: "Silicon"	RelError: 9.48311e-05	AbsError: 7.38019e+07
      Equation: "ElectronContinuityEquation"	RelError: 2.33825e-06	AbsError: 1.14566e+07
      Equation: "HoleContinuityEquation"	RelError: 9.24915e-05	AbsError: 6.23453e+07
      Equation: "PotentialEquation"	RelError: 1.35231e-09	AbsError: 2.34000e-12
Iteration: 4
  Device: "pn2d"	RelError: 2.47151e-06	AbsError: 5.84119e+02
    Region: "Silicon"	RelError: 2.47151e-06	AbsError: 5.84119e+02
      Equation: "ElectronContinuityEquation"	RelError: 9.32925e-08	AbsError: 7.27636e+01
      Equation: "HoleContinuityEquation"	RelError: 2.37822e-06	AbsError: 5.11356e+02
      Equation: "PotentialEquation"	RelError: 1.17201e-13	AbsError: 2.84620e-16
Anode	0.15	3.02036801133e-14	7.10558781835e-13	7.40762461949e-13
Cathode	0.0	-7.28527597432e-13	-2.85436789984e-14	-7.5707127643e-13
Region "Silicon" on device "pn2d" has equations 0:1619
Device "pn2d" has equations 0:1619
number of equations 1620
Iteration: 0
  Device: "pn2d"	RelError: 2.14453e+00	AbsError: 1.35882e+16
    Region: "Silicon"	RelError: 2.14453e+00	AbsError: 1.35882e+16
      Equation: "ElectronContinuityEquation"	RelError: 4.91256e-01	AbsError: 6.34198e+15
      Equation: "HoleContinuityEquation"	RelError: 4.91245e-01	AbsError: 7.24621e+15
      Equation: "PotentialEquation"	RelError: 1.16203e+00	AbsError: 2.50000e-02
Iteration: 1
  Device: "pn2d"	RelError: 5.05302e-01	AbsError: 3.86289e+14
    Region: "Silicon"	RelError: 5.05302e-01	AbsError: 3.86289e+14
      Equation: "ElectronContinuityEquation"	RelError: 2.52108e-01	AbsError: 1.48852e+14
      Equation: "HoleContinuityEquation"	RelError: 2.51754e-01	AbsError: 2.37437e+14
      Equation: "PotentialEquation"	RelError: 1.44040e-03	AbsError: 2.58084e-04
Iteration: 2
  Device: "pn2d"	RelError: 1.56626e-03	AbsError: 3.46353e+11
    Region: "Silicon"	RelError: 1.56626e-03	AbsError: 3.46353e+11
      Equation: "ElectronContinuityEquation"	RelError: 9.53114e-04	AbsError: 1.30564e+11
      Equation: "HoleContinuityEquation"	RelError: 6.07110e-04	AbsError: 2.15789e+11
      Equation: "PotentialEquation"	RelError: 6.03853e-06	AbsError: 2.37662e-07
Iteration: 3
  Device: "pn2d"	RelError: 5.31749e-05	AbsError: 9.04063e+06
    Region: "Silicon"	RelError: 5.31749e-05	AbsError: 9.04063e+06
      Equation: "ElectronContinuityEquation"	RelError: 5.03868e-05	AbsError: 7.45653e+05
      Equation: "HoleContinuityEquation"	RelError: 2.78810e-06	AbsError: 8.29498e+06
      Equation: "PotentialEquation"	RelError: 3.02346e-11	AbsError: 2.05598e-12
Iteration: 4
  Device: "pn2d"	RelError: 6.36221e-08	AbsError: 5.30752e+02
    Region: "Silicon"	RelError: 6.36221e-08	AbsError: 5.30752e+02
      Equation: "ElectronContinuityEquation"	RelError: 6.34510e-09	AbsError: 6.91324e+01
      Equation: "HoleContinuityEquation"	RelError: 5.72769e-08	AbsError: 4.61620e+02
      Equation: "PotentialEquation"	RelError: 2.45984e-14	AbsError: 2.62547e-16
Anode	0.175	7.94800454449e-14	1.21267718528e-12	1.29215723072e-12
Cathode	0.0	-1.22141548456e-12	-7.51079704783e-14	-1.29652345504e-12
Region "Silicon" on device "pn2d" has equations 0:1619
Device "pn2d" has equations 0:1619
number of equations 1620
Iteration: 0
  Device: "pn2d"	RelError: 1.51988e+00	AbsError: 1.35741e+16
    Region: "Silicon"	RelError: 1.51988e+00	AbsError: 1.35741e+16
      Equation: "ElectronContinuityEquation"	RelError: 4.91262e-01	AbsError: 6.37407e+15
      Equation: "HoleContinuityEquation"	RelError: 4.91256e-01	AbsError: 7.20004e+15
      Equation: "PotentialEquation"	RelError: 5.37364e-01	AbsError: 2.50000e-02
Iteration: 1
  Device: "pn2d"	RelError: 5.05651e-01	AbsError: 4.32902e+14
    Region: "Silicon"	RelError: 5.05651e-01	AbsError: 4.32902e+14
      Equation: "ElectronContinuityEquation"	RelError: 2.52162e-01	AbsError: 1.79808e+14
      Equation: "HoleContinuityEquation"	RelError: 2.51789e-01	AbsError: 2.53094e+14
      Equation: "PotentialEquation"	RelError: 1.70079e-03	AbsError: 2.74041e-04
Iteration: 2
  Device: "pn2d"	RelError: 1.71641e-03	AbsError: 3.82721e+11
    Region: "Silicon"	RelError: 1.71641e-03	AbsError: 3.82721e+11
      Equation: "ElectronContinuityEquation"	RelError: 1.00931e-03	AbsError: 1.81906e+11
      Equation: "HoleContinuityEquation"	RelError: 7.05645e-04	AbsError: 2.00815e+11
      Equation: "PotentialEquation"	RelError: 1.46002e-06	AbsError: 2.21646e-07
Iteration: 3
  Device: "pn2d"	RelError: 3.61008e-05	AbsError: 5.57780e+06
    Region: "Silicon"	RelError: 3.61008e-05	AbsError: 5.57780e+06
      Equation: "ElectronContinuityEquation"	RelError: 2.01312e-05	AbsError: 1.65994e+06
      Equation: "HoleContinuityEquation"	RelError: 1.59696e-05	AbsError: 3.91786e+06
      Equation: "PotentialEquation"	RelError: 1.04969e-11	AbsError: 1.02239e-12
Iteration: 4
  Device: "pn2d"	RelError: 2.07389e-05	AbsError: 5.69858e+02
    Region: "Silicon"	RelError: 2.07389e-05	AbsError: 5.69858e+02
      Equation: "ElectronContinuityEquation"	RelError: 2.07042e-05	AbsError: 6.31879e+01
      Equation: "HoleContinuityEquation"	RelError: 3.47120e-08	AbsError: 5.06670e+02
      Equation: "PotentialEquation"	RelError: 1.85883e-15	AbsError: 1.88096e-16
Anode	0.2	2.0890379859e-13	2.09894996371e-12	2.3078537623e-12
Cathode	0.0	-2.08566598152e-12	-1.97401863873e-13	-2.2830678454e-12
Region "Silicon" on device "pn2d" has equations 0:1619
Device "pn2d" has equations 0:1619
number of equations 1620
Iteration: 0
  Device: "pn2d"	RelError: 1.33187e+00	AbsError: 1.35201e+16
    Region: "Silicon"	RelError: 1.33187e+00	AbsError: 1.35201e+16
      Equation: "ElectronContinuityEquation"	RelError: 4.91266e-01	AbsError: 6.38595e+15
      Equation: "HoleContinuityEquation"	RelError: 4.91260e-01	AbsError: 7.13411e+15
      Equation: "PotentialEquation"	RelError: 3.49348e-01	AbsError: 2.50000e-02
Iteration: 1
  Device: "pn2d"	RelError: 5.06068e-01	AbsError: 4.64630e+14
    Region: "Silicon"	RelError: 5.06068e-01	AbsError: 4.64630e+14
      Equation: "ElectronContinuityEquation"	RelError: 2.52195e-01	AbsError: 2.06967e+14
      Equation: "HoleContinuityEquation"	RelError: 2.51819e-01	AbsError: 2.57663e+14
      Equation: "PotentialEquation"	RelError: 2.05383e-03	AbsError: 2.77123e-04
Iteration: 2
  Device: "pn2d"	RelError: 1.81412e-03	AbsError: 4.35879e+11
    Region: "Silicon"	RelError: 1.81412e-03	AbsError: 4.35879e+11
      Equation: "ElectronContinuityEquation"	RelError: 1.01838e-03	AbsError: 2.16909e+11
      Equation: "HoleContinuityEquation"	RelError: 7.93963e-04	AbsError: 2.18970e+11
      Equation: "PotentialEquation"	RelError: 1.78324e-06	AbsError: 2.46792e-07
Iteration: 3
  Device: "pn2d"	RelError: 1.41111e-06	AbsError: 7.14098e+06
    Region: "Silicon"	RelError: 1.41111e-06	AbsError: 7.14098e+06
      Equation: "ElectronContinuityEquation"	RelError: 9.30318e-07	AbsError: 2.93414e+06
      Equation: "HoleContinuityEquation"	RelError: 4.80725e-07	AbsError: 4.20684e+06
      Equation: "PotentialEquation"	RelError: 6.52380e-11	AbsError: 2.31203e-12
Iteration: 4
  Device: "pn2d"	RelError: 8.70804e-06	AbsError: 5.26357e+02
    Region: "Silicon"	RelError: 8.70804e-06	AbsError: 5.26357e+02
      Equation: "ElectronContinuityEquation"	RelError: 8.34680e-06	AbsError: 7.61983e+01
      Equation: "HoleContinuityEquation"	RelError: 3.61238e-07	AbsError: 4.50158e+02
      Equation: "PotentialEquation"	RelError: 1.33321e-15	AbsError: 1.42441e-16
Anode	0.225	5.48833678849e-13	3.59089586708e-12	4.13972954593e-12
Cathode	0.0	-3.6338784394e-12	-5.18585938421e-13	-4.15246437782e-12
Region "Silicon" on device "pn2d" has equations 0:1619
Device "pn2d" has equations 0:1619
number of equations 1620
Iteration: 0
  Device: "pn2d"	RelError: 1.24124e+00	AbsError: 1.34314e+16
    Region: "Silicon"	RelError: 1.24124e+00	AbsError: 1.34314e+16
      Equation: "ElectronContinuityEquation"	RelError: 4.91268e-01	AbsError: 6.37988e+15
      Equation: "HoleContinuityEquation"	RelError: 4.91262e-01	AbsError: 7.05154e+15
      Equation: "PotentialEquation"	RelError: 2.58712e-01	AbsError: 2.50000e-02
Iteration: 1
  Device: "pn2d"	RelError: 5.06636e-01	AbsError: 4.82599e+14
    Region: "Silicon"	RelError: 5.06636e-01	AbsError: 4.82599e+14
      Equation: "ElectronContinuityEquation"	RelError: 2.52202e-01	AbsError: 2.26508e+14
      Equation: "HoleContinuityEquation"	RelError: 2.51846e-01	AbsError: 2.56091e+14
      Equation: "PotentialEquation"	RelError: 2.58794e-03	AbsError: 2.81191e-04
Iteration: 2
  Device: "pn2d"	RelError: 1.99298e-03	AbsError: 4.68152e+11
    Region: "Silicon"	RelError: 1.99298e-03	AbsError: 4.68152e+11
      Equation: "ElectronContinuityEquation"	RelError: 1.12793e-03	AbsError: 2.43971e+11
      Equation: "HoleContinuityEquation"	RelError: 8.62800e-04	AbsError: 2.24182e+11
      Equation: "PotentialEquation"	RelError: 2.24879e-06	AbsError: 2.33554e-07
Iteration: 3
  Device: "pn2d"	RelError: 2.39832e-06	AbsError: 1.04340e+08
    Region: "Silicon"	RelError: 2.39832e-06	AbsError: 1.04340e+08
      Equation: "ElectronContinuityEquation"	RelError: 1.04307e-06	AbsError: 1.34269e+07
      Equation: "HoleContinuityEquation"	RelError: 1.35472e-06	AbsError: 9.09128e+07
      Equation: "PotentialEquation"	RelError: 5.32617e-10	AbsError: 6.28320e-11
Iteration: 4
  Device: "pn2d"	RelError: 5.29081e-07	AbsError: 2.49658e+03
    Region: "Silicon"	RelError: 5.29081e-07	AbsError: 2.49658e+03
      Equation: "ElectronContinuityEquation"	RelError: 8.23846e-08	AbsError: 8.70113e+02
      Equation: "HoleContinuityEquation"	RelError: 4.46697e-07	AbsError: 1.62647e+03
      Equation: "PotentialEquation"	RelError: 7.65923e-14	AbsError: 6.90265e-15
Iteration: 5
  Device: "pn2d"	RelError: 4.59714e-07	AbsError: 5.83573e+02
    Region: "Silicon"	RelError: 4.59714e-07	AbsError: 5.83573e+02
      Equation: "ElectronContinuityEquation"	RelError: 1.27505e-08	AbsError: 7.24239e+01
      Equation: "HoleContinuityEquation"	RelError: 4.46964e-07	AbsError: 5.11149e+02
      Equation: "PotentialEquation"	RelError: 4.05916e-15	AbsError: 1.94034e-16
Anode	0.25	1.4416520453e-12	6.42357061304e-12	7.86522265834e-12
Cathode	0.0	-6.4693768848e-12	-1.36211663266e-12	-7.83149351746e-12
Region "Silicon" on device "pn2d" has equations 0:1619
Device "pn2d" has equations 0:1619
number of equations 1620
Iteration: 0
  Device: "pn2d"	RelError: 1.18791e+00	AbsError: 1.33169e+16
    Region: "Silicon"	RelError: 1.18791e+00	AbsError: 1.33169e+16
      Equation: "ElectronContinuityEquation"	RelError: 4.91268e-01	AbsError: 6.35941e+15
      Equation: "HoleContinuityEquation"	RelError: 4.91262e-01	AbsError: 6.95747e+15
      Equation: "PotentialEquation"	RelError: 2.05382e-01	AbsError: 2.50000e-02
Iteration: 1
  Device: "pn2d"	RelError: 5.07250e-01	AbsError: 5.16979e+14
    Region: "Silicon"	RelError: 5.07250e-01	AbsError: 5.16979e+14
      Equation: "ElectronContinuityEquation"	RelError: 2.52180e-01	AbsError: 2.35920e+14
      Equation: "HoleContinuityEquation"	RelError: 2.51868e-01	AbsError: 2.81059e+14
      Equation: "PotentialEquation"	RelError: 3.20182e-03	AbsError: 2.89297e-04
Iteration: 2
  Device: "pn2d"	RelError: 2.08878e-03	AbsError: 4.32549e+11
    Region: "Silicon"	RelError: 2.08878e-03	AbsError: 4.32549e+11
      Equation: "ElectronContinuityEquation"	RelError: 1.18505e-03	AbsError: 2.01714e+11
      Equation: "HoleContinuityEquation"	RelError: 9.01141e-04	AbsError: 2.30835e+11
      Equation: "PotentialEquation"	RelError: 2.58486e-06	AbsError: 2.58487e-07
Iteration: 3
  Device: "pn2d"	RelError: 3.40462e-06	AbsError: 4.61733e+07
    Region: "Silicon"	RelError: 3.40462e-06	AbsError: 4.61733e+07
      Equation: "ElectronContinuityEquation"	RelError: 1.32839e-06	AbsError: 7.52578e+06
      Equation: "HoleContinuityEquation"	RelError: 2.07612e-06	AbsError: 3.86476e+07
      Equation: "PotentialEquation"	RelError: 1.12271e-10	AbsError: 2.47697e-11
Iteration: 4
  Device: "pn2d"	RelError: 3.27206e-07	AbsError: 8.58317e+02
    Region: "Silicon"	RelError: 3.27206e-07	AbsError: 8.58317e+02
      Equation: "ElectronContinuityEquation"	RelError: 9.99613e-08	AbsError: 3.48036e+02
      Equation: "HoleContinuityEquation"	RelError: 2.27245e-07	AbsError: 5.10282e+02
      Equation: "PotentialEquation"	RelError: 1.16049e-14	AbsError: 1.20384e-15
Anode	0.275	3.7866154947e-12	1.17536490459e-11	1.55402645406e-11
Cathode	0.0	-1.19734882419e-11	-3.57748095275e-12	-1.55509691946e-11
Region "Silicon" on device "pn2d" has equations 0:1619
Device "pn2d" has equations 0:1619
number of equations 1620
Iteration: 0
  Device: "pn2d"	RelError: 1.24811e+00	AbsError: 1.31870e+16
    Region: "Silicon"	RelError: 1.24811e+00	AbsError: 1.31870e+16
      Equation: "ElectronContinuityEquation"	RelError: 4.91268e-01	AbsError: 6.32893e+15
      Equation: "HoleContinuityEquation"	RelError: 4.91262e-01	AbsError: 6.85804e+15
      Equation: "PotentialEquation"	RelError: 2.65584e-01	AbsError: 2.50000e-02
Iteration: 1
  Device: "pn2d"	RelError: 5.07987e-01	AbsError: 5.33362e+14
    Region: "Silicon"	RelError: 5.07987e-01	AbsError: 5.33362e+14
      Equation: "ElectronContinuityEquation"	RelError: 2.52128e-01	AbsError: 2.34958e+14
      Equation: "HoleContinuityEquation"	RelError: 2.51882e-01	AbsError: 2.98405e+14
      Equation: "PotentialEquation"	RelError: 3.97747e-03	AbsError: 2.84311e-04
Iteration: 2
  Device: "pn2d"	RelError: 2.09429e-03	AbsError: 4.27774e+11
    Region: "Silicon"	RelError: 2.09429e-03	AbsError: 4.27774e+11
      Equation: "ElectronContinuityEquation"	RelError: 1.18468e-03	AbsError: 2.07014e+11
      Equation: "HoleContinuityEquation"	RelError: 9.06896e-04	AbsError: 2.20760e+11
      Equation: "PotentialEquation"	RelError: 2.71343e-06	AbsError: 2.07855e-07
Iteration: 3
  Device: "pn2d"	RelError: 7.64398e-07	AbsError: 5.93256e+07
    Region: "Silicon"	RelError: 7.64398e-07	AbsError: 5.93256e+07
      Equation: "ElectronContinuityEquation"	RelError: 6.42746e-07	AbsError: 2.17260e+07
      Equation: "HoleContinuityEquation"	RelError: 1.20189e-07	AbsError: 3.75996e+07
      Equation: "PotentialEquation"	RelError: 1.46264e-09	AbsError: 1.69398e-10
Iteration: 4
  Device: "pn2d"	RelError: 5.52868e-07	AbsError: 6.74270e+02
    Region: "Silicon"	RelError: 5.52868e-07	AbsError: 6.74270e+02
      Equation: "ElectronContinuityEquation"	RelError: 5.49534e-07	AbsError: 1.67555e+02
      Equation: "HoleContinuityEquation"	RelError: 3.33416e-09	AbsError: 5.06715e+02
      Equation: "PotentialEquation"	RelError: 1.31560e-14	AbsError: 1.52369e-15
Anode	0.3	9.94558128393e-12	2.2712090774e-11	3.26576720579e-11
Cathode	0.0	-2.32575495975e-11	-9.39565338433e-12	-3.26532029818e-11
Region "Silicon" on device "pn2d" has equations 0:1619
Device "pn2d" has equations 0:1619
number of equations 1620
Iteration: 0
  Device: "pn2d"	RelError: 1.36066e+00	AbsError: 1.30519e+16
    Region: "Silicon"	RelError: 1.36066e+00	AbsError: 1.30519e+16
      Equation: "ElectronContinuityEquation"	RelError: 4.91268e-01	AbsError: 6.29289e+15
      Equation: "HoleContinuityEquation"	RelError: 4.91261e-01	AbsError: 6.75904e+15
      Equation: "PotentialEquation"	RelError: 3.78130e-01	AbsError: 2.50000e-02
Iteration: 1
  Device: "pn2d"	RelError: 5.09229e-01	AbsError: 5.79898e+14
    Region: "Silicon"	RelError: 5.09229e-01	AbsError: 5.79898e+14
      Equation: "ElectronContinuityEquation"	RelError: 2.52089e-01	AbsError: 2.73136e+14
      Equation: "HoleContinuityEquation"	RelError: 2.51887e-01	AbsError: 3.06762e+14
      Equation: "PotentialEquation"	RelError: 5.25218e-03	AbsError: 2.68937e-04
Iteration: 2
  Device: "pn2d"	RelError: 2.01886e-03	AbsError: 5.14005e+11
    Region: "Silicon"	RelError: 2.01886e-03	AbsError: 5.14005e+11
      Equation: "ElectronContinuityEquation"	RelError: 1.13375e-03	AbsError: 3.11318e+11
      Equation: "HoleContinuityEquation"	RelError: 8.82391e-04	AbsError: 2.02687e+11
      Equation: "PotentialEquation"	RelError: 2.72486e-06	AbsError: 3.05580e-07
Iteration: 3
  Device: "pn2d"	RelError: 5.48268e-07	AbsError: 2.02677e+07
    Region: "Silicon"	RelError: 5.48268e-07	AbsError: 2.02677e+07
      Equation: "ElectronContinuityEquation"	RelError: 3.26545e-07	AbsError: 1.08119e+07
      Equation: "HoleContinuityEquation"	RelError: 2.21592e-07	AbsError: 9.45576e+06
      Equation: "PotentialEquation"	RelError: 1.30955e-10	AbsError: 3.98583e-11
Iteration: 4
  Device: "pn2d"	RelError: 9.03316e-08	AbsError: 1.19708e+03
    Region: "Silicon"	RelError: 9.03316e-08	AbsError: 1.19708e+03
      Equation: "ElectronContinuityEquation"	RelError: 5.99301e-08	AbsError: 6.88282e+02
      Equation: "HoleContinuityEquation"	RelError: 3.04015e-08	AbsError: 5.08801e+02
      Equation: "PotentialEquation"	RelError: 1.02424e-14	AbsError: 1.30964e-15
Iteration: 5
  Device: "pn2d"	RelError: 3.15587e-08	AbsError: 5.89535e+02
    Region: "Silicon"	RelError: 3.15587e-08	AbsError: 5.89535e+02
      Equation: "ElectronContinuityEquation"	RelError: 1.02047e-08	AbsError: 8.06248e+01
      Equation: "HoleContinuityEquation"	RelError: 2.13540e-08	AbsError: 5.08910e+02
      Equation: "PotentialEquation"	RelError: 2.11368e-15	AbsError: 2.24602e-16
Anode	0.325	2.61218402718e-11	4.63080120637e-11	7.24298523355e-11
Cathode	0.0	-4.77376054409e-11	-2.46757139608e-11	-7.24133194018e-11
Region "Silicon" on device "pn2d" has equations 0:1619
Device "pn2d" has equations 0:1619
number of equations 1620
Iteration: 0
  Device: "pn2d"	RelError: 1.62331e+00	AbsError: 1.29201e+16
    Region: "Silicon"	RelError: 1.62331e+00	AbsError: 1.29201e+16
      Equation: "ElectronContinuityEquation"	RelError: 4.91268e-01	AbsError: 6.25506e+15
      Equation: "HoleContinuityEquation"	RelError: 4.91260e-01	AbsError: 6.66502e+15
      Equation: "PotentialEquation"	RelError: 6.40777e-01	AbsError: 2.50000e-02
Iteration: 1
  Device: "pn2d"	RelError: 5.12234e-01	AbsError: 6.24673e+14
    Region: "Silicon"	RelError: 5.12234e-01	AbsError: 6.24673e+14
      Equation: "ElectronContinuityEquation"	RelError: 2.52035e-01	AbsError: 3.17802e+14
      Equation: "HoleContinuityEquation"	RelError: 2.51971e-01	AbsError: 3.06871e+14
      Equation: "PotentialEquation"	RelError: 8.22764e-03	AbsError: 2.80316e-04
Iteration: 2
  Device: "pn2d"	RelError: 1.99261e-03	AbsError: 5.64451e+11
    Region: "Silicon"	RelError: 1.99261e-03	AbsError: 5.64451e+11
      Equation: "ElectronContinuityEquation"	RelError: 1.04225e-03	AbsError: 3.83705e+11
      Equation: "HoleContinuityEquation"	RelError: 9.47431e-04	AbsError: 1.80746e+11
      Equation: "PotentialEquation"	RelError: 2.93253e-06	AbsError: 3.98505e-07
Iteration: 3
  Device: "pn2d"	RelError: 6.86914e-08	AbsError: 1.28946e+08
    Region: "Silicon"	RelError: 6.86914e-08	AbsError: 1.28946e+08
      Equation: "ElectronContinuityEquation"	RelError: 2.35646e-08	AbsError: 6.19235e+07
      Equation: "HoleContinuityEquation"	RelError: 4.22501e-08	AbsError: 6.70227e+07
      Equation: "PotentialEquation"	RelError: 2.87668e-09	AbsError: 2.79559e-10
Iteration: 4
  Device: "pn2d"	RelError: 1.62112e-08	AbsError: 5.69695e+03
    Region: "Silicon"	RelError: 1.62112e-08	AbsError: 5.69695e+03
      Equation: "ElectronContinuityEquation"	RelError: 3.95478e-09	AbsError: 2.49122e+03
      Equation: "HoleContinuityEquation"	RelError: 1.22563e-08	AbsError: 3.20573e+03
      Equation: "PotentialEquation"	RelError: 1.38210e-13	AbsError: 1.34314e-14
Iteration: 5
  Device: "pn2d"	RelError: 9.34284e-08	AbsError: 5.70572e+02
    Region: "Silicon"	RelError: 9.34284e-08	AbsError: 5.70572e+02
      Equation: "ElectronContinuityEquation"	RelError: 9.21736e-08	AbsError: 6.39042e+01
      Equation: "HoleContinuityEquation"	RelError: 1.25481e-09	AbsError: 5.06668e+02
      Equation: "PotentialEquation"	RelError: 1.66959e-15	AbsError: 1.14095e-16
Anode	0.35	6.8607936488e-11	9.99526246589e-11	1.68560561147e-10
Cathode	0.0	-1.03756327297e-10	-6.48049242765e-11	-1.68561251573e-10
Region "Silicon" on device "pn2d" has equations 0:1619
Device "pn2d" has equations 0:1619
number of equations 1620
Iteration: 0
  Device: "pn2d"	RelError: 2.94384e+00	AbsError: 1.27972e+16
    Region: "Silicon"	RelError: 2.94384e+00	AbsError: 1.27972e+16
      Equation: "ElectronContinuityEquation"	RelError: 4.91268e-01	AbsError: 6.21823e+15
      Equation: "HoleContinuityEquation"	RelError: 4.91259e-01	AbsError: 6.57893e+15
      Equation: "PotentialEquation"	RelError: 1.96132e+00	AbsError: 2.50000e-02
Iteration: 1
  Device: "pn2d"	RelError: 5.29950e-01	AbsError: 1.56513e+15
    Region: "Silicon"	RelError: 5.29950e-01	AbsError: 1.56513e+15
      Equation: "ElectronContinuityEquation"	RelError: 2.52346e-01	AbsError: 4.82232e+14
      Equation: "HoleContinuityEquation"	RelError: 2.54413e-01	AbsError: 1.08290e+15
      Equation: "PotentialEquation"	RelError: 2.31902e-02	AbsError: 2.09297e-03
Iteration: 2
  Device: "pn2d"	RelError: 1.21326e-02	AbsError: 6.93161e+11
    Region: "Silicon"	RelError: 1.21326e-02	AbsError: 6.93161e+11
      Equation: "ElectronContinuityEquation"	RelError: 7.30936e-03	AbsError: 3.89172e+11
      Equation: "HoleContinuityEquation"	RelError: 4.81768e-03	AbsError: 3.03989e+11
      Equation: "PotentialEquation"	RelError: 5.51949e-06	AbsError: 4.14223e-07
Iteration: 3
  Device: "pn2d"	RelError: 6.44431e-08	AbsError: 1.03478e+08
    Region: "Silicon"	RelError: 6.44431e-08	AbsError: 1.03478e+08
      Equation: "ElectronContinuityEquation"	RelError: 1.84272e-08	AbsError: 5.04139e+07
      Equation: "HoleContinuityEquation"	RelError: 4.58679e-08	AbsError: 5.30644e+07
      Equation: "PotentialEquation"	RelError: 1.48072e-10	AbsError: 2.13437e-11
Iteration: 4
  Device: "pn2d"	RelError: 3.85393e-08	AbsError: 4.55823e+03
    Region: "Silicon"	RelError: 3.85393e-08	AbsError: 4.55823e+03
      Equation: "ElectronContinuityEquation"	RelError: 1.92004e-09	AbsError: 2.66359e+03
      Equation: "HoleContinuityEquation"	RelError: 3.66192e-08	AbsError: 1.89464e+03
      Equation: "PotentialEquation"	RelError: 7.12752e-14	AbsError: 7.80933e-15
Iteration: 5
  Device: "pn2d"	RelError: 5.00336e-08	AbsError: 6.59121e+02
    Region: "Silicon"	RelError: 5.00336e-08	AbsError: 6.59121e+02
      Equation: "ElectronContinuityEquation"	RelError: 3.74318e-08	AbsError: 1.48731e+02
      Equation: "HoleContinuityEquation"	RelError: 1.26017e-08	AbsError: 5.10389e+02
      Equation: "PotentialEquation"	RelError: 5.49092e-15	AbsError: 6.01617e-16
Anode	0.375	1.8019497278e-10	2.27330707253e-10	4.07525680033e-10
Cathode	0.0	-2.37324083332e-10	-1.70193411337e-10	-4.0751749467e-10
Region "Silicon" on device "pn2d" has equations 0:1619
Device "pn2d" has equations 0:1619
number of equations 1620
Iteration: 0
  Device: "pn2d"	RelError: 4.72862e+01	AbsError: 1.25125e+16
    Region: "Silicon"	RelError: 4.72862e+01	AbsError: 1.25125e+16
      Equation: "ElectronContinuityEquation"	RelError: 4.91267e-01	AbsError: 5.81754e+15
      Equation: "HoleContinuityEquation"	RelError: 4.91306e-01	AbsError: 6.69497e+15
      Equation: "PotentialEquation"	RelError: 4.63036e+01	AbsError: 2.50000e-02
Iteration: 1
  Device: "pn2d"	RelError: 8.60094e-01	AbsError: 1.07128e+15
    Region: "Silicon"	RelError: 8.60094e-01	AbsError: 1.07128e+15
      Equation: "ElectronContinuityEquation"	RelError: 2.52970e-01	AbsError: 7.85336e+14
      Equation: "HoleContinuityEquation"	RelError: 2.52415e-01	AbsError: 2.85943e+14
      Equation: "PotentialEquation"	RelError: 3.54709e-01	AbsError: 1.17499e-03
Iteration: 2
  Device: "pn2d"	RelError: 6.80803e-03	AbsError: 6.37544e+11
    Region: "Silicon"	RelError: 6.80803e-03	AbsError: 6.37544e+11
      Equation: "ElectronContinuityEquation"	RelError: 3.28684e-03	AbsError: 3.67937e+11
      Equation: "HoleContinuityEquation"	RelError: 3.02303e-03	AbsError: 2.69607e+11
      Equation: "PotentialEquation"	RelError: 4.98160e-04	AbsError: 4.45492e-07
Iteration: 3
  Device: "pn2d"	RelError: 3.19476e-08	AbsError: 5.67019e+08
    Region: "Silicon"	RelError: 3.19476e-08	AbsError: 5.67019e+08
      Equation: "ElectronContinuityEquation"	RelError: 8.98542e-09	AbsError: 1.58657e+08
      Equation: "HoleContinuityEquation"	RelError: 1.07452e-08	AbsError: 4.08361e+08
      Equation: "PotentialEquation"	RelError: 1.22169e-08	AbsError: 5.23871e-11
Iteration: 4
  Device: "pn2d"	RelError: 1.24345e-09	AbsError: 2.65645e+04
    Region: "Silicon"	RelError: 1.24345e-09	AbsError: 2.65645e+04
      Equation: "ElectronContinuityEquation"	RelError: 1.10319e-09	AbsError: 6.89481e+03
      Equation: "HoleContinuityEquation"	RelError: 1.39985e-10	AbsError: 1.96697e+04
      Equation: "PotentialEquation"	RelError: 2.76243e-13	AbsError: 1.53009e-15
Iteration: 5
  Device: "pn2d"	RelError: 2.66731e-09	AbsError: 5.57630e+02
    Region: "Silicon"	RelError: 2.66731e-09	AbsError: 5.57630e+02
      Equation: "ElectronContinuityEquation"	RelError: 2.54969e-09	AbsError: 6.38786e+01
      Equation: "HoleContinuityEquation"	RelError: 1.17557e-10	AbsError: 4.93751e+02
      Equation: "PotentialEquation"	RelError: 6.97165e-14	AbsError: 2.17784e-16
Anode	0.4	4.73269822197e-10	5.39891920446e-10	1.01316174264e-09
Cathode	0.0	-5.66182775038e-10	-4.46965797929e-10	-1.01314857297e-09
Region "Silicon" on device "pn2d" has equations 0:1619
Device "pn2d" has equations 0:1619
number of equations 1620
Iteration: 0
  Device: "pn2d"	RelError: 1.07233e+01	AbsError: 1.33903e+16
    Region: "Silicon"	RelError: 1.07233e+01	AbsError: 1.33903e+16
      Equation: "ElectronContinuityEquation"	RelError: 4.91287e-01	AbsError: 6.41734e+15
      Equation: "HoleContinuityEquation"	RelError: 4.91292e-01	AbsError: 6.97297e+15
      Equation: "PotentialEquation"	RelError: 9.74068e+00	AbsError: 2.50032e-02
Iteration: 1
  Device: "pn2d"	RelError: 5.13102e-01	AbsError: 1.36229e+15
    Region: "Silicon"	RelError: 5.13102e-01	AbsError: 1.36229e+15
      Equation: "ElectronContinuityEquation"	RelError: 2.52202e-01	AbsError: 1.03058e+15
      Equation: "HoleContinuityEquation"	RelError: 2.53007e-01	AbsError: 3.31708e+14
      Equation: "PotentialEquation"	RelError: 7.89354e-03	AbsError: 1.06233e-03
Iteration: 2
  Device: "pn2d"	RelError: 5.97083e-03	AbsError: 1.46703e+12
    Region: "Silicon"	RelError: 5.97083e-03	AbsError: 1.46703e+12
      Equation: "ElectronContinuityEquation"	RelError: 3.26371e-03	AbsError: 4.80179e+11
      Equation: "HoleContinuityEquation"	RelError: 2.69880e-03	AbsError: 9.86847e+11
      Equation: "PotentialEquation"	RelError: 8.32042e-06	AbsError: 1.11979e-06
Iteration: 3
  Device: "pn2d"	RelError: 4.37065e-08	AbsError: 8.75371e+07
    Region: "Silicon"	RelError: 4.37065e-08	AbsError: 8.75371e+07
      Equation: "ElectronContinuityEquation"	RelError: 1.29244e-08	AbsError: 1.28883e+07
      Equation: "HoleContinuityEquation"	RelError: 3.05506e-08	AbsError: 7.46488e+07
      Equation: "PotentialEquation"	RelError: 2.31449e-10	AbsError: 8.33217e-12
Iteration: 4
  Device: "pn2d"	RelError: 7.76628e-09	AbsError: 1.96326e+04
    Region: "Silicon"	RelError: 7.76628e-09	AbsError: 1.96326e+04
      Equation: "ElectronContinuityEquation"	RelError: 6.16025e-09	AbsError: 4.61521e+03
      Equation: "HoleContinuityEquation"	RelError: 1.60602e-09	AbsError: 1.50174e+04
      Equation: "PotentialEquation"	RelError: 7.79108e-15	AbsError: 7.46309e-16
Iteration: 5
  Device: "pn2d"	RelError: 1.24823e-08	AbsError: 5.24091e+02
    Region: "Silicon"	RelError: 1.24823e-08	AbsError: 5.24091e+02
      Equation: "ElectronContinuityEquation"	RelError: 6.33054e-09	AbsError: 6.65235e+01
      Equation: "HoleContinuityEquation"	RelError: 6.15175e-09	AbsError: 4.57567e+02
      Equation: "PotentialEquation"	RelError: 7.18945e-15	AbsError: 1.50076e-16
Anode	0.425	1.24300424158e-09	1.32513216447e-09	2.56813640605e-09
Cathode	0.0	-1.3943044308e-09	-1.17382349083e-09	-2.56812792163e-09
Region "Silicon" on device "pn2d" has equations 0:1619
Device "pn2d" has equations 0:1619
number of equations 1620
Iteration: 0
  Device: "pn2d"	RelError: 3.63513e+01	AbsError: 1.35780e+16
    Region: "Silicon"	RelError: 3.63513e+01	AbsError: 1.35780e+16
      Equation: "ElectronContinuityEquation"	RelError: 4.91292e-01	AbsError: 6.31163e+15
      Equation: "HoleContinuityEquation"	RelError: 4.91609e-01	AbsError: 7.26637e+15
      Equation: "PotentialEquation"	RelError: 3.53684e+01	AbsError: 2.50029e-02
Iteration: 1
  Device: "pn2d"	RelError: 5.28026e-01	AbsError: 1.74926e+15
    Region: "Silicon"	RelError: 5.28026e-01	AbsError: 1.74926e+15
      Equation: "ElectronContinuityEquation"	RelError: 2.52229e-01	AbsError: 1.06067e+15
      Equation: "HoleContinuityEquation"	RelError: 2.52536e-01	AbsError: 6.88584e+14
      Equation: "PotentialEquation"	RelError: 2.32609e-02	AbsError: 8.18040e-04
Iteration: 2
  Device: "pn2d"	RelError: 4.57590e-03	AbsError: 6.49776e+11
    Region: "Silicon"	RelError: 4.57590e-03	AbsError: 6.49776e+11
      Equation: "ElectronContinuityEquation"	RelError: 2.46220e-03	AbsError: 4.80611e+11
      Equation: "HoleContinuityEquation"	RelError: 2.09798e-03	AbsError: 1.69165e+11
      Equation: "PotentialEquation"	RelError: 1.57228e-05	AbsError: 4.95703e-07
Iteration: 3
  Device: "pn2d"	RelError: 7.04797e-09	AbsError: 8.68502e+08
    Region: "Silicon"	RelError: 7.04797e-09	AbsError: 8.68502e+08
      Equation: "ElectronContinuityEquation"	RelError: 1.20054e-09	AbsError: 3.43538e+08
      Equation: "HoleContinuityEquation"	RelError: 2.76838e-09	AbsError: 5.24964e+08
      Equation: "PotentialEquation"	RelError: 3.07904e-09	AbsError: 3.06516e-11
Iteration: 4
  Device: "pn2d"	RelError: 3.04267e-09	AbsError: 3.43483e+04
    Region: "Silicon"	RelError: 3.04267e-09	AbsError: 3.43483e+04
      Equation: "ElectronContinuityEquation"	RelError: 2.62497e-09	AbsError: 1.58672e+04
      Equation: "HoleContinuityEquation"	RelError: 4.17585e-10	AbsError: 1.84812e+04
      Equation: "PotentialEquation"	RelError: 1.08237e-13	AbsError: 1.80815e-15
Iteration: 5
  Device: "pn2d"	RelError: 2.99791e-09	AbsError: 5.94078e+02
    Region: "Silicon"	RelError: 2.99791e-09	AbsError: 5.94078e+02
      Equation: "ElectronContinuityEquation"	RelError: 2.58747e-09	AbsError: 1.00640e+02
      Equation: "HoleContinuityEquation"	RelError: 4.10422e-10	AbsError: 4.93438e+02
      Equation: "PotentialEquation"	RelError: 1.86009e-14	AbsError: 3.74806e-16
Anode	0.45	3.26462834472e-09	3.32952760351e-09	6.59415594823e-09
Cathode	0.0	-3.51146517797e-09	-3.08267909057e-09	-6.59414426854e-09
Region "Silicon" on device "pn2d" has equations 0:1619
Device "pn2d" has equations 0:1619
number of equations 1620
Iteration: 0
  Device: "pn2d"	RelError: 1.36931e+01	AbsError: 1.34609e+16
    Region: "Silicon"	RelError: 1.36931e+01	AbsError: 1.34609e+16
      Equation: "ElectronContinuityEquation"	RelError: 4.91331e-01	AbsError: 5.86482e+15
      Equation: "HoleContinuityEquation"	RelError: 4.91407e-01	AbsError: 7.59611e+15
      Equation: "PotentialEquation"	RelError: 1.27103e+01	AbsError: 2.50063e-02
Iteration: 1
  Device: "pn2d"	RelError: 5.17730e-01	AbsError: 1.62276e+15
    Region: "Silicon"	RelError: 5.17730e-01	AbsError: 1.62276e+15
      Equation: "ElectronContinuityEquation"	RelError: 2.54044e-01	AbsError: 7.08498e+14
      Equation: "HoleContinuityEquation"	RelError: 2.52877e-01	AbsError: 9.14258e+14
      Equation: "PotentialEquation"	RelError: 1.08094e-02	AbsError: 2.51134e-03
Iteration: 2
  Device: "pn2d"	RelError: 1.42825e-02	AbsError: 1.19127e+12
    Region: "Silicon"	RelError: 1.42825e-02	AbsError: 1.19127e+12
      Equation: "ElectronContinuityEquation"	RelError: 5.92098e-03	AbsError: 7.01734e+11
      Equation: "HoleContinuityEquation"	RelError: 8.35943e-03	AbsError: 4.89535e+11
      Equation: "PotentialEquation"	RelError: 2.05322e-06	AbsError: 8.18003e-07
Iteration: 3
  Device: "pn2d"	RelError: 6.00160e-08	AbsError: 1.40537e+09
    Region: "Silicon"	RelError: 6.00160e-08	AbsError: 1.40537e+09
      Equation: "ElectronContinuityEquation"	RelError: 2.38121e-08	AbsError: 7.78595e+08
      Equation: "HoleContinuityEquation"	RelError: 3.47070e-08	AbsError: 6.26775e+08
      Equation: "PotentialEquation"	RelError: 1.49683e-09	AbsError: 3.17811e-11
Iteration: 4
  Device: "pn2d"	RelError: 1.21942e-09	AbsError: 1.65996e+04
    Region: "Silicon"	RelError: 1.21942e-09	AbsError: 1.65996e+04
      Equation: "ElectronContinuityEquation"	RelError: 1.08823e-10	AbsError: 2.24781e+03
      Equation: "HoleContinuityEquation"	RelError: 1.11050e-09	AbsError: 1.43518e+04
      Equation: "PotentialEquation"	RelError: 9.41552e-14	AbsError: 2.84602e-15
Iteration: 5
  Device: "pn2d"	RelError: 1.17597e-09	AbsError: 5.75071e+02
    Region: "Silicon"	RelError: 1.17597e-09	AbsError: 5.75071e+02
      Equation: "ElectronContinuityEquation"	RelError: 8.03255e-11	AbsError: 6.37522e+01
      Equation: "HoleContinuityEquation"	RelError: 1.09564e-09	AbsError: 5.11319e+02
      Equation: "PotentialEquation"	RelError: 2.85921e-15	AbsError: 1.08115e-16
Anode	0.475	8.57416437437e-09	8.49954516683e-09	1.70737095412e-08
Cathode	0.0	-8.97807005397e-09	-8.09563374835e-09	-1.70737038023e-08
Region "Silicon" on device "pn2d" has equations 0:1619
Device "pn2d" has equations 0:1619
number of equations 1620
Iteration: 0
  Device: "pn2d"	RelError: 5.07047e+01	AbsError: 1.41038e+16
    Region: "Silicon"	RelError: 5.07047e+01	AbsError: 1.41038e+16
      Equation: "ElectronContinuityEquation"	RelError: 4.91315e-01	AbsError: 6.17007e+15
      Equation: "HoleContinuityEquation"	RelError: 4.91324e-01	AbsError: 7.93375e+15
      Equation: "PotentialEquation"	RelError: 4.97221e+01	AbsError: 2.50067e-02
Iteration: 1
  Device: "pn2d"	RelError: 5.07497e-01	AbsError: 1.94181e+15
    Region: "Silicon"	RelError: 5.07497e-01	AbsError: 1.94181e+15
      Equation: "ElectronContinuityEquation"	RelError: 2.52032e-01	AbsError: 1.03174e+15
      Equation: "HoleContinuityEquation"	RelError: 2.52353e-01	AbsError: 9.10067e+14
      Equation: "PotentialEquation"	RelError: 3.11140e-03	AbsError: 4.64293e-04
Iteration: 2
  Device: "pn2d"	RelError: 2.62702e-03	AbsError: 8.56829e+11
    Region: "Silicon"	RelError: 2.62702e-03	AbsError: 8.56829e+11
      Equation: "ElectronContinuityEquation"	RelError: 1.16376e-03	AbsError: 4.34410e+11
      Equation: "HoleContinuityEquation"	RelError: 1.46064e-03	AbsError: 4.22419e+11
      Equation: "PotentialEquation"	RelError: 2.61762e-06	AbsError: 4.55218e-07
Iteration: 3
  Device: "pn2d"	RelError: 5.11785e-09	AbsError: 1.89157e+08
    Region: "Silicon"	RelError: 5.11785e-09	AbsError: 1.89157e+08
      Equation: "ElectronContinuityEquation"	RelError: 9.60979e-10	AbsError: 4.11340e+07
      Equation: "HoleContinuityEquation"	RelError: 2.57855e-09	AbsError: 1.48023e+08
      Equation: "PotentialEquation"	RelError: 1.57832e-09	AbsError: 7.43323e-12
Iteration: 4
  Device: "pn2d"	RelError: 1.23279e-09	AbsError: 1.51393e+04
    Region: "Silicon"	RelError: 1.23279e-09	AbsError: 1.51393e+04
      Equation: "ElectronContinuityEquation"	RelError: 8.20111e-10	AbsError: 9.11168e+03
      Equation: "HoleContinuityEquation"	RelError: 4.12673e-10	AbsError: 6.02758e+03
      Equation: "PotentialEquation"	RelError: 7.03506e-15	AbsError: 9.63124e-16
Iteration: 5
  Device: "pn2d"	RelError: 5.21833e-10	AbsError: 5.42850e+02
    Region: "Silicon"	RelError: 5.21833e-10	AbsError: 5.42850e+02
      Equation: "ElectronContinuityEquation"	RelError: 4.14452e-10	AbsError: 6.38587e+01
      Equation: "HoleContinuityEquation"	RelError: 1.07374e-10	AbsError: 4.78991e+02
      Equation: "PotentialEquation"	RelError: 6.53254e-15	AbsError: 1.59263e-16
Anode	0.5	2.25188535918e-08	2.19243491678e-08	4.44432027596e-08
Cathode	0.0	-2.31828591075e-08	-2.12603454263e-08	-4.44432045338e-08
