
----------------------------------------

 DEVSIM

 Version: Beta 0.01

 Copyright 2009-2015 Devsim LLC

----------------------------------------


Region name NDrain has 0 Tetrahedra.
Region name NDrain has 20 Triangles.
Region name NDrain has 37 Lines.
Region name NDrain has 18 Points.
Region name NOxide has 0 Tetrahedra.
Region name NOxide has 160 Triangles.
Region name NOxide has 282 Lines.
Region name NOxide has 123 Points.
Region name NSilicon has 0 Tetrahedra.
Region name NSilicon has 1775 Triangles.
Region name NSilicon has 2720 Lines.
Region name NSilicon has 946 Points.
Region name NSource has 0 Tetrahedra.
Region name NSource has 20 Triangles.
Region name NSource has 37 Lines.
Region name NSource has 18 Points.
Device nmos_tri has 1048 coordinates.
Region NDrain has 18 nodes.
Region NDrain has 19 nodes.
Region NOxide has 123 nodes.
Region NOxide has 124 nodes.
Region NSilicon has 946 nodes.
Region NSilicon has 947 nodes.
Region NSource has 18 nodes.
Region NSource has 19 nodes.
Contact GATE in region NOxide with 34 nodes
Contact NDrain_to_NSilicon@NDrain in region NDrain with 6 nodes
Warning, contact "NDrain_to_NSilicon@NDrain" shares a node with contact "NDrain_to_NSilicon@NSilicon"
Warning, contact "NDrain_to_NSilicon@NDrain" shares a node with contact "NDrain_to_NSilicon@NSilicon"
Warning, contact "NDrain_to_NSilicon@NDrain" shares a node with contact "NDrain_to_NSilicon@NSilicon"
Warning, contact "NDrain_to_NSilicon@NDrain" shares a node with contact "NDrain_to_NSilicon@NSilicon"
Warning, contact "NDrain_to_NSilicon@NDrain" shares a node with contact "NDrain_to_NSilicon@NSilicon"
Warning, contact "NDrain_to_NSilicon@NDrain" shares a node with contact "NDrain_to_NSilicon@NSilicon"
Contact NDrain_to_NSilicon@NSilicon in region NSilicon with 6 nodes
Contact NSilicon_to_NSource@NSilicon in region NSilicon with 6 nodes
Warning, contact "NSilicon_to_NSource@NSilicon" shares a node with contact "NSilicon_to_NSource@NSource"
Warning, contact "NSilicon_to_NSource@NSilicon" shares a node with contact "NSilicon_to_NSource@NSource"
Warning, contact "NSilicon_to_NSource@NSilicon" shares a node with contact "NSilicon_to_NSource@NSource"
Warning, contact "NSilicon_to_NSource@NSilicon" shares a node with contact "NSilicon_to_NSource@NSource"
Warning, contact "NSilicon_to_NSource@NSilicon" shares a node with contact "NSilicon_to_NSource@NSource"
Warning, contact "NSilicon_to_NSource@NSilicon" shares a node with contact "NSilicon_to_NSource@NSource"
Contact NSilicon_to_NSource@NSource in region NSource with 6 nodes
Contact SUB in region NSilicon with 26 nodes
Warning, contact "NDrain_to_NSilicon@NDrain" shares a node with interface "NDrain_to_NOxide"
Adding interface NDrain_to_NOxide with 3, 3 nodes
Warning, interface "NDrain_to_NOxide" shares a node with interface "NDrain_to_NSilicon"
Warning, contact "NDrain_to_NSilicon@NDrain" shares a node with interface "NDrain_to_NSilicon"
Warning, contact "NDrain_to_NSilicon@NDrain" shares a node with interface "NDrain_to_NSilicon"
Warning, contact "NDrain_to_NSilicon@NDrain" shares a node with interface "NDrain_to_NSilicon"
Warning, contact "NDrain_to_NSilicon@NDrain" shares a node with interface "NDrain_to_NSilicon"
Warning, contact "NDrain_to_NSilicon@NDrain" shares a node with interface "NDrain_to_NSilicon"
Warning, contact "NDrain_to_NSilicon@NDrain" shares a node with interface "NDrain_to_NSilicon"
Adding interface NDrain_to_NSilicon with 6, 6 nodes
Warning, contact "NSilicon_to_NSource@NSilicon" shares a node with interface "NOxide_to_NSilicon"
Warning, interface "NDrain_to_NOxide" shares a node with interface "NOxide_to_NSilicon"
Warning, contact "NDrain_to_NSilicon@NDrain" shares a node with interface "NOxide_to_NSilicon"
Adding interface NOxide_to_NSilicon with 41, 41 nodes
Warning, interface "NOxide_to_NSilicon" shares a node with interface "NOxide_to_NSource"
Warning, contact "NSilicon_to_NSource@NSilicon" shares a node with interface "NOxide_to_NSource"
Adding interface NOxide_to_NSource with 3, 3 nodes
Warning, contact "NSilicon_to_NSource@NSilicon" shares a node with interface "NSilicon_to_NSource"
Warning, contact "NSilicon_to_NSource@NSilicon" shares a node with interface "NSilicon_to_NSource"
Warning, contact "NSilicon_to_NSource@NSilicon" shares a node with interface "NSilicon_to_NSource"
Warning, contact "NSilicon_to_NSource@NSilicon" shares a node with interface "NSilicon_to_NSource"
Warning, interface "NOxide_to_NSilicon" shares a node with interface "NSilicon_to_NSource"
Warning, contact "NSilicon_to_NSource@NSilicon" shares a node with interface "NSilicon_to_NSource"
Warning, contact "NSilicon_to_NSource@NSilicon" shares a node with interface "NSilicon_to_NSource"
Adding interface NSilicon_to_NSource with 6, 6 nodes
magic_number 738
NDrain potential.unit V
NDrain temperature.unit K
NOxide electron.unit cm^-3
NOxide hole.unit cm^-3
NOxide potential.unit V
NOxide temperature.unit K
NSilicon elec_temperature.unit K
NSilicon electron.unit cm^-3
NSilicon hole.unit cm^-3
NSilicon hole_temperature.unit K
NSilicon na.unit cm^-3
NSilicon nd.unit cm^-3
NSilicon potential.unit V
NSilicon temperature.unit K
NSource potential.unit V
NSource temperature.unit K
