
----------------------------------------

 DEVSIM

 Version: Beta 0.01

 Copyright 2009-2015 Devsim LLC

----------------------------------------


mid
bot
 (region: MyRegion)
 (contact: top)
 (contact: bot)
NetDoping
-1.00000e+18
-1.00000e+18
-1.00000e+18
-1.00000e+18
-1.00000e+18
-1.00000e+18
-1.00000e+18
-1.00000e+18
-1.00000e+18
-1.00000e+18
-1.00000e+18
-1.00000e+18
-1.00000e+18
-1.00000e+18
-1.00000e+18
-1.00000e+18
-1.00000e+18
-1.00000e+18
-1.00000e+18
-1.00000e+18
-1.00000e+18
-1.00000e+18
-1.00000e+18
-1.00000e+18
-1.00000e+18
-1.00000e+18
-1.00000e+18
-1.00000e+18
-1.00000e+18
-1.00000e+18
-1.00000e+18
-1.00000e+18
-1.00000e+18
-1.00000e+18
-1.00000e+18
-1.00000e+18
-1.00000e+18
-1.00000e+18
-1.00000e+18
-1.00000e+18
-1.00000e+18
-1.00000e+18
-1.00000e+18
-1.00000e+18
-1.00000e+18
-1.00000e+18
-1.00000e+18
-1.00000e+18
-1.00000e+18
-1.00000e+18
-1.00000e+18
-1.00000e+18
-1.00000e+18
-1.00000e+18
-1.00000e+18
-1.00000e+18
-1.00000e+18
-1.00000e+18
-1.00000e+18
-1.00000e+18
-1.00000e+18
-1.00000e+18
-1.00000e+18
-1.00000e+18
-1.00000e+18
-1.00000e+18
-1.00000e+18
-1.00000e+18
-1.00000e+18
-1.00000e+18
-1.00000e+18
-1.00000e+18
-1.00000e+18
-1.00000e+18
-1.00000e+18
-1.00000e+18
-1.00000e+18
-1.00000e+18
-1.00000e+18
-1.00000e+18
-1.00000e+18
-1.00000e+18
-1.00000e+18
-1.00000e+18
-1.00000e+18
-1.00000e+18
-1.00000e+18
-1.00000e+18
-1.00000e+18
-1.00000e+18
-1.00000e+18
-1.00000e+18
-1.00000e+18
-1.00000e+18
-1.00000e+18
-1.00000e+18
-1.00000e+18
-1.00000e+18
-1.00000e+18
-1.00000e+18
-1.00000e+18
-1.00000e+18
-1.00000e+18
-1.00000e+18
-1.00000e+18
-1.00000e+18
-1.00000e+18
-1.00000e+18
-1.00000e+18
-1.00000e+18
-1.00000e+18
-1.00000e+18
-1.00000e+18
-1.00000e+18
-1.00000e+18
-1.00000e+18
-1.00000e+18
-1.00000e+18
-1.00000e+18
-1.00000e+18
-1.00000e+18
-1.00000e+18
-1.00000e+18
-1.00000e+18
-1.00000e+18
-1.00000e+18
-1.00000e+18
-1.00000e+18
-1.00000e+18
-1.00000e+18
-1.00000e+18
-1.00000e+18
-1.00000e+18
-1.00000e+18
-1.00000e+18
-1.00000e+18
-1.00000e+18
-1.00000e+18
-1.00000e+18
-1.00000e+18
-1.00000e+18
-1.00000e+18
-1.00000e+18
-1.00000e+18
-1.00000e+18
-1.00000e+18
-1.00000e+18
-1.00000e+18
-1.00000e+18
-1.00000e+18
-1.00000e+18
-1.00000e+18
-1.00000e+18
-1.00000e+18
-1.00000e+18
-1.00000e+18
-1.00000e+18
-1.00000e+18
-1.00000e+18
-1.00000e+18
-1.00000e+18
-1.00000e+18
-1.00000e+18
-1.00000e+18
-1.00000e+18
-1.00000e+18
-1.00000e+18
-1.00000e+18
-1.00000e+18
-1.00000e+18
-1.00000e+18
-1.00000e+18
-1.00000e+18
-1.00000e+18
-1.00000e+18
-1.00000e+18
-1.00000e+18
-1.00000e+18
-1.00000e+18
-1.00000e+18
-1.00000e+18
-1.00000e+18
-1.00000e+18
-1.00000e+18
-1.00000e+18
-1.00000e+18
-1.00000e+18
-1.00000e+18
-1.00000e+18
-1.00000e+18
-1.00000e+18
-1.00000e+18
-1.00000e+18
-1.00000e+18
-1.00000e+18
-1.00000e+18
-1.00000e+18
-1.00000e+18
-1.00000e+18
-1.00000e+18
-1.00000e+18
-1.00000e+18
-1.00000e+18
-1.00000e+18
-1.00000e+18
-1.00000e+18
-1.00000e+18
-1.00000e+18
-1.00000e+18
-1.00000e+18
-1.00000e+18
-1.00000e+18
-1.00000e+18
-1.00000e+18
-1.00000e+18
-1.00000e+18
-1.00000e+18
-1.00000e+18
-1.00000e+18
-1.00000e+18
-1.00000e+18
-1.00000e+18
-1.00000e+18
-1.00000e+18
-1.00000e+18
-1.00000e+18
-1.00000e+18
-1.00000e+18
-1.00000e+18
-1.00000e+18
-1.00000e+18
-1.00000e+18
0.00000e+00
1.00000e+18
1.00000e+18
1.00000e+18
1.00000e+18
1.00000e+18
1.00000e+18
1.00000e+18
1.00000e+18
1.00000e+18
1.00000e+18
1.00000e+18
1.00000e+18
1.00000e+18
1.00000e+18
1.00000e+18
1.00000e+18
1.00000e+18
1.00000e+18
1.00000e+18
1.00000e+18
1.00000e+18
1.00000e+18
1.00000e+18
1.00000e+18
1.00000e+18
1.00000e+18
1.00000e+18
1.00000e+18
1.00000e+18
1.00000e+18
1.00000e+18
1.00000e+18
1.00000e+18
1.00000e+18
1.00000e+18
1.00000e+18
1.00000e+18
1.00000e+18
1.00000e+18
1.00000e+18
1.00000e+18
1.00000e+18
1.00000e+18
1.00000e+18
1.00000e+18
1.00000e+18
1.00000e+18
1.00000e+18
1.00000e+18
1.00000e+18
1.00000e+18
1.00000e+18
1.00000e+18
1.00000e+18
1.00000e+18
1.00000e+18
1.00000e+18
1.00000e+18
1.00000e+18
1.00000e+18
1.00000e+18
1.00000e+18
1.00000e+18
1.00000e+18
1.00000e+18
1.00000e+18
1.00000e+18
1.00000e+18
1.00000e+18
1.00000e+18
1.00000e+18
1.00000e+18
1.00000e+18
1.00000e+18
1.00000e+18
1.00000e+18
1.00000e+18
1.00000e+18
1.00000e+18
1.00000e+18
1.00000e+18
1.00000e+18
1.00000e+18
1.00000e+18
1.00000e+18
1.00000e+18
1.00000e+18
1.00000e+18
1.00000e+18
1.00000e+18
1.00000e+18
1.00000e+18
1.00000e+18
1.00000e+18
1.00000e+18
1.00000e+18
1.00000e+18
1.00000e+18
1.00000e+18
1.00000e+18
1.00000e+18
1.00000e+18
1.00000e+18
1.00000e+18
1.00000e+18
1.00000e+18
1.00000e+18
1.00000e+18
1.00000e+18
1.00000e+18
1.00000e+18
1.00000e+18
1.00000e+18
1.00000e+18
1.00000e+18
1.00000e+18
1.00000e+18
1.00000e+18
1.00000e+18
1.00000e+18
1.00000e+18
1.00000e+18
1.00000e+18
1.00000e+18
1.00000e+18
1.00000e+18
1.00000e+18
1.00000e+18
1.00000e+18
1.00000e+18
1.00000e+18
1.00000e+18
1.00000e+18
1.00000e+18
1.00000e+18
1.00000e+18
1.00000e+18
1.00000e+18
1.00000e+18
1.00000e+18
1.00000e+18
1.00000e+18
1.00000e+18
1.00000e+18
1.00000e+18
1.00000e+18
1.00000e+18
1.00000e+18
1.00000e+18
1.00000e+18
1.00000e+18
1.00000e+18
1.00000e+18
1.00000e+18
1.00000e+18
1.00000e+18
1.00000e+18
1.00000e+18
1.00000e+18
1.00000e+18
1.00000e+18
1.00000e+18
1.00000e+18
1.00000e+18
1.00000e+18
1.00000e+18
1.00000e+18
1.00000e+18
1.00000e+18
1.00000e+18
1.00000e+18
1.00000e+18
1.00000e+18
1.00000e+18
1.00000e+18
1.00000e+18
1.00000e+18
1.00000e+18
1.00000e+18
1.00000e+18
1.00000e+18
1.00000e+18
1.00000e+18
1.00000e+18
1.00000e+18
1.00000e+18
1.00000e+18
1.00000e+18
1.00000e+18
1.00000e+18
1.00000e+18
1.00000e+18
1.00000e+18
1.00000e+18
1.00000e+18
1.00000e+18
1.00000e+18
1.00000e+18
1.00000e+18
1.00000e+18
1.00000e+18
1.00000e+18
1.00000e+18
1.00000e+18
1.00000e+18
1.00000e+18
1.00000e+18
1.00000e+18
1.00000e+18
1.00000e+18
1.00000e+18
1.00000e+18
1.00000e+18
1.00000e+18
1.00000e+18
1.00000e+18
1.00000e+18
1.00000e+18
1.00000e+18
1.00000e+18
1.00000e+18
1.00000e+18
1.00000e+18
1.00000e+18
1.00000e+18
1.00000e+18
1.00000e+18
1.00000e+18
1.00000e+18
1.00000e+18
1.00000e+18
1.00000e+18
Region "MyRegion" on device "MyDevice" has equations 0:464
Device "MyDevice" has equations 0:464
number of equations 465
Iteration: 0
  Device: "MyDevice"	RelError: 1.00000e+00	AbsError: 8.88882e-02
    Region: "MyRegion"	RelError: 1.00000e+00	AbsError: 8.88882e-02
      Equation: "PotentialEquation"	RelError: 1.00000e+00	AbsError: 8.88882e-02
Iteration: 1
  Device: "MyDevice"	RelError: 4.91285e-01	AbsError: 8.58427e-02
    Region: "MyRegion"	RelError: 4.91285e-01	AbsError: 8.58427e-02
      Equation: "PotentialEquation"	RelError: 4.91285e-01	AbsError: 8.58427e-02
Iteration: 2
  Device: "MyDevice"	RelError: 3.20761e-01	AbsError: 8.25143e-02
    Region: "MyRegion"	RelError: 3.20761e-01	AbsError: 8.25143e-02
      Equation: "PotentialEquation"	RelError: 3.20761e-01	AbsError: 8.25143e-02
Iteration: 3
  Device: "MyDevice"	RelError: 2.34478e-01	AbsError: 7.87938e-02
    Region: "MyRegion"	RelError: 2.34478e-01	AbsError: 7.87938e-02
      Equation: "PotentialEquation"	RelError: 2.34478e-01	AbsError: 7.87938e-02
Iteration: 4
  Device: "MyDevice"	RelError: 1.94308e-01	AbsError: 7.35513e-02
    Region: "MyRegion"	RelError: 1.94308e-01	AbsError: 7.35513e-02
      Equation: "PotentialEquation"	RelError: 1.94308e-01	AbsError: 7.35513e-02
Iteration: 5
  Device: "MyDevice"	RelError: 2.20512e+00	AbsError: 5.56633e-02
    Region: "MyRegion"	RelError: 2.20512e+00	AbsError: 5.56633e-02
      Equation: "PotentialEquation"	RelError: 2.20512e+00	AbsError: 5.56633e-02
Iteration: 6
  Device: "MyDevice"	RelError: 4.42954e-01	AbsError: 3.95692e-02
    Region: "MyRegion"	RelError: 4.42954e-01	AbsError: 3.95692e-02
      Equation: "PotentialEquation"	RelError: 4.42954e-01	AbsError: 3.95692e-02
Iteration: 7
  Device: "MyDevice"	RelError: 6.44444e-02	AbsError: 2.91367e-02
    Region: "MyRegion"	RelError: 6.44444e-02	AbsError: 2.91367e-02
      Equation: "PotentialEquation"	RelError: 6.44444e-02	AbsError: 2.91367e-02
Iteration: 8
  Device: "MyDevice"	RelError: 5.18778e-02	AbsError: 2.47384e-02
    Region: "MyRegion"	RelError: 5.18778e-02	AbsError: 2.47384e-02
      Equation: "PotentialEquation"	RelError: 5.18778e-02	AbsError: 2.47384e-02
Iteration: 9
  Device: "MyDevice"	RelError: 8.86327e-04	AbsError: 4.22634e-04
    Region: "MyRegion"	RelError: 8.86327e-04	AbsError: 4.22634e-04
      Equation: "PotentialEquation"	RelError: 8.86327e-04	AbsError: 4.22634e-04
Iteration: 10
  Device: "MyDevice"	RelError: 4.57979e-06	AbsError: 9.93520e-07
    Region: "MyRegion"	RelError: 4.57979e-06	AbsError: 9.93520e-07
      Equation: "PotentialEquation"	RelError: 4.57979e-06	AbsError: 9.93520e-07
Iteration: 11
  Device: "MyDevice"	RelError: 9.66513e-11	AbsError: 7.81757e-12
    Region: "MyRegion"	RelError: 9.66513e-11	AbsError: 7.81757e-12
      Equation: "PotentialEquation"	RelError: 9.66513e-11	AbsError: 7.81757e-12
Warning: Replacing equation with equation of the same name.
Region: MyRegion, Equation: PotentialEquation, Variable: Potential
Region "MyRegion" on device "MyDevice" has equations 0:1394
Device "MyDevice" has equations 0:1394
number of equations 1395
Iteration: 0
  Device: "MyDevice"	RelError: 2.48286e-13	AbsError: 1.02400e+04
    Region: "MyRegion"	RelError: 2.48286e-13	AbsError: 1.02400e+04
      Equation: "ElectronContinuityEquation"	RelError: 1.15115e-14	AbsError: 5.12000e+03
      Equation: "HoleContinuityEquation"	RelError: 9.58310e-15	AbsError: 5.12000e+03
      Equation: "PotentialEquation"	RelError: 2.27191e-13	AbsError: 1.26821e-16
Region "MyRegion" on device "MyDevice" has equations 0:1394
Device "MyDevice" has equations 0:1394
number of equations 1395
Iteration: 0
  Device: "MyDevice"	RelError: 2.02653e-13	AbsError: 3.15782e+02
    Region: "MyRegion"	RelError: 2.02653e-13	AbsError: 3.15782e+02
      Equation: "ElectronContinuityEquation"	RelError: 5.66671e-15	AbsError: 1.56710e+02
      Equation: "HoleContinuityEquation"	RelError: 4.05259e-15	AbsError: 1.59072e+02
      Equation: "PotentialEquation"	RelError: 1.92934e-13	AbsError: 6.41526e-17
top	0.0	-8.69459356087e-25	-2.15588544345e-09	-2.15588544345e-09
bot	0.0	-4.70468205499e-08	-2.04511041625e-24	-4.70468205499e-08
Region "MyRegion" on device "MyDevice" has equations 0:1394
Device "MyDevice" has equations 0:1394
number of equations 1395
Iteration: 0
  Device: "MyDevice"	RelError: 1.29412e+03	AbsError: 1.74916e+17
    Region: "MyRegion"	RelError: 1.29412e+03	AbsError: 1.74916e+17
      Equation: "ElectronContinuityEquation"	RelError: 9.99000e+02	AbsError: 1.30225e+17
      Equation: "HoleContinuityEquation"	RelError: 8.00016e-01	AbsError: 4.46913e+16
      Equation: "PotentialEquation"	RelError: 2.94319e+02	AbsError: 4.12013e-02
Iteration: 1
  Device: "MyDevice"	RelError: 8.83617e+01	AbsError: 1.10275e+17
    Region: "MyRegion"	RelError: 8.83617e+01	AbsError: 1.10275e+17
      Equation: "ElectronContinuityEquation"	RelError: 9.99903e-01	AbsError: 2.21963e+16
      Equation: "HoleContinuityEquation"	RelError: 8.29881e-01	AbsError: 8.80785e+16
      Equation: "PotentialEquation"	RelError: 8.65319e+01	AbsError: 3.07632e-02
Iteration: 2
  Device: "MyDevice"	RelError: 1.41645e+01	AbsError: 3.25154e+16
    Region: "MyRegion"	RelError: 1.41645e+01	AbsError: 3.25154e+16
      Equation: "ElectronContinuityEquation"	RelError: 5.88786e-01	AbsError: 8.00594e+15
      Equation: "HoleContinuityEquation"	RelError: 3.49226e-01	AbsError: 2.45094e+16
      Equation: "PotentialEquation"	RelError: 1.32265e+01	AbsError: 2.57271e-02
Iteration: 3
  Device: "MyDevice"	RelError: 9.12008e-01	AbsError: 8.27296e+15
    Region: "MyRegion"	RelError: 9.12008e-01	AbsError: 8.27296e+15
      Equation: "ElectronContinuityEquation"	RelError: 2.16965e-01	AbsError: 2.04755e+15
      Equation: "HoleContinuityEquation"	RelError: 7.90834e-02	AbsError: 6.22540e+15
      Equation: "PotentialEquation"	RelError: 6.15959e-01	AbsError: 9.16533e-03
Iteration: 4
  Device: "MyDevice"	RelError: 5.57047e-02	AbsError: 1.83874e+15
    Region: "MyRegion"	RelError: 5.57047e-02	AbsError: 1.83874e+15
      Equation: "ElectronContinuityEquation"	RelError: 3.55641e-02	AbsError: 7.91644e+13
      Equation: "HoleContinuityEquation"	RelError: 2.38545e-03	AbsError: 1.75958e+15
      Equation: "PotentialEquation"	RelError: 1.77552e-02	AbsError: 4.75555e-05
Iteration: 5
  Device: "MyDevice"	RelError: 6.47232e-04	AbsError: 4.23240e+12
    Region: "MyRegion"	RelError: 6.47232e-04	AbsError: 4.23240e+12
      Equation: "ElectronContinuityEquation"	RelError: 3.10238e-04	AbsError: 6.13330e+11
      Equation: "HoleContinuityEquation"	RelError: 1.83977e-05	AbsError: 3.61907e+12
      Equation: "PotentialEquation"	RelError: 3.18596e-04	AbsError: 4.56843e-07
Iteration: 6
  Device: "MyDevice"	RelError: 6.64539e-06	AbsError: 1.54963e+10
    Region: "MyRegion"	RelError: 6.64539e-06	AbsError: 1.54963e+10
      Equation: "ElectronContinuityEquation"	RelError: 6.93924e-07	AbsError: 7.50745e+09
      Equation: "HoleContinuityEquation"	RelError: 2.45080e-07	AbsError: 7.98888e+09
      Equation: "PotentialEquation"	RelError: 5.70639e-06	AbsError: 6.52596e-09
Iteration: 7
  Device: "MyDevice"	RelError: 6.01285e-08	AbsError: 1.62831e+08
    Region: "MyRegion"	RelError: 6.01285e-08	AbsError: 1.62831e+08
      Equation: "ElectronContinuityEquation"	RelError: 2.43510e-09	AbsError: 6.32904e+07
      Equation: "HoleContinuityEquation"	RelError: 2.20865e-09	AbsError: 9.95411e+07
      Equation: "PotentialEquation"	RelError: 5.54847e-08	AbsError: 5.87744e-11
Iteration: 8
  Device: "MyDevice"	RelError: 2.18337e-10	AbsError: 3.88530e+05
    Region: "MyRegion"	RelError: 2.18337e-10	AbsError: 3.88530e+05
      Equation: "ElectronContinuityEquation"	RelError: 3.24608e-11	AbsError: 2.23414e+05
      Equation: "HoleContinuityEquation"	RelError: 7.46267e-12	AbsError: 1.65115e+05
      Equation: "PotentialEquation"	RelError: 1.78414e-10	AbsError: 1.98610e-13
Iteration: 9
  Device: "MyDevice"	RelError: 3.85252e-13	AbsError: 1.21117e+03
    Region: "MyRegion"	RelError: 3.85252e-13	AbsError: 1.21117e+03
      Equation: "ElectronContinuityEquation"	RelError: 4.35578e-14	AbsError: 4.27990e+02
      Equation: "HoleContinuityEquation"	RelError: 5.89948e-14	AbsError: 7.83176e+02
      Equation: "PotentialEquation"	RelError: 2.82700e-13	AbsError: 2.36219e-16
top	0.1	2.77590536308e-09	1.13147225967e-07	1.1592313133e-07
bot	0.0	-1.17372668433e-07	-1.38812155524e-09	-1.18760789988e-07
Region "MyRegion" on device "MyDevice" has equations 0:1394
Device "MyDevice" has equations 0:1394
number of equations 1395
Iteration: 0
  Device: "MyDevice"	RelError: 4.03300e+01	AbsError: 2.90625e+17
    Region: "MyRegion"	RelError: 4.03300e+01	AbsError: 2.90625e+17
      Equation: "ElectronContinuityEquation"	RelError: 8.51712e-01	AbsError: 1.51484e+17
      Equation: "HoleContinuityEquation"	RelError: 8.36748e-01	AbsError: 1.39141e+17
      Equation: "PotentialEquation"	RelError: 3.86415e+01	AbsError: 4.09542e-02
Iteration: 1
  Device: "MyDevice"	RelError: 2.76600e+02	AbsError: 8.50049e+16
    Region: "MyRegion"	RelError: 2.76600e+02	AbsError: 8.50049e+16
      Equation: "ElectronContinuityEquation"	RelError: 6.97543e-01	AbsError: 4.40253e+16
      Equation: "HoleContinuityEquation"	RelError: 8.41591e-01	AbsError: 4.09796e+16
      Equation: "PotentialEquation"	RelError: 2.75060e+02	AbsError: 3.07639e-02
Iteration: 2
  Device: "MyDevice"	RelError: 1.22337e+01	AbsError: 2.09107e+16
    Region: "MyRegion"	RelError: 1.22337e+01	AbsError: 2.09107e+16
      Equation: "ElectronContinuityEquation"	RelError: 4.24953e-01	AbsError: 7.93174e+15
      Equation: "HoleContinuityEquation"	RelError: 1.81143e-01	AbsError: 1.29789e+16
      Equation: "PotentialEquation"	RelError: 1.16276e+01	AbsError: 2.58186e-02
Iteration: 3
  Device: "MyDevice"	RelError: 9.39347e-01	AbsError: 7.99101e+15
    Region: "MyRegion"	RelError: 9.39347e-01	AbsError: 7.99101e+15
      Equation: "ElectronContinuityEquation"	RelError: 1.73176e-01	AbsError: 1.49566e+15
      Equation: "HoleContinuityEquation"	RelError: 1.01229e-01	AbsError: 6.49534e+15
      Equation: "PotentialEquation"	RelError: 6.64942e-01	AbsError: 9.18360e-03
Iteration: 4
  Device: "MyDevice"	RelError: 8.77707e-02	AbsError: 1.46332e+15
    Region: "MyRegion"	RelError: 8.77707e-02	AbsError: 1.46332e+15
      Equation: "ElectronContinuityEquation"	RelError: 4.82284e-02	AbsError: 1.51047e+14
      Equation: "HoleContinuityEquation"	RelError: 7.23149e-03	AbsError: 1.31227e+15
      Equation: "PotentialEquation"	RelError: 3.23108e-02	AbsError: 9.47982e-05
Iteration: 5
  Device: "MyDevice"	RelError: 1.33443e-04	AbsError: 1.86001e+12
    Region: "MyRegion"	RelError: 1.33443e-04	AbsError: 1.86001e+12
      Equation: "ElectronContinuityEquation"	RelError: 5.70214e-05	AbsError: 9.29545e+10
      Equation: "HoleContinuityEquation"	RelError: 2.02098e-05	AbsError: 1.76706e+12
      Equation: "PotentialEquation"	RelError: 5.62115e-05	AbsError: 7.66628e-08
Iteration: 6
  Device: "MyDevice"	RelError: 3.36420e-07	AbsError: 2.55365e+09
    Region: "MyRegion"	RelError: 3.36420e-07	AbsError: 2.55365e+09
      Equation: "ElectronContinuityEquation"	RelError: 2.08668e-08	AbsError: 5.31754e+08
      Equation: "HoleContinuityEquation"	RelError: 1.73116e-08	AbsError: 2.02190e+09
      Equation: "PotentialEquation"	RelError: 2.98242e-07	AbsError: 4.55052e-10
Iteration: 7
  Device: "MyDevice"	RelError: 1.03524e-10	AbsError: 8.14041e+06
    Region: "MyRegion"	RelError: 1.03524e-10	AbsError: 8.14041e+06
      Equation: "ElectronContinuityEquation"	RelError: 9.00919e-12	AbsError: 2.49205e+05
      Equation: "HoleContinuityEquation"	RelError: 8.39991e-12	AbsError: 7.89121e+06
      Equation: "PotentialEquation"	RelError: 8.61147e-11	AbsError: 2.17398e-13
Iteration: 8
  Device: "MyDevice"	RelError: 8.29197e-13	AbsError: 4.67104e+04
    Region: "MyRegion"	RelError: 8.29197e-13	AbsError: 4.67104e+04
      Equation: "ElectronContinuityEquation"	RelError: 2.29645e-13	AbsError: 9.67752e+02
      Equation: "HoleContinuityEquation"	RelError: 1.42119e-13	AbsError: 4.57426e+04
      Equation: "PotentialEquation"	RelError: 4.57433e-13	AbsError: 1.20154e-15
top	0.2	1.28329442858e-07	1.00906751457e-06	1.13739695743e-06
bot	0.0	-1.03513898029e-06	-6.41720126802e-08	-1.09931099297e-06
Region "MyRegion" on device "MyDevice" has equations 0:1394
Device "MyDevice" has equations 0:1394
number of equations 1395
Iteration: 0
  Device: "MyDevice"	RelError: 2.99442e+01	AbsError: 2.44942e+17
    Region: "MyRegion"	RelError: 2.99442e+01	AbsError: 2.44942e+17
      Equation: "ElectronContinuityEquation"	RelError: 7.93968e-01	AbsError: 1.22367e+17
      Equation: "HoleContinuityEquation"	RelError: 7.97787e-01	AbsError: 1.22575e+17
      Equation: "PotentialEquation"	RelError: 2.83525e+01	AbsError: 4.09542e-02
Iteration: 1
  Device: "MyDevice"	RelError: 3.78830e+01	AbsError: 2.81435e+16
    Region: "MyRegion"	RelError: 3.78830e+01	AbsError: 2.81435e+16
      Equation: "ElectronContinuityEquation"	RelError: 6.97475e-01	AbsError: 1.45183e+16
      Equation: "HoleContinuityEquation"	RelError: 7.91173e-01	AbsError: 1.36252e+16
      Equation: "PotentialEquation"	RelError: 3.63944e+01	AbsError: 3.07718e-02
Iteration: 2
  Device: "MyDevice"	RelError: 1.15867e+01	AbsError: 3.71632e+15
    Region: "MyRegion"	RelError: 1.15867e+01	AbsError: 3.71632e+15
      Equation: "ElectronContinuityEquation"	RelError: 4.99134e-01	AbsError: 8.97821e+14
      Equation: "HoleContinuityEquation"	RelError: 4.61065e-01	AbsError: 2.81850e+15
      Equation: "PotentialEquation"	RelError: 1.06265e+01	AbsError: 2.57412e-02
Iteration: 3
  Device: "MyDevice"	RelError: 7.02847e-01	AbsError: 2.75461e+15
    Region: "MyRegion"	RelError: 7.02847e-01	AbsError: 2.75461e+15
      Equation: "ElectronContinuityEquation"	RelError: 2.68947e-01	AbsError: 4.91238e+14
      Equation: "HoleContinuityEquation"	RelError: 7.62679e-02	AbsError: 2.26337e+15
      Equation: "PotentialEquation"	RelError: 3.57632e-01	AbsError: 9.19111e-03
Iteration: 4
  Device: "MyDevice"	RelError: 2.29834e-01	AbsError: 1.94736e+15
    Region: "MyRegion"	RelError: 2.29834e-01	AbsError: 1.94736e+15
      Equation: "ElectronContinuityEquation"	RelError: 7.50741e-02	AbsError: 2.17726e+14
      Equation: "HoleContinuityEquation"	RelError: 5.85523e-03	AbsError: 1.72964e+15
      Equation: "PotentialEquation"	RelError: 1.48905e-01	AbsError: 1.85647e-04
Iteration: 5
  Device: "MyDevice"	RelError: 4.73606e-04	AbsError: 3.50681e+13
    Region: "MyRegion"	RelError: 4.73606e-04	AbsError: 3.50681e+13
      Equation: "ElectronContinuityEquation"	RelError: 1.36076e-04	AbsError: 1.33973e+13
      Equation: "HoleContinuityEquation"	RelError: 2.61962e-05	AbsError: 2.16708e+13
      Equation: "PotentialEquation"	RelError: 3.11334e-04	AbsError: 7.13036e-07
Iteration: 6
  Device: "MyDevice"	RelError: 1.51242e-06	AbsError: 9.07272e+11
    Region: "MyRegion"	RelError: 1.51242e-06	AbsError: 9.07272e+11
      Equation: "ElectronContinuityEquation"	RelError: 8.88396e-07	AbsError: 8.88232e+11
      Equation: "HoleContinuityEquation"	RelError: 5.75926e-07	AbsError: 1.90406e+10
      Equation: "PotentialEquation"	RelError: 4.80991e-08	AbsError: 2.29363e-08
Iteration: 7
  Device: "MyDevice"	RelError: 8.09915e-10	AbsError: 3.42926e+08
    Region: "MyRegion"	RelError: 8.09915e-10	AbsError: 3.42926e+08
      Equation: "ElectronContinuityEquation"	RelError: 2.29210e-10	AbsError: 1.47600e+08
      Equation: "HoleContinuityEquation"	RelError: 2.08743e-10	AbsError: 1.95326e+08
      Equation: "PotentialEquation"	RelError: 3.71961e-10	AbsError: 5.40378e-12
Iteration: 8
  Device: "MyDevice"	RelError: 1.62781e-11	AbsError: 5.52395e+06
    Region: "MyRegion"	RelError: 1.62781e-11	AbsError: 5.52395e+06
      Equation: "ElectronContinuityEquation"	RelError: 3.12723e-12	AbsError: 2.72182e+06
      Equation: "HoleContinuityEquation"	RelError: 3.02501e-12	AbsError: 2.80213e+06
      Equation: "PotentialEquation"	RelError: 1.01258e-11	AbsError: 7.83013e-14
top	0.3	5.80684829016e-06	1.01246124793e-05	1.59314607694e-05
bot	0.0	-1.29592535147e-05	-2.90373085355e-06	-1.58629843683e-05
Region "MyRegion" on device "MyDevice" has equations 0:1394
Device "MyDevice" has equations 0:1394
number of equations 1395
Iteration: 0
  Device: "MyDevice"	RelError: 4.33381e+02	AbsError: 2.60249e+17
    Region: "MyRegion"	RelError: 4.33381e+02	AbsError: 2.60249e+17
      Equation: "ElectronContinuityEquation"	RelError: 7.91175e-01	AbsError: 1.27033e+17
      Equation: "HoleContinuityEquation"	RelError: 7.92224e-01	AbsError: 1.33217e+17
      Equation: "PotentialEquation"	RelError: 4.31798e+02	AbsError: 4.09542e-02
Iteration: 1
  Device: "MyDevice"	RelError: 3.01077e+02	AbsError: 1.13618e+17
    Region: "MyRegion"	RelError: 3.01077e+02	AbsError: 1.13618e+17
      Equation: "ElectronContinuityEquation"	RelError: 6.87798e-01	AbsError: 4.32905e+16
      Equation: "HoleContinuityEquation"	RelError: 7.77738e-01	AbsError: 7.03279e+16
      Equation: "PotentialEquation"	RelError: 2.99611e+02	AbsError: 3.07632e-02
Iteration: 2
  Device: "MyDevice"	RelError: 1.93523e+01	AbsError: 5.62706e+15
    Region: "MyRegion"	RelError: 1.93523e+01	AbsError: 5.62706e+15
      Equation: "ElectronContinuityEquation"	RelError: 5.08342e-01	AbsError: 2.91692e+15
      Equation: "HoleContinuityEquation"	RelError: 4.99488e-01	AbsError: 2.71014e+15
      Equation: "PotentialEquation"	RelError: 1.83445e+01	AbsError: 2.57490e-02
Iteration: 3
  Device: "MyDevice"	RelError: 4.77539e-01	AbsError: 1.09981e+15
    Region: "MyRegion"	RelError: 4.77539e-01	AbsError: 1.09981e+15
      Equation: "ElectronContinuityEquation"	RelError: 2.83179e-01	AbsError: 5.30996e+14
      Equation: "HoleContinuityEquation"	RelError: 7.37691e-02	AbsError: 5.68811e+14
      Equation: "PotentialEquation"	RelError: 1.20591e-01	AbsError: 9.16533e-03
Iteration: 4
  Device: "MyDevice"	RelError: 8.48641e-02	AbsError: 1.15719e+15
    Region: "MyRegion"	RelError: 8.48641e-02	AbsError: 1.15719e+15
      Equation: "ElectronContinuityEquation"	RelError: 7.71861e-02	AbsError: 9.59910e+14
      Equation: "HoleContinuityEquation"	RelError: 5.50366e-04	AbsError: 1.97283e+14
      Equation: "PotentialEquation"	RelError: 7.12766e-03	AbsError: 2.46707e-05
Iteration: 5
  Device: "MyDevice"	RelError: 1.19848e-05	AbsError: 1.25262e+11
    Region: "MyRegion"	RelError: 1.19848e-05	AbsError: 1.25262e+11
      Equation: "ElectronContinuityEquation"	RelError: 1.17015e-05	AbsError: 1.17136e+11
      Equation: "HoleContinuityEquation"	RelError: 2.64547e-07	AbsError: 8.12612e+09
      Equation: "PotentialEquation"	RelError: 1.86850e-08	AbsError: 8.91009e-09
Iteration: 6
  Device: "MyDevice"	RelError: 4.53738e-12	AbsError: 2.63411e+06
    Region: "MyRegion"	RelError: 4.53738e-12	AbsError: 2.63411e+06
      Equation: "ElectronContinuityEquation"	RelError: 2.63357e-12	AbsError: 2.63325e+06
      Equation: "HoleContinuityEquation"	RelError: 1.74334e-12	AbsError: 8.63593e+02
      Equation: "PotentialEquation"	RelError: 1.60470e-13	AbsError: 6.79760e-14
top	0.4	0.000262212527169	0.000186540405211	0.00044875293238
bot	0.0	-0.000317701686484	-0.000131119055845	-0.000448820742329
Region "MyRegion" on device "MyDevice" has equations 0:1394
Device "MyDevice" has equations 0:1394
number of equations 1395
Iteration: 0
  Device: "MyDevice"	RelError: 1.75290e+02	AbsError: 2.79353e+17
    Region: "MyRegion"	RelError: 1.75290e+02	AbsError: 2.79353e+17
      Equation: "ElectronContinuityEquation"	RelError: 7.92056e-01	AbsError: 1.39695e+17
      Equation: "HoleContinuityEquation"	RelError: 7.92198e-01	AbsError: 1.39658e+17
      Equation: "PotentialEquation"	RelError: 1.73706e+02	AbsError: 4.09542e-02
Iteration: 1
  Device: "MyDevice"	RelError: 1.74805e+02	AbsError: 4.70981e+16
    Region: "MyRegion"	RelError: 1.74805e+02	AbsError: 4.70981e+16
      Equation: "ElectronContinuityEquation"	RelError: 6.87375e-01	AbsError: 2.46418e+16
      Equation: "HoleContinuityEquation"	RelError: 7.76731e-01	AbsError: 2.24564e+16
      Equation: "PotentialEquation"	RelError: 1.73341e+02	AbsError: 3.07632e-02
Iteration: 2
  Device: "MyDevice"	RelError: 2.37604e+00	AbsError: 7.26944e+15
    Region: "MyRegion"	RelError: 2.37604e+00	AbsError: 7.26944e+15
      Equation: "ElectronContinuityEquation"	RelError: 5.06853e-01	AbsError: 4.31946e+15
      Equation: "HoleContinuityEquation"	RelError: 5.01223e-01	AbsError: 2.94998e+15
      Equation: "PotentialEquation"	RelError: 1.36796e+00	AbsError: 2.57723e-02
Iteration: 3
  Device: "MyDevice"	RelError: 7.54606e-01	AbsError: 2.47787e+14
    Region: "MyRegion"	RelError: 7.54606e-01	AbsError: 2.47787e+14
      Equation: "ElectronContinuityEquation"	RelError: 2.83976e-01	AbsError: 2.29214e+13
      Equation: "HoleContinuityEquation"	RelError: 7.45534e-02	AbsError: 2.24866e+14
      Equation: "PotentialEquation"	RelError: 3.96077e-01	AbsError: 9.16533e-03
Iteration: 4
  Device: "MyDevice"	RelError: 7.62870e-02	AbsError: 9.15279e+13
    Region: "MyRegion"	RelError: 7.62870e-02	AbsError: 9.15279e+13
      Equation: "ElectronContinuityEquation"	RelError: 7.59894e-02	AbsError: 7.61628e+12
      Equation: "HoleContinuityEquation"	RelError: 2.23133e-04	AbsError: 8.39117e+13
      Equation: "PotentialEquation"	RelError: 7.44244e-05	AbsError: 3.10265e-06
Iteration: 5
  Device: "MyDevice"	RelError: 4.20211e-06	AbsError: 3.84051e+09
    Region: "MyRegion"	RelError: 4.20211e-06	AbsError: 3.84051e+09
      Equation: "ElectronContinuityEquation"	RelError: 4.18462e-06	AbsError: 2.28166e+09
      Equation: "HoleContinuityEquation"	RelError: 1.68457e-08	AbsError: 1.55885e+09
      Equation: "PotentialEquation"	RelError: 6.41828e-10	AbsError: 5.98211e-11
Iteration: 6
  Device: "MyDevice"	RelError: 1.49232e-13	AbsError: 2.13170e+04
    Region: "MyRegion"	RelError: 1.49232e-13	AbsError: 2.13170e+04
      Equation: "ElectronContinuityEquation"	RelError: 4.87893e-14	AbsError: 2.09899e+04
      Equation: "HoleContinuityEquation"	RelError: 9.93070e-14	AbsError: 3.27058e+02
      Equation: "PotentialEquation"	RelError: 1.13544e-15	AbsError: 5.41444e-16
top	0.5	0.0118105431753	0.00634461199801	0.0181551551733
bot	0.0	-0.0122494226315	-0.00590579888093	-0.0181552215125
