
----------------------------------------

 DEVSIM

 Version: Beta 0.01

 Copyright 2009-2015 Devsim LLC

----------------------------------------


Creating Region air1
Creating Region MyRegion
Creating Region air2
Contact: top region MyRegion ni: 16 ci: 19 (0, 8e-06, 0)
Contact: top region MyRegion ni: 18 ci: 20 (0, 9e-06, 0)
Contact: top region MyRegion ni: 20 ci: 21 (0, 1e-05, 0)
Contact: bot region MyRegion ni: 484 ci: 495 (1e-05, 0, 0)
Contact: bot region MyRegion ni: 485 ci: 496 (1e-05, 1e-06, 0)
Contact: bot region MyRegion ni: 486 ci: 497 (1e-05, 2e-06, 0)
Contact: bot region MyRegion ni: 487 ci: 498 (1e-05, 3e-06, 0)
Contact: bot region MyRegion ni: 488 ci: 499 (1e-05, 4e-06, 0)
Contact: bot region MyRegion ni: 489 ci: 500 (1e-05, 5e-06, 0)
Contact: bot region MyRegion ni: 490 ci: 501 (1e-05, 6e-06, 0)
Contact: bot region MyRegion ni: 491 ci: 502 (1e-05, 7e-06, 0)
Contact: bot region MyRegion ni: 492 ci: 503 (1e-05, 8e-06, 0)
Contact: bot region MyRegion ni: 493 ci: 504 (1e-05, 9e-06, 0)
Contact: bot region MyRegion ni: 494 ci: 505 (1e-05, 1e-05, 0)
Adding 495 nodes
Adding 1374 edges with 1266 duplicates removed
Adding 880 triangles  with 0 duplicate removed
Adding 22 nodes
Adding 41 edges with 19 duplicates removed
Adding 20 triangles  with 0 duplicate removed
Adding 22 nodes
Adding 41 edges with 19 duplicates removed
Adding 20 triangles  with 0 duplicate removed
Contact bot in region MyRegion with 11 nodes
Contact top in region MyRegion with 3 nodes
NetDoping
-1.00000e+18
-1.00000e+18
-1.00000e+18
-1.00000e+18
-1.00000e+18
-1.00000e+18
-1.00000e+18
-1.00000e+18
-1.00000e+18
-1.00000e+18
-1.00000e+18
-1.00000e+18
-1.00000e+18
-1.00000e+18
-1.00000e+18
-1.00000e+18
-1.00000e+18
-1.00000e+18
-1.00000e+18
-1.00000e+18
-1.00000e+18
-1.00000e+18
-1.00000e+18
-1.00000e+18
-1.00000e+18
-1.00000e+18
-1.00000e+18
-1.00000e+18
-1.00000e+18
-1.00000e+18
-1.00000e+18
-1.00000e+18
-1.00000e+18
-1.00000e+18
-1.00000e+18
-1.00000e+18
-1.00000e+18
-1.00000e+18
-1.00000e+18
-1.00000e+18
-1.00000e+18
-1.00000e+18
-1.00000e+18
-1.00000e+18
-1.00000e+18
-1.00000e+18
-1.00000e+18
-1.00000e+18
-1.00000e+18
-1.00000e+18
-1.00000e+18
-1.00000e+18
-1.00000e+18
-1.00000e+18
-1.00000e+18
-1.00000e+18
-1.00000e+18
-1.00000e+18
-1.00000e+18
-1.00000e+18
-1.00000e+18
-1.00000e+18
-1.00000e+18
-1.00000e+18
-1.00000e+18
-1.00000e+18
-1.00000e+18
-1.00000e+18
-1.00000e+18
-1.00000e+18
-1.00000e+18
-1.00000e+18
-1.00000e+18
-1.00000e+18
-1.00000e+18
-1.00000e+18
-1.00000e+18
-1.00000e+18
-1.00000e+18
-1.00000e+18
-1.00000e+18
-1.00000e+18
-1.00000e+18
-1.00000e+18
-1.00000e+18
-1.00000e+18
-1.00000e+18
-1.00000e+18
-1.00000e+18
-1.00000e+18
-1.00000e+18
-1.00000e+18
-1.00000e+18
-1.00000e+18
-1.00000e+18
-1.00000e+18
-1.00000e+18
-1.00000e+18
-1.00000e+18
-1.00000e+18
-1.00000e+18
-1.00000e+18
-1.00000e+18
-1.00000e+18
-1.00000e+18
-1.00000e+18
-1.00000e+18
-1.00000e+18
-1.00000e+18
-1.00000e+18
-1.00000e+18
-1.00000e+18
-1.00000e+18
-1.00000e+18
-1.00000e+18
-1.00000e+18
-1.00000e+18
-1.00000e+18
-1.00000e+18
-1.00000e+18
-1.00000e+18
-1.00000e+18
-1.00000e+18
-1.00000e+18
-1.00000e+18
-1.00000e+18
-1.00000e+18
-1.00000e+18
-1.00000e+18
-1.00000e+18
-1.00000e+18
-1.00000e+18
-1.00000e+18
-1.00000e+18
-1.00000e+18
-1.00000e+18
-1.00000e+18
-1.00000e+18
-1.00000e+18
-1.00000e+18
-1.00000e+18
-1.00000e+18
-1.00000e+18
-1.00000e+18
-1.00000e+18
-1.00000e+18
-1.00000e+18
-1.00000e+18
-1.00000e+18
-1.00000e+18
-1.00000e+18
-1.00000e+18
-1.00000e+18
-1.00000e+18
-1.00000e+18
-1.00000e+18
-1.00000e+18
-1.00000e+18
-1.00000e+18
-1.00000e+18
-1.00000e+18
-1.00000e+18
-1.00000e+18
-1.00000e+18
-1.00000e+18
-1.00000e+18
-1.00000e+18
-1.00000e+18
-1.00000e+18
-1.00000e+18
-1.00000e+18
-1.00000e+18
-1.00000e+18
-1.00000e+18
-1.00000e+18
-1.00000e+18
-1.00000e+18
-1.00000e+18
-1.00000e+18
-1.00000e+18
-1.00000e+18
-1.00000e+18
-1.00000e+18
-1.00000e+18
-1.00000e+18
-1.00000e+18
-1.00000e+18
-1.00000e+18
-1.00000e+18
-1.00000e+18
-1.00000e+18
-1.00000e+18
-1.00000e+18
-1.00000e+18
-1.00000e+18
-1.00000e+18
-1.00000e+18
-1.00000e+18
-1.00000e+18
-1.00000e+18
-1.00000e+18
-1.00000e+18
-1.00000e+18
-1.00000e+18
-1.00000e+18
-1.00000e+18
-1.00000e+18
-1.00000e+18
-1.00000e+18
-1.00000e+18
-1.00000e+18
-1.00000e+18
-1.00000e+18
-1.00000e+18
-1.00000e+18
-1.00000e+18
-1.00000e+18
-1.00000e+18
-1.00000e+18
-1.00000e+18
-1.00000e+18
-1.00000e+18
-1.00000e+18
-1.00000e+18
-1.00000e+18
-1.00000e+18
-1.00000e+18
-1.00000e+18
-1.00000e+18
-1.00000e+18
-1.00000e+18
-1.00000e+18
-1.00000e+18
-1.00000e+18
-1.00000e+18
-1.00000e+18
-1.00000e+18
-1.00000e+18
-1.00000e+18
-1.00000e+18
-1.00000e+18
-1.00000e+18
0.00000e+00
0.00000e+00
0.00000e+00
0.00000e+00
0.00000e+00
0.00000e+00
0.00000e+00
0.00000e+00
0.00000e+00
0.00000e+00
0.00000e+00
1.00000e+18
1.00000e+18
1.00000e+18
1.00000e+18
1.00000e+18
1.00000e+18
1.00000e+18
1.00000e+18
1.00000e+18
1.00000e+18
1.00000e+18
1.00000e+18
1.00000e+18
1.00000e+18
1.00000e+18
1.00000e+18
1.00000e+18
1.00000e+18
1.00000e+18
1.00000e+18
1.00000e+18
1.00000e+18
1.00000e+18
1.00000e+18
1.00000e+18
1.00000e+18
1.00000e+18
1.00000e+18
1.00000e+18
1.00000e+18
1.00000e+18
1.00000e+18
1.00000e+18
1.00000e+18
1.00000e+18
1.00000e+18
1.00000e+18
1.00000e+18
1.00000e+18
1.00000e+18
1.00000e+18
1.00000e+18
1.00000e+18
1.00000e+18
1.00000e+18
1.00000e+18
1.00000e+18
1.00000e+18
1.00000e+18
1.00000e+18
1.00000e+18
1.00000e+18
1.00000e+18
1.00000e+18
1.00000e+18
1.00000e+18
1.00000e+18
1.00000e+18
1.00000e+18
1.00000e+18
1.00000e+18
1.00000e+18
1.00000e+18
1.00000e+18
1.00000e+18
1.00000e+18
1.00000e+18
1.00000e+18
1.00000e+18
1.00000e+18
1.00000e+18
1.00000e+18
1.00000e+18
1.00000e+18
1.00000e+18
1.00000e+18
1.00000e+18
1.00000e+18
1.00000e+18
1.00000e+18
1.00000e+18
1.00000e+18
1.00000e+18
1.00000e+18
1.00000e+18
1.00000e+18
1.00000e+18
1.00000e+18
1.00000e+18
1.00000e+18
1.00000e+18
1.00000e+18
1.00000e+18
1.00000e+18
1.00000e+18
1.00000e+18
1.00000e+18
1.00000e+18
1.00000e+18
1.00000e+18
1.00000e+18
1.00000e+18
1.00000e+18
1.00000e+18
1.00000e+18
1.00000e+18
1.00000e+18
1.00000e+18
1.00000e+18
1.00000e+18
1.00000e+18
1.00000e+18
1.00000e+18
1.00000e+18
1.00000e+18
1.00000e+18
1.00000e+18
1.00000e+18
1.00000e+18
1.00000e+18
1.00000e+18
1.00000e+18
1.00000e+18
1.00000e+18
1.00000e+18
1.00000e+18
1.00000e+18
1.00000e+18
1.00000e+18
1.00000e+18
1.00000e+18
1.00000e+18
1.00000e+18
1.00000e+18
1.00000e+18
1.00000e+18
1.00000e+18
1.00000e+18
1.00000e+18
1.00000e+18
1.00000e+18
1.00000e+18
1.00000e+18
1.00000e+18
1.00000e+18
1.00000e+18
1.00000e+18
1.00000e+18
1.00000e+18
1.00000e+18
1.00000e+18
1.00000e+18
1.00000e+18
1.00000e+18
1.00000e+18
1.00000e+18
1.00000e+18
1.00000e+18
1.00000e+18
1.00000e+18
1.00000e+18
1.00000e+18
1.00000e+18
1.00000e+18
1.00000e+18
1.00000e+18
1.00000e+18
1.00000e+18
1.00000e+18
1.00000e+18
1.00000e+18
1.00000e+18
1.00000e+18
1.00000e+18
1.00000e+18
1.00000e+18
1.00000e+18
1.00000e+18
1.00000e+18
1.00000e+18
1.00000e+18
1.00000e+18
1.00000e+18
1.00000e+18
1.00000e+18
1.00000e+18
1.00000e+18
1.00000e+18
1.00000e+18
1.00000e+18
1.00000e+18
1.00000e+18
1.00000e+18
1.00000e+18
1.00000e+18
1.00000e+18
1.00000e+18
1.00000e+18
1.00000e+18
1.00000e+18
1.00000e+18
1.00000e+18
1.00000e+18
1.00000e+18
1.00000e+18
1.00000e+18
1.00000e+18
1.00000e+18
1.00000e+18
1.00000e+18
1.00000e+18
1.00000e+18
1.00000e+18
1.00000e+18
1.00000e+18
1.00000e+18
1.00000e+18
1.00000e+18
1.00000e+18
1.00000e+18
1.00000e+18
1.00000e+18
1.00000e+18
1.00000e+18
1.00000e+18
1.00000e+18
1.00000e+18
1.00000e+18
1.00000e+18
1.00000e+18
1.00000e+18
1.00000e+18
1.00000e+18
1.00000e+18
1.00000e+18
1.00000e+18
1.00000e+18
1.00000e+18
1.00000e+18
1.00000e+18
1.00000e+18
1.00000e+18
Region "MyRegion" on device "MyDevice" has equations 0:494
Region "air1" on device "MyDevice" has no equations.
Region "air2" on device "MyDevice" has no equations.
Device "MyDevice" has equations 0:494
number of equations 495
Iteration: 0
  Device: "MyDevice"	RelError: 1.00000e+00	AbsError: 1.18567e-01
    Region: "MyRegion"	RelError: 1.00000e+00	AbsError: 1.18567e-01
      Equation: "PotentialEquation"	RelError: 1.00000e+00	AbsError: 1.18567e-01
Iteration: 1
  Device: "MyDevice"	RelError: 4.97350e-01	AbsError: 1.17317e-01
    Region: "MyRegion"	RelError: 4.97350e-01	AbsError: 1.17317e-01
      Equation: "PotentialEquation"	RelError: 4.97350e-01	AbsError: 1.17317e-01
Iteration: 2
  Device: "MyDevice"	RelError: 6.18329e-01	AbsError: 1.15853e-01
    Region: "MyRegion"	RelError: 6.18329e-01	AbsError: 1.15853e-01
      Equation: "PotentialEquation"	RelError: 6.18329e-01	AbsError: 1.15853e-01
Iteration: 3
  Device: "MyDevice"	RelError: 1.05154e+02	AbsError: 1.04169e-01
    Region: "MyRegion"	RelError: 1.05154e+02	AbsError: 1.04169e-01
      Equation: "PotentialEquation"	RelError: 1.05154e+02	AbsError: 1.04169e-01
Iteration: 4
  Device: "MyDevice"	RelError: 1.79077e+01	AbsError: 8.36778e-02
    Region: "MyRegion"	RelError: 1.79077e+01	AbsError: 8.36778e-02
      Equation: "PotentialEquation"	RelError: 1.79077e+01	AbsError: 8.36778e-02
Iteration: 5
  Device: "MyDevice"	RelError: 7.69366e+01	AbsError: 7.87874e-02
    Region: "MyRegion"	RelError: 7.69366e+01	AbsError: 7.87874e-02
      Equation: "PotentialEquation"	RelError: 7.69366e+01	AbsError: 7.87874e-02
Iteration: 6
  Device: "MyDevice"	RelError: 2.69506e+01	AbsError: 6.28109e-02
    Region: "MyRegion"	RelError: 2.69506e+01	AbsError: 6.28109e-02
      Equation: "PotentialEquation"	RelError: 2.69506e+01	AbsError: 6.28109e-02
Iteration: 7
  Device: "MyDevice"	RelError: 4.55468e+01	AbsError: 5.24596e-02
    Region: "MyRegion"	RelError: 4.55468e+01	AbsError: 5.24596e-02
      Equation: "PotentialEquation"	RelError: 4.55468e+01	AbsError: 5.24596e-02
Iteration: 8
  Device: "MyDevice"	RelError: 3.01156e+02	AbsError: 4.37414e-02
    Region: "MyRegion"	RelError: 3.01156e+02	AbsError: 4.37414e-02
      Equation: "PotentialEquation"	RelError: 3.01156e+02	AbsError: 4.37414e-02
Iteration: 9
  Device: "MyDevice"	RelError: 1.86042e+02	AbsError: 3.37983e-02
    Region: "MyRegion"	RelError: 1.86042e+02	AbsError: 3.37983e-02
      Equation: "PotentialEquation"	RelError: 1.86042e+02	AbsError: 3.37983e-02
Iteration: 10
  Device: "MyDevice"	RelError: 1.02977e+02	AbsError: 2.57010e-02
    Region: "MyRegion"	RelError: 1.02977e+02	AbsError: 2.57010e-02
      Equation: "PotentialEquation"	RelError: 1.02977e+02	AbsError: 2.57010e-02
Iteration: 11
  Device: "MyDevice"	RelError: 3.12367e-01	AbsError: 1.31004e-02
    Region: "MyRegion"	RelError: 3.12367e-01	AbsError: 1.31004e-02
      Equation: "PotentialEquation"	RelError: 3.12367e-01	AbsError: 1.31004e-02
Iteration: 12
  Device: "MyDevice"	RelError: 2.32363e-02	AbsError: 6.92465e-06
    Region: "MyRegion"	RelError: 2.32363e-02	AbsError: 6.92465e-06
      Equation: "PotentialEquation"	RelError: 2.32363e-02	AbsError: 6.92465e-06
Iteration: 13
  Device: "MyDevice"	RelError: 1.28496e-07	AbsError: 5.25536e-11
    Region: "MyRegion"	RelError: 1.28496e-07	AbsError: 5.25536e-11
      Equation: "PotentialEquation"	RelError: 1.28496e-07	AbsError: 5.25536e-11
Iteration: 14
  Device: "MyDevice"	RelError: 4.86263e-13	AbsError: 9.09288e-17
    Region: "MyRegion"	RelError: 4.86263e-13	AbsError: 9.09288e-17
      Equation: "PotentialEquation"	RelError: 4.86263e-13	AbsError: 9.09288e-17
Warning: Replacing equation with equation of the same name.
Region: MyRegion, Equation: PotentialEquation, Variable: Potential
Region "MyRegion" on device "MyDevice" has equations 0:1484
Region "air1" on device "MyDevice" has no equations.
Region "air2" on device "MyDevice" has no equations.
Device "MyDevice" has equations 0:1484
number of equations 1485
Iteration: 0
  Device: "MyDevice"	RelError: 2.13824e-13	AbsError: 1.02400e+04
    Region: "MyRegion"	RelError: 2.13824e-13	AbsError: 1.02400e+04
      Equation: "ElectronContinuityEquation"	RelError: 1.02567e-14	AbsError: 5.12000e+03
      Equation: "HoleContinuityEquation"	RelError: 1.09740e-14	AbsError: 5.12000e+03
      Equation: "PotentialEquation"	RelError: 1.92593e-13	AbsError: 1.37464e-16
Region "MyRegion" on device "MyDevice" has equations 0:1484
Region "air1" on device "MyDevice" has no equations.
Region "air2" on device "MyDevice" has no equations.
Device "MyDevice" has equations 0:1484
number of equations 1485
Iteration: 0
  Device: "MyDevice"	RelError: 1.36029e-13	AbsError: 2.40044e+02
    Region: "MyRegion"	RelError: 1.36029e-13	AbsError: 2.40044e+02
      Equation: "ElectronContinuityEquation"	RelError: 4.20678e-15	AbsError: 1.23561e+02
      Equation: "HoleContinuityEquation"	RelError: 4.93209e-15	AbsError: 1.16483e+02
      Equation: "PotentialEquation"	RelError: 1.26890e-13	AbsError: 4.98574e-17
top	0.0	-2.00880404661e-30	-1.52879407719e-15	-1.52879407719e-15
bot	0.0	-3.31300262926e-16	2.32025864225e-30	-3.31300262926e-16
Region "MyRegion" on device "MyDevice" has equations 0:1484
Region "air1" on device "MyDevice" has no equations.
Region "air2" on device "MyDevice" has no equations.
Device "MyDevice" has equations 0:1484
number of equations 1485
Iteration: 0
  Device: "MyDevice"	RelError: 3.35500e+01	AbsError: 2.04061e+17
    Region: "MyRegion"	RelError: 3.35500e+01	AbsError: 2.04061e+17
      Equation: "ElectronContinuityEquation"	RelError: 7.92143e-01	AbsError: 1.03524e+17
      Equation: "HoleContinuityEquation"	RelError: 7.74400e-01	AbsError: 1.00537e+17
      Equation: "PotentialEquation"	RelError: 3.19834e+01	AbsError: 4.09542e-02
Iteration: 1
  Device: "MyDevice"	RelError: 1.53773e+02	AbsError: 2.32378e+16
    Region: "MyRegion"	RelError: 1.53773e+02	AbsError: 2.32378e+16
      Equation: "ElectronContinuityEquation"	RelError: 6.90020e-01	AbsError: 1.25521e+16
      Equation: "HoleContinuityEquation"	RelError: 7.54207e-01	AbsError: 1.06857e+16
      Equation: "PotentialEquation"	RelError: 1.52329e+02	AbsError: 3.07632e-02
Iteration: 2
  Device: "MyDevice"	RelError: 1.52011e+00	AbsError: 1.60093e+15
    Region: "MyRegion"	RelError: 1.52011e+00	AbsError: 1.60093e+15
      Equation: "ElectronContinuityEquation"	RelError: 5.11552e-01	AbsError: 4.38115e+14
      Equation: "HoleContinuityEquation"	RelError: 4.96210e-01	AbsError: 1.16281e+15
      Equation: "PotentialEquation"	RelError: 5.12352e-01	AbsError: 2.44131e-02
Iteration: 3
  Device: "MyDevice"	RelError: 5.47578e-01	AbsError: 1.12299e+15
    Region: "MyRegion"	RelError: 5.47578e-01	AbsError: 1.12299e+15
      Equation: "ElectronContinuityEquation"	RelError: 2.68399e-01	AbsError: 5.21174e+13
      Equation: "HoleContinuityEquation"	RelError: 8.19179e-02	AbsError: 1.07087e+15
      Equation: "PotentialEquation"	RelError: 1.97261e-01	AbsError: 9.16533e-03
Iteration: 4
  Device: "MyDevice"	RelError: 5.56262e-01	AbsError: 1.11790e+15
    Region: "MyRegion"	RelError: 5.56262e-01	AbsError: 1.11790e+15
      Equation: "ElectronContinuityEquation"	RelError: 8.87984e-02	AbsError: 8.36028e+13
      Equation: "HoleContinuityEquation"	RelError: 4.68507e-03	AbsError: 1.03430e+15
      Equation: "PotentialEquation"	RelError: 4.62778e-01	AbsError: 6.60645e-05
Iteration: 5
  Device: "MyDevice"	RelError: 1.95232e-04	AbsError: 2.04697e+11
    Region: "MyRegion"	RelError: 1.95232e-04	AbsError: 2.04697e+11
      Equation: "ElectronContinuityEquation"	RelError: 1.27973e-04	AbsError: 1.53009e+10
      Equation: "HoleContinuityEquation"	RelError: 7.97937e-06	AbsError: 1.89396e+11
      Equation: "PotentialEquation"	RelError: 5.92802e-05	AbsError: 7.24569e-09
Iteration: 6
  Device: "MyDevice"	RelError: 4.45807e-09	AbsError: 4.79581e+07
    Region: "MyRegion"	RelError: 4.45807e-09	AbsError: 4.79581e+07
      Equation: "ElectronContinuityEquation"	RelError: 4.65724e-11	AbsError: 8.05694e+05
      Equation: "HoleContinuityEquation"	RelError: 4.72486e-11	AbsError: 4.71524e+07
      Equation: "PotentialEquation"	RelError: 4.36425e-09	AbsError: 1.22320e-12
Iteration: 7
  Device: "MyDevice"	RelError: 1.15527e-12	AbsError: 5.50853e+02
    Region: "MyRegion"	RelError: 1.15527e-12	AbsError: 5.50853e+02
      Equation: "ElectronContinuityEquation"	RelError: 2.01685e-14	AbsError: 3.32001e+02
      Equation: "HoleContinuityEquation"	RelError: 7.08330e-15	AbsError: 2.18851e+02
      Equation: "PotentialEquation"	RelError: 1.12802e-12	AbsError: 1.06785e-16
top	0.1	1.00901265136e-14	1.48223854907e-14	2.49125120043e-14
bot	0.0	-1.17769355369e-14	-1.40467930267e-14	-2.58237285636e-14
Region "MyRegion" on device "MyDevice" has equations 0:1484
Region "air1" on device "MyDevice" has no equations.
Region "air2" on device "MyDevice" has no equations.
Device "MyDevice" has equations 0:1484
number of equations 1485
Iteration: 0
  Device: "MyDevice"	RelError: 8.90547e+00	AbsError: 2.17497e+17
    Region: "MyRegion"	RelError: 8.90547e+00	AbsError: 2.17497e+17
      Equation: "ElectronContinuityEquation"	RelError: 7.94113e-01	AbsError: 1.07465e+17
      Equation: "HoleContinuityEquation"	RelError: 7.89474e-01	AbsError: 1.10033e+17
      Equation: "PotentialEquation"	RelError: 7.32188e+00	AbsError: 4.09542e-02
Iteration: 1
  Device: "MyDevice"	RelError: 3.99921e+00	AbsError: 2.61697e+16
    Region: "MyRegion"	RelError: 3.99921e+00	AbsError: 2.61697e+16
      Equation: "ElectronContinuityEquation"	RelError: 6.88188e-01	AbsError: 1.31205e+16
      Equation: "HoleContinuityEquation"	RelError: 7.74614e-01	AbsError: 1.30491e+16
      Equation: "PotentialEquation"	RelError: 2.53640e+00	AbsError: 3.07632e-02
Iteration: 2
  Device: "MyDevice"	RelError: 7.57149e+00	AbsError: 1.68896e+15
    Region: "MyRegion"	RelError: 7.57149e+00	AbsError: 1.68896e+15
      Equation: "ElectronContinuityEquation"	RelError: 5.14339e-01	AbsError: 3.59780e+14
      Equation: "HoleContinuityEquation"	RelError: 4.90696e-01	AbsError: 1.32918e+15
      Equation: "PotentialEquation"	RelError: 6.56646e+00	AbsError: 2.51366e-02
Iteration: 3
  Device: "MyDevice"	RelError: 3.96014e-01	AbsError: 1.02195e+15
    Region: "MyRegion"	RelError: 3.96014e-01	AbsError: 1.02195e+15
      Equation: "ElectronContinuityEquation"	RelError: 2.80220e-01	AbsError: 4.13960e+13
      Equation: "HoleContinuityEquation"	RelError: 8.26893e-02	AbsError: 9.80557e+14
      Equation: "PotentialEquation"	RelError: 3.31046e-02	AbsError: 9.16533e-03
Iteration: 4
  Device: "MyDevice"	RelError: 1.23568e-01	AbsError: 9.37712e+14
    Region: "MyRegion"	RelError: 1.23568e-01	AbsError: 9.37712e+14
      Equation: "ElectronContinuityEquation"	RelError: 9.02714e-02	AbsError: 7.34993e+13
      Equation: "HoleContinuityEquation"	RelError: 3.62884e-03	AbsError: 8.64212e+14
      Equation: "PotentialEquation"	RelError: 2.96681e-02	AbsError: 5.90384e-05
Iteration: 5
  Device: "MyDevice"	RelError: 1.21504e-04	AbsError: 1.53007e+11
    Region: "MyRegion"	RelError: 1.21504e-04	AbsError: 1.53007e+11
      Equation: "ElectronContinuityEquation"	RelError: 1.13887e-04	AbsError: 2.69840e+10
      Equation: "HoleContinuityEquation"	RelError: 5.28498e-06	AbsError: 1.26023e+11
      Equation: "PotentialEquation"	RelError: 2.33175e-06	AbsError: 5.41503e-09
Iteration: 6
  Device: "MyDevice"	RelError: 4.54800e-10	AbsError: 7.78535e+07
    Region: "MyRegion"	RelError: 4.54800e-10	AbsError: 7.78535e+07
      Equation: "ElectronContinuityEquation"	RelError: 8.09629e-11	AbsError: 9.08179e+05
      Equation: "HoleContinuityEquation"	RelError: 7.94986e-11	AbsError: 7.69453e+07
      Equation: "PotentialEquation"	RelError: 2.94339e-10	AbsError: 2.05789e-12
Iteration: 7
  Device: "MyDevice"	RelError: 1.75745e-13	AbsError: 4.09195e+02
    Region: "MyRegion"	RelError: 1.75745e-13	AbsError: 4.09195e+02
      Equation: "ElectronContinuityEquation"	RelError: 1.05128e-13	AbsError: 1.98876e+02
      Equation: "HoleContinuityEquation"	RelError: 7.33879e-15	AbsError: 2.10319e+02
      Equation: "PotentialEquation"	RelError: 6.32780e-14	AbsError: 1.03770e-16
top	0.2	4.73477378546e-13	6.58647544033e-13	1.13212492258e-12
bot	0.0	-4.81692834066e-13	-6.48122590414e-13	-1.12981542448e-12
Region "MyRegion" on device "MyDevice" has equations 0:1484
Region "air1" on device "MyDevice" has no equations.
Region "air2" on device "MyDevice" has no equations.
Device "MyDevice" has equations 0:1484
number of equations 1485
Iteration: 0
  Device: "MyDevice"	RelError: 5.62852e+00	AbsError: 2.18416e+17
    Region: "MyRegion"	RelError: 5.62852e+00	AbsError: 2.18416e+17
      Equation: "ElectronContinuityEquation"	RelError: 7.94150e-01	AbsError: 1.07251e+17
      Equation: "HoleContinuityEquation"	RelError: 7.91908e-01	AbsError: 1.11165e+17
      Equation: "PotentialEquation"	RelError: 4.04246e+00	AbsError: 4.09542e-02
Iteration: 1
  Device: "MyDevice"	RelError: 1.32155e+02	AbsError: 2.88697e+16
    Region: "MyRegion"	RelError: 1.32155e+02	AbsError: 2.88697e+16
      Equation: "ElectronContinuityEquation"	RelError: 6.89385e-01	AbsError: 1.59323e+16
      Equation: "HoleContinuityEquation"	RelError: 7.75444e-01	AbsError: 1.29374e+16
      Equation: "PotentialEquation"	RelError: 1.30690e+02	AbsError: 3.07633e-02
Iteration: 2
  Device: "MyDevice"	RelError: 2.02334e+00	AbsError: 2.67332e+15
    Region: "MyRegion"	RelError: 2.02334e+00	AbsError: 2.67332e+15
      Equation: "ElectronContinuityEquation"	RelError: 5.13399e-01	AbsError: 9.24293e+14
      Equation: "HoleContinuityEquation"	RelError: 4.95103e-01	AbsError: 1.74902e+15
      Equation: "PotentialEquation"	RelError: 1.01483e+00	AbsError: 2.57942e-02
Iteration: 3
  Device: "MyDevice"	RelError: 4.21154e-01	AbsError: 8.44874e+14
    Region: "MyRegion"	RelError: 4.21154e-01	AbsError: 8.44874e+14
      Equation: "ElectronContinuityEquation"	RelError: 2.87873e-01	AbsError: 3.07879e+13
      Equation: "HoleContinuityEquation"	RelError: 8.14580e-02	AbsError: 8.14086e+14
      Equation: "PotentialEquation"	RelError: 5.18226e-02	AbsError: 9.16533e-03
Iteration: 4
  Device: "MyDevice"	RelError: 9.65437e-02	AbsError: 7.36402e+14
    Region: "MyRegion"	RelError: 9.65437e-02	AbsError: 7.36402e+14
      Equation: "ElectronContinuityEquation"	RelError: 9.05005e-02	AbsError: 7.12042e+13
      Equation: "HoleContinuityEquation"	RelError: 2.67523e-03	AbsError: 6.65198e+14
      Equation: "PotentialEquation"	RelError: 3.36795e-03	AbsError: 4.90089e-05
Iteration: 5
  Device: "MyDevice"	RelError: 1.04801e-04	AbsError: 2.89897e+12
    Region: "MyRegion"	RelError: 1.04801e-04	AbsError: 2.89897e+12
      Equation: "ElectronContinuityEquation"	RelError: 9.23419e-05	AbsError: 9.66716e+10
      Equation: "HoleContinuityEquation"	RelError: 6.27562e-06	AbsError: 2.80230e+12
      Equation: "PotentialEquation"	RelError: 6.18330e-06	AbsError: 1.68439e-07
Iteration: 6
  Device: "MyDevice"	RelError: 7.24426e-10	AbsError: 7.88134e+07
    Region: "MyRegion"	RelError: 7.24426e-10	AbsError: 7.88134e+07
      Equation: "ElectronContinuityEquation"	RelError: 2.09897e-10	AbsError: 3.32023e+07
      Equation: "HoleContinuityEquation"	RelError: 2.10354e-10	AbsError: 4.56111e+07
      Equation: "PotentialEquation"	RelError: 3.04176e-10	AbsError: 5.44686e-12
Iteration: 7
  Device: "MyDevice"	RelError: 3.29521e-13	AbsError: 9.33773e+04
    Region: "MyRegion"	RelError: 3.29521e-13	AbsError: 9.33773e+04
      Equation: "ElectronContinuityEquation"	RelError: 1.27827e-13	AbsError: 1.05048e+04
      Equation: "HoleContinuityEquation"	RelError: 9.07918e-14	AbsError: 8.28725e+04
      Equation: "PotentialEquation"	RelError: 1.10902e-13	AbsError: 2.29496e-15
top	0.3	2.177083703e-11	2.93470506573e-11	5.11178876872e-11
bot	0.0	-2.18405552151e-11	-2.92746276117e-11	-5.11151828268e-11
Region "MyRegion" on device "MyDevice" has equations 0:1484
Region "air1" on device "MyDevice" has no equations.
Region "air2" on device "MyDevice" has no equations.
Device "MyDevice" has equations 0:1484
number of equations 1485
Iteration: 0
  Device: "MyDevice"	RelError: 4.01245e+00	AbsError: 2.53541e+17
    Region: "MyRegion"	RelError: 4.01245e+00	AbsError: 2.53541e+17
      Equation: "ElectronContinuityEquation"	RelError: 7.95438e-01	AbsError: 1.27363e+17
      Equation: "HoleContinuityEquation"	RelError: 7.92044e-01	AbsError: 1.26178e+17
      Equation: "PotentialEquation"	RelError: 2.42497e+00	AbsError: 4.11192e-02
Iteration: 1
  Device: "MyDevice"	RelError: 6.11302e+00	AbsError: 5.08691e+16
    Region: "MyRegion"	RelError: 6.11302e+00	AbsError: 5.08691e+16
      Equation: "ElectronContinuityEquation"	RelError: 6.90647e-01	AbsError: 1.94890e+16
      Equation: "HoleContinuityEquation"	RelError: 7.74336e-01	AbsError: 3.13801e+16
      Equation: "PotentialEquation"	RelError: 4.64804e+00	AbsError: 3.07737e-02
Iteration: 2
  Device: "MyDevice"	RelError: 2.83431e+00	AbsError: 4.50067e+15
    Region: "MyRegion"	RelError: 2.83431e+00	AbsError: 4.50067e+15
      Equation: "ElectronContinuityEquation"	RelError: 5.12392e-01	AbsError: 2.07096e+15
      Equation: "HoleContinuityEquation"	RelError: 5.00477e-01	AbsError: 2.42971e+15
      Equation: "PotentialEquation"	RelError: 1.82144e+00	AbsError: 2.37802e-02
Iteration: 3
  Device: "MyDevice"	RelError: 4.58948e-01	AbsError: 1.02401e+15
    Region: "MyRegion"	RelError: 4.58948e-01	AbsError: 1.02401e+15
      Equation: "ElectronContinuityEquation"	RelError: 2.59410e-01	AbsError: 3.01966e+13
      Equation: "HoleContinuityEquation"	RelError: 8.00687e-02	AbsError: 9.93817e+14
      Equation: "PotentialEquation"	RelError: 1.19469e-01	AbsError: 9.18003e-03
Iteration: 4
  Device: "MyDevice"	RelError: 9.38442e-02	AbsError: 9.70820e+14
    Region: "MyRegion"	RelError: 9.38442e-02	AbsError: 9.70820e+14
      Equation: "ElectronContinuityEquation"	RelError: 8.54792e-02	AbsError: 7.79311e+13
      Equation: "HoleContinuityEquation"	RelError: 3.56575e-03	AbsError: 8.92889e+14
      Equation: "PotentialEquation"	RelError: 4.79925e-03	AbsError: 4.76163e-05
Iteration: 5
  Device: "MyDevice"	RelError: 9.58531e-05	AbsError: 8.69510e+11
    Region: "MyRegion"	RelError: 9.58531e-05	AbsError: 8.69510e+11
      Equation: "ElectronContinuityEquation"	RelError: 9.01982e-05	AbsError: 2.51065e+11
      Equation: "HoleContinuityEquation"	RelError: 4.55198e-06	AbsError: 6.18445e+11
      Equation: "PotentialEquation"	RelError: 1.10294e-06	AbsError: 4.16565e-08
Iteration: 6
  Device: "MyDevice"	RelError: 6.90447e-09	AbsError: 4.73249e+08
    Region: "MyRegion"	RelError: 6.90447e-09	AbsError: 4.73249e+08
      Equation: "ElectronContinuityEquation"	RelError: 1.45492e-09	AbsError: 6.69476e+07
      Equation: "HoleContinuityEquation"	RelError: 1.45521e-09	AbsError: 4.06302e+08
      Equation: "PotentialEquation"	RelError: 3.99435e-09	AbsError: 3.76717e-11
Iteration: 7
  Device: "MyDevice"	RelError: 2.07253e-12	AbsError: 1.18096e+06
    Region: "MyRegion"	RelError: 2.07253e-12	AbsError: 1.18096e+06
      Equation: "ElectronContinuityEquation"	RelError: 8.87423e-13	AbsError: 3.12878e+05
      Equation: "HoleContinuityEquation"	RelError: 8.84675e-13	AbsError: 8.68085e+05
      Equation: "PotentialEquation"	RelError: 3.00431e-13	AbsError: 2.29438e-14
top	0.4	1.0003002857e-09	1.32028859703e-09	2.32058888273e-09
bot	0.0	-1.00085545425e-09	-1.31973035269e-09	-2.32058580694e-09
Region "MyRegion" on device "MyDevice" has equations 0:1484
Region "air1" on device "MyDevice" has no equations.
Region "air2" on device "MyDevice" has no equations.
Device "MyDevice" has equations 0:1484
number of equations 1485
Iteration: 0
  Device: "MyDevice"	RelError: 2.46810e+01	AbsError: 2.74028e+17
    Region: "MyRegion"	RelError: 2.46810e+01	AbsError: 2.74028e+17
      Equation: "ElectronContinuityEquation"	RelError: 7.94972e-01	AbsError: 1.34856e+17
      Equation: "HoleContinuityEquation"	RelError: 7.91986e-01	AbsError: 1.39172e+17
      Equation: "PotentialEquation"	RelError: 2.30941e+01	AbsError: 4.10668e-02
Iteration: 1
  Device: "MyDevice"	RelError: 2.65459e+01	AbsError: 5.41834e+16
    Region: "MyRegion"	RelError: 2.65459e+01	AbsError: 5.41834e+16
      Equation: "ElectronContinuityEquation"	RelError: 6.88492e-01	AbsError: 2.43367e+16
      Equation: "HoleContinuityEquation"	RelError: 7.76713e-01	AbsError: 2.98467e+16
      Equation: "PotentialEquation"	RelError: 2.50807e+01	AbsError: 3.07696e-02
Iteration: 2
  Device: "MyDevice"	RelError: 2.37963e+00	AbsError: 5.95712e+15
    Region: "MyRegion"	RelError: 2.37963e+00	AbsError: 5.95712e+15
      Equation: "ElectronContinuityEquation"	RelError: 5.14003e-01	AbsError: 2.94303e+15
      Equation: "HoleContinuityEquation"	RelError: 4.97304e-01	AbsError: 3.01410e+15
      Equation: "PotentialEquation"	RelError: 1.36832e+00	AbsError: 2.47513e-02
Iteration: 3
  Device: "MyDevice"	RelError: 7.49311e-01	AbsError: 9.08294e+14
    Region: "MyRegion"	RelError: 7.49311e-01	AbsError: 9.08294e+14
      Equation: "ElectronContinuityEquation"	RelError: 2.74000e-01	AbsError: 1.32507e+13
      Equation: "HoleContinuityEquation"	RelError: 7.90285e-02	AbsError: 8.95044e+14
      Equation: "PotentialEquation"	RelError: 3.96283e-01	AbsError: 9.17490e-03
Iteration: 4
  Device: "MyDevice"	RelError: 9.08889e-02	AbsError: 7.81979e+14
    Region: "MyRegion"	RelError: 9.08889e-02	AbsError: 7.81979e+14
      Equation: "ElectronContinuityEquation"	RelError: 8.73182e-02	AbsError: 7.61573e+13
      Equation: "HoleContinuityEquation"	RelError: 2.55139e-03	AbsError: 7.05822e+14
      Equation: "PotentialEquation"	RelError: 1.01932e-03	AbsError: 4.08780e-05
Iteration: 5
  Device: "MyDevice"	RelError: 8.00444e-05	AbsError: 5.90062e+11
    Region: "MyRegion"	RelError: 8.00444e-05	AbsError: 5.90062e+11
      Equation: "ElectronContinuityEquation"	RelError: 7.71627e-05	AbsError: 3.04274e+11
      Equation: "HoleContinuityEquation"	RelError: 2.54877e-06	AbsError: 2.85788e+11
      Equation: "PotentialEquation"	RelError: 3.32956e-07	AbsError: 1.44632e-08
Iteration: 6
  Device: "MyDevice"	RelError: 4.77774e-10	AbsError: 1.65480e+08
    Region: "MyRegion"	RelError: 4.77774e-10	AbsError: 1.65480e+08
      Equation: "ElectronContinuityEquation"	RelError: 1.51727e-10	AbsError: 1.16184e+07
      Equation: "HoleContinuityEquation"	RelError: 1.53934e-10	AbsError: 1.53861e+08
      Equation: "PotentialEquation"	RelError: 1.72113e-10	AbsError: 3.98484e-12
Iteration: 7
  Device: "MyDevice"	RelError: 2.64357e-13	AbsError: 9.85108e+04
    Region: "MyRegion"	RelError: 2.64357e-13	AbsError: 9.85108e+04
      Equation: "ElectronContinuityEquation"	RelError: 1.48463e-13	AbsError: 6.01898e+04
      Equation: "HoleContinuityEquation"	RelError: 7.30542e-14	AbsError: 3.83210e+04
      Equation: "PotentialEquation"	RelError: 4.28389e-14	AbsError: 1.80496e-15
top	0.5	4.59224796297e-08	5.93574361505e-08	1.0527991578e-07
bot	0.0	-4.59268991759e-08	-5.93530149433e-08	-1.05279914119e-07
