
----------------------------------------

 DEVSIM

 Version: Beta 0.01

 Copyright 2009-2014 Devsim LLC

----------------------------------------


Physical group name Base has 0 Tetrahedra.
Physical group name Base has 223 Triangles.
Physical group name Base has 354 Lines.
Physical group name Base has 132 Points.
Physical group name Bulk has 6701 Tetrahedra.
Physical group name Bulk has 14066 Triangles.
Physical group name Bulk has 8781 Lines.
Physical group name Bulk has 1417 Points.
Physical group name Emitter has 0 Tetrahedra.
Physical group name Emitter has 201 Triangles.
Physical group name Emitter has 320 Lines.
Physical group name Emitter has 120 Points.
Device diode3d has 1417 coordinates with max index 1417
group Bulk has 1417 nodes.
Region Bulk has 1417 nodes.
Region Bulk has 1417 nodes.
group Emitter has 120 nodes.
Contact bot in region Bulk with 120 nodes
group Base has 132 nodes.
Contact top in region Bulk with 132 nodes
Creating Node Solution Potential
Region "Bulk" on device "diode3d" has equations 0:1416
Device "diode3d" has equations 0:1416
number of equations 1417
Iteration: 0
  Device: "diode3d"	RelError: 1.00000e+00	AbsError: 8.97349e-02
    Region: "Bulk"	RelError: 1.00000e+00	AbsError: 8.97349e-02
      Equation: "PotentialEquation"	RelError: 1.00000e+00	AbsError: 8.97349e-02
Iteration: 1
  Device: "diode3d"	RelError: 4.91582e-01	AbsError: 8.67635e-02
    Region: "Bulk"	RelError: 4.91582e-01	AbsError: 8.67635e-02
      Equation: "PotentialEquation"	RelError: 4.91582e-01	AbsError: 8.67635e-02
Iteration: 2
  Device: "diode3d"	RelError: 3.21212e-01	AbsError: 8.35216e-02
    Region: "Bulk"	RelError: 3.21212e-01	AbsError: 8.35216e-02
      Equation: "PotentialEquation"	RelError: 3.21212e-01	AbsError: 8.35216e-02
Iteration: 3
  Device: "diode3d"	RelError: 2.35032e-01	AbsError: 7.98898e-02
    Region: "Bulk"	RelError: 2.35032e-01	AbsError: 7.98898e-02
      Equation: "PotentialEquation"	RelError: 2.35032e-01	AbsError: 7.98898e-02
Iteration: 4
  Device: "diode3d"	RelError: 5.16590e-01	AbsError: 7.44408e-02
    Region: "Bulk"	RelError: 5.16590e-01	AbsError: 7.44408e-02
      Equation: "PotentialEquation"	RelError: 5.16590e-01	AbsError: 7.44408e-02
Iteration: 5
  Device: "diode3d"	RelError: 2.34632e+00	AbsError: 5.62017e-02
    Region: "Bulk"	RelError: 2.34632e+00	AbsError: 5.62017e-02
      Equation: "PotentialEquation"	RelError: 2.34632e+00	AbsError: 5.62017e-02
Iteration: 6
  Device: "diode3d"	RelError: 3.59746e+00	AbsError: 3.95692e-02
    Region: "Bulk"	RelError: 3.59746e+00	AbsError: 3.95692e-02
      Equation: "PotentialEquation"	RelError: 3.59746e+00	AbsError: 3.95692e-02
Iteration: 7
  Device: "diode3d"	RelError: 1.72191e-01	AbsError: 2.91367e-02
    Region: "Bulk"	RelError: 1.72191e-01	AbsError: 2.91367e-02
      Equation: "PotentialEquation"	RelError: 1.72191e-01	AbsError: 2.91367e-02
Iteration: 8
  Device: "diode3d"	RelError: 5.18778e-02	AbsError: 2.47384e-02
    Region: "Bulk"	RelError: 5.18778e-02	AbsError: 2.47384e-02
      Equation: "PotentialEquation"	RelError: 5.18778e-02	AbsError: 2.47384e-02
Iteration: 9
  Device: "diode3d"	RelError: 3.11204e-04	AbsError: 4.09701e-05
    Region: "Bulk"	RelError: 3.11204e-04	AbsError: 4.09701e-05
      Equation: "PotentialEquation"	RelError: 3.11204e-04	AbsError: 4.09701e-05
Iteration: 10
  Device: "diode3d"	RelError: 4.19686e-08	AbsError: 1.62468e-08
    Region: "Bulk"	RelError: 4.19686e-08	AbsError: 1.62468e-08
      Equation: "PotentialEquation"	RelError: 4.19686e-08	AbsError: 1.62468e-08
Iteration: 11
  Device: "diode3d"	RelError: 5.27127e-15	AbsError: 2.51275e-15
    Region: "Bulk"	RelError: 5.27127e-15	AbsError: 2.51275e-15
      Equation: "PotentialEquation"	RelError: 5.27127e-15	AbsError: 2.51275e-15
Warning: Replacing equation with equation of the same name.
Region: Bulk, Equation: PotentialEquation, Variable: Potential
Region "Bulk" on device "diode3d" has equations 0:4250
Device "diode3d" has equations 0:4250
number of equations 4251
Iteration: 0
  Device: "diode3d"	RelError: 6.35704e-09	AbsError: 1.02400e+04
    Region: "Bulk"	RelError: 6.35704e-09	AbsError: 1.02400e+04
      Equation: "ElectronContinuityEquation"	RelError: 2.90941e-09	AbsError: 5.12000e+03
      Equation: "HoleContinuityEquation"	RelError: 3.44762e-09	AbsError: 5.12000e+03
      Equation: "PotentialEquation"	RelError: 1.25467e-14	AbsError: 1.45993e-16
Region "Bulk" on device "diode3d" has equations 0:4250
Device "diode3d" has equations 0:4250
number of equations 4251
Iteration: 0
  Device: "diode3d"	RelError: 8.25757e+02	AbsError: 2.07696e+17
    Region: "Bulk"	RelError: 8.25757e+02	AbsError: 2.07696e+17
      Equation: "ElectronContinuityEquation"	RelError: 7.77242e-01	AbsError: 1.03582e+17
      Equation: "HoleContinuityEquation"	RelError: 7.77160e-01	AbsError: 1.04114e+17
      Equation: "PotentialEquation"	RelError: 8.24202e+02	AbsError: 4.35863e-02
Iteration: 1
  Device: "diode3d"	RelError: 4.22137e+02	AbsError: 3.26458e+16
    Region: "Bulk"	RelError: 4.22137e+02	AbsError: 3.26458e+16
      Equation: "ElectronContinuityEquation"	RelError: 6.75071e-01	AbsError: 1.36493e+16
      Equation: "HoleContinuityEquation"	RelError: 7.55041e-01	AbsError: 1.89966e+16
      Equation: "PotentialEquation"	RelError: 4.20707e+02	AbsError: 3.42849e-02
Iteration: 2
  Device: "diode3d"	RelError: 5.77463e+00	AbsError: 1.16970e+16
    Region: "Bulk"	RelError: 5.77463e+00	AbsError: 1.16970e+16
      Equation: "ElectronContinuityEquation"	RelError: 4.93732e-01	AbsError: 7.19369e+14
      Equation: "HoleContinuityEquation"	RelError: 4.79546e-01	AbsError: 1.09776e+16
      Equation: "PotentialEquation"	RelError: 4.80135e+00	AbsError: 2.58074e-02
Iteration: 3
  Device: "diode3d"	RelError: 8.52466e+00	AbsError: 8.53347e+15
    Region: "Bulk"	RelError: 8.52466e+00	AbsError: 8.53347e+15
      Equation: "ElectronContinuityEquation"	RelError: 3.03498e-01	AbsError: 5.91379e+14
      Equation: "HoleContinuityEquation"	RelError: 1.41262e-01	AbsError: 7.94209e+15
      Equation: "PotentialEquation"	RelError: 8.07990e+00	AbsError: 1.41960e-02
Iteration: 4
  Device: "diode3d"	RelError: 1.12966e+00	AbsError: 2.77463e+15
    Region: "Bulk"	RelError: 1.12966e+00	AbsError: 2.77463e+15
      Equation: "ElectronContinuityEquation"	RelError: 8.33593e-02	AbsError: 2.11448e+14
      Equation: "HoleContinuityEquation"	RelError: 1.31704e-02	AbsError: 2.56318e+15
      Equation: "PotentialEquation"	RelError: 1.03313e+00	AbsError: 1.43901e-03
Iteration: 5
  Device: "diode3d"	RelError: 7.72172e-04	AbsError: 1.85921e+13
    Region: "Bulk"	RelError: 7.72172e-04	AbsError: 1.85921e+13
      Equation: "ElectronContinuityEquation"	RelError: 3.17113e-04	AbsError: 2.17499e+12
      Equation: "HoleContinuityEquation"	RelError: 7.46648e-05	AbsError: 1.64172e+13
      Equation: "PotentialEquation"	RelError: 3.80394e-04	AbsError: 2.40509e-06
Iteration: 6
  Device: "diode3d"	RelError: 7.94483e-08	AbsError: 2.33364e+10
    Region: "Bulk"	RelError: 7.94483e-08	AbsError: 2.33364e+10
      Equation: "ElectronContinuityEquation"	RelError: 1.95428e-08	AbsError: 9.87892e+09
      Equation: "HoleContinuityEquation"	RelError: 1.90960e-08	AbsError: 1.34575e+10
      Equation: "PotentialEquation"	RelError: 4.08095e-08	AbsError: 5.57797e-09
Iteration: 7
  Device: "diode3d"	RelError: 6.23779e-10	AbsError: 1.44286e+08
    Region: "Bulk"	RelError: 6.23779e-10	AbsError: 1.44286e+08
      Equation: "ElectronContinuityEquation"	RelError: 3.43978e-10	AbsError: 9.57565e+07
      Equation: "HoleContinuityEquation"	RelError: 2.23224e-10	AbsError: 4.85299e+07
      Equation: "PotentialEquation"	RelError: 5.65780e-11	AbsError: 2.73668e-12
top	0.1	3.28291661982e-19	1.68508330983e-19	4.96799992965e-19
bot	0.0	-3.61561015433e-19	-1.61838770345e-19	-5.23399785778e-19
Region "Bulk" on device "diode3d" has equations 0:4250
Device "diode3d" has equations 0:4250
number of equations 4251
Iteration: 0
  Device: "diode3d"	RelError: 4.25191e+01	AbsError: 2.17370e+17
    Region: "Bulk"	RelError: 4.25191e+01	AbsError: 2.17370e+17
      Equation: "ElectronContinuityEquation"	RelError: 7.91165e-01	AbsError: 1.08849e+17
      Equation: "HoleContinuityEquation"	RelError: 7.90934e-01	AbsError: 1.08520e+17
      Equation: "PotentialEquation"	RelError: 4.09370e+01	AbsError: 4.29892e-02
Iteration: 1
  Device: "diode3d"	RelError: 2.16659e+01	AbsError: 3.34464e+16
    Region: "Bulk"	RelError: 2.16659e+01	AbsError: 3.34464e+16
      Equation: "ElectronContinuityEquation"	RelError: 6.85977e-01	AbsError: 1.60619e+16
      Equation: "HoleContinuityEquation"	RelError: 7.69210e-01	AbsError: 1.73846e+16
      Equation: "PotentialEquation"	RelError: 2.02107e+01	AbsError: 3.15561e-02
Iteration: 2
  Device: "diode3d"	RelError: 6.48948e+00	AbsError: 1.76155e+16
    Region: "Bulk"	RelError: 6.48948e+00	AbsError: 1.76155e+16
      Equation: "ElectronContinuityEquation"	RelError: 5.00943e-01	AbsError: 3.12199e+15
      Equation: "HoleContinuityEquation"	RelError: 4.82028e-01	AbsError: 1.44935e+16
      Equation: "PotentialEquation"	RelError: 5.50651e+00	AbsError: 2.58661e-02
Iteration: 3
  Device: "diode3d"	RelError: 5.02477e-01	AbsError: 7.78192e+15
    Region: "Bulk"	RelError: 5.02477e-01	AbsError: 7.78192e+15
      Equation: "ElectronContinuityEquation"	RelError: 3.03841e-01	AbsError: 3.05666e+15
      Equation: "HoleContinuityEquation"	RelError: 1.49689e-01	AbsError: 4.72526e+15
      Equation: "PotentialEquation"	RelError: 4.89461e-02	AbsError: 1.01583e-02
Iteration: 4
  Device: "diode3d"	RelError: 1.43065e-01	AbsError: 3.34166e+15
    Region: "Bulk"	RelError: 1.43065e-01	AbsError: 3.34166e+15
      Equation: "ElectronContinuityEquation"	RelError: 8.56346e-02	AbsError: 3.26786e+14
      Equation: "HoleContinuityEquation"	RelError: 1.10535e-02	AbsError: 3.01487e+15
      Equation: "PotentialEquation"	RelError: 4.63768e-02	AbsError: 1.18323e-03
Iteration: 5
  Device: "diode3d"	RelError: 5.88317e-04	AbsError: 3.81456e+13
    Region: "Bulk"	RelError: 5.88317e-04	AbsError: 3.81456e+13
      Equation: "ElectronContinuityEquation"	RelError: 3.68011e-04	AbsError: 1.92089e+13
      Equation: "HoleContinuityEquation"	RelError: 1.36481e-04	AbsError: 1.89368e+13
      Equation: "PotentialEquation"	RelError: 8.38248e-05	AbsError: 2.32077e-05
Iteration: 6
  Device: "diode3d"	RelError: 8.30352e-08	AbsError: 5.17765e+10
    Region: "Bulk"	RelError: 8.30352e-08	AbsError: 5.17765e+10
      Equation: "ElectronContinuityEquation"	RelError: 2.90705e-08	AbsError: 2.36431e+10
      Equation: "HoleContinuityEquation"	RelError: 2.89100e-08	AbsError: 2.81335e+10
      Equation: "PotentialEquation"	RelError: 2.50547e-08	AbsError: 1.35164e-09
Iteration: 7
  Device: "diode3d"	RelError: 3.71120e-10	AbsError: 9.31632e+07
    Region: "Bulk"	RelError: 3.71120e-10	AbsError: 9.31632e+07
      Equation: "ElectronContinuityEquation"	RelError: 1.99404e-10	AbsError: 7.56135e+07
      Equation: "HoleContinuityEquation"	RelError: 1.44817e-10	AbsError: 1.75497e+07
      Equation: "PotentialEquation"	RelError: 2.68998e-11	AbsError: 1.95493e-12
top	0.2	1.51352992802e-17	7.55634857631e-18	2.26916478565e-17
bot	0.0	-1.51818647856e-17	-7.46983068638e-18	-2.2651695472e-17
Region "Bulk" on device "diode3d" has equations 0:4250
Device "diode3d" has equations 0:4250
number of equations 4251
Iteration: 0
  Device: "diode3d"	RelError: 2.27299e+01	AbsError: 2.35477e+17
    Region: "Bulk"	RelError: 2.27299e+01	AbsError: 2.35477e+17
      Equation: "ElectronContinuityEquation"	RelError: 7.92785e-01	AbsError: 1.18513e+17
      Equation: "HoleContinuityEquation"	RelError: 7.92200e-01	AbsError: 1.16964e+17
      Equation: "PotentialEquation"	RelError: 2.11449e+01	AbsError: 4.50169e-02
Iteration: 1
  Device: "diode3d"	RelError: 1.27241e+02	AbsError: 4.55607e+16
    Region: "Bulk"	RelError: 1.27241e+02	AbsError: 4.55607e+16
      Equation: "ElectronContinuityEquation"	RelError: 6.89907e-01	AbsError: 2.03727e+16
      Equation: "HoleContinuityEquation"	RelError: 7.72785e-01	AbsError: 2.51880e+16
      Equation: "PotentialEquation"	RelError: 1.25778e+02	AbsError: 3.30991e-02
Iteration: 2
  Device: "diode3d"	RelError: 1.68127e+01	AbsError: 3.14418e+16
    Region: "Bulk"	RelError: 1.68127e+01	AbsError: 3.14418e+16
      Equation: "ElectronContinuityEquation"	RelError: 5.02731e-01	AbsError: 6.25857e+15
      Equation: "HoleContinuityEquation"	RelError: 4.82463e-01	AbsError: 2.51832e+16
      Equation: "PotentialEquation"	RelError: 1.58275e+01	AbsError: 2.58700e-02
Iteration: 3
  Device: "diode3d"	RelError: 5.24670e-01	AbsError: 6.35548e+15
    Region: "Bulk"	RelError: 5.24670e-01	AbsError: 6.35548e+15
      Equation: "ElectronContinuityEquation"	RelError: 3.07547e-01	AbsError: 4.69591e+15
      Equation: "HoleContinuityEquation"	RelError: 1.48059e-01	AbsError: 1.65956e+15
      Equation: "PotentialEquation"	RelError: 6.90634e-02	AbsError: 1.22142e-02
Iteration: 4
  Device: "diode3d"	RelError: 1.96284e-01	AbsError: 2.84089e+15
    Region: "Bulk"	RelError: 1.96284e-01	AbsError: 2.84089e+15
      Equation: "ElectronContinuityEquation"	RelError: 8.88253e-02	AbsError: 8.66376e+14
      Equation: "HoleContinuityEquation"	RelError: 9.16527e-03	AbsError: 1.97451e+15
      Equation: "PotentialEquation"	RelError: 9.82931e-02	AbsError: 3.01977e-03
Iteration: 5
  Device: "diode3d"	RelError: 5.41954e-04	AbsError: 5.34525e+13
    Region: "Bulk"	RelError: 5.41954e-04	AbsError: 5.34525e+13
      Equation: "ElectronContinuityEquation"	RelError: 2.75635e-04	AbsError: 4.05425e+13
      Equation: "HoleContinuityEquation"	RelError: 2.23070e-04	AbsError: 1.29101e+13
      Equation: "PotentialEquation"	RelError: 4.32486e-05	AbsError: 7.22870e-06
Iteration: 6
  Device: "diode3d"	RelError: 2.36256e-07	AbsError: 9.64980e+10
    Region: "Bulk"	RelError: 2.36256e-07	AbsError: 9.64980e+10
      Equation: "ElectronContinuityEquation"	RelError: 7.35740e-08	AbsError: 7.31722e+10
      Equation: "HoleContinuityEquation"	RelError: 7.64907e-08	AbsError: 2.33258e+10
      Equation: "PotentialEquation"	RelError: 8.61915e-08	AbsError: 6.21654e-09
Iteration: 7
  Device: "diode3d"	RelError: 5.83177e-10	AbsError: 3.71170e+08
    Region: "Bulk"	RelError: 5.83177e-10	AbsError: 3.71170e+08
      Equation: "ElectronContinuityEquation"	RelError: 2.64434e-10	AbsError: 2.22929e+08
      Equation: "HoleContinuityEquation"	RelError: 2.56048e-10	AbsError: 1.48242e+08
      Equation: "PotentialEquation"	RelError: 6.26947e-11	AbsError: 6.76025e-12
top	0.3	6.83003935287e-16	3.37980732119e-16	1.02098466741e-15
bot	0.0	-6.83504580285e-16	-3.37470954652e-16	-1.02097553494e-15
Region "Bulk" on device "diode3d" has equations 0:4250
Device "diode3d" has equations 0:4250
number of equations 4251
Iteration: 0
  Device: "diode3d"	RelError: 3.38487e+01	AbsError: 2.77287e+17
    Region: "Bulk"	RelError: 3.38487e+01	AbsError: 2.77287e+17
      Equation: "ElectronContinuityEquation"	RelError: 7.96016e-01	AbsError: 1.29657e+17
      Equation: "HoleContinuityEquation"	RelError: 7.95270e-01	AbsError: 1.47630e+17
      Equation: "PotentialEquation"	RelError: 3.22574e+01	AbsError: 4.55457e-02
Iteration: 1
  Device: "diode3d"	RelError: 1.12447e+02	AbsError: 1.40769e+17
    Region: "Bulk"	RelError: 1.12447e+02	AbsError: 1.40769e+17
      Equation: "ElectronContinuityEquation"	RelError: 6.87091e-01	AbsError: 2.88336e+16
      Equation: "HoleContinuityEquation"	RelError: 7.77575e-01	AbsError: 1.11935e+17
      Equation: "PotentialEquation"	RelError: 1.10982e+02	AbsError: 3.30586e-02
Iteration: 2
  Device: "diode3d"	RelError: 2.07509e+01	AbsError: 1.84162e+16
    Region: "Bulk"	RelError: 2.07509e+01	AbsError: 1.84162e+16
      Equation: "ElectronContinuityEquation"	RelError: 5.05331e-01	AbsError: 1.05284e+16
      Equation: "HoleContinuityEquation"	RelError: 5.13141e-01	AbsError: 7.88778e+15
      Equation: "PotentialEquation"	RelError: 1.97325e+01	AbsError: 2.58826e-02
Iteration: 3
  Device: "diode3d"	RelError: 6.32778e-01	AbsError: 1.02022e+16
    Region: "Bulk"	RelError: 6.32778e-01	AbsError: 1.02022e+16
      Equation: "ElectronContinuityEquation"	RelError: 3.07767e-01	AbsError: 4.62483e+15
      Equation: "HoleContinuityEquation"	RelError: 1.58257e-01	AbsError: 5.57738e+15
      Equation: "PotentialEquation"	RelError: 1.66754e-01	AbsError: 1.28252e-02
Iteration: 4
  Device: "diode3d"	RelError: 1.85219e-01	AbsError: 2.98133e+15
    Region: "Bulk"	RelError: 1.85219e-01	AbsError: 2.98133e+15
      Equation: "ElectronContinuityEquation"	RelError: 8.73044e-02	AbsError: 1.70438e+15
      Equation: "HoleContinuityEquation"	RelError: 1.15214e-02	AbsError: 1.27695e+15
      Equation: "PotentialEquation"	RelError: 8.63937e-02	AbsError: 1.13308e-03
Iteration: 5
  Device: "diode3d"	RelError: 3.67619e-04	AbsError: 6.64776e+13
    Region: "Bulk"	RelError: 3.67619e-04	AbsError: 6.64776e+13
      Equation: "ElectronContinuityEquation"	RelError: 1.66282e-04	AbsError: 3.68846e+13
      Equation: "HoleContinuityEquation"	RelError: 1.32291e-04	AbsError: 2.95930e+13
      Equation: "PotentialEquation"	RelError: 6.90472e-05	AbsError: 1.86319e-05
Iteration: 6
  Device: "diode3d"	RelError: 1.64748e-07	AbsError: 7.23981e+10
    Region: "Bulk"	RelError: 1.64748e-07	AbsError: 7.23981e+10
      Equation: "ElectronContinuityEquation"	RelError: 5.13464e-08	AbsError: 4.07109e+10
      Equation: "HoleContinuityEquation"	RelError: 5.47511e-08	AbsError: 3.16872e+10
      Equation: "PotentialEquation"	RelError: 5.86504e-08	AbsError: 5.80125e-09
Iteration: 7
  Device: "diode3d"	RelError: 7.86743e-10	AbsError: 2.44094e+08
    Region: "Bulk"	RelError: 7.86743e-10	AbsError: 2.44094e+08
      Equation: "ElectronContinuityEquation"	RelError: 2.42518e-10	AbsError: 1.68848e+08
      Equation: "HoleContinuityEquation"	RelError: 2.38080e-10	AbsError: 7.52458e+07
      Equation: "PotentialEquation"	RelError: 3.06145e-10	AbsError: 6.28215e-12
top	0.4	3.07499041974e-14	1.52170630492e-14	4.59669672466e-14
bot	0.0	-3.07537092488e-14	-1.52132831694e-14	-4.59669924181e-14
Region "Bulk" on device "diode3d" has equations 0:4250
Device "diode3d" has equations 0:4250
number of equations 4251
Iteration: 0
  Device: "diode3d"	RelError: 1.03202e+02	AbsError: 3.50127e+17
    Region: "Bulk"	RelError: 1.03202e+02	AbsError: 3.50127e+17
      Equation: "ElectronContinuityEquation"	RelError: 7.95681e-01	AbsError: 1.68302e+17
      Equation: "HoleContinuityEquation"	RelError: 8.04206e-01	AbsError: 1.81825e+17
      Equation: "PotentialEquation"	RelError: 1.01602e+02	AbsError: 4.89922e-02
Iteration: 1
  Device: "diode3d"	RelError: 1.11137e+02	AbsError: 2.26692e+17
    Region: "Bulk"	RelError: 1.11137e+02	AbsError: 2.26692e+17
      Equation: "ElectronContinuityEquation"	RelError: 6.92033e-01	AbsError: 7.47534e+16
      Equation: "HoleContinuityEquation"	RelError: 8.21173e-01	AbsError: 1.51938e+17
      Equation: "PotentialEquation"	RelError: 1.09624e+02	AbsError: 3.87467e-02
Iteration: 2
  Device: "diode3d"	RelError: 4.28975e+00	AbsError: 3.54131e+16
    Region: "Bulk"	RelError: 4.28975e+00	AbsError: 3.54131e+16
      Equation: "ElectronContinuityEquation"	RelError: 5.15790e-01	AbsError: 1.76131e+16
      Equation: "HoleContinuityEquation"	RelError: 5.32653e-01	AbsError: 1.77999e+16
      Equation: "PotentialEquation"	RelError: 3.24131e+00	AbsError: 2.58883e-02
Iteration: 3
  Device: "diode3d"	RelError: 1.12845e+00	AbsError: 1.27500e+16
    Region: "Bulk"	RelError: 1.12845e+00	AbsError: 1.27500e+16
      Equation: "ElectronContinuityEquation"	RelError: 3.10606e-01	AbsError: 8.19953e+15
      Equation: "HoleContinuityEquation"	RelError: 1.57337e-01	AbsError: 4.55052e+15
      Equation: "PotentialEquation"	RelError: 6.60507e-01	AbsError: 1.49488e-02
Iteration: 4
  Device: "diode3d"	RelError: 1.34233e-01	AbsError: 2.99214e+15
    Region: "Bulk"	RelError: 1.34233e-01	AbsError: 2.99214e+15
      Equation: "ElectronContinuityEquation"	RelError: 8.61656e-02	AbsError: 1.46851e+15
      Equation: "HoleContinuityEquation"	RelError: 1.00114e-02	AbsError: 1.52363e+15
      Equation: "PotentialEquation"	RelError: 3.80556e-02	AbsError: 1.47373e-03
Iteration: 5
  Device: "diode3d"	RelError: 1.05010e-03	AbsError: 2.67059e+14
    Region: "Bulk"	RelError: 1.05010e-03	AbsError: 2.67059e+14
      Equation: "ElectronContinuityEquation"	RelError: 2.77321e-04	AbsError: 5.56617e+13
      Equation: "HoleContinuityEquation"	RelError: 2.98718e-04	AbsError: 2.11397e+14
      Equation: "PotentialEquation"	RelError: 4.74059e-04	AbsError: 1.09699e-05
Iteration: 6
  Device: "diode3d"	RelError: 8.64165e-07	AbsError: 2.28844e+11
    Region: "Bulk"	RelError: 8.64165e-07	AbsError: 2.28844e+11
      Equation: "ElectronContinuityEquation"	RelError: 3.07329e-07	AbsError: 1.50356e+11
      Equation: "HoleContinuityEquation"	RelError: 3.10176e-07	AbsError: 7.84884e+10
      Equation: "PotentialEquation"	RelError: 2.46661e-07	AbsError: 8.01989e-09
Iteration: 7
  Device: "diode3d"	RelError: 2.06406e-09	AbsError: 1.05326e+09
    Region: "Bulk"	RelError: 2.06406e-09	AbsError: 1.05326e+09
      Equation: "ElectronContinuityEquation"	RelError: 6.67975e-10	AbsError: 3.94846e+08
      Equation: "HoleContinuityEquation"	RelError: 6.60305e-10	AbsError: 6.58419e+08
      Equation: "PotentialEquation"	RelError: 7.35784e-10	AbsError: 1.70807e-11
top	0.5	1.38026422406e-12	6.83986483662e-13	2.06425070772e-12
bot	0.0	-1.38029350756e-12	-6.83957220121e-13	-2.06425072768e-12
