
----------------------------------------

 DEVSIM

 Version: Beta 0.01

 Copyright 2009-2013 Devsim LLC

----------------------------------------


Physical group name body_contact has 0 Tetrahedra.
Physical group name body_contact has 0 Triangles.
Physical group name body_contact has 49 Lines.
Physical group name body_contact has 50 Points.
Physical group name bulk has 0 Tetrahedra.
Physical group name bulk has 4255 Triangles.
Physical group name bulk has 6503 Lines.
Physical group name bulk has 2249 Points.
Physical group name bulk_oxide_interface has 0 Tetrahedra.
Physical group name bulk_oxide_interface has 0 Triangles.
Physical group name bulk_oxide_interface has 100 Lines.
Physical group name bulk_oxide_interface has 101 Points.
Physical group name drain_contact has 0 Tetrahedra.
Physical group name drain_contact has 0 Triangles.
Physical group name drain_contact has 27 Lines.
Physical group name drain_contact has 28 Points.
Physical group name gate has 0 Tetrahedra.
Physical group name gate has 57 Triangles.
Physical group name gate has 95 Lines.
Physical group name gate has 39 Points.
Physical group name gate_contact has 0 Tetrahedra.
Physical group name gate_contact has 0 Triangles.
Physical group name gate_contact has 4 Lines.
Physical group name gate_contact has 5 Points.
Physical group name gate_oxide_interface has 0 Tetrahedra.
Physical group name gate_oxide_interface has 0 Triangles.
Physical group name gate_oxide_interface has 5 Lines.
Physical group name gate_oxide_interface has 6 Points.
Physical group name oxide has 0 Tetrahedra.
Physical group name oxide has 1207 Triangles.
Physical group name oxide has 1872 Lines.
Physical group name oxide has 666 Points.
Physical group name source_contact has 0 Tetrahedra.
Physical group name source_contact has 0 Triangles.
Physical group name source_contact has 27 Lines.
Physical group name source_contact has 28 Points.
Device mos2d has 2847 coordinates with max index 2847
group bulk has 2249 nodes.
Region bulk has 2249 nodes.
Region bulk has 2249 nodes.
group gate has 39 nodes.
Region gate has 39 nodes.
Region gate has 39 nodes.
group oxide has 666 nodes.
Region oxide has 666 nodes.
Region oxide has 666 nodes.
group body_contact has 50 nodes.
Contact body in region bulk with 50 nodes
group drain_contact has 28 nodes.
Contact drain in region bulk with 28 nodes
group gate_contact has 5 nodes.
Contact gate in region gate with 5 nodes
group source_contact has 28 nodes.
Contact source in region bulk with 28 nodes
group bulk_oxide_interface has 101 nodes.
Warning, contact "source" shares a node with interface "bulk_oxide"
Warning, contact "drain" shares a node with interface "bulk_oxide"
Adding interface bulk_oxide with 101, 101 nodes
group gate_oxide_interface has 6 nodes.
Adding interface gate_oxide with 6, 6 nodes
bulk body
bulk drain
gate gate
bulk source
Region "bulk" on device "mos2d" has equations 0:2248
Region "gate" on device "mos2d" has equations 2249:2287
Region "oxide" on device "mos2d" has equations 2288:2953
Device "mos2d" has equations 0:2953
number of equations 2954
Iteration: 0
  Device: "mos2d"	RelError: 3.00000e+00	AbsError: 2.62012e-01
    Region: "bulk"	RelError: 1.00000e+00	AbsError: 2.16122e-01
      Equation: "PotentialEquation"	RelError: 1.00000e+00	AbsError: 2.16122e-01
    Region: "gate"	RelError: 1.00000e+00	AbsError: 2.62012e-01
      Equation: "PotentialEquation"	RelError: 1.00000e+00	AbsError: 2.62012e-01
    Region: "oxide"	RelError: 1.00000e+00	AbsError: 2.61732e-01
      Equation: "PotentialEquation"	RelError: 1.00000e+00	AbsError: 2.61732e-01
Iteration: 1
  Device: "mos2d"	RelError: 1.49679e+00	AbsError: 2.60773e-01
    Region: "bulk"	RelError: 4.99020e-01	AbsError: 2.14804e-01
      Equation: "PotentialEquation"	RelError: 4.99020e-01	AbsError: 2.14804e-01
    Region: "gate"	RelError: 4.98963e-01	AbsError: 2.60773e-01
      Equation: "PotentialEquation"	RelError: 4.98963e-01	AbsError: 2.60773e-01
    Region: "oxide"	RelError: 4.98808e-01	AbsError: 2.60485e-01
      Equation: "PotentialEquation"	RelError: 4.98808e-01	AbsError: 2.60485e-01
Iteration: 2
  Device: "mos2d"	RelError: 2.18169e+00	AbsError: 1.41155e-01
    Region: "bulk"	RelError: 1.55131e+00	AbsError: 1.41155e-01
      Equation: "PotentialEquation"	RelError: 1.55131e+00	AbsError: 1.41155e-01
    Region: "gate"	RelError: 3.16582e-01	AbsError: 1.32593e-01
      Equation: "PotentialEquation"	RelError: 3.16582e-01	AbsError: 1.32593e-01
    Region: "oxide"	RelError: 3.13793e-01	AbsError: 8.39856e-02
      Equation: "PotentialEquation"	RelError: 3.13793e-01	AbsError: 8.39856e-02
Iteration: 3
  Device: "mos2d"	RelError: 3.95275e+01	AbsError: 8.14615e-02
    Region: "bulk"	RelError: 3.90731e+01	AbsError: 8.14615e-02
      Equation: "PotentialEquation"	RelError: 3.90731e+01	AbsError: 8.14615e-02
    Region: "gate"	RelError: 2.29097e-01	AbsError: 7.00000e-02
      Equation: "PotentialEquation"	RelError: 2.29097e-01	AbsError: 7.00000e-02
    Region: "oxide"	RelError: 2.25324e-01	AbsError: 6.51495e-02
      Equation: "PotentialEquation"	RelError: 2.25324e-01	AbsError: 6.51495e-02
Iteration: 4
  Device: "mos2d"	RelError: 1.50737e+02	AbsError: 7.89878e-02
    Region: "bulk"	RelError: 1.50392e+02	AbsError: 7.89878e-02
      Equation: "PotentialEquation"	RelError: 1.50392e+02	AbsError: 7.89878e-02
    Region: "gate"	RelError: 1.75024e-01	AbsError: 6.48239e-02
      Equation: "PotentialEquation"	RelError: 1.75024e-01	AbsError: 6.48239e-02
    Region: "oxide"	RelError: 1.70099e-01	AbsError: 5.92624e-02
      Equation: "PotentialEquation"	RelError: 1.70099e-01	AbsError: 5.92624e-02
Iteration: 5
  Device: "mos2d"	RelError: 1.82821e+03	AbsError: 7.62736e-02
    Region: "bulk"	RelError: 1.82794e+03	AbsError: 7.62736e-02
      Equation: "PotentialEquation"	RelError: 1.82794e+03	AbsError: 7.62736e-02
    Region: "gate"	RelError: 1.37182e-01	AbsError: 5.88866e-02
      Equation: "PotentialEquation"	RelError: 1.37182e-01	AbsError: 5.88866e-02
    Region: "oxide"	RelError: 1.30784e-01	AbsError: 5.24208e-02
      Equation: "PotentialEquation"	RelError: 1.30784e-01	AbsError: 5.24208e-02
Iteration: 6
  Device: "mos2d"	RelError: 1.75376e+02	AbsError: 7.37354e-02
    Region: "bulk"	RelError: 1.75168e+02	AbsError: 7.37354e-02
      Equation: "PotentialEquation"	RelError: 1.75168e+02	AbsError: 7.37354e-02
    Region: "gate"	RelError: 1.08015e-01	AbsError: 5.19808e-02
      Equation: "PotentialEquation"	RelError: 1.08015e-01	AbsError: 5.19808e-02
    Region: "oxide"	RelError: 9.96468e-02	AbsError: 4.43609e-02
      Equation: "PotentialEquation"	RelError: 9.96468e-02	AbsError: 4.43609e-02
Iteration: 7
  Device: "mos2d"	RelError: 1.32380e+02	AbsError: 7.20749e-02
    Region: "bulk"	RelError: 1.32224e+02	AbsError: 7.20749e-02
      Equation: "PotentialEquation"	RelError: 1.32224e+02	AbsError: 7.20749e-02
    Region: "gate"	RelError: 8.34915e-02	AbsError: 4.38395e-02
      Equation: "PotentialEquation"	RelError: 8.34915e-02	AbsError: 4.38395e-02
    Region: "oxide"	RelError: 7.24849e-02	AbsError: 3.47907e-02
      Equation: "PotentialEquation"	RelError: 7.24849e-02	AbsError: 3.47907e-02
Iteration: 8
  Device: "mos2d"	RelError: 1.87614e+03	AbsError: 6.95617e-02
    Region: "bulk"	RelError: 1.87604e+03	AbsError: 6.95617e-02
      Equation: "PotentialEquation"	RelError: 1.87604e+03	AbsError: 6.95617e-02
    Region: "gate"	RelError: 6.11043e-02	AbsError: 3.41726e-02
      Equation: "PotentialEquation"	RelError: 6.11043e-02	AbsError: 3.41726e-02
    Region: "oxide"	RelError: 4.68846e-02	AbsError: 2.36103e-02
      Equation: "PotentialEquation"	RelError: 4.68846e-02	AbsError: 2.36103e-02
Iteration: 9
  Device: "mos2d"	RelError: 6.99142e+01	AbsError: 6.34464e-02
    Region: "bulk"	RelError: 6.98460e+01	AbsError: 6.34464e-02
      Equation: "PotentialEquation"	RelError: 6.98460e+01	AbsError: 6.34464e-02
    Region: "gate"	RelError: 3.93513e-02	AbsError: 2.29087e-02
      Equation: "PotentialEquation"	RelError: 3.93513e-02	AbsError: 2.29087e-02
    Region: "oxide"	RelError: 2.88057e-02	AbsError: 1.49363e-02
      Equation: "PotentialEquation"	RelError: 2.88057e-02	AbsError: 1.49363e-02
Iteration: 10
  Device: "mos2d"	RelError: 6.75434e+01	AbsError: 5.07996e-02
    Region: "bulk"	RelError: 6.75200e+01	AbsError: 5.07996e-02
      Equation: "PotentialEquation"	RelError: 6.75200e+01	AbsError: 5.07996e-02
    Region: "gate"	RelError: 2.33454e-02	AbsError: 1.39156e-02
      Equation: "PotentialEquation"	RelError: 2.33454e-02	AbsError: 1.39156e-02
    Region: "oxide"	RelError: 7.10672e-06	AbsError: 2.84960e-06
      Equation: "PotentialEquation"	RelError: 7.10672e-06	AbsError: 2.84960e-06
Iteration: 11
  Device: "mos2d"	RelError: 2.53501e+01	AbsError: 3.63570e-02
    Region: "bulk"	RelError: 2.53500e+01	AbsError: 3.63570e-02
      Equation: "PotentialEquation"	RelError: 2.53500e+01	AbsError: 3.63570e-02
    Region: "gate"	RelError: 1.37683e-10	AbsError: 8.20674e-11
      Equation: "PotentialEquation"	RelError: 1.37683e-10	AbsError: 8.20674e-11
    Region: "oxide"	RelError: 4.28352e-06	AbsError: 1.71758e-06
      Equation: "PotentialEquation"	RelError: 4.28352e-06	AbsError: 1.71758e-06
Iteration: 12
  Device: "mos2d"	RelError: 1.22763e+01	AbsError: 2.58894e-02
    Region: "bulk"	RelError: 1.22763e+01	AbsError: 2.58894e-02
      Equation: "PotentialEquation"	RelError: 1.22763e+01	AbsError: 2.58894e-02
    Region: "gate"	RelError: 2.07125e-11	AbsError: 1.23459e-11
      Equation: "PotentialEquation"	RelError: 2.07125e-11	AbsError: 1.23459e-11
    Region: "oxide"	RelError: 6.44397e-07	AbsError: 2.58387e-07
      Equation: "PotentialEquation"	RelError: 6.44397e-07	AbsError: 2.58387e-07
Iteration: 13
  Device: "mos2d"	RelError: 9.72935e-01	AbsError: 1.39565e-02
    Region: "bulk"	RelError: 9.72935e-01	AbsError: 1.39565e-02
      Equation: "PotentialEquation"	RelError: 9.72935e-01	AbsError: 1.39565e-02
    Region: "gate"	RelError: 5.04574e-12	AbsError: 3.00756e-12
      Equation: "PotentialEquation"	RelError: 5.04574e-12	AbsError: 3.00756e-12
    Region: "oxide"	RelError: 1.56979e-07	AbsError: 6.29446e-08
      Equation: "PotentialEquation"	RelError: 1.56979e-07	AbsError: 6.29446e-08
Iteration: 14
  Device: "mos2d"	RelError: 7.23825e-02	AbsError: 8.35414e-05
    Region: "bulk"	RelError: 7.23824e-02	AbsError: 8.35414e-05
      Equation: "PotentialEquation"	RelError: 7.23824e-02	AbsError: 8.35414e-05
    Region: "gate"	RelError: 3.81950e-13	AbsError: 2.27665e-13
      Equation: "PotentialEquation"	RelError: 3.81950e-13	AbsError: 2.27665e-13
    Region: "oxide"	RelError: 1.18851e-08	AbsError: 4.76562e-09
      Equation: "PotentialEquation"	RelError: 1.18851e-08	AbsError: 4.76562e-09
Iteration: 15
  Device: "mos2d"	RelError: 1.08673e-05	AbsError: 1.58135e-08
    Region: "bulk"	RelError: 1.08673e-05	AbsError: 1.58135e-08
      Equation: "PotentialEquation"	RelError: 1.08673e-05	AbsError: 1.58135e-08
    Region: "gate"	RelError: 1.51032e-16	AbsError: 9.00261e-17
      Equation: "PotentialEquation"	RelError: 1.51032e-16	AbsError: 9.00261e-17
    Region: "oxide"	RelError: 1.35297e-12	AbsError: 5.42508e-13
      Equation: "PotentialEquation"	RelError: 1.35297e-12	AbsError: 5.42508e-13
Iteration: 16
  Device: "mos2d"	RelError: 6.84106e-13	AbsError: 7.53861e-15
    Region: "bulk"	RelError: 6.69374e-13	AbsError: 1.14373e-15
      Equation: "PotentialEquation"	RelError: 6.69374e-13	AbsError: 1.14373e-15
    Region: "gate"	RelError: 1.92474e-16	AbsError: 1.14727e-16
      Equation: "PotentialEquation"	RelError: 1.92474e-16	AbsError: 1.14727e-16
    Region: "oxide"	RelError: 1.45387e-14	AbsError: 7.53861e-15
      Equation: "PotentialEquation"	RelError: 1.45387e-14	AbsError: 7.53861e-15
Region "bulk" on device "mos2d" has equations 0:2248
Region "gate" on device "mos2d" has equations 2249:2287
Region "oxide" on device "mos2d" has equations 2288:2953
Device "mos2d" has equations 0:2953
number of equations 2954
Iteration: 0
  Device: "mos2d"	RelError: 2.52669e-14	AbsError: 7.53861e-15
    Region: "bulk"	RelError: 1.05772e-14	AbsError: 7.91807e-16
      Equation: "PotentialEquation"	RelError: 1.05772e-14	AbsError: 7.91807e-16
    Region: "gate"	RelError: 1.51032e-16	AbsError: 9.00261e-17
      Equation: "PotentialEquation"	RelError: 1.51032e-16	AbsError: 9.00261e-17
    Region: "oxide"	RelError: 1.45387e-14	AbsError: 7.53861e-15
      Equation: "PotentialEquation"	RelError: 1.45387e-14	AbsError: 7.53861e-15
Warning: Replacing equation with equation of the same name.
Region: gate, Equation: PotentialEquation, Variable: Potential
Warning: Replacing equation with equation of the same name.
Region: bulk, Equation: PotentialEquation, Variable: Potential
Region "bulk" on device "mos2d" has equations 0:6746
Region "gate" on device "mos2d" has equations 6747:6863
Region "oxide" on device "mos2d" has equations 6864:7529
Device "mos2d" has equations 0:7529
number of equations 7530
Iteration: 0
  Device: "mos2d"	RelError: 1.22575e-13	AbsError: 4.43309e+05
    Region: "bulk"	RelError: 9.89642e-14	AbsError: 8.82611e+04
      Equation: "ElectronContinuityEquation"	RelError: 3.07304e-14	AbsError: 6.67571e+04
      Equation: "HoleContinuityEquation"	RelError: 3.41183e-14	AbsError: 2.15040e+04
      Equation: "PotentialEquation"	RelError: 3.41156e-14	AbsError: 8.36259e-16
    Region: "gate"	RelError: 9.09406e-15	AbsError: 4.43309e+05
      Equation: "ElectronContinuityEquation"	RelError: 4.43490e-15	AbsError: 4.43309e+05
      Equation: "HoleContinuityEquation"	RelError: 4.53406e-15	AbsError: 4.53591e-15
      Equation: "PotentialEquation"	RelError: 1.25099e-16	AbsError: 7.45670e-17
    Region: "oxide"	RelError: 1.45165e-14	AbsError: 7.52710e-15
      Equation: "PotentialEquation"	RelError: 1.45165e-14	AbsError: 7.52710e-15
last end 0.000000e+00 5.000000e-01
setting to last bias 5.000000e-01
setting next bias 5.000000e-01
Region "bulk" on device "mos2d" has equations 0:6746
Region "gate" on device "mos2d" has equations 6747:6863
Region "oxide" on device "mos2d" has equations 6864:7529
Device "mos2d" has equations 0:7529
number of equations 7530
Iteration: 0
  Device: "mos2d"	RelError: 1.65140e+02	AbsError: 3.56772e+17
    Region: "bulk"	RelError: 1.64905e+02	AbsError: 3.56772e+17
      Equation: "ElectronContinuityEquation"	RelError: 4.95531e-01	AbsError: 3.56772e+17
      Equation: "HoleContinuityEquation"	RelError: 1.64349e+02	AbsError: 2.85258e+11
      Equation: "PotentialEquation"	RelError: 6.03338e-02	AbsError: 2.57457e-02
    Region: "gate"	RelError: 1.18951e-01	AbsError: 1.62956e+17
      Equation: "ElectronContinuityEquation"	RelError: 1.63317e-03	AbsError: 1.62956e+17
      Equation: "HoleContinuityEquation"	RelError: 1.62785e-03	AbsError: 1.63146e-03
      Equation: "PotentialEquation"	RelError: 1.15690e-01	AbsError: 7.79815e-02
    Region: "oxide"	RelError: 1.15690e-01	AbsError: 7.79804e-02
      Equation: "PotentialEquation"	RelError: 1.15690e-01	AbsError: 7.79804e-02
Iteration: 1
  Device: "mos2d"	RelError: 1.43780e+00	AbsError: 1.87318e+18
    Region: "bulk"	RelError: 1.20288e+00	AbsError: 1.21581e+17
      Equation: "ElectronContinuityEquation"	RelError: 1.74655e-01	AbsError: 1.21581e+17
      Equation: "HoleContinuityEquation"	RelError: 9.85203e-01	AbsError: 2.77106e+11
      Equation: "PotentialEquation"	RelError: 4.30205e-02	AbsError: 2.30790e-02
    Region: "gate"	RelError: 1.36207e-01	AbsError: 1.87318e+18
      Equation: "ElectronContinuityEquation"	RelError: 1.90894e-02	AbsError: 1.87318e+18
      Equation: "HoleContinuityEquation"	RelError: 1.83874e-02	AbsError: 1.87318e-02
      Equation: "PotentialEquation"	RelError: 9.87304e-02	AbsError: 7.38401e-02
    Region: "oxide"	RelError: 9.87114e-02	AbsError: 7.38233e-02
      Equation: "PotentialEquation"	RelError: 9.87114e-02	AbsError: 7.38233e-02
Iteration: 2
  Device: "mos2d"	RelError: 2.29127e-01	AbsError: 1.87318e+18
    Region: "bulk"	RelError: 2.23448e-02	AbsError: 9.19031e+15
      Equation: "ElectronContinuityEquation"	RelError: 1.62985e-03	AbsError: 9.19031e+15
      Equation: "HoleContinuityEquation"	RelError: 2.04426e-02	AbsError: 7.87195e+08
      Equation: "PotentialEquation"	RelError: 2.72371e-04	AbsError: 1.87087e-05
    Region: "gate"	RelError: 1.22136e-01	AbsError: 1.87318e+18
      Equation: "ElectronContinuityEquation"	RelError: 1.87318e-02	AbsError: 1.87318e+18
      Equation: "HoleContinuityEquation"	RelError: 1.87527e-02	AbsError: 1.87523e-02
      Equation: "PotentialEquation"	RelError: 8.46519e-02	AbsError: 6.91618e-02
    Region: "oxide"	RelError: 8.46463e-02	AbsError: 6.91584e-02
      Equation: "PotentialEquation"	RelError: 8.46463e-02	AbsError: 6.91584e-02
Iteration: 3
  Device: "mos2d"	RelError: 1.45034e-01	AbsError: 4.03443e+14
    Region: "bulk"	RelError: 5.94059e-06	AbsError: 1.12361e+12
      Equation: "ElectronContinuityEquation"	RelError: 5.94289e-07	AbsError: 1.12361e+12
      Equation: "HoleContinuityEquation"	RelError: 5.26679e-06	AbsError: 5.23299e+05
      Equation: "PotentialEquation"	RelError: 7.95167e-08	AbsError: 1.16111e-08
    Region: "gate"	RelError: 7.25289e-02	AbsError: 4.03443e+14
      Equation: "ElectronContinuityEquation"	RelError: 4.03444e-06	AbsError: 4.03443e+14
      Equation: "HoleContinuityEquation"	RelError: 2.04936e-05	AbsError: 2.04936e-05
      Equation: "PotentialEquation"	RelError: 7.25044e-02	AbsError: 6.38678e-02
    Region: "oxide"	RelError: 7.24992e-02	AbsError: 6.38640e-02
      Equation: "PotentialEquation"	RelError: 7.24992e-02	AbsError: 6.38640e-02
Iteration: 4
  Device: "mos2d"	RelError: 1.23122e-01	AbsError: 6.77444e+14
    Region: "bulk"	RelError: 1.90891e-09	AbsError: 2.88892e+08
      Equation: "ElectronContinuityEquation"	RelError: 8.30300e-10	AbsError: 2.88890e+08
      Equation: "HoleContinuityEquation"	RelError: 8.32076e-10	AbsError: 1.70449e+03
      Equation: "PotentialEquation"	RelError: 2.46532e-10	AbsError: 2.14420e-11
    Region: "gate"	RelError: 6.15705e-02	AbsError: 6.77444e+14
      Equation: "ElectronContinuityEquation"	RelError: 6.77442e-06	AbsError: 6.77444e+14
      Equation: "HoleContinuityEquation"	RelError: 6.77088e-06	AbsError: 6.77086e-06
      Equation: "PotentialEquation"	RelError: 6.15570e-02	AbsError: 5.77813e-02
    Region: "oxide"	RelError: 6.15519e-02	AbsError: 5.77769e-02
      Equation: "PotentialEquation"	RelError: 6.15519e-02	AbsError: 5.77769e-02
Iteration: 5
  Device: "mos2d"	RelError: 1.02460e-01	AbsError: 2.01248e+14
    Region: "bulk"	RelError: 3.99368e-11	AbsError: 1.59340e+07
      Equation: "ElectronContinuityEquation"	RelError: 1.50483e-11	AbsError: 1.59336e+07
      Equation: "HoleContinuityEquation"	RelError: 1.32158e-11	AbsError: 4.32377e+02
      Equation: "PotentialEquation"	RelError: 1.16728e-11	AbsError: 6.26202e-12
    Region: "gate"	RelError: 5.12345e-02	AbsError: 2.01248e+14
      Equation: "ElectronContinuityEquation"	RelError: 2.01248e-06	AbsError: 2.01248e+14
      Equation: "HoleContinuityEquation"	RelError: 2.01265e-06	AbsError: 2.01265e-06
      Equation: "PotentialEquation"	RelError: 5.12305e-02	AbsError: 5.06848e-02
    Region: "oxide"	RelError: 5.12252e-02	AbsError: 5.06796e-02
      Equation: "PotentialEquation"	RelError: 5.12252e-02	AbsError: 5.06796e-02
Iteration: 6
  Device: "mos2d"	RelError: 8.20135e-02	AbsError: 5.15941e+14
    Region: "bulk"	RelError: 2.91533e-11	AbsError: 1.10270e+07
      Equation: "ElectronContinuityEquation"	RelError: 1.43098e-11	AbsError: 1.10266e+07
      Equation: "HoleContinuityEquation"	RelError: 1.34484e-11	AbsError: 3.87425e+02
      Equation: "PotentialEquation"	RelError: 1.39509e-12	AbsError: 7.48415e-13
    Region: "gate"	RelError: 4.10148e-02	AbsError: 5.15941e+14
      Equation: "ElectronContinuityEquation"	RelError: 5.15942e-06	AbsError: 5.15941e+14
      Equation: "HoleContinuityEquation"	RelError: 5.15798e-06	AbsError: 5.15799e-06
      Equation: "PotentialEquation"	RelError: 4.10045e-02	AbsError: 4.23023e-02
    Region: "oxide"	RelError: 4.09987e-02	AbsError: 4.22961e-02
      Equation: "PotentialEquation"	RelError: 4.09987e-02	AbsError: 4.22961e-02
Iteration: 7
  Device: "mos2d"	RelError: 6.08195e-02	AbsError: 5.90417e+14
    Region: "bulk"	RelError: 1.09988e-10	AbsError: 2.49742e+07
      Equation: "ElectronContinuityEquation"	RelError: 5.38033e-11	AbsError: 2.49735e+07
      Equation: "HoleContinuityEquation"	RelError: 5.29503e-11	AbsError: 6.52858e+02
      Equation: "PotentialEquation"	RelError: 3.23476e-12	AbsError: 1.37028e-12
    Region: "gate"	RelError: 3.04189e-02	AbsError: 5.90417e+14
      Equation: "ElectronContinuityEquation"	RelError: 5.90421e-06	AbsError: 5.90417e+14
      Equation: "HoleContinuityEquation"	RelError: 5.90453e-06	AbsError: 5.90457e-06
      Equation: "PotentialEquation"	RelError: 3.04071e-02	AbsError: 3.23533e-02
    Region: "oxide"	RelError: 3.04006e-02	AbsError: 3.23460e-02
      Equation: "PotentialEquation"	RelError: 3.04006e-02	AbsError: 3.23460e-02
Iteration: 8
  Device: "mos2d"	RelError: 3.84794e-02	AbsError: 8.21120e+14
    Region: "bulk"	RelError: 1.06190e-10	AbsError: 2.40869e+07
      Equation: "ElectronContinuityEquation"	RelError: 5.12012e-11	AbsError: 2.40864e+07
      Equation: "HoleContinuityEquation"	RelError: 5.18172e-11	AbsError: 4.98740e+02
      Equation: "PotentialEquation"	RelError: 3.17117e-12	AbsError: 1.34328e-12
    Region: "gate"	RelError: 1.92515e-02	AbsError: 8.21120e+14
      Equation: "ElectronContinuityEquation"	RelError: 8.21120e-06	AbsError: 8.21120e+14
      Equation: "HoleContinuityEquation"	RelError: 8.20894e-06	AbsError: 8.20893e-06
      Equation: "PotentialEquation"	RelError: 1.92350e-02	AbsError: 2.08675e-02
    Region: "oxide"	RelError: 1.92279e-02	AbsError: 2.08594e-02
      Equation: "PotentialEquation"	RelError: 1.92279e-02	AbsError: 2.08594e-02
Iteration: 9
  Device: "mos2d"	RelError: 2.04352e-02	AbsError: 7.63968e+13
    Region: "bulk"	RelError: 1.39768e-11	AbsError: 1.39723e+07
      Equation: "ElectronContinuityEquation"	RelError: 4.61027e-12	AbsError: 1.39718e+07
      Equation: "HoleContinuityEquation"	RelError: 5.59737e-12	AbsError: 5.16946e+02
      Equation: "PotentialEquation"	RelError: 3.76913e-12	AbsError: 1.54294e-12
    Region: "gate"	RelError: 1.02228e-02	AbsError: 7.63968e+13
      Equation: "ElectronContinuityEquation"	RelError: 7.63968e-07	AbsError: 7.63968e+13
      Equation: "HoleContinuityEquation"	RelError: 7.64099e-07	AbsError: 7.64099e-07
      Equation: "PotentialEquation"	RelError: 1.02213e-02	AbsError: 1.12033e-02
    Region: "oxide"	RelError: 1.02124e-02	AbsError: 1.11932e-02
      Equation: "PotentialEquation"	RelError: 1.02124e-02	AbsError: 1.11932e-02
Iteration: 10
  Device: "mos2d"	RelError: 1.48484e-06	AbsError: 7.33772e+13
    Region: "bulk"	RelError: 3.84016e-12	AbsError: 2.10152e+06
      Equation: "ElectronContinuityEquation"	RelError: 1.82216e-12	AbsError: 2.10118e+06
      Equation: "HoleContinuityEquation"	RelError: 1.78475e-12	AbsError: 3.43087e+02
      Equation: "PotentialEquation"	RelError: 2.33251e-13	AbsError: 8.84789e-14
    Region: "gate"	RelError: 1.48483e-06	AbsError: 7.33772e+13
      Equation: "ElectronContinuityEquation"	RelError: 7.33772e-07	AbsError: 7.33772e+13
      Equation: "HoleContinuityEquation"	RelError: 7.33728e-07	AbsError: 7.33728e-07
      Equation: "PotentialEquation"	RelError: 1.73324e-08	AbsError: 1.89976e-08
    Region: "oxide"	RelError: 1.32481e-12	AbsError: 1.45201e-12
      Equation: "PotentialEquation"	RelError: 1.32481e-12	AbsError: 1.45201e-12
Iteration: 11
  Device: "mos2d"	RelError: 1.08161e-09	AbsError: 5.34169e+10
    Region: "bulk"	RelError: 6.40165e-13	AbsError: 6.02215e+05
      Equation: "ElectronContinuityEquation"	RelError: 9.82969e-14	AbsError: 6.01587e+05
      Equation: "HoleContinuityEquation"	RelError: 2.99518e-13	AbsError: 6.28105e+02
      Equation: "PotentialEquation"	RelError: 2.42350e-13	AbsError: 6.75360e-14
    Region: "gate"	RelError: 1.08095e-09	AbsError: 5.34169e+10
      Equation: "ElectronContinuityEquation"	RelError: 5.34169e-10	AbsError: 5.34169e+10
      Equation: "HoleContinuityEquation"	RelError: 5.34169e-10	AbsError: 5.34169e-10
      Equation: "PotentialEquation"	RelError: 1.26160e-11	AbsError: 1.38281e-11
    Region: "oxide"	RelError: 1.56041e-14	AbsError: 7.41811e-15
      Equation: "PotentialEquation"	RelError: 1.56041e-14	AbsError: 7.41811e-15
Iteration: 12
  Device: "mos2d"	RelError: 1.93994e-13	AbsError: 4.30603e+05
    Region: "bulk"	RelError: 1.82274e-13	AbsError: 4.30603e+05
      Equation: "ElectronContinuityEquation"	RelError: 5.11837e-14	AbsError: 4.30116e+05
      Equation: "HoleContinuityEquation"	RelError: 5.10826e-14	AbsError: 4.86729e+02
      Equation: "PotentialEquation"	RelError: 8.00077e-14	AbsError: 1.46467e-15
    Region: "gate"	RelError: 3.17847e-16	AbsError: 7.92022e+03
      Equation: "ElectronContinuityEquation"	RelError: 7.93411e-17	AbsError: 7.92022e+03
      Equation: "HoleContinuityEquation"	RelError: 1.37204e-16	AbsError: 1.37204e-16
      Equation: "PotentialEquation"	RelError: 1.01302e-16	AbsError: 1.11035e-16
    Region: "oxide"	RelError: 1.14017e-14	AbsError: 5.91197e-15
      Equation: "PotentialEquation"	RelError: 1.14017e-14	AbsError: 5.91197e-15
Succeeded
body	0.0	-1.67839054904e-29	-8.64778148913e-15	-8.64778148913e-15
drain	0.0	-2.49186305045e-13	-4.21544313049e-32	-2.49186305045e-13
gate	0.5	4.29822387815e-12	2.14911193907e-32	4.29822387815e-12
source	0.0	-1.34860084281e-13	3.84123878165e-32	-1.34860084281e-13
last end 0.000000e+00 5.000000e-01
Region "bulk" on device "mos2d" has equations 0:6746
Region "gate" on device "mos2d" has equations 6747:6863
Region "oxide" on device "mos2d" has equations 6864:7529
Device "mos2d" has equations 0:7529
number of equations 7530
Iteration: 0
  Device: "mos2d"	RelError: 2.00466e+03	AbsError: 4.98625e+17
    Region: "bulk"	RelError: 2.00458e+03	AbsError: 4.98625e+17
      Equation: "ElectronContinuityEquation"	RelError: 9.99000e+02	AbsError: 4.98308e+17
      Equation: "HoleContinuityEquation"	RelError: 9.99000e+02	AbsError: 3.16855e+14
      Equation: "PotentialEquation"	RelError: 6.58311e+00	AbsError: 5.18120e-02
    Region: "gate"	RelError: 4.11887e-04	AbsError: 2.03088e+16
      Equation: "ElectronContinuityEquation"	RelError: 2.03499e-04	AbsError: 2.03088e+16
      Equation: "HoleContinuityEquation"	RelError: 2.03581e-04	AbsError: 2.03993e-04
      Equation: "PotentialEquation"	RelError: 4.80745e-06	AbsError: 5.26908e-06
    Region: "oxide"	RelError: 8.12850e-02	AbsError: 4.11055e-02
      Equation: "PotentialEquation"	RelError: 8.12850e-02	AbsError: 4.11055e-02
Iteration: 1
  Device: "mos2d"	RelError: 1.13480e+01	AbsError: 4.68695e+17
    Region: "bulk"	RelError: 1.12940e+01	AbsError: 4.68695e+17
      Equation: "ElectronContinuityEquation"	RelError: 9.99126e-01	AbsError: 4.68485e+17
      Equation: "HoleContinuityEquation"	RelError: 9.98738e-01	AbsError: 2.10012e+14
      Equation: "PotentialEquation"	RelError: 9.29617e+00	AbsError: 3.11024e-02
    Region: "gate"	RelError: 3.38001e-05	AbsError: 1.66484e+15
      Equation: "ElectronContinuityEquation"	RelError: 1.66824e-05	AbsError: 1.66484e+15
      Equation: "HoleContinuityEquation"	RelError: 1.67233e-05	AbsError: 1.67573e-05
      Equation: "PotentialEquation"	RelError: 3.94508e-07	AbsError: 4.32389e-07
    Region: "oxide"	RelError: 5.39147e-02	AbsError: 3.10978e-02
      Equation: "PotentialEquation"	RelError: 5.39147e-02	AbsError: 3.10978e-02
Iteration: 2
  Device: "mos2d"	RelError: 1.00741e+03	AbsError: 4.54030e+15
    Region: "bulk"	RelError: 1.00736e+03	AbsError: 4.54030e+15
      Equation: "ElectronContinuityEquation"	RelError: 8.27672e+00	AbsError: 4.53928e+15
      Equation: "HoleContinuityEquation"	RelError: 9.99000e+02	AbsError: 1.01761e+12
      Equation: "PotentialEquation"	RelError: 8.57218e-02	AbsError: 2.58981e-02
    Region: "gate"	RelError: 8.92662e-07	AbsError: 4.40442e+13
      Equation: "ElectronContinuityEquation"	RelError: 4.41192e-07	AbsError: 4.40442e+13
      Equation: "HoleContinuityEquation"	RelError: 4.41052e-07	AbsError: 4.41802e-07
      Equation: "PotentialEquation"	RelError: 1.04189e-08	AbsError: 1.14194e-08
    Region: "oxide"	RelError: 4.40708e-02	AbsError: 2.58009e-02
      Equation: "PotentialEquation"	RelError: 4.40708e-02	AbsError: 2.58009e-02
Iteration: 3
  Device: "mos2d"	RelError: 1.61019e+00	AbsError: 3.71366e+15
    Region: "bulk"	RelError: 1.59472e+00	AbsError: 3.71366e+15
      Equation: "ElectronContinuityEquation"	RelError: 5.63414e-01	AbsError: 3.71337e+15
      Equation: "HoleContinuityEquation"	RelError: 9.97891e-01	AbsError: 2.87379e+11
      Equation: "PotentialEquation"	RelError: 3.34117e-02	AbsError: 9.57538e-03
    Region: "gate"	RelError: 5.31843e-07	AbsError: 2.62283e+13
      Equation: "ElectronContinuityEquation"	RelError: 2.62818e-07	AbsError: 2.62283e+13
      Equation: "HoleContinuityEquation"	RelError: 2.62818e-07	AbsError: 2.63353e-07
      Equation: "PotentialEquation"	RelError: 6.20755e-09	AbsError: 6.80361e-09
    Region: "oxide"	RelError: 1.54720e-02	AbsError: 9.56973e-03
      Equation: "PotentialEquation"	RelError: 1.54720e-02	AbsError: 9.56973e-03
Iteration: 4
  Device: "mos2d"	RelError: 4.53032e-01	AbsError: 3.32327e+15
    Region: "bulk"	RelError: 4.52806e-01	AbsError: 3.32327e+15
      Equation: "ElectronContinuityEquation"	RelError: 1.70508e-02	AbsError: 3.32292e+15
      Equation: "HoleContinuityEquation"	RelError: 3.94433e-01	AbsError: 3.58471e+11
      Equation: "PotentialEquation"	RelError: 4.13223e-02	AbsError: 4.64215e-04
    Region: "gate"	RelError: 4.96233e-07	AbsError: 2.44722e+13
      Equation: "ElectronContinuityEquation"	RelError: 2.45220e-07	AbsError: 2.44722e+13
      Equation: "HoleContinuityEquation"	RelError: 2.45220e-07	AbsError: 2.45720e-07
      Equation: "PotentialEquation"	RelError: 5.79192e-09	AbsError: 6.34807e-09
    Region: "oxide"	RelError: 2.25125e-04	AbsError: 1.14110e-04
      Equation: "PotentialEquation"	RelError: 2.25125e-04	AbsError: 1.14110e-04
Iteration: 5
  Device: "mos2d"	RelError: 1.64676e-03	AbsError: 4.32246e+12
    Region: "bulk"	RelError: 1.64673e-03	AbsError: 4.32246e+12
      Equation: "ElectronContinuityEquation"	RelError: 2.22390e-05	AbsError: 4.32232e+12
      Equation: "HoleContinuityEquation"	RelError: 1.60795e-03	AbsError: 1.36382e+08
      Equation: "PotentialEquation"	RelError: 1.65408e-05	AbsError: 3.12604e-07
    Region: "gate"	RelError: 1.79902e-11	AbsError: 8.86859e+08
      Equation: "ElectronContinuityEquation"	RelError: 8.88196e-12	AbsError: 8.86859e+08
      Equation: "HoleContinuityEquation"	RelError: 8.89820e-12	AbsError: 8.91161e-12
      Equation: "PotentialEquation"	RelError: 2.10065e-13	AbsError: 2.30239e-13
    Region: "oxide"	RelError: 3.15811e-08	AbsError: 1.65935e-08
      Equation: "PotentialEquation"	RelError: 3.15811e-08	AbsError: 1.65935e-08
Iteration: 6
  Device: "mos2d"	RelError: 5.45579e-09	AbsError: 2.11789e+06
    Region: "bulk"	RelError: 5.45573e-09	AbsError: 2.11789e+06
      Equation: "ElectronContinuityEquation"	RelError: 6.85620e-11	AbsError: 2.03854e+06
      Equation: "HoleContinuityEquation"	RelError: 5.19376e-09	AbsError: 7.93530e+04
      Equation: "PotentialEquation"	RelError: 1.93403e-10	AbsError: 9.88017e-13
    Region: "gate"	RelError: 4.13450e-16	AbsError: 1.18246e+04
      Equation: "ElectronContinuityEquation"	RelError: 1.18487e-16	AbsError: 1.18246e+04
      Equation: "HoleContinuityEquation"	RelError: 1.93672e-16	AbsError: 1.93672e-16
      Equation: "PotentialEquation"	RelError: 1.01291e-16	AbsError: 1.11022e-16
    Region: "oxide"	RelError: 6.77045e-14	AbsError: 3.22125e-14
      Equation: "PotentialEquation"	RelError: 6.77045e-14	AbsError: 3.22125e-14
Iteration: 7
  Device: "mos2d"	RelError: 1.60076e-13	AbsError: 5.72941e+04
    Region: "bulk"	RelError: 1.49340e-13	AbsError: 5.72941e+04
      Equation: "ElectronContinuityEquation"	RelError: 2.60186e-14	AbsError: 5.69374e+04
      Equation: "HoleContinuityEquation"	RelError: 1.04562e-13	AbsError: 3.56686e+02
      Equation: "PotentialEquation"	RelError: 1.87594e-14	AbsError: 6.57427e-16
    Region: "gate"	RelError: 2.88000e-16	AbsError: 7.73345e+03
      Equation: "ElectronContinuityEquation"	RelError: 7.73345e-17	AbsError: 7.73345e+03
      Equation: "HoleContinuityEquation"	RelError: 1.09374e-16	AbsError: 1.09497e-16
      Equation: "PotentialEquation"	RelError: 1.01291e-16	AbsError: 1.11022e-16
    Region: "oxide"	RelError: 1.04478e-14	AbsError: 6.46214e-15
      Equation: "PotentialEquation"	RelError: 1.04478e-14	AbsError: 6.46214e-15
Succeeded
body	0.0	-3.53273517597e-15	-8.63982132095e-15	-1.21725564969e-14
drain	0.1	0.438124478401	7.45139968039e-17	0.438124478401
gate	0.5	2.13769986126e-12	1.06884993063e-32	2.13769986126e-12
source	0.0	-0.438124478401	-1.89549861894e-18	-0.438124478401
last end 1.000000e-01 5.000000e-01
Region "bulk" on device "mos2d" has equations 0:6746
Region "gate" on device "mos2d" has equations 6747:6863
Region "oxide" on device "mos2d" has equations 6864:7529
Device "mos2d" has equations 0:7529
number of equations 7530
Iteration: 0
  Device: "mos2d"	RelError: 2.01171e+03	AbsError: 1.87800e+17
    Region: "bulk"	RelError: 2.01165e+03	AbsError: 1.87800e+17
      Equation: "ElectronContinuityEquation"	RelError: 9.99000e+02	AbsError: 1.87483e+17
      Equation: "HoleContinuityEquation"	RelError: 9.99000e+02	AbsError: 3.17495e+14
      Equation: "PotentialEquation"	RelError: 1.36468e+01	AbsError: 4.09543e-02
    Region: "gate"	RelError: 3.62300e-04	AbsError: 1.78671e+16
      Equation: "ElectronContinuityEquation"	RelError: 1.79003e-04	AbsError: 1.78671e+16
      Equation: "HoleContinuityEquation"	RelError: 1.79068e-04	AbsError: 1.79400e-04
      Equation: "PotentialEquation"	RelError: 4.22866e-06	AbsError: 4.63473e-06
    Region: "oxide"	RelError: 6.62941e-02	AbsError: 4.09542e-02
      Equation: "PotentialEquation"	RelError: 6.62941e-02	AbsError: 4.09542e-02
Iteration: 1
  Device: "mos2d"	RelError: 3.84703e+01	AbsError: 1.62727e+16
    Region: "bulk"	RelError: 3.84242e+01	AbsError: 1.62727e+16
      Equation: "ElectronContinuityEquation"	RelError: 9.98988e-01	AbsError: 1.62534e+16
      Equation: "HoleContinuityEquation"	RelError: 9.98764e-01	AbsError: 1.92856e+13
      Equation: "PotentialEquation"	RelError: 3.64264e+01	AbsError: 3.07633e-02
    Region: "gate"	RelError: 1.41263e-05	AbsError: 6.95177e+14
      Equation: "ElectronContinuityEquation"	RelError: 6.96474e-06	AbsError: 6.95177e+14
      Equation: "HoleContinuityEquation"	RelError: 6.99670e-06	AbsError: 7.00975e-06
      Equation: "PotentialEquation"	RelError: 1.64878e-07	AbsError: 1.80711e-07
    Region: "oxide"	RelError: 4.60890e-02	AbsError: 3.07632e-02
      Equation: "PotentialEquation"	RelError: 4.60890e-02	AbsError: 3.07632e-02
Iteration: 2
  Device: "mos2d"	RelError: 1.00443e+03	AbsError: 2.56689e+15
    Region: "bulk"	RelError: 1.00439e+03	AbsError: 2.56689e+15
      Equation: "ElectronContinuityEquation"	RelError: 5.23814e+00	AbsError: 2.56652e+15
      Equation: "HoleContinuityEquation"	RelError: 9.99000e+02	AbsError: 3.74188e+11
      Equation: "PotentialEquation"	RelError: 1.51587e-01	AbsError: 2.58890e-02
    Region: "gate"	RelError: 1.61479e-06	AbsError: 7.96510e+13
      Equation: "ElectronContinuityEquation"	RelError: 7.97995e-07	AbsError: 7.96510e+13
      Equation: "HoleContinuityEquation"	RelError: 7.97948e-07	AbsError: 7.99436e-07
      Equation: "PotentialEquation"	RelError: 1.88474e-08	AbsError: 2.06572e-08
    Region: "oxide"	RelError: 3.79046e-02	AbsError: 2.55460e-02
      Equation: "PotentialEquation"	RelError: 3.79046e-02	AbsError: 2.55460e-02
Iteration: 3
  Device: "mos2d"	RelError: 1.77291e+00	AbsError: 4.11456e+15
    Region: "bulk"	RelError: 1.76015e+00	AbsError: 4.11456e+15
      Equation: "ElectronContinuityEquation"	RelError: 5.63565e-01	AbsError: 4.11421e+15
      Equation: "HoleContinuityEquation"	RelError: 9.98566e-01	AbsError: 3.43736e+11
      Equation: "PotentialEquation"	RelError: 1.98021e-01	AbsError: 9.16536e-03
    Region: "gate"	RelError: 3.25016e-07	AbsError: 1.60313e+13
      Equation: "ElectronContinuityEquation"	RelError: 1.60612e-07	AbsError: 1.60313e+13
      Equation: "HoleContinuityEquation"	RelError: 1.60611e-07	AbsError: 1.60911e-07
      Equation: "PotentialEquation"	RelError: 3.79350e-09	AbsError: 4.15778e-09
    Region: "oxide"	RelError: 1.27559e-02	AbsError: 9.16533e-03
      Equation: "PotentialEquation"	RelError: 1.27559e-02	AbsError: 9.16533e-03
Iteration: 4
  Device: "mos2d"	RelError: 5.65221e-01	AbsError: 4.17370e+15
    Region: "bulk"	RelError: 5.65028e-01	AbsError: 4.17370e+15
      Equation: "ElectronContinuityEquation"	RelError: 1.93185e-02	AbsError: 4.17325e+15
      Equation: "HoleContinuityEquation"	RelError: 3.36130e-01	AbsError: 4.44410e+11
      Equation: "PotentialEquation"	RelError: 2.09580e-01	AbsError: 4.85851e-04
    Region: "gate"	RelError: 4.79416e-07	AbsError: 2.36469e+13
      Equation: "ElectronContinuityEquation"	RelError: 2.36910e-07	AbsError: 2.36469e+13
      Equation: "HoleContinuityEquation"	RelError: 2.36910e-07	AbsError: 2.37352e-07
      Equation: "PotentialEquation"	RelError: 5.59561e-09	AbsError: 6.13294e-09
    Region: "oxide"	RelError: 1.92767e-04	AbsError: 1.10054e-04
      Equation: "PotentialEquation"	RelError: 1.92767e-04	AbsError: 1.10054e-04
Iteration: 5
  Device: "mos2d"	RelError: 8.11245e-04	AbsError: 3.96107e+12
    Region: "bulk"	RelError: 8.11211e-04	AbsError: 3.96107e+12
      Equation: "ElectronContinuityEquation"	RelError: 3.66489e-05	AbsError: 3.96067e+12
      Equation: "HoleContinuityEquation"	RelError: 6.58063e-04	AbsError: 3.96692e+08
      Equation: "PotentialEquation"	RelError: 1.16500e-04	AbsError: 4.10111e-07
    Region: "gate"	RelError: 6.10765e-11	AbsError: 3.00977e+09
      Equation: "ElectronContinuityEquation"	RelError: 3.01539e-11	AbsError: 3.00977e+09
      Equation: "HoleContinuityEquation"	RelError: 3.02097e-11	AbsError: 3.02661e-11
      Equation: "PotentialEquation"	RelError: 7.12922e-13	AbsError: 7.81381e-13
    Region: "oxide"	RelError: 3.37317e-08	AbsError: 1.72269e-08
      Equation: "PotentialEquation"	RelError: 3.37317e-08	AbsError: 1.72269e-08
Iteration: 6
  Device: "mos2d"	RelError: 2.14222e-09	AbsError: 2.35702e+06
    Region: "bulk"	RelError: 2.14216e-09	AbsError: 2.35702e+06
      Equation: "ElectronContinuityEquation"	RelError: 6.28613e-11	AbsError: 2.15294e+06
      Equation: "HoleContinuityEquation"	RelError: 1.78798e-09	AbsError: 2.04073e+05
      Equation: "PotentialEquation"	RelError: 2.91322e-10	AbsError: 3.00349e-13
    Region: "gate"	RelError: 4.52047e-16	AbsError: 1.08865e+04
      Equation: "ElectronContinuityEquation"	RelError: 1.09040e-16	AbsError: 1.08865e+04
      Equation: "HoleContinuityEquation"	RelError: 2.38584e-16	AbsError: 2.38585e-16
      Equation: "PotentialEquation"	RelError: 1.04423e-16	AbsError: 1.14451e-16
    Region: "oxide"	RelError: 5.56236e-14	AbsError: 2.95964e-14
      Equation: "PotentialEquation"	RelError: 5.56236e-14	AbsError: 2.95964e-14
Iteration: 7
  Device: "mos2d"	RelError: 2.46290e-13	AbsError: 6.42753e+04
    Region: "bulk"	RelError: 2.35359e-13	AbsError: 6.42753e+04
      Equation: "ElectronContinuityEquation"	RelError: 3.20824e-14	AbsError: 6.38136e+04
      Equation: "HoleContinuityEquation"	RelError: 9.85956e-14	AbsError: 4.61737e+02
      Equation: "PotentialEquation"	RelError: 1.04681e-13	AbsError: 7.16175e-16
    Region: "gate"	RelError: 2.95093e-16	AbsError: 8.09307e+03
      Equation: "ElectronContinuityEquation"	RelError: 8.09307e-17	AbsError: 8.09307e+03
      Equation: "HoleContinuityEquation"	RelError: 1.12856e-16	AbsError: 1.13036e-16
      Equation: "PotentialEquation"	RelError: 1.01307e-16	AbsError: 1.11040e-16
    Region: "oxide"	RelError: 1.06362e-14	AbsError: 7.64229e-15
      Equation: "PotentialEquation"	RelError: 1.06362e-14	AbsError: 7.64229e-15
Succeeded
body	0.0	-4.00126967019e-15	-7.81671671535e-14	-8.21684368237e-14
drain	0.2	0.940271741723	7.82936306132e-17	0.940271741723
gate	0.5	4.82081993926e-12	2.41040996963e-32	4.82081993926e-12
source	0.0	-0.940271741723	-4.31720108524e-18	-0.940271741723
last end 2.000000e-01 5.000000e-01
Region "bulk" on device "mos2d" has equations 0:6746
Region "gate" on device "mos2d" has equations 6747:6863
Region "oxide" on device "mos2d" has equations 6864:7529
Device "mos2d" has equations 0:7529
number of equations 7530
Iteration: 0
  Device: "mos2d"	RelError: 2.01372e+03	AbsError: 2.09955e+17
    Region: "bulk"	RelError: 2.01366e+03	AbsError: 2.09955e+17
      Equation: "ElectronContinuityEquation"	RelError: 9.99000e+02	AbsError: 2.09613e+17
      Equation: "HoleContinuityEquation"	RelError: 9.99000e+02	AbsError: 3.42746e+14
      Equation: "PotentialEquation"	RelError: 1.56592e+01	AbsError: 4.09543e-02
    Region: "gate"	RelError: 3.39047e-04	AbsError: 1.67233e+16
      Equation: "ElectronContinuityEquation"	RelError: 1.67517e-04	AbsError: 1.67233e+16
      Equation: "HoleContinuityEquation"	RelError: 1.67573e-04	AbsError: 1.67857e-04
      Equation: "PotentialEquation"	RelError: 3.95725e-06	AbsError: 4.33726e-06
    Region: "oxide"	RelError: 5.67080e-02	AbsError: 4.09542e-02
      Equation: "PotentialEquation"	RelError: 5.67080e-02	AbsError: 4.09542e-02
Iteration: 1
  Device: "mos2d"	RelError: 2.00305e+03	AbsError: 1.77677e+16
    Region: "bulk"	RelError: 2.00301e+03	AbsError: 1.77677e+16
      Equation: "ElectronContinuityEquation"	RelError: 9.99000e+02	AbsError: 1.77499e+16
      Equation: "HoleContinuityEquation"	RelError: 9.99000e+02	AbsError: 1.78454e+13
      Equation: "PotentialEquation"	RelError: 5.00955e+00	AbsError: 3.07633e-02
    Region: "gate"	RelError: 8.19318e-06	AbsError: 4.02791e+14
      Equation: "ElectronContinuityEquation"	RelError: 4.03476e-06	AbsError: 4.02791e+14
      Equation: "HoleContinuityEquation"	RelError: 4.06280e-06	AbsError: 4.06971e-06
      Equation: "PotentialEquation"	RelError: 9.56282e-08	AbsError: 1.04811e-07
    Region: "oxide"	RelError: 4.15207e-02	AbsError: 3.07632e-02
      Equation: "PotentialEquation"	RelError: 4.15207e-02	AbsError: 3.07632e-02
Iteration: 2
  Device: "mos2d"	RelError: 1.00285e+03	AbsError: 1.88195e+15
    Region: "bulk"	RelError: 1.00281e+03	AbsError: 1.88195e+15
      Equation: "ElectronContinuityEquation"	RelError: 3.77275e+00	AbsError: 1.88181e+15
      Equation: "HoleContinuityEquation"	RelError: 9.99000e+02	AbsError: 1.35203e+11
      Equation: "PotentialEquation"	RelError: 4.05616e-02	AbsError: 2.58537e-02
    Region: "gate"	RelError: 1.06563e-06	AbsError: 5.25709e+13
      Equation: "ElectronContinuityEquation"	RelError: 5.26603e-07	AbsError: 5.25709e+13
      Equation: "HoleContinuityEquation"	RelError: 5.26587e-07	AbsError: 5.27482e-07
      Equation: "PotentialEquation"	RelError: 1.24377e-08	AbsError: 1.36321e-08
    Region: "oxide"	RelError: 3.30397e-02	AbsError: 2.57087e-02
      Equation: "PotentialEquation"	RelError: 3.30397e-02	AbsError: 2.57087e-02
Iteration: 3
  Device: "mos2d"	RelError: 1.59289e+00	AbsError: 3.89512e+15
    Region: "bulk"	RelError: 1.58170e+00	AbsError: 3.89512e+15
      Equation: "ElectronContinuityEquation"	RelError: 5.59506e-01	AbsError: 3.89475e+15
      Equation: "HoleContinuityEquation"	RelError: 1.00000e+00	AbsError: 3.70802e+11
      Equation: "PotentialEquation"	RelError: 2.21889e-02	AbsError: 9.16572e-03
    Region: "gate"	RelError: 2.52459e-07	AbsError: 1.24545e+13
      Equation: "ElectronContinuityEquation"	RelError: 1.24756e-07	AbsError: 1.24545e+13
      Equation: "HoleContinuityEquation"	RelError: 1.24756e-07	AbsError: 1.24968e-07
      Equation: "PotentialEquation"	RelError: 2.94662e-09	AbsError: 3.22959e-09
    Region: "oxide"	RelError: 1.11975e-02	AbsError: 9.16533e-03
      Equation: "PotentialEquation"	RelError: 1.11975e-02	AbsError: 9.16533e-03
Iteration: 4
  Device: "mos2d"	RelError: 1.76321e-01	AbsError: 4.14168e+15
    Region: "bulk"	RelError: 1.76172e-01	AbsError: 4.14168e+15
      Equation: "ElectronContinuityEquation"	RelError: 2.03970e-02	AbsError: 4.14121e+15
      Equation: "HoleContinuityEquation"	RelError: 1.25355e-01	AbsError: 4.67952e+11
      Equation: "PotentialEquation"	RelError: 3.04198e-02	AbsError: 4.41118e-04
    Region: "gate"	RelError: 4.24613e-07	AbsError: 2.09472e+13
      Equation: "ElectronContinuityEquation"	RelError: 2.09829e-07	AbsError: 2.09472e+13
      Equation: "HoleContinuityEquation"	RelError: 2.09829e-07	AbsError: 2.10185e-07
      Equation: "PotentialEquation"	RelError: 4.95595e-09	AbsError: 5.43187e-09
    Region: "oxide"	RelError: 1.48895e-04	AbsError: 9.56436e-05
      Equation: "PotentialEquation"	RelError: 1.48895e-04	AbsError: 9.56436e-05
Iteration: 5
  Device: "mos2d"	RelError: 9.70326e-05	AbsError: 3.90349e+12
    Region: "bulk"	RelError: 9.70087e-05	AbsError: 3.90349e+12
      Equation: "ElectronContinuityEquation"	RelError: 2.60279e-05	AbsError: 3.90329e+12
      Equation: "HoleContinuityEquation"	RelError: 6.61232e-05	AbsError: 2.04581e+08
      Equation: "PotentialEquation"	RelError: 4.85760e-06	AbsError: 1.43420e-07
    Region: "gate"	RelError: 4.84887e-11	AbsError: 2.39428e+09
      Equation: "ElectronContinuityEquation"	RelError: 2.39835e-11	AbsError: 2.39428e+09
      Equation: "HoleContinuityEquation"	RelError: 2.39393e-11	AbsError: 2.39801e-11
      Equation: "PotentialEquation"	RelError: 5.65857e-13	AbsError: 6.20196e-13
    Region: "oxide"	RelError: 2.38111e-08	AbsError: 1.64426e-08
      Equation: "PotentialEquation"	RelError: 2.38111e-08	AbsError: 1.64426e-08
Iteration: 6
  Device: "mos2d"	RelError: 1.42451e-10	AbsError: 1.02003e+06
    Region: "bulk"	RelError: 1.42439e-10	AbsError: 1.02003e+06
      Equation: "ElectronContinuityEquation"	RelError: 1.23131e-11	AbsError: 1.00561e+06
      Equation: "HoleContinuityEquation"	RelError: 1.25084e-10	AbsError: 1.44170e+04
      Equation: "PotentialEquation"	RelError: 5.04223e-12	AbsError: 3.41616e-13
    Region: "gate"	RelError: 3.16105e-16	AbsError: 8.05154e+03
      Equation: "ElectronContinuityEquation"	RelError: 8.05154e-17	AbsError: 8.05154e+03
      Equation: "HoleContinuityEquation"	RelError: 1.34299e-16	AbsError: 1.34435e-16
      Equation: "PotentialEquation"	RelError: 1.01291e-16	AbsError: 1.11022e-16
    Region: "oxide"	RelError: 1.12922e-14	AbsError: 9.24291e-15
      Equation: "PotentialEquation"	RelError: 1.12922e-14	AbsError: 9.24291e-15
Iteration: 7
  Device: "mos2d"	RelError: 1.91233e-13	AbsError: 6.85332e+04
    Region: "bulk"	RelError: 1.79653e-13	AbsError: 6.85332e+04
      Equation: "ElectronContinuityEquation"	RelError: 4.73958e-14	AbsError: 6.79375e+04
      Equation: "HoleContinuityEquation"	RelError: 7.56090e-14	AbsError: 5.95723e+02
      Equation: "PotentialEquation"	RelError: 5.66487e-14	AbsError: 1.04237e-15
    Region: "gate"	RelError: 2.86896e-16	AbsError: 8.05154e+03
      Equation: "ElectronContinuityEquation"	RelError: 8.05154e-17	AbsError: 8.05154e+03
      Equation: "HoleContinuityEquation"	RelError: 1.05089e-16	AbsError: 1.05089e-16
      Equation: "PotentialEquation"	RelError: 1.01291e-16	AbsError: 1.11022e-16
    Region: "oxide"	RelError: 1.12922e-14	AbsError: 9.24291e-15
      Equation: "PotentialEquation"	RelError: 1.12922e-14	AbsError: 9.24291e-15
Succeeded
body	0.0	-4.30970114285e-15	-8.31357986174e-14	-8.74454997603e-14
drain	0.3	1.53640065317	8.07422822367e-17	1.53640065317
gate	0.5	4.82081993926e-12	2.41040996963e-32	4.82081993926e-12
source	0.0	-1.53640065317	-7.2772657608e-18	-1.53640065317
last end 3.000000e-01 5.000000e-01
Region "bulk" on device "mos2d" has equations 0:6746
Region "gate" on device "mos2d" has equations 6747:6863
Region "oxide" on device "mos2d" has equations 6864:7529
Device "mos2d" has equations 0:7529
number of equations 7530
Iteration: 0
  Device: "mos2d"	RelError: 2.02490e+03	AbsError: 2.21190e+17
    Region: "bulk"	RelError: 2.02485e+03	AbsError: 2.21190e+17
      Equation: "ElectronContinuityEquation"	RelError: 9.99000e+02	AbsError: 2.20819e+17
      Equation: "HoleContinuityEquation"	RelError: 9.99000e+02	AbsError: 3.71405e+14
      Equation: "PotentialEquation"	RelError: 2.68523e+01	AbsError: 4.09544e-02
    Region: "gate"	RelError: 3.25645e-04	AbsError: 1.60649e+16
      Equation: "ElectronContinuityEquation"	RelError: 1.60896e-04	AbsError: 1.60649e+16
      Equation: "HoleContinuityEquation"	RelError: 1.60948e-04	AbsError: 1.61196e-04
      Equation: "PotentialEquation"	RelError: 3.80081e-06	AbsError: 4.16582e-06
    Region: "oxide"	RelError: 4.96077e-02	AbsError: 4.09542e-02
      Equation: "PotentialEquation"	RelError: 4.96077e-02	AbsError: 4.09542e-02
Iteration: 1
  Device: "mos2d"	RelError: 2.00009e+03	AbsError: 1.69339e+16
    Region: "bulk"	RelError: 2.00005e+03	AbsError: 1.69339e+16
      Equation: "ElectronContinuityEquation"	RelError: 9.99000e+02	AbsError: 1.69169e+16
      Equation: "HoleContinuityEquation"	RelError: 9.99000e+02	AbsError: 1.69664e+13
      Equation: "PotentialEquation"	RelError: 2.05336e+00	AbsError: 3.07685e-02
    Region: "gate"	RelError: 4.76178e-06	AbsError: 2.33656e+14
      Equation: "ElectronContinuityEquation"	RelError: 2.34016e-06	AbsError: 2.33656e+14
      Equation: "HoleContinuityEquation"	RelError: 2.36605e-06	AbsError: 2.36969e-06
      Equation: "PotentialEquation"	RelError: 5.55778e-08	AbsError: 6.09152e-08
    Region: "oxide"	RelError: 3.82453e-02	AbsError: 3.07632e-02
      Equation: "PotentialEquation"	RelError: 3.82453e-02	AbsError: 3.07632e-02
Iteration: 2
  Device: "mos2d"	RelError: 1.14888e+03	AbsError: 1.61772e+15
    Region: "bulk"	RelError: 1.14885e+03	AbsError: 1.61772e+15
      Equation: "ElectronContinuityEquation"	RelError: 3.20327e+00	AbsError: 1.61767e+15
      Equation: "HoleContinuityEquation"	RelError: 1.14561e+03	AbsError: 4.81667e+10
      Equation: "PotentialEquation"	RelError: 3.50477e-02	AbsError: 2.58564e-02
    Region: "gate"	RelError: 5.16698e-07	AbsError: 2.54943e+13
      Equation: "ElectronContinuityEquation"	RelError: 2.55336e-07	AbsError: 2.54943e+13
      Equation: "HoleContinuityEquation"	RelError: 2.55331e-07	AbsError: 2.55725e-07
      Equation: "PotentialEquation"	RelError: 6.03071e-09	AbsError: 6.60987e-09
    Region: "oxide"	RelError: 2.90063e-02	AbsError: 2.53145e-02
      Equation: "PotentialEquation"	RelError: 2.90063e-02	AbsError: 2.53145e-02
Iteration: 3
  Device: "mos2d"	RelError: 1.55393e+00	AbsError: 3.43605e+15
    Region: "bulk"	RelError: 1.54395e+00	AbsError: 3.43605e+15
      Equation: "ElectronContinuityEquation"	RelError: 5.17253e-01	AbsError: 3.43568e+15
      Equation: "HoleContinuityEquation"	RelError: 9.97279e-01	AbsError: 3.69149e+11
      Equation: "PotentialEquation"	RelError: 2.94175e-02	AbsError: 9.16728e-03
    Region: "gate"	RelError: 2.70256e-07	AbsError: 1.33345e+13
      Equation: "ElectronContinuityEquation"	RelError: 1.33551e-07	AbsError: 1.33345e+13
      Equation: "HoleContinuityEquation"	RelError: 1.33551e-07	AbsError: 1.33756e-07
      Equation: "PotentialEquation"	RelError: 3.15433e-09	AbsError: 3.45725e-09
    Region: "oxide"	RelError: 9.97838e-03	AbsError: 9.16533e-03
      Equation: "PotentialEquation"	RelError: 9.97838e-03	AbsError: 9.16533e-03
Iteration: 4
  Device: "mos2d"	RelError: 6.71088e-02	AbsError: 3.94089e+15
    Region: "bulk"	RelError: 6.69827e-02	AbsError: 3.94089e+15
      Equation: "ElectronContinuityEquation"	RelError: 2.30961e-02	AbsError: 3.94042e+15
      Equation: "HoleContinuityEquation"	RelError: 6.65975e-03	AbsError: 4.63075e+11
      Equation: "PotentialEquation"	RelError: 3.72268e-02	AbsError: 3.84673e-04
    Region: "gate"	RelError: 3.96893e-07	AbsError: 1.95829e+13
      Equation: "ElectronContinuityEquation"	RelError: 1.96130e-07	AbsError: 1.95829e+13
      Equation: "HoleContinuityEquation"	RelError: 1.96130e-07	AbsError: 1.96433e-07
      Equation: "PotentialEquation"	RelError: 4.63240e-09	AbsError: 5.07727e-09
    Region: "oxide"	RelError: 1.25770e-04	AbsError: 8.92685e-05
      Equation: "PotentialEquation"	RelError: 1.25770e-04	AbsError: 8.92685e-05
Iteration: 5
  Device: "mos2d"	RelError: 1.02393e-04	AbsError: 3.59874e+12
    Region: "bulk"	RelError: 1.02357e-04	AbsError: 3.59874e+12
      Equation: "ElectronContinuityEquation"	RelError: 1.73530e-05	AbsError: 3.59849e+12
      Equation: "HoleContinuityEquation"	RelError: 7.75334e-05	AbsError: 2.56710e+08
      Equation: "PotentialEquation"	RelError: 7.47063e-06	AbsError: 1.50496e-07
    Region: "gate"	RelError: 1.10058e-10	AbsError: 5.43219e+09
      Equation: "ElectronContinuityEquation"	RelError: 5.44057e-11	AbsError: 5.43219e+09
      Equation: "HoleContinuityEquation"	RelError: 5.43675e-11	AbsError: 5.44513e-11
      Equation: "PotentialEquation"	RelError: 1.28448e-12	AbsError: 1.40783e-12
    Region: "oxide"	RelError: 3.62483e-08	AbsError: 2.55016e-08
      Equation: "PotentialEquation"	RelError: 3.62483e-08	AbsError: 2.55016e-08
Iteration: 6
  Device: "mos2d"	RelError: 3.22498e-11	AbsError: 1.75225e+06
    Region: "bulk"	RelError: 3.22373e-11	AbsError: 1.75225e+06
      Equation: "ElectronContinuityEquation"	RelError: 7.59071e-12	AbsError: 1.69206e+06
      Equation: "HoleContinuityEquation"	RelError: 2.03606e-11	AbsError: 6.01897e+04
      Equation: "PotentialEquation"	RelError: 4.28598e-12	AbsError: 2.82441e-13
    Region: "gate"	RelError: 3.19271e-16	AbsError: 7.80932e+03
      Equation: "ElectronContinuityEquation"	RelError: 7.80932e-17	AbsError: 7.80932e+03
      Equation: "HoleContinuityEquation"	RelError: 1.39887e-16	AbsError: 1.40084e-16
      Equation: "PotentialEquation"	RelError: 1.01291e-16	AbsError: 1.11022e-16
    Region: "oxide"	RelError: 1.21072e-14	AbsError: 1.09057e-14
      Equation: "PotentialEquation"	RelError: 1.21072e-14	AbsError: 1.09057e-14
Succeeded
body	0.0	-4.55852174298e-15	-1.12685635002e-13	-1.17244156745e-13
drain	0.4	2.23093349675	8.34237294201e-17	2.23093349675
gate	0.5	2.66029592238e-12	1.33014796119e-32	2.66029592238e-12
source	0.0	-2.23093349675	-1.06655629385e-17	-2.23093349675
last end 4.000000e-01 5.000000e-01
setting to last bias 5.000000e-01
setting next bias 5.000000e-01
Region "bulk" on device "mos2d" has equations 0:6746
Region "gate" on device "mos2d" has equations 6747:6863
Region "oxide" on device "mos2d" has equations 6864:7529
Device "mos2d" has equations 0:7529
number of equations 7530
Iteration: 0
  Device: "mos2d"	RelError: 3.78880e+03	AbsError: 2.20906e+17
    Region: "bulk"	RelError: 3.78876e+03	AbsError: 2.20906e+17
      Equation: "ElectronContinuityEquation"	RelError: 9.99000e+02	AbsError: 2.20509e+17
      Equation: "HoleContinuityEquation"	RelError: 2.60844e+03	AbsError: 3.97093e+14
      Equation: "PotentialEquation"	RelError: 1.81314e+02	AbsError: 4.09542e-02
    Region: "gate"	RelError: 3.17517e-04	AbsError: 1.56664e+16
      Equation: "ElectronContinuityEquation"	RelError: 1.56881e-04	AbsError: 1.56664e+16
      Equation: "HoleContinuityEquation"	RelError: 1.56930e-04	AbsError: 1.57148e-04
      Equation: "PotentialEquation"	RelError: 3.70593e-06	AbsError: 4.06185e-06
    Region: "oxide"	RelError: 4.52229e-02	AbsError: 4.09542e-02
      Equation: "PotentialEquation"	RelError: 4.52229e-02	AbsError: 4.09542e-02
Iteration: 1
  Device: "mos2d"	RelError: 2.00016e+03	AbsError: 1.50870e+16
    Region: "bulk"	RelError: 2.00012e+03	AbsError: 1.50870e+16
      Equation: "ElectronContinuityEquation"	RelError: 9.99000e+02	AbsError: 1.50710e+16
      Equation: "HoleContinuityEquation"	RelError: 9.99000e+02	AbsError: 1.59384e+13
      Equation: "PotentialEquation"	RelError: 2.12370e+00	AbsError: 3.07633e-02
    Region: "gate"	RelError: 2.97801e-06	AbsError: 1.45730e+14
      Equation: "ElectronContinuityEquation"	RelError: 1.45932e-06	AbsError: 1.45730e+14
      Equation: "HoleContinuityEquation"	RelError: 1.48393e-06	AbsError: 1.48599e-06
      Equation: "PotentialEquation"	RelError: 3.47581e-08	AbsError: 3.80963e-08
    Region: "oxide"	RelError: 3.45973e-02	AbsError: 3.07632e-02
      Equation: "PotentialEquation"	RelError: 3.45973e-02	AbsError: 3.07632e-02
Iteration: 2
  Device: "mos2d"	RelError: 7.62380e+00	AbsError: 1.24189e+15
    Region: "bulk"	RelError: 7.59797e+00	AbsError: 1.24189e+15
      Equation: "ElectronContinuityEquation"	RelError: 1.66831e+00	AbsError: 1.24185e+15
      Equation: "HoleContinuityEquation"	RelError: 5.89881e+00	AbsError: 4.23429e+10
      Equation: "PotentialEquation"	RelError: 3.08535e-02	AbsError: 2.58980e-02
    Region: "gate"	RelError: 2.34911e-07	AbsError: 1.15925e+13
      Equation: "ElectronContinuityEquation"	RelError: 1.16086e-07	AbsError: 1.15925e+13
      Equation: "HoleContinuityEquation"	RelError: 1.16083e-07	AbsError: 1.16244e-07
      Equation: "PotentialEquation"	RelError: 2.74178e-09	AbsError: 3.00510e-09
    Region: "oxide"	RelError: 2.58223e-02	AbsError: 2.49615e-02
      Equation: "PotentialEquation"	RelError: 2.58223e-02	AbsError: 2.49615e-02
Iteration: 3
  Device: "mos2d"	RelError: 1.01137e+00	AbsError: 2.88171e+15
    Region: "bulk"	RelError: 1.00237e+00	AbsError: 2.88171e+15
      Equation: "ElectronContinuityEquation"	RelError: 3.53474e-01	AbsError: 2.88138e+15
      Equation: "HoleContinuityEquation"	RelError: 6.38688e-01	AbsError: 3.32110e+11
      Equation: "PotentialEquation"	RelError: 1.02096e-02	AbsError: 9.16541e-03
    Region: "gate"	RelError: 2.27288e-07	AbsError: 1.12162e+13
      Equation: "ElectronContinuityEquation"	RelError: 1.12318e-07	AbsError: 1.12162e+13
      Equation: "HoleContinuityEquation"	RelError: 1.12318e-07	AbsError: 1.12473e-07
      Equation: "PotentialEquation"	RelError: 2.65282e-09	AbsError: 2.90759e-09
    Region: "oxide"	RelError: 8.99869e-03	AbsError: 9.16533e-03
      Equation: "PotentialEquation"	RelError: 8.99869e-03	AbsError: 9.16533e-03
Iteration: 4
  Device: "mos2d"	RelError: 5.26592e-02	AbsError: 3.51655e+15
    Region: "bulk"	RelError: 5.25645e-02	AbsError: 3.51655e+15
      Equation: "ElectronContinuityEquation"	RelError: 2.56739e-02	AbsError: 3.51612e+15
      Equation: "HoleContinuityEquation"	RelError: 1.28992e-02	AbsError: 4.23136e+11
      Equation: "PotentialEquation"	RelError: 1.39914e-02	AbsError: 3.20025e-04
    Region: "gate"	RelError: 3.26668e-07	AbsError: 1.61204e+13
      Equation: "ElectronContinuityEquation"	RelError: 1.61428e-07	AbsError: 1.61204e+13
      Equation: "HoleContinuityEquation"	RelError: 1.61428e-07	AbsError: 1.61652e-07
      Equation: "PotentialEquation"	RelError: 3.81274e-09	AbsError: 4.17891e-09
    Region: "oxide"	RelError: 9.43944e-05	AbsError: 7.29718e-05
      Equation: "PotentialEquation"	RelError: 9.43944e-05	AbsError: 7.29718e-05
Iteration: 5
  Device: "mos2d"	RelError: 2.16506e-04	AbsError: 3.04863e+12
    Region: "bulk"	RelError: 2.16470e-04	AbsError: 3.04863e+12
      Equation: "ElectronContinuityEquation"	RelError: 1.84410e-05	AbsError: 3.04817e+12
      Equation: "HoleContinuityEquation"	RelError: 1.93298e-04	AbsError: 4.64973e+08
      Equation: "PotentialEquation"	RelError: 4.73015e-06	AbsError: 2.16237e-07
    Region: "gate"	RelError: 1.18245e-10	AbsError: 5.83647e+09
      Equation: "ElectronContinuityEquation"	RelError: 5.84456e-11	AbsError: 5.83647e+09
      Equation: "HoleContinuityEquation"	RelError: 5.84195e-11	AbsError: 5.85005e-11
      Equation: "PotentialEquation"	RelError: 1.38014e-12	AbsError: 1.51269e-12
    Region: "oxide"	RelError: 3.61487e-08	AbsError: 2.61703e-08
      Equation: "PotentialEquation"	RelError: 3.61487e-08	AbsError: 2.61703e-08
Iteration: 6
  Device: "mos2d"	RelError: 4.61678e-11	AbsError: 2.76150e+06
    Region: "bulk"	RelError: 4.61539e-11	AbsError: 2.76150e+06
      Equation: "ElectronContinuityEquation"	RelError: 1.52901e-11	AbsError: 2.61631e+06
      Equation: "HoleContinuityEquation"	RelError: 2.69877e-11	AbsError: 1.45196e+05
      Equation: "PotentialEquation"	RelError: 3.87617e-12	AbsError: 4.71179e-13
    Region: "gate"	RelError: 3.76421e-16	AbsError: 8.03633e+03
      Equation: "ElectronContinuityEquation"	RelError: 8.03633e-17	AbsError: 8.03633e+03
      Equation: "HoleContinuityEquation"	RelError: 1.94731e-16	AbsError: 1.95001e-16
      Equation: "PotentialEquation"	RelError: 1.01327e-16	AbsError: 1.11062e-16
    Region: "oxide"	RelError: 1.34983e-14	AbsError: 1.28497e-14
      Equation: "PotentialEquation"	RelError: 1.34983e-14	AbsError: 1.28497e-14
Succeeded
body	0.0	-4.7661863417e-15	-1.03126043608e-13	-1.0789222995e-13
drain	0.5	3.02291249063	8.63679944984e-17	3.02291249063
gate	0.5	4.29822387815e-12	2.14911193907e-32	4.29822387815e-12
source	0.0	-3.02291249063	-1.43973469823e-17	-3.02291249063
