
----------------------------------------

 DEVSIM

 Version: Beta 0.01

 Copyright 2009-2013 Devsim LLC

----------------------------------------


Physical group name body_contact has 0 Tetrahedra.
Physical group name body_contact has 0 Triangles.
Physical group name body_contact has 49 Lines.
Physical group name body_contact has 50 Points.
Physical group name bulk has 0 Tetrahedra.
Physical group name bulk has 4255 Triangles.
Physical group name bulk has 6503 Lines.
Physical group name bulk has 2249 Points.
Physical group name bulk_oxide_interface has 0 Tetrahedra.
Physical group name bulk_oxide_interface has 0 Triangles.
Physical group name bulk_oxide_interface has 100 Lines.
Physical group name bulk_oxide_interface has 101 Points.
Physical group name drain_contact has 0 Tetrahedra.
Physical group name drain_contact has 0 Triangles.
Physical group name drain_contact has 27 Lines.
Physical group name drain_contact has 28 Points.
Physical group name gate has 0 Tetrahedra.
Physical group name gate has 57 Triangles.
Physical group name gate has 95 Lines.
Physical group name gate has 39 Points.
Physical group name gate_contact has 0 Tetrahedra.
Physical group name gate_contact has 0 Triangles.
Physical group name gate_contact has 4 Lines.
Physical group name gate_contact has 5 Points.
Physical group name gate_oxide_interface has 0 Tetrahedra.
Physical group name gate_oxide_interface has 0 Triangles.
Physical group name gate_oxide_interface has 5 Lines.
Physical group name gate_oxide_interface has 6 Points.
Physical group name oxide has 0 Tetrahedra.
Physical group name oxide has 1207 Triangles.
Physical group name oxide has 1872 Lines.
Physical group name oxide has 666 Points.
Physical group name source_contact has 0 Tetrahedra.
Physical group name source_contact has 0 Triangles.
Physical group name source_contact has 27 Lines.
Physical group name source_contact has 28 Points.
Device mos2d has 2847 coordinates with max index 2847
group bulk has 2249 nodes.
Region bulk has 2249 nodes.
Region bulk has 2249 nodes.
group gate has 39 nodes.
Region gate has 39 nodes.
Region gate has 39 nodes.
group oxide has 666 nodes.
Region oxide has 666 nodes.
Region oxide has 666 nodes.
group body_contact has 50 nodes.
Contact body in region bulk with 50 nodes
group drain_contact has 28 nodes.
Contact drain in region bulk with 28 nodes
group gate_contact has 5 nodes.
Contact gate in region gate with 5 nodes
group source_contact has 28 nodes.
Contact source in region bulk with 28 nodes
group bulk_oxide_interface has 101 nodes.
Warning, contact "source" shares a node with interface "bulk_oxide"
Warning, contact "drain" shares a node with interface "bulk_oxide"
Adding interface bulk_oxide with 101, 101 nodes
group gate_oxide_interface has 6 nodes.
Adding interface gate_oxide with 6, 6 nodes
bulk body
bulk drain
gate gate
bulk source
Region "bulk" on device "mos2d" has equations 0:2248
Region "gate" on device "mos2d" has equations 2249:2287
Region "oxide" on device "mos2d" has equations 2288:2953
Device "mos2d" has equations 0:2953
number of equations 2954
Iteration: 0
  Device: "mos2d"	RelError: 3.00000e+00	AbsError: 2.62012e-01
    Region: "bulk"	RelError: 1.00000e+00	AbsError: 2.16122e-01
      Equation: "PotentialEquation"	RelError: 1.00000e+00	AbsError: 2.16122e-01
    Region: "gate"	RelError: 1.00000e+00	AbsError: 2.62012e-01
      Equation: "PotentialEquation"	RelError: 1.00000e+00	AbsError: 2.62012e-01
    Region: "oxide"	RelError: 1.00000e+00	AbsError: 2.61732e-01
      Equation: "PotentialEquation"	RelError: 1.00000e+00	AbsError: 2.61732e-01
Iteration: 1
  Device: "mos2d"	RelError: 1.49679e+00	AbsError: 2.60773e-01
    Region: "bulk"	RelError: 4.99020e-01	AbsError: 2.14804e-01
      Equation: "PotentialEquation"	RelError: 4.99020e-01	AbsError: 2.14804e-01
    Region: "gate"	RelError: 4.98963e-01	AbsError: 2.60773e-01
      Equation: "PotentialEquation"	RelError: 4.98963e-01	AbsError: 2.60773e-01
    Region: "oxide"	RelError: 4.98808e-01	AbsError: 2.60485e-01
      Equation: "PotentialEquation"	RelError: 4.98808e-01	AbsError: 2.60485e-01
Iteration: 2
  Device: "mos2d"	RelError: 2.18169e+00	AbsError: 1.41155e-01
    Region: "bulk"	RelError: 1.55131e+00	AbsError: 1.41155e-01
      Equation: "PotentialEquation"	RelError: 1.55131e+00	AbsError: 1.41155e-01
    Region: "gate"	RelError: 3.16582e-01	AbsError: 1.32593e-01
      Equation: "PotentialEquation"	RelError: 3.16582e-01	AbsError: 1.32593e-01
    Region: "oxide"	RelError: 3.13793e-01	AbsError: 8.39856e-02
      Equation: "PotentialEquation"	RelError: 3.13793e-01	AbsError: 8.39856e-02
Iteration: 3
  Device: "mos2d"	RelError: 3.95275e+01	AbsError: 8.14615e-02
    Region: "bulk"	RelError: 3.90731e+01	AbsError: 8.14615e-02
      Equation: "PotentialEquation"	RelError: 3.90731e+01	AbsError: 8.14615e-02
    Region: "gate"	RelError: 2.29097e-01	AbsError: 7.00000e-02
      Equation: "PotentialEquation"	RelError: 2.29097e-01	AbsError: 7.00000e-02
    Region: "oxide"	RelError: 2.25324e-01	AbsError: 6.51495e-02
      Equation: "PotentialEquation"	RelError: 2.25324e-01	AbsError: 6.51495e-02
Iteration: 4
  Device: "mos2d"	RelError: 1.50737e+02	AbsError: 7.89878e-02
    Region: "bulk"	RelError: 1.50392e+02	AbsError: 7.89878e-02
      Equation: "PotentialEquation"	RelError: 1.50392e+02	AbsError: 7.89878e-02
    Region: "gate"	RelError: 1.75024e-01	AbsError: 6.48239e-02
      Equation: "PotentialEquation"	RelError: 1.75024e-01	AbsError: 6.48239e-02
    Region: "oxide"	RelError: 1.70099e-01	AbsError: 5.92624e-02
      Equation: "PotentialEquation"	RelError: 1.70099e-01	AbsError: 5.92624e-02
Iteration: 5
  Device: "mos2d"	RelError: 1.82821e+03	AbsError: 7.62736e-02
    Region: "bulk"	RelError: 1.82794e+03	AbsError: 7.62736e-02
      Equation: "PotentialEquation"	RelError: 1.82794e+03	AbsError: 7.62736e-02
    Region: "gate"	RelError: 1.37182e-01	AbsError: 5.88866e-02
      Equation: "PotentialEquation"	RelError: 1.37182e-01	AbsError: 5.88866e-02
    Region: "oxide"	RelError: 1.30784e-01	AbsError: 5.24208e-02
      Equation: "PotentialEquation"	RelError: 1.30784e-01	AbsError: 5.24208e-02
Iteration: 6
  Device: "mos2d"	RelError: 1.75376e+02	AbsError: 7.37354e-02
    Region: "bulk"	RelError: 1.75168e+02	AbsError: 7.37354e-02
      Equation: "PotentialEquation"	RelError: 1.75168e+02	AbsError: 7.37354e-02
    Region: "gate"	RelError: 1.08015e-01	AbsError: 5.19808e-02
      Equation: "PotentialEquation"	RelError: 1.08015e-01	AbsError: 5.19808e-02
    Region: "oxide"	RelError: 9.96468e-02	AbsError: 4.43609e-02
      Equation: "PotentialEquation"	RelError: 9.96468e-02	AbsError: 4.43609e-02
Iteration: 7
  Device: "mos2d"	RelError: 1.32380e+02	AbsError: 7.20749e-02
    Region: "bulk"	RelError: 1.32224e+02	AbsError: 7.20749e-02
      Equation: "PotentialEquation"	RelError: 1.32224e+02	AbsError: 7.20749e-02
    Region: "gate"	RelError: 8.34915e-02	AbsError: 4.38395e-02
      Equation: "PotentialEquation"	RelError: 8.34915e-02	AbsError: 4.38395e-02
    Region: "oxide"	RelError: 7.24849e-02	AbsError: 3.47907e-02
      Equation: "PotentialEquation"	RelError: 7.24849e-02	AbsError: 3.47907e-02
Iteration: 8
  Device: "mos2d"	RelError: 1.87614e+03	AbsError: 6.95617e-02
    Region: "bulk"	RelError: 1.87604e+03	AbsError: 6.95617e-02
      Equation: "PotentialEquation"	RelError: 1.87604e+03	AbsError: 6.95617e-02
    Region: "gate"	RelError: 6.11043e-02	AbsError: 3.41726e-02
      Equation: "PotentialEquation"	RelError: 6.11043e-02	AbsError: 3.41726e-02
    Region: "oxide"	RelError: 4.68846e-02	AbsError: 2.36103e-02
      Equation: "PotentialEquation"	RelError: 4.68846e-02	AbsError: 2.36103e-02
Iteration: 9
  Device: "mos2d"	RelError: 6.99142e+01	AbsError: 6.34464e-02
    Region: "bulk"	RelError: 6.98460e+01	AbsError: 6.34464e-02
      Equation: "PotentialEquation"	RelError: 6.98460e+01	AbsError: 6.34464e-02
    Region: "gate"	RelError: 3.93513e-02	AbsError: 2.29087e-02
      Equation: "PotentialEquation"	RelError: 3.93513e-02	AbsError: 2.29087e-02
    Region: "oxide"	RelError: 2.88057e-02	AbsError: 1.49363e-02
      Equation: "PotentialEquation"	RelError: 2.88057e-02	AbsError: 1.49363e-02
Iteration: 10
  Device: "mos2d"	RelError: 6.75434e+01	AbsError: 5.07996e-02
    Region: "bulk"	RelError: 6.75200e+01	AbsError: 5.07996e-02
      Equation: "PotentialEquation"	RelError: 6.75200e+01	AbsError: 5.07996e-02
    Region: "gate"	RelError: 2.33454e-02	AbsError: 1.39156e-02
      Equation: "PotentialEquation"	RelError: 2.33454e-02	AbsError: 1.39156e-02
    Region: "oxide"	RelError: 7.10672e-06	AbsError: 2.84960e-06
      Equation: "PotentialEquation"	RelError: 7.10672e-06	AbsError: 2.84960e-06
Iteration: 11
  Device: "mos2d"	RelError: 2.53501e+01	AbsError: 3.63570e-02
    Region: "bulk"	RelError: 2.53500e+01	AbsError: 3.63570e-02
      Equation: "PotentialEquation"	RelError: 2.53500e+01	AbsError: 3.63570e-02
    Region: "gate"	RelError: 1.37683e-10	AbsError: 8.20674e-11
      Equation: "PotentialEquation"	RelError: 1.37683e-10	AbsError: 8.20674e-11
    Region: "oxide"	RelError: 4.28352e-06	AbsError: 1.71758e-06
      Equation: "PotentialEquation"	RelError: 4.28352e-06	AbsError: 1.71758e-06
Iteration: 12
  Device: "mos2d"	RelError: 1.22763e+01	AbsError: 2.58894e-02
    Region: "bulk"	RelError: 1.22763e+01	AbsError: 2.58894e-02
      Equation: "PotentialEquation"	RelError: 1.22763e+01	AbsError: 2.58894e-02
    Region: "gate"	RelError: 2.07123e-11	AbsError: 1.23458e-11
      Equation: "PotentialEquation"	RelError: 2.07123e-11	AbsError: 1.23458e-11
    Region: "oxide"	RelError: 6.44397e-07	AbsError: 2.58387e-07
      Equation: "PotentialEquation"	RelError: 6.44397e-07	AbsError: 2.58387e-07
Iteration: 13
  Device: "mos2d"	RelError: 9.72935e-01	AbsError: 1.39565e-02
    Region: "bulk"	RelError: 9.72935e-01	AbsError: 1.39565e-02
      Equation: "PotentialEquation"	RelError: 9.72935e-01	AbsError: 1.39565e-02
    Region: "gate"	RelError: 5.04581e-12	AbsError: 3.00761e-12
      Equation: "PotentialEquation"	RelError: 5.04581e-12	AbsError: 3.00761e-12
    Region: "oxide"	RelError: 1.56979e-07	AbsError: 6.29446e-08
      Equation: "PotentialEquation"	RelError: 1.56979e-07	AbsError: 6.29446e-08
Iteration: 14
  Device: "mos2d"	RelError: 7.23825e-02	AbsError: 8.35414e-05
    Region: "bulk"	RelError: 7.23824e-02	AbsError: 8.35414e-05
      Equation: "PotentialEquation"	RelError: 7.23824e-02	AbsError: 8.35414e-05
    Region: "gate"	RelError: 3.81915e-13	AbsError: 2.27644e-13
      Equation: "PotentialEquation"	RelError: 3.81915e-13	AbsError: 2.27644e-13
    Region: "oxide"	RelError: 1.18851e-08	AbsError: 4.76562e-09
      Equation: "PotentialEquation"	RelError: 1.18851e-08	AbsError: 4.76562e-09
Iteration: 15
  Device: "mos2d"	RelError: 1.08673e-05	AbsError: 1.58135e-08
    Region: "bulk"	RelError: 1.08673e-05	AbsError: 1.58135e-08
      Equation: "PotentialEquation"	RelError: 1.08673e-05	AbsError: 1.58135e-08
    Region: "gate"	RelError: 1.91360e-16	AbsError: 1.14063e-16
      Equation: "PotentialEquation"	RelError: 1.91360e-16	AbsError: 1.14063e-16
    Region: "oxide"	RelError: 1.35297e-12	AbsError: 5.42508e-13
      Equation: "PotentialEquation"	RelError: 1.35297e-12	AbsError: 5.42508e-13
Iteration: 16
  Device: "mos2d"	RelError: 6.83956e-13	AbsError: 7.53861e-15
    Region: "bulk"	RelError: 6.69168e-13	AbsError: 1.14679e-15
      Equation: "PotentialEquation"	RelError: 6.69168e-13	AbsError: 1.14679e-15
    Region: "gate"	RelError: 2.49302e-16	AbsError: 1.48600e-16
      Equation: "PotentialEquation"	RelError: 2.49302e-16	AbsError: 1.48600e-16
    Region: "oxide"	RelError: 1.45387e-14	AbsError: 7.53861e-15
      Equation: "PotentialEquation"	RelError: 1.45387e-14	AbsError: 7.53861e-15
Region "bulk" on device "mos2d" has equations 0:2248
Region "gate" on device "mos2d" has equations 2249:2287
Region "oxide" on device "mos2d" has equations 2288:2953
Device "mos2d" has equations 0:2953
number of equations 2954
Iteration: 0
  Device: "mos2d"	RelError: 2.64359e-14	AbsError: 7.53861e-15
    Region: "bulk"	RelError: 1.16276e-14	AbsError: 7.84859e-16
      Equation: "PotentialEquation"	RelError: 1.16276e-14	AbsError: 7.84859e-16
    Region: "gate"	RelError: 2.69604e-16	AbsError: 1.60704e-16
      Equation: "PotentialEquation"	RelError: 2.69604e-16	AbsError: 1.60704e-16
    Region: "oxide"	RelError: 1.45387e-14	AbsError: 7.53861e-15
      Equation: "PotentialEquation"	RelError: 1.45387e-14	AbsError: 7.53861e-15
Warning: Replacing equation with equation of the same name.
Region: gate, Equation: PotentialEquation, Variable: Potential
Warning: Replacing equation with equation of the same name.
Region: bulk, Equation: PotentialEquation, Variable: Potential
Region "bulk" on device "mos2d" has equations 0:6746
Region "gate" on device "mos2d" has equations 6747:6863
Region "oxide" on device "mos2d" has equations 6864:7529
Device "mos2d" has equations 0:7529
number of equations 7530
Iteration: 0
  Device: "mos2d"	RelError: 2.04546e-13	AbsError: 5.74396e+05
    Region: "bulk"	RelError: 1.78060e-13	AbsError: 8.94425e+04
      Equation: "ElectronContinuityEquation"	RelError: 3.13304e-14	AbsError: 6.69145e+04
      Equation: "HoleContinuityEquation"	RelError: 3.41584e-14	AbsError: 2.25280e+04
      Equation: "PotentialEquation"	RelError: 1.12572e-13	AbsError: 8.75962e-16
    Region: "gate"	RelError: 1.16742e-14	AbsError: 5.74396e+05
      Equation: "ElectronContinuityEquation"	RelError: 5.74631e-15	AbsError: 5.74396e+05
      Equation: "HoleContinuityEquation"	RelError: 5.73501e-15	AbsError: 5.73501e-15
      Equation: "PotentialEquation"	RelError: 1.92930e-16	AbsError: 1.15001e-16
    Region: "oxide"	RelError: 1.48116e-14	AbsError: 7.68007e-15
      Equation: "PotentialEquation"	RelError: 1.48116e-14	AbsError: 7.68007e-15
last end 0.000000e+00 5.000000e-01
setting to last bias 5.000000e-01
setting next bias 5.000000e-01
Region "bulk" on device "mos2d" has equations 0:6746
Region "gate" on device "mos2d" has equations 6747:6863
Region "oxide" on device "mos2d" has equations 6864:7529
Device "mos2d" has equations 0:7529
number of equations 7530
Iteration: 0
  Device: "mos2d"	RelError: 2.52294e+01	AbsError: 7.79325e+17
    Region: "bulk"	RelError: 2.49948e+01	AbsError: 7.79325e+17
      Equation: "ElectronContinuityEquation"	RelError: 4.95983e-01	AbsError: 7.79324e+17
      Equation: "HoleContinuityEquation"	RelError: 2.44406e+01	AbsError: 4.20187e+11
      Equation: "PotentialEquation"	RelError: 5.82057e-02	AbsError: 2.88435e-02
    Region: "gate"	RelError: 1.18963e-01	AbsError: 1.63568e+17
      Equation: "ElectronContinuityEquation"	RelError: 1.63932e-03	AbsError: 1.63568e+17
      Equation: "HoleContinuityEquation"	RelError: 1.63397e-03	AbsError: 1.63759e-03
      Equation: "PotentialEquation"	RelError: 1.15690e-01	AbsError: 7.79815e-02
    Region: "oxide"	RelError: 1.15690e-01	AbsError: 7.79804e-02
      Equation: "PotentialEquation"	RelError: 1.15690e-01	AbsError: 7.79804e-02
Iteration: 1
  Device: "mos2d"	RelError: 1.32711e+00	AbsError: 6.09485e+17
    Region: "bulk"	RelError: 1.12525e+00	AbsError: 6.09485e+17
      Equation: "ElectronContinuityEquation"	RelError: 1.74154e-01	AbsError: 6.09485e+17
      Equation: "HoleContinuityEquation"	RelError: 9.04255e-01	AbsError: 4.33906e+11
      Equation: "PotentialEquation"	RelError: 4.68431e-02	AbsError: 2.51210e-02
    Region: "gate"	RelError: 1.03146e-01	AbsError: 2.21605e+17
      Equation: "ElectronContinuityEquation"	RelError: 2.22097e-03	AbsError: 2.21605e+17
      Equation: "HoleContinuityEquation"	RelError: 2.21115e-03	AbsError: 2.21605e-03
      Equation: "PotentialEquation"	RelError: 9.87144e-02	AbsError: 7.38268e-02
    Region: "oxide"	RelError: 9.87114e-02	AbsError: 7.38233e-02
      Equation: "PotentialEquation"	RelError: 9.87114e-02	AbsError: 7.38233e-02
Iteration: 2
  Device: "mos2d"	RelError: 2.41367e-01	AbsError: 2.21474e+17
    Region: "bulk"	RelError: 6.76440e-02	AbsError: 6.11281e+16
      Equation: "ElectronContinuityEquation"	RelError: 1.00042e-02	AbsError: 6.11281e+16
      Equation: "HoleContinuityEquation"	RelError: 4.00067e-02	AbsError: 5.04916e+09
      Equation: "PotentialEquation"	RelError: 1.76331e-02	AbsError: 9.45954e-03
    Region: "gate"	RelError: 8.90771e-02	AbsError: 2.21474e+17
      Equation: "ElectronContinuityEquation"	RelError: 2.21474e-03	AbsError: 2.21474e+17
      Equation: "HoleContinuityEquation"	RelError: 2.21502e-03	AbsError: 2.21502e-03
      Equation: "PotentialEquation"	RelError: 8.46474e-02	AbsError: 6.91601e-02
    Region: "oxide"	RelError: 8.46463e-02	AbsError: 6.91584e-02
      Equation: "PotentialEquation"	RelError: 8.46463e-02	AbsError: 6.91584e-02
Iteration: 3
  Device: "mos2d"	RelError: 1.47815e-01	AbsError: 9.84325e+15
    Region: "bulk"	RelError: 2.78990e-03	AbsError: 9.84325e+15
      Equation: "ElectronContinuityEquation"	RelError: 1.60835e-03	AbsError: 9.84325e+15
      Equation: "HoleContinuityEquation"	RelError: 1.01894e-03	AbsError: 4.52201e+08
      Equation: "PotentialEquation"	RelError: 1.62615e-04	AbsError: 1.20697e-05
    Region: "gate"	RelError: 7.25263e-02	AbsError: 1.28589e+15
      Equation: "ElectronContinuityEquation"	RelError: 1.28590e-05	AbsError: 1.28589e+15
      Equation: "HoleContinuityEquation"	RelError: 1.29872e-05	AbsError: 1.29873e-05
      Equation: "PotentialEquation"	RelError: 7.25004e-02	AbsError: 6.38659e-02
    Region: "oxide"	RelError: 7.24992e-02	AbsError: 6.38640e-02
      Equation: "PotentialEquation"	RelError: 7.24992e-02	AbsError: 6.38640e-02
Iteration: 4
  Device: "mos2d"	RelError: 1.23238e-01	AbsError: 6.61415e+15
    Region: "bulk"	RelError: 3.01057e-07	AbsError: 1.08269e+12
      Equation: "ElectronContinuityEquation"	RelError: 1.76907e-07	AbsError: 1.08269e+12
      Equation: "HoleContinuityEquation"	RelError: 1.19000e-07	AbsError: 3.87054e+05
      Equation: "PotentialEquation"	RelError: 5.14976e-09	AbsError: 1.51486e-09
    Region: "gate"	RelError: 6.16856e-02	AbsError: 6.61415e+15
      Equation: "ElectronContinuityEquation"	RelError: 6.61372e-05	AbsError: 6.61415e+15
      Equation: "HoleContinuityEquation"	RelError: 6.61458e-05	AbsError: 6.61416e-05
      Equation: "PotentialEquation"	RelError: 6.15533e-02	AbsError: 5.77790e-02
    Region: "oxide"	RelError: 6.15519e-02	AbsError: 5.77769e-02
      Equation: "PotentialEquation"	RelError: 6.15519e-02	AbsError: 5.77769e-02
Iteration: 5
  Device: "mos2d"	RelError: 1.02584e-01	AbsError: 6.58374e+15
    Region: "bulk"	RelError: 2.05846e-09	AbsError: 1.31446e+09
      Equation: "ElectronContinuityEquation"	RelError: 5.62388e-10	AbsError: 1.31442e+09
      Equation: "HoleContinuityEquation"	RelError: 7.41042e-10	AbsError: 3.99789e+04
      Equation: "PotentialEquation"	RelError: 7.55027e-10	AbsError: 1.45913e-11
    Region: "gate"	RelError: 5.13587e-02	AbsError: 6.58374e+15
      Equation: "ElectronContinuityEquation"	RelError: 6.58375e-05	AbsError: 6.58374e+15
      Equation: "HoleContinuityEquation"	RelError: 6.58369e-05	AbsError: 6.58370e-05
      Equation: "PotentialEquation"	RelError: 5.12270e-02	AbsError: 5.06822e-02
    Region: "oxide"	RelError: 5.12252e-02	AbsError: 5.06796e-02
      Equation: "PotentialEquation"	RelError: 5.12252e-02	AbsError: 5.06796e-02
Iteration: 6
  Device: "mos2d"	RelError: 8.20229e-02	AbsError: 1.16651e+15
    Region: "bulk"	RelError: 1.18519e-10	AbsError: 3.12734e+07
      Equation: "ElectronContinuityEquation"	RelError: 5.52174e-11	AbsError: 3.12730e+07
      Equation: "HoleContinuityEquation"	RelError: 5.60960e-11	AbsError: 4.37010e+02
      Equation: "PotentialEquation"	RelError: 7.20542e-12	AbsError: 3.86545e-12
    Region: "gate"	RelError: 4.10242e-02	AbsError: 1.16651e+15
      Equation: "ElectronContinuityEquation"	RelError: 1.16651e-05	AbsError: 1.16651e+15
      Equation: "HoleContinuityEquation"	RelError: 1.16649e-05	AbsError: 1.16650e-05
      Equation: "PotentialEquation"	RelError: 4.10009e-02	AbsError: 4.22991e-02
    Region: "oxide"	RelError: 4.09987e-02	AbsError: 4.22961e-02
      Equation: "PotentialEquation"	RelError: 4.09987e-02	AbsError: 4.22961e-02
Iteration: 7
  Device: "mos2d"	RelError: 6.08161e-02	AbsError: 6.06570e+14
    Region: "bulk"	RelError: 3.30977e-11	AbsError: 1.37639e+07
      Equation: "ElectronContinuityEquation"	RelError: 1.42742e-11	AbsError: 1.37634e+07
      Equation: "HoleContinuityEquation"	RelError: 1.54625e-11	AbsError: 4.96571e+02
      Equation: "PotentialEquation"	RelError: 3.36091e-12	AbsError: 1.80301e-12
    Region: "gate"	RelError: 3.04154e-02	AbsError: 6.06570e+14
      Equation: "ElectronContinuityEquation"	RelError: 6.06570e-06	AbsError: 6.06570e+14
      Equation: "HoleContinuityEquation"	RelError: 6.06563e-06	AbsError: 6.06562e-06
      Equation: "PotentialEquation"	RelError: 3.04033e-02	AbsError: 3.23495e-02
    Region: "oxide"	RelError: 3.04006e-02	AbsError: 3.23460e-02
      Equation: "PotentialEquation"	RelError: 3.04006e-02	AbsError: 3.23460e-02
Iteration: 8
  Device: "mos2d"	RelError: 3.84635e-02	AbsError: 2.19702e+14
    Region: "bulk"	RelError: 1.09777e-11	AbsError: 5.79496e+06
      Equation: "ElectronContinuityEquation"	RelError: 4.65886e-12	AbsError: 5.79456e+06
      Equation: "HoleContinuityEquation"	RelError: 4.53042e-12	AbsError: 3.97348e+02
      Equation: "PotentialEquation"	RelError: 1.78840e-12	AbsError: 9.59414e-13
    Region: "gate"	RelError: 1.92355e-02	AbsError: 2.19702e+14
      Equation: "ElectronContinuityEquation"	RelError: 2.19702e-06	AbsError: 2.19702e+14
      Equation: "HoleContinuityEquation"	RelError: 2.19724e-06	AbsError: 2.19725e-06
      Equation: "PotentialEquation"	RelError: 1.92311e-02	AbsError: 2.08634e-02
    Region: "oxide"	RelError: 1.92279e-02	AbsError: 2.08594e-02
      Equation: "PotentialEquation"	RelError: 1.92279e-02	AbsError: 2.08594e-02
Iteration: 9
  Device: "mos2d"	RelError: 2.04322e-02	AbsError: 1.61392e+14
    Region: "bulk"	RelError: 1.78988e-12	AbsError: 1.39343e+06
      Equation: "ElectronContinuityEquation"	RelError: 8.02728e-13	AbsError: 1.39280e+06
      Equation: "HoleContinuityEquation"	RelError: 7.70287e-13	AbsError: 6.21612e+02
      Equation: "PotentialEquation"	RelError: 2.16866e-13	AbsError: 1.16341e-13
    Region: "gate"	RelError: 1.02198e-02	AbsError: 1.61392e+14
      Equation: "ElectronContinuityEquation"	RelError: 1.61392e-06	AbsError: 1.61392e+14
      Equation: "HoleContinuityEquation"	RelError: 1.61392e-06	AbsError: 1.61392e-06
      Equation: "PotentialEquation"	RelError: 1.02166e-02	AbsError: 1.11982e-02
    Region: "oxide"	RelError: 1.02124e-02	AbsError: 1.11932e-02
      Equation: "PotentialEquation"	RelError: 1.02124e-02	AbsError: 1.11932e-02
Iteration: 10
  Device: "mos2d"	RelError: 2.47736e-06	AbsError: 1.22422e+14
    Region: "bulk"	RelError: 8.92399e-13	AbsError: 6.33649e+05
      Equation: "ElectronContinuityEquation"	RelError: 3.96624e-13	AbsError: 6.33093e+05
      Equation: "HoleContinuityEquation"	RelError: 4.23834e-13	AbsError: 5.56188e+02
      Equation: "PotentialEquation"	RelError: 7.19401e-14	AbsError: 2.05368e-14
    Region: "gate"	RelError: 2.47735e-06	AbsError: 1.22422e+14
      Equation: "ElectronContinuityEquation"	RelError: 1.22422e-06	AbsError: 1.22422e+14
      Equation: "HoleContinuityEquation"	RelError: 1.22422e-06	AbsError: 1.22422e-06
      Equation: "PotentialEquation"	RelError: 2.89136e-08	AbsError: 3.16915e-08
    Region: "oxide"	RelError: 4.11537e-13	AbsError: 4.51052e-13
      Equation: "PotentialEquation"	RelError: 4.11537e-13	AbsError: 4.51052e-13
Iteration: 11
  Device: "mos2d"	RelError: 2.52619e-09	AbsError: 1.24830e+11
    Region: "bulk"	RelError: 9.93251e-14	AbsError: 1.59205e+05
      Equation: "ElectronContinuityEquation"	RelError: 2.59523e-14	AbsError: 1.58831e+05
      Equation: "HoleContinuityEquation"	RelError: 5.37866e-14	AbsError: 3.73984e+02
      Equation: "PotentialEquation"	RelError: 1.95862e-14	AbsError: 1.05073e-14
    Region: "gate"	RelError: 2.52608e-09	AbsError: 1.24830e+11
      Equation: "ElectronContinuityEquation"	RelError: 1.24830e-09	AbsError: 1.24830e+11
      Equation: "HoleContinuityEquation"	RelError: 1.24830e-09	AbsError: 1.24830e-09
      Equation: "PotentialEquation"	RelError: 2.94824e-11	AbsError: 3.23149e-11
    Region: "oxide"	RelError: 9.17149e-15	AbsError: 4.75559e-15
      Equation: "PotentialEquation"	RelError: 9.17149e-15	AbsError: 4.75559e-15
Iteration: 12
  Device: "mos2d"	RelError: 1.72203e-13	AbsError: 5.91673e+04
    Region: "bulk"	RelError: 1.61545e-13	AbsError: 5.91673e+04
      Equation: "ElectronContinuityEquation"	RelError: 2.13841e-14	AbsError: 5.85805e+04
      Equation: "HoleContinuityEquation"	RelError: 2.09662e-14	AbsError: 5.86786e+02
      Equation: "PotentialEquation"	RelError: 1.19195e-13	AbsError: 8.18243e-16
    Region: "gate"	RelError: 2.93698e-16	AbsError: 7.97362e+03
      Equation: "ElectronContinuityEquation"	RelError: 7.99137e-17	AbsError: 7.97362e+03
      Equation: "HoleContinuityEquation"	RelError: 1.12494e-16	AbsError: 1.12494e-16
      Equation: "PotentialEquation"	RelError: 1.01291e-16	AbsError: 1.11022e-16
    Region: "oxide"	RelError: 1.03639e-14	AbsError: 5.37388e-15
      Equation: "PotentialEquation"	RelError: 1.03639e-14	AbsError: 5.37388e-15
Succeeded
body	0.0	-5.03629284473e-29	4.56096011078e-15	4.56096011078e-15
drain	0.0	5.32313141678e-14	6.73408761071e-31	5.32313141678e-14
gate	0.5	3.60147870082e-12	1.79501226645e-32	3.60147870082e-12
source	0.0	-6.5024031692e-14	4.94624976936e-31	-6.5024031692e-14
last end 0.000000e+00 5.000000e-01
Region "bulk" on device "mos2d" has equations 0:6746
Region "gate" on device "mos2d" has equations 6747:6863
Region "oxide" on device "mos2d" has equations 6864:7529
Device "mos2d" has equations 0:7529
number of equations 7530
Iteration: 0
  Device: "mos2d"	RelError: 2.00456e+03	AbsError: 3.96369e+17
    Region: "bulk"	RelError: 2.00448e+03	AbsError: 3.96369e+17
      Equation: "ElectronContinuityEquation"	RelError: 9.99000e+02	AbsError: 3.96012e+17
      Equation: "HoleContinuityEquation"	RelError: 9.99000e+02	AbsError: 3.57649e+14
      Equation: "PotentialEquation"	RelError: 6.47810e+00	AbsError: 4.52171e-02
    Region: "gate"	RelError: 3.81149e-04	AbsError: 1.87932e+16
      Equation: "ElectronContinuityEquation"	RelError: 1.88315e-04	AbsError: 1.87932e+16
      Equation: "HoleContinuityEquation"	RelError: 1.88386e-04	AbsError: 1.88770e-04
      Equation: "PotentialEquation"	RelError: 4.44869e-06	AbsError: 4.87586e-06
    Region: "oxide"	RelError: 7.79830e-02	AbsError: 4.03019e-02
      Equation: "PotentialEquation"	RelError: 7.79830e-02	AbsError: 4.03019e-02
Iteration: 1
  Device: "mos2d"	RelError: 1.14750e+01	AbsError: 4.76235e+17
    Region: "bulk"	RelError: 1.14197e+01	AbsError: 4.76235e+17
      Equation: "ElectronContinuityEquation"	RelError: 9.99114e-01	AbsError: 4.75985e+17
      Equation: "HoleContinuityEquation"	RelError: 9.98733e-01	AbsError: 2.50698e+14
      Equation: "PotentialEquation"	RelError: 9.42183e+00	AbsError: 3.45709e-02
    Region: "gate"	RelError: 5.34427e-06	AbsError: 2.63312e+14
      Equation: "ElectronContinuityEquation"	RelError: 2.63708e-06	AbsError: 2.63312e+14
      Equation: "HoleContinuityEquation"	RelError: 2.64481e-06	AbsError: 2.64880e-06
      Equation: "PotentialEquation"	RelError: 6.23763e-08	AbsError: 6.83667e-08
    Region: "oxide"	RelError: 5.53391e-02	AbsError: 3.09614e-02
      Equation: "PotentialEquation"	RelError: 5.53391e-02	AbsError: 3.09614e-02
Iteration: 2
  Device: "mos2d"	RelError: 1.00762e+03	AbsError: 3.85759e+15
    Region: "bulk"	RelError: 1.00757e+03	AbsError: 3.85759e+15
      Equation: "ElectronContinuityEquation"	RelError: 8.48634e+00	AbsError: 3.85477e+15
      Equation: "HoleContinuityEquation"	RelError: 9.99000e+02	AbsError: 2.82136e+12
      Equation: "PotentialEquation"	RelError: 8.58533e-02	AbsError: 2.58906e-02
    Region: "gate"	RelError: 5.36570e-07	AbsError: 2.64614e+13
      Equation: "ElectronContinuityEquation"	RelError: 2.65154e-07	AbsError: 2.64614e+13
      Equation: "HoleContinuityEquation"	RelError: 2.65154e-07	AbsError: 2.65695e-07
      Equation: "PotentialEquation"	RelError: 6.26273e-09	AbsError: 6.86409e-09
    Region: "oxide"	RelError: 4.58631e-02	AbsError: 2.58906e-02
      Equation: "PotentialEquation"	RelError: 4.58631e-02	AbsError: 2.58906e-02
Iteration: 3
  Device: "mos2d"	RelError: 1.62539e+00	AbsError: 3.20681e+15
    Region: "bulk"	RelError: 1.61018e+00	AbsError: 3.20681e+15
      Equation: "ElectronContinuityEquation"	RelError: 5.78948e-01	AbsError: 3.20652e+15
      Equation: "HoleContinuityEquation"	RelError: 9.97873e-01	AbsError: 2.87974e+11
      Equation: "PotentialEquation"	RelError: 3.33637e-02	AbsError: 1.45674e-02
    Region: "gate"	RelError: 4.25539e-07	AbsError: 2.09858e+13
      Equation: "ElectronContinuityEquation"	RelError: 2.10286e-07	AbsError: 2.09858e+13
      Equation: "HoleContinuityEquation"	RelError: 2.10286e-07	AbsError: 2.10715e-07
      Equation: "PotentialEquation"	RelError: 4.96680e-09	AbsError: 5.44372e-09
    Region: "oxide"	RelError: 1.52030e-02	AbsError: 9.40331e-03
      Equation: "PotentialEquation"	RelError: 1.52030e-02	AbsError: 9.40331e-03
Iteration: 4
  Device: "mos2d"	RelError: 4.53379e-01	AbsError: 3.37250e+15
    Region: "bulk"	RelError: 4.53234e-01	AbsError: 3.37250e+15
      Equation: "ElectronContinuityEquation"	RelError: 1.78662e-02	AbsError: 3.37214e+15
      Equation: "HoleContinuityEquation"	RelError: 3.94371e-01	AbsError: 3.57585e+11
      Equation: "PotentialEquation"	RelError: 4.09971e-02	AbsError: 4.19436e-04
    Region: "gate"	RelError: 3.08754e-07	AbsError: 1.52265e+13
      Equation: "ElectronContinuityEquation"	RelError: 1.52575e-07	AbsError: 1.52265e+13
      Equation: "HoleContinuityEquation"	RelError: 1.52575e-07	AbsError: 1.52886e-07
      Equation: "PotentialEquation"	RelError: 3.60371e-09	AbsError: 3.94974e-09
    Region: "oxide"	RelError: 1.44100e-04	AbsError: 7.18860e-05
      Equation: "PotentialEquation"	RelError: 1.44100e-04	AbsError: 7.18860e-05
Iteration: 5
  Device: "mos2d"	RelError: 1.84479e-03	AbsError: 3.38513e+12
    Region: "bulk"	RelError: 1.84475e-03	AbsError: 3.38513e+12
      Equation: "ElectronContinuityEquation"	RelError: 2.01830e-05	AbsError: 3.38504e+12
      Equation: "HoleContinuityEquation"	RelError: 1.81271e-03	AbsError: 9.70830e+07
      Equation: "PotentialEquation"	RelError: 1.18560e-05	AbsError: 2.74420e-07
    Region: "gate"	RelError: 6.94191e-11	AbsError: 3.42230e+09
      Equation: "ElectronContinuityEquation"	RelError: 3.42927e-11	AbsError: 3.42230e+09
      Equation: "HoleContinuityEquation"	RelError: 3.43161e-11	AbsError: 3.43860e-11
      Equation: "PotentialEquation"	RelError: 8.10339e-13	AbsError: 8.88149e-13
    Region: "oxide"	RelError: 3.79407e-08	AbsError: 1.78327e-08
      Equation: "PotentialEquation"	RelError: 3.79407e-08	AbsError: 1.78327e-08
Iteration: 6
  Device: "mos2d"	RelError: 5.05736e-09	AbsError: 3.09926e+06
    Region: "bulk"	RelError: 5.05733e-09	AbsError: 3.09926e+06
      Equation: "ElectronContinuityEquation"	RelError: 3.92546e-11	AbsError: 3.07843e+06
      Equation: "HoleContinuityEquation"	RelError: 4.85023e-09	AbsError: 2.08353e+04
      Equation: "PotentialEquation"	RelError: 1.67843e-10	AbsError: 4.77331e-13
    Region: "gate"	RelError: 6.41254e-16	AbsError: 9.17502e+03
      Equation: "ElectronContinuityEquation"	RelError: 9.18533e-17	AbsError: 9.17502e+03
      Equation: "HoleContinuityEquation"	RelError: 4.48110e-16	AbsError: 4.48897e-16
      Equation: "PotentialEquation"	RelError: 1.01291e-16	AbsError: 1.11022e-16
    Region: "oxide"	RelError: 3.64184e-14	AbsError: 1.72833e-14
      Equation: "PotentialEquation"	RelError: 3.64184e-14	AbsError: 1.72833e-14
Iteration: 7
  Device: "mos2d"	RelError: 1.93486e-13	AbsError: 5.75946e+04
    Region: "bulk"	RelError: 1.82755e-13	AbsError: 5.75946e+04
      Equation: "ElectronContinuityEquation"	RelError: 2.60642e-14	AbsError: 5.70373e+04
      Equation: "HoleContinuityEquation"	RelError: 1.49429e-13	AbsError: 5.57362e+02
      Equation: "PotentialEquation"	RelError: 7.26164e-15	AbsError: 6.45703e-16
    Region: "gate"	RelError: 2.83539e-16	AbsError: 7.73345e+03
      Equation: "ElectronContinuityEquation"	RelError: 7.73345e-17	AbsError: 7.73345e+03
      Equation: "HoleContinuityEquation"	RelError: 1.04914e-16	AbsError: 1.04914e-16
      Equation: "PotentialEquation"	RelError: 1.01291e-16	AbsError: 1.11022e-16
    Region: "oxide"	RelError: 1.04478e-14	AbsError: 6.46214e-15
      Equation: "PotentialEquation"	RelError: 1.04478e-14	AbsError: 6.46214e-15
Succeeded
body	0.0	-3.53273517597e-15	-6.00304109055e-14	-6.35631460814e-14
drain	0.1	0.438124478401	7.45139968039e-17	0.438124478401
gate	0.5	5.99125883101e-12	2.98990233155e-32	5.99125883101e-12
source	0.0	-0.438124478401	-1.89549861894e-18	-0.438124478401
last end 1.000000e-01 5.000000e-01
Region "bulk" on device "mos2d" has equations 0:6746
Region "gate" on device "mos2d" has equations 6747:6863
Region "oxide" on device "mos2d" has equations 6864:7529
Device "mos2d" has equations 0:7529
number of equations 7530
Iteration: 0
  Device: "mos2d"	RelError: 2.01171e+03	AbsError: 1.87800e+17
    Region: "bulk"	RelError: 2.01165e+03	AbsError: 1.87800e+17
      Equation: "ElectronContinuityEquation"	RelError: 9.99000e+02	AbsError: 1.87483e+17
      Equation: "HoleContinuityEquation"	RelError: 9.99000e+02	AbsError: 3.17494e+14
      Equation: "PotentialEquation"	RelError: 1.36466e+01	AbsError: 4.09543e-02
    Region: "gate"	RelError: 3.62300e-04	AbsError: 1.78671e+16
      Equation: "ElectronContinuityEquation"	RelError: 1.79003e-04	AbsError: 1.78671e+16
      Equation: "HoleContinuityEquation"	RelError: 1.79067e-04	AbsError: 1.79400e-04
      Equation: "PotentialEquation"	RelError: 4.22866e-06	AbsError: 4.63472e-06
    Region: "oxide"	RelError: 6.62941e-02	AbsError: 4.09542e-02
      Equation: "PotentialEquation"	RelError: 6.62941e-02	AbsError: 4.09542e-02
Iteration: 1
  Device: "mos2d"	RelError: 3.84558e+01	AbsError: 1.62727e+16
    Region: "bulk"	RelError: 3.84097e+01	AbsError: 1.62727e+16
      Equation: "ElectronContinuityEquation"	RelError: 9.98988e-01	AbsError: 1.62534e+16
      Equation: "HoleContinuityEquation"	RelError: 9.98764e-01	AbsError: 1.92860e+13
      Equation: "PotentialEquation"	RelError: 3.64120e+01	AbsError: 3.07633e-02
    Region: "gate"	RelError: 1.41263e-05	AbsError: 6.95174e+14
      Equation: "ElectronContinuityEquation"	RelError: 6.96471e-06	AbsError: 6.95174e+14
      Equation: "HoleContinuityEquation"	RelError: 6.99667e-06	AbsError: 7.00972e-06
      Equation: "PotentialEquation"	RelError: 1.64878e-07	AbsError: 1.80710e-07
    Region: "oxide"	RelError: 4.60891e-02	AbsError: 3.07632e-02
      Equation: "PotentialEquation"	RelError: 4.60891e-02	AbsError: 3.07632e-02
Iteration: 2
  Device: "mos2d"	RelError: 1.00443e+03	AbsError: 2.56689e+15
    Region: "bulk"	RelError: 1.00439e+03	AbsError: 2.56689e+15
      Equation: "ElectronContinuityEquation"	RelError: 5.23794e+00	AbsError: 2.56652e+15
      Equation: "HoleContinuityEquation"	RelError: 9.99000e+02	AbsError: 3.74194e+11
      Equation: "PotentialEquation"	RelError: 1.52025e-01	AbsError: 2.58889e-02
    Region: "gate"	RelError: 1.61475e-06	AbsError: 7.96492e+13
      Equation: "ElectronContinuityEquation"	RelError: 7.97977e-07	AbsError: 7.96492e+13
      Equation: "HoleContinuityEquation"	RelError: 7.97930e-07	AbsError: 7.99418e-07
      Equation: "PotentialEquation"	RelError: 1.88470e-08	AbsError: 2.06568e-08
    Region: "oxide"	RelError: 3.79045e-02	AbsError: 2.55460e-02
      Equation: "PotentialEquation"	RelError: 3.79045e-02	AbsError: 2.55460e-02
Iteration: 3
  Device: "mos2d"	RelError: 1.77290e+00	AbsError: 4.11456e+15
    Region: "bulk"	RelError: 1.76015e+00	AbsError: 4.11456e+15
      Equation: "ElectronContinuityEquation"	RelError: 5.63551e-01	AbsError: 4.11421e+15
      Equation: "HoleContinuityEquation"	RelError: 9.98566e-01	AbsError: 3.43755e+11
      Equation: "PotentialEquation"	RelError: 1.98030e-01	AbsError: 9.16547e-03
    Region: "gate"	RelError: 3.25052e-07	AbsError: 1.60330e+13
      Equation: "ElectronContinuityEquation"	RelError: 1.60629e-07	AbsError: 1.60330e+13
      Equation: "HoleContinuityEquation"	RelError: 1.60629e-07	AbsError: 1.60928e-07
      Equation: "PotentialEquation"	RelError: 3.79392e-09	AbsError: 4.15824e-09
    Region: "oxide"	RelError: 1.27559e-02	AbsError: 9.16533e-03
      Equation: "PotentialEquation"	RelError: 1.27559e-02	AbsError: 9.16533e-03
Iteration: 4
  Device: "mos2d"	RelError: 5.65221e-01	AbsError: 4.17370e+15
    Region: "bulk"	RelError: 5.65028e-01	AbsError: 4.17370e+15
      Equation: "ElectronContinuityEquation"	RelError: 1.93185e-02	AbsError: 4.17325e+15
      Equation: "HoleContinuityEquation"	RelError: 3.36130e-01	AbsError: 4.44404e+11
      Equation: "PotentialEquation"	RelError: 2.09579e-01	AbsError: 4.85851e-04
    Region: "gate"	RelError: 4.79416e-07	AbsError: 2.36469e+13
      Equation: "ElectronContinuityEquation"	RelError: 2.36910e-07	AbsError: 2.36469e+13
      Equation: "HoleContinuityEquation"	RelError: 2.36910e-07	AbsError: 2.37352e-07
      Equation: "PotentialEquation"	RelError: 5.59561e-09	AbsError: 6.13294e-09
    Region: "oxide"	RelError: 1.92766e-04	AbsError: 1.10054e-04
      Equation: "PotentialEquation"	RelError: 1.92766e-04	AbsError: 1.10054e-04
Iteration: 5
  Device: "mos2d"	RelError: 8.11098e-04	AbsError: 3.96109e+12
    Region: "bulk"	RelError: 8.11065e-04	AbsError: 3.96109e+12
      Equation: "ElectronContinuityEquation"	RelError: 3.66491e-05	AbsError: 3.96066e+12
      Equation: "HoleContinuityEquation"	RelError: 6.58063e-04	AbsError: 4.24123e+08
      Equation: "PotentialEquation"	RelError: 1.16353e-04	AbsError: 4.10115e-07
    Region: "gate"	RelError: 6.11732e-11	AbsError: 3.01454e+09
      Equation: "ElectronContinuityEquation"	RelError: 3.02016e-11	AbsError: 3.01454e+09
      Equation: "HoleContinuityEquation"	RelError: 3.02576e-11	AbsError: 3.03140e-11
      Equation: "PotentialEquation"	RelError: 7.13950e-13	AbsError: 7.82509e-13
    Region: "oxide"	RelError: 3.37473e-08	AbsError: 1.72354e-08
      Equation: "PotentialEquation"	RelError: 3.37473e-08	AbsError: 1.72354e-08
Iteration: 6
  Device: "mos2d"	RelError: 1.89239e-09	AbsError: 2.22582e+06
    Region: "bulk"	RelError: 1.89233e-09	AbsError: 2.22582e+06
      Equation: "ElectronContinuityEquation"	RelError: 6.39812e-11	AbsError: 2.16230e+06
      Equation: "HoleContinuityEquation"	RelError: 1.78792e-09	AbsError: 6.35214e+04
      Equation: "PotentialEquation"	RelError: 4.04284e-11	AbsError: 2.67901e-13
    Region: "gate"	RelError: 4.12154e-16	AbsError: 1.08517e+04
      Equation: "ElectronContinuityEquation"	RelError: 1.08691e-16	AbsError: 1.08517e+04
      Equation: "HoleContinuityEquation"	RelError: 2.02173e-16	AbsError: 2.02496e-16
      Equation: "PotentialEquation"	RelError: 1.01291e-16	AbsError: 1.11022e-16
    Region: "oxide"	RelError: 5.67347e-14	AbsError: 3.02077e-14
      Equation: "PotentialEquation"	RelError: 5.67347e-14	AbsError: 3.02077e-14
Iteration: 7
  Device: "mos2d"	RelError: 1.40815e-13	AbsError: 6.36809e+04
    Region: "bulk"	RelError: 1.29890e-13	AbsError: 6.36809e+04
      Equation: "ElectronContinuityEquation"	RelError: 3.17646e-14	AbsError: 6.31814e+04
      Equation: "HoleContinuityEquation"	RelError: 9.21094e-14	AbsError: 4.99452e+02
      Equation: "PotentialEquation"	RelError: 6.01577e-15	AbsError: 7.80221e-16
    Region: "gate"	RelError: 2.89497e-16	AbsError: 8.09285e+03
      Equation: "ElectronContinuityEquation"	RelError: 8.09285e-17	AbsError: 8.09285e+03
      Equation: "HoleContinuityEquation"	RelError: 1.07277e-16	AbsError: 1.07277e-16
      Equation: "PotentialEquation"	RelError: 1.01291e-16	AbsError: 1.11022e-16
    Region: "oxide"	RelError: 1.06362e-14	AbsError: 7.64229e-15
      Equation: "PotentialEquation"	RelError: 1.06362e-14	AbsError: 7.64229e-15
Succeeded
body	0.0	-4.00126967019e-15	-3.8302134393e-14	-4.23034040632e-14
drain	0.2	0.940271741723	7.82936306132e-17	0.940271741723
gate	0.5	4.85011719502e-12	2.41933151355e-32	4.85011719502e-12
source	0.0	-0.940271741723	-4.31720108524e-18	-0.940271741723
last end 2.000000e-01 5.000000e-01
Region "bulk" on device "mos2d" has equations 0:6746
Region "gate" on device "mos2d" has equations 6747:6863
Region "oxide" on device "mos2d" has equations 6864:7529
Device "mos2d" has equations 0:7529
number of equations 7530
Iteration: 0
  Device: "mos2d"	RelError: 2.01372e+03	AbsError: 2.09955e+17
    Region: "bulk"	RelError: 2.01366e+03	AbsError: 2.09955e+17
      Equation: "ElectronContinuityEquation"	RelError: 9.99000e+02	AbsError: 2.09613e+17
      Equation: "HoleContinuityEquation"	RelError: 9.99000e+02	AbsError: 3.42746e+14
      Equation: "PotentialEquation"	RelError: 1.56591e+01	AbsError: 4.09545e-02
    Region: "gate"	RelError: 3.39047e-04	AbsError: 1.67233e+16
      Equation: "ElectronContinuityEquation"	RelError: 1.67517e-04	AbsError: 1.67233e+16
      Equation: "HoleContinuityEquation"	RelError: 1.67573e-04	AbsError: 1.67857e-04
      Equation: "PotentialEquation"	RelError: 3.95725e-06	AbsError: 4.33727e-06
    Region: "oxide"	RelError: 5.67080e-02	AbsError: 4.09542e-02
      Equation: "PotentialEquation"	RelError: 5.67080e-02	AbsError: 4.09542e-02
Iteration: 1
  Device: "mos2d"	RelError: 2.00305e+03	AbsError: 1.77673e+16
    Region: "bulk"	RelError: 2.00301e+03	AbsError: 1.77673e+16
      Equation: "ElectronContinuityEquation"	RelError: 9.99000e+02	AbsError: 1.77495e+16
      Equation: "HoleContinuityEquation"	RelError: 9.99000e+02	AbsError: 1.78449e+13
      Equation: "PotentialEquation"	RelError: 5.00975e+00	AbsError: 3.07633e-02
    Region: "gate"	RelError: 8.19337e-06	AbsError: 4.02800e+14
      Equation: "ElectronContinuityEquation"	RelError: 4.03485e-06	AbsError: 4.02800e+14
      Equation: "HoleContinuityEquation"	RelError: 4.06289e-06	AbsError: 4.06980e-06
      Equation: "PotentialEquation"	RelError: 9.56303e-08	AbsError: 1.04814e-07
    Region: "oxide"	RelError: 4.15206e-02	AbsError: 3.07632e-02
      Equation: "PotentialEquation"	RelError: 4.15206e-02	AbsError: 3.07632e-02
Iteration: 2
  Device: "mos2d"	RelError: 1.00285e+03	AbsError: 1.88204e+15
    Region: "bulk"	RelError: 1.00281e+03	AbsError: 1.88204e+15
      Equation: "ElectronContinuityEquation"	RelError: 3.77284e+00	AbsError: 1.88190e+15
      Equation: "HoleContinuityEquation"	RelError: 9.99000e+02	AbsError: 1.35202e+11
      Equation: "PotentialEquation"	RelError: 4.05616e-02	AbsError: 2.58537e-02
    Region: "gate"	RelError: 1.06567e-06	AbsError: 5.25729e+13
      Equation: "ElectronContinuityEquation"	RelError: 5.26623e-07	AbsError: 5.25729e+13
      Equation: "HoleContinuityEquation"	RelError: 5.26608e-07	AbsError: 5.27503e-07
      Equation: "PotentialEquation"	RelError: 1.24382e-08	AbsError: 1.36326e-08
    Region: "oxide"	RelError: 3.30397e-02	AbsError: 2.57087e-02
      Equation: "PotentialEquation"	RelError: 3.30397e-02	AbsError: 2.57087e-02
Iteration: 3
  Device: "mos2d"	RelError: 1.59290e+00	AbsError: 3.89513e+15
    Region: "bulk"	RelError: 1.58170e+00	AbsError: 3.89513e+15
      Equation: "ElectronContinuityEquation"	RelError: 5.59514e-01	AbsError: 3.89476e+15
      Equation: "HoleContinuityEquation"	RelError: 1.00000e+00	AbsError: 3.70674e+11
      Equation: "PotentialEquation"	RelError: 2.21870e-02	AbsError: 9.16538e-03
    Region: "gate"	RelError: 2.52422e-07	AbsError: 1.24526e+13
      Equation: "ElectronContinuityEquation"	RelError: 1.24738e-07	AbsError: 1.24526e+13
      Equation: "HoleContinuityEquation"	RelError: 1.24738e-07	AbsError: 1.24950e-07
      Equation: "PotentialEquation"	RelError: 2.94619e-09	AbsError: 3.22912e-09
    Region: "oxide"	RelError: 1.11975e-02	AbsError: 9.16533e-03
      Equation: "PotentialEquation"	RelError: 1.11975e-02	AbsError: 9.16533e-03
Iteration: 4
  Device: "mos2d"	RelError: 1.76321e-01	AbsError: 4.14168e+15
    Region: "bulk"	RelError: 1.76172e-01	AbsError: 4.14168e+15
      Equation: "ElectronContinuityEquation"	RelError: 2.03970e-02	AbsError: 4.14121e+15
      Equation: "HoleContinuityEquation"	RelError: 1.25355e-01	AbsError: 4.67944e+11
      Equation: "PotentialEquation"	RelError: 3.04198e-02	AbsError: 4.41118e-04
    Region: "gate"	RelError: 4.24613e-07	AbsError: 2.09472e+13
      Equation: "ElectronContinuityEquation"	RelError: 2.09828e-07	AbsError: 2.09472e+13
      Equation: "HoleContinuityEquation"	RelError: 2.09828e-07	AbsError: 2.10185e-07
      Equation: "PotentialEquation"	RelError: 4.95595e-09	AbsError: 5.43187e-09
    Region: "oxide"	RelError: 1.48895e-04	AbsError: 9.56435e-05
      Equation: "PotentialEquation"	RelError: 1.48895e-04	AbsError: 9.56435e-05
Iteration: 5
  Device: "mos2d"	RelError: 9.70791e-05	AbsError: 3.90348e+12
    Region: "bulk"	RelError: 9.70553e-05	AbsError: 3.90348e+12
      Equation: "ElectronContinuityEquation"	RelError: 2.60275e-05	AbsError: 3.90329e+12
      Equation: "HoleContinuityEquation"	RelError: 6.61233e-05	AbsError: 1.90021e+08
      Equation: "PotentialEquation"	RelError: 4.90446e-06	AbsError: 1.43423e-07
    Region: "gate"	RelError: 4.84542e-11	AbsError: 2.39258e+09
      Equation: "ElectronContinuityEquation"	RelError: 2.39665e-11	AbsError: 2.39258e+09
      Equation: "HoleContinuityEquation"	RelError: 2.39221e-11	AbsError: 2.39627e-11
      Equation: "PotentialEquation"	RelError: 5.65640e-13	AbsError: 6.19959e-13
    Region: "oxide"	RelError: 2.37983e-08	AbsError: 1.64334e-08
      Equation: "PotentialEquation"	RelError: 2.37983e-08	AbsError: 1.64334e-08
Iteration: 6
  Device: "mos2d"	RelError: 1.42433e-10	AbsError: 2.12884e+06
    Region: "bulk"	RelError: 1.42422e-10	AbsError: 2.12884e+06
      Equation: "ElectronContinuityEquation"	RelError: 1.24425e-11	AbsError: 2.11816e+06
      Equation: "HoleContinuityEquation"	RelError: 1.25045e-10	AbsError: 1.06856e+04
      Equation: "PotentialEquation"	RelError: 4.93445e-12	AbsError: 7.51621e-14
    Region: "gate"	RelError: 4.91054e-16	AbsError: 8.05154e+03
      Equation: "ElectronContinuityEquation"	RelError: 8.05154e-17	AbsError: 8.05154e+03
      Equation: "HoleContinuityEquation"	RelError: 3.09248e-16	AbsError: 3.09712e-16
      Equation: "PotentialEquation"	RelError: 1.01291e-16	AbsError: 1.11022e-16
    Region: "oxide"	RelError: 1.12922e-14	AbsError: 9.24291e-15
      Equation: "PotentialEquation"	RelError: 1.12922e-14	AbsError: 9.24291e-15
Iteration: 7
  Device: "mos2d"	RelError: 1.75663e-13	AbsError: 6.85655e+04
    Region: "bulk"	RelError: 1.64089e-13	AbsError: 6.85655e+04
      Equation: "ElectronContinuityEquation"	RelError: 3.84343e-14	AbsError: 6.81377e+04
      Equation: "HoleContinuityEquation"	RelError: 7.03637e-14	AbsError: 4.27821e+02
      Equation: "PotentialEquation"	RelError: 5.52908e-14	AbsError: 1.01271e-15
    Region: "gate"	RelError: 2.81978e-16	AbsError: 8.05154e+03
      Equation: "ElectronContinuityEquation"	RelError: 8.05154e-17	AbsError: 8.05154e+03
      Equation: "HoleContinuityEquation"	RelError: 1.00172e-16	AbsError: 1.00172e-16
      Equation: "PotentialEquation"	RelError: 1.01291e-16	AbsError: 1.11022e-16
    Region: "oxide"	RelError: 1.12922e-14	AbsError: 9.24291e-15
      Equation: "PotentialEquation"	RelError: 1.12922e-14	AbsError: 9.24291e-15
Succeeded
body	0.0	-4.30970114285e-15	-9.75625589256e-14	-1.01872260068e-13
drain	0.3	1.53640065317	8.07422822367e-17	1.53640065317
gate	0.5	4.12407476193e-12	2.05631029701e-32	4.12407476193e-12
source	0.0	-1.53640065317	-7.2772657608e-18	-1.53640065317
last end 3.000000e-01 5.000000e-01
Region "bulk" on device "mos2d" has equations 0:6746
Region "gate" on device "mos2d" has equations 6747:6863
Region "oxide" on device "mos2d" has equations 6864:7529
Device "mos2d" has equations 0:7529
number of equations 7530
Iteration: 0
  Device: "mos2d"	RelError: 2.02490e+03	AbsError: 2.21190e+17
    Region: "bulk"	RelError: 2.02485e+03	AbsError: 2.21190e+17
      Equation: "ElectronContinuityEquation"	RelError: 9.99000e+02	AbsError: 2.20819e+17
      Equation: "HoleContinuityEquation"	RelError: 9.99000e+02	AbsError: 3.71405e+14
      Equation: "PotentialEquation"	RelError: 2.68525e+01	AbsError: 4.09543e-02
    Region: "gate"	RelError: 3.25644e-04	AbsError: 1.60649e+16
      Equation: "ElectronContinuityEquation"	RelError: 1.60896e-04	AbsError: 1.60649e+16
      Equation: "HoleContinuityEquation"	RelError: 1.60948e-04	AbsError: 1.61195e-04
      Equation: "PotentialEquation"	RelError: 3.80080e-06	AbsError: 4.16581e-06
    Region: "oxide"	RelError: 4.96077e-02	AbsError: 4.09542e-02
      Equation: "PotentialEquation"	RelError: 4.96077e-02	AbsError: 4.09542e-02
Iteration: 1
  Device: "mos2d"	RelError: 2.00009e+03	AbsError: 1.69224e+16
    Region: "bulk"	RelError: 2.00005e+03	AbsError: 1.69224e+16
      Equation: "ElectronContinuityEquation"	RelError: 9.99000e+02	AbsError: 1.69055e+16
      Equation: "HoleContinuityEquation"	RelError: 9.99000e+02	AbsError: 1.69672e+13
      Equation: "PotentialEquation"	RelError: 2.05337e+00	AbsError: 3.07635e-02
    Region: "gate"	RelError: 4.76454e-06	AbsError: 2.33792e+14
      Equation: "ElectronContinuityEquation"	RelError: 2.34152e-06	AbsError: 2.33792e+14
      Equation: "HoleContinuityEquation"	RelError: 2.36741e-06	AbsError: 2.37106e-06
      Equation: "PotentialEquation"	RelError: 5.56100e-08	AbsError: 6.09505e-08
    Region: "oxide"	RelError: 3.82446e-02	AbsError: 3.07632e-02
      Equation: "PotentialEquation"	RelError: 3.82446e-02	AbsError: 3.07632e-02
Iteration: 2
  Device: "mos2d"	RelError: 1.14939e+03	AbsError: 1.61823e+15
    Region: "bulk"	RelError: 1.14936e+03	AbsError: 1.61823e+15
      Equation: "ElectronContinuityEquation"	RelError: 3.20276e+00	AbsError: 1.61818e+15
      Equation: "HoleContinuityEquation"	RelError: 1.14613e+03	AbsError: 4.81679e+10
      Equation: "PotentialEquation"	RelError: 3.50477e-02	AbsError: 2.58564e-02
    Region: "gate"	RelError: 5.19630e-07	AbsError: 2.56390e+13
      Equation: "ElectronContinuityEquation"	RelError: 2.56785e-07	AbsError: 2.56390e+13
      Equation: "HoleContinuityEquation"	RelError: 2.56780e-07	AbsError: 2.57175e-07
      Equation: "PotentialEquation"	RelError: 6.06493e-09	AbsError: 6.64737e-09
    Region: "oxide"	RelError: 2.90066e-02	AbsError: 2.53148e-02
      Equation: "PotentialEquation"	RelError: 2.90066e-02	AbsError: 2.53148e-02
Iteration: 3
  Device: "mos2d"	RelError: 1.55387e+00	AbsError: 3.43610e+15
    Region: "bulk"	RelError: 1.54389e+00	AbsError: 3.43610e+15
      Equation: "ElectronContinuityEquation"	RelError: 5.17198e-01	AbsError: 3.43573e+15
      Equation: "HoleContinuityEquation"	RelError: 9.97281e-01	AbsError: 3.69169e+11
      Equation: "PotentialEquation"	RelError: 2.94114e-02	AbsError: 9.16893e-03
    Region: "gate"	RelError: 2.70249e-07	AbsError: 1.33342e+13
      Equation: "ElectronContinuityEquation"	RelError: 1.33547e-07	AbsError: 1.33342e+13
      Equation: "HoleContinuityEquation"	RelError: 1.33547e-07	AbsError: 1.33753e-07
      Equation: "PotentialEquation"	RelError: 3.15425e-09	AbsError: 3.45717e-09
    Region: "oxide"	RelError: 9.97838e-03	AbsError: 9.16533e-03
      Equation: "PotentialEquation"	RelError: 9.97838e-03	AbsError: 9.16533e-03
Iteration: 4
  Device: "mos2d"	RelError: 6.71092e-02	AbsError: 3.94092e+15
    Region: "bulk"	RelError: 6.69830e-02	AbsError: 3.94092e+15
      Equation: "ElectronContinuityEquation"	RelError: 2.30963e-02	AbsError: 3.94046e+15
      Equation: "HoleContinuityEquation"	RelError: 6.65979e-03	AbsError: 4.63074e+11
      Equation: "PotentialEquation"	RelError: 3.72269e-02	AbsError: 3.84676e-04
    Region: "gate"	RelError: 3.96903e-07	AbsError: 1.95833e+13
      Equation: "ElectronContinuityEquation"	RelError: 1.96135e-07	AbsError: 1.95833e+13
      Equation: "HoleContinuityEquation"	RelError: 1.96135e-07	AbsError: 1.96437e-07
      Equation: "PotentialEquation"	RelError: 4.63251e-09	AbsError: 5.07739e-09
    Region: "oxide"	RelError: 1.25773e-04	AbsError: 8.92708e-05
      Equation: "PotentialEquation"	RelError: 1.25773e-04	AbsError: 8.92708e-05
Iteration: 5
  Device: "mos2d"	RelError: 1.02448e-04	AbsError: 3.59892e+12
    Region: "bulk"	RelError: 1.02412e-04	AbsError: 3.59892e+12
      Equation: "ElectronContinuityEquation"	RelError: 1.73533e-05	AbsError: 3.59858e+12
      Equation: "HoleContinuityEquation"	RelError: 7.75323e-05	AbsError: 3.42233e+08
      Equation: "PotentialEquation"	RelError: 7.52597e-06	AbsError: 1.50499e-07
    Region: "gate"	RelError: 1.10053e-10	AbsError: 5.43198e+09
      Equation: "ElectronContinuityEquation"	RelError: 5.44036e-11	AbsError: 5.43198e+09
      Equation: "HoleContinuityEquation"	RelError: 5.43653e-11	AbsError: 5.44491e-11
      Equation: "PotentialEquation"	RelError: 1.28446e-12	AbsError: 1.40781e-12
    Region: "oxide"	RelError: 3.62481e-08	AbsError: 2.55011e-08
      Equation: "PotentialEquation"	RelError: 3.62481e-08	AbsError: 2.55011e-08
Iteration: 6
  Device: "mos2d"	RelError: 4.48316e-11	AbsError: 1.75285e+06
    Region: "bulk"	RelError: 4.48192e-11	AbsError: 1.75285e+06
      Equation: "ElectronContinuityEquation"	RelError: 7.55527e-12	AbsError: 1.69257e+06
      Equation: "HoleContinuityEquation"	RelError: 2.03961e-11	AbsError: 6.02722e+04
      Equation: "PotentialEquation"	RelError: 1.68679e-11	AbsError: 2.85771e-13
    Region: "gate"	RelError: 5.33238e-16	AbsError: 7.80935e+03
      Equation: "ElectronContinuityEquation"	RelError: 7.80935e-17	AbsError: 7.80935e+03
      Equation: "HoleContinuityEquation"	RelError: 3.53853e-16	AbsError: 3.54317e-16
      Equation: "PotentialEquation"	RelError: 1.01291e-16	AbsError: 1.11022e-16
    Region: "oxide"	RelError: 1.18731e-14	AbsError: 1.09057e-14
      Equation: "PotentialEquation"	RelError: 1.18731e-14	AbsError: 1.09057e-14
Succeeded
body	0.0	-4.55852174298e-15	-1.05607416637e-13	-1.1016593838e-13
drain	0.4	2.23093349675	8.34237294201e-17	2.23093349675
gate	0.5	4.8268236251e-12	2.40768472859e-32	4.8268236251e-12
source	0.0	-2.23093349675	-1.06655629385e-17	-2.23093349675
last end 4.000000e-01 5.000000e-01
setting to last bias 5.000000e-01
setting next bias 5.000000e-01
Region "bulk" on device "mos2d" has equations 0:6746
Region "gate" on device "mos2d" has equations 6747:6863
Region "oxide" on device "mos2d" has equations 6864:7529
Device "mos2d" has equations 0:7529
number of equations 7530
Iteration: 0
  Device: "mos2d"	RelError: 3.78965e+03	AbsError: 2.20906e+17
    Region: "bulk"	RelError: 3.78961e+03	AbsError: 2.20906e+17
      Equation: "ElectronContinuityEquation"	RelError: 9.99000e+02	AbsError: 2.20509e+17
      Equation: "HoleContinuityEquation"	RelError: 2.60927e+03	AbsError: 3.97094e+14
      Equation: "PotentialEquation"	RelError: 1.81341e+02	AbsError: 4.09543e-02
    Region: "gate"	RelError: 3.17517e-04	AbsError: 1.56664e+16
      Equation: "ElectronContinuityEquation"	RelError: 1.56881e-04	AbsError: 1.56664e+16
      Equation: "HoleContinuityEquation"	RelError: 1.56930e-04	AbsError: 1.57148e-04
      Equation: "PotentialEquation"	RelError: 3.70593e-06	AbsError: 4.06185e-06
    Region: "oxide"	RelError: 4.52229e-02	AbsError: 4.09542e-02
      Equation: "PotentialEquation"	RelError: 4.52229e-02	AbsError: 4.09542e-02
Iteration: 1
  Device: "mos2d"	RelError: 2.00016e+03	AbsError: 1.50870e+16
    Region: "bulk"	RelError: 2.00012e+03	AbsError: 1.50870e+16
      Equation: "ElectronContinuityEquation"	RelError: 9.99000e+02	AbsError: 1.50711e+16
      Equation: "HoleContinuityEquation"	RelError: 9.99000e+02	AbsError: 1.59305e+13
      Equation: "PotentialEquation"	RelError: 2.12370e+00	AbsError: 3.07633e-02
    Region: "gate"	RelError: 2.97797e-06	AbsError: 1.45728e+14
      Equation: "ElectronContinuityEquation"	RelError: 1.45930e-06	AbsError: 1.45728e+14
      Equation: "HoleContinuityEquation"	RelError: 1.48391e-06	AbsError: 1.48597e-06
      Equation: "PotentialEquation"	RelError: 3.47576e-08	AbsError: 3.80957e-08
    Region: "oxide"	RelError: 3.45973e-02	AbsError: 3.07632e-02
      Equation: "PotentialEquation"	RelError: 3.45973e-02	AbsError: 3.07632e-02
Iteration: 2
  Device: "mos2d"	RelError: 7.62384e+00	AbsError: 1.24211e+15
    Region: "bulk"	RelError: 7.59801e+00	AbsError: 1.24211e+15
      Equation: "ElectronContinuityEquation"	RelError: 1.66832e+00	AbsError: 1.24207e+15
      Equation: "HoleContinuityEquation"	RelError: 5.89884e+00	AbsError: 4.25415e+10
      Equation: "PotentialEquation"	RelError: 3.08535e-02	AbsError: 2.58980e-02
    Region: "gate"	RelError: 2.34869e-07	AbsError: 1.15904e+13
      Equation: "ElectronContinuityEquation"	RelError: 1.16065e-07	AbsError: 1.15904e+13
      Equation: "HoleContinuityEquation"	RelError: 1.16063e-07	AbsError: 1.16223e-07
      Equation: "PotentialEquation"	RelError: 2.74129e-09	AbsError: 3.00456e-09
    Region: "oxide"	RelError: 2.58223e-02	AbsError: 2.49615e-02
      Equation: "PotentialEquation"	RelError: 2.58223e-02	AbsError: 2.49615e-02
Iteration: 3
  Device: "mos2d"	RelError: 1.01137e+00	AbsError: 2.88171e+15
    Region: "bulk"	RelError: 1.00238e+00	AbsError: 2.88171e+15
      Equation: "ElectronContinuityEquation"	RelError: 3.53476e-01	AbsError: 2.88138e+15
      Equation: "HoleContinuityEquation"	RelError: 6.38690e-01	AbsError: 3.32261e+11
      Equation: "PotentialEquation"	RelError: 1.02102e-02	AbsError: 9.16541e-03
    Region: "gate"	RelError: 2.27279e-07	AbsError: 1.12158e+13
      Equation: "ElectronContinuityEquation"	RelError: 1.12313e-07	AbsError: 1.12158e+13
      Equation: "HoleContinuityEquation"	RelError: 1.12313e-07	AbsError: 1.12469e-07
      Equation: "PotentialEquation"	RelError: 2.65271e-09	AbsError: 2.90747e-09
    Region: "oxide"	RelError: 8.99869e-03	AbsError: 9.16533e-03
      Equation: "PotentialEquation"	RelError: 8.99869e-03	AbsError: 9.16533e-03
Iteration: 4
  Device: "mos2d"	RelError: 5.26591e-02	AbsError: 3.51655e+15
    Region: "bulk"	RelError: 5.25644e-02	AbsError: 3.51655e+15
      Equation: "ElectronContinuityEquation"	RelError: 2.56739e-02	AbsError: 3.51612e+15
      Equation: "HoleContinuityEquation"	RelError: 1.28992e-02	AbsError: 4.23127e+11
      Equation: "PotentialEquation"	RelError: 1.39914e-02	AbsError: 3.20025e-04
    Region: "gate"	RelError: 3.26668e-07	AbsError: 1.61204e+13
      Equation: "ElectronContinuityEquation"	RelError: 1.61428e-07	AbsError: 1.61204e+13
      Equation: "HoleContinuityEquation"	RelError: 1.61428e-07	AbsError: 1.61651e-07
      Equation: "PotentialEquation"	RelError: 3.81274e-09	AbsError: 4.17891e-09
    Region: "oxide"	RelError: 9.43944e-05	AbsError: 7.29718e-05
      Equation: "PotentialEquation"	RelError: 9.43944e-05	AbsError: 7.29718e-05
Iteration: 5
  Device: "mos2d"	RelError: 2.16491e-04	AbsError: 3.04854e+12
    Region: "bulk"	RelError: 2.16454e-04	AbsError: 3.04854e+12
      Equation: "ElectronContinuityEquation"	RelError: 1.84410e-05	AbsError: 3.04817e+12
      Equation: "HoleContinuityEquation"	RelError: 1.93299e-04	AbsError: 3.69829e+08
      Equation: "PotentialEquation"	RelError: 4.71453e-06	AbsError: 2.16235e-07
    Region: "gate"	RelError: 1.18209e-10	AbsError: 5.83468e+09
      Equation: "ElectronContinuityEquation"	RelError: 5.84277e-11	AbsError: 5.83468e+09
      Equation: "HoleContinuityEquation"	RelError: 5.84017e-11	AbsError: 5.84826e-11
      Equation: "PotentialEquation"	RelError: 1.37972e-12	AbsError: 1.51222e-12
    Region: "oxide"	RelError: 3.61419e-08	AbsError: 2.61641e-08
      Equation: "PotentialEquation"	RelError: 3.61419e-08	AbsError: 2.61641e-08
Iteration: 6
  Device: "mos2d"	RelError: 4.36683e-11	AbsError: 2.67982e+06
    Region: "bulk"	RelError: 4.36491e-11	AbsError: 2.67982e+06
      Equation: "ElectronContinuityEquation"	RelError: 1.52985e-11	AbsError: 2.61774e+06
      Equation: "HoleContinuityEquation"	RelError: 2.80158e-11	AbsError: 6.20795e+04
      Equation: "PotentialEquation"	RelError: 3.34825e-13	AbsError: 1.53327e-13
    Region: "gate"	RelError: 3.69069e-16	AbsError: 8.03633e+03
      Equation: "ElectronContinuityEquation"	RelError: 8.03633e-17	AbsError: 8.03633e+03
      Equation: "HoleContinuityEquation"	RelError: 1.86664e-16	AbsError: 1.86664e-16
      Equation: "PotentialEquation"	RelError: 1.02042e-16	AbsError: 1.11846e-16
    Region: "oxide"	RelError: 1.88401e-14	AbsError: 1.43249e-14
      Equation: "PotentialEquation"	RelError: 1.88401e-14	AbsError: 1.43249e-14
Succeeded
body	0.0	-4.7661863417e-15	-1.25685215728e-13	-1.3045140207e-13
drain	0.5	3.02291249063	8.63679944984e-17	3.02291249063
gate	0.5	3.60147870082e-12	1.79501226645e-32	3.60147870082e-12
source	0.0	-3.02291249063	-1.43973469823e-17	-3.02291249063
