
----------------------------------------

 DEVSIM

 Version: Beta 0.01

 Copyright 2009-2014 Devsim LLC

----------------------------------------


Physical group name body_contact has 0 Tetrahedra.
Physical group name body_contact has 0 Triangles.
Physical group name body_contact has 49 Lines.
Physical group name body_contact has 50 Points.
Physical group name bulk has 0 Tetrahedra.
Physical group name bulk has 4255 Triangles.
Physical group name bulk has 6503 Lines.
Physical group name bulk has 2249 Points.
Physical group name bulk_oxide_interface has 0 Tetrahedra.
Physical group name bulk_oxide_interface has 0 Triangles.
Physical group name bulk_oxide_interface has 100 Lines.
Physical group name bulk_oxide_interface has 101 Points.
Physical group name drain_contact has 0 Tetrahedra.
Physical group name drain_contact has 0 Triangles.
Physical group name drain_contact has 27 Lines.
Physical group name drain_contact has 28 Points.
Physical group name gate has 0 Tetrahedra.
Physical group name gate has 57 Triangles.
Physical group name gate has 95 Lines.
Physical group name gate has 39 Points.
Physical group name gate_contact has 0 Tetrahedra.
Physical group name gate_contact has 0 Triangles.
Physical group name gate_contact has 4 Lines.
Physical group name gate_contact has 5 Points.
Physical group name gate_oxide_interface has 0 Tetrahedra.
Physical group name gate_oxide_interface has 0 Triangles.
Physical group name gate_oxide_interface has 5 Lines.
Physical group name gate_oxide_interface has 6 Points.
Physical group name oxide has 0 Tetrahedra.
Physical group name oxide has 1207 Triangles.
Physical group name oxide has 1872 Lines.
Physical group name oxide has 666 Points.
Physical group name source_contact has 0 Tetrahedra.
Physical group name source_contact has 0 Triangles.
Physical group name source_contact has 27 Lines.
Physical group name source_contact has 28 Points.
Device mos2d has 2847 coordinates with max index 2847
group bulk has 2249 nodes.
Region bulk has 2249 nodes.
Region bulk has 2249 nodes.
group gate has 39 nodes.
Region gate has 39 nodes.
Region gate has 39 nodes.
group oxide has 666 nodes.
Region oxide has 666 nodes.
Region oxide has 666 nodes.
group body_contact has 50 nodes.
Contact body in region bulk with 50 nodes
group drain_contact has 28 nodes.
Contact drain in region bulk with 28 nodes
group gate_contact has 5 nodes.
Contact gate in region gate with 5 nodes
group source_contact has 28 nodes.
Contact source in region bulk with 28 nodes
group bulk_oxide_interface has 101 nodes.
Warning, contact "source" shares a node with interface "bulk_oxide"
Warning, contact "drain" shares a node with interface "bulk_oxide"
Adding interface bulk_oxide with 101, 101 nodes
group gate_oxide_interface has 6 nodes.
Adding interface gate_oxide with 6, 6 nodes
bulk body
bulk drain
gate gate
bulk source
Region "bulk" on device "mos2d" has equations 0:2248
Region "gate" on device "mos2d" has equations 2249:2287
Region "oxide" on device "mos2d" has equations 2288:2953
Device "mos2d" has equations 0:2953
number of equations 2954
Iteration: 0
  Device: "mos2d"	RelError: 3.00000e+00	AbsError: 2.62012e-01
    Region: "bulk"	RelError: 1.00000e+00	AbsError: 2.16122e-01
      Equation: "PotentialEquation"	RelError: 1.00000e+00	AbsError: 2.16122e-01
    Region: "gate"	RelError: 1.00000e+00	AbsError: 2.62012e-01
      Equation: "PotentialEquation"	RelError: 1.00000e+00	AbsError: 2.62012e-01
    Region: "oxide"	RelError: 1.00000e+00	AbsError: 2.61732e-01
      Equation: "PotentialEquation"	RelError: 1.00000e+00	AbsError: 2.61732e-01
Iteration: 1
  Device: "mos2d"	RelError: 1.49679e+00	AbsError: 2.60773e-01
    Region: "bulk"	RelError: 4.99020e-01	AbsError: 2.14804e-01
      Equation: "PotentialEquation"	RelError: 4.99020e-01	AbsError: 2.14804e-01
    Region: "gate"	RelError: 4.98963e-01	AbsError: 2.60773e-01
      Equation: "PotentialEquation"	RelError: 4.98963e-01	AbsError: 2.60773e-01
    Region: "oxide"	RelError: 4.98808e-01	AbsError: 2.60485e-01
      Equation: "PotentialEquation"	RelError: 4.98808e-01	AbsError: 2.60485e-01
Iteration: 2
  Device: "mos2d"	RelError: 2.18169e+00	AbsError: 1.41155e-01
    Region: "bulk"	RelError: 1.55131e+00	AbsError: 1.41155e-01
      Equation: "PotentialEquation"	RelError: 1.55131e+00	AbsError: 1.41155e-01
    Region: "gate"	RelError: 3.16582e-01	AbsError: 1.32593e-01
      Equation: "PotentialEquation"	RelError: 3.16582e-01	AbsError: 1.32593e-01
    Region: "oxide"	RelError: 3.13793e-01	AbsError: 8.39856e-02
      Equation: "PotentialEquation"	RelError: 3.13793e-01	AbsError: 8.39856e-02
Iteration: 3
  Device: "mos2d"	RelError: 3.95275e+01	AbsError: 8.14615e-02
    Region: "bulk"	RelError: 3.90731e+01	AbsError: 8.14615e-02
      Equation: "PotentialEquation"	RelError: 3.90731e+01	AbsError: 8.14615e-02
    Region: "gate"	RelError: 2.29097e-01	AbsError: 7.00000e-02
      Equation: "PotentialEquation"	RelError: 2.29097e-01	AbsError: 7.00000e-02
    Region: "oxide"	RelError: 2.25324e-01	AbsError: 6.51495e-02
      Equation: "PotentialEquation"	RelError: 2.25324e-01	AbsError: 6.51495e-02
Iteration: 4
  Device: "mos2d"	RelError: 1.50737e+02	AbsError: 7.89878e-02
    Region: "bulk"	RelError: 1.50392e+02	AbsError: 7.89878e-02
      Equation: "PotentialEquation"	RelError: 1.50392e+02	AbsError: 7.89878e-02
    Region: "gate"	RelError: 1.75024e-01	AbsError: 6.48239e-02
      Equation: "PotentialEquation"	RelError: 1.75024e-01	AbsError: 6.48239e-02
    Region: "oxide"	RelError: 1.70099e-01	AbsError: 5.92624e-02
      Equation: "PotentialEquation"	RelError: 1.70099e-01	AbsError: 5.92624e-02
Iteration: 5
  Device: "mos2d"	RelError: 1.82821e+03	AbsError: 7.62736e-02
    Region: "bulk"	RelError: 1.82794e+03	AbsError: 7.62736e-02
      Equation: "PotentialEquation"	RelError: 1.82794e+03	AbsError: 7.62736e-02
    Region: "gate"	RelError: 1.37182e-01	AbsError: 5.88866e-02
      Equation: "PotentialEquation"	RelError: 1.37182e-01	AbsError: 5.88866e-02
    Region: "oxide"	RelError: 1.30784e-01	AbsError: 5.24208e-02
      Equation: "PotentialEquation"	RelError: 1.30784e-01	AbsError: 5.24208e-02
Iteration: 6
  Device: "mos2d"	RelError: 1.75376e+02	AbsError: 7.37354e-02
    Region: "bulk"	RelError: 1.75168e+02	AbsError: 7.37354e-02
      Equation: "PotentialEquation"	RelError: 1.75168e+02	AbsError: 7.37354e-02
    Region: "gate"	RelError: 1.08015e-01	AbsError: 5.19808e-02
      Equation: "PotentialEquation"	RelError: 1.08015e-01	AbsError: 5.19808e-02
    Region: "oxide"	RelError: 9.96468e-02	AbsError: 4.43609e-02
      Equation: "PotentialEquation"	RelError: 9.96468e-02	AbsError: 4.43609e-02
Iteration: 7
  Device: "mos2d"	RelError: 1.32380e+02	AbsError: 7.20749e-02
    Region: "bulk"	RelError: 1.32224e+02	AbsError: 7.20749e-02
      Equation: "PotentialEquation"	RelError: 1.32224e+02	AbsError: 7.20749e-02
    Region: "gate"	RelError: 8.34915e-02	AbsError: 4.38395e-02
      Equation: "PotentialEquation"	RelError: 8.34915e-02	AbsError: 4.38395e-02
    Region: "oxide"	RelError: 7.24849e-02	AbsError: 3.47907e-02
      Equation: "PotentialEquation"	RelError: 7.24849e-02	AbsError: 3.47907e-02
Iteration: 8
  Device: "mos2d"	RelError: 1.87614e+03	AbsError: 6.95617e-02
    Region: "bulk"	RelError: 1.87604e+03	AbsError: 6.95617e-02
      Equation: "PotentialEquation"	RelError: 1.87604e+03	AbsError: 6.95617e-02
    Region: "gate"	RelError: 6.11043e-02	AbsError: 3.41726e-02
      Equation: "PotentialEquation"	RelError: 6.11043e-02	AbsError: 3.41726e-02
    Region: "oxide"	RelError: 4.68846e-02	AbsError: 2.36103e-02
      Equation: "PotentialEquation"	RelError: 4.68846e-02	AbsError: 2.36103e-02
Iteration: 9
  Device: "mos2d"	RelError: 6.99142e+01	AbsError: 6.34464e-02
    Region: "bulk"	RelError: 6.98460e+01	AbsError: 6.34464e-02
      Equation: "PotentialEquation"	RelError: 6.98460e+01	AbsError: 6.34464e-02
    Region: "gate"	RelError: 3.93513e-02	AbsError: 2.29087e-02
      Equation: "PotentialEquation"	RelError: 3.93513e-02	AbsError: 2.29087e-02
    Region: "oxide"	RelError: 2.88057e-02	AbsError: 1.49363e-02
      Equation: "PotentialEquation"	RelError: 2.88057e-02	AbsError: 1.49363e-02
Iteration: 10
  Device: "mos2d"	RelError: 6.75434e+01	AbsError: 5.07996e-02
    Region: "bulk"	RelError: 6.75200e+01	AbsError: 5.07996e-02
      Equation: "PotentialEquation"	RelError: 6.75200e+01	AbsError: 5.07996e-02
    Region: "gate"	RelError: 2.33454e-02	AbsError: 1.39156e-02
      Equation: "PotentialEquation"	RelError: 2.33454e-02	AbsError: 1.39156e-02
    Region: "oxide"	RelError: 7.10672e-06	AbsError: 2.84960e-06
      Equation: "PotentialEquation"	RelError: 7.10672e-06	AbsError: 2.84960e-06
Iteration: 11
  Device: "mos2d"	RelError: 2.53501e+01	AbsError: 3.63570e-02
    Region: "bulk"	RelError: 2.53500e+01	AbsError: 3.63570e-02
      Equation: "PotentialEquation"	RelError: 2.53500e+01	AbsError: 3.63570e-02
    Region: "gate"	RelError: 1.37683e-10	AbsError: 8.20674e-11
      Equation: "PotentialEquation"	RelError: 1.37683e-10	AbsError: 8.20674e-11
    Region: "oxide"	RelError: 4.28352e-06	AbsError: 1.71758e-06
      Equation: "PotentialEquation"	RelError: 4.28352e-06	AbsError: 1.71758e-06
Iteration: 12
  Device: "mos2d"	RelError: 1.22763e+01	AbsError: 2.58894e-02
    Region: "bulk"	RelError: 1.22763e+01	AbsError: 2.58894e-02
      Equation: "PotentialEquation"	RelError: 1.22763e+01	AbsError: 2.58894e-02
    Region: "gate"	RelError: 2.07125e-11	AbsError: 1.23459e-11
      Equation: "PotentialEquation"	RelError: 2.07125e-11	AbsError: 1.23459e-11
    Region: "oxide"	RelError: 6.44397e-07	AbsError: 2.58387e-07
      Equation: "PotentialEquation"	RelError: 6.44397e-07	AbsError: 2.58387e-07
Iteration: 13
  Device: "mos2d"	RelError: 9.72935e-01	AbsError: 1.39565e-02
    Region: "bulk"	RelError: 9.72935e-01	AbsError: 1.39565e-02
      Equation: "PotentialEquation"	RelError: 9.72935e-01	AbsError: 1.39565e-02
    Region: "gate"	RelError: 5.04574e-12	AbsError: 3.00756e-12
      Equation: "PotentialEquation"	RelError: 5.04574e-12	AbsError: 3.00756e-12
    Region: "oxide"	RelError: 1.56979e-07	AbsError: 6.29446e-08
      Equation: "PotentialEquation"	RelError: 1.56979e-07	AbsError: 6.29446e-08
Iteration: 14
  Device: "mos2d"	RelError: 7.23825e-02	AbsError: 8.35414e-05
    Region: "bulk"	RelError: 7.23824e-02	AbsError: 8.35414e-05
      Equation: "PotentialEquation"	RelError: 7.23824e-02	AbsError: 8.35414e-05
    Region: "gate"	RelError: 3.81950e-13	AbsError: 2.27665e-13
      Equation: "PotentialEquation"	RelError: 3.81950e-13	AbsError: 2.27665e-13
    Region: "oxide"	RelError: 1.18851e-08	AbsError: 4.76562e-09
      Equation: "PotentialEquation"	RelError: 1.18851e-08	AbsError: 4.76562e-09
Iteration: 15
  Device: "mos2d"	RelError: 1.08673e-05	AbsError: 1.58135e-08
    Region: "bulk"	RelError: 1.08673e-05	AbsError: 1.58135e-08
      Equation: "PotentialEquation"	RelError: 1.08673e-05	AbsError: 1.58135e-08
    Region: "gate"	RelError: 1.51032e-16	AbsError: 9.00261e-17
      Equation: "PotentialEquation"	RelError: 1.51032e-16	AbsError: 9.00261e-17
    Region: "oxide"	RelError: 1.35297e-12	AbsError: 5.42508e-13
      Equation: "PotentialEquation"	RelError: 1.35297e-12	AbsError: 5.42508e-13
Iteration: 16
  Device: "mos2d"	RelError: 6.62352e-13	AbsError: 7.53861e-15
    Region: "bulk"	RelError: 6.47621e-13	AbsError: 1.14519e-15
      Equation: "PotentialEquation"	RelError: 6.47621e-13	AbsError: 1.14519e-15
    Region: "gate"	RelError: 1.92474e-16	AbsError: 1.14727e-16
      Equation: "PotentialEquation"	RelError: 1.92474e-16	AbsError: 1.14727e-16
    Region: "oxide"	RelError: 1.45387e-14	AbsError: 7.53861e-15
      Equation: "PotentialEquation"	RelError: 1.45387e-14	AbsError: 7.53861e-15
Region "bulk" on device "mos2d" has equations 0:2248
Region "gate" on device "mos2d" has equations 2249:2287
Region "oxide" on device "mos2d" has equations 2288:2953
Device "mos2d" has equations 0:2953
number of equations 2954
Iteration: 0
  Device: "mos2d"	RelError: 3.49501e-14	AbsError: 7.53861e-15
    Region: "bulk"	RelError: 2.02603e-14	AbsError: 7.79498e-16
      Equation: "PotentialEquation"	RelError: 2.02603e-14	AbsError: 7.79498e-16
    Region: "gate"	RelError: 1.51032e-16	AbsError: 9.00261e-17
      Equation: "PotentialEquation"	RelError: 1.51032e-16	AbsError: 9.00261e-17
    Region: "oxide"	RelError: 1.45387e-14	AbsError: 7.53861e-15
      Equation: "PotentialEquation"	RelError: 1.45387e-14	AbsError: 7.53861e-15
Warning: Replacing equation with equation of the same name.
Region: gate, Equation: PotentialEquation, Variable: Potential
Warning: Replacing equation with equation of the same name.
Region: bulk, Equation: PotentialEquation, Variable: Potential
Region "bulk" on device "mos2d" has equations 0:6746
Region "gate" on device "mos2d" has equations 6747:6863
Region "oxide" on device "mos2d" has equations 6864:7529
Device "mos2d" has equations 0:7529
number of equations 7530
Iteration: 0
  Device: "mos2d"	RelError: 1.41599e-13	AbsError: 4.43307e+05
    Region: "bulk"	RelError: 1.18075e-13	AbsError: 8.71799e+04
      Equation: "ElectronContinuityEquation"	RelError: 3.08211e-14	AbsError: 6.56759e+04
      Equation: "HoleContinuityEquation"	RelError: 3.37925e-14	AbsError: 2.15040e+04
      Equation: "PotentialEquation"	RelError: 5.34617e-14	AbsError: 8.41507e-16
    Region: "gate"	RelError: 8.87208e-15	AbsError: 4.43307e+05
      Equation: "ElectronContinuityEquation"	RelError: 4.43488e-15	AbsError: 4.43307e+05
      Equation: "HoleContinuityEquation"	RelError: 4.31211e-15	AbsError: 4.31387e-15
      Equation: "PotentialEquation"	RelError: 1.25098e-16	AbsError: 7.45664e-17
    Region: "oxide"	RelError: 1.46514e-14	AbsError: 7.59700e-15
      Equation: "PotentialEquation"	RelError: 1.46514e-14	AbsError: 7.59700e-15
last end 0.000000e+00 5.000000e-01
setting to last bias 5.000000e-01
setting next bias 5.000000e-01
Region "bulk" on device "mos2d" has equations 0:6746
Region "gate" on device "mos2d" has equations 6747:6863
Region "oxide" on device "mos2d" has equations 6864:7529
Device "mos2d" has equations 0:7529
number of equations 7530
Iteration: 0
  Device: "mos2d"	RelError: 2.21541e+01	AbsError: 4.20221e+17
    Region: "bulk"	RelError: 2.19194e+01	AbsError: 4.20221e+17
      Equation: "ElectronContinuityEquation"	RelError: 4.96240e-01	AbsError: 4.20219e+17
      Equation: "HoleContinuityEquation"	RelError: 2.13639e+01	AbsError: 1.85680e+12
      Equation: "PotentialEquation"	RelError: 5.92768e-02	AbsError: 2.46631e-02
    Region: "gate"	RelError: 1.18964e-01	AbsError: 1.63588e+17
      Equation: "ElectronContinuityEquation"	RelError: 1.63952e-03	AbsError: 1.63588e+17
      Equation: "HoleContinuityEquation"	RelError: 1.63416e-03	AbsError: 1.63779e-03
      Equation: "PotentialEquation"	RelError: 1.15690e-01	AbsError: 7.79815e-02
    Region: "oxide"	RelError: 1.15690e-01	AbsError: 7.79804e-02
      Equation: "PotentialEquation"	RelError: 1.15690e-01	AbsError: 7.79804e-02
Iteration: 1
  Device: "mos2d"	RelError: 1.36554e+00	AbsError: 1.76109e+18
    Region: "bulk"	RelError: 1.13286e+00	AbsError: 3.06401e+17
      Equation: "ElectronContinuityEquation"	RelError: 1.73923e-01	AbsError: 3.06399e+17
      Equation: "HoleContinuityEquation"	RelError: 8.91203e-01	AbsError: 1.84829e+12
      Equation: "PotentialEquation"	RelError: 6.77301e-02	AbsError: 2.13454e-02
    Region: "gate"	RelError: 1.33970e-01	AbsError: 1.76109e+18
      Equation: "ElectronContinuityEquation"	RelError: 1.79266e-02	AbsError: 1.76109e+18
      Equation: "HoleContinuityEquation"	RelError: 1.73061e-02	AbsError: 1.76109e-02
      Equation: "PotentialEquation"	RelError: 9.87378e-02	AbsError: 7.38462e-02
    Region: "oxide"	RelError: 9.87114e-02	AbsError: 7.38233e-02
      Equation: "PotentialEquation"	RelError: 9.87114e-02	AbsError: 7.38233e-02
Iteration: 2
  Device: "mos2d"	RelError: 2.23210e-01	AbsError: 1.76109e+18
    Region: "bulk"	RelError: 1.86717e-02	AbsError: 1.13541e+16
      Equation: "ElectronContinuityEquation"	RelError: 2.24552e-03	AbsError: 1.13541e+16
      Equation: "HoleContinuityEquation"	RelError: 1.56063e-02	AbsError: 2.28821e+09
      Equation: "PotentialEquation"	RelError: 8.19960e-04	AbsError: 6.10965e-05
    Region: "gate"	RelError: 1.19892e-01	AbsError: 1.76109e+18
      Equation: "ElectronContinuityEquation"	RelError: 1.76109e-02	AbsError: 1.76109e+18
      Equation: "HoleContinuityEquation"	RelError: 1.76292e-02	AbsError: 1.76289e-02
      Equation: "PotentialEquation"	RelError: 8.46516e-02	AbsError: 6.91617e-02
    Region: "oxide"	RelError: 8.46463e-02	AbsError: 6.91584e-02
      Equation: "PotentialEquation"	RelError: 8.46463e-02	AbsError: 6.91584e-02
Iteration: 3
  Device: "mos2d"	RelError: 1.45037e-01	AbsError: 1.08207e+15
    Region: "bulk"	RelError: 5.20277e-06	AbsError: 1.59434e+12
      Equation: "ElectronContinuityEquation"	RelError: 9.48554e-07	AbsError: 1.59434e+12
      Equation: "HoleContinuityEquation"	RelError: 4.16528e-06	AbsError: 3.25169e+06
      Equation: "PotentialEquation"	RelError: 8.89318e-08	AbsError: 1.85247e-08
    Region: "gate"	RelError: 7.25330e-02	AbsError: 1.08207e+15
      Equation: "ElectronContinuityEquation"	RelError: 1.08207e-05	AbsError: 1.08207e+15
      Equation: "HoleContinuityEquation"	RelError: 1.80559e-05	AbsError: 1.80559e-05
      Equation: "PotentialEquation"	RelError: 7.25041e-02	AbsError: 6.38677e-02
    Region: "oxide"	RelError: 7.24992e-02	AbsError: 6.38640e-02
      Equation: "PotentialEquation"	RelError: 7.24992e-02	AbsError: 6.38640e-02
Iteration: 4
  Device: "mos2d"	RelError: 1.23121e-01	AbsError: 6.11542e+14
    Region: "bulk"	RelError: 6.07691e-09	AbsError: 3.32951e+08
      Equation: "ElectronContinuityEquation"	RelError: 2.51244e-09	AbsError: 3.32948e+08
      Equation: "HoleContinuityEquation"	RelError: 2.80599e-09	AbsError: 3.09290e+03
      Equation: "PotentialEquation"	RelError: 7.58474e-10	AbsError: 6.54759e-11
    Region: "gate"	RelError: 6.15689e-02	AbsError: 6.11542e+14
      Equation: "ElectronContinuityEquation"	RelError: 6.11545e-06	AbsError: 6.11542e+14
      Equation: "HoleContinuityEquation"	RelError: 6.11390e-06	AbsError: 6.11394e-06
      Equation: "PotentialEquation"	RelError: 6.15567e-02	AbsError: 5.77811e-02
    Region: "oxide"	RelError: 6.15519e-02	AbsError: 5.77769e-02
      Equation: "PotentialEquation"	RelError: 6.15519e-02	AbsError: 5.77769e-02
Iteration: 5
  Device: "mos2d"	RelError: 1.02470e-01	AbsError: 7.14569e+14
    Region: "bulk"	RelError: 4.90238e-11	AbsError: 3.48632e+07
      Equation: "ElectronContinuityEquation"	RelError: 6.00477e-12	AbsError: 3.48623e+07
      Equation: "HoleContinuityEquation"	RelError: 2.90209e-11	AbsError: 8.93474e+02
      Equation: "PotentialEquation"	RelError: 1.39982e-11	AbsError: 6.14817e-12
    Region: "gate"	RelError: 5.12445e-02	AbsError: 7.14569e+14
      Equation: "ElectronContinuityEquation"	RelError: 7.14576e-06	AbsError: 7.14569e+14
      Equation: "HoleContinuityEquation"	RelError: 7.14579e-06	AbsError: 7.14586e-06
      Equation: "PotentialEquation"	RelError: 5.12303e-02	AbsError: 5.06846e-02
    Region: "oxide"	RelError: 5.12252e-02	AbsError: 5.06796e-02
      Equation: "PotentialEquation"	RelError: 5.12252e-02	AbsError: 5.06796e-02
Iteration: 6
  Device: "mos2d"	RelError: 8.20202e-02	AbsError: 8.64028e+14
    Region: "bulk"	RelError: 1.56100e-11	AbsError: 1.59067e+07
      Equation: "ElectronContinuityEquation"	RelError: 6.83777e-12	AbsError: 1.59059e+07
      Equation: "HoleContinuityEquation"	RelError: 7.51256e-12	AbsError: 7.73034e+02
      Equation: "PotentialEquation"	RelError: 1.25967e-12	AbsError: 6.75769e-13
    Region: "gate"	RelError: 4.10215e-02	AbsError: 8.64028e+14
      Equation: "ElectronContinuityEquation"	RelError: 8.64029e-06	AbsError: 8.64028e+14
      Equation: "HoleContinuityEquation"	RelError: 8.64035e-06	AbsError: 8.64036e-06
      Equation: "PotentialEquation"	RelError: 4.10042e-02	AbsError: 4.23021e-02
    Region: "oxide"	RelError: 4.09987e-02	AbsError: 4.22961e-02
      Equation: "PotentialEquation"	RelError: 4.09987e-02	AbsError: 4.22961e-02
Iteration: 7
  Device: "mos2d"	RelError: 6.08126e-02	AbsError: 2.59101e+14
    Region: "bulk"	RelError: 1.02425e-11	AbsError: 2.78787e+06
      Equation: "ElectronContinuityEquation"	RelError: 4.92700e-12	AbsError: 2.78743e+06
      Equation: "HoleContinuityEquation"	RelError: 4.91882e-12	AbsError: 4.47376e+02
      Equation: "PotentialEquation"	RelError: 3.96728e-13	AbsError: 2.12831e-13
    Region: "gate"	RelError: 3.04120e-02	AbsError: 2.59101e+14
      Equation: "ElectronContinuityEquation"	RelError: 2.59100e-06	AbsError: 2.59101e+14
      Equation: "HoleContinuityEquation"	RelError: 2.59112e-06	AbsError: 2.59112e-06
      Equation: "PotentialEquation"	RelError: 3.04068e-02	AbsError: 3.23530e-02
    Region: "oxide"	RelError: 3.04006e-02	AbsError: 3.23460e-02
      Equation: "PotentialEquation"	RelError: 3.04006e-02	AbsError: 3.23460e-02
Iteration: 8
  Device: "mos2d"	RelError: 3.84649e-02	AbsError: 1.07543e+14
    Region: "bulk"	RelError: 4.49418e-12	AbsError: 1.94050e+06
      Equation: "ElectronContinuityEquation"	RelError: 1.70225e-12	AbsError: 1.93985e+06
      Equation: "HoleContinuityEquation"	RelError: 2.05758e-12	AbsError: 6.47592e+02
      Equation: "PotentialEquation"	RelError: 7.34351e-13	AbsError: 3.75456e-13
    Region: "gate"	RelError: 1.92369e-02	AbsError: 1.07543e+14
      Equation: "ElectronContinuityEquation"	RelError: 1.07543e-06	AbsError: 1.07543e+14
      Equation: "HoleContinuityEquation"	RelError: 1.07552e-06	AbsError: 1.07552e-06
      Equation: "PotentialEquation"	RelError: 1.92348e-02	AbsError: 2.08673e-02
    Region: "oxide"	RelError: 1.92279e-02	AbsError: 2.08594e-02
      Equation: "PotentialEquation"	RelError: 1.92279e-02	AbsError: 2.08594e-02
Iteration: 9
  Device: "mos2d"	RelError: 2.04351e-02	AbsError: 8.99783e+13
    Region: "bulk"	RelError: 2.56686e-12	AbsError: 8.67736e+05
      Equation: "ElectronContinuityEquation"	RelError: 1.19282e-12	AbsError: 8.67267e+05
      Equation: "HoleContinuityEquation"	RelError: 1.17307e-12	AbsError: 4.69054e+02
      Equation: "PotentialEquation"	RelError: 2.00971e-13	AbsError: 1.07814e-13
    Region: "gate"	RelError: 1.02227e-02	AbsError: 8.99783e+13
      Equation: "ElectronContinuityEquation"	RelError: 8.99784e-07	AbsError: 8.99783e+13
      Equation: "HoleContinuityEquation"	RelError: 8.99820e-07	AbsError: 8.99820e-07
      Equation: "PotentialEquation"	RelError: 1.02209e-02	AbsError: 1.12029e-02
    Region: "oxide"	RelError: 1.02124e-02	AbsError: 1.11932e-02
      Equation: "PotentialEquation"	RelError: 1.02124e-02	AbsError: 1.11932e-02
Iteration: 10
  Device: "mos2d"	RelError: 1.58233e-06	AbsError: 7.81931e+13
    Region: "bulk"	RelError: 9.05290e-13	AbsError: 7.13067e+05
      Equation: "ElectronContinuityEquation"	RelError: 3.79098e-13	AbsError: 7.12469e+05
      Equation: "HoleContinuityEquation"	RelError: 4.10604e-13	AbsError: 5.97921e+02
      Equation: "PotentialEquation"	RelError: 1.15588e-13	AbsError: 6.20086e-14
    Region: "gate"	RelError: 1.58233e-06	AbsError: 7.81931e+13
      Equation: "ElectronContinuityEquation"	RelError: 7.81931e-07	AbsError: 7.81931e+13
      Equation: "HoleContinuityEquation"	RelError: 7.81931e-07	AbsError: 7.81931e-07
      Equation: "PotentialEquation"	RelError: 1.84675e-08	AbsError: 2.02417e-08
    Region: "oxide"	RelError: 3.62492e-13	AbsError: 3.97297e-13
      Equation: "PotentialEquation"	RelError: 3.62492e-13	AbsError: 3.97297e-13
Iteration: 11
  Device: "mos2d"	RelError: 2.85240e-10	AbsError: 1.40898e+10
    Region: "bulk"	RelError: 1.05491e-13	AbsError: 1.01476e+05
      Equation: "ElectronContinuityEquation"	RelError: 2.83274e-14	AbsError: 1.00996e+05
      Equation: "HoleContinuityEquation"	RelError: 2.05954e-14	AbsError: 4.80261e+02
      Equation: "PotentialEquation"	RelError: 5.65684e-14	AbsError: 1.56548e-14
    Region: "gate"	RelError: 2.85124e-10	AbsError: 1.40898e+10
      Equation: "ElectronContinuityEquation"	RelError: 1.40898e-10	AbsError: 1.40898e+10
      Equation: "HoleContinuityEquation"	RelError: 1.40898e-10	AbsError: 1.40898e-10
      Equation: "PotentialEquation"	RelError: 3.32771e-12	AbsError: 3.64742e-12
    Region: "oxide"	RelError: 1.01864e-14	AbsError: 5.28186e-15
      Equation: "PotentialEquation"	RelError: 1.01864e-14	AbsError: 5.28186e-15
Iteration: 12
  Device: "mos2d"	RelError: 1.17345e-13	AbsError: 5.31463e+04
    Region: "bulk"	RelError: 1.06565e-13	AbsError: 5.31463e+04
      Equation: "ElectronContinuityEquation"	RelError: 2.16342e-14	AbsError: 5.27118e+04
      Equation: "HoleContinuityEquation"	RelError: 2.28937e-14	AbsError: 4.34534e+02
      Equation: "PotentialEquation"	RelError: 6.20374e-14	AbsError: 6.08720e-16
    Region: "gate"	RelError: 3.08370e-16	AbsError: 7.92569e+03
      Equation: "ElectronContinuityEquation"	RelError: 7.94333e-17	AbsError: 7.92569e+03
      Equation: "HoleContinuityEquation"	RelError: 1.27645e-16	AbsError: 1.27929e-16
      Equation: "PotentialEquation"	RelError: 1.01291e-16	AbsError: 1.11022e-16
    Region: "oxide"	RelError: 1.04718e-14	AbsError: 5.42984e-15
      Equation: "PotentialEquation"	RelError: 1.04718e-14	AbsError: 5.42984e-15
Succeeded
body	0.0	-4.92178482085e-29	-2.75885082633e-14	-2.75885082633e-14
drain	0.0	3.62489077997e-14	2.78881392058e-31	3.62489077997e-14
gate	0.5	3.57218144506e-12	1.78609072253e-32	3.57218144506e-12
source	0.0	-2.2632538599e-13	2.79802983079e-31	-2.2632538599e-13
last end 0.000000e+00 5.000000e-01
Region "bulk" on device "mos2d" has equations 0:6746
Region "gate" on device "mos2d" has equations 6747:6863
Region "oxide" on device "mos2d" has equations 6864:7529
Device "mos2d" has equations 0:7529
number of equations 7530
Iteration: 0
  Device: "mos2d"	RelError: 2.00512e+03	AbsError: 2.15306e+18
    Region: "bulk"	RelError: 2.00504e+03	AbsError: 2.15306e+18
      Equation: "ElectronContinuityEquation"	RelError: 9.99000e+02	AbsError: 2.15276e+18
      Equation: "HoleContinuityEquation"	RelError: 9.99000e+02	AbsError: 3.04739e+14
      Equation: "PotentialEquation"	RelError: 7.04420e+00	AbsError: 4.78079e-02
    Region: "gate"	RelError: 3.94371e-04	AbsError: 1.94451e+16
      Equation: "ElectronContinuityEquation"	RelError: 1.94846e-04	AbsError: 1.94451e+16
      Equation: "HoleContinuityEquation"	RelError: 1.94922e-04	AbsError: 1.95318e-04
      Equation: "PotentialEquation"	RelError: 4.60301e-06	AbsError: 5.04501e-06
    Region: "oxide"	RelError: 7.92958e-02	AbsError: 4.22910e-02
      Equation: "PotentialEquation"	RelError: 7.92958e-02	AbsError: 4.22910e-02
Iteration: 1
  Device: "mos2d"	RelError: 1.13794e+01	AbsError: 2.19130e+18
    Region: "bulk"	RelError: 1.13246e+01	AbsError: 2.19130e+18
      Equation: "ElectronContinuityEquation"	RelError: 9.99124e-01	AbsError: 2.19116e+18
      Equation: "HoleContinuityEquation"	RelError: 9.98731e-01	AbsError: 1.35858e+14
      Equation: "PotentialEquation"	RelError: 9.32678e+00	AbsError: 3.26218e-02
    Region: "gate"	RelError: 1.53175e-05	AbsError: 7.53507e+14
      Equation: "ElectronContinuityEquation"	RelError: 7.55043e-06	AbsError: 7.53507e+14
      Equation: "HoleContinuityEquation"	RelError: 7.58829e-06	AbsError: 7.60376e-06
      Equation: "PotentialEquation"	RelError: 1.78782e-07	AbsError: 1.95949e-07
    Region: "oxide"	RelError: 5.47554e-02	AbsError: 3.03524e-02
      Equation: "PotentialEquation"	RelError: 5.47554e-02	AbsError: 3.03524e-02
Iteration: 2
  Device: "mos2d"	RelError: 1.00745e+03	AbsError: 3.56587e+16
    Region: "bulk"	RelError: 1.00741e+03	AbsError: 3.56587e+16
      Equation: "ElectronContinuityEquation"	RelError: 8.31931e+00	AbsError: 3.56577e+16
      Equation: "HoleContinuityEquation"	RelError: 9.99000e+02	AbsError: 1.01596e+12
      Equation: "PotentialEquation"	RelError: 8.57786e-02	AbsError: 2.58812e-02
    Region: "gate"	RelError: 2.56066e-07	AbsError: 1.26363e+13
      Equation: "ElectronContinuityEquation"	RelError: 1.26553e-07	AbsError: 1.26363e+13
      Equation: "HoleContinuityEquation"	RelError: 1.26524e-07	AbsError: 1.26715e-07
      Equation: "PotentialEquation"	RelError: 2.98871e-09	AbsError: 3.27573e-09
    Region: "oxide"	RelError: 4.50520e-02	AbsError: 2.57126e-02
      Equation: "PotentialEquation"	RelError: 4.50520e-02	AbsError: 2.57126e-02
Iteration: 3
  Device: "mos2d"	RelError: 1.61164e+00	AbsError: 3.05278e+15
    Region: "bulk"	RelError: 1.59740e+00	AbsError: 3.05278e+15
      Equation: "ElectronContinuityEquation"	RelError: 5.65605e-01	AbsError: 3.05249e+15
      Equation: "HoleContinuityEquation"	RelError: 9.97833e-01	AbsError: 2.90494e+11
      Equation: "PotentialEquation"	RelError: 3.39636e-02	AbsError: 1.15772e-02
    Region: "gate"	RelError: 4.10599e-07	AbsError: 2.02491e+13
      Equation: "ElectronContinuityEquation"	RelError: 2.02903e-07	AbsError: 2.02491e+13
      Equation: "HoleContinuityEquation"	RelError: 2.02904e-07	AbsError: 2.03317e-07
      Equation: "PotentialEquation"	RelError: 4.79242e-09	AbsError: 5.25260e-09
    Region: "oxide"	RelError: 1.42392e-02	AbsError: 8.68582e-03
      Equation: "PotentialEquation"	RelError: 1.42392e-02	AbsError: 8.68582e-03
Iteration: 4
  Device: "mos2d"	RelError: 4.52960e-01	AbsError: 3.21774e+15
    Region: "bulk"	RelError: 4.52815e-01	AbsError: 3.21774e+15
      Equation: "ElectronContinuityEquation"	RelError: 1.73295e-02	AbsError: 3.21738e+15
      Equation: "HoleContinuityEquation"	RelError: 3.93843e-01	AbsError: 3.60630e+11
      Equation: "PotentialEquation"	RelError: 4.16429e-02	AbsError: 4.70774e-04
    Region: "gate"	RelError: 3.09836e-07	AbsError: 1.52798e+13
      Equation: "ElectronContinuityEquation"	RelError: 1.53110e-07	AbsError: 1.52798e+13
      Equation: "HoleContinuityEquation"	RelError: 1.53110e-07	AbsError: 1.53422e-07
      Equation: "PotentialEquation"	RelError: 3.61633e-09	AbsError: 3.96358e-09
    Region: "oxide"	RelError: 1.44092e-04	AbsError: 7.16844e-05
      Equation: "PotentialEquation"	RelError: 1.44092e-04	AbsError: 7.16844e-05
Iteration: 5
  Device: "mos2d"	RelError: 1.64847e-03	AbsError: 4.41888e+12
    Region: "bulk"	RelError: 1.64841e-03	AbsError: 4.41888e+12
      Equation: "ElectronContinuityEquation"	RelError: 2.29746e-05	AbsError: 4.41867e+12
      Equation: "HoleContinuityEquation"	RelError: 1.60819e-03	AbsError: 2.01385e+08
      Equation: "PotentialEquation"	RelError: 1.72451e-05	AbsError: 3.17229e-07
    Region: "gate"	RelError: 1.07629e-10	AbsError: 5.30662e+09
      Equation: "ElectronContinuityEquation"	RelError: 5.31744e-11	AbsError: 5.30662e+09
      Equation: "HoleContinuityEquation"	RelError: 5.31980e-11	AbsError: 5.33064e-11
      Equation: "PotentialEquation"	RelError: 1.25623e-12	AbsError: 1.37685e-12
    Region: "oxide"	RelError: 5.71205e-08	AbsError: 2.69990e-08
      Equation: "PotentialEquation"	RelError: 5.71205e-08	AbsError: 2.69990e-08
Iteration: 6
  Device: "mos2d"	RelError: 5.51603e-09	AbsError: 2.18629e+06
    Region: "bulk"	RelError: 5.51597e-09	AbsError: 2.18629e+06
      Equation: "ElectronContinuityEquation"	RelError: 4.00479e-11	AbsError: 2.11567e+06
      Equation: "HoleContinuityEquation"	RelError: 5.20003e-09	AbsError: 7.06207e+04
      Equation: "PotentialEquation"	RelError: 2.75892e-10	AbsError: 7.46121e-13
    Region: "gate"	RelError: 3.97041e-16	AbsError: 1.18287e+04
      Equation: "ElectronContinuityEquation"	RelError: 1.18528e-16	AbsError: 1.18287e+04
      Equation: "HoleContinuityEquation"	RelError: 1.77222e-16	AbsError: 1.77489e-16
      Equation: "PotentialEquation"	RelError: 1.01291e-16	AbsError: 1.11022e-16
    Region: "oxide"	RelError: 5.85535e-14	AbsError: 2.77377e-14
      Equation: "PotentialEquation"	RelError: 5.85535e-14	AbsError: 2.77377e-14
Iteration: 7
  Device: "mos2d"	RelError: 2.05783e-13	AbsError: 5.73491e+04
    Region: "bulk"	RelError: 1.95047e-13	AbsError: 5.73491e+04
      Equation: "ElectronContinuityEquation"	RelError: 2.59910e-14	AbsError: 5.68772e+04
      Equation: "HoleContinuityEquation"	RelError: 1.45207e-13	AbsError: 4.71950e+02
      Equation: "PotentialEquation"	RelError: 2.38492e-14	AbsError: 6.32398e-16
    Region: "gate"	RelError: 2.88031e-16	AbsError: 7.73345e+03
      Equation: "ElectronContinuityEquation"	RelError: 7.73345e-17	AbsError: 7.73345e+03
      Equation: "HoleContinuityEquation"	RelError: 1.09406e-16	AbsError: 1.09529e-16
      Equation: "PotentialEquation"	RelError: 1.01291e-16	AbsError: 1.11022e-16
    Region: "oxide"	RelError: 1.04478e-14	AbsError: 6.46214e-15
      Equation: "PotentialEquation"	RelError: 1.04478e-14	AbsError: 6.46214e-15
Succeeded
body	0.0	-3.53273517597e-15	-3.72062371313e-14	-4.07389723072e-14
drain	0.1	0.438124478401	7.45139968039e-17	0.438124478401
gate	0.5	1.86312503889e-13	9.31562519445e-34	1.86312503889e-13
source	0.0	-0.438124478401	-1.89549861894e-18	-0.438124478401
last end 1.000000e-01 5.000000e-01
Region "bulk" on device "mos2d" has equations 0:6746
Region "gate" on device "mos2d" has equations 6747:6863
Region "oxide" on device "mos2d" has equations 6864:7529
Device "mos2d" has equations 0:7529
number of equations 7530
Iteration: 0
  Device: "mos2d"	RelError: 2.01171e+03	AbsError: 1.87800e+17
    Region: "bulk"	RelError: 2.01165e+03	AbsError: 1.87800e+17
      Equation: "ElectronContinuityEquation"	RelError: 9.99000e+02	AbsError: 1.87482e+17
      Equation: "HoleContinuityEquation"	RelError: 9.99000e+02	AbsError: 3.17494e+14
      Equation: "PotentialEquation"	RelError: 1.36467e+01	AbsError: 4.09542e-02
    Region: "gate"	RelError: 3.62300e-04	AbsError: 1.78671e+16
      Equation: "ElectronContinuityEquation"	RelError: 1.79003e-04	AbsError: 1.78671e+16
      Equation: "HoleContinuityEquation"	RelError: 1.79068e-04	AbsError: 1.79400e-04
      Equation: "PotentialEquation"	RelError: 4.22866e-06	AbsError: 4.63473e-06
    Region: "oxide"	RelError: 6.62941e-02	AbsError: 4.09542e-02
      Equation: "PotentialEquation"	RelError: 6.62941e-02	AbsError: 4.09542e-02
Iteration: 1
  Device: "mos2d"	RelError: 3.84676e+01	AbsError: 1.62727e+16
    Region: "bulk"	RelError: 3.84215e+01	AbsError: 1.62727e+16
      Equation: "ElectronContinuityEquation"	RelError: 9.98988e-01	AbsError: 1.62534e+16
      Equation: "HoleContinuityEquation"	RelError: 9.98764e-01	AbsError: 1.92857e+13
      Equation: "PotentialEquation"	RelError: 3.64237e+01	AbsError: 3.07633e-02
    Region: "gate"	RelError: 1.41263e-05	AbsError: 6.95177e+14
      Equation: "ElectronContinuityEquation"	RelError: 6.96474e-06	AbsError: 6.95177e+14
      Equation: "HoleContinuityEquation"	RelError: 6.99669e-06	AbsError: 7.00975e-06
      Equation: "PotentialEquation"	RelError: 1.64878e-07	AbsError: 1.80711e-07
    Region: "oxide"	RelError: 4.60890e-02	AbsError: 3.07632e-02
      Equation: "PotentialEquation"	RelError: 4.60890e-02	AbsError: 3.07632e-02
Iteration: 2
  Device: "mos2d"	RelError: 1.00443e+03	AbsError: 2.56689e+15
    Region: "bulk"	RelError: 1.00439e+03	AbsError: 2.56689e+15
      Equation: "ElectronContinuityEquation"	RelError: 5.23812e+00	AbsError: 2.56652e+15
      Equation: "HoleContinuityEquation"	RelError: 9.99000e+02	AbsError: 3.74189e+11
      Equation: "PotentialEquation"	RelError: 1.51674e-01	AbsError: 2.58889e-02
    Region: "gate"	RelError: 1.61476e-06	AbsError: 7.96493e+13
      Equation: "ElectronContinuityEquation"	RelError: 7.97978e-07	AbsError: 7.96493e+13
      Equation: "HoleContinuityEquation"	RelError: 7.97931e-07	AbsError: 7.99419e-07
      Equation: "PotentialEquation"	RelError: 1.88470e-08	AbsError: 2.06568e-08
    Region: "oxide"	RelError: 3.79045e-02	AbsError: 2.55460e-02
      Equation: "PotentialEquation"	RelError: 3.79045e-02	AbsError: 2.55460e-02
Iteration: 3
  Device: "mos2d"	RelError: 1.77290e+00	AbsError: 4.11456e+15
    Region: "bulk"	RelError: 1.76015e+00	AbsError: 4.11456e+15
      Equation: "ElectronContinuityEquation"	RelError: 5.63563e-01	AbsError: 4.11421e+15
      Equation: "HoleContinuityEquation"	RelError: 9.98566e-01	AbsError: 3.43748e+11
      Equation: "PotentialEquation"	RelError: 1.98019e-01	AbsError: 9.16548e-03
    Region: "gate"	RelError: 3.25051e-07	AbsError: 1.60330e+13
      Equation: "ElectronContinuityEquation"	RelError: 1.60629e-07	AbsError: 1.60330e+13
      Equation: "HoleContinuityEquation"	RelError: 1.60628e-07	AbsError: 1.60928e-07
      Equation: "PotentialEquation"	RelError: 3.79390e-09	AbsError: 4.15822e-09
    Region: "oxide"	RelError: 1.27559e-02	AbsError: 9.16533e-03
      Equation: "PotentialEquation"	RelError: 1.27559e-02	AbsError: 9.16533e-03
Iteration: 4
  Device: "mos2d"	RelError: 5.65221e-01	AbsError: 4.17370e+15
    Region: "bulk"	RelError: 5.65028e-01	AbsError: 4.17370e+15
      Equation: "ElectronContinuityEquation"	RelError: 1.93185e-02	AbsError: 4.17325e+15
      Equation: "HoleContinuityEquation"	RelError: 3.36130e-01	AbsError: 4.44402e+11
      Equation: "PotentialEquation"	RelError: 2.09580e-01	AbsError: 4.85851e-04
    Region: "gate"	RelError: 4.79415e-07	AbsError: 2.36469e+13
      Equation: "ElectronContinuityEquation"	RelError: 2.36910e-07	AbsError: 2.36469e+13
      Equation: "HoleContinuityEquation"	RelError: 2.36910e-07	AbsError: 2.37351e-07
      Equation: "PotentialEquation"	RelError: 5.59560e-09	AbsError: 6.13293e-09
    Region: "oxide"	RelError: 1.92766e-04	AbsError: 1.10053e-04
      Equation: "PotentialEquation"	RelError: 1.92766e-04	AbsError: 1.10053e-04
Iteration: 5
  Device: "mos2d"	RelError: 8.11229e-04	AbsError: 3.96124e+12
    Region: "bulk"	RelError: 8.11195e-04	AbsError: 3.96124e+12
      Equation: "ElectronContinuityEquation"	RelError: 3.66489e-05	AbsError: 3.96066e+12
      Equation: "HoleContinuityEquation"	RelError: 6.58063e-04	AbsError: 5.70315e+08
      Equation: "PotentialEquation"	RelError: 1.16484e-04	AbsError: 4.10114e-07
    Region: "gate"	RelError: 6.11437e-11	AbsError: 3.01307e+09
      Equation: "ElectronContinuityEquation"	RelError: 3.01869e-11	AbsError: 3.01307e+09
      Equation: "HoleContinuityEquation"	RelError: 3.02431e-11	AbsError: 3.02995e-11
      Equation: "PotentialEquation"	RelError: 7.13734e-13	AbsError: 7.82271e-13
    Region: "oxide"	RelError: 3.37438e-08	AbsError: 1.72335e-08
      Equation: "PotentialEquation"	RelError: 3.37438e-08	AbsError: 1.72335e-08
Iteration: 6
  Device: "mos2d"	RelError: 1.87283e-09	AbsError: 2.23211e+06
    Region: "bulk"	RelError: 1.87278e-09	AbsError: 2.23211e+06
      Equation: "ElectronContinuityEquation"	RelError: 6.39930e-11	AbsError: 2.14388e+06
      Equation: "HoleContinuityEquation"	RelError: 1.78799e-09	AbsError: 8.82346e+04
      Equation: "PotentialEquation"	RelError: 2.07941e-11	AbsError: 2.68478e-13
    Region: "gate"	RelError: 4.28455e-16	AbsError: 1.08720e+04
      Equation: "ElectronContinuityEquation"	RelError: 1.08894e-16	AbsError: 1.08720e+04
      Equation: "HoleContinuityEquation"	RelError: 2.18271e-16	AbsError: 2.18619e-16
      Equation: "PotentialEquation"	RelError: 1.01291e-16	AbsError: 1.11022e-16
    Region: "oxide"	RelError: 5.60244e-14	AbsError: 2.98326e-14
      Equation: "PotentialEquation"	RelError: 5.60244e-14	AbsError: 2.98326e-14
Iteration: 7
  Device: "mos2d"	RelError: 2.26055e-13	AbsError: 6.44697e+04
    Region: "bulk"	RelError: 2.15128e-13	AbsError: 6.44697e+04
      Equation: "ElectronContinuityEquation"	RelError: 3.21311e-14	AbsError: 6.39103e+04
      Equation: "HoleContinuityEquation"	RelError: 9.71825e-14	AbsError: 5.59352e+02
      Equation: "PotentialEquation"	RelError: 8.58144e-14	AbsError: 8.11074e-16
    Region: "gate"	RelError: 2.91233e-16	AbsError: 8.09306e+03
      Equation: "ElectronContinuityEquation"	RelError: 8.09307e-17	AbsError: 8.09306e+03
      Equation: "HoleContinuityEquation"	RelError: 1.09011e-16	AbsError: 1.09186e-16
      Equation: "PotentialEquation"	RelError: 1.01291e-16	AbsError: 1.11022e-16
    Region: "oxide"	RelError: 1.06362e-14	AbsError: 7.64229e-15
      Equation: "PotentialEquation"	RelError: 1.06362e-14	AbsError: 7.64229e-15
Succeeded
body	0.0	-4.00126967019e-15	-5.94138984131e-14	-6.34151680833e-14
drain	0.2	0.940271741723	7.82936306132e-17	0.940271741723
gate	0.5	7.9546086115e-12	3.97730430575e-32	7.9546086115e-12
source	0.0	-0.940271741723	-4.31720108524e-18	-0.940271741723
last end 2.000000e-01 5.000000e-01
Region "bulk" on device "mos2d" has equations 0:6746
Region "gate" on device "mos2d" has equations 6747:6863
Region "oxide" on device "mos2d" has equations 6864:7529
Device "mos2d" has equations 0:7529
number of equations 7530
Iteration: 0
  Device: "mos2d"	RelError: 2.01372e+03	AbsError: 2.09955e+17
    Region: "bulk"	RelError: 2.01366e+03	AbsError: 2.09955e+17
      Equation: "ElectronContinuityEquation"	RelError: 9.99000e+02	AbsError: 2.09613e+17
      Equation: "HoleContinuityEquation"	RelError: 9.99000e+02	AbsError: 3.42747e+14
      Equation: "PotentialEquation"	RelError: 1.56592e+01	AbsError: 4.09544e-02
    Region: "gate"	RelError: 3.39047e-04	AbsError: 1.67233e+16
      Equation: "ElectronContinuityEquation"	RelError: 1.67517e-04	AbsError: 1.67233e+16
      Equation: "HoleContinuityEquation"	RelError: 1.67573e-04	AbsError: 1.67857e-04
      Equation: "PotentialEquation"	RelError: 3.95725e-06	AbsError: 4.33727e-06
    Region: "oxide"	RelError: 5.67080e-02	AbsError: 4.09542e-02
      Equation: "PotentialEquation"	RelError: 5.67080e-02	AbsError: 4.09542e-02
Iteration: 1
  Device: "mos2d"	RelError: 2.00305e+03	AbsError: 1.77672e+16
    Region: "bulk"	RelError: 2.00301e+03	AbsError: 1.77672e+16
      Equation: "ElectronContinuityEquation"	RelError: 9.99000e+02	AbsError: 1.77494e+16
      Equation: "HoleContinuityEquation"	RelError: 9.99000e+02	AbsError: 1.78450e+13
      Equation: "PotentialEquation"	RelError: 5.00992e+00	AbsError: 3.07632e-02
    Region: "gate"	RelError: 8.19335e-06	AbsError: 4.02799e+14
      Equation: "ElectronContinuityEquation"	RelError: 4.03484e-06	AbsError: 4.02799e+14
      Equation: "HoleContinuityEquation"	RelError: 4.06288e-06	AbsError: 4.06979e-06
      Equation: "PotentialEquation"	RelError: 9.56302e-08	AbsError: 1.04814e-07
    Region: "oxide"	RelError: 4.15206e-02	AbsError: 3.07632e-02
      Equation: "PotentialEquation"	RelError: 4.15206e-02	AbsError: 3.07632e-02
Iteration: 2
  Device: "mos2d"	RelError: 1.00285e+03	AbsError: 1.88191e+15
    Region: "bulk"	RelError: 1.00281e+03	AbsError: 1.88191e+15
      Equation: "ElectronContinuityEquation"	RelError: 3.77285e+00	AbsError: 1.88177e+15
      Equation: "HoleContinuityEquation"	RelError: 9.99000e+02	AbsError: 1.35202e+11
      Equation: "PotentialEquation"	RelError: 4.05616e-02	AbsError: 2.58537e-02
    Region: "gate"	RelError: 1.06572e-06	AbsError: 5.25755e+13
      Equation: "ElectronContinuityEquation"	RelError: 5.26649e-07	AbsError: 5.25755e+13
      Equation: "HoleContinuityEquation"	RelError: 5.26633e-07	AbsError: 5.27529e-07
      Equation: "PotentialEquation"	RelError: 1.24388e-08	AbsError: 1.36333e-08
    Region: "oxide"	RelError: 3.30398e-02	AbsError: 2.57087e-02
      Equation: "PotentialEquation"	RelError: 3.30398e-02	AbsError: 2.57087e-02
Iteration: 3
  Device: "mos2d"	RelError: 1.59290e+00	AbsError: 3.89513e+15
    Region: "bulk"	RelError: 1.58170e+00	AbsError: 3.89513e+15
      Equation: "ElectronContinuityEquation"	RelError: 5.59514e-01	AbsError: 3.89476e+15
      Equation: "HoleContinuityEquation"	RelError: 1.00000e+00	AbsError: 3.70743e+11
      Equation: "PotentialEquation"	RelError: 2.21879e-02	AbsError: 9.16533e-03
    Region: "gate"	RelError: 2.52370e-07	AbsError: 1.24501e+13
      Equation: "ElectronContinuityEquation"	RelError: 1.24712e-07	AbsError: 1.24501e+13
      Equation: "HoleContinuityEquation"	RelError: 1.24712e-07	AbsError: 1.24924e-07
      Equation: "PotentialEquation"	RelError: 2.94558e-09	AbsError: 3.22845e-09
    Region: "oxide"	RelError: 1.11975e-02	AbsError: 9.16533e-03
      Equation: "PotentialEquation"	RelError: 1.11975e-02	AbsError: 9.16533e-03
Iteration: 4
  Device: "mos2d"	RelError: 1.76321e-01	AbsError: 4.14168e+15
    Region: "bulk"	RelError: 1.76172e-01	AbsError: 4.14168e+15
      Equation: "ElectronContinuityEquation"	RelError: 2.03970e-02	AbsError: 4.14121e+15
      Equation: "HoleContinuityEquation"	RelError: 1.25355e-01	AbsError: 4.67959e+11
      Equation: "PotentialEquation"	RelError: 3.04197e-02	AbsError: 4.41118e-04
    Region: "gate"	RelError: 4.24612e-07	AbsError: 2.09472e+13
      Equation: "ElectronContinuityEquation"	RelError: 2.09828e-07	AbsError: 2.09472e+13
      Equation: "HoleContinuityEquation"	RelError: 2.09828e-07	AbsError: 2.10185e-07
      Equation: "PotentialEquation"	RelError: 4.95594e-09	AbsError: 5.43186e-09
    Region: "oxide"	RelError: 1.48894e-04	AbsError: 9.56434e-05
      Equation: "PotentialEquation"	RelError: 1.48894e-04	AbsError: 9.56434e-05
Iteration: 5
  Device: "mos2d"	RelError: 9.70608e-05	AbsError: 3.90367e+12
    Region: "bulk"	RelError: 9.70370e-05	AbsError: 3.90367e+12
      Equation: "ElectronContinuityEquation"	RelError: 2.60279e-05	AbsError: 3.90329e+12
      Equation: "HoleContinuityEquation"	RelError: 6.61235e-05	AbsError: 3.75456e+08
      Equation: "PotentialEquation"	RelError: 4.88562e-06	AbsError: 1.43425e-07
    Region: "gate"	RelError: 4.84050e-11	AbsError: 2.39014e+09
      Equation: "ElectronContinuityEquation"	RelError: 2.39420e-11	AbsError: 2.39014e+09
      Equation: "HoleContinuityEquation"	RelError: 2.38979e-11	AbsError: 2.39385e-11
      Equation: "PotentialEquation"	RelError: 5.65044e-13	AbsError: 6.19306e-13
    Region: "oxide"	RelError: 2.37792e-08	AbsError: 1.64198e-08
      Equation: "PotentialEquation"	RelError: 2.37792e-08	AbsError: 1.64198e-08
Iteration: 6
  Device: "mos2d"	RelError: 1.40555e-10	AbsError: 1.02259e+06
    Region: "bulk"	RelError: 1.40538e-10	AbsError: 1.02259e+06
      Equation: "ElectronContinuityEquation"	RelError: 1.23756e-11	AbsError: 9.73260e+05
      Equation: "HoleContinuityEquation"	RelError: 1.25090e-10	AbsError: 4.93316e+04
      Equation: "PotentialEquation"	RelError: 3.07295e-12	AbsError: 2.41918e-13
    Region: "gate"	RelError: 3.87807e-16	AbsError: 8.05154e+03
      Equation: "ElectronContinuityEquation"	RelError: 8.05154e-17	AbsError: 8.05154e+03
      Equation: "HoleContinuityEquation"	RelError: 2.06001e-16	AbsError: 2.06001e-16
      Equation: "PotentialEquation"	RelError: 1.01291e-16	AbsError: 1.11022e-16
    Region: "oxide"	RelError: 1.67611e-14	AbsError: 1.26920e-14
      Equation: "PotentialEquation"	RelError: 1.67611e-14	AbsError: 1.26920e-14
Iteration: 7
  Device: "mos2d"	RelError: 1.33606e-13	AbsError: 6.84633e+04
    Region: "bulk"	RelError: 1.22027e-13	AbsError: 6.84633e+04
      Equation: "ElectronContinuityEquation"	RelError: 4.02899e-14	AbsError: 6.80785e+04
      Equation: "HoleContinuityEquation"	RelError: 7.35425e-14	AbsError: 3.84757e+02
      Equation: "PotentialEquation"	RelError: 8.19418e-15	AbsError: 1.03778e-15
    Region: "gate"	RelError: 2.86896e-16	AbsError: 8.05154e+03
      Equation: "ElectronContinuityEquation"	RelError: 8.05154e-17	AbsError: 8.05154e+03
      Equation: "HoleContinuityEquation"	RelError: 1.05089e-16	AbsError: 1.05089e-16
      Equation: "PotentialEquation"	RelError: 1.01291e-16	AbsError: 1.11022e-16
    Region: "oxide"	RelError: 1.12922e-14	AbsError: 9.24291e-15
      Equation: "PotentialEquation"	RelError: 1.12922e-14	AbsError: 9.24291e-15
Succeeded
body	0.0	-4.30970114285e-15	-8.92997479305e-14	-9.36094490733e-14
drain	0.3	1.53640065317	8.07422822367e-17	1.53640065317
gate	0.5	4.34116748757e-12	2.17058374378e-32	4.34116748757e-12
source	0.0	-1.53640065317	-7.2772657608e-18	-1.53640065317
last end 3.000000e-01 5.000000e-01
Region "bulk" on device "mos2d" has equations 0:6746
Region "gate" on device "mos2d" has equations 6747:6863
Region "oxide" on device "mos2d" has equations 6864:7529
Device "mos2d" has equations 0:7529
number of equations 7530
Iteration: 0
  Device: "mos2d"	RelError: 2.02490e+03	AbsError: 2.21190e+17
    Region: "bulk"	RelError: 2.02485e+03	AbsError: 2.21190e+17
      Equation: "ElectronContinuityEquation"	RelError: 9.99000e+02	AbsError: 2.20819e+17
      Equation: "HoleContinuityEquation"	RelError: 9.99000e+02	AbsError: 3.71405e+14
      Equation: "PotentialEquation"	RelError: 2.68523e+01	AbsError: 4.09542e-02
    Region: "gate"	RelError: 3.25644e-04	AbsError: 1.60649e+16
      Equation: "ElectronContinuityEquation"	RelError: 1.60896e-04	AbsError: 1.60649e+16
      Equation: "HoleContinuityEquation"	RelError: 1.60948e-04	AbsError: 1.61195e-04
      Equation: "PotentialEquation"	RelError: 3.80080e-06	AbsError: 4.16581e-06
    Region: "oxide"	RelError: 4.96077e-02	AbsError: 4.09542e-02
      Equation: "PotentialEquation"	RelError: 4.96077e-02	AbsError: 4.09542e-02
Iteration: 1
  Device: "mos2d"	RelError: 2.00009e+03	AbsError: 1.69276e+16
    Region: "bulk"	RelError: 2.00005e+03	AbsError: 1.69276e+16
      Equation: "ElectronContinuityEquation"	RelError: 9.99000e+02	AbsError: 1.69106e+16
      Equation: "HoleContinuityEquation"	RelError: 9.99000e+02	AbsError: 1.69666e+13
      Equation: "PotentialEquation"	RelError: 2.05336e+00	AbsError: 3.07635e-02
    Region: "gate"	RelError: 4.76382e-06	AbsError: 2.33756e+14
      Equation: "ElectronContinuityEquation"	RelError: 2.34116e-06	AbsError: 2.33756e+14
      Equation: "HoleContinuityEquation"	RelError: 2.36705e-06	AbsError: 2.37070e-06
      Equation: "PotentialEquation"	RelError: 5.56015e-08	AbsError: 6.09412e-08
    Region: "oxide"	RelError: 3.82448e-02	AbsError: 3.07632e-02
      Equation: "PotentialEquation"	RelError: 3.82448e-02	AbsError: 3.07632e-02
Iteration: 2
  Device: "mos2d"	RelError: 1.14879e+03	AbsError: 1.61409e+15
    Region: "bulk"	RelError: 1.14876e+03	AbsError: 1.61409e+15
      Equation: "ElectronContinuityEquation"	RelError: 3.20294e+00	AbsError: 1.61404e+15
      Equation: "HoleContinuityEquation"	RelError: 1.14552e+03	AbsError: 4.81671e+10
      Equation: "PotentialEquation"	RelError: 3.50477e-02	AbsError: 2.58564e-02
    Region: "gate"	RelError: 5.18900e-07	AbsError: 2.56030e+13
      Equation: "ElectronContinuityEquation"	RelError: 2.56425e-07	AbsError: 2.56030e+13
      Equation: "HoleContinuityEquation"	RelError: 2.56419e-07	AbsError: 2.56815e-07
      Equation: "PotentialEquation"	RelError: 6.05642e-09	AbsError: 6.63805e-09
    Region: "oxide"	RelError: 2.90065e-02	AbsError: 2.53148e-02
      Equation: "PotentialEquation"	RelError: 2.90065e-02	AbsError: 2.53148e-02
Iteration: 3
  Device: "mos2d"	RelError: 1.55388e+00	AbsError: 3.43608e+15
    Region: "bulk"	RelError: 1.54391e+00	AbsError: 3.43608e+15
      Equation: "ElectronContinuityEquation"	RelError: 5.17216e-01	AbsError: 3.43571e+15
      Equation: "HoleContinuityEquation"	RelError: 9.97279e-01	AbsError: 3.69174e+11
      Equation: "PotentialEquation"	RelError: 2.94104e-02	AbsError: 9.16672e-03
    Region: "gate"	RelError: 2.70244e-07	AbsError: 1.33340e+13
      Equation: "ElectronContinuityEquation"	RelError: 1.33545e-07	AbsError: 1.33340e+13
      Equation: "HoleContinuityEquation"	RelError: 1.33545e-07	AbsError: 1.33751e-07
      Equation: "PotentialEquation"	RelError: 3.15420e-09	AbsError: 3.45711e-09
    Region: "oxide"	RelError: 9.97838e-03	AbsError: 9.16533e-03
      Equation: "PotentialEquation"	RelError: 9.97838e-03	AbsError: 9.16533e-03
Iteration: 4
  Device: "mos2d"	RelError: 6.71090e-02	AbsError: 3.94091e+15
    Region: "bulk"	RelError: 6.69828e-02	AbsError: 3.94091e+15
      Equation: "ElectronContinuityEquation"	RelError: 2.30962e-02	AbsError: 3.94045e+15
      Equation: "HoleContinuityEquation"	RelError: 6.65977e-03	AbsError: 4.63070e+11
      Equation: "PotentialEquation"	RelError: 3.72268e-02	AbsError: 3.84675e-04
    Region: "gate"	RelError: 3.96900e-07	AbsError: 1.95832e+13
      Equation: "ElectronContinuityEquation"	RelError: 1.96134e-07	AbsError: 1.95832e+13
      Equation: "HoleContinuityEquation"	RelError: 1.96134e-07	AbsError: 1.96436e-07
      Equation: "PotentialEquation"	RelError: 4.63247e-09	AbsError: 5.07735e-09
    Region: "oxide"	RelError: 1.25772e-04	AbsError: 8.92700e-05
      Equation: "PotentialEquation"	RelError: 1.25772e-04	AbsError: 8.92700e-05
Iteration: 5
  Device: "mos2d"	RelError: 1.02522e-04	AbsError: 3.59873e+12
    Region: "bulk"	RelError: 1.02485e-04	AbsError: 3.59873e+12
      Equation: "ElectronContinuityEquation"	RelError: 1.73537e-05	AbsError: 3.59855e+12
      Equation: "HoleContinuityEquation"	RelError: 7.75317e-05	AbsError: 1.84633e+08
      Equation: "PotentialEquation"	RelError: 7.59994e-06	AbsError: 1.50489e-07
    Region: "gate"	RelError: 1.09973e-10	AbsError: 5.42801e+09
      Equation: "ElectronContinuityEquation"	RelError: 5.43638e-11	AbsError: 5.42801e+09
      Equation: "HoleContinuityEquation"	RelError: 5.43253e-11	AbsError: 5.44090e-11
      Equation: "PotentialEquation"	RelError: 1.28346e-12	AbsError: 1.40672e-12
    Region: "oxide"	RelError: 3.62274e-08	AbsError: 2.54838e-08
      Equation: "PotentialEquation"	RelError: 3.62274e-08	AbsError: 2.54838e-08
Iteration: 6
  Device: "mos2d"	RelError: 4.10678e-11	AbsError: 1.73250e+06
    Region: "bulk"	RelError: 4.10478e-11	AbsError: 1.73250e+06
      Equation: "ElectronContinuityEquation"	RelError: 7.55155e-12	AbsError: 1.69144e+06
      Equation: "HoleContinuityEquation"	RelError: 2.03336e-11	AbsError: 4.10605e+04
      Equation: "PotentialEquation"	RelError: 1.31627e-11	AbsError: 3.55271e-13
    Region: "gate"	RelError: 3.19360e-16	AbsError: 7.80932e+03
      Equation: "ElectronContinuityEquation"	RelError: 7.80932e-17	AbsError: 7.80932e+03
      Equation: "HoleContinuityEquation"	RelError: 1.39952e-16	AbsError: 1.40149e-16
      Equation: "PotentialEquation"	RelError: 1.01315e-16	AbsError: 1.11049e-16
    Region: "oxide"	RelError: 1.96825e-14	AbsError: 1.52462e-14
      Equation: "PotentialEquation"	RelError: 1.96825e-14	AbsError: 1.52462e-14
Succeeded
body	0.0	-4.55852174298e-15	-1.00458826848e-13	-1.05017348591e-13
drain	0.4	2.23093349675	8.34237294201e-17	2.23093349675
gate	0.5	3.84269723724e-12	1.92134861862e-32	3.84269723724e-12
source	0.0	-2.23093349675	-1.06655629385e-17	-2.23093349675
last end 4.000000e-01 5.000000e-01
setting to last bias 5.000000e-01
setting next bias 5.000000e-01
Region "bulk" on device "mos2d" has equations 0:6746
Region "gate" on device "mos2d" has equations 6747:6863
Region "oxide" on device "mos2d" has equations 6864:7529
Device "mos2d" has equations 0:7529
number of equations 7530
Iteration: 0
  Device: "mos2d"	RelError: 3.78980e+03	AbsError: 2.20906e+17
    Region: "bulk"	RelError: 3.78975e+03	AbsError: 2.20906e+17
      Equation: "ElectronContinuityEquation"	RelError: 9.99000e+02	AbsError: 2.20509e+17
      Equation: "HoleContinuityEquation"	RelError: 2.60942e+03	AbsError: 3.97093e+14
      Equation: "PotentialEquation"	RelError: 1.81331e+02	AbsError: 4.09543e-02
    Region: "gate"	RelError: 3.17517e-04	AbsError: 1.56664e+16
      Equation: "ElectronContinuityEquation"	RelError: 1.56881e-04	AbsError: 1.56664e+16
      Equation: "HoleContinuityEquation"	RelError: 1.56930e-04	AbsError: 1.57148e-04
      Equation: "PotentialEquation"	RelError: 3.70593e-06	AbsError: 4.06185e-06
    Region: "oxide"	RelError: 4.52229e-02	AbsError: 4.09542e-02
      Equation: "PotentialEquation"	RelError: 4.52229e-02	AbsError: 4.09542e-02
Iteration: 1
  Device: "mos2d"	RelError: 2.00016e+03	AbsError: 1.50867e+16
    Region: "bulk"	RelError: 2.00012e+03	AbsError: 1.50867e+16
      Equation: "ElectronContinuityEquation"	RelError: 9.99000e+02	AbsError: 1.50708e+16
      Equation: "HoleContinuityEquation"	RelError: 9.99000e+02	AbsError: 1.59226e+13
      Equation: "PotentialEquation"	RelError: 2.12370e+00	AbsError: 3.07633e-02
    Region: "gate"	RelError: 2.97803e-06	AbsError: 1.45731e+14
      Equation: "ElectronContinuityEquation"	RelError: 1.45933e-06	AbsError: 1.45731e+14
      Equation: "HoleContinuityEquation"	RelError: 1.48394e-06	AbsError: 1.48600e-06
      Equation: "PotentialEquation"	RelError: 3.47584e-08	AbsError: 3.80965e-08
    Region: "oxide"	RelError: 3.45973e-02	AbsError: 3.07632e-02
      Equation: "PotentialEquation"	RelError: 3.45973e-02	AbsError: 3.07632e-02
Iteration: 2
  Device: "mos2d"	RelError: 7.62383e+00	AbsError: 1.24209e+15
    Region: "bulk"	RelError: 7.59800e+00	AbsError: 1.24209e+15
      Equation: "ElectronContinuityEquation"	RelError: 1.66833e+00	AbsError: 1.24205e+15
      Equation: "HoleContinuityEquation"	RelError: 5.89882e+00	AbsError: 4.26495e+10
      Equation: "PotentialEquation"	RelError: 3.08535e-02	AbsError: 2.58980e-02
    Region: "gate"	RelError: 2.34807e-07	AbsError: 1.15874e+13
      Equation: "ElectronContinuityEquation"	RelError: 1.16034e-07	AbsError: 1.15874e+13
      Equation: "HoleContinuityEquation"	RelError: 1.16032e-07	AbsError: 1.16193e-07
      Equation: "PotentialEquation"	RelError: 2.74058e-09	AbsError: 3.00378e-09
    Region: "oxide"	RelError: 2.58223e-02	AbsError: 2.49614e-02
      Equation: "PotentialEquation"	RelError: 2.58223e-02	AbsError: 2.49614e-02
Iteration: 3
  Device: "mos2d"	RelError: 1.01138e+00	AbsError: 2.88171e+15
    Region: "bulk"	RelError: 1.00238e+00	AbsError: 2.88171e+15
      Equation: "ElectronContinuityEquation"	RelError: 3.53477e-01	AbsError: 2.88137e+15
      Equation: "HoleContinuityEquation"	RelError: 6.38689e-01	AbsError: 3.32462e+11
      Equation: "PotentialEquation"	RelError: 1.02141e-02	AbsError: 9.16533e-03
    Region: "gate"	RelError: 2.27300e-07	AbsError: 1.12168e+13
      Equation: "ElectronContinuityEquation"	RelError: 1.12324e-07	AbsError: 1.12168e+13
      Equation: "HoleContinuityEquation"	RelError: 1.12324e-07	AbsError: 1.12479e-07
      Equation: "PotentialEquation"	RelError: 2.65295e-09	AbsError: 2.90774e-09
    Region: "oxide"	RelError: 8.99869e-03	AbsError: 9.16533e-03
      Equation: "PotentialEquation"	RelError: 8.99869e-03	AbsError: 9.16533e-03
Iteration: 4
  Device: "mos2d"	RelError: 5.26591e-02	AbsError: 3.51654e+15
    Region: "bulk"	RelError: 5.25644e-02	AbsError: 3.51654e+15
      Equation: "ElectronContinuityEquation"	RelError: 2.56739e-02	AbsError: 3.51612e+15
      Equation: "HoleContinuityEquation"	RelError: 1.28991e-02	AbsError: 4.23135e+11
      Equation: "PotentialEquation"	RelError: 1.39914e-02	AbsError: 3.20024e-04
    Region: "gate"	RelError: 3.26668e-07	AbsError: 1.61204e+13
      Equation: "ElectronContinuityEquation"	RelError: 1.61428e-07	AbsError: 1.61204e+13
      Equation: "HoleContinuityEquation"	RelError: 1.61428e-07	AbsError: 1.61651e-07
      Equation: "PotentialEquation"	RelError: 3.81274e-09	AbsError: 4.17891e-09
    Region: "oxide"	RelError: 9.43943e-05	AbsError: 7.29718e-05
      Equation: "PotentialEquation"	RelError: 9.43943e-05	AbsError: 7.29718e-05
Iteration: 5
  Device: "mos2d"	RelError: 2.16513e-04	AbsError: 3.04839e+12
    Region: "bulk"	RelError: 2.16476e-04	AbsError: 3.04839e+12
      Equation: "ElectronContinuityEquation"	RelError: 1.84410e-05	AbsError: 3.04817e+12
      Equation: "HoleContinuityEquation"	RelError: 1.93295e-04	AbsError: 2.18811e+08
      Equation: "PotentialEquation"	RelError: 4.74079e-06	AbsError: 2.16235e-07
    Region: "gate"	RelError: 1.18229e-10	AbsError: 5.83566e+09
      Equation: "ElectronContinuityEquation"	RelError: 5.84375e-11	AbsError: 5.83566e+09
      Equation: "HoleContinuityEquation"	RelError: 5.84116e-11	AbsError: 5.84925e-11
      Equation: "PotentialEquation"	RelError: 1.37994e-12	AbsError: 1.51247e-12
    Region: "oxide"	RelError: 3.61452e-08	AbsError: 2.61671e-08
      Equation: "PotentialEquation"	RelError: 3.61452e-08	AbsError: 2.61671e-08
Iteration: 6
  Device: "mos2d"	RelError: 4.86459e-11	AbsError: 2.82335e+06
    Region: "bulk"	RelError: 4.86298e-11	AbsError: 2.82335e+06
      Equation: "ElectronContinuityEquation"	RelError: 1.52902e-11	AbsError: 2.61632e+06
      Equation: "HoleContinuityEquation"	RelError: 2.62095e-11	AbsError: 2.07030e+05
      Equation: "PotentialEquation"	RelError: 7.13011e-12	AbsError: 6.76348e-13
    Region: "gate"	RelError: 3.91699e-16	AbsError: 8.03633e+03
      Equation: "ElectronContinuityEquation"	RelError: 8.03633e-17	AbsError: 8.03633e+03
      Equation: "HoleContinuityEquation"	RelError: 2.10009e-16	AbsError: 2.10009e-16
      Equation: "PotentialEquation"	RelError: 1.01327e-16	AbsError: 1.11062e-16
    Region: "oxide"	RelError: 1.57106e-14	AbsError: 1.28271e-14
      Equation: "PotentialEquation"	RelError: 1.57106e-14	AbsError: 1.28271e-14
Succeeded
body	0.0	-4.7661863417e-15	-9.83569987025e-14	-1.03123185044e-13
drain	0.5	3.02291249063	8.63679944984e-17	3.02291249063
gate	0.5	4.82081993926e-12	2.41040996963e-32	4.82081993926e-12
source	0.0	-3.02291249063	-1.43973469823e-17	-3.02291249063
