
----------------------------------------

 DEVSIM

 Version: Beta 0.01

 Copyright 2009-2015 Devsim LLC

----------------------------------------


Physical group name body_contact has 0 Tetrahedra.
Physical group name body_contact has 0 Triangles.
Physical group name body_contact has 49 Lines.
Physical group name body_contact has 50 Points.
Physical group name bulk has 0 Tetrahedra.
Physical group name bulk has 4255 Triangles.
Physical group name bulk has 6503 Lines.
Physical group name bulk has 2249 Points.
Physical group name bulk_oxide_interface has 0 Tetrahedra.
Physical group name bulk_oxide_interface has 0 Triangles.
Physical group name bulk_oxide_interface has 100 Lines.
Physical group name bulk_oxide_interface has 101 Points.
Physical group name drain_contact has 0 Tetrahedra.
Physical group name drain_contact has 0 Triangles.
Physical group name drain_contact has 27 Lines.
Physical group name drain_contact has 28 Points.
Physical group name gate has 0 Tetrahedra.
Physical group name gate has 57 Triangles.
Physical group name gate has 95 Lines.
Physical group name gate has 39 Points.
Physical group name gate_contact has 0 Tetrahedra.
Physical group name gate_contact has 0 Triangles.
Physical group name gate_contact has 4 Lines.
Physical group name gate_contact has 5 Points.
Physical group name gate_oxide_interface has 0 Tetrahedra.
Physical group name gate_oxide_interface has 0 Triangles.
Physical group name gate_oxide_interface has 5 Lines.
Physical group name gate_oxide_interface has 6 Points.
Physical group name oxide has 0 Tetrahedra.
Physical group name oxide has 1207 Triangles.
Physical group name oxide has 1872 Lines.
Physical group name oxide has 666 Points.
Physical group name source_contact has 0 Tetrahedra.
Physical group name source_contact has 0 Triangles.
Physical group name source_contact has 27 Lines.
Physical group name source_contact has 28 Points.
Device mos2d has 2847 coordinates with max index 2847
group bulk has 2249 nodes.
Region bulk has 2249 nodes.
Region bulk has 2249 nodes.
group gate has 39 nodes.
Region gate has 39 nodes.
Region gate has 39 nodes.
group oxide has 666 nodes.
Region oxide has 666 nodes.
Region oxide has 666 nodes.
group body_contact has 50 nodes.
Contact body in region bulk with 50 nodes
group drain_contact has 28 nodes.
Contact drain in region bulk with 28 nodes
group gate_contact has 5 nodes.
Contact gate in region gate with 5 nodes
group source_contact has 28 nodes.
Contact source in region bulk with 28 nodes
group bulk_oxide_interface has 101 nodes.
Warning, contact "source" shares a node with interface "bulk_oxide"
Warning, contact "drain" shares a node with interface "bulk_oxide"
Adding interface bulk_oxide with 101, 101 nodes
group gate_oxide_interface has 6 nodes.
Adding interface gate_oxide with 6, 6 nodes
bulk body
bulk drain
gate gate
bulk source
Region "bulk" on device "mos2d" has equations 0:2248
Region "gate" on device "mos2d" has equations 2249:2287
Region "oxide" on device "mos2d" has equations 2288:2953
Device "mos2d" has equations 0:2953
number of equations 2954
Iteration: 0
  Device: "mos2d"	RelError: 3.00000e+00	AbsError: 2.62012e-01
    Region: "bulk"	RelError: 1.00000e+00	AbsError: 2.16122e-01
      Equation: "PotentialEquation"	RelError: 1.00000e+00	AbsError: 2.16122e-01
    Region: "gate"	RelError: 1.00000e+00	AbsError: 2.62012e-01
      Equation: "PotentialEquation"	RelError: 1.00000e+00	AbsError: 2.62012e-01
    Region: "oxide"	RelError: 1.00000e+00	AbsError: 2.61732e-01
      Equation: "PotentialEquation"	RelError: 1.00000e+00	AbsError: 2.61732e-01
Iteration: 1
  Device: "mos2d"	RelError: 1.49679e+00	AbsError: 2.60773e-01
    Region: "bulk"	RelError: 4.99020e-01	AbsError: 2.14804e-01
      Equation: "PotentialEquation"	RelError: 4.99020e-01	AbsError: 2.14804e-01
    Region: "gate"	RelError: 4.98963e-01	AbsError: 2.60773e-01
      Equation: "PotentialEquation"	RelError: 4.98963e-01	AbsError: 2.60773e-01
    Region: "oxide"	RelError: 4.98808e-01	AbsError: 2.60485e-01
      Equation: "PotentialEquation"	RelError: 4.98808e-01	AbsError: 2.60485e-01
Iteration: 2
  Device: "mos2d"	RelError: 2.18169e+00	AbsError: 1.41155e-01
    Region: "bulk"	RelError: 1.55131e+00	AbsError: 1.41155e-01
      Equation: "PotentialEquation"	RelError: 1.55131e+00	AbsError: 1.41155e-01
    Region: "gate"	RelError: 3.16582e-01	AbsError: 1.32593e-01
      Equation: "PotentialEquation"	RelError: 3.16582e-01	AbsError: 1.32593e-01
    Region: "oxide"	RelError: 3.13793e-01	AbsError: 8.39856e-02
      Equation: "PotentialEquation"	RelError: 3.13793e-01	AbsError: 8.39856e-02
Iteration: 3
  Device: "mos2d"	RelError: 3.95275e+01	AbsError: 8.14615e-02
    Region: "bulk"	RelError: 3.90731e+01	AbsError: 8.14615e-02
      Equation: "PotentialEquation"	RelError: 3.90731e+01	AbsError: 8.14615e-02
    Region: "gate"	RelError: 2.29097e-01	AbsError: 7.00000e-02
      Equation: "PotentialEquation"	RelError: 2.29097e-01	AbsError: 7.00000e-02
    Region: "oxide"	RelError: 2.25324e-01	AbsError: 6.51495e-02
      Equation: "PotentialEquation"	RelError: 2.25324e-01	AbsError: 6.51495e-02
Iteration: 4
  Device: "mos2d"	RelError: 1.50737e+02	AbsError: 7.89878e-02
    Region: "bulk"	RelError: 1.50392e+02	AbsError: 7.89878e-02
      Equation: "PotentialEquation"	RelError: 1.50392e+02	AbsError: 7.89878e-02
    Region: "gate"	RelError: 1.75024e-01	AbsError: 6.48239e-02
      Equation: "PotentialEquation"	RelError: 1.75024e-01	AbsError: 6.48239e-02
    Region: "oxide"	RelError: 1.70099e-01	AbsError: 5.92624e-02
      Equation: "PotentialEquation"	RelError: 1.70099e-01	AbsError: 5.92624e-02
Iteration: 5
  Device: "mos2d"	RelError: 1.82821e+03	AbsError: 7.62736e-02
    Region: "bulk"	RelError: 1.82794e+03	AbsError: 7.62736e-02
      Equation: "PotentialEquation"	RelError: 1.82794e+03	AbsError: 7.62736e-02
    Region: "gate"	RelError: 1.37182e-01	AbsError: 5.88866e-02
      Equation: "PotentialEquation"	RelError: 1.37182e-01	AbsError: 5.88866e-02
    Region: "oxide"	RelError: 1.30784e-01	AbsError: 5.24208e-02
      Equation: "PotentialEquation"	RelError: 1.30784e-01	AbsError: 5.24208e-02
Iteration: 6
  Device: "mos2d"	RelError: 1.75376e+02	AbsError: 7.37354e-02
    Region: "bulk"	RelError: 1.75168e+02	AbsError: 7.37354e-02
      Equation: "PotentialEquation"	RelError: 1.75168e+02	AbsError: 7.37354e-02
    Region: "gate"	RelError: 1.08015e-01	AbsError: 5.19808e-02
      Equation: "PotentialEquation"	RelError: 1.08015e-01	AbsError: 5.19808e-02
    Region: "oxide"	RelError: 9.96468e-02	AbsError: 4.43609e-02
      Equation: "PotentialEquation"	RelError: 9.96468e-02	AbsError: 4.43609e-02
Iteration: 7
  Device: "mos2d"	RelError: 1.32380e+02	AbsError: 7.20749e-02
    Region: "bulk"	RelError: 1.32224e+02	AbsError: 7.20749e-02
      Equation: "PotentialEquation"	RelError: 1.32224e+02	AbsError: 7.20749e-02
    Region: "gate"	RelError: 8.34915e-02	AbsError: 4.38395e-02
      Equation: "PotentialEquation"	RelError: 8.34915e-02	AbsError: 4.38395e-02
    Region: "oxide"	RelError: 7.24849e-02	AbsError: 3.47907e-02
      Equation: "PotentialEquation"	RelError: 7.24849e-02	AbsError: 3.47907e-02
Iteration: 8
  Device: "mos2d"	RelError: 1.87614e+03	AbsError: 6.95617e-02
    Region: "bulk"	RelError: 1.87604e+03	AbsError: 6.95617e-02
      Equation: "PotentialEquation"	RelError: 1.87604e+03	AbsError: 6.95617e-02
    Region: "gate"	RelError: 6.11043e-02	AbsError: 3.41726e-02
      Equation: "PotentialEquation"	RelError: 6.11043e-02	AbsError: 3.41726e-02
    Region: "oxide"	RelError: 4.68846e-02	AbsError: 2.36103e-02
      Equation: "PotentialEquation"	RelError: 4.68846e-02	AbsError: 2.36103e-02
Iteration: 9
  Device: "mos2d"	RelError: 6.99142e+01	AbsError: 6.34464e-02
    Region: "bulk"	RelError: 6.98460e+01	AbsError: 6.34464e-02
      Equation: "PotentialEquation"	RelError: 6.98460e+01	AbsError: 6.34464e-02
    Region: "gate"	RelError: 3.93513e-02	AbsError: 2.29087e-02
      Equation: "PotentialEquation"	RelError: 3.93513e-02	AbsError: 2.29087e-02
    Region: "oxide"	RelError: 2.88057e-02	AbsError: 1.49363e-02
      Equation: "PotentialEquation"	RelError: 2.88057e-02	AbsError: 1.49363e-02
Iteration: 10
  Device: "mos2d"	RelError: 6.75434e+01	AbsError: 5.07996e-02
    Region: "bulk"	RelError: 6.75200e+01	AbsError: 5.07996e-02
      Equation: "PotentialEquation"	RelError: 6.75200e+01	AbsError: 5.07996e-02
    Region: "gate"	RelError: 2.33454e-02	AbsError: 1.39156e-02
      Equation: "PotentialEquation"	RelError: 2.33454e-02	AbsError: 1.39156e-02
    Region: "oxide"	RelError: 7.10672e-06	AbsError: 2.84960e-06
      Equation: "PotentialEquation"	RelError: 7.10672e-06	AbsError: 2.84960e-06
Iteration: 11
  Device: "mos2d"	RelError: 2.53501e+01	AbsError: 3.63570e-02
    Region: "bulk"	RelError: 2.53500e+01	AbsError: 3.63570e-02
      Equation: "PotentialEquation"	RelError: 2.53500e+01	AbsError: 3.63570e-02
    Region: "gate"	RelError: 1.37683e-10	AbsError: 8.20674e-11
      Equation: "PotentialEquation"	RelError: 1.37683e-10	AbsError: 8.20674e-11
    Region: "oxide"	RelError: 4.28352e-06	AbsError: 1.71758e-06
      Equation: "PotentialEquation"	RelError: 4.28352e-06	AbsError: 1.71758e-06
Iteration: 12
  Device: "mos2d"	RelError: 1.22763e+01	AbsError: 2.58894e-02
    Region: "bulk"	RelError: 1.22763e+01	AbsError: 2.58894e-02
      Equation: "PotentialEquation"	RelError: 1.22763e+01	AbsError: 2.58894e-02
    Region: "gate"	RelError: 2.07125e-11	AbsError: 1.23459e-11
      Equation: "PotentialEquation"	RelError: 2.07125e-11	AbsError: 1.23459e-11
    Region: "oxide"	RelError: 6.44397e-07	AbsError: 2.58387e-07
      Equation: "PotentialEquation"	RelError: 6.44397e-07	AbsError: 2.58387e-07
Iteration: 13
  Device: "mos2d"	RelError: 9.72935e-01	AbsError: 1.39565e-02
    Region: "bulk"	RelError: 9.72935e-01	AbsError: 1.39565e-02
      Equation: "PotentialEquation"	RelError: 9.72935e-01	AbsError: 1.39565e-02
    Region: "gate"	RelError: 5.04574e-12	AbsError: 3.00756e-12
      Equation: "PotentialEquation"	RelError: 5.04574e-12	AbsError: 3.00756e-12
    Region: "oxide"	RelError: 1.56979e-07	AbsError: 6.29446e-08
      Equation: "PotentialEquation"	RelError: 1.56979e-07	AbsError: 6.29446e-08
Iteration: 14
  Device: "mos2d"	RelError: 7.23825e-02	AbsError: 8.35414e-05
    Region: "bulk"	RelError: 7.23824e-02	AbsError: 8.35414e-05
      Equation: "PotentialEquation"	RelError: 7.23824e-02	AbsError: 8.35414e-05
    Region: "gate"	RelError: 3.81950e-13	AbsError: 2.27665e-13
      Equation: "PotentialEquation"	RelError: 3.81950e-13	AbsError: 2.27665e-13
    Region: "oxide"	RelError: 1.18851e-08	AbsError: 4.76562e-09
      Equation: "PotentialEquation"	RelError: 1.18851e-08	AbsError: 4.76562e-09
Iteration: 15
  Device: "mos2d"	RelError: 1.08673e-05	AbsError: 1.58135e-08
    Region: "bulk"	RelError: 1.08673e-05	AbsError: 1.58135e-08
      Equation: "PotentialEquation"	RelError: 1.08673e-05	AbsError: 1.58135e-08
    Region: "gate"	RelError: 1.51032e-16	AbsError: 9.00261e-17
      Equation: "PotentialEquation"	RelError: 1.51032e-16	AbsError: 9.00261e-17
    Region: "oxide"	RelError: 1.35297e-12	AbsError: 5.42507e-13
      Equation: "PotentialEquation"	RelError: 1.35297e-12	AbsError: 5.42507e-13
Iteration: 16
  Device: "mos2d"	RelError: 6.84000e-13	AbsError: 7.53861e-15
    Region: "bulk"	RelError: 6.69269e-13	AbsError: 1.14470e-15
      Equation: "PotentialEquation"	RelError: 6.69269e-13	AbsError: 1.14470e-15
    Region: "gate"	RelError: 1.92474e-16	AbsError: 1.14727e-16
      Equation: "PotentialEquation"	RelError: 1.92474e-16	AbsError: 1.14727e-16
    Region: "oxide"	RelError: 1.45387e-14	AbsError: 7.53861e-15
      Equation: "PotentialEquation"	RelError: 1.45387e-14	AbsError: 7.53861e-15
Region "bulk" on device "mos2d" has equations 0:2248
Region "gate" on device "mos2d" has equations 2249:2287
Region "oxide" on device "mos2d" has equations 2288:2953
Device "mos2d" has equations 0:2953
number of equations 2954
Iteration: 0
  Device: "mos2d"	RelError: 3.46694e-14	AbsError: 7.53861e-15
    Region: "bulk"	RelError: 1.99797e-14	AbsError: 7.91807e-16
      Equation: "PotentialEquation"	RelError: 1.99797e-14	AbsError: 7.91807e-16
    Region: "gate"	RelError: 1.51032e-16	AbsError: 9.00261e-17
      Equation: "PotentialEquation"	RelError: 1.51032e-16	AbsError: 9.00261e-17
    Region: "oxide"	RelError: 1.45387e-14	AbsError: 7.53861e-15
      Equation: "PotentialEquation"	RelError: 1.45387e-14	AbsError: 7.53861e-15
Warning: Replacing equation with equation of the same name.
Region: gate, Equation: PotentialEquation, Variable: Potential
Warning: Replacing equation with equation of the same name.
Region: bulk, Equation: PotentialEquation, Variable: Potential
Region "bulk" on device "mos2d" has equations 0:6746
Region "gate" on device "mos2d" has equations 6747:6863
Region "oxide" on device "mos2d" has equations 6864:7529
Device "mos2d" has equations 0:7529
number of equations 7530
Iteration: 0
  Device: "mos2d"	RelError: 1.50726e-13	AbsError: 4.43305e+05
    Region: "bulk"	RelError: 1.27077e-13	AbsError: 8.82372e+04
      Equation: "ElectronContinuityEquation"	RelError: 3.10061e-14	AbsError: 6.67332e+04
      Equation: "HoleContinuityEquation"	RelError: 3.32058e-14	AbsError: 2.15040e+04
      Equation: "PotentialEquation"	RelError: 6.28649e-14	AbsError: 8.07822e-16
    Region: "gate"	RelError: 9.09399e-15	AbsError: 4.43305e+05
      Equation: "ElectronContinuityEquation"	RelError: 4.43486e-15	AbsError: 4.43305e+05
      Equation: "HoleContinuityEquation"	RelError: 4.53402e-15	AbsError: 4.53588e-15
      Equation: "PotentialEquation"	RelError: 1.25097e-16	AbsError: 7.45661e-17
    Region: "oxide"	RelError: 1.45556e-14	AbsError: 7.54735e-15
      Equation: "PotentialEquation"	RelError: 1.45556e-14	AbsError: 7.54735e-15
last end 0.000000e+00 5.000000e-01
setting to last bias 5.000000e-01
setting next bias 5.000000e-01
Region "bulk" on device "mos2d" has equations 0:6746
Region "gate" on device "mos2d" has equations 6747:6863
Region "oxide" on device "mos2d" has equations 6864:7529
Device "mos2d" has equations 0:7529
number of equations 7530
Iteration: 0
  Device: "mos2d"	RelError: 4.06726e+01	AbsError: 3.55706e+17
    Region: "bulk"	RelError: 4.04379e+01	AbsError: 3.55706e+17
      Equation: "ElectronContinuityEquation"	RelError: 4.95915e-01	AbsError: 3.55706e+17
      Equation: "HoleContinuityEquation"	RelError: 3.98828e+01	AbsError: 6.03939e+11
      Equation: "PotentialEquation"	RelError: 5.92229e-02	AbsError: 2.52441e-02
    Region: "gate"	RelError: 1.18956e-01	AbsError: 1.63201e+17
      Equation: "ElectronContinuityEquation"	RelError: 1.63563e-03	AbsError: 1.63201e+17
      Equation: "HoleContinuityEquation"	RelError: 1.63030e-03	AbsError: 1.63391e-03
      Equation: "PotentialEquation"	RelError: 1.15690e-01	AbsError: 7.79815e-02
    Region: "oxide"	RelError: 1.15690e-01	AbsError: 7.79804e-02
      Equation: "PotentialEquation"	RelError: 1.15690e-01	AbsError: 7.79804e-02
Iteration: 1
  Device: "mos2d"	RelError: 1.39214e+00	AbsError: 2.02349e+18
    Region: "bulk"	RelError: 1.15419e+00	AbsError: 5.51130e+16
      Equation: "ElectronContinuityEquation"	RelError: 1.74036e-01	AbsError: 5.51124e+16
      Equation: "HoleContinuityEquation"	RelError: 9.40313e-01	AbsError: 6.11107e+11
      Equation: "PotentialEquation"	RelError: 3.98416e-02	AbsError: 2.13736e-02
    Region: "gate"	RelError: 1.39235e-01	AbsError: 2.02349e+18
      Equation: "ElectronContinuityEquation"	RelError: 1.98336e-02	AbsError: 2.02349e+18
      Equation: "HoleContinuityEquation"	RelError: 2.06529e-02	AbsError: 2.02349e-02
      Equation: "PotentialEquation"	RelError: 9.87481e-02	AbsError: 7.38548e-02
    Region: "oxide"	RelError: 9.87114e-02	AbsError: 7.38233e-02
      Equation: "PotentialEquation"	RelError: 9.87114e-02	AbsError: 7.38233e-02
Iteration: 2
  Device: "mos2d"	RelError: 2.29187e-01	AbsError: 2.02350e+18
    Region: "bulk"	RelError: 1.94457e-02	AbsError: 5.68243e+15
      Equation: "ElectronContinuityEquation"	RelError: 1.67662e-03	AbsError: 5.68243e+15
      Equation: "HoleContinuityEquation"	RelError: 1.76724e-02	AbsError: 3.32262e+08
      Equation: "PotentialEquation"	RelError: 9.67066e-05	AbsError: 1.98613e-05
    Region: "gate"	RelError: 1.25095e-01	AbsError: 2.02350e+18
      Equation: "ElectronContinuityEquation"	RelError: 2.02350e-02	AbsError: 2.02350e+18
      Equation: "HoleContinuityEquation"	RelError: 2.02121e-02	AbsError: 2.02116e-02
      Equation: "PotentialEquation"	RelError: 8.46482e-02	AbsError: 6.91604e-02
    Region: "oxide"	RelError: 8.46463e-02	AbsError: 6.91584e-02
      Equation: "PotentialEquation"	RelError: 8.46463e-02	AbsError: 6.91584e-02
Iteration: 3
  Device: "mos2d"	RelError: 1.45093e-01	AbsError: 4.43159e+15
    Region: "bulk"	RelError: 4.66634e-06	AbsError: 3.11204e+11
      Equation: "ElectronContinuityEquation"	RelError: 3.12411e-07	AbsError: 3.11202e+11
      Equation: "HoleContinuityEquation"	RelError: 4.33702e-06	AbsError: 1.66989e+06
      Equation: "PotentialEquation"	RelError: 1.69046e-08	AbsError: 5.31297e-09
    Region: "gate"	RelError: 7.25895e-02	AbsError: 4.43159e+15
      Equation: "ElectronContinuityEquation"	RelError: 4.43141e-05	AbsError: 4.43159e+15
      Equation: "HoleContinuityEquation"	RelError: 4.40516e-05	AbsError: 4.40498e-05
      Equation: "PotentialEquation"	RelError: 7.25012e-02	AbsError: 6.38662e-02
    Region: "oxide"	RelError: 7.24992e-02	AbsError: 6.38640e-02
      Equation: "PotentialEquation"	RelError: 7.24992e-02	AbsError: 6.38640e-02
Iteration: 4
  Device: "mos2d"	RelError: 1.23218e-01	AbsError: 5.61354e+15
    Region: "bulk"	RelError: 1.40248e-09	AbsError: 1.75502e+08
      Equation: "ElectronContinuityEquation"	RelError: 6.88346e-10	AbsError: 1.75458e+08
      Equation: "HoleContinuityEquation"	RelError: 5.76666e-10	AbsError: 4.34374e+04
      Equation: "PotentialEquation"	RelError: 1.37468e-10	AbsError: 1.73695e-11
    Region: "gate"	RelError: 6.16663e-02	AbsError: 5.61354e+15
      Equation: "ElectronContinuityEquation"	RelError: 5.61363e-05	AbsError: 5.61354e+15
      Equation: "HoleContinuityEquation"	RelError: 5.61237e-05	AbsError: 5.61245e-05
      Equation: "PotentialEquation"	RelError: 6.15540e-02	AbsError: 5.77794e-02
    Region: "oxide"	RelError: 6.15519e-02	AbsError: 5.77769e-02
      Equation: "PotentialEquation"	RelError: 6.15519e-02	AbsError: 5.77769e-02
Iteration: 5
  Device: "mos2d"	RelError: 1.02485e-01	AbsError: 1.58872e+15
    Region: "bulk"	RelError: 1.45478e-10	AbsError: 9.73941e+07
      Equation: "ElectronContinuityEquation"	RelError: 5.33749e-11	AbsError: 9.73921e+07
      Equation: "HoleContinuityEquation"	RelError: 4.81186e-11	AbsError: 1.96438e+03
      Equation: "PotentialEquation"	RelError: 4.39849e-11	AbsError: 2.17181e-11
    Region: "gate"	RelError: 5.12594e-02	AbsError: 1.58872e+15
      Equation: "ElectronContinuityEquation"	RelError: 1.58872e-05	AbsError: 1.58872e+15
      Equation: "HoleContinuityEquation"	RelError: 1.58791e-05	AbsError: 1.58791e-05
      Equation: "PotentialEquation"	RelError: 5.12276e-02	AbsError: 5.06826e-02
    Region: "oxide"	RelError: 5.12252e-02	AbsError: 5.06796e-02
      Equation: "PotentialEquation"	RelError: 5.12252e-02	AbsError: 5.06796e-02
Iteration: 6
  Device: "mos2d"	RelError: 8.20102e-02	AbsError: 4.94166e+14
    Region: "bulk"	RelError: 1.10764e-11	AbsError: 1.71810e+07
      Equation: "ElectronContinuityEquation"	RelError: 1.77497e-12	AbsError: 1.71794e+07
      Equation: "HoleContinuityEquation"	RelError: 5.35984e-12	AbsError: 1.57958e+03
      Equation: "PotentialEquation"	RelError: 3.94161e-12	AbsError: 2.11454e-12
    Region: "gate"	RelError: 4.10115e-02	AbsError: 4.94166e+14
      Equation: "ElectronContinuityEquation"	RelError: 4.94164e-06	AbsError: 4.94166e+14
      Equation: "HoleContinuityEquation"	RelError: 4.93433e-06	AbsError: 4.93431e-06
      Equation: "PotentialEquation"	RelError: 4.10016e-02	AbsError: 4.22997e-02
    Region: "oxide"	RelError: 4.09987e-02	AbsError: 4.22961e-02
      Equation: "PotentialEquation"	RelError: 4.09987e-02	AbsError: 4.22961e-02
Iteration: 7
  Device: "mos2d"	RelError: 6.08166e-02	AbsError: 5.96265e+14
    Region: "bulk"	RelError: 9.85239e-12	AbsError: 8.26084e+06
      Equation: "ElectronContinuityEquation"	RelError: 4.70360e-12	AbsError: 8.26026e+06
      Equation: "HoleContinuityEquation"	RelError: 4.73433e-12	AbsError: 5.81479e+02
      Equation: "PotentialEquation"	RelError: 4.14465e-13	AbsError: 2.22346e-13
    Region: "gate"	RelError: 3.04160e-02	AbsError: 5.96265e+14
      Equation: "ElectronContinuityEquation"	RelError: 5.96265e-06	AbsError: 5.96265e+14
      Equation: "HoleContinuityEquation"	RelError: 5.96258e-06	AbsError: 5.96259e-06
      Equation: "PotentialEquation"	RelError: 3.04040e-02	AbsError: 3.23503e-02
    Region: "oxide"	RelError: 3.04006e-02	AbsError: 3.23460e-02
      Equation: "PotentialEquation"	RelError: 3.04006e-02	AbsError: 3.23460e-02
Iteration: 8
  Device: "mos2d"	RelError: 3.84639e-02	AbsError: 2.06679e+14
    Region: "bulk"	RelError: 1.29732e-11	AbsError: 2.99993e+06
      Equation: "ElectronContinuityEquation"	RelError: 6.32132e-12	AbsError: 2.99953e+06
      Equation: "HoleContinuityEquation"	RelError: 6.26923e-12	AbsError: 3.91773e+02
      Equation: "PotentialEquation"	RelError: 3.82692e-13	AbsError: 1.62113e-13
    Region: "gate"	RelError: 1.92360e-02	AbsError: 2.06679e+14
      Equation: "ElectronContinuityEquation"	RelError: 2.06678e-06	AbsError: 2.06679e+14
      Equation: "HoleContinuityEquation"	RelError: 2.06666e-06	AbsError: 2.06666e-06
      Equation: "PotentialEquation"	RelError: 1.92319e-02	AbsError: 2.08642e-02
    Region: "oxide"	RelError: 1.92279e-02	AbsError: 2.08594e-02
      Equation: "PotentialEquation"	RelError: 1.92279e-02	AbsError: 2.08594e-02
Iteration: 9
  Device: "mos2d"	RelError: 2.04370e-02	AbsError: 3.54814e+14
    Region: "bulk"	RelError: 3.37498e-11	AbsError: 8.89391e+06
      Equation: "ElectronContinuityEquation"	RelError: 1.63923e-11	AbsError: 8.89330e+06
      Equation: "HoleContinuityEquation"	RelError: 1.61818e-11	AbsError: 6.05355e+02
      Equation: "PotentialEquation"	RelError: 1.17561e-12	AbsError: 6.30674e-13
    Region: "gate"	RelError: 1.02246e-02	AbsError: 3.54814e+14
      Equation: "ElectronContinuityEquation"	RelError: 3.54815e-06	AbsError: 3.54814e+14
      Equation: "HoleContinuityEquation"	RelError: 3.54818e-06	AbsError: 3.54819e-06
      Equation: "PotentialEquation"	RelError: 1.02175e-02	AbsError: 1.11991e-02
    Region: "oxide"	RelError: 1.02124e-02	AbsError: 1.11932e-02
      Equation: "PotentialEquation"	RelError: 1.02124e-02	AbsError: 1.11932e-02
Iteration: 10
  Device: "mos2d"	RelError: 2.99740e-06	AbsError: 1.48119e+14
    Region: "bulk"	RelError: 6.86885e-12	AbsError: 7.50731e+06
      Equation: "ElectronContinuityEquation"	RelError: 3.14700e-12	AbsError: 7.50682e+06
      Equation: "HoleContinuityEquation"	RelError: 2.75845e-12	AbsError: 4.93690e+02
      Equation: "PotentialEquation"	RelError: 9.63400e-13	AbsError: 5.16830e-13
    Region: "gate"	RelError: 2.99739e-06	AbsError: 1.48119e+14
      Equation: "ElectronContinuityEquation"	RelError: 1.48119e-06	AbsError: 1.48119e+14
      Equation: "HoleContinuityEquation"	RelError: 1.48122e-06	AbsError: 1.48122e-06
      Equation: "PotentialEquation"	RelError: 3.49849e-08	AbsError: 3.83461e-08
    Region: "oxide"	RelError: 2.04151e-12	AbsError: 2.23755e-12
      Equation: "PotentialEquation"	RelError: 2.04151e-12	AbsError: 2.23755e-12
Iteration: 11
  Device: "mos2d"	RelError: 4.77734e-10	AbsError: 2.35671e+10
    Region: "bulk"	RelError: 1.14513e-12	AbsError: 2.96527e+06
      Equation: "ElectronContinuityEquation"	RelError: 3.27265e-13	AbsError: 2.96484e+06
      Equation: "HoleContinuityEquation"	RelError: 5.08108e-13	AbsError: 4.37170e+02
      Equation: "PotentialEquation"	RelError: 3.09760e-13	AbsError: 1.33924e-13
    Region: "gate"	RelError: 4.76559e-10	AbsError: 2.35671e+10
      Equation: "ElectronContinuityEquation"	RelError: 2.35671e-10	AbsError: 2.35671e+10
      Equation: "HoleContinuityEquation"	RelError: 2.35326e-10	AbsError: 2.35326e-10
      Equation: "PotentialEquation"	RelError: 5.56211e-12	AbsError: 6.09648e-12
    Region: "oxide"	RelError: 2.96493e-14	AbsError: 1.42872e-14
      Equation: "PotentialEquation"	RelError: 2.96493e-14	AbsError: 1.42872e-14
Iteration: 12
  Device: "mos2d"	RelError: 1.60404e-13	AbsError: 2.92695e+05
    Region: "bulk"	RelError: 1.50095e-13	AbsError: 2.92695e+05
      Equation: "ElectronContinuityEquation"	RelError: 3.82776e-14	AbsError: 2.92060e+05
      Equation: "HoleContinuityEquation"	RelError: 5.61774e-14	AbsError: 6.35395e+02
      Equation: "PotentialEquation"	RelError: 5.56400e-14	AbsError: 4.55950e-15
    Region: "gate"	RelError: 3.17974e-16	AbsError: 7.92913e+03
      Equation: "ElectronContinuityEquation"	RelError: 7.94677e-17	AbsError: 7.92913e+03
      Equation: "HoleContinuityEquation"	RelError: 1.37204e-16	AbsError: 1.37204e-16
      Equation: "PotentialEquation"	RelError: 1.01302e-16	AbsError: 1.11035e-16
    Region: "oxide"	RelError: 9.99133e-15	AbsError: 5.18069e-15
      Equation: "PotentialEquation"	RelError: 9.99133e-15	AbsError: 5.18069e-15
Succeeded
body	0.0	-3.03299016262e-29	-7.00354813501e-15	-7.00354813501e-15
drain	0.0	-5.08862429033e-13	1.13526517878e-31	-5.08862429033e-13
gate	0.5	4.29822387815e-12	2.14911193907e-32	4.29822387815e-12
source	0.0	-1.31717731599e-13	4.05695102809e-31	-1.31717731599e-13
last end 0.000000e+00 5.000000e-01
Region "bulk" on device "mos2d" has equations 0:6746
Region "gate" on device "mos2d" has equations 6747:6863
Region "oxide" on device "mos2d" has equations 6864:7529
Device "mos2d" has equations 0:7529
number of equations 7530
Iteration: 0
  Device: "mos2d"	RelError: 2.00525e+03	AbsError: 6.57630e+17
    Region: "bulk"	RelError: 2.00517e+03	AbsError: 6.57630e+17
      Equation: "ElectronContinuityEquation"	RelError: 9.99000e+02	AbsError: 6.57241e+17
      Equation: "HoleContinuityEquation"	RelError: 9.99000e+02	AbsError: 3.88456e+14
      Equation: "PotentialEquation"	RelError: 7.17061e+00	AbsError: 5.29379e-02
    Region: "gate"	RelError: 3.94004e-04	AbsError: 1.94270e+16
      Equation: "ElectronContinuityEquation"	RelError: 1.94665e-04	AbsError: 1.94270e+16
      Equation: "HoleContinuityEquation"	RelError: 1.94741e-04	AbsError: 1.95136e-04
      Equation: "PotentialEquation"	RelError: 4.59873e-06	AbsError: 5.04031e-06
    Region: "oxide"	RelError: 7.94582e-02	AbsError: 4.07685e-02
      Equation: "PotentialEquation"	RelError: 7.94582e-02	AbsError: 4.07685e-02
Iteration: 1
  Device: "mos2d"	RelError: 1.14119e+01	AbsError: 6.47423e+17
    Region: "bulk"	RelError: 1.13572e+01	AbsError: 6.47423e+17
      Equation: "ElectronContinuityEquation"	RelError: 9.99119e-01	AbsError: 6.47127e+17
      Equation: "HoleContinuityEquation"	RelError: 9.98731e-01	AbsError: 2.96075e+14
      Equation: "PotentialEquation"	RelError: 9.35932e+00	AbsError: 3.56243e-02
    Region: "gate"	RelError: 1.49681e-05	AbsError: 7.36281e+14
      Equation: "ElectronContinuityEquation"	RelError: 7.37782e-06	AbsError: 7.36281e+14
      Equation: "HoleContinuityEquation"	RelError: 7.41562e-06	AbsError: 7.43073e-06
      Equation: "PotentialEquation"	RelError: 1.74705e-07	AbsError: 1.91480e-07
    Region: "oxide"	RelError: 5.47635e-02	AbsError: 3.08198e-02
      Equation: "PotentialEquation"	RelError: 5.47635e-02	AbsError: 3.08198e-02
Iteration: 2
  Device: "mos2d"	RelError: 1.00726e+03	AbsError: 2.57892e+16
    Region: "bulk"	RelError: 1.00721e+03	AbsError: 2.57892e+16
      Equation: "ElectronContinuityEquation"	RelError: 8.12406e+00	AbsError: 2.57868e+16
      Equation: "HoleContinuityEquation"	RelError: 9.99000e+02	AbsError: 2.31718e+12
      Equation: "PotentialEquation"	RelError: 8.62355e-02	AbsError: 2.58675e-02
    Region: "gate"	RelError: 3.17207e-07	AbsError: 1.56532e+13
      Equation: "ElectronContinuityEquation"	RelError: 1.56768e-07	AbsError: 1.56532e+13
      Equation: "HoleContinuityEquation"	RelError: 1.56737e-07	AbsError: 1.56973e-07
      Equation: "PotentialEquation"	RelError: 3.70232e-09	AbsError: 4.05788e-09
    Region: "oxide"	RelError: 4.51608e-02	AbsError: 2.57703e-02
      Equation: "PotentialEquation"	RelError: 4.51608e-02	AbsError: 2.57703e-02
Iteration: 3
  Device: "mos2d"	RelError: 1.60447e+00	AbsError: 8.44877e+15
    Region: "bulk"	RelError: 1.58954e+00	AbsError: 8.44877e+15
      Equation: "ElectronContinuityEquation"	RelError: 5.57769e-01	AbsError: 8.44848e+15
      Equation: "HoleContinuityEquation"	RelError: 9.97858e-01	AbsError: 2.91673e+11
      Equation: "PotentialEquation"	RelError: 3.39140e-02	AbsError: 1.63969e-02
    Region: "gate"	RelError: 3.83128e-07	AbsError: 1.88943e+13
      Equation: "ElectronContinuityEquation"	RelError: 1.89328e-07	AbsError: 1.88943e+13
      Equation: "HoleContinuityEquation"	RelError: 1.89328e-07	AbsError: 1.89714e-07
      Equation: "PotentialEquation"	RelError: 4.47179e-09	AbsError: 4.90118e-09
    Region: "oxide"	RelError: 1.49274e-02	AbsError: 9.23285e-03
      Equation: "PotentialEquation"	RelError: 1.49274e-02	AbsError: 9.23285e-03
Iteration: 4
  Device: "mos2d"	RelError: 4.55022e-01	AbsError: 5.13252e+15
    Region: "bulk"	RelError: 4.54875e-01	AbsError: 5.13252e+15
      Equation: "ElectronContinuityEquation"	RelError: 1.72543e-02	AbsError: 5.13216e+15
      Equation: "HoleContinuityEquation"	RelError: 3.95884e-01	AbsError: 3.62367e+11
      Equation: "PotentialEquation"	RelError: 4.17360e-02	AbsError: 4.69102e-04
    Region: "gate"	RelError: 3.22865e-07	AbsError: 1.59224e+13
      Equation: "ElectronContinuityEquation"	RelError: 1.59548e-07	AbsError: 1.59224e+13
      Equation: "HoleContinuityEquation"	RelError: 1.59548e-07	AbsError: 1.59874e-07
      Equation: "PotentialEquation"	RelError: 3.76841e-09	AbsError: 4.13026e-09
    Region: "oxide"	RelError: 1.47481e-04	AbsError: 7.35761e-05
      Equation: "PotentialEquation"	RelError: 1.47481e-04	AbsError: 7.35761e-05
Iteration: 5
  Device: "mos2d"	RelError: 1.63477e-03	AbsError: 4.37246e+12
    Region: "bulk"	RelError: 1.63472e-03	AbsError: 4.37246e+12
      Equation: "ElectronContinuityEquation"	RelError: 2.27863e-05	AbsError: 4.37217e+12
      Equation: "HoleContinuityEquation"	RelError: 1.59507e-03	AbsError: 2.86049e+08
      Equation: "PotentialEquation"	RelError: 1.68629e-05	AbsError: 3.14438e-07
    Region: "gate"	RelError: 1.02681e-10	AbsError: 5.06255e+09
      Equation: "ElectronContinuityEquation"	RelError: 5.07286e-11	AbsError: 5.06255e+09
      Equation: "HoleContinuityEquation"	RelError: 5.07540e-11	AbsError: 5.08575e-11
      Equation: "PotentialEquation"	RelError: 1.19849e-12	AbsError: 1.31357e-12
    Region: "oxide"	RelError: 5.61757e-08	AbsError: 2.65308e-08
      Equation: "PotentialEquation"	RelError: 5.61757e-08	AbsError: 2.65308e-08
Iteration: 6
  Device: "mos2d"	RelError: 5.19743e-09	AbsError: 3.35174e+06
    Region: "bulk"	RelError: 5.19736e-09	AbsError: 3.35174e+06
      Equation: "ElectronContinuityEquation"	RelError: 4.49311e-11	AbsError: 3.30236e+06
      Equation: "HoleContinuityEquation"	RelError: 5.10980e-09	AbsError: 4.93800e+04
      Equation: "PotentialEquation"	RelError: 4.26357e-11	AbsError: 3.27925e-13
    Region: "gate"	RelError: 6.00926e-16	AbsError: 1.18269e+04
      Equation: "ElectronContinuityEquation"	RelError: 1.18510e-16	AbsError: 1.18269e+04
      Equation: "HoleContinuityEquation"	RelError: 3.81125e-16	AbsError: 3.81795e-16
      Equation: "PotentialEquation"	RelError: 1.01291e-16	AbsError: 1.11022e-16
    Region: "oxide"	RelError: 6.09932e-14	AbsError: 2.89798e-14
      Equation: "PotentialEquation"	RelError: 6.09932e-14	AbsError: 2.89798e-14
Iteration: 7
  Device: "mos2d"	RelError: 1.90870e-13	AbsError: 5.74663e+04
    Region: "bulk"	RelError: 1.80134e-13	AbsError: 5.74663e+04
      Equation: "ElectronContinuityEquation"	RelError: 2.60311e-14	AbsError: 5.69649e+04
      Equation: "HoleContinuityEquation"	RelError: 1.37314e-13	AbsError: 5.01421e+02
      Equation: "PotentialEquation"	RelError: 1.67887e-14	AbsError: 6.52177e-16
    Region: "gate"	RelError: 2.88030e-16	AbsError: 7.73345e+03
      Equation: "ElectronContinuityEquation"	RelError: 7.73345e-17	AbsError: 7.73345e+03
      Equation: "HoleContinuityEquation"	RelError: 1.09404e-16	AbsError: 1.09527e-16
      Equation: "PotentialEquation"	RelError: 1.01291e-16	AbsError: 1.11022e-16
    Region: "oxide"	RelError: 1.04478e-14	AbsError: 6.46214e-15
      Equation: "PotentialEquation"	RelError: 1.04478e-14	AbsError: 6.46214e-15
Succeeded
body	0.0	-3.53273517597e-15	-4.84624575637e-15	-8.37898093234e-15
drain	0.1	0.438124478401	7.45139968039e-17	0.438124478401
gate	0.5	1.86312503889e-13	9.31562519445e-34	1.86312503889e-13
source	0.0	-0.438124478401	-1.89549861894e-18	-0.438124478401
last end 1.000000e-01 5.000000e-01
Region "bulk" on device "mos2d" has equations 0:6746
Region "gate" on device "mos2d" has equations 6747:6863
Region "oxide" on device "mos2d" has equations 6864:7529
Device "mos2d" has equations 0:7529
number of equations 7530
Iteration: 0
  Device: "mos2d"	RelError: 2.01171e+03	AbsError: 1.87800e+17
    Region: "bulk"	RelError: 2.01165e+03	AbsError: 1.87800e+17
      Equation: "ElectronContinuityEquation"	RelError: 9.99000e+02	AbsError: 1.87482e+17
      Equation: "HoleContinuityEquation"	RelError: 9.99000e+02	AbsError: 3.17495e+14
      Equation: "PotentialEquation"	RelError: 1.36468e+01	AbsError: 4.09543e-02
    Region: "gate"	RelError: 3.62300e-04	AbsError: 1.78671e+16
      Equation: "ElectronContinuityEquation"	RelError: 1.79003e-04	AbsError: 1.78671e+16
      Equation: "HoleContinuityEquation"	RelError: 1.79068e-04	AbsError: 1.79400e-04
      Equation: "PotentialEquation"	RelError: 4.22866e-06	AbsError: 4.63473e-06
    Region: "oxide"	RelError: 6.62941e-02	AbsError: 4.09542e-02
      Equation: "PotentialEquation"	RelError: 6.62941e-02	AbsError: 4.09542e-02
Iteration: 1
  Device: "mos2d"	RelError: 3.84583e+01	AbsError: 1.62725e+16
    Region: "bulk"	RelError: 3.84122e+01	AbsError: 1.62725e+16
      Equation: "ElectronContinuityEquation"	RelError: 9.98988e-01	AbsError: 1.62532e+16
      Equation: "HoleContinuityEquation"	RelError: 9.98764e-01	AbsError: 1.92862e+13
      Equation: "PotentialEquation"	RelError: 3.64145e+01	AbsError: 3.07633e-02
    Region: "gate"	RelError: 1.41263e-05	AbsError: 6.95176e+14
      Equation: "ElectronContinuityEquation"	RelError: 6.96473e-06	AbsError: 6.95176e+14
      Equation: "HoleContinuityEquation"	RelError: 6.99669e-06	AbsError: 7.00974e-06
      Equation: "PotentialEquation"	RelError: 1.64878e-07	AbsError: 1.80711e-07
    Region: "oxide"	RelError: 4.60890e-02	AbsError: 3.07632e-02
      Equation: "PotentialEquation"	RelError: 4.60890e-02	AbsError: 3.07632e-02
Iteration: 2
  Device: "mos2d"	RelError: 1.00443e+03	AbsError: 2.56689e+15
    Region: "bulk"	RelError: 1.00439e+03	AbsError: 2.56689e+15
      Equation: "ElectronContinuityEquation"	RelError: 5.23798e+00	AbsError: 2.56652e+15
      Equation: "HoleContinuityEquation"	RelError: 9.99000e+02	AbsError: 3.74195e+11
      Equation: "PotentialEquation"	RelError: 1.51946e-01	AbsError: 2.58889e-02
    Region: "gate"	RelError: 1.61478e-06	AbsError: 7.96504e+13
      Equation: "ElectronContinuityEquation"	RelError: 7.97989e-07	AbsError: 7.96504e+13
      Equation: "HoleContinuityEquation"	RelError: 7.97942e-07	AbsError: 7.99430e-07
      Equation: "PotentialEquation"	RelError: 1.88473e-08	AbsError: 2.06571e-08
    Region: "oxide"	RelError: 3.79046e-02	AbsError: 2.55460e-02
      Equation: "PotentialEquation"	RelError: 3.79046e-02	AbsError: 2.55460e-02
Iteration: 3
  Device: "mos2d"	RelError: 1.77291e+00	AbsError: 4.11456e+15
    Region: "bulk"	RelError: 1.76015e+00	AbsError: 4.11456e+15
      Equation: "ElectronContinuityEquation"	RelError: 5.63553e-01	AbsError: 4.11421e+15
      Equation: "HoleContinuityEquation"	RelError: 9.98566e-01	AbsError: 3.43765e+11
      Equation: "PotentialEquation"	RelError: 1.98031e-01	AbsError: 9.16538e-03
    Region: "gate"	RelError: 3.25030e-07	AbsError: 1.60320e+13
      Equation: "ElectronContinuityEquation"	RelError: 1.60619e-07	AbsError: 1.60320e+13
      Equation: "HoleContinuityEquation"	RelError: 1.60618e-07	AbsError: 1.60917e-07
      Equation: "PotentialEquation"	RelError: 3.79366e-09	AbsError: 4.15796e-09
    Region: "oxide"	RelError: 1.27559e-02	AbsError: 9.16533e-03
      Equation: "PotentialEquation"	RelError: 1.27559e-02	AbsError: 9.16533e-03
Iteration: 4
  Device: "mos2d"	RelError: 5.65221e-01	AbsError: 4.17370e+15
    Region: "bulk"	RelError: 5.65027e-01	AbsError: 4.17370e+15
      Equation: "ElectronContinuityEquation"	RelError: 1.93185e-02	AbsError: 4.17325e+15
      Equation: "HoleContinuityEquation"	RelError: 3.36130e-01	AbsError: 4.44408e+11
      Equation: "PotentialEquation"	RelError: 2.09579e-01	AbsError: 4.85851e-04
    Region: "gate"	RelError: 4.79416e-07	AbsError: 2.36469e+13
      Equation: "ElectronContinuityEquation"	RelError: 2.36910e-07	AbsError: 2.36469e+13
      Equation: "HoleContinuityEquation"	RelError: 2.36910e-07	AbsError: 2.37352e-07
      Equation: "PotentialEquation"	RelError: 5.59561e-09	AbsError: 6.13294e-09
    Region: "oxide"	RelError: 1.92766e-04	AbsError: 1.10054e-04
      Equation: "PotentialEquation"	RelError: 1.92766e-04	AbsError: 1.10054e-04
Iteration: 5
  Device: "mos2d"	RelError: 8.11346e-04	AbsError: 3.96093e+12
    Region: "bulk"	RelError: 8.11313e-04	AbsError: 3.96093e+12
      Equation: "ElectronContinuityEquation"	RelError: 3.66487e-05	AbsError: 3.96067e+12
      Equation: "HoleContinuityEquation"	RelError: 6.58063e-04	AbsError: 2.67607e+08
      Equation: "PotentialEquation"	RelError: 1.16601e-04	AbsError: 4.10117e-07
    Region: "gate"	RelError: 6.11675e-11	AbsError: 3.01426e+09
      Equation: "ElectronContinuityEquation"	RelError: 3.01988e-11	AbsError: 3.01426e+09
      Equation: "HoleContinuityEquation"	RelError: 3.02547e-11	AbsError: 3.03112e-11
      Equation: "PotentialEquation"	RelError: 7.13935e-13	AbsError: 7.82492e-13
    Region: "oxide"	RelError: 3.37476e-08	AbsError: 1.72356e-08
      Equation: "PotentialEquation"	RelError: 3.37476e-08	AbsError: 1.72356e-08
Iteration: 6
  Device: "mos2d"	RelError: 2.09002e-09	AbsError: 2.22000e+06
    Region: "bulk"	RelError: 2.08997e-09	AbsError: 2.22000e+06
      Equation: "ElectronContinuityEquation"	RelError: 6.51658e-11	AbsError: 2.17404e+06
      Equation: "HoleContinuityEquation"	RelError: 1.78791e-09	AbsError: 4.59539e+04
      Equation: "PotentialEquation"	RelError: 2.36894e-10	AbsError: 2.66599e-13
    Region: "gate"	RelError: 4.28491e-16	AbsError: 1.08818e+04
      Equation: "ElectronContinuityEquation"	RelError: 1.08992e-16	AbsError: 1.08818e+04
      Equation: "HoleContinuityEquation"	RelError: 2.18208e-16	AbsError: 2.18556e-16
      Equation: "PotentialEquation"	RelError: 1.01291e-16	AbsError: 1.11022e-16
    Region: "oxide"	RelError: 5.62823e-14	AbsError: 2.99466e-14
      Equation: "PotentialEquation"	RelError: 5.62823e-14	AbsError: 2.99466e-14
Iteration: 7
  Device: "mos2d"	RelError: 2.08334e-13	AbsError: 6.43113e+04
    Region: "bulk"	RelError: 1.97406e-13	AbsError: 6.43113e+04
      Equation: "ElectronContinuityEquation"	RelError: 3.20988e-14	AbsError: 6.38463e+04
      Equation: "HoleContinuityEquation"	RelError: 6.97794e-14	AbsError: 4.65089e+02
      Equation: "PotentialEquation"	RelError: 9.55280e-14	AbsError: 7.87926e-16
    Region: "gate"	RelError: 2.91023e-16	AbsError: 8.09307e+03
      Equation: "ElectronContinuityEquation"	RelError: 8.09307e-17	AbsError: 8.09307e+03
      Equation: "HoleContinuityEquation"	RelError: 1.08802e-16	AbsError: 1.08976e-16
      Equation: "PotentialEquation"	RelError: 1.01291e-16	AbsError: 1.11022e-16
    Region: "oxide"	RelError: 1.06362e-14	AbsError: 7.64229e-15
      Equation: "PotentialEquation"	RelError: 1.06362e-14	AbsError: 7.64229e-15
Succeeded
body	0.0	-4.00126967019e-15	-6.90295217616e-14	-7.30307914318e-14
drain	0.2	0.940271741723	7.82936306132e-17	0.940271741723
gate	0.5	6.00322125413e-12	3.00161062706e-32	6.00322125413e-12
source	0.0	-0.940271741723	-4.31720108524e-18	-0.940271741723
last end 2.000000e-01 5.000000e-01
Region "bulk" on device "mos2d" has equations 0:6746
Region "gate" on device "mos2d" has equations 6747:6863
Region "oxide" on device "mos2d" has equations 6864:7529
Device "mos2d" has equations 0:7529
number of equations 7530
Iteration: 0
  Device: "mos2d"	RelError: 2.01372e+03	AbsError: 2.09955e+17
    Region: "bulk"	RelError: 2.01366e+03	AbsError: 2.09955e+17
      Equation: "ElectronContinuityEquation"	RelError: 9.99000e+02	AbsError: 2.09612e+17
      Equation: "HoleContinuityEquation"	RelError: 9.99000e+02	AbsError: 3.42747e+14
      Equation: "PotentialEquation"	RelError: 1.56591e+01	AbsError: 4.09543e-02
    Region: "gate"	RelError: 3.39047e-04	AbsError: 1.67233e+16
      Equation: "ElectronContinuityEquation"	RelError: 1.67517e-04	AbsError: 1.67233e+16
      Equation: "HoleContinuityEquation"	RelError: 1.67573e-04	AbsError: 1.67857e-04
      Equation: "PotentialEquation"	RelError: 3.95725e-06	AbsError: 4.33726e-06
    Region: "oxide"	RelError: 5.67080e-02	AbsError: 4.09542e-02
      Equation: "PotentialEquation"	RelError: 5.67080e-02	AbsError: 4.09542e-02
Iteration: 1
  Device: "mos2d"	RelError: 2.00305e+03	AbsError: 1.77674e+16
    Region: "bulk"	RelError: 2.00301e+03	AbsError: 1.77674e+16
      Equation: "ElectronContinuityEquation"	RelError: 9.99000e+02	AbsError: 1.77495e+16
      Equation: "HoleContinuityEquation"	RelError: 9.99000e+02	AbsError: 1.78452e+13
      Equation: "PotentialEquation"	RelError: 5.00968e+00	AbsError: 3.07633e-02
    Region: "gate"	RelError: 8.19324e-06	AbsError: 4.02793e+14
      Equation: "ElectronContinuityEquation"	RelError: 4.03479e-06	AbsError: 4.02793e+14
      Equation: "HoleContinuityEquation"	RelError: 4.06282e-06	AbsError: 4.06973e-06
      Equation: "PotentialEquation"	RelError: 9.56289e-08	AbsError: 1.04812e-07
    Region: "oxide"	RelError: 4.15207e-02	AbsError: 3.07632e-02
      Equation: "PotentialEquation"	RelError: 4.15207e-02	AbsError: 3.07632e-02
Iteration: 2
  Device: "mos2d"	RelError: 1.00285e+03	AbsError: 1.88192e+15
    Region: "bulk"	RelError: 1.00281e+03	AbsError: 1.88192e+15
      Equation: "ElectronContinuityEquation"	RelError: 3.77272e+00	AbsError: 1.88179e+15
      Equation: "HoleContinuityEquation"	RelError: 9.99000e+02	AbsError: 1.35203e+11
      Equation: "PotentialEquation"	RelError: 4.05616e-02	AbsError: 2.58537e-02
    Region: "gate"	RelError: 1.06574e-06	AbsError: 5.25764e+13
      Equation: "ElectronContinuityEquation"	RelError: 5.26658e-07	AbsError: 5.25764e+13
      Equation: "HoleContinuityEquation"	RelError: 5.26642e-07	AbsError: 5.27538e-07
      Equation: "PotentialEquation"	RelError: 1.24390e-08	AbsError: 1.36335e-08
    Region: "oxide"	RelError: 3.30398e-02	AbsError: 2.57087e-02
      Equation: "PotentialEquation"	RelError: 3.30398e-02	AbsError: 2.57087e-02
Iteration: 3
  Device: "mos2d"	RelError: 1.59289e+00	AbsError: 3.89513e+15
    Region: "bulk"	RelError: 1.58169e+00	AbsError: 3.89513e+15
      Equation: "ElectronContinuityEquation"	RelError: 5.59504e-01	AbsError: 3.89476e+15
      Equation: "HoleContinuityEquation"	RelError: 1.00000e+00	AbsError: 3.70725e+11
      Equation: "PotentialEquation"	RelError: 2.21873e-02	AbsError: 9.16534e-03
    Region: "gate"	RelError: 2.52349e-07	AbsError: 1.24490e+13
      Equation: "ElectronContinuityEquation"	RelError: 1.24702e-07	AbsError: 1.24490e+13
      Equation: "HoleContinuityEquation"	RelError: 1.24702e-07	AbsError: 1.24914e-07
      Equation: "PotentialEquation"	RelError: 2.94533e-09	AbsError: 3.22818e-09
    Region: "oxide"	RelError: 1.11975e-02	AbsError: 9.16533e-03
      Equation: "PotentialEquation"	RelError: 1.11975e-02	AbsError: 9.16533e-03
Iteration: 4
  Device: "mos2d"	RelError: 1.76321e-01	AbsError: 4.14168e+15
    Region: "bulk"	RelError: 1.76171e-01	AbsError: 4.14168e+15
      Equation: "ElectronContinuityEquation"	RelError: 2.03970e-02	AbsError: 4.14121e+15
      Equation: "HoleContinuityEquation"	RelError: 1.25355e-01	AbsError: 4.67950e+11
      Equation: "PotentialEquation"	RelError: 3.04198e-02	AbsError: 4.41118e-04
    Region: "gate"	RelError: 4.24612e-07	AbsError: 2.09472e+13
      Equation: "ElectronContinuityEquation"	RelError: 2.09828e-07	AbsError: 2.09472e+13
      Equation: "HoleContinuityEquation"	RelError: 2.09828e-07	AbsError: 2.10185e-07
      Equation: "PotentialEquation"	RelError: 4.95594e-09	AbsError: 5.43186e-09
    Region: "oxide"	RelError: 1.48895e-04	AbsError: 9.56434e-05
      Equation: "PotentialEquation"	RelError: 1.48895e-04	AbsError: 9.56434e-05
Iteration: 5
  Device: "mos2d"	RelError: 9.70481e-05	AbsError: 3.90343e+12
    Region: "bulk"	RelError: 9.70243e-05	AbsError: 3.90343e+12
      Equation: "ElectronContinuityEquation"	RelError: 2.60277e-05	AbsError: 3.90330e+12
      Equation: "HoleContinuityEquation"	RelError: 6.61235e-05	AbsError: 1.32276e+08
      Equation: "PotentialEquation"	RelError: 4.87300e-06	AbsError: 1.43426e-07
    Region: "gate"	RelError: 4.83918e-11	AbsError: 2.38949e+09
      Equation: "ElectronContinuityEquation"	RelError: 2.39356e-11	AbsError: 2.38949e+09
      Equation: "HoleContinuityEquation"	RelError: 2.38914e-11	AbsError: 2.39320e-11
      Equation: "PotentialEquation"	RelError: 5.64843e-13	AbsError: 6.19085e-13
    Region: "oxide"	RelError: 2.37750e-08	AbsError: 1.64169e-08
      Equation: "PotentialEquation"	RelError: 2.37750e-08	AbsError: 1.64169e-08
Iteration: 6
  Device: "mos2d"	RelError: 1.42146e-10	AbsError: 2.60249e+06
    Region: "bulk"	RelError: 1.42125e-10	AbsError: 2.60249e+06
      Equation: "ElectronContinuityEquation"	RelError: 1.23197e-11	AbsError: 2.56868e+06
      Equation: "HoleContinuityEquation"	RelError: 1.24936e-10	AbsError: 3.38049e+04
      Equation: "PotentialEquation"	RelError: 4.86970e-12	AbsError: 6.02296e-13
    Region: "gate"	RelError: 4.02516e-16	AbsError: 8.05154e+03
      Equation: "ElectronContinuityEquation"	RelError: 8.05154e-17	AbsError: 8.05154e+03
      Equation: "HoleContinuityEquation"	RelError: 2.20710e-16	AbsError: 2.21085e-16
      Equation: "PotentialEquation"	RelError: 1.01291e-16	AbsError: 1.11022e-16
    Region: "oxide"	RelError: 2.07525e-14	AbsError: 1.55672e-14
      Equation: "PotentialEquation"	RelError: 2.07525e-14	AbsError: 1.55672e-14
Iteration: 7
  Device: "mos2d"	RelError: 1.93272e-13	AbsError: 6.85924e+04
    Region: "bulk"	RelError: 1.81692e-13	AbsError: 6.85924e+04
      Equation: "ElectronContinuityEquation"	RelError: 3.83693e-14	AbsError: 6.80225e+04
      Equation: "HoleContinuityEquation"	RelError: 1.30146e-13	AbsError: 5.69904e+02
      Equation: "PotentialEquation"	RelError: 1.31769e-14	AbsError: 1.02739e-15
    Region: "gate"	RelError: 2.86896e-16	AbsError: 8.05154e+03
      Equation: "ElectronContinuityEquation"	RelError: 8.05154e-17	AbsError: 8.05154e+03
      Equation: "HoleContinuityEquation"	RelError: 1.05089e-16	AbsError: 1.05089e-16
      Equation: "PotentialEquation"	RelError: 1.01291e-16	AbsError: 1.11022e-16
    Region: "oxide"	RelError: 1.12922e-14	AbsError: 9.24291e-15
      Equation: "PotentialEquation"	RelError: 1.12922e-14	AbsError: 9.24291e-15
Succeeded
body	0.0	-4.30970114285e-15	-1.04198461822e-13	-1.08508162965e-13
drain	0.3	1.53640065317	8.07422822367e-17	1.53640065317
gate	0.5	4.82081993926e-12	2.41040996963e-32	4.82081993926e-12
source	0.0	-1.53640065317	-7.2772657608e-18	-1.53640065317
last end 3.000000e-01 5.000000e-01
Region "bulk" on device "mos2d" has equations 0:6746
Region "gate" on device "mos2d" has equations 6747:6863
Region "oxide" on device "mos2d" has equations 6864:7529
Device "mos2d" has equations 0:7529
number of equations 7530
Iteration: 0
  Device: "mos2d"	RelError: 2.02490e+03	AbsError: 2.21190e+17
    Region: "bulk"	RelError: 2.02485e+03	AbsError: 2.21190e+17
      Equation: "ElectronContinuityEquation"	RelError: 9.99000e+02	AbsError: 2.20819e+17
      Equation: "HoleContinuityEquation"	RelError: 9.99000e+02	AbsError: 3.71405e+14
      Equation: "PotentialEquation"	RelError: 2.68523e+01	AbsError: 4.09543e-02
    Region: "gate"	RelError: 3.25644e-04	AbsError: 1.60649e+16
      Equation: "ElectronContinuityEquation"	RelError: 1.60896e-04	AbsError: 1.60649e+16
      Equation: "HoleContinuityEquation"	RelError: 1.60948e-04	AbsError: 1.61195e-04
      Equation: "PotentialEquation"	RelError: 3.80080e-06	AbsError: 4.16581e-06
    Region: "oxide"	RelError: 4.96077e-02	AbsError: 4.09542e-02
      Equation: "PotentialEquation"	RelError: 4.96077e-02	AbsError: 4.09542e-02
Iteration: 1
  Device: "mos2d"	RelError: 2.00009e+03	AbsError: 1.69350e+16
    Region: "bulk"	RelError: 2.00005e+03	AbsError: 1.69350e+16
      Equation: "ElectronContinuityEquation"	RelError: 9.99000e+02	AbsError: 1.69180e+16
      Equation: "HoleContinuityEquation"	RelError: 9.99000e+02	AbsError: 1.69670e+13
      Equation: "PotentialEquation"	RelError: 2.05337e+00	AbsError: 3.07718e-02
    Region: "gate"	RelError: 4.76171e-06	AbsError: 2.33652e+14
      Equation: "ElectronContinuityEquation"	RelError: 2.34012e-06	AbsError: 2.33652e+14
      Equation: "HoleContinuityEquation"	RelError: 2.36601e-06	AbsError: 2.36965e-06
      Equation: "PotentialEquation"	RelError: 5.55769e-08	AbsError: 6.09142e-08
    Region: "oxide"	RelError: 3.82453e-02	AbsError: 3.07632e-02
      Equation: "PotentialEquation"	RelError: 3.82453e-02	AbsError: 3.07632e-02
Iteration: 2
  Device: "mos2d"	RelError: 1.14843e+03	AbsError: 1.61424e+15
    Region: "bulk"	RelError: 1.14840e+03	AbsError: 1.61424e+15
      Equation: "ElectronContinuityEquation"	RelError: 3.20284e+00	AbsError: 1.61420e+15
      Equation: "HoleContinuityEquation"	RelError: 1.14516e+03	AbsError: 4.81676e+10
      Equation: "PotentialEquation"	RelError: 3.50477e-02	AbsError: 2.58564e-02
    Region: "gate"	RelError: 5.16689e-07	AbsError: 2.54939e+13
      Equation: "ElectronContinuityEquation"	RelError: 2.55332e-07	AbsError: 2.54939e+13
      Equation: "HoleContinuityEquation"	RelError: 2.55326e-07	AbsError: 2.55720e-07
      Equation: "PotentialEquation"	RelError: 6.03061e-09	AbsError: 6.60975e-09
    Region: "oxide"	RelError: 2.90063e-02	AbsError: 2.53145e-02
      Equation: "PotentialEquation"	RelError: 2.90063e-02	AbsError: 2.53145e-02
Iteration: 3
  Device: "mos2d"	RelError: 1.55386e+00	AbsError: 3.43604e+15
    Region: "bulk"	RelError: 1.54389e+00	AbsError: 3.43604e+15
      Equation: "ElectronContinuityEquation"	RelError: 5.17205e-01	AbsError: 3.43568e+15
      Equation: "HoleContinuityEquation"	RelError: 9.97278e-01	AbsError: 3.69108e+11
      Equation: "PotentialEquation"	RelError: 2.94028e-02	AbsError: 9.16828e-03
    Region: "gate"	RelError: 2.70267e-07	AbsError: 1.33351e+13
      Equation: "ElectronContinuityEquation"	RelError: 1.33556e-07	AbsError: 1.33351e+13
      Equation: "HoleContinuityEquation"	RelError: 1.33556e-07	AbsError: 1.33762e-07
      Equation: "PotentialEquation"	RelError: 3.15446e-09	AbsError: 3.45739e-09
    Region: "oxide"	RelError: 9.97838e-03	AbsError: 9.16533e-03
      Equation: "PotentialEquation"	RelError: 9.97838e-03	AbsError: 9.16533e-03
Iteration: 4
  Device: "mos2d"	RelError: 6.71087e-02	AbsError: 3.94088e+15
    Region: "bulk"	RelError: 6.69826e-02	AbsError: 3.94088e+15
      Equation: "ElectronContinuityEquation"	RelError: 2.30961e-02	AbsError: 3.94042e+15
      Equation: "HoleContinuityEquation"	RelError: 6.65974e-03	AbsError: 4.63073e+11
      Equation: "PotentialEquation"	RelError: 3.72267e-02	AbsError: 3.84673e-04
    Region: "gate"	RelError: 3.96893e-07	AbsError: 1.95828e+13
      Equation: "ElectronContinuityEquation"	RelError: 1.96130e-07	AbsError: 1.95828e+13
      Equation: "HoleContinuityEquation"	RelError: 1.96130e-07	AbsError: 1.96433e-07
      Equation: "PotentialEquation"	RelError: 4.63239e-09	AbsError: 5.07726e-09
    Region: "oxide"	RelError: 1.25770e-04	AbsError: 8.92685e-05
      Equation: "PotentialEquation"	RelError: 1.25770e-04	AbsError: 8.92685e-05
Iteration: 5
  Device: "mos2d"	RelError: 1.02416e-04	AbsError: 3.59863e+12
    Region: "bulk"	RelError: 1.02379e-04	AbsError: 3.59863e+12
      Equation: "ElectronContinuityEquation"	RelError: 1.73530e-05	AbsError: 3.59848e+12
      Equation: "HoleContinuityEquation"	RelError: 7.75320e-05	AbsError: 1.51160e+08
      Equation: "PotentialEquation"	RelError: 7.49444e-06	AbsError: 1.50498e-07
    Region: "gate"	RelError: 1.10088e-10	AbsError: 5.43370e+09
      Equation: "ElectronContinuityEquation"	RelError: 5.44208e-11	AbsError: 5.43370e+09
      Equation: "HoleContinuityEquation"	RelError: 5.43823e-11	AbsError: 5.44662e-11
      Equation: "PotentialEquation"	RelError: 1.28488e-12	AbsError: 1.40827e-12
    Region: "oxide"	RelError: 3.62552e-08	AbsError: 2.55077e-08
      Equation: "PotentialEquation"	RelError: 3.62552e-08	AbsError: 2.55077e-08
Iteration: 6
  Device: "mos2d"	RelError: 3.56442e-11	AbsError: 1.76768e+06
    Region: "bulk"	RelError: 3.56320e-11	AbsError: 1.76768e+06
      Equation: "ElectronContinuityEquation"	RelError: 7.58284e-12	AbsError: 1.69252e+06
      Equation: "HoleContinuityEquation"	RelError: 2.04099e-11	AbsError: 7.51601e+04
      Equation: "PotentialEquation"	RelError: 7.63923e-12	AbsError: 2.23488e-13
    Region: "gate"	RelError: 2.93170e-16	AbsError: 7.80932e+03
      Equation: "ElectronContinuityEquation"	RelError: 7.80932e-17	AbsError: 7.80932e+03
      Equation: "HoleContinuityEquation"	RelError: 1.13786e-16	AbsError: 1.13935e-16
      Equation: "PotentialEquation"	RelError: 1.01291e-16	AbsError: 1.11022e-16
    Region: "oxide"	RelError: 1.18731e-14	AbsError: 1.09057e-14
      Equation: "PotentialEquation"	RelError: 1.18731e-14	AbsError: 1.09057e-14
Succeeded
body	0.0	-4.55852174298e-15	-1.10251715674e-13	-1.14810237417e-13
drain	0.4	2.23093349675	8.34237294201e-17	2.23093349675
gate	0.5	2.66029592238e-12	1.33014796119e-32	2.66029592238e-12
source	0.0	-2.23093349675	-1.06655629385e-17	-2.23093349675
last end 4.000000e-01 5.000000e-01
setting to last bias 5.000000e-01
setting next bias 5.000000e-01
Region "bulk" on device "mos2d" has equations 0:6746
Region "gate" on device "mos2d" has equations 6747:6863
Region "oxide" on device "mos2d" has equations 6864:7529
Device "mos2d" has equations 0:7529
number of equations 7530
Iteration: 0
  Device: "mos2d"	RelError: 3.79028e+03	AbsError: 2.20906e+17
    Region: "bulk"	RelError: 3.79023e+03	AbsError: 2.20906e+17
      Equation: "ElectronContinuityEquation"	RelError: 9.99000e+02	AbsError: 2.20509e+17
      Equation: "HoleContinuityEquation"	RelError: 2.60990e+03	AbsError: 3.97094e+14
      Equation: "PotentialEquation"	RelError: 1.81337e+02	AbsError: 4.09543e-02
    Region: "gate"	RelError: 3.17517e-04	AbsError: 1.56664e+16
      Equation: "ElectronContinuityEquation"	RelError: 1.56881e-04	AbsError: 1.56664e+16
      Equation: "HoleContinuityEquation"	RelError: 1.56930e-04	AbsError: 1.57148e-04
      Equation: "PotentialEquation"	RelError: 3.70593e-06	AbsError: 4.06185e-06
    Region: "oxide"	RelError: 4.52229e-02	AbsError: 4.09542e-02
      Equation: "PotentialEquation"	RelError: 4.52229e-02	AbsError: 4.09542e-02
Iteration: 1
  Device: "mos2d"	RelError: 2.00016e+03	AbsError: 1.50869e+16
    Region: "bulk"	RelError: 2.00012e+03	AbsError: 1.50869e+16
      Equation: "ElectronContinuityEquation"	RelError: 9.99000e+02	AbsError: 1.50709e+16
      Equation: "HoleContinuityEquation"	RelError: 9.99000e+02	AbsError: 1.59397e+13
      Equation: "PotentialEquation"	RelError: 2.12370e+00	AbsError: 3.07633e-02
    Region: "gate"	RelError: 2.97803e-06	AbsError: 1.45731e+14
      Equation: "ElectronContinuityEquation"	RelError: 1.45933e-06	AbsError: 1.45731e+14
      Equation: "HoleContinuityEquation"	RelError: 1.48395e-06	AbsError: 1.48600e-06
      Equation: "PotentialEquation"	RelError: 3.47584e-08	AbsError: 3.80965e-08
    Region: "oxide"	RelError: 3.45973e-02	AbsError: 3.07632e-02
      Equation: "PotentialEquation"	RelError: 3.45973e-02	AbsError: 3.07632e-02
Iteration: 2
  Device: "mos2d"	RelError: 7.62383e+00	AbsError: 1.24201e+15
    Region: "bulk"	RelError: 7.59800e+00	AbsError: 1.24201e+15
      Equation: "ElectronContinuityEquation"	RelError: 1.66832e+00	AbsError: 1.24196e+15
      Equation: "HoleContinuityEquation"	RelError: 5.89883e+00	AbsError: 4.24968e+10
      Equation: "PotentialEquation"	RelError: 3.08535e-02	AbsError: 2.58980e-02
    Region: "gate"	RelError: 2.34876e-07	AbsError: 1.15908e+13
      Equation: "ElectronContinuityEquation"	RelError: 1.16068e-07	AbsError: 1.15908e+13
      Equation: "HoleContinuityEquation"	RelError: 1.16066e-07	AbsError: 1.16227e-07
      Equation: "PotentialEquation"	RelError: 2.74138e-09	AbsError: 3.00466e-09
    Region: "oxide"	RelError: 2.58223e-02	AbsError: 2.49615e-02
      Equation: "PotentialEquation"	RelError: 2.58223e-02	AbsError: 2.49615e-02
Iteration: 3
  Device: "mos2d"	RelError: 1.01137e+00	AbsError: 2.88171e+15
    Region: "bulk"	RelError: 1.00237e+00	AbsError: 2.88171e+15
      Equation: "ElectronContinuityEquation"	RelError: 3.53475e-01	AbsError: 2.88138e+15
      Equation: "HoleContinuityEquation"	RelError: 6.38689e-01	AbsError: 3.32313e+11
      Equation: "PotentialEquation"	RelError: 1.02074e-02	AbsError: 9.16546e-03
    Region: "gate"	RelError: 2.27284e-07	AbsError: 1.12160e+13
      Equation: "ElectronContinuityEquation"	RelError: 1.12316e-07	AbsError: 1.12160e+13
      Equation: "HoleContinuityEquation"	RelError: 1.12316e-07	AbsError: 1.12471e-07
      Equation: "PotentialEquation"	RelError: 2.65277e-09	AbsError: 2.90754e-09
    Region: "oxide"	RelError: 8.99869e-03	AbsError: 9.16533e-03
      Equation: "PotentialEquation"	RelError: 8.99869e-03	AbsError: 9.16533e-03
Iteration: 4
  Device: "mos2d"	RelError: 5.26591e-02	AbsError: 3.51655e+15
    Region: "bulk"	RelError: 5.25644e-02	AbsError: 3.51655e+15
      Equation: "ElectronContinuityEquation"	RelError: 2.56739e-02	AbsError: 3.51612e+15
      Equation: "HoleContinuityEquation"	RelError: 1.28991e-02	AbsError: 4.23125e+11
      Equation: "PotentialEquation"	RelError: 1.39914e-02	AbsError: 3.20025e-04
    Region: "gate"	RelError: 3.26668e-07	AbsError: 1.61204e+13
      Equation: "ElectronContinuityEquation"	RelError: 1.61428e-07	AbsError: 1.61204e+13
      Equation: "HoleContinuityEquation"	RelError: 1.61428e-07	AbsError: 1.61651e-07
      Equation: "PotentialEquation"	RelError: 3.81274e-09	AbsError: 4.17891e-09
    Region: "oxide"	RelError: 9.43943e-05	AbsError: 7.29718e-05
      Equation: "PotentialEquation"	RelError: 9.43943e-05	AbsError: 7.29718e-05
Iteration: 5
  Device: "mos2d"	RelError: 2.16497e-04	AbsError: 3.04888e+12
    Region: "bulk"	RelError: 2.16461e-04	AbsError: 3.04888e+12
      Equation: "ElectronContinuityEquation"	RelError: 1.84410e-05	AbsError: 3.04817e+12
      Equation: "HoleContinuityEquation"	RelError: 1.93299e-04	AbsError: 7.05895e+08
      Equation: "PotentialEquation"	RelError: 4.72093e-06	AbsError: 2.16237e-07
    Region: "gate"	RelError: 1.18250e-10	AbsError: 5.83673e+09
      Equation: "ElectronContinuityEquation"	RelError: 5.84482e-11	AbsError: 5.83673e+09
      Equation: "HoleContinuityEquation"	RelError: 5.84221e-11	AbsError: 5.85031e-11
      Equation: "PotentialEquation"	RelError: 1.38014e-12	AbsError: 1.51269e-12
    Region: "oxide"	RelError: 3.61499e-08	AbsError: 2.61713e-08
      Equation: "PotentialEquation"	RelError: 3.61499e-08	AbsError: 2.61713e-08
Iteration: 6
  Device: "mos2d"	RelError: 4.86921e-11	AbsError: 2.67964e+06
    Region: "bulk"	RelError: 4.86790e-11	AbsError: 2.67964e+06
      Equation: "ElectronContinuityEquation"	RelError: 1.52993e-11	AbsError: 2.61788e+06
      Equation: "HoleContinuityEquation"	RelError: 2.76133e-11	AbsError: 6.17534e+04
      Equation: "PotentialEquation"	RelError: 5.76633e-12	AbsError: 1.41840e-13
    Region: "gate"	RelError: 3.76157e-16	AbsError: 8.03633e+03
      Equation: "ElectronContinuityEquation"	RelError: 8.03633e-17	AbsError: 8.03633e+03
      Equation: "HoleContinuityEquation"	RelError: 1.94503e-16	AbsError: 1.94772e-16
      Equation: "PotentialEquation"	RelError: 1.01291e-16	AbsError: 1.11022e-16
    Region: "oxide"	RelError: 1.27878e-14	AbsError: 1.28271e-14
      Equation: "PotentialEquation"	RelError: 1.27878e-14	AbsError: 1.28271e-14
Succeeded
body	0.0	-4.7661863417e-15	-9.80373774924e-14	-1.02803563834e-13
drain	0.5	3.02291249063	8.63679944984e-17	3.02291249063
gate	0.5	4.29822387815e-12	2.14911193907e-32	4.29822387815e-12
source	0.0	-3.02291249063	-1.43973469823e-17	-3.02291249063
