
----------------------------------------

 DEVSIM

 Version: Beta 0.01

 Copyright 2009-2013 Devsim LLC

----------------------------------------


Physical group name bot has 0 Tetrahedra.
Physical group name bot has 176 Triangles.
Physical group name bot has 278 Lines.
Physical group name bot has 103 Points.
Physical group name dielectric has 4542 Tetrahedra.
Physical group name dielectric has 9845 Triangles.
Physical group name dielectric has 6432 Lines.
Physical group name dielectric has 1129 Points.
Physical group name dielectric_solution has 0 Tetrahedra.
Physical group name dielectric_solution has 1394 Triangles.
Physical group name dielectric_solution has 2123 Lines.
Physical group name dielectric_solution has 729 Points.
Physical group name dna has 3793 Tetrahedra.
Physical group name dna has 8225 Triangles.
Physical group name dna has 5400 Lines.
Physical group name dna has 969 Points.
Physical group name dna_solution has 0 Tetrahedra.
Physical group name dna_solution has 1278 Triangles.
Physical group name dna_solution has 1917 Lines.
Physical group name dna_solution has 641 Points.
Physical group name solution has 11098 Tetrahedra.
Physical group name solution has 23851 Triangles.
Physical group name solution has 15365 Lines.
Physical group name solution has 2614 Points.
Physical group name top has 0 Tetrahedra.
Physical group name top has 166 Triangles.
Physical group name top has 263 Lines.
Physical group name top has 98 Points.
Device disk has 3342 coordinates with max index 3342
group dielectric has 1129 nodes.
Region dielectric has 1129 nodes.
Region dielectric has 1129 nodes.
group dna has 969 nodes.
Region dna has 969 nodes.
Region dna has 969 nodes.
group solution has 2614 nodes.
Region solution has 2614 nodes.
Region solution has 2614 nodes.
group bot has 103 nodes.
Contact bot in region solution with 103 nodes
group top has 98 nodes.
Contact top in region solution with 98 nodes
group dielectric_solution has 729 nodes.
Adding interface dielectric_solution with 729, 729 nodes
group dna_solution has 641 nodes.
Adding interface dna_solution with 641, 641 nodes
Volume dna 6.79548137025e-20
Volume dielectric 1.15387323092e-11
Volume solution 7.39924522059e-11
Region "dielectric" on device "disk" has equations 0:1128
Region "dna" on device "disk" has equations 1129:2097
Region "solution" on device "disk" has equations 2098:9939
Device "disk" has equations 0:9939
number of equations 9940
Iteration: 0
  Device: "disk"	RelError: 3.14199e+00	AbsError: 8.50503e+16
    Region: "dielectric"	RelError: 1.00000e+00	AbsError: 3.48173e+00
      Equation: "PotentialEquation"	RelError: 1.00000e+00	AbsError: 3.48173e+00
    Region: "dna"	RelError: 1.00000e+00	AbsError: 6.30123e-02
      Equation: "PotentialEquation"	RelError: 1.00000e+00	AbsError: 6.30123e-02
    Region: "solution"	RelError: 1.14199e+00	AbsError: 8.50503e+16
      Equation: "AnionContinuityEquation"	RelError: 7.60091e-02	AbsError: 4.25252e+16
      Equation: "CationContinuityEquation"	RelError: 6.59791e-02	AbsError: 4.25252e+16
      Equation: "PotentialEquation"	RelError: 1.00000e+00	AbsError: 3.50000e+00
Iteration: 1
  Device: "disk"	RelError: 6.66444e+02	AbsError: 5.24417e+16
    Region: "dielectric"	RelError: 2.52972e-01	AbsError: 1.28542e-02
      Equation: "PotentialEquation"	RelError: 2.52972e-01	AbsError: 1.28542e-02
    Region: "dna"	RelError: 3.33052e+02	AbsError: 1.84887e-03
      Equation: "PotentialEquation"	RelError: 3.33052e+02	AbsError: 1.84887e-03
    Region: "solution"	RelError: 3.33139e+02	AbsError: 5.24417e+16
      Equation: "AnionContinuityEquation"	RelError: 4.42970e-02	AbsError: 2.64740e+16
      Equation: "CationContinuityEquation"	RelError: 4.29979e-02	AbsError: 2.59677e+16
      Equation: "PotentialEquation"	RelError: 3.33052e+02	AbsError: 1.28542e-02
Iteration: 2
  Device: "disk"	RelError: 1.04260e+01	AbsError: 1.10234e+15
    Region: "dielectric"	RelError: 1.78057e-03	AbsError: 1.65195e-04
      Equation: "PotentialEquation"	RelError: 1.78057e-03	AbsError: 1.65195e-04
    Region: "dna"	RelError: 5.21116e+00	AbsError: 6.35937e-06
      Equation: "PotentialEquation"	RelError: 5.21116e+00	AbsError: 6.35937e-06
    Region: "solution"	RelError: 5.21303e+00	AbsError: 1.10234e+15
      Equation: "AnionContinuityEquation"	RelError: 1.12330e-03	AbsError: 6.59722e+14
      Equation: "CationContinuityEquation"	RelError: 7.43987e-04	AbsError: 4.42620e+14
      Equation: "PotentialEquation"	RelError: 5.21116e+00	AbsError: 1.65195e-04
Iteration: 3
  Device: "disk"	RelError: 2.33971e-03	AbsError: 1.10119e+11
    Region: "dielectric"	RelError: 3.10784e-07	AbsError: 2.86885e-08
      Equation: "PotentialEquation"	RelError: 3.10784e-07	AbsError: 2.86885e-08
    Region: "dna"	RelError: 1.16961e-03	AbsError: 1.19552e-09
      Equation: "PotentialEquation"	RelError: 1.16961e-03	AbsError: 1.19552e-09
    Region: "solution"	RelError: 1.16979e-03	AbsError: 1.10119e+11
      Equation: "AnionContinuityEquation"	RelError: 8.33519e-08	AbsError: 4.89531e+10
      Equation: "CationContinuityEquation"	RelError: 1.02812e-07	AbsError: 6.11657e+10
      Equation: "PotentialEquation"	RelError: 1.16961e-03	AbsError: 2.86885e-08
Iteration: 4
  Device: "disk"	RelError: 1.10852e-09	AbsError: 2.27654e+05
    Region: "dielectric"	RelError: 1.64831e-13	AbsError: 1.09462e-15
      Equation: "PotentialEquation"	RelError: 1.64831e-13	AbsError: 1.09462e-15
    Region: "dna"	RelError: 5.53992e-10	AbsError: 4.27307e-15
      Equation: "PotentialEquation"	RelError: 5.53992e-10	AbsError: 4.27307e-15
    Region: "solution"	RelError: 5.54364e-10	AbsError: 2.27654e+05
      Equation: "AnionContinuityEquation"	RelError: 1.74743e-13	AbsError: 1.06915e+05
      Equation: "CationContinuityEquation"	RelError: 1.97124e-13	AbsError: 1.20740e+05
      Equation: "PotentialEquation"	RelError: 5.53992e-10	AbsError: 5.24504e-15
Region "dielectric" on device "disk" has equations 0:1128
Region "dna" on device "disk" has equations 1129:2097
Region "solution" on device "disk" has equations 2098:9939
Device "disk" has equations 0:9939
number of equations 9940
Iteration: 0
  Device: "disk"	RelError: 1.00799e+03	AbsError: 3.37961e+18
    Region: "dielectric"	RelError: 9.34752e-01	AbsError: 3.53277e-03
      Equation: "PotentialEquation"	RelError: 9.34752e-01	AbsError: 3.53277e-03
    Region: "dna"	RelError: 1.72424e+00	AbsError: 2.33818e+00
      Equation: "PotentialEquation"	RelError: 1.72424e+00	AbsError: 2.33818e+00
    Region: "solution"	RelError: 1.00533e+03	AbsError: 3.37961e+18
      Equation: "AnionContinuityEquation"	RelError: 8.19123e-01	AbsError: 2.76590e+18
      Equation: "CationContinuityEquation"	RelError: 9.99000e+02	AbsError: 6.13715e+17
      Equation: "PotentialEquation"	RelError: 5.50783e+00	AbsError: 1.29073e-01
Iteration: 1
  Device: "disk"	RelError: 3.75600e+00	AbsError: 4.65976e+19
    Region: "dielectric"	RelError: 8.98021e-02	AbsError: 3.75579e-04
      Equation: "PotentialEquation"	RelError: 8.98021e-02	AbsError: 3.75579e-04
    Region: "dna"	RelError: 8.03224e-02	AbsError: 8.05830e-03
      Equation: "PotentialEquation"	RelError: 8.03224e-02	AbsError: 8.05830e-03
    Region: "solution"	RelError: 3.58587e+00	AbsError: 4.65976e+19
      Equation: "AnionContinuityEquation"	RelError: 9.32126e-01	AbsError: 4.63719e+19
      Equation: "CationContinuityEquation"	RelError: 9.97294e-01	AbsError: 2.25700e+17
      Equation: "PotentialEquation"	RelError: 1.65645e+00	AbsError: 8.05830e-03
Iteration: 2
  Device: "disk"	RelError: 1.54201e-01	AbsError: 9.19444e+17
    Region: "dielectric"	RelError: 1.92542e-03	AbsError: 8.31249e-06
      Equation: "PotentialEquation"	RelError: 1.92542e-03	AbsError: 8.31249e-06
    Region: "dna"	RelError: 2.77996e-03	AbsError: 2.93062e-04
      Equation: "PotentialEquation"	RelError: 2.77996e-03	AbsError: 2.93062e-04
    Region: "solution"	RelError: 1.49495e-01	AbsError: 9.19444e+17
      Equation: "AnionContinuityEquation"	RelError: 3.06559e-02	AbsError: 9.08399e+17
      Equation: "CationContinuityEquation"	RelError: 7.71184e-02	AbsError: 1.10453e+16
      Equation: "PotentialEquation"	RelError: 4.17211e-02	AbsError: 2.93062e-04
Iteration: 3
  Device: "disk"	RelError: 3.78641e-04	AbsError: 5.86990e+14
    Region: "dielectric"	RelError: 2.74438e-07	AbsError: 3.44636e-09
      Equation: "PotentialEquation"	RelError: 2.74438e-07	AbsError: 3.44636e-09
    Region: "dna"	RelError: 1.14270e-05	AbsError: 3.54579e-07
      Equation: "PotentialEquation"	RelError: 1.14270e-05	AbsError: 3.54579e-07
    Region: "solution"	RelError: 3.66940e-04	AbsError: 5.86990e+14
      Equation: "AnionContinuityEquation"	RelError: 6.33497e-05	AbsError: 5.50945e+14
      Equation: "CationContinuityEquation"	RelError: 2.77302e-04	AbsError: 3.60449e+13
      Equation: "PotentialEquation"	RelError: 2.62883e-05	AbsError: 3.54579e-07
Iteration: 4
  Device: "disk"	RelError: 1.04674e-09	AbsError: 2.60367e+09
    Region: "dielectric"	RelError: 1.11619e-12	AbsError: 8.58628e-15
      Equation: "PotentialEquation"	RelError: 1.11619e-12	AbsError: 8.58628e-15
    Region: "dna"	RelError: 2.29772e-11	AbsError: 1.17926e-12
      Equation: "PotentialEquation"	RelError: 2.29772e-11	AbsError: 1.17926e-12
    Region: "solution"	RelError: 1.02265e-09	AbsError: 2.60367e+09
      Equation: "AnionContinuityEquation"	RelError: 1.80872e-10	AbsError: 2.50035e+09
      Equation: "CationContinuityEquation"	RelError: 7.37740e-10	AbsError: 1.03325e+08
      Equation: "PotentialEquation"	RelError: 1.04038e-10	AbsError: 1.17926e-12
