
----------------------------------------

 DEVSIM

 Version: Beta 0.01

 Copyright 2009-2015 Devsim LLC

----------------------------------------


contact2
 (region: MyRegion)
 (contact: contact1)
 (contact: contact2)
Region "MyRegion" on device "MyDevice" has equations 0:10
Device "MyDevice" has equations 0:10
number of equations 11
Iteration: 0
  Device: "MyDevice"	RelError: 1.00000e+00	AbsError: 1.00000e+00
    Region: "MyRegion"	RelError: 1.00000e+00	AbsError: 1.00000e+00
      Equation: "PotentialEquation"	RelError: 1.00000e+00	AbsError: 1.00000e+00
Iteration: 1
  Device: "MyDevice"	RelError: 2.19414e-16	AbsError: 1.31648e-16
    Region: "MyRegion"	RelError: 2.19414e-16	AbsError: 1.31648e-16
      Equation: "PotentialEquation"	RelError: 2.19414e-16	AbsError: 1.31648e-16
contact: contact1 charge: 3.45150e-13
contact: contact2 charge: -3.45150e-13
