
----------------------------------------

 DEVSIM

 Version: Beta 0.01

 Copyright 2009-2015 Devsim LLC

----------------------------------------


Creating Region air
Creating Region m1
Creating Region m2
Contact: bot region air ni: 3 ci: 50 (-24.975, 0.1, 0)
Contact: bot region air ni: 5 ci: 51 (-24.975, 0.2, 0)
Contact: bot region air ni: 99 ci: 99 (-22.975, 0.1, 0)
Contact: bot region air ni: 100 ci: 100 (-22.975, 0.2, 0)
Contact: bot region air ni: 148 ci: 148 (-21.1451, 0.1, 0)
Contact: bot region air ni: 149 ci: 149 (-21.1451, 0.2, 0)
Contact: bot region air ni: 197 ci: 197 (-19.4709, 0.1, 0)
Contact: bot region air ni: 198 ci: 198 (-19.4709, 0.2, 0)
Contact: bot region air ni: 246 ci: 246 (-17.9391, 0.1, 0)
Contact: bot region air ni: 247 ci: 247 (-17.9391, 0.2, 0)
Contact: bot region air ni: 295 ci: 295 (-16.5375, 0.1, 0)
Contact: bot region air ni: 296 ci: 296 (-16.5375, 0.2, 0)
Contact: bot region air ni: 344 ci: 344 (-15.2552, 0.1, 0)
Contact: bot region air ni: 345 ci: 345 (-15.2552, 0.2, 0)
Contact: bot region air ni: 393 ci: 393 (-14.082, 0.1, 0)
Contact: bot region air ni: 394 ci: 394 (-14.082, 0.2, 0)
Contact: bot region air ni: 442 ci: 442 (-13.0086, 0.1, 0)
Contact: bot region air ni: 443 ci: 443 (-13.0086, 0.2, 0)
Contact: bot region air ni: 491 ci: 491 (-12.0264, 0.1, 0)
Contact: bot region air ni: 492 ci: 492 (-12.0264, 0.2, 0)
Contact: bot region air ni: 540 ci: 540 (-11.1278, 0.1, 0)
Contact: bot region air ni: 541 ci: 541 (-11.1278, 0.2, 0)
Contact: bot region air ni: 589 ci: 589 (-10.3057, 0.1, 0)
Contact: bot region air ni: 590 ci: 590 (-10.3057, 0.2, 0)
Contact: bot region air ni: 638 ci: 638 (-9.55344, 0.1, 0)
Contact: bot region air ni: 639 ci: 639 (-9.55344, 0.2, 0)
Contact: bot region air ni: 687 ci: 687 (-8.8652, 0.1, 0)
Contact: bot region air ni: 688 ci: 688 (-8.8652, 0.2, 0)
Contact: bot region air ni: 736 ci: 736 (-8.2355, 0.1, 0)
Contact: bot region air ni: 737 ci: 737 (-8.2355, 0.2, 0)
Contact: bot region air ni: 785 ci: 785 (-7.65936, 0.1, 0)
Contact: bot region air ni: 786 ci: 786 (-7.65936, 0.2, 0)
Contact: bot region air ni: 834 ci: 834 (-7.13223, 0.1, 0)
Contact: bot region air ni: 835 ci: 835 (-7.13223, 0.2, 0)
Contact: bot region air ni: 883 ci: 883 (-6.64993, 0.1, 0)
Contact: bot region air ni: 884 ci: 884 (-6.64993, 0.2, 0)
Contact: bot region air ni: 932 ci: 932 (-6.20866, 0.1, 0)
Contact: bot region air ni: 933 ci: 933 (-6.20866, 0.2, 0)
Contact: bot region air ni: 981 ci: 981 (-5.80493, 0.1, 0)
Contact: bot region air ni: 982 ci: 982 (-5.80493, 0.2, 0)
Contact: bot region air ni: 1030 ci: 1030 (-5.43553, 0.1, 0)
Contact: bot region air ni: 1031 ci: 1031 (-5.43553, 0.2, 0)
Contact: bot region air ni: 1079 ci: 1079 (-5.09756, 0.1, 0)
Contact: bot region air ni: 1080 ci: 1080 (-5.09756, 0.2, 0)
Contact: bot region air ni: 1128 ci: 1128 (-4.78833, 0.1, 0)
Contact: bot region air ni: 1129 ci: 1129 (-4.78833, 0.2, 0)
Contact: bot region air ni: 1177 ci: 1177 (-4.50541, 0.1, 0)
Contact: bot region air ni: 1178 ci: 1178 (-4.50541, 0.2, 0)
Contact: bot region air ni: 1226 ci: 1226 (-4.24655, 0.1, 0)
Contact: bot region air ni: 1227 ci: 1227 (-4.24655, 0.2, 0)
Contact: bot region air ni: 1275 ci: 1275 (-4.00972, 0.1, 0)
Contact: bot region air ni: 1276 ci: 1276 (-4.00972, 0.2, 0)
Contact: bot region air ni: 1324 ci: 1324 (-3.79302, 0.1, 0)
Contact: bot region air ni: 1325 ci: 1325 (-3.79302, 0.2, 0)
Contact: bot region air ni: 1373 ci: 1373 (-3.59476, 0.1, 0)
Contact: bot region air ni: 1374 ci: 1374 (-3.59476, 0.2, 0)
Contact: bot region air ni: 1422 ci: 1422 (-3.41336, 0.1, 0)
Contact: bot region air ni: 1423 ci: 1423 (-3.41336, 0.2, 0)
Contact: bot region air ni: 1471 ci: 1471 (-3.2474, 0.1, 0)
Contact: bot region air ni: 1472 ci: 1472 (-3.2474, 0.2, 0)
Contact: bot region air ni: 1520 ci: 1520 (-3.09555, 0.1, 0)
Contact: bot region air ni: 1521 ci: 1521 (-3.09555, 0.2, 0)
Contact: bot region air ni: 1569 ci: 1569 (-2.95661, 0.1, 0)
Contact: bot region air ni: 1570 ci: 1570 (-2.95661, 0.2, 0)
Contact: bot region air ni: 1618 ci: 1618 (-2.82949, 0.1, 0)
Contact: bot region air ni: 1619 ci: 1619 (-2.82949, 0.2, 0)
Contact: bot region air ni: 1667 ci: 1667 (-2.71319, 0.1, 0)
Contact: bot region air ni: 1668 ci: 1668 (-2.71319, 0.2, 0)
Contact: bot region air ni: 1716 ci: 1716 (-2.60678, 0.1, 0)
Contact: bot region air ni: 1717 ci: 1717 (-2.60678, 0.2, 0)
Contact: bot region air ni: 1765 ci: 1765 (-2.50942, 0.1, 0)
Contact: bot region air ni: 1766 ci: 1766 (-2.50942, 0.2, 0)
Contact: bot region air ni: 1814 ci: 1814 (-2.42034, 0.1, 0)
Contact: bot region air ni: 1815 ci: 1815 (-2.42034, 0.2, 0)
Contact: bot region air ni: 1863 ci: 1863 (-2.33884, 0.1, 0)
Contact: bot region air ni: 1864 ci: 1864 (-2.33884, 0.2, 0)
Contact: bot region air ni: 1912 ci: 1912 (-2.26427, 0.1, 0)
Contact: bot region air ni: 1913 ci: 1913 (-2.26427, 0.2, 0)
Contact: bot region air ni: 1961 ci: 1961 (-2.19605, 0.1, 0)
Contact: bot region air ni: 1962 ci: 1962 (-2.19605, 0.2, 0)
Contact: bot region air ni: 2010 ci: 2010 (-2.13362, 0.1, 0)
Contact: bot region air ni: 2011 ci: 2011 (-2.13362, 0.2, 0)
Contact: bot region air ni: 2059 ci: 2059 (-2.07651, 0.1, 0)
Contact: bot region air ni: 2060 ci: 2060 (-2.07651, 0.2, 0)
Contact: bot region air ni: 2108 ci: 2108 (-2.02426, 0.1, 0)
Contact: bot region air ni: 2109 ci: 2109 (-2.02426, 0.2, 0)
Contact: bot region air ni: 2157 ci: 2157 (-2, 0.1, 0)
Contact: bot region air ni: 2158 ci: 2158 (-2, 0.2, 0)
Contact: top region air ni: 2164 ci: 2164 (-2, 0.8, 0)
Contact: top region air ni: 2165 ci: 2165 (-2, 0.9, 0)
Contact: bot region air ni: 2206 ci: 2206 (-1.95, 0.1, 0)
Contact: bot region air ni: 2207 ci: 2207 (-1.95, 0.2, 0)
Contact: top region air ni: 2213 ci: 2213 (-1.95, 0.8, 0)
Contact: top region air ni: 2214 ci: 2214 (-1.95, 0.9, 0)
Contact: bot region air ni: 2255 ci: 2255 (-1.9, 0.1, 0)
Contact: bot region air ni: 2256 ci: 2256 (-1.9, 0.2, 0)
Contact: top region air ni: 2262 ci: 2262 (-1.9, 0.8, 0)
Contact: top region air ni: 2263 ci: 2263 (-1.9, 0.9, 0)
Contact: bot region air ni: 2304 ci: 2304 (-1.85, 0.1, 0)
Contact: bot region air ni: 2305 ci: 2305 (-1.85, 0.2, 0)
Contact: top region air ni: 2311 ci: 2311 (-1.85, 0.8, 0)
Contact: top region air ni: 2312 ci: 2312 (-1.85, 0.9, 0)
Contact: bot region air ni: 2353 ci: 2353 (-1.8, 0.1, 0)
Contact: bot region air ni: 2354 ci: 2354 (-1.8, 0.2, 0)
Contact: top region air ni: 2360 ci: 2360 (-1.8, 0.8, 0)
Contact: top region air ni: 2361 ci: 2361 (-1.8, 0.9, 0)
Contact: bot region air ni: 2402 ci: 2402 (-1.75, 0.1, 0)
Contact: bot region air ni: 2403 ci: 2403 (-1.75, 0.2, 0)
Contact: top region air ni: 2409 ci: 2409 (-1.75, 0.8, 0)
Contact: top region air ni: 2410 ci: 2410 (-1.75, 0.9, 0)
Contact: bot region air ni: 2451 ci: 2451 (-1.7, 0.1, 0)
Contact: bot region air ni: 2452 ci: 2452 (-1.7, 0.2, 0)
Contact: top region air ni: 2458 ci: 2458 (-1.7, 0.8, 0)
Contact: top region air ni: 2459 ci: 2459 (-1.7, 0.9, 0)
Contact: bot region air ni: 2500 ci: 2500 (-1.65, 0.1, 0)
Contact: bot region air ni: 2501 ci: 2501 (-1.65, 0.2, 0)
Contact: top region air ni: 2507 ci: 2507 (-1.65, 0.8, 0)
Contact: top region air ni: 2508 ci: 2508 (-1.65, 0.9, 0)
Contact: bot region air ni: 2549 ci: 2549 (-1.6, 0.1, 0)
Contact: bot region air ni: 2550 ci: 2550 (-1.6, 0.2, 0)
Contact: top region air ni: 2556 ci: 2556 (-1.6, 0.8, 0)
Contact: top region air ni: 2557 ci: 2557 (-1.6, 0.9, 0)
Contact: bot region air ni: 2598 ci: 2598 (-1.55, 0.1, 0)
Contact: bot region air ni: 2599 ci: 2599 (-1.55, 0.2, 0)
Contact: top region air ni: 2605 ci: 2605 (-1.55, 0.8, 0)
Contact: top region air ni: 2606 ci: 2606 (-1.55, 0.9, 0)
Contact: bot region air ni: 2647 ci: 2647 (-1.5, 0.1, 0)
Contact: bot region air ni: 2648 ci: 2648 (-1.5, 0.2, 0)
Contact: top region air ni: 2654 ci: 2654 (-1.5, 0.8, 0)
Contact: top region air ni: 2655 ci: 2655 (-1.5, 0.9, 0)
Contact: bot region air ni: 2696 ci: 2696 (-1.45, 0.1, 0)
Contact: bot region air ni: 2697 ci: 2697 (-1.45, 0.2, 0)
Contact: top region air ni: 2703 ci: 2703 (-1.45, 0.8, 0)
Contact: top region air ni: 2704 ci: 2704 (-1.45, 0.9, 0)
Contact: bot region air ni: 2745 ci: 2745 (-1.4, 0.1, 0)
Contact: bot region air ni: 2746 ci: 2746 (-1.4, 0.2, 0)
Contact: top region air ni: 2752 ci: 2752 (-1.4, 0.8, 0)
Contact: top region air ni: 2753 ci: 2753 (-1.4, 0.9, 0)
Contact: bot region air ni: 2794 ci: 2794 (-1.35, 0.1, 0)
Contact: bot region air ni: 2795 ci: 2795 (-1.35, 0.2, 0)
Contact: top region air ni: 2801 ci: 2801 (-1.35, 0.8, 0)
Contact: top region air ni: 2802 ci: 2802 (-1.35, 0.9, 0)
Contact: bot region air ni: 2843 ci: 2843 (-1.3, 0.1, 0)
Contact: bot region air ni: 2844 ci: 2844 (-1.3, 0.2, 0)
Contact: top region air ni: 2850 ci: 2850 (-1.3, 0.8, 0)
Contact: top region air ni: 2851 ci: 2851 (-1.3, 0.9, 0)
Contact: bot region air ni: 2892 ci: 2892 (-1.25, 0.1, 0)
Contact: bot region air ni: 2893 ci: 2893 (-1.25, 0.2, 0)
Contact: top region air ni: 2899 ci: 2899 (-1.25, 0.8, 0)
Contact: top region air ni: 2900 ci: 2900 (-1.25, 0.9, 0)
Contact: bot region air ni: 2941 ci: 2941 (-1.2, 0.1, 0)
Contact: bot region air ni: 2942 ci: 2942 (-1.2, 0.2, 0)
Contact: top region air ni: 2948 ci: 2948 (-1.2, 0.8, 0)
Contact: top region air ni: 2949 ci: 2949 (-1.2, 0.9, 0)
Contact: bot region air ni: 2990 ci: 2990 (-1.15, 0.1, 0)
Contact: bot region air ni: 2991 ci: 2991 (-1.15, 0.2, 0)
Contact: top region air ni: 2997 ci: 2997 (-1.15, 0.8, 0)
Contact: top region air ni: 2998 ci: 2998 (-1.15, 0.9, 0)
Contact: bot region air ni: 3039 ci: 3039 (-1.1, 0.1, 0)
Contact: bot region air ni: 3040 ci: 3040 (-1.1, 0.2, 0)
Contact: top region air ni: 3046 ci: 3046 (-1.1, 0.8, 0)
Contact: top region air ni: 3047 ci: 3047 (-1.1, 0.9, 0)
Contact: bot region air ni: 3088 ci: 3088 (-1.05, 0.1, 0)
Contact: bot region air ni: 3089 ci: 3089 (-1.05, 0.2, 0)
Contact: top region air ni: 3095 ci: 3095 (-1.05, 0.8, 0)
Contact: top region air ni: 3096 ci: 3096 (-1.05, 0.9, 0)
Contact: bot region air ni: 3137 ci: 3137 (-1, 0.1, 0)
Contact: bot region air ni: 3138 ci: 3138 (-1, 0.2, 0)
Contact: top region air ni: 3144 ci: 3144 (-1, 0.8, 0)
Contact: top region air ni: 3145 ci: 3145 (-1, 0.9, 0)
Contact: bot region air ni: 3186 ci: 3186 (-0.95, 0.1, 0)
Contact: bot region air ni: 3187 ci: 3187 (-0.95, 0.2, 0)
Contact: top region air ni: 3193 ci: 3193 (-0.95, 0.8, 0)
Contact: top region air ni: 3194 ci: 3194 (-0.95, 0.9, 0)
Contact: bot region air ni: 3235 ci: 3235 (-0.9, 0.1, 0)
Contact: bot region air ni: 3236 ci: 3236 (-0.9, 0.2, 0)
Contact: top region air ni: 3242 ci: 3242 (-0.9, 0.8, 0)
Contact: top region air ni: 3243 ci: 3243 (-0.9, 0.9, 0)
Contact: bot region air ni: 3284 ci: 3284 (-0.85, 0.1, 0)
Contact: bot region air ni: 3285 ci: 3285 (-0.85, 0.2, 0)
Contact: top region air ni: 3291 ci: 3291 (-0.85, 0.8, 0)
Contact: top region air ni: 3292 ci: 3292 (-0.85, 0.9, 0)
Contact: bot region air ni: 3333 ci: 3333 (-0.8, 0.1, 0)
Contact: bot region air ni: 3334 ci: 3334 (-0.8, 0.2, 0)
Contact: top region air ni: 3340 ci: 3340 (-0.8, 0.8, 0)
Contact: top region air ni: 3341 ci: 3341 (-0.8, 0.9, 0)
Contact: bot region air ni: 3382 ci: 3382 (-0.75, 0.1, 0)
Contact: bot region air ni: 3383 ci: 3383 (-0.75, 0.2, 0)
Contact: top region air ni: 3389 ci: 3389 (-0.75, 0.8, 0)
Contact: top region air ni: 3390 ci: 3390 (-0.75, 0.9, 0)
Contact: bot region air ni: 3431 ci: 3431 (-0.7, 0.1, 0)
Contact: bot region air ni: 3432 ci: 3432 (-0.7, 0.2, 0)
Contact: top region air ni: 3438 ci: 3438 (-0.7, 0.8, 0)
Contact: top region air ni: 3439 ci: 3439 (-0.7, 0.9, 0)
Contact: bot region air ni: 3480 ci: 3480 (-0.65, 0.1, 0)
Contact: bot region air ni: 3481 ci: 3481 (-0.65, 0.2, 0)
Contact: top region air ni: 3487 ci: 3487 (-0.65, 0.8, 0)
Contact: top region air ni: 3488 ci: 3488 (-0.65, 0.9, 0)
Contact: bot region air ni: 3529 ci: 3529 (-0.6, 0.1, 0)
Contact: bot region air ni: 3530 ci: 3530 (-0.6, 0.2, 0)
Contact: top region air ni: 3536 ci: 3536 (-0.6, 0.8, 0)
Contact: top region air ni: 3537 ci: 3537 (-0.6, 0.9, 0)
Contact: bot region air ni: 3578 ci: 3578 (-0.55, 0.1, 0)
Contact: bot region air ni: 3579 ci: 3579 (-0.55, 0.2, 0)
Contact: top region air ni: 3585 ci: 3585 (-0.55, 0.8, 0)
Contact: top region air ni: 3586 ci: 3586 (-0.55, 0.9, 0)
Contact: bot region air ni: 3627 ci: 3627 (-0.5, 0.1, 0)
Contact: bot region air ni: 3628 ci: 3628 (-0.5, 0.2, 0)
Contact: top region air ni: 3634 ci: 3634 (-0.5, 0.8, 0)
Contact: top region air ni: 3635 ci: 3635 (-0.5, 0.9, 0)
Contact: bot region air ni: 3676 ci: 3676 (-0.45, 0.1, 0)
Contact: bot region air ni: 3677 ci: 3677 (-0.45, 0.2, 0)
Contact: top region air ni: 3683 ci: 3683 (-0.45, 0.8, 0)
Contact: top region air ni: 3684 ci: 3684 (-0.45, 0.9, 0)
Contact: bot region air ni: 3725 ci: 3725 (-0.4, 0.1, 0)
Contact: bot region air ni: 3726 ci: 3726 (-0.4, 0.2, 0)
Contact: top region air ni: 3732 ci: 3732 (-0.4, 0.8, 0)
Contact: top region air ni: 3733 ci: 3733 (-0.4, 0.9, 0)
Contact: bot region air ni: 3774 ci: 3774 (-0.35, 0.1, 0)
Contact: bot region air ni: 3775 ci: 3775 (-0.35, 0.2, 0)
Contact: top region air ni: 3781 ci: 3781 (-0.35, 0.8, 0)
Contact: top region air ni: 3782 ci: 3782 (-0.35, 0.9, 0)
Contact: bot region air ni: 3823 ci: 3823 (-0.3, 0.1, 0)
Contact: bot region air ni: 3824 ci: 3824 (-0.3, 0.2, 0)
Contact: top region air ni: 3830 ci: 3830 (-0.3, 0.8, 0)
Contact: top region air ni: 3831 ci: 3831 (-0.3, 0.9, 0)
Contact: bot region air ni: 3872 ci: 3872 (-0.25, 0.1, 0)
Contact: bot region air ni: 3873 ci: 3873 (-0.25, 0.2, 0)
Contact: top region air ni: 3879 ci: 3879 (-0.25, 0.8, 0)
Contact: top region air ni: 3880 ci: 3880 (-0.25, 0.9, 0)
Contact: bot region air ni: 3921 ci: 3921 (-0.2, 0.1, 0)
Contact: bot region air ni: 3922 ci: 3922 (-0.2, 0.2, 0)
Contact: top region air ni: 3928 ci: 3928 (-0.2, 0.8, 0)
Contact: top region air ni: 3929 ci: 3929 (-0.2, 0.9, 0)
Contact: bot region air ni: 3970 ci: 3970 (-0.15, 0.1, 0)
Contact: bot region air ni: 3971 ci: 3971 (-0.15, 0.2, 0)
Contact: top region air ni: 3977 ci: 3977 (-0.15, 0.8, 0)
Contact: top region air ni: 3978 ci: 3978 (-0.15, 0.9, 0)
Contact: bot region air ni: 4019 ci: 4019 (-0.1, 0.1, 0)
Contact: bot region air ni: 4020 ci: 4020 (-0.1, 0.2, 0)
Contact: top region air ni: 4026 ci: 4026 (-0.1, 0.8, 0)
Contact: top region air ni: 4027 ci: 4027 (-0.1, 0.9, 0)
Contact: bot region air ni: 4068 ci: 4068 (-0.05, 0.1, 0)
Contact: bot region air ni: 4069 ci: 4069 (-0.05, 0.2, 0)
Contact: top region air ni: 4075 ci: 4075 (-0.05, 0.8, 0)
Contact: top region air ni: 4076 ci: 4076 (-0.05, 0.9, 0)
Contact: bot region air ni: 4117 ci: 4117 (1.20737e-15, 0.1, 0)
Contact: bot region air ni: 4118 ci: 4118 (1.20737e-15, 0.2, 0)
Contact: top region air ni: 4124 ci: 4124 (1.20737e-15, 0.8, 0)
Contact: top region air ni: 4125 ci: 4125 (1.20737e-15, 0.9, 0)
Contact: bot region air ni: 4166 ci: 4166 (0.05, 0.1, 0)
Contact: bot region air ni: 4167 ci: 4167 (0.05, 0.2, 0)
Contact: top region air ni: 4173 ci: 4173 (0.05, 0.8, 0)
Contact: top region air ni: 4174 ci: 4174 (0.05, 0.9, 0)
Contact: bot region air ni: 4215 ci: 4215 (0.1, 0.1, 0)
Contact: bot region air ni: 4216 ci: 4216 (0.1, 0.2, 0)
Contact: top region air ni: 4222 ci: 4222 (0.1, 0.8, 0)
Contact: top region air ni: 4223 ci: 4223 (0.1, 0.9, 0)
Contact: bot region air ni: 4264 ci: 4264 (0.15, 0.1, 0)
Contact: bot region air ni: 4265 ci: 4265 (0.15, 0.2, 0)
Contact: top region air ni: 4271 ci: 4271 (0.15, 0.8, 0)
Contact: top region air ni: 4272 ci: 4272 (0.15, 0.9, 0)
Contact: bot region air ni: 4313 ci: 4313 (0.2, 0.1, 0)
Contact: bot region air ni: 4314 ci: 4314 (0.2, 0.2, 0)
Contact: top region air ni: 4320 ci: 4320 (0.2, 0.8, 0)
Contact: top region air ni: 4321 ci: 4321 (0.2, 0.9, 0)
Contact: bot region air ni: 4362 ci: 4362 (0.25, 0.1, 0)
Contact: bot region air ni: 4363 ci: 4363 (0.25, 0.2, 0)
Contact: top region air ni: 4369 ci: 4369 (0.25, 0.8, 0)
Contact: top region air ni: 4370 ci: 4370 (0.25, 0.9, 0)
Contact: bot region air ni: 4411 ci: 4411 (0.3, 0.1, 0)
Contact: bot region air ni: 4412 ci: 4412 (0.3, 0.2, 0)
Contact: top region air ni: 4418 ci: 4418 (0.3, 0.8, 0)
Contact: top region air ni: 4419 ci: 4419 (0.3, 0.9, 0)
Contact: bot region air ni: 4460 ci: 4460 (0.35, 0.1, 0)
Contact: bot region air ni: 4461 ci: 4461 (0.35, 0.2, 0)
Contact: top region air ni: 4467 ci: 4467 (0.35, 0.8, 0)
Contact: top region air ni: 4468 ci: 4468 (0.35, 0.9, 0)
Contact: bot region air ni: 4509 ci: 4509 (0.4, 0.1, 0)
Contact: bot region air ni: 4510 ci: 4510 (0.4, 0.2, 0)
Contact: top region air ni: 4516 ci: 4516 (0.4, 0.8, 0)
Contact: top region air ni: 4517 ci: 4517 (0.4, 0.9, 0)
Contact: bot region air ni: 4558 ci: 4558 (0.45, 0.1, 0)
Contact: bot region air ni: 4559 ci: 4559 (0.45, 0.2, 0)
Contact: top region air ni: 4565 ci: 4565 (0.45, 0.8, 0)
Contact: top region air ni: 4566 ci: 4566 (0.45, 0.9, 0)
Contact: bot region air ni: 4607 ci: 4607 (0.5, 0.1, 0)
Contact: bot region air ni: 4608 ci: 4608 (0.5, 0.2, 0)
Contact: top region air ni: 4614 ci: 4614 (0.5, 0.8, 0)
Contact: top region air ni: 4615 ci: 4615 (0.5, 0.9, 0)
Contact: bot region air ni: 4656 ci: 4656 (0.55, 0.1, 0)
Contact: bot region air ni: 4657 ci: 4657 (0.55, 0.2, 0)
Contact: top region air ni: 4663 ci: 4663 (0.55, 0.8, 0)
Contact: top region air ni: 4664 ci: 4664 (0.55, 0.9, 0)
Contact: bot region air ni: 4705 ci: 4705 (0.6, 0.1, 0)
Contact: bot region air ni: 4706 ci: 4706 (0.6, 0.2, 0)
Contact: top region air ni: 4712 ci: 4712 (0.6, 0.8, 0)
Contact: top region air ni: 4713 ci: 4713 (0.6, 0.9, 0)
Contact: bot region air ni: 4754 ci: 4754 (0.65, 0.1, 0)
Contact: bot region air ni: 4755 ci: 4755 (0.65, 0.2, 0)
Contact: top region air ni: 4761 ci: 4761 (0.65, 0.8, 0)
Contact: top region air ni: 4762 ci: 4762 (0.65, 0.9, 0)
Contact: bot region air ni: 4803 ci: 4803 (0.7, 0.1, 0)
Contact: bot region air ni: 4804 ci: 4804 (0.7, 0.2, 0)
Contact: top region air ni: 4810 ci: 4810 (0.7, 0.8, 0)
Contact: top region air ni: 4811 ci: 4811 (0.7, 0.9, 0)
Contact: bot region air ni: 4852 ci: 4852 (0.75, 0.1, 0)
Contact: bot region air ni: 4853 ci: 4853 (0.75, 0.2, 0)
Contact: top region air ni: 4859 ci: 4859 (0.75, 0.8, 0)
Contact: top region air ni: 4860 ci: 4860 (0.75, 0.9, 0)
Contact: bot region air ni: 4901 ci: 4901 (0.8, 0.1, 0)
Contact: bot region air ni: 4902 ci: 4902 (0.8, 0.2, 0)
Contact: top region air ni: 4908 ci: 4908 (0.8, 0.8, 0)
Contact: top region air ni: 4909 ci: 4909 (0.8, 0.9, 0)
Contact: bot region air ni: 4950 ci: 4950 (0.85, 0.1, 0)
Contact: bot region air ni: 4951 ci: 4951 (0.85, 0.2, 0)
Contact: top region air ni: 4957 ci: 4957 (0.85, 0.8, 0)
Contact: top region air ni: 4958 ci: 4958 (0.85, 0.9, 0)
Contact: bot region air ni: 4999 ci: 4999 (0.9, 0.1, 0)
Contact: bot region air ni: 5000 ci: 5000 (0.9, 0.2, 0)
Contact: top region air ni: 5006 ci: 5006 (0.9, 0.8, 0)
Contact: top region air ni: 5007 ci: 5007 (0.9, 0.9, 0)
Contact: bot region air ni: 5048 ci: 5048 (0.95, 0.1, 0)
Contact: bot region air ni: 5049 ci: 5049 (0.95, 0.2, 0)
Contact: top region air ni: 5055 ci: 5055 (0.95, 0.8, 0)
Contact: top region air ni: 5056 ci: 5056 (0.95, 0.9, 0)
Contact: bot region air ni: 5097 ci: 5097 (1, 0.1, 0)
Contact: bot region air ni: 5098 ci: 5098 (1, 0.2, 0)
Contact: top region air ni: 5104 ci: 5104 (1, 0.8, 0)
Contact: top region air ni: 5105 ci: 5105 (1, 0.9, 0)
Contact: bot region air ni: 5146 ci: 5146 (1.05, 0.1, 0)
Contact: bot region air ni: 5147 ci: 5147 (1.05, 0.2, 0)
Contact: top region air ni: 5153 ci: 5153 (1.05, 0.8, 0)
Contact: top region air ni: 5154 ci: 5154 (1.05, 0.9, 0)
Contact: bot region air ni: 5195 ci: 5195 (1.1, 0.1, 0)
Contact: bot region air ni: 5196 ci: 5196 (1.1, 0.2, 0)
Contact: top region air ni: 5202 ci: 5202 (1.1, 0.8, 0)
Contact: top region air ni: 5203 ci: 5203 (1.1, 0.9, 0)
Contact: bot region air ni: 5244 ci: 5244 (1.15, 0.1, 0)
Contact: bot region air ni: 5245 ci: 5245 (1.15, 0.2, 0)
Contact: top region air ni: 5251 ci: 5251 (1.15, 0.8, 0)
Contact: top region air ni: 5252 ci: 5252 (1.15, 0.9, 0)
Contact: bot region air ni: 5293 ci: 5293 (1.2, 0.1, 0)
Contact: bot region air ni: 5294 ci: 5294 (1.2, 0.2, 0)
Contact: top region air ni: 5300 ci: 5300 (1.2, 0.8, 0)
Contact: top region air ni: 5301 ci: 5301 (1.2, 0.9, 0)
Contact: bot region air ni: 5342 ci: 5342 (1.25, 0.1, 0)
Contact: bot region air ni: 5343 ci: 5343 (1.25, 0.2, 0)
Contact: top region air ni: 5349 ci: 5349 (1.25, 0.8, 0)
Contact: top region air ni: 5350 ci: 5350 (1.25, 0.9, 0)
Contact: bot region air ni: 5391 ci: 5391 (1.3, 0.1, 0)
Contact: bot region air ni: 5392 ci: 5392 (1.3, 0.2, 0)
Contact: top region air ni: 5398 ci: 5398 (1.3, 0.8, 0)
Contact: top region air ni: 5399 ci: 5399 (1.3, 0.9, 0)
Contact: bot region air ni: 5440 ci: 5440 (1.35, 0.1, 0)
Contact: bot region air ni: 5441 ci: 5441 (1.35, 0.2, 0)
Contact: top region air ni: 5447 ci: 5447 (1.35, 0.8, 0)
Contact: top region air ni: 5448 ci: 5448 (1.35, 0.9, 0)
Contact: bot region air ni: 5489 ci: 5489 (1.4, 0.1, 0)
Contact: bot region air ni: 5490 ci: 5490 (1.4, 0.2, 0)
Contact: top region air ni: 5496 ci: 5496 (1.4, 0.8, 0)
Contact: top region air ni: 5497 ci: 5497 (1.4, 0.9, 0)
Contact: bot region air ni: 5538 ci: 5538 (1.45, 0.1, 0)
Contact: bot region air ni: 5539 ci: 5539 (1.45, 0.2, 0)
Contact: top region air ni: 5545 ci: 5545 (1.45, 0.8, 0)
Contact: top region air ni: 5546 ci: 5546 (1.45, 0.9, 0)
Contact: bot region air ni: 5587 ci: 5587 (1.5, 0.1, 0)
Contact: bot region air ni: 5588 ci: 5588 (1.5, 0.2, 0)
Contact: top region air ni: 5594 ci: 5594 (1.5, 0.8, 0)
Contact: top region air ni: 5595 ci: 5595 (1.5, 0.9, 0)
Contact: bot region air ni: 5636 ci: 5636 (1.55, 0.1, 0)
Contact: bot region air ni: 5637 ci: 5637 (1.55, 0.2, 0)
Contact: top region air ni: 5643 ci: 5643 (1.55, 0.8, 0)
Contact: top region air ni: 5644 ci: 5644 (1.55, 0.9, 0)
Contact: bot region air ni: 5685 ci: 5685 (1.6, 0.1, 0)
Contact: bot region air ni: 5686 ci: 5686 (1.6, 0.2, 0)
Contact: top region air ni: 5692 ci: 5692 (1.6, 0.8, 0)
Contact: top region air ni: 5693 ci: 5693 (1.6, 0.9, 0)
Contact: bot region air ni: 5734 ci: 5734 (1.65, 0.1, 0)
Contact: bot region air ni: 5735 ci: 5735 (1.65, 0.2, 0)
Contact: top region air ni: 5741 ci: 5741 (1.65, 0.8, 0)
Contact: top region air ni: 5742 ci: 5742 (1.65, 0.9, 0)
Contact: bot region air ni: 5783 ci: 5783 (1.7, 0.1, 0)
Contact: bot region air ni: 5784 ci: 5784 (1.7, 0.2, 0)
Contact: top region air ni: 5790 ci: 5790 (1.7, 0.8, 0)
Contact: top region air ni: 5791 ci: 5791 (1.7, 0.9, 0)
Contact: bot region air ni: 5832 ci: 5832 (1.75, 0.1, 0)
Contact: bot region air ni: 5833 ci: 5833 (1.75, 0.2, 0)
Contact: top region air ni: 5839 ci: 5839 (1.75, 0.8, 0)
Contact: top region air ni: 5840 ci: 5840 (1.75, 0.9, 0)
Contact: bot region air ni: 5881 ci: 5881 (1.8, 0.1, 0)
Contact: bot region air ni: 5882 ci: 5882 (1.8, 0.2, 0)
Contact: top region air ni: 5888 ci: 5888 (1.8, 0.8, 0)
Contact: top region air ni: 5889 ci: 5889 (1.8, 0.9, 0)
Contact: bot region air ni: 5930 ci: 5930 (1.85, 0.1, 0)
Contact: bot region air ni: 5931 ci: 5931 (1.85, 0.2, 0)
Contact: top region air ni: 5937 ci: 5937 (1.85, 0.8, 0)
Contact: top region air ni: 5938 ci: 5938 (1.85, 0.9, 0)
Contact: bot region air ni: 5979 ci: 5979 (1.9, 0.1, 0)
Contact: bot region air ni: 5980 ci: 5980 (1.9, 0.2, 0)
Contact: top region air ni: 5986 ci: 5986 (1.9, 0.8, 0)
Contact: top region air ni: 5987 ci: 5987 (1.9, 0.9, 0)
Contact: bot region air ni: 6028 ci: 6028 (1.95, 0.1, 0)
Contact: bot region air ni: 6029 ci: 6029 (1.95, 0.2, 0)
Contact: top region air ni: 6035 ci: 6035 (1.95, 0.8, 0)
Contact: top region air ni: 6036 ci: 6036 (1.95, 0.9, 0)
Contact: bot region air ni: 6077 ci: 6077 (2, 0.1, 0)
Contact: bot region air ni: 6078 ci: 6078 (2, 0.2, 0)
Contact: top region air ni: 6084 ci: 6084 (2, 0.8, 0)
Contact: top region air ni: 6085 ci: 6085 (2, 0.9, 0)
Contact: bot region air ni: 6126 ci: 6126 (2.05, 0.1, 0)
Contact: bot region air ni: 6127 ci: 6127 (2.05, 0.2, 0)
Contact: bot region air ni: 6175 ci: 6175 (2.10465, 0.1, 0)
Contact: bot region air ni: 6176 ci: 6176 (2.10465, 0.2, 0)
Contact: bot region air ni: 6224 ci: 6224 (2.16438, 0.1, 0)
Contact: bot region air ni: 6225 ci: 6225 (2.16438, 0.2, 0)
Contact: bot region air ni: 6273 ci: 6273 (2.22966, 0.1, 0)
Contact: bot region air ni: 6274 ci: 6274 (2.22966, 0.2, 0)
Contact: bot region air ni: 6322 ci: 6322 (2.30101, 0.1, 0)
Contact: bot region air ni: 6323 ci: 6323 (2.30101, 0.2, 0)
Contact: bot region air ni: 6371 ci: 6371 (2.37899, 0.1, 0)
Contact: bot region air ni: 6372 ci: 6372 (2.37899, 0.2, 0)
Contact: bot region air ni: 6420 ci: 6420 (2.46423, 0.1, 0)
Contact: bot region air ni: 6421 ci: 6421 (2.46423, 0.2, 0)
Contact: bot region air ni: 6469 ci: 6469 (2.55739, 0.1, 0)
Contact: bot region air ni: 6470 ci: 6470 (2.55739, 0.2, 0)
Contact: bot region air ni: 6518 ci: 6518 (2.65921, 0.1, 0)
Contact: bot region air ni: 6519 ci: 6519 (2.65921, 0.2, 0)
Contact: bot region air ni: 6567 ci: 6567 (2.77049, 0.1, 0)
Contact: bot region air ni: 6568 ci: 6568 (2.77049, 0.2, 0)
Contact: bot region air ni: 6616 ci: 6616 (2.89212, 0.1, 0)
Contact: bot region air ni: 6617 ci: 6617 (2.89212, 0.2, 0)
Contact: bot region air ni: 6665 ci: 6665 (3.02506, 0.1, 0)
Contact: bot region air ni: 6666 ci: 6666 (3.02506, 0.2, 0)
Contact: bot region air ni: 6714 ci: 6714 (3.17036, 0.1, 0)
Contact: bot region air ni: 6715 ci: 6715 (3.17036, 0.2, 0)
Contact: bot region air ni: 6763 ci: 6763 (3.32916, 0.1, 0)
Contact: bot region air ni: 6764 ci: 6764 (3.32916, 0.2, 0)
Contact: bot region air ni: 6812 ci: 6812 (3.50273, 0.1, 0)
Contact: bot region air ni: 6813 ci: 6813 (3.50273, 0.2, 0)
Contact: bot region air ni: 6861 ci: 6861 (3.69244, 0.1, 0)
Contact: bot region air ni: 6862 ci: 6862 (3.69244, 0.2, 0)
Contact: bot region air ni: 6910 ci: 6910 (3.89978, 0.1, 0)
Contact: bot region air ni: 6911 ci: 6911 (3.89978, 0.2, 0)
Contact: bot region air ni: 6959 ci: 6959 (4.1264, 0.1, 0)
Contact: bot region air ni: 6960 ci: 6960 (4.1264, 0.2, 0)
Contact: bot region air ni: 7008 ci: 7008 (4.37409, 0.1, 0)
Contact: bot region air ni: 7009 ci: 7009 (4.37409, 0.2, 0)
Contact: bot region air ni: 7057 ci: 7057 (4.6448, 0.1, 0)
Contact: bot region air ni: 7058 ci: 7058 (4.6448, 0.2, 0)
Contact: bot region air ni: 7106 ci: 7106 (4.94068, 0.1, 0)
Contact: bot region air ni: 7107 ci: 7107 (4.94068, 0.2, 0)
Contact: bot region air ni: 7155 ci: 7155 (5.26407, 0.1, 0)
Contact: bot region air ni: 7156 ci: 7156 (5.26407, 0.2, 0)
Contact: bot region air ni: 7204 ci: 7204 (5.61752, 0.1, 0)
Contact: bot region air ni: 7205 ci: 7205 (5.61752, 0.2, 0)
Contact: bot region air ni: 7253 ci: 7253 (6.00384, 0.1, 0)
Contact: bot region air ni: 7254 ci: 7254 (6.00384, 0.2, 0)
Contact: bot region air ni: 7302 ci: 7302 (6.42606, 0.1, 0)
Contact: bot region air ni: 7303 ci: 7303 (6.42606, 0.2, 0)
Contact: bot region air ni: 7351 ci: 7351 (6.88755, 0.1, 0)
Contact: bot region air ni: 7352 ci: 7352 (6.88755, 0.2, 0)
Contact: bot region air ni: 7400 ci: 7400 (7.39193, 0.1, 0)
Contact: bot region air ni: 7401 ci: 7401 (7.39193, 0.2, 0)
Contact: bot region air ni: 7449 ci: 7449 (7.94321, 0.1, 0)
Contact: bot region air ni: 7450 ci: 7450 (7.94321, 0.2, 0)
Contact: bot region air ni: 7498 ci: 7498 (8.54573, 0.1, 0)
Contact: bot region air ni: 7499 ci: 7499 (8.54573, 0.2, 0)
Contact: bot region air ni: 7547 ci: 7547 (9.20428, 0.1, 0)
Contact: bot region air ni: 7548 ci: 7548 (9.20428, 0.2, 0)
Contact: bot region air ni: 7596 ci: 7596 (9.92404, 0.1, 0)
Contact: bot region air ni: 7597 ci: 7597 (9.92404, 0.2, 0)
Contact: bot region air ni: 7645 ci: 7645 (10.7107, 0.1, 0)
Contact: bot region air ni: 7646 ci: 7646 (10.7107, 0.2, 0)
Contact: bot region air ni: 7694 ci: 7694 (11.5705, 0.1, 0)
Contact: bot region air ni: 7695 ci: 7695 (11.5705, 0.2, 0)
Contact: bot region air ni: 7743 ci: 7743 (12.5103, 0.1, 0)
Contact: bot region air ni: 7744 ci: 7744 (12.5103, 0.2, 0)
Contact: bot region air ni: 7792 ci: 7792 (13.5374, 0.1, 0)
Contact: bot region air ni: 7793 ci: 7793 (13.5374, 0.2, 0)
Contact: bot region air ni: 7841 ci: 7841 (14.66, 0.1, 0)
Contact: bot region air ni: 7842 ci: 7842 (14.66, 0.2, 0)
Contact: bot region air ni: 7890 ci: 7890 (15.887, 0.1, 0)
Contact: bot region air ni: 7891 ci: 7891 (15.887, 0.2, 0)
Contact: bot region air ni: 7939 ci: 7939 (17.228, 0.1, 0)
Contact: bot region air ni: 7940 ci: 7940 (17.228, 0.2, 0)
Contact: bot region air ni: 7988 ci: 7988 (18.6938, 0.1, 0)
Contact: bot region air ni: 7989 ci: 7989 (18.6938, 0.2, 0)
Contact: bot region air ni: 8037 ci: 8037 (20.2957, 0.1, 0)
Contact: bot region air ni: 8038 ci: 8038 (20.2957, 0.2, 0)
Contact: bot region air ni: 8086 ci: 8086 (22.0467, 0.1, 0)
Contact: bot region air ni: 8087 ci: 8087 (22.0467, 0.2, 0)
Contact: bot region air ni: 8135 ci: 8135 (23.9603, 0.1, 0)
Contact: bot region air ni: 8136 ci: 8136 (23.9603, 0.2, 0)
Contact: bot region air ni: 8184 ci: 8184 (24.975, 0.1, 0)
Contact: bot region air ni: 8185 ci: 8185 (24.975, 0.2, 0)
Adding 8281 nodes
Adding 23918 edges with 22990 duplicates removed
Adding 15636 triangles  with 0 duplicate removed
Adding 334 nodes
Adding 665 edges with 331 duplicates removed
Adding 332 triangles  with 0 duplicate removed
Adding 162 nodes
Adding 321 edges with 159 duplicates removed
Adding 160 triangles  with 0 duplicate removed
Contact bot in region air with 334 nodes
Contact top in region air with 162 nodes
Region "air" on device "MyDevice" has equations 0:8280
Region "m1" on device "MyDevice" has no equations.
Region "m2" on device "MyDevice" has no equations.
Device "MyDevice" has equations 0:8280
number of equations 8281
Iteration: 0
  Device: "MyDevice"	RelError: 1.00000e+00	AbsError: 1.00000e+00
    Region: "air"	RelError: 1.00000e+00	AbsError: 1.00000e+00
      Equation: "PotentialEquation"	RelError: 1.00000e+00	AbsError: 1.00000e+00
Iteration: 1
  Device: "MyDevice"	RelError: 1.14122e-12	AbsError: 1.66111e-13
    Region: "air"	RelError: 1.14122e-12	AbsError: 1.66111e-13
      Equation: "PotentialEquation"	RelError: 1.14122e-12	AbsError: 1.66111e-13
3.35017166004e-12
-3.35017166004e-12
